#                                                                                             --- full sequence --- -------------- this domain -------------   hmm coord   ali coord   env coord
# target name                         accession   tlen query name           accession   qlen   E-value  score  bias   #  of  c-Evalue  i-Evalue  score  bias  from    to  from    to  from    to  acc description of target
#                 ------------------- ---------- ----- -------------------- ---------- ----- --------- ------ ----- --- --- --------- --------- ------ ----- ----- ----- ----- ----- ----- ----- ---- ---------------------
NW_025965250.1_RagTag:114576-111795   -            363 11548at314147        -            550   2.7e-59  197.5   4.0   1   3   4.1e-29   5.6e-27   90.9   0.1   167   373     5   211     2   212 0.87 -
NW_025965250.1_RagTag:114576-111795   -            363 11548at314147        -            550   2.7e-59  197.5   4.0   2   3   5.6e-26   7.8e-24   80.5   0.2   396   503   194   303   193   306 0.94 -
NW_025965250.1_RagTag:114576-111795   -            363 11548at314147        -            550   2.7e-59  197.5   4.0   3   3   4.7e-14   6.5e-12   41.1   0.0   396   468   288   363   287   363 0.93 -
NW_025965074.1_RagTag:846883-844655   -            295 11548at314147        -            550   1.2e-51  172.3   3.5   1   2   2.1e-22   2.9e-20   68.7   0.2   254   390     1   140     1   144 0.90 -
NW_025965074.1_RagTag:846883-844655   -            295 11548at314147        -            550   1.2e-51  172.3   3.5   2   2   7.5e-33     1e-30  103.2   0.3   376   507   150   287   142   291 0.93 -
NW_025965191.1_RagTag:501978-500455   -            508 11548at314147        -            550   3.9e-38  127.7   0.0   1   3   2.5e-28   3.5e-26   88.3   0.0    15   275     5   272     2   290 0.83 -
NW_025965191.1_RagTag:501978-500455   -            508 11548at314147        -            550   3.9e-38  127.7   0.0   2   3     0.036       5.1    1.9   0.0   482   517   335   371   328   380 0.58 -
NW_025965191.1_RagTag:501978-500455   -            508 11548at314147        -            550   3.9e-38  127.7   0.0   3   3   9.1e-12   1.3e-09   33.6   0.3   429   519   388   481   378   495 0.81 -
NW_025965172.1_RagTag:365765-366925   -            387 11548at314147        -            550   1.5e-31  106.0   1.4   1   2   7.2e-29     1e-26   90.0   0.2    61   233    16   192     9   202 0.94 -
NW_025965172.1_RagTag:365765-366925   -            387 11548at314147        -            550   1.5e-31  106.0   1.4   2   2   3.8e-06   0.00053   15.0   0.1   415   495   274   368   260   386 0.76 -
NW_025965321.1_RagTag:1193121-1192426 -            232 11548at314147        -            550   1.1e-30  103.1   0.2   1   2   2.6e-22   3.6e-20   68.4   0.1   349   470     6   135     5   141 0.88 -
NW_025965321.1_RagTag:1193121-1192426 -            232 11548at314147        -            550   1.1e-30  103.1   0.2   2   2   6.5e-10   9.1e-08   27.5   0.0   296   375   148   225   138   230 0.88 -
NW_025965317.1_RagTag:3691843-3692553 -            237 11548at314147        -            550   3.3e-23   78.4   0.1   1   2   8.4e-08   1.2e-05   20.5   0.0   215   302     2    89     1   101 0.88 -
NW_025965317.1_RagTag:3691843-3692553 -            237 11548at314147        -            550   3.3e-23   78.4   0.1   2   2   1.1e-18   1.5e-16   56.5   0.1   394   513   101   228    86   232 0.81 -
NW_025965312.1_RagTag:1334365-1328700 -            355 11548at314147        -            550   1.1e-21   73.4   5.7   1   1   2.1e-22   2.9e-20   68.7   5.7   115   427     2   338     1   352 0.76 -
NW_025965028.1_RagTag:335459-336641   -            329 11548at314147        -            550   6.6e-14   47.7   0.2   1   1   6.5e-16     9e-14   47.3   0.2    17   126    18   126     9   146 0.89 -
NW_025965359.1_RagTag:192785-193660   -            292 11548at314147        -            550   5.8e-11   38.0   0.6   1   1   5.4e-13   7.5e-11   37.6   0.6    29   193   117   283   103   291 0.89 -
NW_025965281.1_RagTag:499506-497614   -            631 11548at314147        -            550   9.6e-11   37.3   0.2   1   1   1.1e-12   1.5e-10   36.6   0.2    15   118    15   119     6   128 0.92 -
#
# Program:         hmmsearch
# Version:         3.1b2 (February 2015)
# Pipeline mode:   SEARCH
# Query file:      /home/bgerda/guppy_SUP/busco_downloads/lineages/glires_odb10/hmms/11548at314147.hmm
# Target file:     /home/bgerda/guppy_SUP/busco_results_racon/run_glires_odb10/metaeuk_output/rerun_results/ragtag.scaffold.fasta.modified.fas
# Option settings: hmmsearch --domtblout /home/bgerda/guppy_SUP/busco_results_racon/run_glires_odb10/hmmer_output/rerun_results/11548at314147.out --cpu 1 /home/bgerda/guppy_SUP/busco_downloads/lineages/glires_odb10/hmms/11548at314147.hmm /home/bgerda/guppy_SUP/busco_results_racon/run_glires_odb10/metaeuk_output/rerun_results/ragtag.scaffold.fasta.modified.fas 
# Current dir:     /home/bgerda/guppy_SUP
# Date:            Sun May 21 17:29:55 2023
# [ok]
