#                                                                                             --- full sequence --- -------------- this domain -------------   hmm coord   ali coord   env coord
# target name                         accession   tlen query name           accession   qlen   E-value  score  bias   #  of  c-Evalue  i-Evalue  score  bias  from    to  from    to  from    to  acc description of target
#                 ------------------- ---------- ----- -------------------- ---------- ----- --------- ------ ----- --- --- --------- --------- ------ ----- ----- ----- ----- ----- ----- ----- ---- ---------------------
NW_025965287.1_RagTag:800819-799737   -            361 13603at314147        -            531   6.8e-27   90.3  14.2   1   3   5.1e-13   3.9e-11   38.3   0.1    31   166    30   166    10   171 0.92 -
NW_025965287.1_RagTag:800819-799737   -            361 13603at314147        -            531   6.8e-27   90.3  14.2   2   3   2.1e-06   0.00016   16.4   1.3   123   176   171   224   165   228 0.93 -
NW_025965287.1_RagTag:800819-799737   -            361 13603at314147        -            531   6.8e-27   90.3  14.2   3   3   1.7e-14   1.3e-12   43.2   3.2    55   177   222   345   220   352 0.92 -
NW_025965324.1_RagTag:3746709-3746149 -            187 13603at314147        -            531   6.1e-15   50.9   1.4   1   1     1e-16   7.8e-15   50.5   1.4    31   200    12   181     2   185 0.90 -
NW_025965324.1_RagTag:3129234-3106873 -            664 13603at314147        -            531   5.3e-14   47.8   5.1   1   5   7.6e-05    0.0059   11.3   0.0   240   315    11    84     3    98 0.77 -
NW_025965324.1_RagTag:3129234-3106873 -            664 13603at314147        -            531   5.3e-14   47.8   5.1   2   5      0.04       3.1    2.3   0.0   235   315   142   220   125   228 0.72 -
NW_025965324.1_RagTag:3129234-3106873 -            664 13603at314147        -            531   5.3e-14   47.8   5.1   3   5   0.00034     0.026    9.2   0.0   230   317   279   364   263   399 0.75 -
NW_025965324.1_RagTag:3129234-3106873 -            664 13603at314147        -            531   5.3e-14   47.8   5.1   4   5   2.5e-05    0.0019   12.9   0.1   283   321   415   453   366   469 0.74 -
NW_025965324.1_RagTag:3129234-3106873 -            664 13603at314147        -            531   5.3e-14   47.8   5.1   5   5   0.00011    0.0084   10.8   0.0   240   324   460   544   447   558 0.76 -
NW_025965319.1_RagTag:936680-934538   -            651 13603at314147        -            531   9.3e-12   40.4   0.4   1   1   2.2e-13   1.7e-11   39.5   0.4    58   216   164   323   136   359 0.84 -
NW_025965140.1_RagTag:194211-195170   -            320 13603at314147        -            531   1.6e-11   39.5   5.2   1   3   8.8e-08   6.8e-06   21.0   0.1    12   160    24   178    10   190 0.80 -
NW_025965140.1_RagTag:194211-195170   -            320 13603at314147        -            531   1.6e-11   39.5   5.2   2   3   0.00031     0.024    9.3   0.4   100   156   193   246   187   254 0.86 -
NW_025965140.1_RagTag:194211-195170   -            320 13603at314147        -            531   1.6e-11   39.5   5.2   3   3   0.00015     0.011   10.4   0.0   117   177   256   317   248   319 0.89 -
NW_025965287.1_RagTag:802910-802371   -            180 13603at314147        -            531   2.4e-11   39.0   0.1   1   1   4.2e-13   3.2e-11   38.6   0.1    14   178    10   167     4   176 0.91 -
NW_025965233.1_RagTag:1527483-1527755 -             91 13603at314147        -            531   3.7e-11   38.4   0.8   1   1   5.4e-13   4.2e-11   38.2   0.8   102   176     3    77     1    82 0.96 -
NW_025965301.1_RagTag:529721-528217   -            499 13603at314147        -            531   2.9e-10   35.4   0.6   1   2    0.0033      0.25    5.9   0.0   101   157    36    92    33    98 0.92 -
NW_025965301.1_RagTag:529721-528217   -            499 13603at314147        -            531   2.9e-10   35.4   0.6   2   2   1.1e-11   8.6e-10   33.9   0.6    61   222    67   229    57   251 0.80 -
NW_025965324.1_RagTag:3109520-3108461 -            208 13603at314147        -            531   2.9e-06   22.2   0.0   1   1   5.4e-08   4.1e-06   21.7   0.0   242   339    16   110     3   123 0.80 -
NW_025965323.1_RagTag:2422612-2422334 -             93 13603at314147        -            531   5.7e-06   21.3   0.6   1   1   7.7e-08   5.9e-06   21.2   0.6    49   185     4    67     1    93 0.61 -
NW_025965548.1_RagTag:8433-2018       -            436 13603at314147        -            531   8.8e-06   20.6   0.0   1   2    0.0013       0.1    7.3   0.0   241   274    17    49     9    83 0.83 -
NW_025965548.1_RagTag:8433-2018       -            436 13603at314147        -            531   8.8e-06   20.6   0.0   2   2   7.4e-05    0.0057   11.4   0.0   230   314    79   174    68   183 0.74 -
NW_025965304.1_RagTag:298541-234380   -            569 13603at314147        -            531     2e-05   19.5  16.2   1   5     0.011      0.88    4.1   0.1    66   157     9   101     2   107 0.63 -
NW_025965304.1_RagTag:298541-234380   -            569 13603at314147        -            531     2e-05   19.5  16.2   2   5    0.0063      0.49    5.0   0.3    97   205    89   203    86   220 0.75 -
NW_025965304.1_RagTag:298541-234380   -            569 13603at314147        -            531     2e-05   19.5  16.2   3   5     0.011      0.86    4.2   0.2   109   157   255   298   215   308 0.83 -
NW_025965304.1_RagTag:298541-234380   -            569 13603at314147        -            531     2e-05   19.5  16.2   4   5      0.58        45   -1.5   0.0   121   154   335   369   309   380 0.78 -
NW_025965304.1_RagTag:298541-234380   -            569 13603at314147        -            531     2e-05   19.5  16.2   5   5   3.5e-06   0.00027   15.7   1.7    96   240   408   553   384   564 0.77 -
NW_025965131.1_RagTag:161972-161694   -             93 13603at314147        -            531   3.7e-05   18.6   0.1   1   1   5.1e-07   3.9e-05   18.5   0.1   148   218     3    72     1    84 0.85 -
NW_025965321.1_RagTag:2887611-2888586 -            324 13603at314147        -            531   8.7e-05   17.4   1.1   1   1   2.1e-06   0.00016   16.5   1.1   124   194     9    81     1   207 0.82 -
NW_025965315.1_RagTag:2684245-2683970 -             92 13603at314147        -            531   0.00026   15.8   0.0   1   1   3.6e-06   0.00028   15.7   0.0   244   315    15    85     4    92 0.76 -
NW_025965324.1_RagTag:3135656-3134700 -            319 13603at314147        -            531    0.0017   13.1   0.0   1   2   0.00059     0.045    8.4   0.0   244   319     6    78     1    89 0.88 -
NW_025965324.1_RagTag:3135656-3134700 -            319 13603at314147        -            531    0.0017   13.1   0.0   2   2     0.029       2.2    2.8   0.0   228   272   227   270   213   319 0.71 -
contig_74745_pilon:421-837            -            139 13603at314147        -            531    0.0017   13.1   5.2   1   2   0.00016     0.012   10.3   1.7    78   159    17    94    10   103 0.60 -
contig_74745_pilon:421-837            -            139 13603at314147        -            531    0.0017   13.1   5.2   2   2     0.011      0.84    4.2   0.1   122   158   104   137    98   139 0.77 -
NW_025965302.1_RagTag:901586-903744   -            482 13603at314147        -            531     0.025    9.2   1.7   1   2   0.00031     0.024    9.3   0.2   127   167     2    41     1    52 0.89 -
NW_025965302.1_RagTag:901586-903744   -            482 13603at314147        -            531     0.025    9.2   1.7   2   2      0.85        66   -2.0   0.1   234   253   113   132   106   137 0.88 -
#
# Program:         hmmsearch
# Version:         3.1b2 (February 2015)
# Pipeline mode:   SEARCH
# Query file:      /home/bgerda/guppy_SUP/busco_downloads/lineages/glires_odb10/hmms/13603at314147.hmm
# Target file:     /home/bgerda/guppy_SUP/busco_results_racon/run_glires_odb10/metaeuk_output/rerun_results/ragtag.scaffold.fasta.modified.fas
# Option settings: hmmsearch --domtblout /home/bgerda/guppy_SUP/busco_results_racon/run_glires_odb10/hmmer_output/rerun_results/13603at314147.out --cpu 1 /home/bgerda/guppy_SUP/busco_downloads/lineages/glires_odb10/hmms/13603at314147.hmm /home/bgerda/guppy_SUP/busco_results_racon/run_glires_odb10/metaeuk_output/rerun_results/ragtag.scaffold.fasta.modified.fas 
# Current dir:     /home/bgerda/guppy_SUP
# Date:            Sun May 21 17:29:54 2023
# [ok]
