#                                                                                             --- full sequence --- -------------- this domain -------------   hmm coord   ali coord   env coord
# target name                         accession   tlen query name           accession   qlen   E-value  score  bias   #  of  c-Evalue  i-Evalue  score  bias  from    to  from    to  from    to  acc description of target
#                 ------------------- ---------- ----- -------------------- ---------- ----- --------- ------ ----- --- --- --------- --------- ------ ----- ----- ----- ----- ----- ----- ----- ---- ---------------------
NW_025965066.1_RagTag:84022-85665     -            205 14934at314147        -            432   9.1e-39  129.6   0.0   1   2     7e-13   4.9e-11   38.3   0.0   161   233     6    86     1    88 0.84 -
NW_025965066.1_RagTag:84022-85665     -            205 14934at314147        -            432   9.1e-39  129.6   0.0   2   2   2.8e-29     2e-27   92.3   0.0   263   379    83   195    77   205 0.90 -
NW_025965313.1_RagTag:82152-83619     -            201 14934at314147        -            432   7.1e-30  100.3   0.1   1   3   2.6e-07   1.8e-05   19.9   0.0   144   222     2    75     1    77 0.86 -
NW_025965313.1_RagTag:82152-83619     -            201 14934at314147        -            432   7.1e-30  100.3   0.1   2   3   2.7e-16   1.9e-14   49.5   0.0   277   336    76   137    75   143 0.91 -
NW_025965313.1_RagTag:82152-83619     -            201 14934at314147        -            432   7.1e-30  100.3   0.1   3   3   8.3e-10   5.8e-08   28.1   0.1   339   367   165   193   159   199 0.90 -
NW_025965548.1_RagTag:8433-2018       -            436 14934at314147        -            432     2e-26   89.0   0.0   1   1   4.6e-28   3.2e-26   88.3   0.0   215   387   253   432   245   436 0.83 -
NW_025965222.1_RagTag:185086-183102   -            116 14934at314147        -            432   1.4e-24   82.9   0.0   1   1   2.2e-26   1.5e-24   82.8   0.0   327   420     1    94     1   105 0.92 -
NW_025965233.1_RagTag:114859-113462   -            466 14934at314147        -            432   9.3e-21   70.3   0.0   1   1   1.8e-22   1.3e-20   69.8   0.0   175   411    10   248     4   258 0.83 -
NW_025965287.1_RagTag:72767-73151     -             93 14934at314147        -            432   2.3e-20   69.0   0.1   1   1   3.4e-22   2.4e-20   68.9   0.1   324   418     2    90     1    93 0.91 -
contig_31429_pilon:272-1088           -            267 14934at314147        -            432   5.9e-20   67.7   0.0   1   1   1.8e-21   1.2e-19   66.6   0.0   178   410     3   228     1   236 0.88 -
contig_37224_pilon:1693-2424          -            244 14934at314147        -            432   2.4e-18   62.3   0.0   1   1     4e-20   2.7e-18   62.2   0.0   175   408     2   238     1   243 0.78 -
contig_34309_pilon:592-2              -            197 14934at314147        -            432   4.4e-18   61.5   0.0   1   1   6.9e-20   4.8e-18   61.4   0.0   167   353     3   194     1   197 0.82 -
NW_025965499.1_RagTag:3791-2706       -            362 14934at314147        -            432   1.5e-17   59.7   0.0   1   1     3e-19   2.1e-17   59.3   0.0   169   367    14   216     8   244 0.84 -
contig_66008_pilon:1779-2636          -            286 14934at314147        -            432   3.5e-17   58.5   0.0   1   1     7e-19   4.9e-17   58.0   0.0   196   411    10   226     5   232 0.85 -
NW_025965099.1_RagTag:14363-15274     -            304 14934at314147        -            432   4.6e-17   58.1   0.1   1   1   7.8e-19   5.4e-17   57.9   0.1   169   366    24   225     4   274 0.79 -
NW_025965334.1_RagTag:171576-171430   -             49 14934at314147        -            432     2e-16   56.1   0.2   1   1     3e-18   2.1e-16   56.0   0.2   324   372     1    49     1    49 0.98 -
NW_025965595.1_RagTag:842-3364        -            841 14934at314147        -            432     1e-15   53.7   0.0   1   2   5.6e-07   3.9e-05   18.8   0.0    64   151     1    82     1   100 0.84 -
NW_025965595.1_RagTag:842-3364        -            841 14934at314147        -            432     1e-15   53.7   0.0   2   2   4.4e-11   3.1e-09   32.3   0.0    62   149   105   196    93   208 0.86 -
NW_025965279.1_RagTag:78582-79082     -            167 14934at314147        -            432   4.2e-12   41.8   0.0   1   1   6.8e-14   4.7e-12   41.6   0.0   269   357     5    97     1   118 0.87 -
contig_34501_pilon:2271-1573          -            233 14934at314147        -            432   2.8e-08   29.2   0.0   1   1     4e-10   2.8e-08   29.2   0.0   273   377    30   137     1   186 0.75 -
NW_025965352.1_RagTag:102445-103867   -            274 14934at314147        -            432   4.7e-07   25.1   0.0   1   1   3.1e-08   2.1e-06   23.0   0.0   211   372    82   267    51   273 0.59 -
NW_025965401.1_RagTag:63455-65494     -            216 14934at314147        -            432   3.1e-05   19.1   0.0   1   1   6.9e-07   4.8e-05   18.5   0.0   269   374    21   137     2   146 0.67 -
NW_025965321.1_RagTag:2875545-2875694 -             50 14934at314147        -            432   5.3e-05   18.4   0.0   1   1   8.4e-07   5.8e-05   18.2   0.0   307   346     2    50     1    50 0.82 -
NW_025965240.1_RagTag:95899-92013     -            305 14934at314147        -            432   0.00038   15.5   0.4   1   1   7.3e-06    0.0005   15.2   0.4   211   295   222   305   218   305 0.83 -
#
# Program:         hmmsearch
# Version:         3.1b2 (February 2015)
# Pipeline mode:   SEARCH
# Query file:      /home/bgerda/guppy_SUP/busco_downloads/lineages/glires_odb10/hmms/14934at314147.hmm
# Target file:     /home/bgerda/guppy_SUP/busco_results_racon/run_glires_odb10/metaeuk_output/rerun_results/ragtag.scaffold.fasta.modified.fas
# Option settings: hmmsearch --domtblout /home/bgerda/guppy_SUP/busco_results_racon/run_glires_odb10/hmmer_output/rerun_results/14934at314147.out --cpu 1 /home/bgerda/guppy_SUP/busco_downloads/lineages/glires_odb10/hmms/14934at314147.hmm /home/bgerda/guppy_SUP/busco_results_racon/run_glires_odb10/metaeuk_output/rerun_results/ragtag.scaffold.fasta.modified.fas 
# Current dir:     /home/bgerda/guppy_SUP
# Date:            Sun May 21 17:29:50 2023
# [ok]
