#                                                                                             --- full sequence --- -------------- this domain -------------   hmm coord   ali coord   env coord
# target name                         accession   tlen query name           accession   qlen   E-value  score  bias   #  of  c-Evalue  i-Evalue  score  bias  from    to  from    to  from    to  acc description of target
#                 ------------------- ---------- ----- -------------------- ---------- ----- --------- ------ ----- --- --- --------- --------- ------ ----- ----- ----- ----- ----- ----- ----- ---- ---------------------
NW_025965021.1_RagTag:716773-714052   -            175 15037at314147        -            447   1.5e-15   53.2   0.1   1   2   1.4e-05    0.0038   12.3   0.0    15    49    31    62    25    70 0.89 -
NW_025965021.1_RagTag:716773-714052   -            175 15037at314147        -            447   1.5e-15   53.2   0.1   2   2   1.1e-13   2.9e-11   39.1   0.1    85   173    77   173    69   175 0.84 -
NW_025965112.1_RagTag:159073-160686   -            199 15037at314147        -            447   1.8e-12   43.1   1.9   1   2   5.5e-05     0.015   10.3   0.0   366   415     4    55     1    58 0.55 -
NW_025965112.1_RagTag:159073-160686   -            199 15037at314147        -            447   1.8e-12   43.1   1.9   2   2   1.1e-13   3.1e-11   39.0   0.4   341   440    26   126    19   133 0.88 -
NW_025965023.1_RagTag:10290-11256     -            142 15037at314147        -            447   4.6e-12   41.7   0.0   1   2     0.069        19    0.1   0.0    16    45    11    40     6    51 0.87 -
NW_025965023.1_RagTag:10290-11256     -            142 15037at314147        -            447   4.6e-12   41.7   0.0   2   2   8.2e-14   2.3e-11   39.4   0.0    80   160    58   135    53   141 0.91 -
NW_025965049.1_RagTag:157170-155852   -            151 15037at314147        -            447     2e-08   29.7   0.0   1   1   8.2e-11   2.3e-08   29.5   0.0    81   157    57   138    27   145 0.88 -
NW_025965103.1_RagTag:1576808-1574031 -            241 15037at314147        -            447   1.2e-05   20.6   0.2   1   2   1.6e-07   4.5e-05   18.7   0.1   279   344     1    66     1    72 0.91 -
NW_025965103.1_RagTag:1576808-1574031 -            241 15037at314147        -            447   1.2e-05   20.6   0.2   2   2      0.12        35   -0.7   0.0   386   418   180   218   170   240 0.58 -
#
# Program:         hmmsearch
# Version:         3.1b2 (February 2015)
# Pipeline mode:   SEARCH
# Query file:      /home/bgerda/guppy_SUP/busco_downloads/lineages/glires_odb10/hmms/15037at314147.hmm
# Target file:     /home/bgerda/guppy_SUP/busco_results_racon/run_glires_odb10/metaeuk_output/rerun_results/ragtag.scaffold.fasta.modified.fas
# Option settings: hmmsearch --domtblout /home/bgerda/guppy_SUP/busco_results_racon/run_glires_odb10/hmmer_output/rerun_results/15037at314147.out --cpu 1 /home/bgerda/guppy_SUP/busco_downloads/lineages/glires_odb10/hmms/15037at314147.hmm /home/bgerda/guppy_SUP/busco_results_racon/run_glires_odb10/metaeuk_output/rerun_results/ragtag.scaffold.fasta.modified.fas 
# Current dir:     /home/bgerda/guppy_SUP
# Date:            Sun May 21 17:30:00 2023
# [ok]
