#                                                                                             --- full sequence --- -------------- this domain -------------   hmm coord   ali coord   env coord
# target name                         accession   tlen query name           accession   qlen   E-value  score  bias   #  of  c-Evalue  i-Evalue  score  bias  from    to  from    to  from    to  acc description of target
#                 ------------------- ---------- ----- -------------------- ---------- ----- --------- ------ ----- --- --- --------- --------- ------ ----- ----- ----- ----- ----- ----- ----- ---- ---------------------
NW_025965440.1_RagTag:12616-13782     -            389 16551at314147        -            309  1.3e-108  359.2 102.0   1   7   1.4e-14     3e-13   45.9   1.7   252   308     1    57     1    58 0.97 -
NW_025965440.1_RagTag:12616-13782     -            389 16551at314147        -            309  1.3e-108  359.2 102.0   2   7   2.8e-21   6.4e-20   67.9  10.8   224   308    29   113    29   114 0.98 -
NW_025965440.1_RagTag:12616-13782     -            389 16551at314147        -            309  1.3e-108  359.2 102.0   3   7   1.1e-22   2.6e-21   72.4   8.1   224   308   113   197   113   198 0.98 -
NW_025965440.1_RagTag:12616-13782     -            389 16551at314147        -            309  1.3e-108  359.2 102.0   4   7   2.4e-22   5.4e-21   71.4   8.6   224   308   141   225   141   226 0.98 -
NW_025965440.1_RagTag:12616-13782     -            389 16551at314147        -            309  1.3e-108  359.2 102.0   5   7   6.3e-22   1.4e-20   70.0  10.5   224   308   197   281   197   282 0.98 -
NW_025965440.1_RagTag:12616-13782     -            389 16551at314147        -            309  1.3e-108  359.2 102.0   6   7   1.3e-16   2.9e-15   52.6   5.3   250   308   279   337   279   338 0.98 -
NW_025965440.1_RagTag:12616-13782     -            389 16551at314147        -            309  1.3e-108  359.2 102.0   7   7   3.9e-19   8.7e-18   60.8   9.6   226   304   311   389   310   389 0.99 -
contig_36320_pilon:719-1438           -            240 16551at314147        -            309   5.8e-75  248.6  91.0   1   6   1.3e-09   2.8e-08   29.6   0.5   277   309     3    35     1    35 0.96 -
contig_36320_pilon:719-1438           -            240 16551at314147        -            309   5.8e-75  248.6  91.0   2   6   9.4e-17   2.1e-15   53.0   4.2   250   308    32    90    31    91 0.98 -
contig_36320_pilon:719-1438           -            240 16551at314147        -            309   5.8e-75  248.6  91.0   3   6   3.3e-19   7.4e-18   61.1  13.4   224   308    62   146    62   147 0.98 -
contig_36320_pilon:719-1438           -            240 16551at314147        -            309   5.8e-75  248.6  91.0   4   6   1.9e-19   4.2e-18   61.9  13.2   224   308    90   174    90   175 0.98 -
contig_36320_pilon:719-1438           -            240 16551at314147        -            309   5.8e-75  248.6  91.0   5   6   6.4e-20   1.4e-18   63.4  13.4   224   308   118   202   118   203 0.98 -
contig_36320_pilon:719-1438           -            240 16551at314147        -            309   5.8e-75  248.6  91.0   6   6   1.1e-13   2.5e-12   42.9   8.3   252   308   174   230   174   240 0.82 -
contig_64050_pilon:909-1490           -            194 16551at314147        -            309   1.5e-72  240.7  63.9   1   5   3.2e-16   7.3e-15   51.2   2.8   249   308     2    61     1    62 0.98 -
contig_64050_pilon:909-1490           -            194 16551at314147        -            309   1.5e-72  240.7  63.9   2   5   2.1e-21   4.7e-20   68.3   7.5   224   308    33   117    33   118 0.98 -
contig_64050_pilon:909-1490           -            194 16551at314147        -            309   1.5e-72  240.7  63.9   3   5   6.6e-20   1.5e-18   63.4   8.0   224   308    61   145    61   146 0.98 -
contig_64050_pilon:909-1490           -            194 16551at314147        -            309   1.5e-72  240.7  63.9   4   5   3.7e-20   8.4e-19   64.2   6.9   224   308    89   173    89   174 0.98 -
contig_64050_pilon:909-1490           -            194 16551at314147        -            309   1.5e-72  240.7  63.9   5   5     4e-14     9e-13   44.4   6.8   224   301   117   194   117   194 0.97 -
NW_025965375.1_RagTag:139175-138555   -            207 16551at314147        -            309   6.3e-63  209.1  41.3   1   4   1.8e-16   4.1e-15   52.1   1.5   247   308     8    69     2    70 0.95 -
NW_025965375.1_RagTag:139175-138555   -            207 16551at314147        -            309   6.3e-63  209.1  41.3   2   4   1.1e-21   2.5e-20   69.2   5.0   224   308    41   125    41   126 0.98 -
NW_025965375.1_RagTag:139175-138555   -            207 16551at314147        -            309   6.3e-63  209.1  41.3   3   4   9.8e-22   2.2e-20   69.4   4.7   224   308    69   153    69   154 0.98 -
NW_025965375.1_RagTag:139175-138555   -            207 16551at314147        -            309   6.3e-63  209.1  41.3   4   4   9.7e-18   2.2e-16   56.3   6.8   224   306   125   207   125   207 0.99 -
NW_025965432.1_RagTag:502315-503175   -            287 16551at314147        -            309   8.5e-63  208.7  69.0   1   6   3.5e-08   7.8e-07   24.9   0.9   271   308     2    39     1    40 0.94 -
NW_025965432.1_RagTag:502315-503175   -            287 16551at314147        -            309   8.5e-63  208.7  69.0   2   6   3.5e-18   7.9e-17   57.7   6.8   224   308    39   123    39   124 0.98 -
NW_025965432.1_RagTag:502315-503175   -            287 16551at314147        -            309   8.5e-63  208.7  69.0   3   6   2.4e-17   5.4e-16   55.0   5.9   224   309    67   152    67   152 0.98 -
NW_025965432.1_RagTag:502315-503175   -            287 16551at314147        -            309   8.5e-63  208.7  69.0   4   6   1.7e-14   3.9e-13   45.6   6.9   226   308    97   179    96   180 0.98 -
NW_025965432.1_RagTag:502315-503175   -            287 16551at314147        -            309   8.5e-63  208.7  69.0   5   6     4e-17   9.1e-16   54.2   9.3   225   309   152   236   151   236 0.99 -
NW_025965432.1_RagTag:502315-503175   -            287 16551at314147        -            309   8.5e-63  208.7  69.0   6   6   1.5e-11   3.4e-10   35.9   1.3   250   304   233   287   232   287 0.98 -
NW_025965271.1_RagTag:496368-615075   -            290 16551at314147        -            309   4.4e-62  206.3  52.1   1   4   2.3e-19   5.1e-18   61.6   4.5   226   308     3    85     1    86 0.97 -
NW_025965271.1_RagTag:496368-615075   -            290 16551at314147        -            309   4.4e-62  206.3  52.1   2   4   9.8e-22   2.2e-20   69.4   9.7   224   308    85   169    85   170 0.98 -
NW_025965271.1_RagTag:496368-615075   -            290 16551at314147        -            309   4.4e-62  206.3  52.1   3   4     3e-22   6.8e-21   71.1   7.8   224   308   169   253   169   254 0.98 -
NW_025965271.1_RagTag:496368-615075   -            290 16551at314147        -            309   4.4e-62  206.3  52.1   4   4   4.7e-14     1e-12   44.2   6.1   226   289   227   290   226   290 0.93 -
NW_025965317.1_RagTag:1373618-1373070 -            183 16551at314147        -            309     1e-55  185.4  47.0   1   5     6e-15   1.3e-13   47.1   2.8   250   309     3    62     1    62 0.98 -
NW_025965317.1_RagTag:1373618-1373070 -            183 16551at314147        -            309     1e-55  185.4  47.0   2   5   5.8e-15   1.3e-13   47.1   2.4   250   308    31    89    31    90 0.98 -
NW_025965317.1_RagTag:1373618-1373070 -            183 16551at314147        -            309     1e-55  185.4  47.0   3   5   8.3e-17   1.9e-15   53.2   7.5   224   309    61   146    61   146 0.99 -
NW_025965317.1_RagTag:1373618-1373070 -            183 16551at314147        -            309     1e-55  185.4  47.0   4   5   5.1e-17   1.1e-15   53.9   3.0   250   309   115   174   114   174 0.98 -
NW_025965317.1_RagTag:1373618-1373070 -            183 16551at314147        -            309     1e-55  185.4  47.0   5   5   1.1e-10   2.4e-09   33.1   1.0   250   289   143   182   142   183 0.96 -
NW_025965182.1_RagTag:1639771-1640832 -            354 16551at314147        -            309   1.7e-52  174.8  40.4   1   5   6.2e-09   1.4e-07   27.3   0.1   257   308     1    52     1    53 0.98 -
NW_025965182.1_RagTag:1639771-1640832 -            354 16551at314147        -            309   1.7e-52  174.8  40.4   2   5   3.8e-08   8.4e-07   24.8   0.2   256   308    56   108    54   109 0.95 -
NW_025965182.1_RagTag:1639771-1640832 -            354 16551at314147        -            309   1.7e-52  174.8  40.4   3   5   1.1e-14   2.4e-13   46.2   5.6   225   308   109   192   108   193 0.98 -
NW_025965182.1_RagTag:1639771-1640832 -            354 16551at314147        -            309   1.7e-52  174.8  40.4   4   5   1.3e-16   2.8e-15   52.6   5.5   225   308   193   276   192   277 0.98 -
NW_025965182.1_RagTag:1639771-1640832 -            354 16551at314147        -            309   1.7e-52  174.8  40.4   5   5   2.2e-13     5e-12   41.9   4.5   226   301   278   353   277   354 0.96 -
NW_025965235.1_RagTag:117217-116603   -            205 16551at314147        -            309   2.9e-52  174.1  42.4   1   4   6.1e-18   1.4e-16   56.9   2.5   248   308     7    67     2    68 0.96 -
NW_025965235.1_RagTag:117217-116603   -            205 16551at314147        -            309   2.9e-52  174.1  42.4   2   4   3.3e-15   7.3e-14   48.0   1.9   250   308    65   123    64   124 0.98 -
NW_025965235.1_RagTag:117217-116603   -            205 16551at314147        -            309   2.9e-52  174.1  42.4   3   4   1.7e-18   3.7e-17   58.8   6.3   224   308    95   179    95   180 0.98 -
NW_025965235.1_RagTag:117217-116603   -            205 16551at314147        -            309   2.9e-52  174.1  42.4   4   4   2.8e-15   6.2e-14   48.2   8.4   226   306   125   205   124   205 0.98 -
contig_52188_pilon:954-280            -            225 16551at314147        -            309     2e-51  171.3  34.7   1   3   3.4e-24   7.6e-23   77.5   7.3   224   308     6    90     2    91 0.98 -
contig_52188_pilon:954-280            -            225 16551at314147        -            309     2e-51  171.3  34.7   2   3   7.3e-16   1.6e-14   50.1   3.1   250   308    88   146    88   147 0.98 -
contig_52188_pilon:954-280            -            225 16551at314147        -            309     2e-51  171.3  34.7   3   3   1.4e-19   3.2e-18   62.3   8.2   224   303   146   225   146   225 0.99 -
NW_025965250.1_RagTag:47411-46794     -            206 16551at314147        -            309   1.9e-50  168.1  26.4   1   4   2.7e-10   6.1e-09   31.8   0.2   270   309     2    41     1    41 0.97 -
NW_025965250.1_RagTag:47411-46794     -            206 16551at314147        -            309   1.9e-50  168.1  26.4   2   4   2.9e-15   6.6e-14   48.1   0.4   251   308    39    96    37    97 0.97 -
NW_025965250.1_RagTag:47411-46794     -            206 16551at314147        -            309   1.9e-50  168.1  26.4   3   4   7.6e-22   1.7e-20   69.7   5.7   226   308    70   152    70   153 0.99 -
NW_025965250.1_RagTag:47411-46794     -            206 16551at314147        -            309   1.9e-50  168.1  26.4   4   4   3.3e-16   7.4e-15   51.2   1.9   250   306   150   206   149   206 0.98 -
contig_59446_pilon:259-795            -            179 16551at314147        -            309   1.9e-49  164.8  40.9   1   4   2.8e-11   6.3e-10   35.0   1.6   268   308     1    41     1    42 0.98 -
contig_59446_pilon:259-795            -            179 16551at314147        -            309   1.9e-49  164.8  40.9   2   4     4e-17     9e-16   54.2   5.7   250   308    39    97    38    98 0.98 -
contig_59446_pilon:259-795            -            179 16551at314147        -            309   1.9e-49  164.8  40.9   3   4   7.1e-17   1.6e-15   53.4   3.3   250   308    67   125    67   126 0.98 -
contig_59446_pilon:259-795            -            179 16551at314147        -            309   1.9e-49  164.8  40.9   4   4   1.2e-18   2.6e-17   59.3   7.1   224   306    97   179    97   179 0.99 -
NW_025965341.1_RagTag:124400-123816   -            195 16551at314147        -            309   6.6e-49  163.1  36.4   1   4   8.5e-10   1.9e-08   30.2   0.1   272   308     3    39     1    40 0.94 -
NW_025965341.1_RagTag:124400-123816   -            195 16551at314147        -            309   6.6e-49  163.1  36.4   2   4   5.7e-21   1.3e-19   66.9   6.4   225   309    40   124    39   124 0.98 -
NW_025965341.1_RagTag:124400-123816   -            195 16551at314147        -            309   6.6e-49  163.1  36.4   3   4   1.5e-18   3.4e-17   58.9   7.5   224   308    67   151    67   152 0.98 -
NW_025965341.1_RagTag:124400-123816   -            195 16551at314147        -            309   6.6e-49  163.1  36.4   4   4   5.9e-13   1.3e-11   40.5   3.4   250   308   121   179   120   180 0.98 -
contig_33351_pilon:17-583             -            189 16551at314147        -            309     9e-48  159.3  31.1   1   3   5.1e-22   1.1e-20   70.3   6.7   226   308     1    83     1    84 0.99 -
contig_33351_pilon:17-583             -            189 16551at314147        -            309     9e-48  159.3  31.1   2   3   2.4e-17   5.4e-16   54.9   2.2   250   308    81   139    80   140 0.98 -
contig_33351_pilon:17-583             -            189 16551at314147        -            309     9e-48  159.3  31.1   3   3   1.3e-18   2.9e-17   59.1   6.6   224   302   111   189   111   189 0.98 -
contig_52188_pilon:1642-1031          -            204 16551at314147        -            309   2.7e-46  154.5  35.9   1   3     4e-16     9e-15   50.9   4.3   245   308     4    67     1    68 0.95 -
contig_52188_pilon:1642-1031          -            204 16551at314147        -            309   2.7e-46  154.5  35.9   2   3   3.5e-19   7.8e-18   61.0   7.6   224   308    39   123    39   124 0.98 -
contig_52188_pilon:1642-1031          -            204 16551at314147        -            309   2.7e-46  154.5  35.9   3   3   2.4e-21   5.5e-20   68.1   8.1   224   305   123   204   123   204 0.99 -
NW_025965436.1_RagTag:1702-734        -            323 16551at314147        -            309   3.7e-46  154.0  78.0   1   5   3.7e-09   8.2e-08   28.1  13.0   225   309    24   106     9   106 0.87 -
NW_025965436.1_RagTag:1702-734        -            323 16551at314147        -            309   3.7e-46  154.0  78.0   2   5   3.5e-13   7.9e-12   41.3  10.3   224   309    49   134    49   134 0.97 -
NW_025965436.1_RagTag:1702-734        -            323 16551at314147        -            309   3.7e-46  154.0  78.0   3   5     3e-16   6.8e-15   51.4   9.2   223   309   104   190   103   190 0.99 -
NW_025965436.1_RagTag:1702-734        -            323 16551at314147        -            309   3.7e-46  154.0  78.0   4   5   2.2e-18   4.9e-17   58.4   9.5   224   309   189   274   188   274 0.99 -
NW_025965436.1_RagTag:1702-734        -            323 16551at314147        -            309   3.7e-46  154.0  78.0   5   5   2.3e-09   5.1e-08   28.8   4.1   250   302   271   323   270   323 0.96 -
NW_025965250.1_RagTag:230423-229599   -            275 16551at314147        -            309   7.3e-46  153.1  44.5   1   4   1.1e-13   2.4e-12   43.0   2.3   250   308     1    59     1    60 0.98 -
NW_025965250.1_RagTag:230423-229599   -            275 16551at314147        -            309   7.3e-46  153.1  44.5   2   4   8.5e-14   1.9e-12   43.3   3.3   250   308    57   115    57   116 0.98 -
NW_025965250.1_RagTag:230423-229599   -            275 16551at314147        -            309   7.3e-46  153.1  44.5   3   4     8e-17   1.8e-15   53.2   7.8   224   308   115   199   115   200 0.98 -
NW_025965250.1_RagTag:230423-229599   -            275 16551at314147        -            309   7.3e-46  153.1  44.5   4   4   1.1e-16   2.5e-15   52.8   7.6   224   308   171   255   171   256 0.98 -
NW_025965341.1_RagTag:72137-72748     -            204 16551at314147        -            309   1.1e-43  145.9  36.2   1   4   4.1e-05   0.00093   14.8   0.1   270   305     1    36     1    39 0.91 -
NW_025965341.1_RagTag:72137-72748     -            204 16551at314147        -            309   1.1e-43  145.9  36.2   2   4   4.8e-18   1.1e-16   57.3   4.2   223   308    38   123    37   124 0.98 -
NW_025965341.1_RagTag:72137-72748     -            204 16551at314147        -            309   1.1e-43  145.9  36.2   3   4   1.7e-17   3.8e-16   55.5   5.0   224   308    67   151    67   152 0.99 -
NW_025965341.1_RagTag:72137-72748     -            204 16551at314147        -            309   1.1e-43  145.9  36.2   4   4   7.4e-17   1.7e-15   53.3   6.4   224   305   123   204   123   204 0.98 -
contig_28105_pilon:1415-840           -            192 16551at314147        -            309   2.2e-43  144.9  28.5   1   3   3.2e-14   7.1e-13   44.7   1.9   250   309     3    62     1    62 0.97 -
contig_28105_pilon:1415-840           -            192 16551at314147        -            309   2.2e-43  144.9  28.5   2   3   4.2e-21   9.4e-20   67.3   4.9   225   308    62   145    61   145 0.98 -
contig_28105_pilon:1415-840           -            192 16551at314147        -            309   2.2e-43  144.9  28.5   3   3   3.1e-18   6.9e-17   57.9   6.3   224   298   117   191   117   192 0.98 -
NW_025965289.1_RagTag:78419-78979     -            187 16551at314147        -            309   1.2e-41  139.2  36.0   1   4     1e-07   2.2e-06   23.4   0.1   282   308     1    27     1    28 0.96 -
NW_025965289.1_RagTag:78419-78979     -            187 16551at314147        -            309   1.2e-41  139.2  36.0   2   4   1.9e-20   4.3e-19   65.1   9.0   226   308    29   111    28   112 0.98 -
NW_025965289.1_RagTag:78419-78979     -            187 16551at314147        -            309   1.2e-41  139.2  36.0   3   4     4e-17   8.9e-16   54.2   4.3   250   308    81   139    80   140 0.98 -
NW_025965289.1_RagTag:78419-78979     -            187 16551at314147        -            309   1.2e-41  139.2  36.0   4   4   5.9e-10   1.3e-08   30.7   2.4   249   300   136   187   135   187 0.96 -
contig_10836_pilon:82-696             -            205 16551at314147        -            309     1e-40  136.1  31.6   1   3   3.5e-08   7.8e-07   24.9   0.2   270   308     1    39     1    40 0.95 -
contig_10836_pilon:82-696             -            205 16551at314147        -            309     1e-40  136.1  31.6   2   3   1.5e-20   3.4e-19   65.5   8.1   224   308    39   123    39   124 0.98 -
contig_10836_pilon:82-696             -            205 16551at314147        -            309     1e-40  136.1  31.6   3   3   5.4e-18   1.2e-16   57.1  10.3   224   306   123   205   123   205 0.99 -
NW_025965250.1_RagTag:8860-9492       -            211 16551at314147        -            309   8.4e-40  133.1  30.0   1   4   2.6e-12   5.8e-11   38.4   0.2   264   309     2    47     1    47 0.98 -
NW_025965250.1_RagTag:8860-9492       -            211 16551at314147        -            309   8.4e-40  133.1  30.0   2   4   2.5e-16   5.6e-15   51.6   3.3   249   308    43   102    42   103 0.98 -
NW_025965250.1_RagTag:8860-9492       -            211 16551at314147        -            309   8.4e-40  133.1  30.0   3   4   1.6e-15   3.5e-14   49.0   3.9   224   308   102   186   102   187 0.98 -
NW_025965250.1_RagTag:8860-9492       -            211 16551at314147        -            309   8.4e-40  133.1  30.0   4   4   2.1e-09   4.7e-08   28.9   2.4   254   305   160   211   159   211 0.92 -
NW_025965190.1_RagTag:118103-118654   -            184 16551at314147        -            309   6.3e-38  127.0  21.8   1   3   1.1e-11   2.4e-10   36.4   0.7   257   308     2    53     1    53 0.97 -
NW_025965190.1_RagTag:118103-118654   -            184 16551at314147        -            309   6.3e-38  127.0  21.8   2   3   1.1e-18   2.4e-17   59.4   6.7   224   308    25   109    25   110 0.98 -
NW_025965190.1_RagTag:118103-118654   -            184 16551at314147        -            309   6.3e-38  127.0  21.8   3   3   4.6e-17     1e-15   54.0   0.9   250   309   107   166   106   166 0.98 -
contig_78026_pilon:1103-2245          -            381 16551at314147        -            309   1.1e-37  126.2  32.0   1   5   1.3e-05   0.00029   16.4   0.2   254   306     1    56     1    57 0.90 -
contig_78026_pilon:1103-2245          -            381 16551at314147        -            309   1.1e-37  126.2  32.0   2   5   6.8e-09   1.5e-07   27.2   0.4   249   305    56   116    53   118 0.87 -
contig_78026_pilon:1103-2245          -            381 16551at314147        -            309   1.1e-37  126.2  32.0   3   5   1.9e-12   4.2e-11   38.9   3.2   248   308   146   206   142   207 0.97 -
contig_78026_pilon:1103-2245          -            381 16551at314147        -            309   1.1e-37  126.2  32.0   4   5   4.2e-11   9.5e-10   34.4   1.3   252   308   273   329   266   330 0.96 -
contig_78026_pilon:1103-2245          -            381 16551at314147        -            309   1.1e-37  126.2  32.0   5   5     2e-11   4.4e-10   35.5   1.0   249   304   326   381   326   381 0.98 -
NW_025965215.1_RagTag:22972-21674     -            433 16551at314147        -            309   2.2e-36  121.9  25.3   1   4   2.5e-12   5.6e-11   38.5   2.5   249   308   241   300   232   300 0.94 -
NW_025965215.1_RagTag:22972-21674     -            433 16551at314147        -            309   2.2e-36  121.9  25.3   2   4   2.3e-18   5.2e-17   58.3   3.6   226   308   274   355   274   355 0.98 -
NW_025965215.1_RagTag:22972-21674     -            433 16551at314147        -            309   2.2e-36  121.9  25.3   3   4   1.4e-16   3.2e-15   52.4   3.7   250   308   353   411   352   412 0.98 -
NW_025965215.1_RagTag:22972-21674     -            433 16551at314147        -            309   2.2e-36  121.9  25.3   4   4     0.023      0.51    5.8   0.4   250   272   409   431   409   433 0.62 -
NW_025965215.1_RagTag:338153-337497   -            219 16551at314147        -            309   1.8e-34  115.6  36.5   1   4    0.0016     0.036    9.5   0.1   282   308     1    27     1    28 0.91 -
NW_025965215.1_RagTag:338153-337497   -            219 16551at314147        -            309   1.8e-34  115.6  36.5   2   4   1.4e-12   3.2e-11   39.3   2.6   224   309    55   140    43   140 0.86 -
NW_025965215.1_RagTag:338153-337497   -            219 16551at314147        -            309   1.8e-34  115.6  36.5   3   4   2.8e-19   6.3e-18   61.3   6.4   226   307   113   194   113   195 0.99 -
NW_025965215.1_RagTag:338153-337497   -            219 16551at314147        -            309   1.8e-34  115.6  36.5   4   4   1.3e-12     3e-11   39.4   8.3   225   305   140   219   140   219 0.93 -
NW_025965301.1_RagTag:101568-100954   -            205 16551at314147        -            309   2.5e-34  115.2  18.6   1   4   6.3e-08   1.4e-06   24.0   0.0   267   308     2    43     1    44 0.95 -
NW_025965301.1_RagTag:101568-100954   -            205 16551at314147        -            309   2.5e-34  115.2  18.6   2   4   2.3e-13   5.2e-12   41.9   0.2   249   308    40   100    38   100 0.95 -
NW_025965301.1_RagTag:101568-100954   -            205 16551at314147        -            309   2.5e-34  115.2  18.6   3   4   6.6e-17   1.5e-15   53.5   2.2   248   308    96   156    93   157 0.97 -
NW_025965301.1_RagTag:101568-100954   -            205 16551at314147        -            309   2.5e-34  115.2  18.6   4   4   6.1e-08   1.4e-06   24.1   2.4   249   300   153   203   151   205 0.89 -
NW_025965230.1_RagTag:860644-860186   -            153 16551at314147        -            309   8.3e-33  110.2  16.3   1   2   1.2e-17   2.6e-16   56.0   2.4   228   309     1    82     1    82 0.98 -
NW_025965230.1_RagTag:860644-860186   -            153 16551at314147        -            309   8.3e-33  110.2  16.3   2   2   1.2e-19   2.6e-18   62.6   6.4   224   294    81   151    81   153 0.96 -
NW_025965022.1_RagTag:243066-242485   -            194 16551at314147        -            309   1.3e-32  109.5  17.5   1   3   8.8e-15     2e-13   46.5   2.2   248   308     5    65     2    66 0.97 -
NW_025965022.1_RagTag:243066-242485   -            194 16551at314147        -            309   1.3e-32  109.5  17.5   2   3   1.6e-15   3.6e-14   49.0   1.4   234   308    78   148    66   149 0.87 -
NW_025965022.1_RagTag:243066-242485   -            194 16551at314147        -            309   1.3e-32  109.5  17.5   3   3   9.3e-10   2.1e-08   30.0   0.5   249   297   145   193   145   194 0.93 -
NW_025965127.1_RagTag:114163-113654   -            170 16551at314147        -            309   3.9e-32  108.0  19.7   1   3   1.4e-14     3e-13   45.9   1.1   249   308     5    64     2    65 0.97 -
NW_025965127.1_RagTag:114163-113654   -            170 16551at314147        -            309   3.9e-32  108.0  19.7   2   3   1.9e-16   4.3e-15   52.0   3.4   226   308    38   120    38   121 0.99 -
NW_025965127.1_RagTag:114163-113654   -            170 16551at314147        -            309   3.9e-32  108.0  19.7   3   3   9.7e-11   2.2e-09   33.3   1.1   250   302   118   170   117   170 0.97 -
contig_31119_pilon:1872-1279          -            198 16551at314147        -            309   4.4e-32  107.8  18.9   1   3   4.6e-15     1e-13   47.5   4.1   224   309     4    90     1    90 0.94 -
contig_31119_pilon:1872-1279          -            198 16551at314147        -            309   4.4e-32  107.8  18.9   2   3   9.6e-13   2.2e-11   39.8   0.3   249   308    86   145    84   145 0.97 -
contig_31119_pilon:1872-1279          -            198 16551at314147        -            309   4.4e-32  107.8  18.9   3   3     1e-13   2.3e-12   43.0   1.5   249   305   142   198   141   198 0.98 -
NW_025965374.1_RagTag:79809-77578     -            744 16551at314147        -            309   2.7e-29   98.7  52.1   1   7   1.8e-12     4e-11   39.0   3.0   249   306     1    58     1    61 0.96 -
NW_025965374.1_RagTag:79809-77578     -            744 16551at314147        -            309   2.7e-29   98.7  52.1   2   7   1.8e-07   4.1e-06   22.5   1.1   224   302    73   155    63   160 0.87 -
NW_025965374.1_RagTag:79809-77578     -            744 16551at314147        -            309   2.7e-29   98.7  52.1   3   7     1e-05   0.00023   16.8   2.9   223   304   218   315   206   320 0.74 -
NW_025965374.1_RagTag:79809-77578     -            744 16551at314147        -            309   2.7e-29   98.7  52.1   4   7       1.6        37   -0.3   0.1   252   272   327   347   316   403 0.66 -
NW_025965374.1_RagTag:79809-77578     -            744 16551at314147        -            309   2.7e-29   98.7  52.1   5   7   0.00013     0.003   13.1   4.3   224   306   472   557   445   559 0.83 -
NW_025965374.1_RagTag:79809-77578     -            744 16551at314147        -            309   2.7e-29   98.7  52.1   6   7   2.2e-10     5e-09   32.1   5.8   220   301   556   638   548   642 0.89 -
NW_025965374.1_RagTag:79809-77578     -            744 16551at314147        -            309   2.7e-29   98.7  52.1   7   7       1.4        30   -0.1   0.0   276   302   692   719   682   725 0.71 -
NW_025965341.1_RagTag:44562-43963     -            200 16551at314147        -            309   4.1e-28   94.8  23.5   1   3   2.6e-10   5.8e-09   31.9   2.6   248   307     5    64     2    66 0.96 -
NW_025965341.1_RagTag:44562-43963     -            200 16551at314147        -            309   4.1e-28   94.8  23.5   2   3   1.4e-14   3.2e-13   45.9   2.4   226   309    67   150    65   150 0.97 -
NW_025965341.1_RagTag:44562-43963     -            200 16551at314147        -            309   4.1e-28   94.8  23.5   3   3   3.6e-10   8.1e-09   31.4   3.4   224   268   149   193   149   200 0.70 -
contig_18339_pilon:495-968            -            158 16551at314147        -            309     2e-27   92.5  22.6   1   2   1.9e-11   4.3e-10   35.6   1.3   261   308    17    64     5    65 0.90 -
contig_18339_pilon:495-968            -            158 16551at314147        -            309     2e-27   92.5  22.6   2   2   2.7e-20   6.1e-19   64.6  11.9   224   308    64   148    64   149 0.98 -
contig_43334_pilon:1147-1967          -            144 16551at314147        -            309   1.8e-25   86.1  29.2   1   3   6.3e-17   1.4e-15   53.6   5.2   236   308     6    78     1    79 0.96 -
contig_43334_pilon:1147-1967          -            144 16551at314147        -            309   1.8e-25   86.1  29.2   2   3   2.5e-07   5.5e-06   22.1   1.6   250   293    48    91    48    93 0.92 -
contig_43334_pilon:1147-1967          -            144 16551at314147        -            309   1.8e-25   86.1  29.2   3   3   4.1e-11   9.3e-10   34.5   7.0   248   300    92   144    80   144 0.92 -
NW_025965442.1_RagTag:49839-49393     -            149 16551at314147        -            309   4.2e-25   84.9  14.0   1   2   3.4e-14   7.7e-13   44.6   5.0   244   309    15    80     1    80 0.90 -
NW_025965442.1_RagTag:49839-49393     -            149 16551at314147        -            309   4.2e-25   84.9  14.0   2   2   1.9e-16   4.2e-15   52.0   1.6   250   309    77   136    77   136 0.98 -
contig_10031_pilon:1322-846           -            159 16551at314147        -            309   2.7e-24   82.2  21.7   1   2   4.6e-11     1e-09   34.3   8.2   227   308    14    94     1    95 0.94 -
contig_10031_pilon:1322-846           -            159 16551at314147        -            309   2.7e-24   82.2  21.7   2   2   2.6e-17   5.9e-16   54.8   5.4   224   289    94   159    94   159 0.92 -
contig_81532_pilon:2097-1657          -            147 16551at314147        -            309   7.6e-24   80.7  14.3   1   2   1.9e-16   4.3e-15   52.0   6.9   220   309     4    95     1    95 0.93 -
contig_81532_pilon:2097-1657          -            147 16551at314147        -            309   7.6e-24   80.7  14.3   2   2   1.2e-12   2.7e-11   39.5   0.8   249   305    91   147    91   147 0.98 -
NW_025965318.1_RagTag:51878-52414     -            179 16551at314147        -            309   1.4e-23   79.8   7.2   1   2   3.2e-13   7.1e-12   41.4   1.3   254   308     1    55     1    56 0.98 -
NW_025965318.1_RagTag:51878-52414     -            179 16551at314147        -            309   1.4e-23   79.8   7.2   2   2   2.1e-15   4.6e-14   48.6   0.6   249   307    52   110    52   112 0.97 -
NW_025965341.1_RagTag:106474-172925   -            257 16551at314147        -            309     4e-22   75.1  16.4   1   3   3.7e-10   8.3e-09   31.4   1.5   248   303    14    69     8    75 0.94 -
NW_025965341.1_RagTag:106474-172925   -            257 16551at314147        -            309     4e-22   75.1  16.4   2   3   6.3e-08   1.4e-06   24.0   2.3   251   308    73   130    68   131 0.95 -
NW_025965341.1_RagTag:106474-172925   -            257 16551at314147        -            309     4e-22   75.1  16.4   3   3   3.5e-10   7.9e-09   31.4   0.3   251   303   129   181   129   187 0.94 -
NW_025965279.1_RagTag:44846-44427     -            140 16551at314147        -            309   2.9e-21   72.3   2.5   1   2   1.7e-05   0.00039   16.0   0.0   266   308     6    48     1    49 0.92 -
NW_025965279.1_RagTag:44846-44427     -            140 16551at314147        -            309   2.9e-21   72.3   2.5   2   2   8.8e-18     2e-16   56.4   1.4   225   308    49   132    48   133 0.98 -
NW_025965375.1_RagTag:139930-139190   -            247 16551at314147        -            309   3.8e-20   68.6  27.7   1   3    0.0051      0.11    7.9   4.7   246   304    36    94    28    99 0.86 -
NW_025965375.1_RagTag:139930-139190   -            247 16551at314147        -            309   3.8e-20   68.6  27.7   2   3   2.4e-09   5.3e-08   28.7   4.4   225   308    99   181    94   182 0.94 -
NW_025965375.1_RagTag:139930-139190   -            247 16551at314147        -            309   3.8e-20   68.6  27.7   3   3   1.7e-14   3.8e-13   45.6   3.1   224   290   181   247   179   247 0.81 -
NW_025965071.1_RagTag:26271-26759     -            163 16551at314147        -            309   9.1e-20   67.3  19.6   1   3   5.6e-07   1.3e-05   20.9   1.6   248   292     5    48     2    58 0.86 -
NW_025965071.1_RagTag:26271-26759     -            163 16551at314147        -            309   9.1e-20   67.3  19.6   2   3   1.1e-12   2.6e-11   39.6   0.7   255   309    67   121    55   121 0.91 -
NW_025965071.1_RagTag:26271-26759     -            163 16551at314147        -            309   9.1e-20   67.3  19.6   3   3     7e-08   1.6e-06   23.9   3.5   250   294   118   162   118   163 0.93 -
NW_025965039.1_RagTag:276298-250448   -            195 16551at314147        -            309   1.2e-18   63.7   7.3   1   2   3.8e-12   8.4e-11   37.9   0.7   248   309    77   138    70   138 0.95 -
NW_025965039.1_RagTag:276298-250448   -            195 16551at314147        -            309   1.2e-18   63.7   7.3   2   2   3.6e-11   8.1e-10   34.7   1.1   250   308   135   193   135   194 0.98 -
NW_025965127.1_RagTag:114477-114148   -            110 16551at314147        -            309     1e-17   60.7   3.6   1   2   1.6e-16   3.6e-15   52.3   1.2   226   304     1    79     1    84 0.95 -
NW_025965127.1_RagTag:114477-114148   -            110 16551at314147        -            309     1e-17   60.7   3.6   2   2   0.00093     0.021   10.3   0.0   277   304    81   108    78   110 0.79 -
NW_025965279.1_RagTag:100214-99645    -            190 16551at314147        -            309   1.9e-15   53.1   9.1   1   2   2.4e-15   5.4e-14   48.4   3.6   248   309    63   124    49   124 0.94 -
NW_025965279.1_RagTag:100214-99645    -            190 16551at314147        -            309   1.9e-15   53.1   9.1   2   2    0.0047       0.1    8.0   0.1   265   289   163   187   123   190 0.68 -
NW_025965233.1_RagTag:186383-188742   -            257 16551at314147        -            309   2.6e-15   52.7  18.2   1   2   9.5e-12   2.1e-10   36.6   8.2   224   309    99   184    81   184 0.94 -
NW_025965233.1_RagTag:186383-188742   -            257 16551at314147        -            309   2.6e-15   52.7  18.2   2   2   6.4e-07   1.4e-05   20.7   2.9   252   302   207   257   197   257 0.85 -
NW_025965028.1_RagTag:335459-336641   -            329 16551at314147        -            309   2.8e-11   39.5   1.2   1   1   1.9e-12   4.2e-11   38.9   1.2   253   308   266   321   258   322 0.95 -
NW_025965432.1_RagTag:501829-502311   -            161 16551at314147        -            309   1.1e-10   37.5  11.8   1   2   6.3e-08   1.4e-06   24.0   1.3   224   309    36   118     5   118 0.78 -
NW_025965432.1_RagTag:501829-502311   -            161 16551at314147        -            309   1.1e-10   37.5  11.8   2   2   5.1e-08   1.1e-06   24.3   4.0   249   291   114   156   111   161 0.92 -
NW_025965297.1_RagTag:247529-248653   -            301 16551at314147        -            309   4.7e-10   35.5   2.1   1   2   1.1e-10   2.5e-09   33.1   0.1   249   309    69   129    58   129 0.94 -
NW_025965297.1_RagTag:247529-248653   -            301 16551at314147        -            309   4.7e-10   35.5   2.1   2   2      0.29       6.5    2.1   0.2   245   280   266   301   253   301 0.81 -
NW_025965281.1_RagTag:499506-497614   -            631 16551at314147        -            309   4.7e-10   35.4   9.0   1   2   0.00025    0.0057   12.2   1.1   247   298   337   389   332   400 0.83 -
NW_025965281.1_RagTag:499506-497614   -            631 16551at314147        -            309   4.7e-10   35.4   9.0   2   2   5.5e-09   1.2e-07   27.5   0.7   247   308   455   516   448   517 0.93 -
NW_025965344.1_RagTag:898-710         -             63 16551at314147        -            309   1.3e-08   30.7   0.1   1   1   6.1e-10   1.4e-08   30.6   0.1   253   308     8    63     3    63 0.90 -
NW_025965054.1_RagTag:36309-35659     -            217 16551at314147        -            309   2.2e-08   29.9  11.1   1   2   3.6e-09     8e-08   28.1   4.5   225   308    19   114    10   115 0.77 -
NW_025965054.1_RagTag:36309-35659     -            217 16551at314147        -            309   2.2e-08   29.9  11.1   2   2     0.021      0.47    5.9   0.5   224   257   176   209   139   216 0.61 -
NW_025965200.1_RagTag:16831-17695     -            244 16551at314147        -            309   4.9e-08   28.8   2.7   1   2   5.1e-08   1.1e-06   24.3   0.9   225   308   131   215   111   216 0.85 -
NW_025965200.1_RagTag:16831-17695     -            244 16551at314147        -            309   4.9e-08   28.8   2.7   2   2     0.089         2    3.8   0.0   256   275   221   240   216   243 0.89 -
NW_025965285.1_RagTag:174148-175299   -            384 16551at314147        -            309   6.4e-08   28.4  19.0   1   4     0.024      0.54    5.7   0.2   252   302     1    54     1    61 0.61 -
NW_025965285.1_RagTag:174148-175299   -            384 16551at314147        -            309   6.4e-08   28.4  19.0   2   4   2.6e-06   5.8e-05   18.7   1.9   222   305   119   209    86   212 0.72 -
NW_025965285.1_RagTag:174148-175299   -            384 16551at314147        -            309   6.4e-08   28.4  19.0   3   4     0.023      0.51    5.8   1.3   222   271   270   320   262   332 0.56 -
NW_025965285.1_RagTag:174148-175299   -            384 16551at314147        -            309   6.4e-08   28.4  19.0   4   4   0.00017    0.0038   12.8   1.7   213   302   293   384   292   384 0.77 -
NW_025965317.1_RagTag:1374195-1373608 -            196 16551at314147        -            309     2e-06   23.6   8.7   1   3      0.48        11    1.4   0.5   250   291    46    90    39    99 0.64 -
NW_025965317.1_RagTag:1374195-1373608 -            196 16551at314147        -            309     2e-06   23.6   8.7   2   3     0.085       1.9    3.9   4.0   233   292    88   138    75   153 0.76 -
NW_025965317.1_RagTag:1374195-1373608 -            196 16551at314147        -            309     2e-06   23.6   8.7   3   3     6e-07   1.3e-05   20.8   0.2   254   307   144   196   136   196 0.83 -
NW_025965341.1_RagTag:99789-100445    -            219 16551at314147        -            309   9.2e-06   21.4   3.9   1   3     0.026      0.59    5.6   0.1   277   305    23    51     5    57 0.72 -
NW_025965341.1_RagTag:99789-100445    -            219 16551at314147        -            309   9.2e-06   21.4   3.9   2   3     0.037      0.82    5.1   0.0   248   278    80   110    72   114 0.79 -
NW_025965341.1_RagTag:99789-100445    -            219 16551at314147        -            309   9.2e-06   21.4   3.9   3   3   0.00065     0.015   10.8   0.2   249   290   164   207   158   219 0.78 -
NW_025965324.1_RagTag:640103-637710   -            506 16551at314147        -            309   1.1e-05   21.1   3.2   1   2   3.7e-05   0.00082   14.9   2.0   254   301     1    48     1    52 0.88 -
NW_025965324.1_RagTag:640103-637710   -            506 16551at314147        -            309   1.1e-05   21.1   3.2   2   2     0.039      0.87    5.0   0.0   272   300   290   318   283   324 0.87 -
NW_025965300.1_RagTag:165512-166000   -            163 16551at314147        -            309   1.6e-05   20.6   0.6   1   1   1.1e-06   2.4e-05   20.0   0.6   251   298   115   162   108   163 0.64 -
NW_025965375.1_RagTag:125958-125506   -            151 16551at314147        -            309   0.00036   16.1   5.6   1   2   0.00015    0.0034   12.9   0.8   271   305    38    72    29    76 0.84 -
NW_025965375.1_RagTag:125958-125506   -            151 16551at314147        -            309   0.00036   16.1   5.6   2   2     0.041      0.91    4.9   0.4   225   305    76   150    72   151 0.73 -
NW_025965259.1_RagTag:155329-153884   -            482 16551at314147        -            309   0.00081   15.0   3.9   1   2       2.2        49   -0.7   0.2   252   277    20    45    13    51 0.76 -
NW_025965259.1_RagTag:155329-153884   -            482 16551at314147        -            309   0.00081   15.0   3.9   2   2   3.6e-05   0.00081   15.0   3.9   224   287   414   477   384   481 0.68 -
NW_025965316.1_RagTag:2336071-2342190 -            689 16551at314147        -            309     0.064    8.7   7.9   1   2       2.7        60   -1.0   0.2    66   202   496   546   470   560 0.63 -
NW_025965316.1_RagTag:2336071-2342190 -            689 16551at314147        -            309     0.064    8.7   7.9   2   2   0.00068     0.015   10.8   3.1   250   301   627   678   616   685 0.89 -
#
# Program:         hmmsearch
# Version:         3.1b2 (February 2015)
# Pipeline mode:   SEARCH
# Query file:      /home/bgerda/guppy_SUP/busco_downloads/lineages/glires_odb10/hmms/16551at314147.hmm
# Target file:     /home/bgerda/guppy_SUP/busco_results_racon/run_glires_odb10/metaeuk_output/rerun_results/ragtag.scaffold.fasta.modified.fas
# Option settings: hmmsearch --domtblout /home/bgerda/guppy_SUP/busco_results_racon/run_glires_odb10/hmmer_output/rerun_results/16551at314147.out --cpu 1 /home/bgerda/guppy_SUP/busco_downloads/lineages/glires_odb10/hmms/16551at314147.hmm /home/bgerda/guppy_SUP/busco_results_racon/run_glires_odb10/metaeuk_output/rerun_results/ragtag.scaffold.fasta.modified.fas 
# Current dir:     /home/bgerda/guppy_SUP
# Date:            Sun May 21 17:30:01 2023
# [ok]
