#                                                                                             --- full sequence --- -------------- this domain -------------   hmm coord   ali coord   env coord
# target name                         accession   tlen query name           accession   qlen   E-value  score  bias   #  of  c-Evalue  i-Evalue  score  bias  from    to  from    to  from    to  acc description of target
#                 ------------------- ---------- ----- -------------------- ---------- ----- --------- ------ ----- --- --- --------- --------- ------ ----- ----- ----- ----- ----- ----- ----- ---- ---------------------
NW_025965307.1_RagTag:922123-923694   -            524 17692at314147        -            415  4.8e-176  581.8  22.1   1   2  1.5e-125  1.7e-124  412.1   5.1     8   243     7   243     2   259 0.93 -
NW_025965307.1_RagTag:922123-923694   -            524 17692at314147        -            415  4.8e-176  581.8  22.1   2   2   8.5e-54   9.4e-53  175.7   9.0   306   412   416   522   408   524 0.96 -
NW_025965148.1_RagTag:223770-222829   -            314 17692at314147        -            415   1.8e-40  135.3  16.9   1   2     4e-37   4.3e-36  120.8  12.6    12   208    33   224    21   272 0.88 -
NW_025965148.1_RagTag:223770-222829   -            314 17692at314147        -            415   1.8e-40  135.3  16.9   2   2   1.2e-05   0.00013   17.2   0.1   299   340   273   314   255   314 0.88 -
NW_025965256.1_RagTag:799616-800878   -            421 17692at314147        -            415   4.7e-40  133.9  18.8   1   2   7.5e-33   8.2e-32  106.7   9.9    21   224     8   220     2   240 0.80 -
NW_025965256.1_RagTag:799616-800878   -            421 17692at314147        -            415   4.7e-40  133.9  18.8   2   2   2.5e-10   2.8e-09   32.5   1.7   314   395   240   326   228   337 0.88 -
NW_025965323.1_RagTag:1257581-1256595 -            329 17692at314147        -            415   1.2e-36  122.7  17.0   1   2   1.3e-24   1.5e-23   79.5   7.6    19   233    25   242    21   242 0.88 -
NW_025965323.1_RagTag:1257581-1256595 -            329 17692at314147        -            415   1.2e-36  122.7  17.0   2   2   4.5e-17   4.9e-16   54.8   1.3   312   395   233   316   218   325 0.91 -
NW_025965266.1_RagTag:232663-231572   -            364 17692at314147        -            415     3e-17   58.8   3.3   1   2   9.8e-12   1.1e-10   37.2   4.6    22   213     6   192     1   213 0.78 -
NW_025965266.1_RagTag:232663-231572   -            364 17692at314147        -            415     3e-17   58.8   3.3   2   2   4.3e-06   4.7e-05   18.6   0.0   322   393   294   363   245   364 0.87 -
NW_025965161.1_RagTag:402292-401603   -            230 17692at314147        -            415   1.5e-16   56.5   8.2   1   1   1.7e-17   1.9e-16   56.1   8.2    17   198    35   224    27   228 0.84 -
NW_025965317.1_RagTag:3116895-3062171 -            334 17692at314147        -            415   5.6e-16   54.6  13.8   1   2   1.1e-09   1.2e-08   30.4   6.0    14   154    16   156     3   199 0.83 -
NW_025965317.1_RagTag:3116895-3062171 -            334 17692at314147        -            415   5.6e-16   54.6  13.8   2   2   3.4e-09   3.8e-08   28.8   1.6   287   390   207   309   187   319 0.75 -
NW_025965256.1_RagTag:1053727-1052684 -            348 17692at314147        -            415   4.2e-15   51.7  21.7   1   2   4.6e-12     5e-11   38.2   9.1    24   219    36   224    26   230 0.82 -
NW_025965256.1_RagTag:1053727-1052684 -            348 17692at314147        -            415   4.2e-15   51.7  21.7   2   2   9.4e-07     1e-05   20.8   4.3   325   398   229   305   210   312 0.75 -
NW_025965321.1_RagTag:4191413-4192267 -            285 17692at314147        -            415   7.2e-14   47.6  15.4   1   2   3.1e-11   3.4e-10   35.5   9.2    22   200    30   210    15   220 0.83 -
NW_025965321.1_RagTag:4191413-4192267 -            285 17692at314147        -            415   7.2e-14   47.6  15.4   2   2   2.4e-05   0.00027   16.1   0.3   319   351   222   254   215   257 0.89 -
NW_025965278.1_RagTag:261099-260431   -            223 17692at314147        -            415   1.6e-11   39.9  10.7   1   2   1.5e-05   0.00016   16.8   0.4   112   221     1   109     1   114 0.80 -
NW_025965278.1_RagTag:261099-260431   -            223 17692at314147        -            415   1.6e-11   39.9  10.7   2   2     5e-09   5.5e-08   28.2   4.7   320   397   109   192   106   201 0.82 -
NW_025965273.1_RagTag:377227-377896   -            210 17692at314147        -            415   6.7e-11   37.8   8.8   1   1     8e-12   8.7e-11   37.5   8.8    19   145     9   134     3   145 0.89 -
NW_025965295.1_RagTag:908652-907732   -            307 17692at314147        -            415   1.5e-10   36.7  16.2   1   2   1.4e-11   1.5e-10   36.7  16.2    12   202    18   213     8   224 0.80 -
NW_025965295.1_RagTag:908652-907732   -            307 17692at314147        -            415   1.5e-10   36.7  16.2   2   2      0.51       5.6    1.9   8.0   324   388   229   299   218   307 0.64 -
NW_025965314.1_RagTag:111342-113196   -            313 17692at314147        -            415   1.7e-10   36.5  24.2   1   2   1.2e-07   1.3e-06   23.7  13.0    15   198    14   201     5   210 0.76 -
NW_025965314.1_RagTag:111342-113196   -            313 17692at314147        -            415   1.7e-10   36.5  24.2   2   2   3.7e-06   4.1e-05   18.8   3.4   312   394   219   302   206   312 0.81 -
NW_025965319.1_RagTag:179742-242988   -            307 17692at314147        -            415   1.8e-10   36.4  22.9   1   2   1.1e-10   1.3e-09   33.6   9.4    23   209     6   194     3   205 0.82 -
NW_025965319.1_RagTag:179742-242988   -            307 17692at314147        -            415   1.8e-10   36.4  22.9   2   2    0.0036     0.039    9.0   5.4   320   392   205   289   202   305 0.70 -
NW_025965108.1_RagTag:141251-142205   -            306 17692at314147        -            415     1e-09   33.9   3.2   1   2   1.7e-07   1.8e-06   23.2   0.6    26   151    26   156     8   161 0.82 -
NW_025965108.1_RagTag:141251-142205   -            306 17692at314147        -            415     1e-09   33.9   3.2   2   2   0.00073     0.008   11.2   0.1   319   385   213   288   197   295 0.69 -
contig_67641_pilon:735-19             -            239 17692at314147        -            415   2.1e-09   32.9  12.2   1   2   1.2e-07   1.3e-06   23.7   9.7    22   161     8   146     3   201 0.83 -
contig_67641_pilon:735-19             -            239 17692at314147        -            415   2.1e-09   32.9  12.2   2   2    0.0017     0.018   10.1   0.1   311   346   203   238   190   239 0.90 -
NW_025965307.1_RagTag:57189-57698     -            170 17692at314147        -            415     5e-09   31.7   4.1   1   1   5.4e-10   5.9e-09   31.4   4.1    17   143    27   153    17   162 0.89 -
NW_025965209.1_RagTag:596644-597198   -            185 17692at314147        -            415   5.1e-09   31.6   2.8   1   2      0.48       5.2    2.0   0.4   178   206    51    79    35    89 0.78 -
NW_025965209.1_RagTag:596644-597198   -            185 17692at314147        -            415   5.1e-09   31.6   2.8   2   2   4.7e-10   5.1e-09   31.6   2.8   313   393    91   170    76   180 0.86 -
NW_025965123.1_RagTag:1692788-1693690 -            301 17692at314147        -            415   5.1e-09   31.6   4.3   1   3   4.7e-10   5.1e-09   31.6   4.3    19   140    25   146    16   178 0.89 -
NW_025965123.1_RagTag:1692788-1693690 -            301 17692at314147        -            415   5.1e-09   31.6   4.3   2   3       6.4        70   -1.8   0.1    78   108   166   196   152   214 0.77 -
NW_025965123.1_RagTag:1692788-1693690 -            301 17692at314147        -            415   5.1e-09   31.6   4.3   3   3       3.1        34   -0.7   0.0   367   391   272   296   229   301 0.77 -
contig_25261_pilon:2013-1030          -            328 17692at314147        -            415   8.4e-09   30.9  18.1   1   2   9.5e-05     0.001   14.2  14.6    10   158    23   165    15   231 0.68 -
contig_25261_pilon:2013-1030          -            328 17692at314147        -            415   8.4e-09   30.9  18.1   2   2   3.4e-06   3.7e-05   18.9   0.2   310   388   225   311   213   320 0.82 -
contig_45284_pilon:1137-1930          -            264 17692at314147        -            415   2.3e-08   29.5  15.2   1   2     5e-09   5.5e-08   28.2  13.8    25   145    35   155    28   206 0.82 -
contig_45284_pilon:1137-1930          -            264 17692at314147        -            415   2.3e-08   29.5  15.2   2   2       1.5        17    0.3   0.7    49    78   179   208   157   232 0.78 -
contig_27735_pilon:510-1              -            170 17692at314147        -            415   2.8e-08   29.2   7.5   1   1   3.3e-09   3.6e-08   28.9   7.5    23   142    42   161    37   167 0.90 -
NW_025965421.1_RagTag:170956-171649   -            214 17692at314147        -            415   4.9e-08   28.4   8.7   1   2   7.8e-09   8.5e-08   27.6   0.6    73   154    12    91     6   136 0.83 -
NW_025965421.1_RagTag:170956-171649   -            214 17692at314147        -            415   4.9e-08   28.4   8.7   2   2     0.046       0.5    5.3   2.0   359   387   183   211   141   214 0.66 -
NW_025965054.1_RagTag:12554-13459     -            285 17692at314147        -            415   2.1e-07   26.3   3.2   1   2     4e-07   4.4e-06   22.0   1.2    19   144    25   149    12   209 0.85 -
NW_025965054.1_RagTag:12554-13459     -            285 17692at314147        -            415   2.1e-07   26.3   3.2   2   2     0.079      0.86    4.5   0.0   363   393   253   283   217   284 0.76 -
NW_025965101.1_RagTag:46542-45633     -            302 17692at314147        -            415   2.8e-07   25.9   6.4   1   2   3.3e-08   3.7e-07   25.5   4.2    23   145    33   155    19   163 0.92 -
NW_025965101.1_RagTag:46542-45633     -            302 17692at314147        -            415   2.8e-07   25.9   6.4   2   2       1.1        12    0.8   0.1    62   111   154   203   150   212 0.87 -
contig_44821_pilon:548-0              -            183 17692at314147        -            415   3.2e-07   25.7   7.5   1   1   3.4e-08   3.7e-07   25.5   7.5    21   146    29   154    22   179 0.88 -
NW_025965054.1_RagTag:16560-17488     -            285 17692at314147        -            415   4.2e-07   25.3   3.5   1   2   1.9e-07   2.1e-06   23.0   1.0    19   144    31   154    18   170 0.83 -
NW_025965054.1_RagTag:16560-17488     -            285 17692at314147        -            415   4.2e-07   25.3   3.5   2   2      0.34       3.7    2.4   0.0   364   393   254   283   196   284 0.80 -
NW_025965230.1_RagTag:981322-980399   -            308 17692at314147        -            415   4.7e-07   25.2   2.8   1   2   4.3e-08   4.7e-07   25.2   2.8    26   141    35   150    14   180 0.82 -
NW_025965230.1_RagTag:981322-980399   -            308 17692at314147        -            415   4.7e-07   25.2   2.8   2   2      0.79       8.7    1.2   0.2   323   392   236   303   220   307 0.63 -
NW_025965138.1_RagTag:8461-7640       -            274 17692at314147        -            415     6e-07   24.8   5.6   1   2   5.5e-08     6e-07   24.8   5.6    22   144     5   127     1   139 0.78 -
NW_025965138.1_RagTag:8461-7640       -            274 17692at314147        -            415     6e-07   24.8   5.6   2   2      0.14       1.5    3.7   0.6    80   111   145   176   131   252 0.64 -
NW_025965230.1_RagTag:330331-329468   -            288 17692at314147        -            415   9.6e-07   24.1   6.4   1   2   9.4e-08     1e-06   24.0   3.6    32   149    19   135     4   146 0.84 -
NW_025965230.1_RagTag:330331-329468   -            288 17692at314147        -            415   9.6e-07   24.1   6.4   2   2       1.2        13    0.6   0.0   321   349   209   237   189   288 0.59 -
contig_67131_pilon:894-1              -            298 17692at314147        -            415   1.1e-06   24.0   8.5   1   1   1.5e-07   1.7e-06   23.4   8.5    25   167    32   176    24   232 0.81 -
contig_23379_pilon:2033-1140          -            298 17692at314147        -            415   1.5e-06   23.5   9.6   1   1   2.4e-07   2.7e-06   22.7   9.6    25   144    31   150    25   224 0.83 -
NW_025965317.1_RagTag:1396335-1397093 -            253 17692at314147        -            415   2.3e-06   22.9  11.4   1   1     3e-07   3.2e-06   22.4  11.4    21   211    42   225    25   237 0.74 -
NW_025965313.1_RagTag:65084-65656     -            191 17692at314147        -            415   2.4e-06   22.8   8.1   1   1   2.5e-07   2.8e-06   22.6   8.1    23   143    22   142    14   176 0.85 -
NW_025965322.1_RagTag:1853197-1851811 -            304 17692at314147        -            415   3.2e-06   22.4   5.5   1   2     0.024      0.26    6.2   3.7    26   120    55   148    42   159 0.83 -
NW_025965322.1_RagTag:1853197-1851811 -            304 17692at314147        -            415   3.2e-06   22.4   5.5   2   2   2.7e-05   0.00029   16.0   0.0   308   389   198   288   183   299 0.71 -
NW_025965313.1_RagTag:65078-65962     -            266 17692at314147        -            415     4e-06   22.1   8.1   1   1   5.7e-07   6.3e-06   21.5   8.1    23   143    24   144    16   191 0.85 -
NW_025965277.1_RagTag:1743368-1743093 -             92 17692at314147        -            415   4.4e-06   22.0   4.5   1   1   4.4e-07   4.9e-06   21.8   4.5    25   112     5    92     2    92 0.90 -
NW_025965250.1_RagTag:29037-28351     -            229 17692at314147        -            415   4.9e-06   21.8   9.5   1   1   5.8e-07   6.3e-06   21.4   9.5    25   145    46   166    41   216 0.90 -
NW_025965426.1_RagTag:64293-65108     -            272 17692at314147        -            415   7.5e-06   21.2   2.9   1   2   6.9e-07   7.5e-06   21.2   2.9    28   146     8   126     2   143 0.74 -
NW_025965426.1_RagTag:64293-65108     -            272 17692at314147        -            415   7.5e-06   21.2   2.9   2   2      0.55         6    1.8   0.1   322   386   205   269   196   271 0.84 -
NW_025965313.1_RagTag:59120-59602     -            161 17692at314147        -            415   9.4e-06   20.9  11.0   1   1     1e-06   1.1e-05   20.7  11.0    23   144    24   145    16   158 0.81 -
NW_025965305.1_RagTag:1568367-1569271 -            292 17692at314147        -            415   1.2e-05   20.5   4.4   1   2   1.1e-06   1.2e-05   20.5   4.4    23   144    24   145     1   171 0.82 -
NW_025965305.1_RagTag:1568367-1569271 -            292 17692at314147        -            415   1.2e-05   20.5   4.4   2   2      0.68       7.4    1.5   0.1   322   390   226   290   189   292 0.70 -
contig_71775_pilon:1429-593           -            274 17692at314147        -            415   1.4e-05   20.4   7.3   1   3   1.2e-06   1.4e-05   20.4   7.3    26   140     9   120     2   131 0.86 -
contig_71775_pilon:1429-593           -            274 17692at314147        -            415   1.4e-05   20.4   7.3   2   3       2.9        32   -0.6   0.9    67   109   125   169   108   181 0.74 -
contig_71775_pilon:1429-593           -            274 17692at314147        -            415   1.4e-05   20.4   7.3   3   3       8.1        88   -2.1   0.0   362   390   239   267   202   271 0.64 -
NW_025965258.1_RagTag:3663-4571       -            303 17692at314147        -            415   1.6e-05   20.1  11.0   1   2   1.9e-06   2.1e-05   19.8   8.1    20   171    26   179    12   227 0.75 -
NW_025965258.1_RagTag:3663-4571       -            303 17692at314147        -            415   1.6e-05   20.1  11.0   2   2      0.79       8.6    1.2   0.0   362   393   270   301   223   302 0.80 -
NW_025965407.1_RagTag:7923-7021       -            301 17692at314147        -            415   1.7e-05   20.1  10.3   1   2   6.3e-06   6.9e-05   18.0   8.5    22   167    28   175    16   219 0.79 -
NW_025965407.1_RagTag:7923-7021       -            301 17692at314147        -            415   1.7e-05   20.1  10.3   2   2      0.53       5.8    1.8   0.0   368   392   276   300   267   301 0.85 -
NW_025965581.1_RagTag:2490-3395       -            302 17692at314147        -            415   2.4e-05   19.6   5.6   1   3   2.2e-06   2.4e-05   19.6   5.6    17   143    20   146    10   174 0.89 -
NW_025965581.1_RagTag:2490-3395       -            302 17692at314147        -            415   2.4e-05   19.6   5.6   2   3       2.3        25   -0.3   0.2   101   160   200   259   176   277 0.67 -
NW_025965581.1_RagTag:2490-3395       -            302 17692at314147        -            415   2.4e-05   19.6   5.6   3   3       3.8        41   -1.0   0.0   367   392   274   299   227   301 0.79 -
NW_025965317.1_RagTag:2485493-2486315 -            273 17692at314147        -            415   2.6e-05   19.4  11.6   1   2   5.7e-06   6.3e-05   18.2   4.9    24   124    15   115     7   133 0.90 -
NW_025965317.1_RagTag:2485493-2486315 -            273 17692at314147        -            415   2.6e-05   19.4  11.6   2   2     0.043      0.47    5.4   0.5    52    78   163   188   151   205 0.78 -
contig_19055_pilon:1363-482           -            290 17692at314147        -            415     3e-05   19.2   1.8   1   3   2.7e-06     3e-05   19.2   1.8   103   146    99   142    78   167 0.89 -
contig_19055_pilon:1363-482           -            290 17692at314147        -            415     3e-05   19.2   1.8   2   3       1.9        21   -0.0   0.1    53    78   170   192   159   213 0.74 -
contig_19055_pilon:1363-482           -            290 17692at314147        -            415     3e-05   19.2   1.8   3   3       5.8        64   -1.6   0.0   364   386   258   280   216   287 0.75 -
NW_025965008.1_RagTag:184180-173307   -            296 17692at314147        -            415   4.1e-05   18.8  11.5   1   1   3.8e-06   4.1e-05   18.8  11.5    23   145    29   150    24   217 0.79 -
NW_025965235.1_RagTag:58504-57605     -            300 17692at314147        -            415   4.3e-05   18.7   4.7   1   1   3.9e-06   4.3e-05   18.7   4.7    24   144    30   150    23   234 0.75 -
NW_025965305.1_RagTag:1566199-1565318 -            294 17692at314147        -            415   4.4e-05   18.7   2.8   1   3     4e-06   4.4e-05   18.7   2.8    26   146    36   156    25   166 0.70 -
NW_025965305.1_RagTag:1566199-1565318 -            294 17692at314147        -            415   4.4e-05   18.7   2.8   2   3       4.1        45   -1.1   0.1    81   120   173   212   160   217 0.87 -
NW_025965305.1_RagTag:1566199-1565318 -            294 17692at314147        -            415   4.4e-05   18.7   2.8   3   3       3.5        38   -0.9   0.0   320   383   233   292   220   294 0.61 -
contig_57885_pilon:1608-2156          -            183 17692at314147        -            415   4.7e-05   18.6  12.4   1   1   5.3e-06   5.8e-05   18.3  12.4    17   151    36   169    22   175 0.85 -
NW_025965426.1_RagTag:118577-76677    -            296 17692at314147        -            415     5e-05   18.5  11.0   1   3   5.6e-05   0.00062   14.9   3.2    49   148    47   146    30   158 0.69 -
NW_025965426.1_RagTag:118577-76677    -            296 17692at314147        -            415     5e-05   18.5  11.0   2   3       9.7   1.1e+02   -2.3   0.0    24    48   180   204   161   220 0.69 -
NW_025965426.1_RagTag:118577-76677    -            296 17692at314147        -            415     5e-05   18.5  11.0   3   3    0.0054      0.06    8.4   0.2   325   389   228   291   220   295 0.84 -
NW_025965008.1_RagTag:210473-228546   -            254 17692at314147        -            415   5.2e-05   18.4   7.0   1   2   4.8e-06   5.2e-05   18.4   7.0    24   141     4   120     2   196 0.82 -
NW_025965008.1_RagTag:210473-228546   -            254 17692at314147        -            415   5.2e-05   18.4   7.0   2   2       3.2        35   -0.8   0.1   366   390   228   252   207   254 0.76 -
NW_025965223.1_RagTag:121394-120495   -            300 17692at314147        -            415   5.8e-05   18.3  15.4   1   2   5.3e-06   5.8e-05   18.3  15.4    23   200    25   213    13   221 0.78 -
NW_025965223.1_RagTag:121394-120495   -            300 17692at314147        -            415   5.8e-05   18.3  15.4   2   2       1.4        16    0.4   0.2   362   390   264   294   226   299 0.64 -
contig_70120_pilon:645-1532           -            296 17692at314147        -            415   7.2e-05   18.0   4.0   1   1   1.1e-05   0.00012   17.3   3.5    23   130    22   129    13   141 0.85 -
NW_025965008.1_RagTag:160137-159262   -            292 17692at314147        -            415   7.5e-05   17.9   8.2   1   1   9.8e-06   0.00011   17.4   8.2    18   151    21   157    15   208 0.81 -
NW_025965305.1_RagTag:1608632-1609213 -            143 17692at314147        -            415   7.8e-05   17.9   0.3   1   2   7.1e-06   7.8e-05   17.9   0.3   104   145     7    48     2    60 0.83 -
NW_025965305.1_RagTag:1608632-1609213 -            143 17692at314147        -            415   7.8e-05   17.9   0.3   2   2         2        22   -0.1   0.1   322   387    77   138    64   143 0.61 -
NW_025965470.1_RagTag:881-166         -            213 17692at314147        -            415   8.3e-05   17.8   0.6   1   1   1.4e-05   0.00015   16.9   0.2    84   140    34    90    25   110 0.84 -
contig_19626_pilon:706-1617           -            304 17692at314147        -            415   8.7e-05   17.7  13.2   1   1   1.3e-05   0.00014   17.0  13.2    25   154    37   166    32   224 0.77 -
contig_31446_pilon:625-37             -            190 17692at314147        -            415     9e-05   17.6   4.0   1   1   9.5e-06    0.0001   17.4   4.0    23   145    27   149    12   183 0.85 -
NW_025965146.1_RagTag:97684-98594     -            291 17692at314147        -            415   9.4e-05   17.6   3.1   1   1   8.6e-06   9.4e-05   17.6   3.1    25   143    31   139    26   168 0.78 -
NW_025965251.1_RagTag:376661-375814   -            272 17692at314147        -            415   9.4e-05   17.6   3.2   1   1   8.6e-06   9.4e-05   17.6   3.2    24   124    16   116     9   149 0.83 -
NW_025965182.1_RagTag:1728940-1729338 -            133 17692at314147        -            415   0.00011   17.4   7.0   1   1   1.2e-05   0.00013   17.1   7.0    25   123    32   130    24   132 0.95 -
contig_57973_pilon:1251-358           -            298 17692at314147        -            415   0.00012   17.3   4.9   1   1   1.5e-05   0.00017   16.8   4.9    25   197    27   210    17   232 0.72 -
contig_30302_pilon:1953-1056          -            298 17692at314147        -            415   0.00015   16.9   8.4   1   1     2e-05   0.00022   16.3   8.4    18   196    26   209    15   231 0.73 -
NW_025965123.1_RagTag:1790961-1790050 -            304 17692at314147        -            415   0.00017   16.8   8.3   1   1   2.7e-05   0.00029   16.0   8.2    22   147    28   155    15   212 0.74 -
contig_48637_pilon:1311-406           -            302 17692at314147        -            415   0.00019   16.6   9.0   1   1   1.9e-05    0.0002   16.5   8.1    24   145    30   151    21   213 0.79 -
NW_025965161.1_RagTag:650005-650751   -            249 17692at314147        -            415   0.00019   16.6   2.8   1   1   2.7e-05    0.0003   15.9   2.8    57   169    10   124     2   170 0.72 -
NW_025965008.1_RagTag:201239-211571   -            288 17692at314147        -            415   0.00019   16.6   2.8   1   1   3.1e-05   0.00034   15.8   2.8    17   141    17   141    11   174 0.84 -
contig_81842_pilon:1576-685           -            297 17692at314147        -            415   0.00021   16.4   5.3   1   1   1.9e-05   0.00021   16.4   5.3    24   132    23   131    12   154 0.82 -
NW_025965008.1_RagTag:207520-163131   -            277 17692at314147        -            415   0.00023   16.3   7.6   1   3   2.1e-05   0.00023   16.3   7.6    24   151    19   142    10   148 0.79 -
NW_025965008.1_RagTag:207520-163131   -            277 17692at314147        -            415   0.00023   16.3   7.6   2   3       6.6        72   -1.8   0.1    46    64   153   171   144   193 0.75 -
NW_025965008.1_RagTag:207520-163131   -            277 17692at314147        -            415   0.00023   16.3   7.6   3   3      0.13       1.5    3.8   0.3   343   391   225   275   217   277 0.76 -
NW_025965274.1_RagTag:6080-6799       -            240 17692at314147        -            415   0.00027   16.1   9.7   1   1     3e-05   0.00032   15.8   9.2    20   123    26   129    20   203 0.88 -
NW_025965146.1_RagTag:91849-90956     -            276 17692at314147        -            415   0.00038   15.6   4.5   1   2   3.5e-05   0.00038   15.6   4.5    25   123    33   131    18   136 0.91 -
NW_025965146.1_RagTag:91849-90956     -            276 17692at314147        -            415   0.00038   15.6   4.5   2   2       7.7        85   -2.0   0.0   367   389   251   273   245   276 0.78 -
NW_025965161.1_RagTag:647732-648477   -            245 17692at314147        -            415   0.00041   15.5   0.5   1   2   3.8e-05   0.00041   15.5   0.5    92   169    42   121     5   167 0.75 -
NW_025965161.1_RagTag:647732-648477   -            245 17692at314147        -            415   0.00041   15.5   0.5   2   2       7.1        78   -1.9   0.0   366   392   218   244   212   245 0.76 -
NW_025965054.1_RagTag:50512-7369      -            173 17692at314147        -            415   0.00064   14.8   0.1   1   1   6.6e-05   0.00072   14.7   0.1    78   151    70   144    20   164 0.64 -
NW_025965352.1_RagTag:34299-33355     -            315 17692at314147        -            415   0.00071   14.7   9.8   1   1   6.3e-05   0.00069   14.7   8.8    22   194    40   221    32   247 0.76 -
NW_025965636.1_RagTag:13668-15681     -            293 17692at314147        -            415   0.00079   14.5  16.0   1   3   4.2e-05   0.00046   15.3  13.0    18   144    25   148    16   237 0.76 -
NW_025965636.1_RagTag:13668-15681     -            293 17692at314147        -            415   0.00079   14.5  16.0   2   3       2.9        32   -0.6   0.5    97   140   190   235   158   260 0.57 -
NW_025965636.1_RagTag:13668-15681     -            293 17692at314147        -            415   0.00079   14.5  16.0   3   3       3.9        42   -1.0   0.0   368   392   267   291   215   293 0.71 -
NW_025965331.1_RagTag:86104-102345    -            280 17692at314147        -            415    0.0008   14.5   9.2   1   2     0.014      0.16    7.0   6.0    27   142    33   126    16   155 0.64 -
NW_025965331.1_RagTag:86104-102345    -            280 17692at314147        -            415    0.0008   14.5   9.2   2   2       1.4        15    0.4   0.0   365   393   250   278   207   279 0.85 -
contig_16391_pilon:1799-907           -            295 17692at314147        -            415     0.001   14.2  11.7   1   1   0.00012    0.0013   13.8  11.7    21   151    27   160    20   239 0.76 -
NW_025965315.1_RagTag:2428899-2429805 -            300 17692at314147        -            415     0.001   14.2  16.5   1   2   0.00013    0.0014   13.8  11.1    26   195    34   202    23   222 0.77 -
NW_025965315.1_RagTag:2428899-2429805 -            300 17692at314147        -            415     0.001   14.2  16.5   2   2      0.14       1.5    3.8   0.3   319   393   228   300   211   300 0.77 -
NW_025965023.1_RagTag:886213-885926   -             96 17692at314147        -            415    0.0011   14.1   2.3   1   1   0.00011    0.0012   13.9   2.3    26   120     2    96     1    96 0.82 -
NW_025965182.1_RagTag:1702579-1701860 -            240 17692at314147        -            415    0.0012   14.0   0.7   1   2   0.00028    0.0031   12.6   0.3   105   169    51   117    32   166 0.65 -
NW_025965182.1_RagTag:1702579-1701860 -            240 17692at314147        -            415    0.0012   14.0   0.7   2   2       3.4        37   -0.9   0.0   368   390   216   238   207   240 0.77 -
contig_9927_pilon:1331-466            -            247 17692at314147        -            415    0.0012   13.9   8.1   1   2   0.00028    0.0031   12.6   6.6    24   132    13   120     4   143 0.74 -
contig_9927_pilon:1331-466            -            247 17692at314147        -            415    0.0012   13.9   8.1   2   2       1.5        17    0.3   0.0   368   393   217   242   205   246 0.81 -
NW_025965426.1_RagTag:29173-28250     -            308 17692at314147        -            415    0.0017   13.4  15.6   1   2     3e-05   0.00033   15.8  10.4    22   168    30   178    20   216 0.74 -
NW_025965426.1_RagTag:29173-28250     -            308 17692at314147        -            415    0.0017   13.4  15.6   2   2       1.9        21   -0.0   0.1   322   392   234   304   230   307 0.75 -
NW_025965343.1_RagTag:67127-66252     -            269 17692at314147        -            415    0.0017   13.4  10.8   1   2    0.0061     0.067    8.2   3.3   101   145    81   125     3   128 0.69 -
NW_025965343.1_RagTag:67127-66252     -            269 17692at314147        -            415    0.0017   13.4  10.8   2   2    0.0071     0.077    8.0   0.9   331   395   180   251   150   266 0.74 -
NW_025965108.1_RagTag:141726-142244   -            173 17692at314147        -            415    0.0018   13.4   0.1   1   1   0.00021    0.0023   13.0   0.1   319   386    67   143    50   150 0.69 -
contig_68255_pilon:858-0              -            263 17692at314147        -            415    0.0021   13.1   7.5   1   2   8.7e-05   0.00095   14.3   2.3    25   127    35   130    30   135 0.75 -
contig_68255_pilon:858-0              -            263 17692at314147        -            415    0.0021   13.1   7.5   2   2      0.75       8.3    1.3   0.2   133   191   184   242   162   246 0.72 -
NW_025965080.1_RagTag:560460-561338   -            293 17692at314147        -            415    0.0022   13.1  10.7   1   2   4.2e-05   0.00046   15.3   6.5    20   129    22   131    16   194 0.76 -
NW_025965080.1_RagTag:560460-561338   -            293 17692at314147        -            415    0.0022   13.1  10.7   2   2       3.4        37   -0.8   0.1   369   391   270   292   227   293 0.84 -
contig_36220_pilon:1243-2164          -            307 17692at314147        -            415    0.0031   12.6  14.0   1   1   0.00042    0.0046   12.0  13.2    25   158    35   168    29   212 0.76 -
contig_59306_pilon:968-1787           -            269 17692at314147        -            415    0.0036   12.4   8.3   1   2   0.00016    0.0017   13.4   4.8    21   140    27   146    16   170 0.76 -
contig_59306_pilon:968-1787           -            269 17692at314147        -            415    0.0036   12.4   8.3   2   2       2.2        24   -0.2   0.1   134   187   201   252   189   256 0.68 -
NW_025965320.1_RagTag:799549-798621   -            308 17692at314147        -            415    0.0037   12.3   5.1   1   1   0.00065    0.0072   11.4   5.1    23   140    33   150    23   177 0.77 -
NW_025965320.1_RagTag:846850-846021   -            276 17692at314147        -            415    0.0038   12.3   9.3   1   1   0.00049    0.0054   11.8   8.6    25   145     5   125     2   192 0.73 -
NW_025965123.1_RagTag:1603489-1602571 -            301 17692at314147        -            415     0.004   12.2  10.2   1   2   0.00013    0.0014   13.7   6.8    12   128    23   133    16   148 0.67 -
NW_025965123.1_RagTag:1603489-1602571 -            301 17692at314147        -            415     0.004   12.2  10.2   2   2         5        54   -1.4   0.1   371   391   277   297   269   301 0.81 -
NW_025965203.1_RagTag:450455-451276   -            274 17692at314147        -            415    0.0057   11.7  11.3   1   2   0.00016    0.0018   13.4   4.8    20   140    19   138    12   146 0.79 -
NW_025965203.1_RagTag:450455-451276   -            274 17692at314147        -            415    0.0057   11.7  11.3   2   2      0.43       4.7    2.1   0.5    53    80   172   199   159   216 0.85 -
NW_025965182.1_RagTag:1715520-1714610 -            303 17692at314147        -            415    0.0061   11.6   9.6   1   2   0.00033    0.0036   12.4   6.6    25   151    35   160    30   168 0.84 -
NW_025965182.1_RagTag:1715520-1714610 -            303 17692at314147        -            415    0.0061   11.6   9.6   2   2       7.6        83   -2.0   0.0   368   388   279   299   255   302 0.79 -
NW_025965313.1_RagTag:1581324-1580538 -            260 17692at314147        -            415    0.0066   11.5  16.5   1   1   0.00089    0.0097   10.9  16.5    25   201    18   201    14   209 0.77 -
contig_56588_pilon:2295-1488          -            269 17692at314147        -            415    0.0067   11.5   9.6   1   2   0.00019    0.0021   13.1   5.3    28   140     1   113     1   135 0.91 -
contig_56588_pilon:2295-1488          -            269 17692at314147        -            415    0.0067   11.5   9.6   2   2       1.7        19    0.1   0.1   363   392   237   266   197   268 0.76 -
NW_025965305.1_RagTag:1593276-1609222 -            267 17692at314147        -            415    0.0081   11.2  11.4   1   2   8.8e-05   0.00097   14.3   6.7    24   146    32   154     6   180 0.82 -
NW_025965305.1_RagTag:1593276-1609222 -            267 17692at314147        -            415    0.0081   11.2  11.4   2   2       4.2        46   -1.1   0.1   322   390   198   262   191   266 0.58 -
NW_025965140.1_RagTag:813619-812738   -            294 17692at314147        -            415    0.0082   11.2  12.5   1   2   7.5e-05   0.00082   14.5   7.6    24   126    30   132    18   178 0.81 -
NW_025965140.1_RagTag:813619-812738   -            294 17692at314147        -            415    0.0082   11.2  12.5   2   2       5.5        60   -1.5   0.1   367   384   275   292   229   294 0.76 -
NW_025965274.1_RagTag:25462-24893     -            168 17692at314147        -            415    0.0085   11.1   3.6   1   1     0.001     0.011   10.7   3.6   106   145   100   139    23   152 0.75 -
NW_025965431.1_RagTag:6661-14820      -            299 17692at314147        -            415     0.016   10.3  13.1   1   3   7.9e-05   0.00087   14.4   4.4    24   135    30   141    23   156 0.84 -
NW_025965431.1_RagTag:6661-14820      -            299 17692at314147        -            415     0.016   10.3  13.1   2   3       2.1        23   -0.2   2.6    72   191   137   260   131   273 0.70 -
NW_025965431.1_RagTag:6661-14820      -            299 17692at314147        -            415     0.016   10.3  13.1   3   3       1.9        21   -0.0   0.1   368   390   276   298   223   299 0.73 -
NW_025965426.1_RagTag:17883-70266     -            253 17692at314147        -            415     0.017   10.2  12.4   1   2   0.00032    0.0035   12.4   6.9    53   161     6   114     2   156 0.65 -
NW_025965426.1_RagTag:17883-70266     -            253 17692at314147        -            415     0.017   10.2  12.4   2   2       1.3        14    0.5   0.1   322   392   179   249   175   252 0.77 -
contig_72712_pilon:528-1298           -            257 17692at314147        -            415     0.017   10.1  12.4   1   1     0.002     0.021    9.8  12.2    22   138    35   148    25   215 0.74 -
contig_11065_pilon:1203-299           -            299 17692at314147        -            415      0.02    9.9  12.9   1   3   0.00044    0.0048   12.0   3.9    22   122    32   132    21   145 0.85 -
contig_11065_pilon:1203-299           -            299 17692at314147        -            415      0.02    9.9  12.9   2   3       1.5        16    0.3   0.2    76   124   166   213   138   228 0.71 -
contig_11065_pilon:1203-299           -            299 17692at314147        -            415      0.02    9.9  12.9   3   3      0.36       3.9    2.4   0.1   360   390   266   296   220   299 0.78 -
NW_025965313.1_RagTag:1618222-1720472 -            235 17692at314147        -            415     0.022    9.8   9.9   1   2   0.00028    0.0031   12.6   4.0    25   125     3   103     1   122 0.84 -
NW_025965313.1_RagTag:1618222-1720472 -            235 17692at314147        -            415     0.022    9.8   9.9   2   2       1.4        15    0.4   0.7    74   118   134   178   104   186 0.74 -
contig_79807_pilon:390-1              -            130 17692at314147        -            415     0.026    9.5   1.9   1   1    0.0028      0.03    9.3   1.9    24   122    32   130    18   130 0.79 -
NW_025965320.1_RagTag:792323-791874   -            150 17692at314147        -            415     0.026    9.5   3.2   1   1     0.003     0.033    9.2   3.2    24   128    30   134    23   148 0.73 -
NW_025965140.1_RagTag:1002759-1001962 -            259 17692at314147        -            415     0.039    8.9  10.0   1   2   0.00026    0.0029   12.7   2.6    72   144    36   108     1   119 0.75 -
NW_025965140.1_RagTag:1002759-1001962 -            259 17692at314147        -            415     0.039    8.9  10.0   2   2       1.4        16    0.4   0.4   133   189   161   215   146   221 0.73 -
NW_025965352.1_RagTag:115451-3134     -            284 17692at314147        -            415     0.043    8.8  11.0   1   2    0.0037      0.04    8.9   4.9    23   167    19   164    12   191 0.70 -
NW_025965352.1_RagTag:115451-3134     -            284 17692at314147        -            415     0.043    8.8  11.0   2   2      0.15       1.7    3.6   0.3   321   380   220   279   196   283 0.82 -
NW_025965313.1_RagTag:1578926-1577992 -            301 17692at314147        -            415     0.044    8.8  18.2   1   2    0.0023     0.025    9.6  15.3    24   200    39   214    33   221 0.78 -
NW_025965313.1_RagTag:1578926-1577992 -            301 17692at314147        -            415     0.044    8.8  18.2   2   2       2.1        23   -0.2   0.0   366   392   273   299   229   301 0.67 -
contig_77425_pilon:139-1064           -            305 17692at314147        -            415     0.049    8.6  14.3   1   1    0.0026     0.028    9.4  12.6    25   183    35   191    31   222 0.80 -
NW_025965313.1_RagTag:1618129-1619045 -            305 17692at314147        -            415     0.054    8.5  11.4   1   3   0.00036     0.004   12.2   3.7    25   125    34   134    30   153 0.84 -
NW_025965313.1_RagTag:1618129-1619045 -            305 17692at314147        -            415     0.054    8.5  11.4   2   3       1.8        20    0.0   0.4    74   119   165   210   137   218 0.74 -
NW_025965313.1_RagTag:1618129-1619045 -            305 17692at314147        -            415     0.054    8.5  11.4   3   3       3.4        37   -0.8   0.0   367   390   277   300   221   303 0.65 -
contig_22903_pilon:621-1529           -            303 17692at314147        -            415     0.055    8.5  10.9   1   2    0.0037      0.04    8.9   8.1    22   123    29   130    20   148 0.87 -
contig_22903_pilon:621-1529           -            303 17692at314147        -            415     0.055    8.5  10.9   2   2       2.6        29   -0.5   0.0   371   390   280   299   270   302 0.80 -
NW_025965235.1_RagTag:60087-59185     -            301 17692at314147        -            415     0.058    8.4   5.7   1   1    0.0018      0.02    9.9   3.2    27   141    35   149    22   183 0.78 -
contig_75679_pilon:803-1694           -            297 17692at314147        -            415     0.059    8.4  16.9   1   3    0.0001    0.0011   14.0   8.7    24   145    26   147    19   171 0.87 -
contig_75679_pilon:803-1694           -            297 17692at314147        -            415     0.059    8.4  16.9   2   3       7.6        83   -2.0   0.2   330   344   199   213   195   224 0.79 -
contig_75679_pilon:803-1694           -            297 17692at314147        -            415     0.059    8.4  16.9   3   3       4.9        53   -1.4   0.0   367   389   271   293   219   295 0.74 -
NW_025965316.1_RagTag:3770129-3679029 -            162 17692at314147        -            415      0.07    8.1   5.0   1   2   0.00077    0.0084   11.2   0.5    75   126     7    58     2    73 0.83 -
NW_025965316.1_RagTag:3770129-3679029 -            162 17692at314147        -            415      0.07    8.1   5.0   2   2       7.1        78   -1.9   0.3   349   373    93   118    82   136 0.61 -
NW_025965331.1_RagTag:96455-102345    -            287 17692at314147        -            415     0.077    8.0  10.0   1   2    0.0047     0.052    8.6   6.3    47   143    30   134    25   164 0.81 -
NW_025965331.1_RagTag:96455-102345    -            287 17692at314147        -            415     0.077    8.0  10.0   2   2       1.4        16    0.4   0.0   365   393   257   285   214   286 0.85 -
NW_025965008.1_RagTag:184192-183276   -            289 17692at314147        -            415     0.079    7.9  11.4   1   3     0.012      0.13    7.3   0.3    23    63    33    73    28    82 0.92 -
NW_025965008.1_RagTag:184192-183276   -            289 17692at314147        -            415     0.079    7.9  11.4   2   3     0.056      0.61    5.0   2.4   109   145   103   140    80   186 0.83 -
NW_025965008.1_RagTag:184192-183276   -            289 17692at314147        -            415     0.079    7.9  11.4   3   3       2.4        26   -0.4   0.1   137   193   196   250   189   258 0.79 -
NW_025965431.1_RagTag:35565-34649     -            304 17692at314147        -            415      0.11    7.5   9.3   1   1   0.00014    0.0015   13.6   1.8    26   132    36   142    20   158 0.75 -
NW_025965352.1_RagTag:10910-11527     -            206 17692at314147        -            415      0.22    6.5   9.4   1   1     0.025      0.27    6.2   9.4    26   173    34   181    22   202 0.71 -
NW_025965008.1_RagTag:147496-148383   -            296 17692at314147        -            415      0.35    5.8  16.6   1   4    0.0017     0.018   10.1   5.4    11   124    10   123     7   154 0.78 -
NW_025965008.1_RagTag:147496-148383   -            296 17692at314147        -            415      0.35    5.8  16.6   2   4       0.8       8.8    1.2   0.8    53    94   173   216   160   227 0.69 -
NW_025965008.1_RagTag:147496-148383   -            296 17692at314147        -            415      0.35    5.8  16.6   3   4         1        11    0.9   0.8   131   183   195   245   190   265 0.78 -
NW_025965008.1_RagTag:147496-148383   -            296 17692at314147        -            415      0.35    5.8  16.6   4   4       1.6        18    0.2   0.0   365   391   266   292   222   295 0.70 -
NW_025965426.1_RagTag:106641-105805   -            279 17692at314147        -            415      0.44    5.5  15.4   1   3    0.0023     0.026    9.6   6.1    30   153    11   134     4   150 0.69 -
NW_025965426.1_RagTag:106641-105805   -            279 17692at314147        -            415      0.44    5.5  15.4   2   3       1.7        19    0.1   1.0    18    93   181   254   165   258 0.71 -
NW_025965426.1_RagTag:106641-105805   -            279 17692at314147        -            415      0.44    5.5  15.4   3   3      0.59       6.5    1.6   0.2   333   392   218   277   204   279 0.67 -
NW_025965274.1_RagTag:775-1698        -            308 17692at314147        -            415      0.62    5.0  21.3   1   3    0.0014     0.016   10.3  10.9    19   144    32   157    25   165 0.85 -
NW_025965274.1_RagTag:775-1698        -            308 17692at314147        -            415      0.62    5.0  21.3   2   3       3.8        42   -1.0   1.8   142   192   207   260   188   266 0.64 -
NW_025965274.1_RagTag:775-1698        -            308 17692at314147        -            415      0.62    5.0  21.3   3   3       2.4        26   -0.3   0.0   370   390   285   305   268   308 0.81 -
NW_025965426.1_RagTag:106724-105805   -            306 17692at314147        -            415       0.8    4.6  16.2   1   2    0.0051     0.056    8.5   7.4    29   153    37   161    23   177 0.70 -
NW_025965426.1_RagTag:106724-105805   -            306 17692at314147        -            415       0.8    4.6  16.2   2   2      0.64         7    1.5   0.1   332   392   244   304   229   306 0.68 -
NW_025965123.1_RagTag:1802243-1682359 -            269 17692at314147        -            415       1.2    4.1  10.6   1   2      0.01      0.11    7.4   4.1    23   133    10   111     3   137 0.77 -
NW_025965123.1_RagTag:1802243-1682359 -            269 17692at314147        -            415       1.2    4.1  10.6   2   2       1.7        19    0.1   0.4    53    82   152   188   132   238 0.50 -
contig_72985_pilon:1525-2463          -            310 17692at314147        -            415       1.4    3.8  16.7   1   3     0.023      0.25    6.3   7.1    25   127    37   139    32   154 0.85 -
contig_72985_pilon:1525-2463          -            310 17692at314147        -            415       1.4    3.8  16.7   2   3      0.29       3.2    2.7   2.6    55   112   145   203   135   225 0.80 -
contig_72985_pilon:1525-2463          -            310 17692at314147        -            415       1.4    3.8  16.7   3   3       8.7        95   -2.2   0.0   369   393   280   304   272   308 0.78 -
NW_025965123.1_RagTag:1592694-1591777 -            306 17692at314147        -            415       2.5    3.0  16.5   1   2    0.0038     0.042    8.9   7.7    23   144    29   150    18   162 0.77 -
NW_025965123.1_RagTag:1592694-1591777 -            306 17692at314147        -            415       2.5    3.0  16.5   2   2       2.9        32   -0.6   0.4     4    57   166   218   162   228 0.71 -
#
# Program:         hmmsearch
# Version:         3.1b2 (February 2015)
# Pipeline mode:   SEARCH
# Query file:      /home/bgerda/guppy_SUP/busco_downloads/lineages/glires_odb10/hmms/17692at314147.hmm
# Target file:     /home/bgerda/guppy_SUP/busco_results_racon/run_glires_odb10/metaeuk_output/rerun_results/ragtag.scaffold.fasta.modified.fas
# Option settings: hmmsearch --domtblout /home/bgerda/guppy_SUP/busco_results_racon/run_glires_odb10/hmmer_output/rerun_results/17692at314147.out --cpu 1 /home/bgerda/guppy_SUP/busco_downloads/lineages/glires_odb10/hmms/17692at314147.hmm /home/bgerda/guppy_SUP/busco_results_racon/run_glires_odb10/metaeuk_output/rerun_results/ragtag.scaffold.fasta.modified.fas 
# Current dir:     /home/bgerda/guppy_SUP
# Date:            Sun May 21 17:29:54 2023
# [ok]
