#                                                                                             --- full sequence --- -------------- this domain -------------   hmm coord   ali coord   env coord
# target name                         accession   tlen query name           accession   qlen   E-value  score  bias   #  of  c-Evalue  i-Evalue  score  bias  from    to  from    to  from    to  acc description of target
#                 ------------------- ---------- ----- -------------------- ---------- ----- --------- ------ ----- --- --- --------- --------- ------ ----- ----- ----- ----- ----- ----- ----- ---- ---------------------
NW_025965245.1_RagTag:400173-400936   -            124 19489at314147        -            420   7.1e-26   87.1   9.4   1   2   3.3e-18   7.7e-16   54.1   3.6    17   100     1    78     1    79 0.90 -
NW_025965245.1_RagTag:400173-400936   -            124 19489at314147        -            420   7.1e-26   87.1   9.4   2   2   1.8e-13   4.2e-11   38.5   0.9   122   167    77   122    76   124 0.93 -
NW_025965322.1_RagTag:1227246-1228055 -            270 19489at314147        -            420   1.5e-16   56.4   9.5   1   1   1.6e-18   3.7e-16   55.1   9.5    17   230     1   199     1   265 0.83 -
NW_025965319.1_RagTag:4123940-4123488 -            151 19489at314147        -            420   3.9e-05   18.8   0.6   1   1   2.2e-07     5e-05   18.5   0.6    21    57    40    75    36   109 0.83 -
NW_025965209.1_RagTag:161057-161341   -             95 19489at314147        -            420    0.0011   14.1   0.2   1   1   5.1e-06    0.0012   14.0   0.2    25    58    28    60    19    86 0.74 -
NW_025965075.1_RagTag:65339-58346     -            349 19489at314147        -            420    0.0021   13.1   0.8   1   1   1.5e-05    0.0035   12.4   0.8    20    57    45    81    33    88 0.88 -
contig_4568_pilon:1304-1546           -             81 19489at314147        -            420    0.0058   11.7   2.7   1   1   3.6e-05    0.0083   11.1   2.6    24    52     1    28     1    44 0.85 -
#
# Program:         hmmsearch
# Version:         3.1b2 (February 2015)
# Pipeline mode:   SEARCH
# Query file:      /home/bgerda/guppy_SUP/busco_downloads/lineages/glires_odb10/hmms/19489at314147.hmm
# Target file:     /home/bgerda/guppy_SUP/busco_results_racon/run_glires_odb10/metaeuk_output/rerun_results/ragtag.scaffold.fasta.modified.fas
# Option settings: hmmsearch --domtblout /home/bgerda/guppy_SUP/busco_results_racon/run_glires_odb10/hmmer_output/rerun_results/19489at314147.out --cpu 1 /home/bgerda/guppy_SUP/busco_downloads/lineages/glires_odb10/hmms/19489at314147.hmm /home/bgerda/guppy_SUP/busco_results_racon/run_glires_odb10/metaeuk_output/rerun_results/ragtag.scaffold.fasta.modified.fas 
# Current dir:     /home/bgerda/guppy_SUP
# Date:            Sun May 21 17:30:01 2023
# [ok]
