#                                                                                             --- full sequence --- -------------- this domain -------------   hmm coord   ali coord   env coord
# target name                         accession   tlen query name           accession   qlen   E-value  score  bias   #  of  c-Evalue  i-Evalue  score  bias  from    to  from    to  from    to  acc description of target
#                 ------------------- ---------- ----- -------------------- ---------- ----- --------- ------ ----- --- --- --------- --------- ------ ----- ----- ----- ----- ----- ----- ----- ---- ---------------------
NW_025965287.1_RagTag:1440279-1439407 -            289 19837at314147        -            383   7.8e-29   97.5   8.7   1   3   7.4e-18   1.5e-15   53.8   1.3   138   264    14   132     5   136 0.88 -
NW_025965287.1_RagTag:1440279-1439407 -            289 19837at314147        -            383   7.8e-29   97.5   8.7   2   3   4.6e-11   9.2e-09   31.4   0.0   118   170   114   165   113   178 0.89 -
NW_025965287.1_RagTag:1440279-1439407 -            289 19837at314147        -            383   7.8e-29   97.5   8.7   3   3   1.2e-10   2.4e-08   30.0   0.2   110   243   148   282   144   288 0.82 -
contig_13085_pilon:864-71             -            219 19837at314147        -            383   6.2e-14   48.4   0.4   1   2   1.5e-05    0.0031   13.2   0.0   214   267    28    77    11    87 0.79 -
contig_13085_pilon:864-71             -            219 19837at314147        -            383   6.2e-14   48.4   0.4   2   2   4.1e-14   8.1e-12   41.4   0.4   144   299    40   177    33   212 0.75 -
NW_025965155.1_RagTag:64307-63339     -            323 19837at314147        -            383   1.3e-05   21.0   0.1   1   2   1.2e-07   2.5e-05   20.1   0.1   146   332    69   260    20   280 0.78 -
NW_025965155.1_RagTag:64307-63339     -            323 19837at314147        -            383   1.3e-05   21.0   0.1   2   2       1.6   3.1e+02   -3.3   0.0    26    39   292   305   281   312 0.60 -
NW_025965316.1_RagTag:4219329-4218889 -            147 19837at314147        -            383   9.7e-05   18.1   0.1   1   2     0.036       7.1    2.1   0.0   145   184    10    49     5    70 0.81 -
NW_025965316.1_RagTag:4219329-4218889 -            147 19837at314147        -            383   9.7e-05   18.1   0.1   2   2   7.9e-06    0.0016   14.2   0.1   345   380   109   144   100   147 0.90 -
NW_025965114.1_RagTag:27851-27678     -             58 19837at314147        -            383   0.00018   17.3   0.0   1   1     1e-06    0.0002   17.1   0.0   133   169     8    43     3    51 0.69 -
NW_025965321.1_RagTag:2930434-2928056 -            522 19837at314147        -            383    0.0005   15.8   1.2   1   3      0.47        94   -1.6   0.0   247   274   112   138   104   179 0.67 -
NW_025965321.1_RagTag:2930434-2928056 -            522 19837at314147        -            383    0.0005   15.8   1.2   2   3     7e-06    0.0014   14.3   0.1   135   253   181   302   177   357 0.70 -
NW_025965321.1_RagTag:2930434-2928056 -            522 19837at314147        -            383    0.0005   15.8   1.2   3   3      0.94   1.9e+02   -2.5   0.0   316   339   471   494   467   502 0.84 -
NW_025965310.1_RagTag:472250-484579   -            307 19837at314147        -            383     0.002   13.8   0.2   1   2   0.00048     0.096    8.3   0.0   116   197    98   178    85   204 0.73 -
NW_025965310.1_RagTag:472250-484579   -            307 19837at314147        -            383     0.002   13.8   0.2   2   2     0.013       2.5    3.6   0.0   137   174   218   255   210   295 0.81 -
#
# Program:         hmmsearch
# Version:         3.1b2 (February 2015)
# Pipeline mode:   SEARCH
# Query file:      /home/bgerda/guppy_SUP/busco_downloads/lineages/glires_odb10/hmms/19837at314147.hmm
# Target file:     /home/bgerda/guppy_SUP/busco_results_racon/run_glires_odb10/metaeuk_output/rerun_results/ragtag.scaffold.fasta.modified.fas
# Option settings: hmmsearch --domtblout /home/bgerda/guppy_SUP/busco_results_racon/run_glires_odb10/hmmer_output/rerun_results/19837at314147.out --cpu 1 /home/bgerda/guppy_SUP/busco_downloads/lineages/glires_odb10/hmms/19837at314147.hmm /home/bgerda/guppy_SUP/busco_results_racon/run_glires_odb10/metaeuk_output/rerun_results/ragtag.scaffold.fasta.modified.fas 
# Current dir:     /home/bgerda/guppy_SUP
# Date:            Sun May 21 17:29:51 2023
# [ok]
