#                                                                                             --- full sequence --- -------------- this domain -------------   hmm coord   ali coord   env coord
# target name                         accession   tlen query name           accession   qlen   E-value  score  bias   #  of  c-Evalue  i-Evalue  score  bias  from    to  from    to  from    to  acc description of target
#                 ------------------- ---------- ----- -------------------- ---------- ----- --------- ------ ----- --- --- --------- --------- ------ ----- ----- ----- ----- ----- ----- ----- ---- ---------------------
NW_025965275.1_RagTag:420401-420210   -             64 22159at314147        -            369   2.2e-09   33.6   0.1   1   1   9.4e-12   2.2e-09   33.6   0.1   186   221     3    38     1    62 0.90 -
NW_025965324.1_RagTag:2927304-2928146 -            184 22159at314147        -            369   3.4e-08   29.7   4.9   1   2     2e-10   4.6e-08   29.3   4.1   144   218    51   116    11   124 0.59 -
NW_025965324.1_RagTag:2927304-2928146 -            184 22159at314147        -            369   3.4e-08   29.7   4.9   2   2      0.97   2.2e+02   -2.6   0.0   214   244   143   171   120   174 0.57 -
NW_025965266.1_RagTag:206462-207725   -            126 22159at314147        -            369   3.8e-07   26.3   1.0   1   2      0.21        50   -0.4   0.3    20    51     3    36     1    52 0.77 -
NW_025965266.1_RagTag:206462-207725   -            126 22159at314147        -            369   3.8e-07   26.3   1.0   2   2   1.6e-09   3.8e-07   26.3   1.0   182   221    80   119    27   124 0.81 -
NW_025965324.1_RagTag:2915185-2915394 -             70 22159at314147        -            369   9.2e-06   21.7   0.5   1   2   5.4e-08   1.2e-05   21.3   0.1   184   218     3    37     1    46 0.89 -
NW_025965324.1_RagTag:2915185-2915394 -             70 22159at314147        -            369   9.2e-06   21.7   0.5   2   2      0.36        84   -1.2   0.0   142   168    39    65    34    67 0.81 -
NW_025965284.1_RagTag:345181-345417   -             79 22159at314147        -            369   1.2e-05   21.3   0.3   1   1   5.2e-08   1.2e-05   21.3   0.3   168   221     9    63     1    73 0.81 -
NW_025965177.1_RagTag:229533-229225   -            103 22159at314147        -            369   5.6e-05   19.1   0.1   1   1   3.1e-07   7.2e-05   18.8   0.1   181   222    45    84    33    92 0.83 -
#
# Program:         hmmsearch
# Version:         3.1b2 (February 2015)
# Pipeline mode:   SEARCH
# Query file:      /home/bgerda/guppy_SUP/busco_downloads/lineages/glires_odb10/hmms/22159at314147.hmm
# Target file:     /home/bgerda/guppy_SUP/busco_results_racon/run_glires_odb10/metaeuk_output/rerun_results/ragtag.scaffold.fasta.modified.fas
# Option settings: hmmsearch --domtblout /home/bgerda/guppy_SUP/busco_results_racon/run_glires_odb10/hmmer_output/rerun_results/22159at314147.out --cpu 1 /home/bgerda/guppy_SUP/busco_downloads/lineages/glires_odb10/hmms/22159at314147.hmm /home/bgerda/guppy_SUP/busco_results_racon/run_glires_odb10/metaeuk_output/rerun_results/ragtag.scaffold.fasta.modified.fas 
# Current dir:     /home/bgerda/guppy_SUP
# Date:            Sun May 21 17:29:54 2023
# [ok]
