#                                                                                             --- full sequence --- -------------- this domain -------------   hmm coord   ali coord   env coord
# target name                         accession   tlen query name           accession   qlen   E-value  score  bias   #  of  c-Evalue  i-Evalue  score  bias  from    to  from    to  from    to  acc description of target
#                 ------------------- ---------- ----- -------------------- ---------- ----- --------- ------ ----- --- --- --------- --------- ------ ----- ----- ----- ----- ----- ----- ----- ---- ---------------------
NW_025965290.1_RagTag:1328325-1330569 -            279 22640at314147        -            432   1.9e-50  168.2   0.4   1   1   7.4e-52     1e-49  165.8   0.4     3   142    29   154    27   161 0.96 -
NW_025965228.1_RagTag:17095-16619     -             74 22640at314147        -            432   7.5e-25   83.9   2.9   1   1     6e-27   8.3e-25   83.8   2.9   217   279    10    72     5    74 0.95 -
NW_025965177.1_RagTag:229533-229225   -            103 22640at314147        -            432   1.7e-09   33.3   0.9   1   1   1.5e-11   2.1e-09   33.0   0.9   219   274    48   103    41   103 0.94 -
NW_025965275.1_RagTag:420401-420210   -             64 22640at314147        -            432   5.2e-09   31.7   4.3   1   1   4.1e-11   5.8e-09   31.6   4.3   221   280     5    64     2    64 0.95 -
NW_025965300.1_RagTag:1697831-1699783 -            651 22640at314147        -            432   2.2e-08   29.6  14.5   1   5      0.25        35   -0.7   0.4   341   374   129   164   122   177 0.76 -
NW_025965300.1_RagTag:1697831-1699783 -            651 22640at314147        -            432   2.2e-08   29.6  14.5   2   5   0.00014      0.02   10.0   1.1   236   344   165   283   144   304 0.71 -
NW_025965300.1_RagTag:1697831-1699783 -            651 22640at314147        -            432   2.2e-08   29.6  14.5   3   5    0.0066      0.91    4.5   0.0   228   275   337   384   331   393 0.91 -
NW_025965300.1_RagTag:1697831-1699783 -            651 22640at314147        -            432   2.2e-08   29.6  14.5   4   5    0.0001     0.014   10.5   0.2   228   273   427   472   421   485 0.91 -
NW_025965300.1_RagTag:1697831-1699783 -            651 22640at314147        -            432   2.2e-08   29.6  14.5   5   5   5.6e-05    0.0077   11.4   0.1   228   273   526   571   479   591 0.88 -
NW_025965324.1_RagTag:2927304-2928146 -            184 22640at314147        -            432   3.4e-08   29.0   0.3   1   1   3.1e-10   4.4e-08   28.7   0.3   224   296    89   161    84   180 0.85 -
NW_025965324.1_RagTag:2915185-2915394 -             70 22640at314147        -            432   6.6e-07   24.8   2.5   1   1   5.8e-09     8e-07   24.5   2.5   221   280     7    66     5    69 0.90 -
NW_025965284.1_RagTag:345181-345417   -             79 22640at314147        -            432   1.8e-05   20.1   0.2   1   1   1.3e-07   1.8e-05   20.1   0.2   218   270    27    79     2    79 0.86 -
NW_025965218.1_RagTag:1315724-1313338 -            219 22640at314147        -            432   0.00059   15.1   0.1   1   1   5.4e-06   0.00076   14.7   0.1   219   288    85   153    72   170 0.82 -
NW_025965309.1_RagTag:3204112-3203780 -            111 22640at314147        -            432    0.0017   13.6   0.1   1   1   1.4e-05    0.0019   13.4   0.1   249   278     2    31     1    53 0.86 -
#
# Program:         hmmsearch
# Version:         3.1b2 (February 2015)
# Pipeline mode:   SEARCH
# Query file:      /home/bgerda/guppy_SUP/busco_downloads/lineages/glires_odb10/hmms/22640at314147.hmm
# Target file:     /home/bgerda/guppy_SUP/busco_results_racon/run_glires_odb10/metaeuk_output/rerun_results/ragtag.scaffold.fasta.modified.fas
# Option settings: hmmsearch --domtblout /home/bgerda/guppy_SUP/busco_results_racon/run_glires_odb10/hmmer_output/rerun_results/22640at314147.out --cpu 1 /home/bgerda/guppy_SUP/busco_downloads/lineages/glires_odb10/hmms/22640at314147.hmm /home/bgerda/guppy_SUP/busco_results_racon/run_glires_odb10/metaeuk_output/rerun_results/ragtag.scaffold.fasta.modified.fas 
# Current dir:     /home/bgerda/guppy_SUP
# Date:            Sun May 21 17:29:55 2023
# [ok]
