#                                                                                             --- full sequence --- -------------- this domain -------------   hmm coord   ali coord   env coord
# target name                         accession   tlen query name           accession   qlen   E-value  score  bias   #  of  c-Evalue  i-Evalue  score  bias  from    to  from    to  from    to  acc description of target
#                 ------------------- ---------- ----- -------------------- ---------- ----- --------- ------ ----- --- --- --------- --------- ------ ----- ----- ----- ----- ----- ----- ----- ---- ---------------------
NW_025965028.1_RagTag:53393-54202     -            270 2278at314147         -           1331   2.5e-28   94.3  16.3   1   2   7.7e-10   9.7e-08   26.1   0.4   157   210    31    84    19    87 0.91 -
NW_025965028.1_RagTag:53393-54202     -            270 2278at314147         -           1331   2.5e-28   94.3  16.3   2   2   6.8e-26   8.6e-24   79.3  10.0   127   302    47   222    47   233 0.97 -
NW_025965287.1_RagTag:800819-799737   -            361 2278at314147         -           1331     3e-21   70.9  25.8   1   2   9.7e-14   1.2e-11   39.0  10.1   144   300    96   258    62   260 0.74 -
NW_025965287.1_RagTag:800819-799737   -            361 2278at314147         -           1331     3e-21   70.9  25.8   2   2   1.1e-15   1.4e-13   45.5   7.7   120   279   191   356   187   360 0.89 -
NW_025965287.1_RagTag:802910-802371   -            180 2278at314147         -           1331   1.1e-11   39.1   0.9   1   1   1.1e-13   1.4e-11   38.8   0.9    58   186    43   176    29   179 0.85 -
NW_025965140.1_RagTag:194211-195170   -            320 2278at314147         -           1331   2.8e-10   34.5   3.1   1   2   5.7e-08   7.2e-06   19.9   0.0   149   227    68   150    60   161 0.71 -
NW_025965140.1_RagTag:194211-195170   -            320 2278at314147         -           1331   2.8e-10   34.5   3.1   2   2   1.9e-06   0.00025   14.8   1.0    55   172   192   313   164   319 0.72 -
NW_025965075.1_RagTag:65339-58346     -            349 2278at314147         -           1331   3.4e-07   24.3   0.0   1   1   4.4e-09   5.6e-07   23.6   0.0   748   866   219   336   212   344 0.81 -
NW_025965324.1_RagTag:3746709-3746149 -            187 2278at314147         -           1331   3.9e-07   24.1   0.1   1   1   3.6e-09   4.6e-07   23.9   0.1    45   175    25   159     8   180 0.79 -
NW_025965304.1_RagTag:298541-234380   -            569 2278at314147         -           1331   2.4e-06   21.5   5.5   1   2   1.4e-07   1.7e-05   18.7   0.9    83   161    23   105    14   170 0.88 -
NW_025965304.1_RagTag:298541-234380   -            569 2278at314147         -           1331   2.4e-06   21.5   5.5   2   2    0.0016       0.2    5.2   0.3    76   163   384   475   266   507 0.48 -
NW_025965319.1_RagTag:936680-934538   -            651 2278at314147         -           1331   4.1e-06   20.7   3.7   1   2   9.5e-05     0.012    9.2   0.1   146   188   157   200   136   222 0.80 -
NW_025965319.1_RagTag:936680-934538   -            651 2278at314147         -           1331   4.1e-06   20.7   3.7   2   2   1.1e-05    0.0013   12.4   0.5    99   166   228   297   217   315 0.84 -
NW_025965301.1_RagTag:529721-528217   -            499 2278at314147         -           1331   6.8e-06   20.0   1.9   1   1   7.1e-08   8.9e-06   19.6   1.9   147   249    58   163    36   197 0.55 -
contig_74745_pilon:421-837            -            139 2278at314147         -           1331   8.2e-06   19.7   3.4   1   1   9.1e-08   1.1e-05   19.2   3.4   100   214    13   126     2   139 0.58 -
NW_025965233.1_RagTag:1527483-1527755 -             91 2278at314147         -           1331   1.8e-05   18.6   3.2   1   1   1.5e-07   1.9e-05   18.6   3.2   149   232     2    88     1    91 0.85 -
#
# Program:         hmmsearch
# Version:         3.1b2 (February 2015)
# Pipeline mode:   SEARCH
# Query file:      /home/bgerda/guppy_SUP/busco_downloads/lineages/glires_odb10/hmms/2278at314147.hmm
# Target file:     /home/bgerda/guppy_SUP/busco_results_racon/run_glires_odb10/metaeuk_output/rerun_results/ragtag.scaffold.fasta.modified.fas
# Option settings: hmmsearch --domtblout /home/bgerda/guppy_SUP/busco_results_racon/run_glires_odb10/hmmer_output/rerun_results/2278at314147.out --cpu 1 /home/bgerda/guppy_SUP/busco_downloads/lineages/glires_odb10/hmms/2278at314147.hmm /home/bgerda/guppy_SUP/busco_results_racon/run_glires_odb10/metaeuk_output/rerun_results/ragtag.scaffold.fasta.modified.fas 
# Current dir:     /home/bgerda/guppy_SUP
# Date:            Sun May 21 17:29:57 2023
# [ok]
