#                                                                                             --- full sequence --- -------------- this domain -------------   hmm coord   ali coord   env coord
# target name                         accession   tlen query name           accession   qlen   E-value  score  bias   #  of  c-Evalue  i-Evalue  score  bias  from    to  from    to  from    to  acc description of target
#                 ------------------- ---------- ----- -------------------- ---------- ----- --------- ------ ----- --- --- --------- --------- ------ ----- ----- ----- ----- ----- ----- ----- ---- ---------------------
NW_025965321.1_RagTag:4191413-4192267 -            285 23879at314147        -            329   2.7e-54  181.1  13.8   1   2   1.6e-40   8.4e-39  130.1   4.6    24   181     2   163     1   170 0.92 -
NW_025965321.1_RagTag:4191413-4192267 -            285 23879at314147        -            329   2.7e-54  181.1  13.8   2   2   3.5e-18   1.9e-16   56.7   1.8   186   276   190   285   179   285 0.93 -
NW_025965108.1_RagTag:141251-142205   -            306 23879at314147        -            329   8.8e-28   93.9   3.5   1   1   2.1e-29   1.1e-27   93.6   3.5    47   296    17   296     8   303 0.80 -
contig_25261_pilon:2013-1030          -            328 23879at314147        -            329   5.9e-27   91.2  21.4   1   2     1e-16   5.6e-15   51.8  13.8    39   170    19   153     3   168 0.82 -
contig_25261_pilon:2013-1030          -            328 23879at314147        -            329   5.9e-27   91.2  21.4   2   2   2.3e-14   1.2e-12   44.1   0.9   181   294   198   314   171   321 0.85 -
NW_025965319.1_RagTag:179742-242988   -            307 23879at314147        -            329   1.3e-21   73.6  20.2   1   2   1.6e-14   8.7e-13   44.6   6.4    48   170     1   126     1   136 0.86 -
NW_025965319.1_RagTag:179742-242988   -            307 23879at314147        -            329   1.3e-21   73.6  20.2   2   2   1.4e-11   7.6e-10   35.0   5.9   187   297   166   290   155   298 0.80 -
NW_025965322.1_RagTag:1853197-1851811 -            304 23879at314147        -            329   1.4e-20   70.3   6.1   1   2   4.3e-17   2.3e-15   53.1   3.0    42   164    41   167    21   176 0.85 -
NW_025965322.1_RagTag:1853197-1851811 -            304 23879at314147        -            329   1.4e-20   70.3   6.1   2   2   1.7e-06   9.1e-05   18.3   0.1   218   296   210   292   199   303 0.81 -
NW_025965230.1_RagTag:330331-329468   -            288 23879at314147        -            329   6.3e-20   68.1  13.1   1   2   5.4e-15   2.9e-13   46.2   7.5    49   170     6   129     2   155 0.88 -
NW_025965230.1_RagTag:330331-329468   -            288 23879at314147        -            329   6.3e-20   68.1  13.1   2   2   1.2e-08   6.4e-07   25.4   0.5   188   292   175   287   136   288 0.81 -
contig_67641_pilon:735-19             -            239 23879at314147        -            329   6.6e-19   64.8  20.7   1   2   4.7e-19   2.5e-17   59.6  11.5    47   167     3   125     1   140 0.85 -
contig_67641_pilon:735-19             -            239 23879at314147        -            329   6.6e-19   64.8  20.7   2   2    0.0003     0.016   10.9   1.7   185   244   179   238   167   239 0.88 -
NW_025965295.1_RagTag:908652-907732   -            307 23879at314147        -            329   2.5e-18   62.9  29.9   1   2   1.9e-13   9.9e-12   41.2  13.7    44   170    20   149    15   183 0.86 -
NW_025965295.1_RagTag:908652-907732   -            307 23879at314147        -            329   2.5e-18   62.9  29.9   2   2   2.2e-09   1.2e-07   27.8   8.4   187   293   192   301   167   305 0.84 -
NW_025965161.1_RagTag:402292-401603   -            230 23879at314147        -            329   4.3e-16   55.5   3.7   1   2     8e-18   4.3e-16   55.5   3.7    44   174    32   169     6   178 0.80 -
NW_025965161.1_RagTag:402292-401603   -            230 23879at314147        -            329   4.3e-16   55.5   3.7   2   2       7.5     4e+02   -3.6   0.3   184   202   205   222   192   226 0.44 -
contig_57885_pilon:1608-2156          -            183 23879at314147        -            329   4.5e-16   55.4   9.8   1   1   9.9e-18   5.3e-16   55.2   9.8    40   172    27   166     5   177 0.79 -
NW_025965307.1_RagTag:922123-923694   -            524 23879at314147        -            329   2.5e-13   46.4  19.5   1   2   1.4e-11   7.7e-10   35.0  11.1    43   168    12   144     8   201 0.83 -
NW_025965307.1_RagTag:922123-923694   -            524 23879at314147        -            329   2.5e-13   46.4  19.5   2   2   5.6e-06    0.0003   16.6   1.2   217   305   429   511   407   523 0.78 -
NW_025965314.1_RagTag:111342-113196   -            313 23879at314147        -            329     3e-13   46.2  24.3   1   2   2.2e-11   1.2e-09   34.4  12.3    46   182    15   154     7   170 0.80 -
NW_025965314.1_RagTag:111342-113196   -            313 23879at314147        -            329     3e-13   46.2  24.3   2   2   2.9e-06   0.00015   17.5   4.1   211   292   221   297   173   303 0.75 -
NW_025965278.1_RagTag:261099-260431   -            223 23879at314147        -            329   7.5e-08   28.4   0.2   1   1     2e-09   1.1e-07   27.9   0.2   184   301    66   190    57   201 0.76 -
NW_025965316.1_RagTag:3770129-3679029 -            162 23879at314147        -            329   3.8e-07   26.1   1.3   1   2   3.3e-06   0.00017   17.4   0.2   106   144    10    51     1    79 0.85 -
NW_025965316.1_RagTag:3770129-3679029 -            162 23879at314147        -            329   3.8e-07   26.1   1.3   2   2     0.002      0.11    8.2   0.0   184   204   109   129    95   137 0.85 -
NW_025965108.1_RagTag:141726-142244   -            173 23879at314147        -            329   5.3e-07   25.6   0.1   1   1   1.1e-08     6e-07   25.5   0.1   185   297    27   151     3   161 0.80 -
NW_025965343.1_RagTag:67127-66252     -            269 23879at314147        -            329   8.3e-07   25.0  22.5   1   1   2.5e-08   1.3e-06   24.3  22.5    53   295    13   247     3   255 0.71 -
NW_025965148.1_RagTag:223770-222829   -            314 23879at314147        -            329   1.5e-06   24.1   8.0   1   1     4e-08   2.1e-06   23.6   8.0    46   163    36   160    13   217 0.76 -
NW_025965421.1_RagTag:170956-171649   -            214 23879at314147        -            329   3.5e-06   22.9   4.6   1   1   4.5e-07   2.4e-05   20.2   4.6   105   291    15   212     3   214 0.68 -
NW_025965182.1_RagTag:1728940-1729338 -            133 23879at314147        -            329   3.7e-06   22.8   5.0   1   1   8.6e-08   4.6e-06   22.5   5.0    53   143    30   125    16   129 0.80 -
NW_025965277.1_RagTag:1743368-1743093 -             92 23879at314147        -            329   6.9e-06   22.0   4.7   1   1   1.3e-07   6.9e-06   22.0   4.7    52   116     2    68     1    92 0.71 -
contig_31446_pilon:625-37             -            190 23879at314147        -            329    0.0001   18.1   7.2   1   2   1.9e-06    0.0001   18.1   7.2    47   145    21   124     8   145 0.80 -
contig_31446_pilon:625-37             -            190 23879at314147        -            329    0.0001   18.1   7.2   2   2       2.8   1.5e+02   -2.2   0.1   231   253   154   176   147   184 0.69 -
NW_025965146.1_RagTag:91849-90956     -            276 23879at314147        -            329   0.00018   17.3  18.5   1   1   1.6e-05   0.00087   15.1  18.5    49   234    27   224    16   233 0.69 -
NW_025965140.1_RagTag:813619-812738   -            294 23879at314147        -            329   0.00033   16.4  14.9   1   2   6.2e-06   0.00033   16.4  14.9    47   163    23   147    14   161 0.76 -
NW_025965140.1_RagTag:813619-812738   -            294 23879at314147        -            329   0.00033   16.4  14.9   2   2      0.86        46   -0.5   0.3   200   245   211   254   189   290 0.55 -
NW_025965266.1_RagTag:232663-231572   -            364 23879at314147        -            329    0.0014   14.4  11.6   1   2   0.00015    0.0078   11.9   5.8    53   142     7   101     1   190 0.83 -
NW_025965266.1_RagTag:232663-231572   -            364 23879at314147        -            329    0.0014   14.4  11.6   2   2    0.0086      0.46    6.1   0.3   261   291   328   358   292   364 0.73 -
contig_44821_pilon:548-0              -            183 23879at314147        -            329    0.0016   14.2  11.7   1   1   4.3e-05    0.0023   13.7  11.7    46   145    24   128     9   172 0.77 -
NW_025965251.1_RagTag:376661-375814   -            272 23879at314147        -            329      0.02   10.6  15.4   1   2    0.0012     0.066    8.9   7.9    45   143     7   110     2   120 0.73 -
NW_025965251.1_RagTag:376661-375814   -            272 23879at314147        -            329      0.02   10.6  15.4   2   2    0.0064      0.34    6.5   0.8     3    71   129   197   127   244 0.76 -
#
# Program:         hmmsearch
# Version:         3.1b2 (February 2015)
# Pipeline mode:   SEARCH
# Query file:      /home/bgerda/guppy_SUP/busco_downloads/lineages/glires_odb10/hmms/23879at314147.hmm
# Target file:     /home/bgerda/guppy_SUP/busco_results_racon/run_glires_odb10/metaeuk_output/rerun_results/ragtag.scaffold.fasta.modified.fas
# Option settings: hmmsearch --domtblout /home/bgerda/guppy_SUP/busco_results_racon/run_glires_odb10/hmmer_output/rerun_results/23879at314147.out --cpu 1 /home/bgerda/guppy_SUP/busco_downloads/lineages/glires_odb10/hmms/23879at314147.hmm /home/bgerda/guppy_SUP/busco_results_racon/run_glires_odb10/metaeuk_output/rerun_results/ragtag.scaffold.fasta.modified.fas 
# Current dir:     /home/bgerda/guppy_SUP
# Date:            Sun May 21 17:30:03 2023
# [ok]
