#                                                                                             --- full sequence --- -------------- this domain -------------   hmm coord   ali coord   env coord
# target name                         accession   tlen query name           accession   qlen   E-value  score  bias   #  of  c-Evalue  i-Evalue  score  bias  from    to  from    to  from    to  acc description of target
#                 ------------------- ---------- ----- -------------------- ---------- ----- --------- ------ ----- --- --- --------- --------- ------ ----- ----- ----- ----- ----- ----- ----- ---- ---------------------
NW_025965314.1_RagTag:111342-113196   -            313 25354at314147        -            341   1.8e-37  125.4  20.6   1   1   1.6e-38   2.6e-37  124.9  20.6    17   305    15   306     6   312 0.86 -
NW_025965256.1_RagTag:799616-800878   -            421 25354at314147        -            341   7.8e-30  100.3  12.8   1   2     1e-24   1.6e-23   79.5   8.9    23   214     9   199     2   218 0.85 -
NW_025965256.1_RagTag:799616-800878   -            421 25354at314147        -            341   7.8e-30  100.3  12.8   2   2   2.5e-07   3.9e-06   22.4   0.1   223   305   243   330   234   345 0.81 -
NW_025965161.1_RagTag:402292-401603   -            230 25354at314147        -            341   3.1e-21   72.1   9.3   1   1   3.5e-22   5.4e-21   71.3   9.3    19   150    36   170    27   228 0.81 -
NW_025965307.1_RagTag:922123-923694   -            524 25354at314147        -            341   5.3e-20   68.0  16.7   1   2   4.4e-15   6.9e-14   47.9   9.3    23   148    21   148     8   154 0.90 -
NW_025965307.1_RagTag:922123-923694   -            524 25354at314147        -            341   5.3e-20   68.0  16.7   2   2     6e-08   9.4e-07   24.4   0.7   226   317   430   520   405   524 0.78 -
NW_025965323.1_RagTag:1257581-1256595 -            329 25354at314147        -            341   1.2e-19   66.8   9.6   1   2   6.9e-15   1.1e-13   47.3   2.7    16   143    21   150    12   162 0.92 -
NW_025965323.1_RagTag:1257581-1256595 -            329 25354at314147        -            341   1.2e-19   66.8   9.6   2   2   8.5e-08   1.3e-06   24.0   0.6   222   306   237   320   189   329 0.85 -
NW_025965278.1_RagTag:261099-260431   -            223 25354at314147        -            341   3.3e-19   65.4   8.5   1   1   2.7e-19   4.3e-18   61.7   8.5   114   334     2   217     1   221 0.78 -
NW_025965321.1_RagTag:4191413-4192267 -            285 25354at314147        -            341   9.9e-17   57.2  11.5   1   1   8.4e-18   1.3e-16   56.8  11.5    15   255    22   252    12   261 0.84 -
NW_025965148.1_RagTag:223770-222829   -            314 25354at314147        -            341   1.7e-16   56.5   9.1   1   1   1.5e-17   2.3e-16   56.0   9.1     7   179    24   202    17   240 0.84 -
NW_025965230.1_RagTag:330331-329468   -            288 25354at314147        -            341   8.2e-16   54.2  15.0   1   1   1.1e-16   1.7e-15   53.2  15.0    18   293     4   284     2   288 0.76 -
contig_25261_pilon:2013-1030          -            328 25354at314147        -            341   2.3e-15   52.8  20.5   1   1   2.6e-16     4e-15   52.0  20.5    17   295    27   311    13   325 0.74 -
NW_025965319.1_RagTag:179742-242988   -            307 25354at314147        -            341   6.1e-15   51.4  12.8   1   2     8e-14   1.3e-12   43.8   3.5    21   129     3   111     2   141 0.84 -
NW_025965319.1_RagTag:179742-242988   -            307 25354at314147        -            341   6.1e-15   51.4  12.8   2   2   0.00018    0.0028   13.0   1.9   197   307   171   296   162   302 0.70 -
NW_025965277.1_RagTag:1743368-1743093 -             92 25354at314147        -            341   3.9e-13   45.4   3.1   1   1   2.7e-14   4.3e-13   45.3   3.1    22   113     1    92     1    92 0.95 -
NW_025965256.1_RagTag:1053727-1052684 -            348 25354at314147        -            341   2.5e-12   42.7  17.4   1   2     3e-05   0.00046   15.6   4.2    28   141    39   152    26   160 0.69 -
NW_025965256.1_RagTag:1053727-1052684 -            348 25354at314147        -            341   2.5e-12   42.7  17.4   2   2   1.4e-10   2.1e-09   33.1   5.3   186   297   181   296   163   312 0.83 -
NW_025965108.1_RagTag:141251-142205   -            306 25354at314147        -            341     2e-11   39.8   3.2   1   2   1.1e-10   1.8e-09   33.4   0.2    25   149    24   155    14   175 0.72 -
NW_025965108.1_RagTag:141251-142205   -            306 25354at314147        -            341     2e-11   39.8   3.2   2   2    0.0098      0.15    7.3   0.3   229   287   225   283   181   293 0.80 -
contig_67641_pilon:735-19             -            239 25354at314147        -            341   2.2e-11   39.6  14.9   1   1   2.3e-12   3.6e-11   39.0  14.9    23   251     8   237     2   239 0.79 -
contig_57885_pilon:1608-2156          -            183 25354at314147        -            341   2.7e-11   39.4  11.2   1   1   2.2e-12   3.4e-11   39.1  11.2    19   156    37   175    22   178 0.84 -
NW_025965316.1_RagTag:3770129-3679029 -            162 25354at314147        -            341   3.3e-11   39.1   5.2   1   1   3.9e-11   6.1e-10   34.9   5.2    80   217    11   137     5   145 0.82 -
NW_025965266.1_RagTag:232663-231572   -            364 25354at314147        -            341   5.6e-11   38.3  13.9   1   3   4.1e-09   6.3e-08   28.3   4.7    23   138     6   123     1   140 0.86 -
NW_025965266.1_RagTag:232663-231572   -            364 25354at314147        -            341   5.6e-11   38.3  13.9   2   3      0.43       6.8    1.9   0.1   186   221   154   189   142   200 0.85 -
NW_025965266.1_RagTag:232663-231572   -            364 25354at314147        -            341   5.6e-11   38.3  13.9   3   3   0.00011    0.0018   13.7   0.1   227   296   293   359   276   364 0.79 -
contig_23379_pilon:2033-1140          -            298 25354at314147        -            341     1e-10   37.5  12.9   1   1   7.8e-12   1.2e-10   37.2  12.9    22   241    27   249    13   292 0.81 -
contig_22903_pilon:621-1529           -            303 25354at314147        -            341   3.4e-09   32.5  18.1   1   1   1.7e-09   2.7e-08   29.5  18.1    16   296    22   298    12   302 0.75 -
NW_025965295.1_RagTag:908652-907732   -            307 25354at314147        -            341     4e-09   32.2  24.0   1   1   1.1e-09   1.8e-08   30.1  24.0    12   295    16   299     9   306 0.80 -
NW_025965317.1_RagTag:3116895-3062171 -            334 25354at314147        -            341   8.6e-09   31.1  13.1   1   2   3.3e-07   5.1e-06   22.0   3.4    27   145    28   148    11   153 0.74 -
NW_025965317.1_RagTag:3116895-3062171 -            334 25354at314147        -            341   8.6e-09   31.1  13.1   2   2   2.3e-05   0.00036   15.9   0.0   222   293   234   305   217   315 0.88 -
NW_025965322.1_RagTag:1853197-1851811 -            304 25354at314147        -            341   1.6e-08   30.3   3.6   1   2     1e-07   1.6e-06   23.7   1.4    20   126    48   153    32   166 0.86 -
NW_025965322.1_RagTag:1853197-1851811 -            304 25354at314147        -            341   1.6e-08   30.3   3.6   2   2     0.015      0.24    6.7   0.0   269   299   261   291   206   301 0.86 -
NW_025965320.1_RagTag:846850-846021   -            276 25354at314147        -            341   1.9e-08   30.0  12.5   1   1   1.6e-09   2.5e-08   29.6  12.5    24   240     3   222     1   232 0.82 -
NW_025965274.1_RagTag:18043-18971     -            307 25354at314147        -            341   2.4e-08   29.7  16.7   1   2   1.1e-07   1.7e-06   23.6   8.7    16   129    28   138    18   164 0.89 -
NW_025965274.1_RagTag:18043-18971     -            307 25354at314147        -            341   2.4e-08   29.7  16.7   2   2    0.0007     0.011   11.1   1.0   191   296   201   301   178   306 0.80 -
NW_025965258.1_RagTag:3663-4571       -            303 25354at314147        -            341   2.8e-08   29.5  13.5   1   1   2.8e-09   4.3e-08   28.8  13.5    15   291    19   292    11   299 0.73 -
NW_025965230.1_RagTag:981322-980399   -            308 25354at314147        -            341   5.2e-08   28.6   4.2   1   2   3.3e-09   5.2e-08   28.6   4.2    18   142    26   152    12   167 0.88 -
NW_025965230.1_RagTag:981322-980399   -            308 25354at314147        -            341   5.2e-08   28.6   4.2   2   2       9.8   1.5e+02   -2.5   2.7     4    53   188   237   185   283 0.58 -
NW_025965273.1_RagTag:377227-377896   -            210 25354at314147        -            341   1.2e-07   27.3   7.6   1   1   1.2e-08   1.8e-07   26.8   7.6    20   144     9   134     3   143 0.78 -
contig_72712_pilon:528-1298           -            257 25354at314147        -            341   1.5e-07   27.1  18.9   1   1   5.1e-08     8e-07   24.7  18.9    16   239    28   254    18   256 0.76 -
contig_45643_pilon:1939-1040          -            300 25354at314147        -            341   1.6e-07   26.9  12.8   1   1   1.6e-08   2.4e-07   26.4  12.8    20   243    25   251    18   293 0.77 -
NW_025965274.1_RagTag:6080-6799       -            240 25354at314147        -            341   2.3e-07   26.5  11.6   1   2   1.1e-07   1.7e-06   23.6   5.3    16   128    21   133    12   148 0.92 -
NW_025965274.1_RagTag:6080-6799       -            240 25354at314147        -            341   2.3e-07   26.5  11.6   2   2     0.013      0.21    6.9   0.4   189   227   195   233   183   237 0.86 -
contig_67131_pilon:894-1              -            298 25354at314147        -            341   2.9e-07   26.1  17.4   1   1   3.9e-08   6.1e-07   25.1  17.4    22   241    28   250    17   296 0.75 -
contig_44821_pilon:548-0              -            183 25354at314147        -            341     3e-07   26.1   8.0   1   1   2.4e-08   3.8e-07   25.7   8.0    17   139    24   148    14   161 0.88 -
NW_025965324.1_RagTag:3751936-3751007 -            282 25354at314147        -            341   3.9e-07   25.7   6.9   1   2   2.5e-08   3.9e-07   25.7   6.9    17   133    26   141    17   165 0.88 -
NW_025965324.1_RagTag:3751936-3751007 -            282 25354at314147        -            341   3.9e-07   25.7   6.9   2   2       4.6        71   -1.5   0.2   188   209   188   209   179   227 0.68 -
NW_025965250.1_RagTag:29037-28351     -            229 25354at314147        -            341     4e-07   25.7   6.5   1   1   3.2e-08     5e-07   25.3   6.5    18   141    38   163    27   198 0.86 -
contig_45284_pilon:1137-1930          -            264 25354at314147        -            341   4.1e-07   25.6  19.3   1   1   4.4e-08   6.9e-07   24.9  19.3    21   241    30   252    22   262 0.74 -
contig_48637_pilon:1311-406           -            302 25354at314147        -            341   4.4e-07   25.5  12.7   1   1   1.7e-07   2.7e-06   22.9  12.7    19   228    25   234    18   256 0.70 -
NW_025965320.1_RagTag:825301-824392   -            303 25354at314147        -            341   8.8e-07   24.5   3.7   1   1   5.7e-08   8.8e-07   24.5   3.7    20   137    29   145    21   167 0.88 -
NW_025965235.1_RagTag:58504-57605     -            300 25354at314147        -            341   9.1e-07   24.5  11.3   1   1   1.2e-07   1.8e-06   23.5  11.3    11   291    16   291     1   298 0.77 -
NW_025965008.1_RagTag:160137-159262   -            292 25354at314147        -            341   1.3e-06   24.0   8.7   1   1   1.3e-07   2.1e-06   23.3   8.7    16   143    18   146     9   173 0.83 -
NW_025965274.1_RagTag:775-1698        -            308 25354at314147        -            341   3.2e-06   22.7  21.2   1   1   2.5e-06     4e-05   19.1  21.2    16   296    28   304    18   307 0.69 -
NW_025965146.1_RagTag:91849-90956     -            276 25354at314147        -            341   4.6e-06   22.2   7.7   1   2   2.9e-07   4.6e-06   22.2   7.7    17   133    24   138    12   145 0.84 -
NW_025965146.1_RagTag:91849-90956     -            276 25354at314147        -            341   4.6e-06   22.2   7.7   2   2      0.46       7.1    1.8   0.8   197   293   182   270   176   275 0.58 -
contig_11065_pilon:1203-299           -            299 25354at314147        -            341   5.3e-06   22.0  13.2   1   1   6.8e-07   1.1e-05   21.0  13.2    23   251    32   256    25   297 0.70 -
NW_025965182.1_RagTag:1728940-1729338 -            133 25354at314147        -            341   5.5e-06   21.9   4.6   1   1   3.9e-07   6.1e-06   21.8   4.6    20   123    26   129    12   133 0.88 -
NW_025965247.1_RagTag:66521-66763     -             81 25354at314147        -            341   5.9e-06   21.8   0.7   1   1   4.2e-07   6.5e-06   21.7   0.7   216   289     5    80     2    81 0.77 -
contig_27735_pilon:510-1              -            170 25354at314147        -            341     6e-06   21.8   7.0   1   1   4.8e-07   7.5e-06   21.5   7.0    18   143    36   163    29   168 0.90 -
NW_025965054.1_RagTag:12554-13459     -            285 25354at314147        -            341   6.7e-06   21.6  10.4   1   2   7.1e-05    0.0011   14.3   3.5    18   143    23   149    11   167 0.80 -
NW_025965054.1_RagTag:12554-13459     -            285 25354at314147        -            341   6.7e-06   21.6  10.4   2   2   0.00087     0.014   10.8   0.6   199   242   192   237   187   282 0.80 -
contig_77425_pilon:139-1064           -            305 25354at314147        -            341   8.1e-06   21.4  12.0   1   1     8e-07   1.2e-05   20.8  12.0    22   136    31   144    23   256 0.85 -
NW_025965023.1_RagTag:886213-885926   -             96 25354at314147        -            341   8.2e-06   21.4   2.0   1   1   5.7e-07     9e-06   21.2   2.0    26   121     1    96     1    96 0.83 -
NW_025965581.1_RagTag:2490-3395       -            302 25354at314147        -            341   9.3e-06   21.2  11.2   1   1   8.8e-07   1.4e-05   20.6  11.2    18   254    20   258    10   299 0.69 -
contig_30302_pilon:1953-1056          -            298 25354at314147        -            341   9.6e-06   21.1  12.1   1   1   6.2e-07   9.6e-06   21.1  12.1    17   164    24   177    15   201 0.79 -
NW_025965421.1_RagTag:170956-171649   -            214 25354at314147        -            341   1.3e-05   20.7   8.2   1   1   3.4e-05   0.00053   15.4   8.2    77   294    14   211     5   214 0.76 -
NW_025965101.1_RagTag:46542-45633     -            302 25354at314147        -            341   2.4e-05   19.8   7.5   1   1   3.4e-06   5.2e-05   18.7   7.5    10   125    19   134    12   169 0.88 -
NW_025965317.1_RagTag:2485493-2486315 -            273 25354at314147        -            341   2.7e-05   19.6   3.3   1   2   1.8e-06   2.7e-05   19.6   3.3    18   132     8   122     3   143 0.83 -
NW_025965317.1_RagTag:2485493-2486315 -            273 25354at314147        -            341   2.7e-05   19.6   3.3   2   2       1.1        17    0.6   0.6   197   239   186   232   155   239 0.72 -
contig_75679_pilon:803-1694           -            297 25354at314147        -            341   4.4e-05   18.9  15.1   1   1   4.5e-06   7.1e-05   18.3  15.1    19   227    20   229    15   295 0.72 -
NW_025965140.1_RagTag:813619-812738   -            294 25354at314147        -            341   9.6e-05   17.8  10.3   1   2   6.1e-06   9.6e-05   17.8  10.3    15   129    20   134    11   160 0.85 -
NW_025965140.1_RagTag:813619-812738   -            294 25354at314147        -            341   9.6e-05   17.8  10.3   2   2       5.7        89   -1.8   0.2   265   265   262   262   189   293 0.62 -
NW_025965123.1_RagTag:1692788-1693690 -            301 25354at314147        -            341   0.00014   17.3   4.6   1   2   8.7e-06   0.00014   17.3   4.6    14   124    19   129    13   146 0.89 -
NW_025965123.1_RagTag:1692788-1693690 -            301 25354at314147        -            341   0.00014   17.3   4.6   2   2       3.7        58   -1.2   1.1    20    55   176   210   159   223 0.72 -
NW_025965251.1_RagTag:376661-375814   -            272 25354at314147        -            341    0.0002   16.8   5.5   1   2   1.3e-05    0.0002   16.8   5.5    20   143    11   134     4   143 0.86 -
NW_025965251.1_RagTag:376661-375814   -            272 25354at314147        -            341    0.0002   16.8   5.5   2   2       2.2        34   -0.4   0.3    25   222   180   203   161   264 0.58 -
NW_025965146.1_RagTag:97684-98594     -            291 25354at314147        -            341    0.0002   16.8  11.1   1   1   5.2e-05   0.00082   14.8  11.0    20   242    25   241    15   280 0.65 -
contig_59306_pilon:968-1787           -            269 25354at314147        -            341   0.00027   16.4   9.2   1   2     0.003     0.047    9.0   4.5    13   137    21   142    11   168 0.74 -
contig_59306_pilon:968-1787           -            269 25354at314147        -            341   0.00027   16.4   9.2   2   2    0.0014     0.021   10.1   0.1   191   248   193   252   189   269 0.74 -
NW_025965080.1_RagTag:560460-561338   -            293 25354at314147        -            341   0.00031   16.2   3.5   1   3     2e-05   0.00031   16.2   3.5    17   130    18   131    11   153 0.85 -
NW_025965080.1_RagTag:560460-561338   -            293 25354at314147        -            341   0.00031   16.2   3.5   2   3       2.2        34   -0.4   0.3   106   147   202   245   160   251 0.70 -
NW_025965080.1_RagTag:560460-561338   -            293 25354at314147        -            341   0.00031   16.2   3.5   3   3       1.8        27   -0.1   0.4   138   243   236   247   198   291 0.45 -
contig_70120_pilon:645-1532           -            296 25354at314147        -            341   0.00033   16.1   4.7   1   2   2.1e-05   0.00033   16.1   4.7    17   130    16   128     8   150 0.84 -
contig_70120_pilon:645-1532           -            296 25354at314147        -            341   0.00033   16.1   4.7   2   2       3.5        54   -1.1   0.2   204   265   203   266   184   292 0.57 -
NW_025965008.1_RagTag:184180-173307   -            296 25354at314147        -            341   0.00033   16.1  15.4   1   1   3.7e-05   0.00058   15.3  15.4    19   227    24   232    16   296 0.61 -
NW_025965320.1_RagTag:792323-791874   -            150 25354at314147        -            341   0.00038   15.9   2.8   1   1   2.8e-05   0.00043   15.7   2.8    19   123    24   128    14   146 0.90 -
contig_32555_pilon:1949-1238          -            233 25354at314147        -            341   0.00041   15.8   7.8   1   2     0.002     0.032    9.6   1.1    17    76    24    83    18    97 0.88 -
contig_32555_pilon:1949-1238          -            233 25354at314147        -            341   0.00041   15.8   7.8   2   2    0.0013      0.02   10.2   0.7   187   296   122   222   104   230 0.82 -
NW_025965313.1_RagTag:65084-65656     -            191 25354at314147        -            341   0.00044   15.7   8.1   1   1   3.7e-05   0.00057   15.3   8.1    21   125    19   123    12   137 0.88 -
NW_025965331.1_RagTag:82451-81553     -            297 25354at314147        -            341   0.00062   15.2  12.5   1   1   0.00025    0.0039   12.5  12.5    16   290    15   285     4   296 0.71 -
NW_025965352.1_RagTag:34299-33355     -            315 25354at314147        -            341   0.00083   14.8  13.9   1   1   8.4e-05    0.0013   14.1  13.9    24   229    41   247    32   314 0.70 -
NW_025965313.1_RagTag:65078-65962     -            266 25354at314147        -            341    0.0013   14.1   8.8   1   1   0.00014    0.0022   13.4   8.8    21   125    21   125    14   137 0.88 -
NW_025965307.1_RagTag:96079-95414     -            222 25354at314147        -            341    0.0017   13.7   1.3   1   1   0.00017    0.0026   13.1   1.3   182   242   100   162    15   219 0.64 -
contig_57973_pilon:1251-358           -            298 25354at314147        -            341    0.0022   13.4   9.4   1   1   0.00026    0.0041   12.5   9.4    17   242    18   246    10   282 0.75 -
contig_31446_pilon:625-37             -            190 25354at314147        -            341    0.0034   12.7   7.2   1   1   0.00028    0.0044   12.4   7.2     9   130    12   133     6   160 0.85 -
NW_025965313.1_RagTag:59120-59602     -            161 25354at314147        -            341     0.004   12.5  10.9   1   1   0.00031    0.0049   12.2  10.9    21   127    21   127    13   156 0.87 -
NW_025965305.1_RagTag:1568367-1569271 -            292 25354at314147        -            341     0.004   12.5  12.7   1   1   0.00063    0.0098   11.2  12.7    23   143    23   145     5   290 0.81 -
NW_025965223.1_RagTag:121394-120495   -            300 25354at314147        -            341    0.0046   12.3  18.8   1   1   0.00046    0.0071   11.7  18.8    18   241    19   245     7   296 0.72 -
NW_025965008.1_RagTag:147496-148383   -            296 25354at314147        -            341    0.0068   11.8  17.6   1   1    0.0006    0.0093   11.3  17.6    19   238    17   239    10   295 0.77 -
contig_81842_pilon:1576-685           -            297 25354at314147        -            341    0.0077   11.6  11.0   1   2   0.00017    0.0026   13.1   7.9    11   133     9   131     5   153 0.89 -
contig_81842_pilon:1576-685           -            297 25354at314147        -            341    0.0077   11.6  11.0   2   2       6.4     1e+02   -1.9   0.0   178   199   248   269   234   288 0.69 -
NW_025965320.1_RagTag:799549-798621   -            308 25354at314147        -            341    0.0087   11.4   9.6   1   1   0.00026    0.0041   12.5   7.3    20   164    29   178    19   187 0.81 -
NW_025965182.1_RagTag:1715520-1714610 -            303 25354at314147        -            341      0.01   11.2  15.1   1   1    0.0012     0.019   10.3  15.1    16   265    25   275    16   300 0.66 -
NW_025965233.1_RagTag:189853-190770   -            306 25354at314147        -            341     0.011   11.1  14.6   1   1     0.015      0.23    6.7  14.6    13   291    21   295     9   304 0.64 -
NW_025965426.1_RagTag:106724-105805   -            306 25354at314147        -            341     0.015   10.6  16.6   1   1    0.0057     0.089    8.1  16.6    15   293    22   298    18   304 0.62 -
NW_025965138.1_RagTag:8461-7640       -            274 25354at314147        -            341     0.015   10.6  10.9   1   1    0.0025     0.038    9.3  10.9    20   139     2   121     1   272 0.94 -
NW_025965307.1_RagTag:57189-57698     -            170 25354at314147        -            341     0.021   10.2   7.4   1   1    0.0016     0.025    9.9   7.4    19   138    28   149    22   166 0.87 -
NW_025965426.1_RagTag:106641-105805   -            279 25354at314147        -            341      0.03    9.6  14.6   1   1     0.011      0.18    7.1  14.6    26   294     6   272     2   278 0.61 -
NW_025965123.1_RagTag:1802243-1682359 -            269 25354at314147        -            341     0.043    9.1  11.4   1   2   0.00023    0.0035   12.7   5.4    18   109     4    94     2   120 0.80 -
NW_025965123.1_RagTag:1802243-1682359 -            269 25354at314147        -            341     0.043    9.1  11.4   2   2       1.7        27   -0.1   0.3   103   147   173   221   128   266 0.62 -
NW_025965352.1_RagTag:115451-3134     -            284 25354at314147        -            341     0.055    8.8  17.1   1   1    0.0053     0.082    8.2  17.1    27   286    22   278    18   283 0.73 -
NW_025965305.1_RagTag:1593276-1609222 -            267 25354at314147        -            341     0.092    8.0  11.9   1   2   0.00097     0.015   10.6   7.7    13   123    22   130    15   162 0.78 -
NW_025965305.1_RagTag:1593276-1609222 -            267 25354at314147        -            341     0.092    8.0  11.9   2   2       4.5        71   -1.4   0.1   263   291   224   256   191   263 0.58 -
NW_025965123.1_RagTag:1729259-1682344 -            286 25354at314147        -            341       0.1    7.9  16.2   1   2   4.9e-05   0.00076   14.9   6.4    14   130     8   119     4   132 0.86 -
NW_025965123.1_RagTag:1729259-1682344 -            286 25354at314147        -            341       0.1    7.9  16.2   2   2       5.3        83   -1.7   2.2   103   148   185   234   141   285 0.57 -
NW_025965054.1_RagTag:16560-17488     -            285 25354at314147        -            341      0.12    7.6  10.9   1   2     0.011      0.17    7.2   7.7    18   143    29   154    17   180 0.68 -
NW_025965054.1_RagTag:16560-17488     -            285 25354at314147        -            341      0.12    7.6  10.9   2   2         1        16    0.7   0.0   274   297   257   280   249   283 0.83 -
#
# Program:         hmmsearch
# Version:         3.1b2 (February 2015)
# Pipeline mode:   SEARCH
# Query file:      /home/bgerda/guppy_SUP/busco_downloads/lineages/glires_odb10/hmms/25354at314147.hmm
# Target file:     /home/bgerda/guppy_SUP/busco_results_racon/run_glires_odb10/metaeuk_output/rerun_results/ragtag.scaffold.fasta.modified.fas
# Option settings: hmmsearch --domtblout /home/bgerda/guppy_SUP/busco_results_racon/run_glires_odb10/hmmer_output/rerun_results/25354at314147.out --cpu 1 /home/bgerda/guppy_SUP/busco_downloads/lineages/glires_odb10/hmms/25354at314147.hmm /home/bgerda/guppy_SUP/busco_results_racon/run_glires_odb10/metaeuk_output/rerun_results/ragtag.scaffold.fasta.modified.fas 
# Current dir:     /home/bgerda/guppy_SUP
# Date:            Sun May 21 17:29:51 2023
# [ok]
