#                                                                                             --- full sequence --- -------------- this domain -------------   hmm coord   ali coord   env coord
# target name                         accession   tlen query name           accession   qlen   E-value  score  bias   #  of  c-Evalue  i-Evalue  score  bias  from    to  from    to  from    to  acc description of target
#                 ------------------- ---------- ----- -------------------- ---------- ----- --------- ------ ----- --- --- --------- --------- ------ ----- ----- ----- ----- ----- ----- ----- ---- ---------------------
NW_025965188.1_RagTag:427998-428411   -            138 2677at314147         -           1586   1.8e-11   38.6   0.1   1   2   4.3e-07   6.7e-05   16.8   0.0   964  1009    17    62     1    66 0.62 -
NW_025965188.1_RagTag:427998-428411   -            138 2677at314147         -           1586   1.8e-11   38.6   0.1   2   2   3.6e-08   5.6e-06   20.4   0.0   967  1006    99   138    72   138 0.89 -
NW_025965163.1_RagTag:38535-29734     -            742 2677at314147         -           1586   1.2e-09   32.5   0.0   1   2         9   1.4e+03  -11.3   8.3    93   139   101   147    88   152 0.60 -
NW_025965163.1_RagTag:38535-29734     -            742 2677at314147         -           1586   1.2e-09   32.5   0.0   2   2   7.7e-12   1.2e-09   32.5   0.0   999  1055   473   529   462   539 0.90 -
NW_025965352.1_RagTag:102445-103867   -            274 2677at314147         -           1586     2e-08   28.5   0.0   1   1   2.1e-10   3.2e-08   27.8   0.0   965  1022     3    60     1    64 0.94 -
NW_025965296.1_RagTag:679183-678884   -            100 2677at314147         -           1586   3.1e-08   27.8   1.0   1   1   2.4e-10   3.7e-08   27.6   1.0   981  1048    30    97    27   100 0.86 -
NW_025965288.1_RagTag:99944-99699     -             82 2677at314147         -           1586   3.3e-08   27.8   0.0   1   1   2.3e-10   3.6e-08   27.6   0.0   470   518     9    60     7    71 0.82 -
NW_025965182.1_RagTag:1127015-1127179 -             55 2677at314147         -           1586   9.5e-08   26.2   0.0   1   1   6.5e-10     1e-07   26.2   0.0   981  1026     5    50     1    53 0.93 -
NW_025965344.1_RagTag:40631-35279     -            181 2677at314147         -           1586   4.7e-06   20.6   0.0   1   2    0.0027      0.41    4.2   0.0   970  1021    29    80    25    86 0.86 -
NW_025965344.1_RagTag:40631-35279     -            181 2677at314147         -           1586   4.7e-06   20.6   0.0   2   2   2.9e-06   0.00045   14.1   0.0   966  1041    89   161    85   167 0.83 -
NW_025965287.1_RagTag:1503606-1508138 -            432 2677at314147         -           1586   1.4e-05   19.1   0.0   1   1   9.6e-08   1.5e-05   19.0   0.0   932  1049   289   410   154   431 0.62 -
NW_025965276.1_RagTag:371243-371716   -            158 2677at314147         -           1586   0.00036   14.4   0.4   1   1   2.6e-05     0.004   10.9   0.1   967  1028    57   115    45   120 0.83 -
#
# Program:         hmmsearch
# Version:         3.1b2 (February 2015)
# Pipeline mode:   SEARCH
# Query file:      /home/bgerda/guppy_SUP/busco_downloads/lineages/glires_odb10/hmms/2677at314147.hmm
# Target file:     /home/bgerda/guppy_SUP/busco_results_racon/run_glires_odb10/metaeuk_output/rerun_results/ragtag.scaffold.fasta.modified.fas
# Option settings: hmmsearch --domtblout /home/bgerda/guppy_SUP/busco_results_racon/run_glires_odb10/hmmer_output/rerun_results/2677at314147.out --cpu 1 /home/bgerda/guppy_SUP/busco_downloads/lineages/glires_odb10/hmms/2677at314147.hmm /home/bgerda/guppy_SUP/busco_results_racon/run_glires_odb10/metaeuk_output/rerun_results/ragtag.scaffold.fasta.modified.fas 
# Current dir:     /home/bgerda/guppy_SUP
# Date:            Sun May 21 17:30:00 2023
# [ok]
