#                                                                                             --- full sequence --- -------------- this domain -------------   hmm coord   ali coord   env coord
# target name                         accession   tlen query name           accession   qlen   E-value  score  bias   #  of  c-Evalue  i-Evalue  score  bias  from    to  from    to  from    to  acc description of target
#                 ------------------- ---------- ----- -------------------- ---------- ----- --------- ------ ----- --- --- --------- --------- ------ ----- ----- ----- ----- ----- ----- ----- ---- ---------------------
NW_025965256.1_RagTag:799616-800878   -            421 27137at314147        -            330   4.6e-58  193.2  12.1   1   1   6.7e-59   6.2e-58  192.8  12.1    33   329     8   324     2   325 0.81 -
NW_025965148.1_RagTag:223770-222829   -            314 27137at314147        -            330     2e-46  155.0  12.4   1   2   3.5e-41   3.3e-40  134.5  10.7    24   228    30   226    13   258 0.87 -
NW_025965148.1_RagTag:223770-222829   -            314 27137at314147        -            330     2e-46  155.0  12.4   2   2   1.9e-06   1.8e-05   20.4   0.0   252   280   286   314   268   314 0.89 -
NW_025965323.1_RagTag:1257581-1256595 -            329 27137at314147        -            330   6.1e-41  136.9   9.5   1   1   9.2e-42   8.5e-41  136.4   9.5    35   326    29   311     7   315 0.85 -
NW_025965307.1_RagTag:922123-923694   -            524 27137at314147        -            330   5.8e-38  127.1  12.8   1   2   4.3e-33     4e-32  108.0   5.1    29   226    16   209     5   250 0.86 -
NW_025965307.1_RagTag:922123-923694   -            524 27137at314147        -            330   5.8e-38  127.1  12.8   2   2   1.5e-07   1.4e-06   24.0   0.9   249   329   419   503   404   505 0.77 -
NW_025965266.1_RagTag:232663-231572   -            364 27137at314147        -            330   1.3e-19   66.8  14.4   1   2   6.8e-15   6.3e-14   48.1   9.5    32   166     4   137     1   215 0.84 -
NW_025965266.1_RagTag:232663-231572   -            364 27137at314147        -            330   1.3e-19   66.8  14.4   2   2   8.9e-07   8.2e-06   21.5   0.2   245   326   277   360   256   364 0.82 -
NW_025965161.1_RagTag:402292-401603   -            230 27137at314147        -            330   1.1e-16   57.2   1.5   1   1   1.3e-17   1.2e-16   57.0   1.5    30   159    36   166    22   224 0.87 -
NW_025965321.1_RagTag:4191413-4192267 -            285 27137at314147        -            330   5.9e-15   51.5   2.5   1   2   6.3e-16   5.9e-15   51.5   2.5    39   216    35   210    27   220 0.86 -
NW_025965321.1_RagTag:4191413-4192267 -            285 27137at314147        -            330   5.9e-15   51.5   2.5   2   2       0.6       5.5    2.3   0.2   259   287   222   250   216   256 0.86 -
NW_025965314.1_RagTag:111342-113196   -            313 27137at314147        -            330   1.2e-14   50.5  16.2   1   1   7.4e-13   6.8e-12   41.4  16.2    30   326    17   298     8   302 0.72 -
NW_025965319.1_RagTag:179742-242988   -            307 27137at314147        -            330   2.6e-14   49.4   8.6   1   2   1.3e-13   1.2e-12   44.0   5.4    35   217     6   186     2   198 0.86 -
NW_025965319.1_RagTag:179742-242988   -            307 27137at314147        -            330   2.6e-14   49.4   8.6   2   2      0.03      0.27    6.6   0.0   260   286   205   231   191   250 0.79 -
NW_025965317.1_RagTag:3116895-3062171 -            334 27137at314147        -            330   5.4e-14   48.3  12.5   1   1   1.5e-13   1.4e-12   43.7  12.5    26   323    16   306     9   310 0.68 -
contig_67131_pilon:894-1              -            298 27137at314147        -            330   1.8e-12   43.4   2.0   1   1   3.6e-13   3.3e-12   42.5   2.0    37   155    32   150    22   170 0.88 -
contig_57973_pilon:1251-358           -            298 27137at314147        -            330   3.9e-12   42.2   2.6   1   2   4.1e-12   3.8e-11   39.0   3.3    36   163    26   155     9   233 0.76 -
contig_57973_pilon:1251-358           -            298 27137at314147        -            330   3.9e-12   42.2   2.6   2   2       2.5        23    0.3   0.0   309   329   276   297   266   298 0.82 -
contig_23379_pilon:2033-1140          -            298 27137at314147        -            330   4.2e-12   42.1   2.9   1   1   4.5e-13   4.2e-12   42.1   2.9    37   155    31   149    21   223 0.88 -
contig_27735_pilon:510-1              -            170 27137at314147        -            330   9.1e-12   41.0   2.5   1   1   1.3e-12   1.2e-11   40.7   2.5    35   154    42   161    32   166 0.90 -
NW_025965101.1_RagTag:46542-45633     -            302 27137at314147        -            330   4.3e-11   38.8   4.7   1   2   3.6e-11   3.3e-10   35.9   2.9    36   158    34   156    23   164 0.91 -
NW_025965101.1_RagTag:46542-45633     -            302 27137at314147        -            330   4.3e-11   38.8   4.7   2   2      0.53       4.9    2.5   0.0   262   328   234   300   226   302 0.64 -
contig_44821_pilon:548-0              -            183 27137at314147        -            330   8.8e-11   37.8   3.5   1   1   1.2e-11   1.1e-10   37.5   3.5    34   152    30   148    19   161 0.92 -
NW_025965230.1_RagTag:981322-980399   -            308 27137at314147        -            330   1.3e-10   37.2   5.8   1   2   1.4e-11   1.3e-10   37.2   5.8    38   157    35   154    19   205 0.82 -
NW_025965230.1_RagTag:981322-980399   -            308 27137at314147        -            330   1.3e-10   37.2   5.8   2   2       9.6        89   -1.7   0.0   308   328   282   303   269   304 0.78 -
NW_025965407.1_RagTag:7923-7021       -            301 27137at314147        -            330   1.7e-10   36.9   4.1   1   2   1.8e-11   1.7e-10   36.9   4.1    34   158    28   152    21   218 0.91 -
NW_025965407.1_RagTag:7923-7021       -            301 27137at314147        -            330   1.7e-10   36.9   4.1   2   2       1.1        10    1.4   0.1   274   328   245   300   231   301 0.86 -
NW_025965123.1_RagTag:1692788-1693690 -            301 27137at314147        -            330   2.4e-10   36.3   1.9   1   2   2.6e-11   2.4e-10   36.3   1.9    35   142    29   136    19   149 0.93 -
NW_025965123.1_RagTag:1692788-1693690 -            301 27137at314147        -            330   2.4e-10   36.3   1.9   2   2       2.4        22    0.3   0.1   261   328   230   297   223   299 0.70 -
contig_75679_pilon:803-1694           -            297 27137at314147        -            330   5.1e-10   35.3   0.7   1   1   9.4e-11   8.7e-10   34.5   0.7    24   154    14   144     8   164 0.87 -
NW_025965008.1_RagTag:160137-159262   -            292 27137at314147        -            330     7e-10   34.8   4.7   1   1     1e-10   9.6e-10   34.4   4.7    36   164    27   154    11   243 0.76 -
NW_025965320.1_RagTag:846850-846021   -            276 27137at314147        -            330   7.8e-10   34.7   0.2   1   1   1.7e-10   1.5e-09   33.7   0.2    38   153     6   121     3   132 0.81 -
NW_025965273.1_RagTag:377227-377896   -            210 27137at314147        -            330   8.3e-10   34.6   6.8   1   1   1.1e-10     1e-09   34.3   6.8    32   187    10   168     3   182 0.80 -
NW_025965256.1_RagTag:1053727-1052684 -            348 27137at314147        -            330   8.5e-10   34.6  14.3   1   2   0.00049    0.0046   12.4   4.4    40   221    40   210    21   220 0.70 -
NW_025965256.1_RagTag:1053727-1052684 -            348 27137at314147        -            330   8.5e-10   34.6  14.3   2   2   8.7e-09   8.1e-08   28.0   2.8   247   330   211   300   208   300 0.80 -
contig_36220_pilon:1243-2164          -            307 27137at314147        -            330     1e-09   34.3   3.3   1   2     3e-10   2.8e-09   32.9   0.6    36   163    34   161     4   166 0.85 -
contig_36220_pilon:1243-2164          -            307 27137at314147        -            330     1e-09   34.3   3.3   2   2      0.91       8.4    1.7   0.0   306   329   281   305   232   306 0.81 -
contig_45284_pilon:1137-1930          -            264 27137at314147        -            330   1.4e-09   33.9   3.3   1   1   1.7e-10   1.6e-09   33.6   3.3    31   155    27   153    12   222 0.86 -
contig_30302_pilon:1953-1056          -            298 27137at314147        -            330     2e-09   33.3   1.0   1   1   3.3e-10   3.1e-09   32.7   1.0    28   161    24   157    11   214 0.80 -
NW_025965108.1_RagTag:141251-142205   -            306 27137at314147        -            330     3e-09   32.7   7.5   1   2   5.9e-09   5.5e-08   28.6   0.1    54   158    48   151    12   161 0.81 -
NW_025965108.1_RagTag:141251-142205   -            306 27137at314147        -            330     3e-09   32.7   7.5   2   2     0.025      0.23    6.8   2.1   265   316   216   282   196   290 0.65 -
NW_025965277.1_RagTag:1743368-1743093 -             92 27137at314147        -            330   3.5e-09   32.5   0.5   1   1     4e-10   3.7e-09   32.4   0.5    36   124     4    92     1    92 0.96 -
NW_025965182.1_RagTag:1728940-1729338 -            133 27137at314147        -            330   4.2e-09   32.3   0.8   1   1   5.3e-10   4.9e-09   32.1   0.8    36   137    31   132    21   133 0.93 -
NW_025965230.1_RagTag:330331-329468   -            288 27137at314147        -            330   4.6e-09   32.1   7.2   1   2     5e-10   4.6e-09   32.1   7.2    42   220    17   197     4   208 0.84 -
NW_025965230.1_RagTag:330331-329468   -            288 27137at314147        -            330   4.6e-09   32.1   7.2   2   2      0.13       1.2    4.5   1.2   252   324   200   286   196   288 0.61 -
contig_70120_pilon:645-1532           -            296 27137at314147        -            330   5.1e-09   32.0   2.7   1   2     3e-09   2.8e-08   29.6   1.5    29   137    14   124     4   140 0.86 -
contig_70120_pilon:645-1532           -            296 27137at314147        -            330   5.1e-09   32.0   2.7   2   2         1       9.5    1.5   0.0   302   328   266   293   211   295 0.69 -
contig_45643_pilon:1939-1040          -            300 27137at314147        -            330   6.6e-09   31.6   0.5   1   2   7.2e-10   6.6e-09   31.6   0.5    36   145    30   139    17   202 0.83 -
contig_45643_pilon:1939-1040          -            300 27137at314147        -            330   6.6e-09   31.6   0.5   2   2         5        46   -0.7   0.3   122   208   170   253   161   258 0.58 -
contig_56588_pilon:2295-1488          -            269 27137at314147        -            330   8.7e-09   31.2   0.9   1   1   9.4e-10   8.7e-09   31.2   0.9    40   159     1   120     1   130 0.91 -
contig_72985_pilon:1525-2463          -            310 27137at314147        -            330   1.1e-08   30.9   4.8   1   1     2e-09   1.9e-08   30.1   4.3    38   155    38   155    29   227 0.82 -
NW_025965324.1_RagTag:3751936-3751007 -            282 27137at314147        -            330   1.2e-08   30.8   1.3   1   1   1.3e-09   1.2e-08   30.8   1.3    35   141    33   138    21   150 0.88 -
contig_14807_pilon:1383-483           -            295 27137at314147        -            330   1.3e-08   30.7   4.0   1   1   1.5e-09   1.4e-08   30.5   2.1    41   158    31   148    17   156 0.86 -
NW_025965431.1_RagTag:35565-34649     -            304 27137at314147        -            330   1.4e-08   30.5   0.9   1   1   1.5e-09   1.4e-08   30.5   0.9    37   148    35   146    23   164 0.82 -
NW_025965140.1_RagTag:813619-812738   -            294 27137at314147        -            330   1.6e-08   30.4   4.3   1   1   1.7e-09   1.6e-08   30.4   4.3    36   158    30   152    12   159 0.88 -
contig_30879_pilon:3182-2259          -            308 27137at314147        -            330   2.3e-08   29.8   3.5   1   2   3.6e-09   3.3e-08   29.3   1.6    41   158    43   160    28   168 0.84 -
contig_30879_pilon:3182-2259          -            308 27137at314147        -            330   2.3e-08   29.8   3.5   2   2       4.7        43   -0.6   0.0   307   327   286   307   276   308 0.79 -
NW_025965426.1_RagTag:106724-105805   -            306 27137at314147        -            330     3e-08   29.5   2.5   1   2   3.3e-09     3e-08   29.5   2.5    15   161     9   156     2   171 0.74 -
NW_025965426.1_RagTag:106724-105805   -            306 27137at314147        -            330     3e-08   29.5   2.5   2   2       6.8        63   -1.2   0.0   270   325   242   301   230   305 0.64 -
NW_025965209.1_RagTag:596644-597198   -            185 27137at314147        -            330   3.1e-08   29.4  10.0   1   2     0.085      0.79    5.1   3.0   184   224    38    81    19    85 0.80 -
NW_025965209.1_RagTag:596644-597198   -            185 27137at314147        -            330   3.1e-08   29.4  10.0   2   2   4.5e-09   4.2e-08   29.0   0.7   248   325    86   166    81   171 0.82 -
NW_025965295.1_RagTag:908652-907732   -            307 27137at314147        -            330   3.2e-08   29.4  10.7   1   1   3.4e-09   3.2e-08   29.4  10.7    16   215     7   210     1   225 0.77 -
contig_81842_pilon:1576-685           -            297 27137at314147        -            330   3.7e-08   29.2   7.2   1   2   4.1e-08   3.8e-07   25.8   3.8    34   139    18   126     3   150 0.78 -
contig_81842_pilon:1576-685           -            297 27137at314147        -            330   3.7e-08   29.2   7.2   2   2      0.16       1.5    4.2   0.0   308   328   272   293   239   295 0.86 -
NW_025965278.1_RagTag:261099-260431   -            223 27137at314147        -            330   3.9e-08   29.1  11.2   1   2   1.6e-05   0.00015   17.3   1.5   124   217     1    89     1    98 0.82 -
NW_025965278.1_RagTag:261099-260431   -            223 27137at314147        -            330   3.9e-08   29.1  11.2   2   2   2.1e-05   0.00019   17.0   2.5   262   328   111   184   103   186 0.63 -
NW_025965352.1_RagTag:34299-33355     -            315 27137at314147        -            330   4.4e-08   28.9   1.1   1   2   4.8e-09   4.4e-08   28.9   1.1    19   139    22   145     8   172 0.80 -
NW_025965352.1_RagTag:34299-33355     -            315 27137at314147        -            330   4.4e-08   28.9   1.1   2   2       2.4        22    0.3   0.5    67    90   207   230   189   256 0.79 -
NW_025965138.1_RagTag:8461-7640       -            274 27137at314147        -            330   5.1e-08   28.7  10.5   1   3   8.2e-09   7.6e-08   28.1   3.0    37   152     8   123     2   134 0.90 -
NW_025965138.1_RagTag:8461-7640       -            274 27137at314147        -            330   5.1e-08   28.7  10.5   2   3       7.4        69   -1.3   0.1    70    95   163   188   145   200 0.71 -
NW_025965138.1_RagTag:8461-7640       -            274 27137at314147        -            330   5.1e-08   28.7  10.5   3   3     0.094      0.87    4.9   0.1   261   328   207   274   193   274 0.75 -
NW_025965235.1_RagTag:58504-57605     -            300 27137at314147        -            330   5.5e-08   28.6   0.0   1   1   1.2e-08   1.1e-07   27.6   0.0    37   153    31   147    23   158 0.90 -
NW_025965421.1_RagTag:170956-171649   -            214 27137at314147        -            330   7.2e-08   28.2  10.9   1   3   7.3e-08   6.7e-07   25.0   0.1    87   133    13    59     6    97 0.89 -
NW_025965421.1_RagTag:170956-171649   -            214 27137at314147        -            330   7.2e-08   28.2  10.9   2   3       4.5        42   -0.6   0.0    60    80   114   134   105   140 0.84 -
NW_025965421.1_RagTag:170956-171649   -            214 27137at314147        -            330   7.2e-08   28.2  10.9   3   3     0.052      0.48    5.8   5.4   262   317   138   204   128   214 0.61 -
NW_025965320.1_RagTag:792323-791874   -            150 27137at314147        -            330   7.3e-08   28.2   0.6   1   1   9.6e-09   8.9e-08   27.9   0.6    22   151    16   145     8   148 0.89 -
NW_025965305.1_RagTag:1568367-1569271 -            292 27137at314147        -            330   7.9e-08   28.1   1.1   1   1   1.6e-08   1.4e-07   27.2   1.1    37   159    26   148    17   159 0.88 -
NW_025965305.1_RagTag:1593276-1609222 -            267 27137at314147        -            330   7.9e-08   28.1   3.9   1   2     2e-08   1.9e-07   26.9   2.5    33   153    29   149    15   164 0.87 -
NW_025965305.1_RagTag:1593276-1609222 -            267 27137at314147        -            330   7.9e-08   28.1   3.9   2   2       2.6        24    0.2   0.0   309   329   244   265   226   266 0.84 -
NW_025965426.1_RagTag:29173-28250     -            308 27137at314147        -            330   1.1e-07   27.7   1.0   1   2   1.1e-08   1.1e-07   27.7   1.0    33   151    30   147     5   164 0.75 -
NW_025965426.1_RagTag:29173-28250     -            308 27137at314147        -            330   1.1e-07   27.7   1.0   2   2       8.1        75   -1.4   0.2   261   315   233   290   200   302 0.63 -
NW_025965182.1_RagTag:1715520-1714610 -            303 27137at314147        -            330   1.3e-07   27.4   1.7   1   1   1.4e-08   1.3e-07   27.4   1.7    36   157    34   154    24   164 0.81 -
NW_025965250.1_RagTag:29037-28351     -            229 27137at314147        -            330   1.5e-07   27.2   0.3   1   1   2.5e-08   2.3e-07   26.6   0.3    35   158    44   167    35   175 0.89 -
NW_025965008.1_RagTag:184180-173307   -            296 27137at314147        -            330   1.8e-07   26.9   4.2   1   1   3.2e-08     3e-07   26.2   4.2    36   165    30   158    19   231 0.77 -
NW_025965320.1_RagTag:825301-824392   -            303 27137at314147        -            330   1.9e-07   26.8   0.3   1   1   3.6e-08   3.3e-07   26.0   0.3    35   153    33   151    16   167 0.84 -
NW_025965054.1_RagTag:16560-17488     -            285 27137at314147        -            330   2.1e-07   26.7   6.2   1   2   1.7e-07   1.6e-06   23.8   2.9    38   157    38   155    21   165 0.80 -
NW_025965054.1_RagTag:16560-17488     -            285 27137at314147        -            330   2.1e-07   26.7   6.2   2   2      0.18       1.6    4.0   0.0   308   329   261   283   250   284 0.84 -
NW_025965140.1_RagTag:1002759-1001962 -            259 27137at314147        -            330   2.2e-07   26.6   6.7   1   1   5.9e-08   5.4e-07   25.3   7.1    46   210     4   155     1   195 0.70 -
NW_025965426.1_RagTag:64293-65108     -            272 27137at314147        -            330   2.3e-07   26.6   1.3   1   1   2.5e-08   2.3e-07   26.6   1.3    42   143    10   111     2   131 0.75 -
NW_025965123.1_RagTag:1790961-1790050 -            304 27137at314147        -            330   2.4e-07   26.5   2.2   1   2   2.6e-08   2.4e-07   26.5   2.2    34   153    28   149    13   162 0.82 -
NW_025965123.1_RagTag:1790961-1790050 -            304 27137at314147        -            330   2.4e-07   26.5   2.2   2   2         6        55   -1.0   0.3   263   327   234   298   220   300 0.55 -
NW_025965023.1_RagTag:886213-885926   -             96 27137at314147        -            330   2.4e-07   26.5   1.2   1   1   2.8e-08   2.6e-07   26.4   1.2    38   132     2    96     1    96 0.87 -
NW_025965123.1_RagTag:1802243-1682359 -            269 27137at314147        -            330   2.5e-07   26.4   7.3   1   2   2.9e-08   2.7e-07   26.3   1.3    35   160    10   126     2   132 0.89 -
NW_025965123.1_RagTag:1802243-1682359 -            269 27137at314147        -            330   2.5e-07   26.4   7.3   2   2      0.47       4.4    2.6   0.2   281   327   218   268   187   269 0.59 -
NW_025965146.1_RagTag:91849-90956     -            276 27137at314147        -            330   3.1e-07   26.1   0.4   1   1   3.3e-08   3.1e-07   26.1   0.4    37   138    33   134    13   138 0.85 -
NW_025965123.1_RagTag:1592694-1591777 -            306 27137at314147        -            330   3.9e-07   25.8   1.0   1   2     1e-07   9.6e-07   24.5   0.2    34   162    28   156    11   163 0.88 -
NW_025965123.1_RagTag:1592694-1591777 -            306 27137at314147        -            330   3.9e-07   25.8   1.0   2   2       7.9        73   -1.4   0.0   309   328   279   299   262   301 0.79 -
NW_025965426.1_RagTag:85794-85032     -            245 27137at314147        -            330   5.2e-07   25.4   0.9   1   1   1.1e-07     1e-06   24.5   0.9    32   149    19   136     3   140 0.84 -
NW_025965080.1_RagTag:560460-561338   -            293 27137at314147        -            330   5.8e-07   25.2   0.6   1   1   1.1e-07   9.8e-07   24.5   0.1    34   151    24   145    13   157 0.87 -
contig_72712_pilon:528-1298           -            257 27137at314147        -            330   6.2e-07   25.1   2.1   1   1     1e-07   9.6e-07   24.5   2.1    35   140    36   141    20   183 0.80 -
NW_025965313.1_RagTag:1581324-1580538 -            260 27137at314147        -            330   6.3e-07   25.1   8.0   1   1   9.4e-08   8.7e-07   24.7   8.0    37   182    18   164    10   213 0.76 -
NW_025965008.1_RagTag:210473-228546   -            254 27137at314147        -            330   8.2e-07   24.8   3.2   1   1   1.6e-07   1.5e-06   23.9   2.5    36   152     4   122     2   133 0.82 -
NW_025965331.1_RagTag:82451-81553     -            297 27137at314147        -            330   1.1e-06   24.3   7.2   1   1   1.6e-07   1.5e-06   23.9   6.7    37   216    25   211    11   218 0.85 -
contig_68255_pilon:858-0              -            263 27137at314147        -            330   1.1e-06   24.3   1.6   1   1   1.2e-07   1.1e-06   24.3   1.6    36   139    34   130    28   135 0.89 -
NW_025965054.1_RagTag:12554-13459     -            285 27137at314147        -            330   1.3e-06   24.1   4.1   1   2   1.9e-07   1.7e-06   23.7   2.6    38   155    32   148    15   160 0.82 -
NW_025965054.1_RagTag:12554-13459     -            285 27137at314147        -            330   1.3e-06   24.1   4.1   2   2       9.6        89   -1.7   0.0   309   329   262   283   253   284 0.82 -
NW_025965352.1_RagTag:20838-20083     -            252 27137at314147        -            330   1.3e-06   24.1   3.1   1   2   4.9e-07   4.5e-06   22.3   0.4   109   165    52   110     6   137 0.70 -
NW_025965352.1_RagTag:20838-20083     -            252 27137at314147        -            330   1.3e-06   24.1   3.1   2   2      0.45       4.2    2.7   0.1   290   325   211   248   157   252 0.68 -
NW_025965320.1_RagTag:799549-798621   -            308 27137at314147        -            330   1.3e-06   24.1   2.6   1   1   2.3e-07   2.2e-06   23.4   2.6    35   143    33   141     7   157 0.85 -
contig_25261_pilon:2013-1030          -            328 27137at314147        -            330   1.5e-06   23.9  17.1   1   2   0.00094    0.0087   11.5   8.0    25   156    23   154    12   168 0.79 -
contig_25261_pilon:2013-1030          -            328 27137at314147        -            330   1.5e-06   23.9  17.1   2   2   1.2e-05   0.00011   17.7   1.2   258   324   233   311   221   316 0.70 -
NW_025965581.1_RagTag:2490-3395       -            302 27137at314147        -            330   1.6e-06   23.8   4.8   1   2     2e-06   1.8e-05   20.3   5.4    22   160    13   151     7   228 0.75 -
NW_025965581.1_RagTag:2490-3395       -            302 27137at314147        -            330   1.6e-06   23.8   4.8   2   2       2.4        22    0.3   0.0   302   329   272   300   265   301 0.83 -
contig_26960_pilon:456-1361           -            302 27137at314147        -            330     2e-06   23.5   6.8   1   2   8.7e-07   8.1e-06   21.5   4.0    19   159    14   154     8   225 0.76 -
contig_26960_pilon:456-1361           -            302 27137at314147        -            330     2e-06   23.5   6.8   2   2      0.41       3.8    2.8   0.1   260   328   231   301   221   302 0.69 -
NW_025965405.1_RagTag:29174-29767     -            198 27137at314147        -            330   2.2e-06   23.3   1.0   1   1   3.3e-07   3.1e-06   22.9   1.0   108   155    16    64     5   132 0.86 -
NW_025965123.1_RagTag:1729259-1682344 -            286 27137at314147        -            330   2.2e-06   23.3   1.9   1   2   2.4e-07   2.2e-06   23.3   1.9    36   160    19   138    11   144 0.86 -
NW_025965123.1_RagTag:1729259-1682344 -            286 27137at314147        -            330   2.2e-06   23.3   1.9   2   2      0.15       1.4    4.2   0.4   281   330   230   283   198   283 0.61 -
NW_025965307.1_RagTag:57189-57698     -            170 27137at314147        -            330   2.3e-06   23.3   1.2   1   1     3e-07   2.7e-06   23.0   1.2    38   155    36   153    16   166 0.83 -
NW_025965203.1_RagTag:450455-451276   -            274 27137at314147        -            330   2.7e-06   23.0   3.8   1   1   4.6e-07   4.3e-06   22.4   3.8    31   138    16   124     4   150 0.80 -
NW_025965313.1_RagTag:1618129-1619045 -            305 27137at314147        -            330   3.3e-06   22.8   2.6   1   2   1.2e-06   1.1e-05   21.1   2.2    37   141    34   138    12   208 0.81 -
NW_025965313.1_RagTag:1618129-1619045 -            305 27137at314147        -            330   3.3e-06   22.8   2.6   2   2       7.7        71   -1.3   0.0   309   328   282   302   267   303 0.82 -
contig_71775_pilon:1429-593           -            274 27137at314147        -            330   3.3e-06   22.8   0.9   1   1   3.6e-07   3.3e-06   22.8   0.9    38   157     9   125     3   133 0.87 -
NW_025965313.1_RagTag:65084-65656     -            191 27137at314147        -            330   3.6e-06   22.6   0.5   1   1   4.5e-07   4.2e-06   22.4   0.5    36   137    23   124    14   162 0.89 -
NW_025965426.1_RagTag:94586-94104     -            161 27137at314147        -            330   3.8e-06   22.6   0.2   1   1   4.4e-07     4e-06   22.5   0.2    92   157     8    70     4   141 0.84 -
NW_025965274.1_RagTag:6080-6799       -            240 27137at314147        -            330   3.8e-06   22.6   4.0   1   1   6.4e-07   5.9e-06   21.9   4.0    35   138    29   132    14   161 0.85 -
NW_025965008.1_RagTag:147496-148383   -            296 27137at314147        -            330   4.4e-06   22.3   2.3   1   3   4.8e-07   4.4e-06   22.3   2.3    37   143    24   130    17   149 0.90 -
NW_025965008.1_RagTag:147496-148383   -            296 27137at314147        -            330   4.4e-06   22.3   2.3   2   3       6.3        58   -1.1   0.3    67   103   175   213   171   244 0.77 -
NW_025965008.1_RagTag:147496-148383   -            296 27137at314147        -            330   4.4e-06   22.3   2.3   3   3      0.39       3.6    2.9   0.0   308   329   272   294   221   295 0.82 -
NW_025965636.1_RagTag:13668-15681     -            293 27137at314147        -            330   4.9e-06   22.2   4.3   1   2   1.3e-06   1.3e-05   20.9   2.0    36   152    31   144    19   155 0.81 -
NW_025965636.1_RagTag:13668-15681     -            293 27137at314147        -            330   4.9e-06   22.2   4.3   2   2       1.3        12    1.2   0.0   261   328   224   291   216   293 0.73 -
NW_025965426.1_RagTag:106641-105805   -            279 27137at314147        -            330   5.3e-06   22.1   3.7   1   2   5.7e-07   5.3e-06   22.1   3.7    39   161     8   129     3   144 0.73 -
NW_025965426.1_RagTag:106641-105805   -            279 27137at314147        -            330   5.3e-06   22.1   3.7   2   2       4.9        45   -0.7   0.0   270   326   215   275   203   279 0.65 -
NW_025965313.1_RagTag:65078-65962     -            266 27137at314147        -            330   6.2e-06   21.9   0.8   1   1   1.2e-06   1.1e-05   21.1   0.4    36   136    25   125    17   137 0.88 -
NW_025965315.1_RagTag:2412143-2413039 -            299 27137at314147        -            330   6.6e-06   21.8   2.7   1   1   9.7e-07     9e-06   21.3   2.7    39   161    35   157    17   240 0.83 -
NW_025965251.1_RagTag:376661-375814   -            272 27137at314147        -            330   7.5e-06   21.6   0.3   1   1   8.1e-07   7.5e-06   21.6   0.3    39   141    19   121     7   135 0.90 -
NW_025965305.1_RagTag:1566199-1565318 -            294 27137at314147        -            330   7.7e-06   21.5   1.8   1   1   1.4e-06   1.3e-05   20.8   1.8    33   160    31   158    18   232 0.84 -
NW_025965352.1_RagTag:115451-3134     -            284 27137at314147        -            330   7.8e-06   21.5   3.8   1   2   8.4e-07   7.8e-06   21.5   3.8    34   140    18   124    11   150 0.85 -
NW_025965352.1_RagTag:115451-3134     -            284 27137at314147        -            330   7.8e-06   21.5   3.8   2   2         4        37   -0.4   0.4   262   315   221   277   179   281 0.69 -
NW_025965008.1_RagTag:201239-211571   -            288 27137at314147        -            330   8.1e-06   21.5   1.2   1   1   1.2e-06   1.1e-05   21.1   1.2    35   157    23   145     4   237 0.76 -
NW_025965313.1_RagTag:1618222-1720472 -            235 27137at314147        -            330   9.1e-06   21.3   3.2   1   1   1.7e-06   1.5e-05   20.6   3.0    38   142     4   108     2   211 0.82 -
contig_22903_pilon:621-1529           -            303 27137at314147        -            330   9.2e-06   21.3   3.6   1   1   9.9e-07   9.2e-06   21.3   3.6    34   137    29   132    14   138 0.85 -
NW_025965426.1_RagTag:61120-61686     -            189 27137at314147        -            330     1e-05   21.1   0.3   1   2   1.1e-06     1e-05   21.1   0.3   120   213     1   101     1   113 0.64 -
NW_025965426.1_RagTag:61120-61686     -            189 27137at314147        -            330     1e-05   21.1   0.3   2   2         4        37   -0.4   0.1   291   316   150   176   114   188 0.62 -
NW_025965233.1_RagTag:189853-190770   -            306 27137at314147        -            330   1.1e-05   21.1   7.1   1   1   1.9e-06   1.8e-05   20.4   7.1    30   219    28   223    13   230 0.79 -
NW_025965008.1_RagTag:177440-176544   -            297 27137at314147        -            330   1.1e-05   21.1   2.0   1   1   1.5e-06   1.4e-05   20.7   2.0    35   162    25   150     8   230 0.87 -
NW_025965161.1_RagTag:650005-650751   -            249 27137at314147        -            330   1.1e-05   21.1   4.5   1   1   1.4e-06   1.3e-05   20.8   4.5    69   221    10   169     3   246 0.78 -
NW_025965235.1_RagTag:60087-59185     -            301 27137at314147        -            330   1.5e-05   20.6   2.2   1   1   2.1e-06   1.9e-05   20.2   1.2    40   163    36   159    22   229 0.77 -
NW_025965317.1_RagTag:2485493-2486315 -            273 27137at314147        -            330   1.6e-05   20.5   3.0   1   1   2.7e-06   2.5e-05   19.9   3.0    35   143    14   122     5   208 0.86 -
NW_025965426.1_RagTag:17883-70266     -            253 27137at314147        -            330   1.7e-05   20.4   0.8   1   2   1.8e-06   1.7e-05   20.4   0.8    64   147     5    89     2   108 0.74 -
NW_025965426.1_RagTag:17883-70266     -            253 27137at314147        -            330   1.7e-05   20.4   0.8   2   2       1.8        17    0.7   0.2   256   327   171   248   166   251 0.65 -
contig_16391_pilon:1799-907           -            295 27137at314147        -            330   1.8e-05   20.3  12.5   1   1   4.4e-06   4.1e-05   19.2  12.4    37   211    31   195    13   210 0.78 -
NW_025965054.1_RagTag:50512-7369      -            173 27137at314147        -            330   1.8e-05   20.3   0.4   1   1   2.2e-06   2.1e-05   20.1   0.4    47   161    27   141     5   151 0.80 -
contig_59306_pilon:968-1787           -            269 27137at314147        -            330   1.8e-05   20.3   2.4   1   1   3.5e-06   3.2e-05   19.5   2.4    40   153    34   147    19   161 0.74 -
contig_77425_pilon:139-1064           -            305 27137at314147        -            330   1.9e-05   20.3   6.6   1   1     5e-06   4.6e-05   19.0   6.6    38   213    36   215    29   224 0.79 -
NW_025965123.1_RagTag:1630917-1738918 -            282 27137at314147        -            330   2.3e-05   20.0   1.1   1   1   2.5e-06   2.3e-05   20.0   1.1    22   156    19   154    10   166 0.70 -
NW_025965315.1_RagTag:2428899-2429805 -            300 27137at314147        -            330   2.6e-05   19.8   2.9   1   1   5.2e-06   4.8e-05   18.9   2.0    40   163    36   157    26   224 0.87 -
contig_67641_pilon:735-19             -            239 27137at314147        -            330   2.8e-05   19.7  11.4   1   2    0.0002    0.0018   13.7   7.0    38   155    12   128     3   140 0.82 -
contig_67641_pilon:735-19             -            239 27137at314147        -            330   2.8e-05   19.7  11.4   2   2     0.008     0.074    8.5   0.1   258   283   210   235   181   239 0.86 -
contig_48637_pilon:1311-406           -            302 27137at314147        -            330   2.8e-05   19.7   0.3   1   2     3e-06   2.8e-05   19.7   0.3    38   144    32   138    23   149 0.81 -
contig_48637_pilon:1311-406           -            302 27137at314147        -            330   2.8e-05   19.7   0.3   2   2       3.7        35   -0.3   0.4   135   170   182   218   161   256 0.61 -
NW_025965352.1_RagTag:10910-11527     -            206 27137at314147        -            330   3.1e-05   19.6   1.4   1   1   3.9e-06   3.6e-05   19.3   1.4    36   146    33   142     4   201 0.71 -
NW_025965274.1_RagTag:18043-18971     -            307 27137at314147        -            330   4.4e-05   19.0   4.0   1   1   4.8e-06   4.4e-05   19.0   4.0    34   138    35   136    20   155 0.89 -
NW_025965313.1_RagTag:1578926-1577992 -            301 27137at314147        -            330   4.7e-05   19.0   2.6   1   1   8.9e-06   8.3e-05   18.2   2.1    37   138    40   139    28   175 0.85 -
NW_025965256.1_RagTag:9890-8704       -            296 27137at314147        -            330   5.9e-05   18.6   5.0   1   1   6.4e-06   5.9e-05   18.6   5.0    21   208    18   192    14   211 0.84 -
contig_9927_pilon:1331-466            -            247 27137at314147        -            330   7.7e-05   18.3   2.6   1   2   4.4e-05   0.00041   15.9   1.4    37   141    14   117     7   144 0.86 -
contig_9927_pilon:1331-466            -            247 27137at314147        -            330   7.7e-05   18.3   2.6   2   2       1.1        10    1.4   0.0   309   329   221   242   208   243 0.85 -
contig_79807_pilon:390-1              -            130 27137at314147        -            330   9.7e-05   17.9   0.1   1   1   1.2e-05   0.00011   17.8   0.1    37   134    33   130    13   130 0.93 -
contig_11065_pilon:1203-299           -            299 27137at314147        -            330   9.7e-05   17.9   8.5   1   2   1.3e-05   0.00012   17.7   5.1    21   138    16   136     7   209 0.81 -
contig_11065_pilon:1203-299           -            299 27137at314147        -            330   9.7e-05   17.9   8.5   2   2       1.1        10    1.4   0.1   309   328   278   298   266   299 0.84 -
NW_025965431.1_RagTag:13941-14838     -            295 27137at314147        -            330    0.0001   17.9   8.7   1   1   1.3e-05   0.00012   17.6   6.8    25   143    13   128     5   223 0.76 -
NW_025965151.1_RagTag:9146-8328       -            273 27137at314147        -            330   0.00011   17.8   8.4   1   2     3e-05   0.00028   16.4   7.1    40   142    11   113     3   197 0.91 -
NW_025965151.1_RagTag:9146-8328       -            273 27137at314147        -            330   0.00011   17.8   8.4   2   2       6.1        56   -1.0   1.5    35    82   157   202   150   237 0.74 -
contig_45575_pilon:1119-2019          -            296 27137at314147        -            330   0.00011   17.8   5.0   1   2   0.00018    0.0017   13.8   4.5    32   152    25   142    15   236 0.72 -
contig_45575_pilon:1119-2019          -            296 27137at314147        -            330   0.00011   17.8   5.0   2   2      0.56       5.2    2.4   0.0   306   328   273   296   265   296 0.85 -
NW_025965431.1_RagTag:6661-14820      -            299 27137at314147        -            330   0.00012   17.6   7.5   1   1   3.8e-05   0.00035   16.1   7.5    36   187    30   174    18   239 0.71 -
NW_025965274.1_RagTag:775-1698        -            308 27137at314147        -            330   0.00013   17.5   4.5   1   1   2.8e-05   0.00026   16.5   4.5    34   139    35   140    20   160 0.86 -
NW_025965274.1_RagTag:25462-24893     -            168 27137at314147        -            330   0.00014   17.4   0.4   1   1   2.2e-05    0.0002   16.9   0.2   118   159   100   141    72   148 0.87 -
NW_025965470.1_RagTag:881-166         -            213 27137at314147        -            330   0.00016   17.2   1.8   1   1   2.5e-05   0.00023   16.7   1.8    64   154     2    92     1   110 0.75 -
contig_57885_pilon:1608-2156          -            183 27137at314147        -            330   0.00017   17.1   7.3   1   1   2.3e-05   0.00021   16.8   7.3    38   156    45   162    22   171 0.83 -
NW_025965008.1_RagTag:207520-163131   -            277 27137at314147        -            330   0.00017   17.1   9.5   1   2   1.8e-05   0.00017   17.1   9.5    39   222    22   203    11   224 0.84 -
NW_025965008.1_RagTag:207520-163131   -            277 27137at314147        -            330   0.00017   17.1   9.5   2   2       6.7        62   -1.2   0.0   305   328   252   276   207   277 0.84 -
NW_025965146.1_RagTag:97684-98594     -            291 27137at314147        -            330   0.00017   17.1   1.2   1   2   0.00011     0.001   14.6   0.6    37   144    31   128    20   143 0.79 -
NW_025965146.1_RagTag:97684-98594     -            291 27137at314147        -            330   0.00017   17.1   1.2   2   2         8        74   -1.4   0.0   308   329   267   289   256   290 0.80 -
NW_025965258.1_RagTag:3663-4571       -            303 27137at314147        -            330   0.00018   17.0   8.2   1   2   0.00012    0.0011   14.5   7.9    38   172    32   168    14   233 0.75 -
NW_025965258.1_RagTag:3663-4571       -            303 27137at314147        -            330   0.00018   17.0   8.2   2   2       2.2        20    0.5   0.0   306   329   277   301   269   302 0.83 -
NW_025965331.1_RagTag:86104-102345    -            280 27137at314147        -            330   0.00019   16.9   5.5   1   3    0.0086      0.08    8.3   0.2    35    69    29    63    21    84 0.79 -
NW_025965331.1_RagTag:86104-102345    -            280 27137at314147        -            330   0.00019   16.9   5.5   2   3    0.0085     0.079    8.4   0.4   117   155    90   127    70   135 0.75 -
NW_025965331.1_RagTag:86104-102345    -            280 27137at314147        -            330   0.00019   16.9   5.5   3   3       1.3        12    1.2   0.0   302   329   250   278   206   279 0.81 -
NW_025965316.1_RagTag:3770129-3679029 -            162 27137at314147        -            330   0.00021   16.8   4.4   1   1    0.0002    0.0019   13.7   4.4    83   216     3   131     1   157 0.64 -
NW_025965320.1_RagTag:809547-808632   -            291 27137at314147        -            330   0.00024   16.6   0.1   1   1   3.7e-05   0.00035   16.1   0.1   106   146    91   133    21   167 0.72 -
NW_025965008.1_RagTag:167884-163548   -            147 27137at314147        -            330    0.0003   16.3   1.0   1   1   5.5e-05   0.00051   15.6   1.0    35   137    25   120     8   131 0.78 -
contig_19626_pilon:706-1617           -            304 27137at314147        -            330   0.00032   16.2   3.3   1   1     6e-05   0.00056   15.4   3.3    36   140    36   140    27   214 0.82 -
NW_025965313.1_RagTag:59120-59602     -            161 27137at314147        -            330   0.00034   16.1   1.0   1   1   4.3e-05   0.00039   15.9   1.0    37   139    26   128    12   155 0.83 -
contig_31446_pilon:625-37             -            190 27137at314147        -            330   0.00035   16.1   0.7   1   1   5.2e-05   0.00048   15.6   0.7    34   151    26   143    12   154 0.87 -
NW_025965123.1_RagTag:1802092-1682347 -            224 27137at314147        -            330   0.00052   15.5   2.0   1   2     0.003     0.028    9.8   0.0   122   160    39    77    13    83 0.86 -
NW_025965123.1_RagTag:1802092-1682347 -            224 27137at314147        -            330   0.00052   15.5   2.0   2   2       0.1      0.95    4.8   0.5   281   330   169   222   135   222 0.61 -
NW_025965305.1_RagTag:1608632-1609213 -            143 27137at314147        -            330   0.00054   15.5   2.9   1   2   0.00012    0.0011   14.5   1.8   116   162     7    53     3   104 0.71 -
NW_025965305.1_RagTag:1608632-1609213 -            143 27137at314147        -            330   0.00054   15.5   2.9   2   2         4        37   -0.4   0.0   309   328   123   143   109   143 0.82 -
NW_025965123.1_RagTag:1603489-1602571 -            301 27137at314147        -            330   0.00057   15.4   0.2   1   2   6.1e-05   0.00057   15.4   0.2    99   141    92   134    28   156 0.79 -
NW_025965123.1_RagTag:1603489-1602571 -            301 27137at314147        -            330   0.00057   15.4   0.2   2   2       2.8        26    0.1   0.0   309   330   278   300   267   300 0.86 -
NW_025965123.1_RagTag:1729214-1654919 -            194 27137at314147        -            330   0.00063   15.3   4.0   1   1   9.5e-05   0.00088   14.8   4.0    37   138     5   106     2   141 0.88 -
NW_025965307.1_RagTag:96079-95414     -            222 27137at314147        -            330    0.0007   15.1   2.3   1   3   8.6e-05    0.0008   14.9   0.2   117   152    23    58    14    68 0.79 -
NW_025965307.1_RagTag:96079-95414     -            222 27137at314147        -            330    0.0007   15.1   2.3   2   3       9.5        88   -1.7   0.1    84   124    72   112    49   136 0.65 -
NW_025965307.1_RagTag:96079-95414     -            222 27137at314147        -            330    0.0007   15.1   2.3   3   3         9        84   -1.6   0.0   309   329   192   213   177   214 0.79 -
NW_025965426.1_RagTag:118577-76677    -            296 27137at314147        -            330   0.00083   14.9   6.2   1   1     9e-05   0.00083   14.9   4.5    60   218    46   211    14   223 0.69 -
NW_025965331.1_RagTag:84070-84891     -            274 27137at314147        -            330    0.0012   14.4   3.2   1   1   0.00011     0.001   14.6   2.3   105   160   110   163    20   226 0.65 -
NW_025965352.1_RagTag:24589-24030     -            179 27137at314147        -            330    0.0036   12.8   6.8   1   1     0.003     0.027    9.9   6.8    33   141    24   122     5   149 0.62 -
NW_025965223.1_RagTag:121394-120495   -            300 27137at314147        -            330    0.0042   12.6  11.8   1   2   0.00056    0.0052   12.2  10.0    38   217    28   214    19   228 0.69 -
NW_025965223.1_RagTag:121394-120495   -            300 27137at314147        -            330    0.0042   12.6  11.8   2   2       8.7        81   -1.5   0.0   309   328   276   296   268   297 0.82 -
NW_025965008.1_RagTag:175654-175094   -            187 27137at314147        -            330     0.012   11.1   5.1   1   2     0.001    0.0096   11.4   3.6   120   220     1   108     1   120 0.70 -
NW_025965008.1_RagTag:175654-175094   -            187 27137at314147        -            330     0.012   11.1   5.1   2   2       7.9        73   -1.4   0.0   263   326   120   185   112   187 0.48 -
contig_19055_pilon:1363-482           -            290 27137at314147        -            330       0.1    8.0  11.6   1   2     0.024      0.22    6.9   7.7   117   219   101   207    46   222 0.73 -
contig_19055_pilon:1363-482           -            290 27137at314147        -            330       0.1    8.0  11.6   2   2      0.42       3.9    2.8   0.1   298   329   255   287   217   288 0.70 -
NW_025965008.1_RagTag:184192-183276   -            289 27137at314147        -            330      0.12    7.8  14.0   1   3     0.025      0.23    6.8   0.1    36    81    34    79    24    89 0.88 -
NW_025965008.1_RagTag:184192-183276   -            289 27137at314147        -            330      0.12    7.8  14.0   2   3      0.43         4    2.8   8.1   117   193    96   178    82   221 0.63 -
NW_025965008.1_RagTag:184192-183276   -            289 27137at314147        -            330      0.12    7.8  14.0   3   3       3.6        33   -0.3   0.0   309   328   268   288   256   289 0.84 -
#
# Program:         hmmsearch
# Version:         3.1b2 (February 2015)
# Pipeline mode:   SEARCH
# Query file:      /home/bgerda/guppy_SUP/busco_downloads/lineages/glires_odb10/hmms/27137at314147.hmm
# Target file:     /home/bgerda/guppy_SUP/busco_results_racon/run_glires_odb10/metaeuk_output/rerun_results/ragtag.scaffold.fasta.modified.fas
# Option settings: hmmsearch --domtblout /home/bgerda/guppy_SUP/busco_results_racon/run_glires_odb10/hmmer_output/rerun_results/27137at314147.out --cpu 1 /home/bgerda/guppy_SUP/busco_downloads/lineages/glires_odb10/hmms/27137at314147.hmm /home/bgerda/guppy_SUP/busco_results_racon/run_glires_odb10/metaeuk_output/rerun_results/ragtag.scaffold.fasta.modified.fas 
# Current dir:     /home/bgerda/guppy_SUP
# Date:            Sun May 21 17:30:06 2023
# [ok]
