#                                                                                             --- full sequence --- -------------- this domain -------------   hmm coord   ali coord   env coord
# target name                         accession   tlen query name           accession   qlen   E-value  score  bias   #  of  c-Evalue  i-Evalue  score  bias  from    to  from    to  from    to  acc description of target
#                 ------------------- ---------- ----- -------------------- ---------- ----- --------- ------ ----- --- --- --------- --------- ------ ----- ----- ----- ----- ----- ----- ----- ---- ---------------------
NW_025965440.1_RagTag:12616-13782     -            389 28149at314147        -            237   2.2e-25   85.9  46.5   1  12   0.00012    0.0034   13.3   0.3    46    89    12    53     2    68 0.86 -
NW_025965440.1_RagTag:12616-13782     -            389 28149at314147        -            237   2.2e-25   85.9  46.5   2  12   0.00027    0.0078   12.1   1.9    47    89    69   109    57   117 0.85 -
NW_025965440.1_RagTag:12616-13782     -            389 28149at314147        -            237   2.2e-25   85.9  46.5   3  12   0.00021    0.0063   12.4   0.7    48    88    98   136    93   138 0.89 -
NW_025965440.1_RagTag:12616-13782     -            389 28149at314147        -            237   2.2e-25   85.9  46.5   4  12   1.5e-05   0.00043   16.2   1.2    46    88   124   164   115   167 0.87 -
NW_025965440.1_RagTag:12616-13782     -            389 28149at314147        -            237   2.2e-25   85.9  46.5   5  12     2e-05    0.0006   15.7   0.4    47    87   153   191   149   192 0.90 -
NW_025965440.1_RagTag:12616-13782     -            389 28149at314147        -            237   2.2e-25   85.9  46.5   6  12   5.7e-05    0.0017   14.3   2.0    46    88   180   220   171   224 0.87 -
NW_025965440.1_RagTag:12616-13782     -            389 28149at314147        -            237   2.2e-25   85.9  46.5   7  12   0.00041     0.012   11.5   1.0    48    88   210   248   206   251 0.88 -
NW_025965440.1_RagTag:12616-13782     -            389 28149at314147        -            237   2.2e-25   85.9  46.5   8  12   9.1e-05    0.0027   13.6   1.1    45    88   235   276   224   278 0.86 -
NW_025965440.1_RagTag:12616-13782     -            389 28149at314147        -            237   2.2e-25   85.9  46.5   9  12    0.0033     0.097    8.5   0.2    46    74   264   290   260   294 0.80 -
NW_025965440.1_RagTag:12616-13782     -            389 28149at314147        -            237   2.2e-25   85.9  46.5  10  12   9.3e-06   0.00027   16.9   2.3    45    88   291   332   283   335 0.87 -
NW_025965440.1_RagTag:12616-13782     -            389 28149at314147        -            237   2.2e-25   85.9  46.5  11  12   3.2e-05   0.00096   15.1   0.7    48    87   322   359   316   360 0.90 -
NW_025965440.1_RagTag:12616-13782     -            389 28149at314147        -            237   2.2e-25   85.9  46.5  12  12   5.8e-05    0.0017   14.2   0.9    48    87   350   387   339   389 0.88 -
NW_025965271.1_RagTag:496368-615075   -            290 28149at314147        -            237   4.3e-20   68.6  29.6   1  10   0.00078     0.023   10.6   0.2    50    87    16    51    10    52 0.89 -
NW_025965271.1_RagTag:496368-615075   -            290 28149at314147        -            237   4.3e-20   68.6  29.6   2  10   1.5e-05   0.00043   16.2   0.3    47    88    41    80    36    84 0.89 -
NW_025965271.1_RagTag:496368-615075   -            290 28149at314147        -            237   4.3e-20   68.6  29.6   3  10   9.6e-05    0.0029   13.5   1.3    45    87    67   107    59   107 0.87 -
NW_025965271.1_RagTag:496368-615075   -            290 28149at314147        -            237   4.3e-20   68.6  29.6   4  10   0.00025    0.0073   12.2   1.0    46    87    96   135    88   135 0.87 -
NW_025965271.1_RagTag:496368-615075   -            290 28149at314147        -            237   4.3e-20   68.6  29.6   5  10   4.2e-05    0.0012   14.7   0.5    47    89   125   165   121   169 0.89 -
NW_025965271.1_RagTag:496368-615075   -            290 28149at314147        -            237   4.3e-20   68.6  29.6   6  10   2.6e-05   0.00076   15.4   0.7    46    88   152   192   147   195 0.89 -
NW_025965271.1_RagTag:496368-615075   -            290 28149at314147        -            237   4.3e-20   68.6  29.6   7  10   9.6e-06   0.00028   16.8   0.9    44    88   178   220   169   223 0.86 -
NW_025965271.1_RagTag:496368-615075   -            290 28149at314147        -            237   4.3e-20   68.6  29.6   8  10   0.00012    0.0036   13.2   1.0    45    88   207   248   199   251 0.85 -
NW_025965271.1_RagTag:496368-615075   -            290 28149at314147        -            237   4.3e-20   68.6  29.6   9  10    0.0004     0.012   11.5   1.8    46    87   236   275   227   276 0.87 -
NW_025965271.1_RagTag:496368-615075   -            290 28149at314147        -            237   4.3e-20   68.6  29.6  10  10    0.0025     0.073    8.9   0.3    45    69   263   287   254   290 0.82 -
contig_36320_pilon:719-1438           -            240 28149at314147        -            237   2.3e-17   59.6  27.4   1   8   0.00019    0.0056   12.6   0.3    44    69    15    40     4    46 0.79 -
contig_36320_pilon:719-1438           -            240 28149at314147        -            237   2.3e-17   59.6  27.4   2   8   2.8e-06   8.2e-05   18.6   0.5    47    89    46    86    41    89 0.90 -
contig_36320_pilon:719-1438           -            240 28149at314147        -            237   2.3e-17   59.6  27.4   3   8   2.3e-05   0.00067   15.6   1.0    46    88    73   113    69   116 0.89 -
contig_36320_pilon:719-1438           -            240 28149at314147        -            237   2.3e-17   59.6  27.4   4   8    0.0018     0.052    9.4   0.2    46    72   101   125    97   130 0.81 -
contig_36320_pilon:719-1438           -            240 28149at314147        -            237   2.3e-17   59.6  27.4   5   8     1e-05    0.0003   16.8   1.8    44    89   127   170   118   173 0.86 -
contig_36320_pilon:719-1438           -            240 28149at314147        -            237   2.3e-17   59.6  27.4   6   8   0.00026    0.0077   12.1   2.0    45    87   156   196   146   197 0.86 -
contig_36320_pilon:719-1438           -            240 28149at314147        -            237   2.3e-17   59.6  27.4   7   8   4.3e-05    0.0013   14.7   1.3    44    88   183   225   174   228 0.85 -
contig_36320_pilon:719-1438           -            240 28149at314147        -            237   2.3e-17   59.6  27.4   8   8     0.033      0.96    5.3   0.1    46    69   213   236   209   240 0.83 -
contig_64050_pilon:909-1490           -            194 28149at314147        -            237   4.9e-17   58.6  13.8   1   6   3.5e-08     1e-06   24.8   0.3    44    89    14    57     5    60 0.86 -
contig_64050_pilon:909-1490           -            194 28149at314147        -            237   4.9e-17   58.6  13.8   2   6    0.0013     0.038    9.9   0.0    50    70    48    68    45    74 0.82 -
contig_64050_pilon:909-1490           -            194 28149at314147        -            237   4.9e-17   58.6  13.8   3   6     3e-06   8.9e-05   18.5   0.9    46    88    72   112    61   115 0.86 -
contig_64050_pilon:909-1490           -            194 28149at314147        -            237   4.9e-17   58.6  13.8   4   6   0.00037     0.011   11.6   0.3    47    87   101   139    96   143 0.83 -
contig_64050_pilon:909-1490           -            194 28149at314147        -            237   4.9e-17   58.6  13.8   5   6      0.05       1.5    4.7   0.2    47    69   129   151   122   157 0.80 -
contig_64050_pilon:909-1490           -            194 28149at314147        -            237   4.9e-17   58.6  13.8   6   6   0.00011    0.0033   13.3   0.2    45    84   155   192   146   194 0.84 -
contig_52188_pilon:954-280            -            225 28149at314147        -            237   1.4e-16   57.1  23.2   1   7     3e-06   8.7e-05   18.5   0.7    45    88    16    57     5    60 0.86 -
contig_52188_pilon:954-280            -            225 28149at314147        -            237   1.4e-16   57.1  23.2   2   7   6.2e-06   0.00018   17.4   0.6    47    87    46    84    42    84 0.90 -
contig_52188_pilon:954-280            -            225 28149at314147        -            237   1.4e-16   57.1  23.2   3   7   3.4e-05     0.001   15.0   1.9    47    88    74   113    64   117 0.87 -
contig_52188_pilon:954-280            -            225 28149at314147        -            237   1.4e-16   57.1  23.2   4   7    0.0021     0.061    9.2   0.2    46    69   101   124    95   128 0.86 -
contig_52188_pilon:954-280            -            225 28149at314147        -            237   1.4e-16   57.1  23.2   5   7    0.0031     0.093    8.6   0.1    47    70   130   153   125   158 0.84 -
contig_52188_pilon:954-280            -            225 28149at314147        -            237   1.4e-16   57.1  23.2   6   7    0.0011     0.033   10.0   0.1    46    76   157   185   152   189 0.77 -
contig_52188_pilon:954-280            -            225 28149at314147        -            237   1.4e-16   57.1  23.2   7   7   0.00019    0.0056   12.6   0.7    46    87   185   224   181   225 0.86 -
NW_025965250.1_RagTag:47411-46794     -            206 28149at314147        -            237   9.6e-15   51.1  14.0   1   6     0.068         2    4.2   0.1    53    87     2    34     1    35 0.86 -
NW_025965250.1_RagTag:47411-46794     -            206 28149at314147        -            237   9.6e-15   51.1  14.0   2   6   0.00025    0.0073   12.2   0.2    40    88    17    63    12    67 0.84 -
NW_025965250.1_RagTag:47411-46794     -            206 28149at314147        -            237   9.6e-15   51.1  14.0   3   6   0.00032    0.0096   11.8   0.1    48    88    53    91    36    95 0.81 -
NW_025965250.1_RagTag:47411-46794     -            206 28149at314147        -            237   9.6e-15   51.1  14.0   4   6   1.3e-05   0.00037   16.4   0.2    45    88    78   119    67   124 0.81 -
NW_025965250.1_RagTag:47411-46794     -            206 28149at314147        -            237   9.6e-15   51.1  14.0   5   6   0.00011    0.0031   13.4   0.4    37    69   126   158   124   165 0.84 -
NW_025965250.1_RagTag:47411-46794     -            206 28149at314147        -            237   9.6e-15   51.1  14.0   6   6   5.5e-05    0.0016   14.3   0.2    47    88   164   203   159   206 0.82 -
contig_33351_pilon:17-583             -            189 28149at314147        -            237   2.1e-14   49.9  12.9   1   6    0.0081      0.24    7.2   0.1    47    71    11    33     1    41 0.77 -
contig_33351_pilon:17-583             -            189 28149at314147        -            237   2.1e-14   49.9  12.9   2   6   5.6e-06   0.00016   17.6   1.1    47    91    39    81    29    86 0.87 -
contig_33351_pilon:17-583             -            189 28149at314147        -            237   2.1e-14   49.9  12.9   3   6   0.00026    0.0078   12.1   0.2    49    88    69   106    62   109 0.84 -
contig_33351_pilon:17-583             -            189 28149at314147        -            237   2.1e-14   49.9  12.9   4   6    0.0088      0.26    7.1   0.2    46    69    94   117    84   123 0.78 -
contig_33351_pilon:17-583             -            189 28149at314147        -            237   2.1e-14   49.9  12.9   5   6   0.00052     0.015   11.1   0.1    47    75   123   149   118   153 0.79 -
contig_33351_pilon:17-583             -            189 28149at314147        -            237   2.1e-14   49.9  12.9   6   6   0.00011    0.0032   13.4   0.1    46    85   150   187   146   189 0.84 -
NW_025965250.1_RagTag:230423-229599   -            275 28149at314147        -            237   3.5e-14   49.2  24.0   1   9   0.00048     0.014   11.2   0.2    46    88    14    54     4    57 0.86 -
NW_025965250.1_RagTag:230423-229599   -            275 28149at314147        -            237   3.5e-14   49.2  24.0   2   9    0.0004     0.012   11.5   0.1    37    89    33    83    32    87 0.86 -
NW_025965250.1_RagTag:230423-229599   -            275 28149at314147        -            237   3.5e-14   49.2  24.0   3   9   0.00094     0.028   10.3   0.8    44    87    68   109    56   111 0.83 -
NW_025965250.1_RagTag:230423-229599   -            275 28149at314147        -            237   3.5e-14   49.2  24.0   4   9     3e-05   0.00089   15.2   2.7    37    89    89   139    86   144 0.92 -
NW_025965250.1_RagTag:230423-229599   -            275 28149at314147        -            237   3.5e-14   49.2  24.0   5   9   5.5e-05    0.0016   14.3   1.8    37    89   117   167   115   174 0.90 -
NW_025965250.1_RagTag:230423-229599   -            275 28149at314147        -            237   3.5e-14   49.2  24.0   6   9   0.00014    0.0042   13.0   0.2    37    89   145   195   141   199 0.87 -
NW_025965250.1_RagTag:230423-229599   -            275 28149at314147        -            237   3.5e-14   49.2  24.0   7   9      0.03      0.89    5.4   0.3    47    83   183   217   171   221 0.78 -
NW_025965250.1_RagTag:230423-229599   -            275 28149at314147        -            237   3.5e-14   49.2  24.0   8   9     0.019      0.56    6.0   0.2    37    70   201   234   198   240 0.81 -
NW_025965250.1_RagTag:230423-229599   -            275 28149at314147        -            237   3.5e-14   49.2  24.0   9   9   0.00045     0.013   11.3   0.2    42    84   234   274   229   275 0.83 -
contig_52188_pilon:1642-1031          -            204 28149at314147        -            237     7e-14   48.3  21.6   1   7     0.051       1.5    4.6   0.1    53    83     1    29     1    31 0.80 -
contig_52188_pilon:1642-1031          -            204 28149at314147        -            237     7e-14   48.3  21.6   2   7   8.1e-05    0.0024   13.8   1.8    45    88    21    62    13    67 0.86 -
contig_52188_pilon:1642-1031          -            204 28149at314147        -            237     7e-14   48.3  21.6   3   7    0.0027      0.08    8.8   0.9    45    88    49    90    40    93 0.81 -
contig_52188_pilon:1642-1031          -            204 28149at314147        -            237     7e-14   48.3  21.6   4   7    0.0015     0.044    9.6   0.3    47    74    79   104    67   108 0.79 -
contig_52188_pilon:1642-1031          -            204 28149at314147        -            237     7e-14   48.3  21.6   5   7   2.8e-05   0.00083   15.3   0.3    46    88   106   146   102   150 0.89 -
contig_52188_pilon:1642-1031          -            204 28149at314147        -            237     7e-14   48.3  21.6   6   7    0.0034       0.1    8.5   0.2    48    75   136   161   130   165 0.77 -
contig_52188_pilon:1642-1031          -            204 28149at314147        -            237     7e-14   48.3  21.6   7   7   1.6e-05   0.00047   16.1   2.2    45    88   161   202   152   204 0.87 -
NW_025965182.1_RagTag:1639771-1640832 -            354 28149at314147        -            237   6.8e-13   45.0  31.0   1  10   0.00083     0.025   10.5   0.0    49    87    10    46     3    51 0.87 -
NW_025965182.1_RagTag:1639771-1640832 -            354 28149at314147        -            237   6.8e-13   45.0  31.0   2  10      0.09       2.7    3.8   0.1    48    69    65    86    56   106 0.80 -
NW_025965182.1_RagTag:1639771-1640832 -            354 28149at314147        -            237   6.8e-13   45.0  31.0   3  10      0.21       6.1    2.6   0.6    50    90    95   133    83   144 0.64 -
NW_025965182.1_RagTag:1639771-1640832 -            354 28149at314147        -            237   6.8e-13   45.0  31.0   4  10      0.14       4.1    3.2   0.9    41    74   114   147   101   159 0.72 -
NW_025965182.1_RagTag:1639771-1640832 -            354 28149at314147        -            237   6.8e-13   45.0  31.0   5  10      0.21       6.2    2.6   0.4    49    70   150   171   138   177 0.77 -
NW_025965182.1_RagTag:1639771-1640832 -            354 28149at314147        -            237   6.8e-13   45.0  31.0   6  10     8e-05    0.0024   13.8   2.1    37    89   166   216   164   224 0.87 -
NW_025965182.1_RagTag:1639771-1640832 -            354 28149at314147        -            237   6.8e-13   45.0  31.0   7  10     0.011      0.32    6.8   0.5    45    70   230   255   216   261 0.72 -
NW_025965182.1_RagTag:1639771-1640832 -            354 28149at314147        -            237   6.8e-13   45.0  31.0   8  10   5.4e-05    0.0016   14.4   2.2    38    88   251   299   250   312 0.83 -
NW_025965182.1_RagTag:1639771-1640832 -            354 28149at314147        -            237   6.8e-13   45.0  31.0   9  10     0.095       2.8    3.7   0.1    45    69   286   310   283   320 0.86 -
NW_025965182.1_RagTag:1639771-1640832 -            354 28149at314147        -            237   6.8e-13   45.0  31.0  10  10    0.0073      0.21    7.4   0.3    52    87   321   354   306   354 0.88 -
NW_025965235.1_RagTag:117217-116603   -            205 28149at314147        -            237   1.5e-12   43.9  15.1   1   5   6.6e-05    0.0019   14.1   0.2    47    87    23    61     9    65 0.85 -
NW_025965235.1_RagTag:117217-116603   -            205 28149at314147        -            237   1.5e-12   43.9  15.1   2   5   0.00077     0.023   10.6   0.3    48    87    52    89    46    89 0.89 -
NW_025965235.1_RagTag:117217-116603   -            205 28149at314147        -            237   1.5e-12   43.9  15.1   3   5   5.9e-05    0.0017   14.2   0.8    48    89    80   119    68   130 0.84 -
NW_025965235.1_RagTag:117217-116603   -            205 28149at314147        -            237   1.5e-12   43.9  15.1   4   5     0.031       0.9    5.3   0.2    47    71   135   159   121   165 0.82 -
NW_025965235.1_RagTag:117217-116603   -            205 28149at314147        -            237   1.5e-12   43.9  15.1   5   5   7.5e-06   0.00022   17.2   0.7    47    88   163   202   158   205 0.88 -
NW_025965190.1_RagTag:118103-118654   -            184 28149at314147        -            237   2.4e-12   43.2  14.5   1   6    0.0045      0.13    8.1   0.3    48    79    10    39     4    47 0.71 -
NW_025965190.1_RagTag:118103-118654   -            184 28149at314147        -            237   2.4e-12   43.2  14.5   2   6    0.0057      0.17    7.7   0.1    48    77    38    67    32    68 0.88 -
NW_025965190.1_RagTag:118103-118654   -            184 28149at314147        -            237   2.4e-12   43.2  14.5   3   6    0.0057      0.17    7.7   0.3    47    73    65    94    61   104 0.70 -
NW_025965190.1_RagTag:118103-118654   -            184 28149at314147        -            237   2.4e-12   43.2  14.5   4   6      0.14       4.3    3.1   0.1    52    69    98   115    91   120 0.82 -
NW_025965190.1_RagTag:118103-118654   -            184 28149at314147        -            237   2.4e-12   43.2  14.5   5   6   2.1e-05   0.00062   15.7   0.3    37    75   111   149   109   150 0.84 -
NW_025965190.1_RagTag:118103-118654   -            184 28149at314147        -            237   2.4e-12   43.2  14.5   6   6   6.6e-05    0.0019   14.1   0.2    47    76   149   178   145   183 0.85 -
contig_59446_pilon:259-795            -            179 28149at314147        -            237     7e-12   41.7  16.5   1   6       0.2       5.9    2.7   0.2    52    69     2    19     1    25 0.76 -
contig_59446_pilon:259-795            -            179 28149at314147        -            237     7e-12   41.7  16.5   2   6   2.5e-06   7.4e-05   18.7   1.5    45    89    23    65    13    70 0.86 -
contig_59446_pilon:259-795            -            179 28149at314147        -            237     7e-12   41.7  16.5   3   6   9.8e-05    0.0029   13.5   1.0    47    88    53    92    50    94 0.90 -
contig_59446_pilon:259-795            -            179 28149at314147        -            237     7e-12   41.7  16.5   4   6   8.6e-05    0.0025   13.7   1.1    46    87    80   119    69   120 0.85 -
contig_59446_pilon:259-795            -            179 28149at314147        -            237     7e-12   41.7  16.5   5   6   0.00061     0.018   10.9   1.2    47    81   109   141    99   143 0.79 -
contig_59446_pilon:259-795            -            179 28149at314147        -            237     7e-12   41.7  16.5   6   6    0.0016     0.048    9.5   0.1    47    87   137   175   133   179 0.81 -
contig_10836_pilon:82-696             -            205 28149at314147        -            237   3.3e-11   39.5  19.9   1   7      0.15       4.5    3.1   0.1    53    74     1    22     1    33 0.74 -
contig_10836_pilon:82-696             -            205 28149at314147        -            237   3.3e-11   39.5  19.9   2   7     0.013      0.38    6.6   0.3    50    88    26    62    21    66 0.85 -
contig_10836_pilon:82-696             -            205 28149at314147        -            237   3.3e-11   39.5  19.9   3   7    0.0068       0.2    7.5   0.6    44    87    48    89    39    93 0.83 -
contig_10836_pilon:82-696             -            205 28149at314147        -            237   3.3e-11   39.5  19.9   4   7   0.00021    0.0062   12.4   0.3    45    89    77   119    67   122 0.84 -
contig_10836_pilon:82-696             -            205 28149at314147        -            237   3.3e-11   39.5  19.9   5   7   2.7e-05   0.00081   15.3   1.0    41    87   102   145    95   147 0.82 -
contig_10836_pilon:82-696             -            205 28149at314147        -            237   3.3e-11   39.5  19.9   6   7   0.00011    0.0034   13.3   0.2    44    77   132   163   123   164 0.79 -
contig_10836_pilon:82-696             -            205 28149at314147        -            237   3.3e-11   39.5  19.9   7   7     2e-05   0.00059   15.8   1.3    46    88   162   202   157   205 0.88 -
NW_025965215.1_RagTag:338153-337497   -            219 28149at314147        -            237   3.5e-11   39.4   9.5   1   4     0.045       1.3    4.8   0.0    39    66     3    30     1    34 0.82 -
NW_025965215.1_RagTag:338153-337497   -            219 28149at314147        -            237   3.5e-11   39.4   9.5   2   4     0.003     0.089    8.6   0.1    47    71    95   119    65   124 0.79 -
NW_025965215.1_RagTag:338153-337497   -            219 28149at314147        -            237   3.5e-11   39.4   9.5   3   4    0.0037      0.11    8.3   0.0    47    66   123   142   119   151 0.86 -
NW_025965215.1_RagTag:338153-337497   -            219 28149at314147        -            237   3.5e-11   39.4   9.5   4   4   8.9e-07   2.6e-05   20.2   2.1    48    91   152   193   145   218 0.85 -
contig_18339_pilon:495-968            -            158 28149at314147        -            237   3.6e-11   39.4  13.4   1   5   1.6e-05   0.00049   16.1   0.6    43    80    16    51     9    54 0.81 -
contig_18339_pilon:495-968            -            158 28149at314147        -            237   3.6e-11   39.4  13.4   2   5   0.00062     0.018   10.9   0.6    46    87    47    86    41    88 0.88 -
contig_18339_pilon:495-968            -            158 28149at314147        -            237   3.6e-11   39.4  13.4   3   5    0.0013     0.039    9.8   1.1    48    85    77   112    73   114 0.83 -
contig_18339_pilon:495-968            -            158 28149at314147        -            237   3.6e-11   39.4  13.4   4   5   0.00028    0.0081   12.0   1.1    46    87   103   142    99   142 0.89 -
contig_18339_pilon:495-968            -            158 28149at314147        -            237   3.6e-11   39.4  13.4   5   5    0.0019     0.056    9.3   0.1    46    69   131   154   128   158 0.83 -
NW_025965289.1_RagTag:78419-78979     -            187 28149at314147        -            237   1.6e-10   37.3  14.9   1   6   2.6e-05   0.00078   15.4   0.3    47    88    11    50     5    55 0.88 -
NW_025965289.1_RagTag:78419-78979     -            187 28149at314147        -            237   1.6e-10   37.3  14.9   2   6    0.0032     0.094    8.6   0.3    46    87    38    77    34    79 0.82 -
NW_025965289.1_RagTag:78419-78979     -            187 28149at314147        -            237   1.6e-10   37.3  14.9   3   6   0.00047     0.014   11.3   0.3    45    89    65   107    50   112 0.84 -
NW_025965289.1_RagTag:78419-78979     -            187 28149at314147        -            237   1.6e-10   37.3  14.9   4   6   0.00015    0.0045   12.9   0.2    48    89    96   135    92   140 0.86 -
NW_025965289.1_RagTag:78419-78979     -            187 28149at314147        -            237   1.6e-10   37.3  14.9   5   6   1.2e-05   0.00035   16.5   0.7    46    88   122   162   102   165 0.81 -
NW_025965289.1_RagTag:78419-78979     -            187 28149at314147        -            237   1.6e-10   37.3  14.9   6   6    0.0012     0.034   10.0   0.6    42    83   146   185   139   187 0.77 -
NW_025965301.1_RagTag:101568-100954   -            205 28149at314147        -            237   1.8e-09   33.8  13.0   1   7     0.039       1.1    5.0   0.0    50    69     2    21     1    29 0.85 -
NW_025965301.1_RagTag:101568-100954   -            205 28149at314147        -            237   1.8e-09   33.8  13.0   2   7    0.0017     0.049    9.5   0.0    51    89    31    68    25    70 0.81 -
NW_025965301.1_RagTag:101568-100954   -            205 28149at314147        -            237   1.8e-09   33.8  13.0   3   7    0.0051      0.15    7.9   0.1    42    70    51    79    45    89 0.78 -
NW_025965301.1_RagTag:101568-100954   -            205 28149at314147        -            237   1.8e-09   33.8  13.0   4   7    0.0014     0.042    9.7   0.4    50    89    87   124    73   128 0.84 -
NW_025965301.1_RagTag:101568-100954   -            205 28149at314147        -            237   1.8e-09   33.8  13.0   5   7     0.037       1.1    5.1   0.1    48    70   113   135   110   147 0.74 -
NW_025965301.1_RagTag:101568-100954   -            205 28149at314147        -            237   1.8e-09   33.8  13.0   6   7     0.027      0.78    5.6   0.2    48    68   141   161   128   169 0.83 -
NW_025965301.1_RagTag:101568-100954   -            205 28149at314147        -            237   1.8e-09   33.8  13.0   7   7     0.024      0.72    5.7   0.2    52    85   172   203   162   205 0.79 -
NW_025965375.1_RagTag:139175-138555   -            207 28149at314147        -            237   2.1e-09   33.6  13.9   1   7     0.069         2    4.2   0.1    54    87     4    35     2    39 0.82 -
NW_025965375.1_RagTag:139175-138555   -            207 28149at314147        -            237   2.1e-09   33.6  13.9   2   7   0.00027    0.0079   12.1   0.2    45    88    23    64    11    70 0.84 -
NW_025965375.1_RagTag:139175-138555   -            207 28149at314147        -            237   2.1e-09   33.6  13.9   3   7    0.0028     0.083    8.7   0.1    46    81    52    85    48    87 0.81 -
NW_025965375.1_RagTag:139175-138555   -            207 28149at314147        -            237   2.1e-09   33.6  13.9   4   7   0.00039     0.012   11.5   0.4    45    88    79   120    70   127 0.85 -
NW_025965375.1_RagTag:139175-138555   -            207 28149at314147        -            237   2.1e-09   33.6  13.9   5   7     0.038       1.1    5.1   0.4    45    71   107   133    99   139 0.79 -
NW_025965375.1_RagTag:139175-138555   -            207 28149at314147        -            237   2.1e-09   33.6  13.9   6   7   0.00061     0.018   10.9   0.4    45    87   135   175   126   177 0.86 -
NW_025965375.1_RagTag:139175-138555   -            207 28149at314147        -            237   2.1e-09   33.6  13.9   7   7     0.011      0.33    6.8   0.4    47    87   165   203   161   207 0.77 -
NW_025965317.1_RagTag:1373618-1373070 -            183 28149at314147        -            237   2.8e-09   33.2  15.4   1   6    0.0032     0.093    8.6   0.5    45    88    15    56     5    59 0.78 -
NW_025965317.1_RagTag:1373618-1373070 -            183 28149at314147        -            237   2.8e-09   33.2  15.4   2   6   0.00051     0.015   11.2   0.9    37    83    35    79    34    79 0.82 -
NW_025965317.1_RagTag:1373618-1373070 -            183 28149at314147        -            237   2.8e-09   33.2  15.4   3   6    0.0008     0.024   10.5   0.6    43    82    69   106    62   115 0.73 -
NW_025965317.1_RagTag:1373618-1373070 -            183 28149at314147        -            237   2.8e-09   33.2  15.4   4   6   0.00082     0.024   10.5   0.6    50    88   104   140    95   143 0.86 -
NW_025965317.1_RagTag:1373618-1373070 -            183 28149at314147        -            237   2.8e-09   33.2  15.4   5   6    0.0023     0.068    9.0   0.9    46    69   128   151   117   160 0.79 -
NW_025965317.1_RagTag:1373618-1373070 -            183 28149at314147        -            237   2.8e-09   33.2  15.4   6   6    0.0025     0.074    8.9   0.2    45    70   155   180   146   183 0.75 -
contig_10031_pilon:1322-846           -            159 28149at314147        -            237   3.2e-09   33.0  10.7   1   5       6.5   1.9e+02   -2.3   0.0    70    86    16    32     7    42 0.64 -
contig_10031_pilon:1322-846           -            159 28149at314147        -            237   3.2e-09   33.0  10.7   2   5    0.0087      0.26    7.1   0.3    46    75    50    77    36    81 0.81 -
contig_10031_pilon:1322-846           -            159 28149at314147        -            237   3.2e-09   33.0  10.7   3   5   3.7e-06   0.00011   18.2   0.4    50    89    81   118    77   122 0.90 -
contig_10031_pilon:1322-846           -            159 28149at314147        -            237   3.2e-09   33.0  10.7   4   5   0.00061     0.018   10.9   0.1    47    72   106   129   101   134 0.80 -
contig_10031_pilon:1322-846           -            159 28149at314147        -            237   3.2e-09   33.0  10.7   5   5   0.00026    0.0075   12.1   0.3    45    69   132   156   123   159 0.82 -
NW_025965233.1_RagTag:186383-188742   -            257 28149at314147        -            237   5.5e-09   32.2  11.5   1   2   1.8e-06   5.3e-05   19.2   2.5    48    98   112   159    97   179 0.85 -
NW_025965233.1_RagTag:186383-188742   -            257 28149at314147        -            237   5.5e-09   32.2  11.5   2   2   3.5e-06    0.0001   18.2   1.8    46    87   218   257   196   257 0.83 -
contig_28105_pilon:1415-840           -            192 28149at314147        -            237   8.8e-09   31.6  15.5   1   6   0.00035      0.01   11.7   0.8    47    87    17    55     5    61 0.85 -
contig_28105_pilon:1415-840           -            192 28149at314147        -            237   8.8e-09   31.6  15.5   2   6   0.00036     0.011   11.6   0.2    48    88    46    84    42    86 0.91 -
contig_28105_pilon:1415-840           -            192 28149at314147        -            237   8.8e-09   31.6  15.5   3   6   0.00065     0.019   10.8   0.8    45    89    71   113    61   119 0.83 -
contig_28105_pilon:1415-840           -            192 28149at314147        -            237   8.8e-09   31.6  15.5   4   6     0.017      0.51    6.2   0.5    47    87   101   139    89   142 0.81 -
contig_28105_pilon:1415-840           -            192 28149at314147        -            237   8.8e-09   31.6  15.5   5   6     0.017       0.5    6.2   0.2    47    66   129   148   117   159 0.80 -
contig_28105_pilon:1415-840           -            192 28149at314147        -            237   8.8e-09   31.6  15.5   6   6    0.0012     0.036    9.9   0.3    47    81   157   189   150   192 0.73 -
NW_025965250.1_RagTag:8860-9492       -            211 28149at314147        -            237     1e-08   31.3  13.4   1   6       0.2       5.8    2.7   0.0    48    69     3    24     1    30 0.84 -
NW_025965250.1_RagTag:8860-9492       -            211 28149at314147        -            237     1e-08   31.3  13.4   2   6   0.00083     0.024   10.5   0.1    48    88    31    69    25    74 0.87 -
NW_025965250.1_RagTag:8860-9492       -            211 28149at314147        -            237     1e-08   31.3  13.4   3   6     0.017       0.5    6.2   0.4    49    87    60    96    49    97 0.83 -
NW_025965250.1_RagTag:8860-9492       -            211 28149at314147        -            237     1e-08   31.3  13.4   4   6    0.0029     0.084    8.7   0.5    47    90    86   127    76   141 0.82 -
NW_025965250.1_RagTag:8860-9492       -            211 28149at314147        -            237     1e-08   31.3  13.4   5   6       1.7        52   -0.4   0.1    51    69   146   164   128   168 0.76 -
NW_025965250.1_RagTag:8860-9492       -            211 28149at314147        -            237     1e-08   31.3  13.4   6   6   3.7e-05    0.0011   14.9   0.5    45    87   168   208   153   211 0.73 -
NW_025965341.1_RagTag:124400-123816   -            195 28149at314147        -            237   1.1e-08   31.3  19.7   1   6    0.0021     0.062    9.2   0.2    53    87     1    33     1    37 0.84 -
NW_025965341.1_RagTag:124400-123816   -            195 28149at314147        -            237   1.1e-08   31.3  19.7   2   6    0.0013     0.037    9.9   0.2    49    88    25    62    19    67 0.84 -
NW_025965341.1_RagTag:124400-123816   -            195 28149at314147        -            237   1.1e-08   31.3  19.7   3   6   5.4e-05    0.0016   14.4   0.8    47    89    51    91    43    96 0.88 -
NW_025965341.1_RagTag:124400-123816   -            195 28149at314147        -            237   1.1e-08   31.3  19.7   4   6   0.00041     0.012   11.5   0.5    37    70    69   102    65   109 0.86 -
NW_025965341.1_RagTag:124400-123816   -            195 28149at314147        -            237   1.1e-08   31.3  19.7   5   6     0.001      0.03   10.2   0.9    44    90   104   148    95   155 0.76 -
NW_025965341.1_RagTag:124400-123816   -            195 28149at314147        -            237   1.1e-08   31.3  19.7   6   6     0.048       1.4    4.7   0.6    46    72   162   188   152   194 0.79 -
NW_025965318.1_RagTag:51878-52414     -            179 28149at314147        -            237   1.9e-08   30.5   3.2   1   3   2.2e-05   0.00066   15.6   0.2    44    84     8    46     1    53 0.84 -
NW_025965318.1_RagTag:51878-52414     -            179 28149at314147        -            237   1.9e-08   30.5   3.2   2   3    0.0083      0.24    7.2   0.1    48    83    40    73    36    73 0.88 -
NW_025965318.1_RagTag:51878-52414     -            179 28149at314147        -            237   1.9e-08   30.5   3.2   3   3   4.7e-05    0.0014   14.6   0.2    46    89    66   107    57   119 0.84 -
contig_43334_pilon:1147-1967          -            144 28149at314147        -            237   3.4e-08   29.6  13.0   1   5    0.0023     0.069    9.0   0.0    49    76     8    33     2    34 0.81 -
contig_43334_pilon:1147-1967          -            144 28149at314147        -            237   3.4e-08   29.6  13.0   2   5     4e-05    0.0012   14.8   1.5    45    87    32    72    29    83 0.86 -
contig_43334_pilon:1147-1967          -            144 28149at314147        -            237   3.4e-08   29.6  13.0   3   5       0.1       3.1    3.6   1.0    45    72    60    85    52    95 0.78 -
contig_43334_pilon:1147-1967          -            144 28149at314147        -            237   3.4e-08   29.6  13.0   4   5    0.0092      0.27    7.1   0.6    54    87    87   118    77   118 0.88 -
contig_43334_pilon:1147-1967          -            144 28149at314147        -            237   3.4e-08   29.6  13.0   5   5   0.00083     0.025   10.5   1.8    45    83   106   142    96   143 0.78 -
NW_025965127.1_RagTag:114163-113654   -            170 28149at314147        -            237   9.8e-08   28.1   7.7   1   5   0.00048     0.014   11.3   0.2    49    88    22    59     2    65 0.75 -
NW_025965127.1_RagTag:114163-113654   -            170 28149at314147        -            237   9.8e-08   28.1   7.7   2   5   0.00076     0.023   10.6   0.1    50    89    51    88    44   103 0.85 -
NW_025965127.1_RagTag:114163-113654   -            170 28149at314147        -            237   9.8e-08   28.1   7.7   3   5   0.00035      0.01   11.7   0.5    49    90    78   117    66   128 0.82 -
NW_025965127.1_RagTag:114163-113654   -            170 28149at314147        -            237   9.8e-08   28.1   7.7   4   5   0.00081     0.024   10.5   0.3    47    83   104   138    93   142 0.76 -
NW_025965127.1_RagTag:114163-113654   -            170 28149at314147        -            237   9.8e-08   28.1   7.7   5   5     0.042       1.2    4.9   0.1    50    85   135   168   127   170 0.79 -
contig_81532_pilon:2097-1657          -            147 28149at314147        -            237   1.2e-07   27.8   8.0   1   3     0.011      0.31    6.8   0.8    42    88    16    60     6    74 0.72 -
contig_81532_pilon:2097-1657          -            147 28149at314147        -            237   1.2e-07   27.8   8.0   2   3   2.5e-05   0.00074   15.5   0.3    43    88    74   117    66   117 0.86 -
contig_81532_pilon:2097-1657          -            147 28149at314147        -            237   1.2e-07   27.8   8.0   3   3   4.8e-06   0.00014   17.8   0.2    47    88   106   145   102   147 0.91 -
NW_025965341.1_RagTag:72137-72748     -            204 28149at314147        -            237   2.2e-07   27.0   9.6   1   5       4.4   1.3e+02   -1.7   0.0    53    69     1    17     1    48 0.74 -
NW_025965341.1_RagTag:72137-72748     -            204 28149at314147        -            237   2.2e-07   27.0   9.6   2   5    0.0059      0.18    7.7   0.1    37    69    41    73    30    80 0.79 -
NW_025965341.1_RagTag:72137-72748     -            204 28149at314147        -            237   2.2e-07   27.0   9.6   3   5   0.00026    0.0077   12.1   0.1    47    88    79   118    74   124 0.89 -
NW_025965341.1_RagTag:72137-72748     -            204 28149at314147        -            237   2.2e-07   27.0   9.6   4   5    0.0084      0.25    7.2   0.5    47    87   135   173   116   175 0.81 -
NW_025965341.1_RagTag:72137-72748     -            204 28149at314147        -            237   2.2e-07   27.0   9.6   5   5     0.005      0.15    7.9   0.1    49    87   165   201   158   204 0.83 -
NW_025965230.1_RagTag:860644-860186   -            153 28149at314147        -            237   5.9e-07   25.6  14.2   1   5    0.0031     0.092    8.6   0.4    46    80     8    42     2    51 0.66 -
NW_025965230.1_RagTag:860644-860186   -            153 28149at314147        -            237   5.9e-07   25.6  14.2   2   5    0.0039      0.11    8.3   0.4    48    87    38    75    33    76 0.79 -
NW_025965230.1_RagTag:860644-860186   -            153 28149at314147        -            237   5.9e-07   25.6  14.2   3   5   0.00026    0.0075   12.1   1.7    37    87    55   103    53   104 0.88 -
NW_025965230.1_RagTag:860644-860186   -            153 28149at314147        -            237   5.9e-07   25.6  14.2   4   5    0.0041      0.12    8.2   0.8    47    73    93   119    86   124 0.78 -
NW_025965230.1_RagTag:860644-860186   -            153 28149at314147        -            237   5.9e-07   25.6  14.2   5   5    0.0068       0.2    7.5   0.8    46    74   120   148   109   153 0.70 -
NW_025965071.1_RagTag:26271-26759     -            163 28149at314147        -            237   8.4e-07   25.1  10.6   1   4     0.034         1    5.2   0.3    50    69    23    42     2    53 0.76 -
NW_025965071.1_RagTag:26271-26759     -            163 28149at314147        -            237   8.4e-07   25.1  10.6   2   4   0.00057     0.017   11.0   0.1    45    73    74   102    57   108 0.77 -
NW_025965071.1_RagTag:26271-26759     -            163 28149at314147        -            237   8.4e-07   25.1  10.6   3   4    0.0059      0.17    7.7   0.2    48    66   105   123    98   134 0.80 -
NW_025965071.1_RagTag:26271-26759     -            163 28149at314147        -            237   8.4e-07   25.1  10.6   4   4    0.0078      0.23    7.3   0.3    47    77   132   160   126   163 0.80 -
NW_025965341.1_RagTag:44562-43963     -            200 28149at314147        -            237   1.9e-06   23.9  13.9   1   5    0.0016     0.046    9.6   0.1    56    91     2    35     1    41 0.89 -
NW_025965341.1_RagTag:44562-43963     -            200 28149at314147        -            237   1.9e-06   23.9  13.9   2   5     0.011      0.31    6.9   0.1    47    65   105   123    63   124 0.67 -
NW_025965341.1_RagTag:44562-43963     -            200 28149at314147        -            237   1.9e-06   23.9  13.9   3   5   0.00061     0.018   10.9   0.3    47    87   105   143    95   144 0.86 -
NW_025965341.1_RagTag:44562-43963     -            200 28149at314147        -            237   1.9e-06   23.9  13.9   4   5    0.0087      0.26    7.1   1.5    50    83   136   167   124   169 0.84 -
NW_025965341.1_RagTag:44562-43963     -            200 28149at314147        -            237   1.9e-06   23.9  13.9   5   5    0.0046      0.14    8.0   0.4    48    83   162   195   156   200 0.80 -
NW_025965022.1_RagTag:243066-242485   -            194 28149at314147        -            237   2.3e-06   23.7  13.5   1   6      0.56        16    1.2   0.1    56    73     2    19     1    24 0.76 -
NW_025965022.1_RagTag:243066-242485   -            194 28149at314147        -            237   2.3e-06   23.7  13.5   2   6    0.0026     0.076    8.9   1.3    46    88    20    60    10    77 0.81 -
NW_025965022.1_RagTag:243066-242485   -            194 28149at314147        -            237   2.3e-06   23.7  13.5   3   6       1.1        34    0.2   0.0    56    69    85    98    66   106 0.76 -
NW_025965022.1_RagTag:243066-242485   -            194 28149at314147        -            237   2.3e-06   23.7  13.5   4   6   0.00052     0.015   11.1   0.7    38    87    99   142    88   148 0.73 -
NW_025965022.1_RagTag:243066-242485   -            194 28149at314147        -            237   2.3e-06   23.7  13.5   5   6   0.00096     0.029   10.3   0.1    47    88   132   171   127   174 0.84 -
NW_025965022.1_RagTag:243066-242485   -            194 28149at314147        -            237   2.3e-06   23.7  13.5   6   6     0.017       0.5    6.2   0.2    37    80   150   191   148   194 0.76 -
NW_025965215.1_RagTag:22972-21674     -            433 28149at314147        -            237   2.5e-06   23.5  17.3   1   5   0.00027    0.0081   12.0   0.5    46    89   255   296   244   304 0.81 -
NW_025965215.1_RagTag:22972-21674     -            433 28149at314147        -            237   2.5e-06   23.5  17.3   2   5    0.0023     0.069    9.0   0.1    47    88   311   350   295   353 0.81 -
NW_025965215.1_RagTag:22972-21674     -            433 28149at314147        -            237   2.5e-06   23.5  17.3   3   5   0.00038     0.011   11.6   1.1    45    88   337   378   328   384 0.83 -
NW_025965215.1_RagTag:22972-21674     -            433 28149at314147        -            237   2.5e-06   23.5  17.3   4   5     0.099       2.9    3.7   0.9    48    71   368   391   354   401 0.72 -
NW_025965215.1_RagTag:22972-21674     -            433 28149at314147        -            237   2.5e-06   23.5  17.3   5   5     0.013      0.38    6.6   2.0    44    87   392   433   382   433 0.80 -
NW_025965432.1_RagTag:502315-503175   -            287 28149at314147        -            237   3.5e-06   23.1  31.7   1   8     0.029      0.87    5.4   1.8    37    87    13    61     4    65 0.78 -
NW_025965432.1_RagTag:502315-503175   -            287 28149at314147        -            237   3.5e-06   23.1  31.7   2   8     0.014      0.42    6.4   0.8    46    84    50    86    41    89 0.74 -
NW_025965432.1_RagTag:502315-503175   -            287 28149at314147        -            237   3.5e-06   23.1  31.7   3   8    0.0021     0.062    9.1   1.7    40    91    72   121    67   131 0.81 -
NW_025965432.1_RagTag:502315-503175   -            287 28149at314147        -            237   3.5e-06   23.1  31.7   4   8     0.014      0.43    6.4   1.2    45    88   105   146    97   153 0.79 -
NW_025965432.1_RagTag:502315-503175   -            287 28149at314147        -            237   3.5e-06   23.1  31.7   5   8     0.065       1.9    4.3   0.4    40    85   128   171   123   178 0.70 -
NW_025965432.1_RagTag:502315-503175   -            287 28149at314147        -            237   3.5e-06   23.1  31.7   6   8    0.0025     0.074    8.9   3.2    37    87   181   229   168   229 0.75 -
NW_025965432.1_RagTag:502315-503175   -            287 28149at314147        -            237   3.5e-06   23.1  31.7   7   8    0.0024      0.07    9.0   0.6    37    75   209   245   209   253 0.79 -
NW_025965432.1_RagTag:502315-503175   -            287 28149at314147        -            237   3.5e-06   23.1  31.7   8   8     0.027       0.8    5.5   0.2    50    87   250   285   243   287 0.84 -
NW_025965279.1_RagTag:100214-99645    -            190 28149at314147        -            237   7.7e-06   21.9   6.3   1   4      0.13       3.9    3.3   0.3    43    88    49    90     4    94 0.72 -
NW_025965279.1_RagTag:100214-99645    -            190 28149at314147        -            237   7.7e-06   21.9   6.3   2   4     0.006      0.18    7.7   1.6    44    80    77   110    56   114 0.77 -
NW_025965279.1_RagTag:100214-99645    -            190 28149at314147        -            237   7.7e-06   21.9   6.3   3   4    0.0031     0.093    8.6   0.3    37    71    97   131    95   144 0.83 -
NW_025965279.1_RagTag:100214-99645    -            190 28149at314147        -            237   7.7e-06   21.9   6.3   4   4   0.00099     0.029   10.2   0.0    48    74   163   187   149   190 0.79 -
NW_025965442.1_RagTag:49839-49393     -            149 28149at314147        -            237   2.4e-05   20.3  10.0   1   4      0.12       3.4    3.4   0.7    55    91    15    49     8    60 0.78 -
NW_025965442.1_RagTag:49839-49393     -            149 28149at314147        -            237   2.4e-05   20.3  10.0   2   4   8.8e-06   0.00026   16.9   0.4    48    89    64   103    52   106 0.88 -
NW_025965442.1_RagTag:49839-49393     -            149 28149at314147        -            237   2.4e-05   20.3  10.0   3   4    0.0055      0.16    7.8   0.4    49    83    93   125    86   138 0.73 -
NW_025965442.1_RagTag:49839-49393     -            149 28149at314147        -            237   2.4e-05   20.3  10.0   4   4      0.11       3.3    3.5   0.2    48    74   120   144   109   148 0.80 -
NW_025965279.1_RagTag:44846-44427     -            140 28149at314147        -            237   4.2e-05   19.5   2.6   1   4      0.73        22    0.8   0.0    50    69     7    26     3    37 0.78 -
NW_025965279.1_RagTag:44846-44427     -            140 28149at314147        -            237   4.2e-05   19.5   2.6   2   4     0.014      0.42    6.4   0.2    55    88    40    71    26    80 0.75 -
NW_025965279.1_RagTag:44846-44427     -            140 28149at314147        -            237   4.2e-05   19.5   2.6   3   4     0.099       2.9    3.7   0.2    43    66    56    79    48    91 0.81 -
NW_025965279.1_RagTag:44846-44427     -            140 28149at314147        -            237   4.2e-05   19.5   2.6   4   4   0.00065     0.019   10.8   0.1    48    88    89   127    76   133 0.82 -
NW_025965127.1_RagTag:114477-114148   -            110 28149at314147        -            237   4.4e-05   19.5   0.7   1   2    0.0024     0.072    8.9   0.1    47    69    11    33     7    45 0.80 -
NW_025965127.1_RagTag:114477-114148   -            110 28149at314147        -            237   4.4e-05   19.5   0.7   2   2    0.0018     0.054    9.4   0.1    50    92    42    82    35    97 0.84 -
NW_025965200.1_RagTag:16831-17695     -            244 28149at314147        -            237   5.5e-05   19.1   2.3   1   2      0.04       1.2    5.0   0.4    47    85   144   179   126   197 0.78 -
NW_025965200.1_RagTag:16831-17695     -            244 28149at314147        -            237   5.5e-05   19.1   2.3   2   2   6.8e-05     0.002   14.0   0.1    50    88   202   240   196   243 0.93 -
NW_025965341.1_RagTag:106474-172925   -            257 28149at314147        -            237   0.00012   18.0   8.3   1   3      0.11       3.3    3.5   1.5    37    88    20    69    14   107 0.83 -
NW_025965341.1_RagTag:106474-172925   -            257 28149at314147        -            237   0.00012   18.0   8.3   2   3   5.1e-05    0.0015   14.4   0.3    38    87   105   152    99   155 0.85 -
NW_025965341.1_RagTag:106474-172925   -            257 28149at314147        -            237   0.00012   18.0   8.3   3   3     0.005      0.15    7.9   0.3    44    91   139   184   132   208 0.83 -
contig_31119_pilon:1872-1279          -            198 28149at314147        -            237   0.00048   16.1   9.3   1   6       4.4   1.3e+02   -1.7   0.1    84   108     9    33     6    56 0.80 -
contig_31119_pilon:1872-1279          -            198 28149at314147        -            237   0.00048   16.1   9.3   2   6     0.016      0.48    6.2   0.1    45    90    42    86    32    89 0.83 -
contig_31119_pilon:1872-1279          -            198 28149at314147        -            237   0.00048   16.1   9.3   3   6     0.029      0.87    5.4   0.2    46    87    72   111    63   121 0.77 -
contig_31119_pilon:1872-1279          -            198 28149at314147        -            237   0.00048   16.1   9.3   4   6      0.11       3.1    3.6   0.0    52    88   106   140    91   146 0.75 -
contig_31119_pilon:1872-1279          -            198 28149at314147        -            237   0.00048   16.1   9.3   5   6    0.0031     0.092    8.6   0.1    47    84   129   164   118   167 0.84 -
contig_31119_pilon:1872-1279          -            198 28149at314147        -            237   0.00048   16.1   9.3   6   6    0.0049      0.14    8.0   0.7    41    87   146   195   138   198 0.69 -
NW_025965375.1_RagTag:139930-139190   -            247 28149at314147        -            237   0.00075   15.4   0.3   1   4       1.7        50   -0.4   1.7    44    93    51    97    43   109 0.65 -
NW_025965375.1_RagTag:139930-139190   -            247 28149at314147        -            237   0.00075   15.4   0.3   2   4       1.8        52   -0.4   3.5    15    88    77   149    61   180 0.66 -
NW_025965375.1_RagTag:139930-139190   -            247 28149at314147        -            237   0.00075   15.4   0.3   3   4   2.5e-05   0.00075   15.4   0.3    37    88   183   232   159   236 0.88 -
NW_025965375.1_RagTag:139930-139190   -            247 28149at314147        -            237   0.00075   15.4   0.3   4   4     0.011      0.32    6.8   0.1    46    69   220   243   213   247 0.83 -
NW_025965324.1_RagTag:640103-637710   -            506 28149at314147        -            237   0.00081   15.3   0.5   1   1   6.1e-05    0.0018   14.2   0.5    48   128    12   100     5   120 0.78 -
NW_025965297.1_RagTag:247529-248653   -            301 28149at314147        -            237    0.0011   14.9   0.2   1   2       0.9        27    0.5   0.0    48    67    85   104    74   111 0.78 -
NW_025965297.1_RagTag:247529-248653   -            301 28149at314147        -            237    0.0011   14.9   0.2   2   2   0.00017     0.005   12.7   0.1    37    75   102   140   100   155 0.79 -
NW_025965028.1_RagTag:335459-336641   -            329 28149at314147        -            237    0.0052   12.7   0.6   1   2       8.5   2.5e+02   -2.7   0.0    17    39    48    70    42    89 0.67 -
NW_025965028.1_RagTag:335459-336641   -            329 28149at314147        -            237    0.0052   12.7   0.6   2   2    0.0016     0.048    9.5   0.1    37    69   295   327   294   329 0.87 -
#
# Program:         hmmsearch
# Version:         3.1b2 (February 2015)
# Pipeline mode:   SEARCH
# Query file:      /home/bgerda/guppy_SUP/busco_downloads/lineages/glires_odb10/hmms/28149at314147.hmm
# Target file:     /home/bgerda/guppy_SUP/busco_results_racon/run_glires_odb10/metaeuk_output/rerun_results/ragtag.scaffold.fasta.modified.fas
# Option settings: hmmsearch --domtblout /home/bgerda/guppy_SUP/busco_results_racon/run_glires_odb10/hmmer_output/rerun_results/28149at314147.out --cpu 1 /home/bgerda/guppy_SUP/busco_downloads/lineages/glires_odb10/hmms/28149at314147.hmm /home/bgerda/guppy_SUP/busco_results_racon/run_glires_odb10/metaeuk_output/rerun_results/ragtag.scaffold.fasta.modified.fas 
# Current dir:     /home/bgerda/guppy_SUP
# Date:            Sun May 21 17:29:50 2023
# [ok]
