#                                                                                             --- full sequence --- -------------- this domain -------------   hmm coord   ali coord   env coord
# target name                         accession   tlen query name           accession   qlen   E-value  score  bias   #  of  c-Evalue  i-Evalue  score  bias  from    to  from    to  from    to  acc description of target
#                 ------------------- ---------- ----- -------------------- ---------- ----- --------- ------ ----- --- --- --------- --------- ------ ----- ----- ----- ----- ----- ----- ----- ---- ---------------------
contig_66008_pilon:1779-2636          -            286 2841at314147         -           1143   1.7e-21   72.0   0.0   1   1   1.9e-23     2e-21   71.8   0.0     1   156    57   208    57   237 0.86 -
NW_025965099.1_RagTag:14363-15274     -            304 2841at314147         -           1143   2.2e-20   68.3   0.2   1   1   2.6e-22   2.8e-20   68.0   0.2     1   144   100   239   100   268 0.89 -
NW_025965499.1_RagTag:3791-2706       -            362 2841at314147         -           1143   1.4e-19   65.7   0.0   1   1   1.6e-21   1.7e-19   65.4   0.0     1   142    90   227    90   260 0.89 -
contig_37224_pilon:1693-2424          -            244 2841at314147         -           1143   3.1e-16   54.6   0.0   1   1   3.4e-18   3.6e-16   54.4   0.0     1   132    72   199    72   234 0.86 -
NW_025965233.1_RagTag:114859-113462   -            466 2841at314147         -           1143   9.2e-16   53.0   0.0   1   1     1e-17   1.1e-15   52.7   0.0     2   150    80   222    79   263 0.83 -
contig_34501_pilon:2271-1573          -            233 2841at314147         -           1143   1.2e-15   52.7   0.0   1   1   1.3e-17   1.4e-15   52.4   0.0     1   137     2   134     2   147 0.90 -
contig_31429_pilon:272-1088           -            267 2841at314147         -           1143   5.5e-15   50.5   0.1   1   1   5.5e-17   5.9e-15   50.4   0.1     3   132    60   185    58   245 0.88 -
contig_34309_pilon:592-2              -            197 2841at314147         -           1143   3.5e-13   44.5   0.0   1   1   4.1e-15   4.4e-13   44.1   0.0     1   119    81   195    81   197 0.91 -
NW_025965279.1_RagTag:78582-79082     -            167 2841at314147         -           1143   1.7e-11   38.9   0.0   1   1   1.8e-13   1.9e-11   38.7   0.0    34   142    15   117     2   129 0.86 -
NW_025965218.1_RagTag:1578470-1576498 -            278 2841at314147         -           1143     4e-05   17.8   0.0   1   1   5.1e-07   5.5e-05   17.3   0.0    82   144   108   167    99   195 0.85 -
NW_025965401.1_RagTag:63455-65494     -            216 2841at314147         -           1143    0.0018   12.3   0.0   1   1   2.1e-05    0.0022   12.0   0.0    33   129    28   128    13   136 0.82 -
NW_025965352.1_RagTag:102445-103867   -            274 2841at314147         -           1143     0.005   10.8   0.0   1   1   5.9e-05    0.0064   10.5   0.0    79   130   211   261   193   272 0.82 -
NW_025965548.1_RagTag:8433-2018       -            436 2841at314147         -           1143      0.02    8.8   0.0   1   1   0.00026     0.028    8.4   0.0    32    81   330   379   310   392 0.84 -
#
# Program:         hmmsearch
# Version:         3.1b2 (February 2015)
# Pipeline mode:   SEARCH
# Query file:      /home/bgerda/guppy_SUP/busco_downloads/lineages/glires_odb10/hmms/2841at314147.hmm
# Target file:     /home/bgerda/guppy_SUP/busco_results_racon/run_glires_odb10/metaeuk_output/rerun_results/ragtag.scaffold.fasta.modified.fas
# Option settings: hmmsearch --domtblout /home/bgerda/guppy_SUP/busco_results_racon/run_glires_odb10/hmmer_output/rerun_results/2841at314147.out --cpu 1 /home/bgerda/guppy_SUP/busco_downloads/lineages/glires_odb10/hmms/2841at314147.hmm /home/bgerda/guppy_SUP/busco_results_racon/run_glires_odb10/metaeuk_output/rerun_results/ragtag.scaffold.fasta.modified.fas 
# Current dir:     /home/bgerda/guppy_SUP
# Date:            Sun May 21 17:29:57 2023
# [ok]
