#                                                                                             --- full sequence --- -------------- this domain -------------   hmm coord   ali coord   env coord
# target name                         accession   tlen query name           accession   qlen   E-value  score  bias   #  of  c-Evalue  i-Evalue  score  bias  from    to  from    to  from    to  acc description of target
#                 ------------------- ---------- ----- -------------------- ---------- ----- --------- ------ ----- --- --- --------- --------- ------ ----- ----- ----- ----- ----- ----- ----- ---- ---------------------
NW_025965307.1_RagTag:922123-923694   -            524 29095at314147        -            291   3.5e-21   72.5  17.1   1   2   2.8e-16   4.1e-15   52.6   9.5    29   193    24   200     7   216 0.82 -
NW_025965307.1_RagTag:922123-923694   -            524 29095at314147        -            291   3.5e-21   72.5  17.1   2   2   9.5e-08   1.4e-06   24.6   0.8   209   288   429   504   389   507 0.81 -
contig_25261_pilon:2013-1030          -            328 29095at314147        -            291   7.9e-19   64.8  21.6   1   1   1.4e-19   2.1e-18   63.4  21.6    15   282    21   311     6   318 0.73 -
NW_025965314.1_RagTag:111342-113196   -            313 29095at314147        -            291   1.9e-16   57.0  22.7   1   1   2.1e-17     3e-16   56.3  22.7    21   287    16   301     6   304 0.76 -
NW_025965256.1_RagTag:1053727-1052684 -            348 29095at314147        -            291   2.4e-16   56.6  15.1   1   1   2.2e-17   3.1e-16   56.2  15.1    22   287    29   299    13   303 0.73 -
NW_025965148.1_RagTag:223770-222829   -            314 29095at314147        -            291   4.7e-16   55.7   9.5   1   1   3.3e-17   4.7e-16   55.7   9.5    20   195    36   219    16   240 0.86 -
NW_025965266.1_RagTag:232663-231572   -            364 29095at314147        -            291   7.8e-16   54.9  13.5   1   2   9.8e-13   1.4e-11   41.0   9.3    26   203     6   190     1   202 0.85 -
NW_025965266.1_RagTag:232663-231572   -            364 29095at314147        -            291   7.8e-16   54.9  13.5   2   2   3.4e-05   0.00049   16.2   0.1   208   287   289   363   276   364 0.74 -
NW_025965161.1_RagTag:402292-401603   -            230 29095at314147        -            291   1.3e-15   54.2   8.8   1   1   1.2e-16   1.7e-15   53.8   8.8    12   190    26   224    16   230 0.78 -
NW_025965321.1_RagTag:4191413-4192267 -            285 29095at314147        -            291   3.1e-15   53.0  12.6   1   1     3e-16   4.3e-15   52.5  12.6    30   236    34   249    11   256 0.76 -
NW_025965319.1_RagTag:179742-242988   -            307 29095at314147        -            291   4.4e-15   52.5  15.4   1   1   4.3e-16   6.2e-15   52.0  15.4    30   288     9   290     4   293 0.77 -
NW_025965323.1_RagTag:1257581-1256595 -            329 29095at314147        -            291   4.3e-14   49.2  20.0   1   1   9.6e-15   1.4e-13   47.6  20.0    18   288    20   315     3   318 0.78 -
NW_025965256.1_RagTag:799616-800878   -            421 29095at314147        -            291   3.2e-13   46.4  20.0   1   2   4.6e-12   6.6e-11   38.8  12.1    31   205    14   209     3   220 0.73 -
NW_025965256.1_RagTag:799616-800878   -            421 29095at314147        -            291   3.2e-13   46.4  20.0   2   2    0.0024     0.035   10.1   1.0   209   287   245   324   232   328 0.75 -
NW_025965322.1_RagTag:1853197-1851811 -            304 29095at314147        -            291     3e-12   43.2   2.9   1   2   5.6e-10     8e-09   31.9   0.8    27   127    52   151    26   168 0.89 -
NW_025965322.1_RagTag:1853197-1851811 -            304 29095at314147        -            291     3e-12   43.2   2.9   2   2   0.00097     0.014   11.5   0.1   221   281   221   286   195   295 0.71 -
NW_025965108.1_RagTag:141251-142205   -            306 29095at314147        -            291   3.1e-12   43.1   4.8   1   1   4.7e-13   6.8e-12   42.0   4.8    23   274    19   283     8   300 0.68 -
NW_025965278.1_RagTag:261099-260431   -            223 29095at314147        -            291   8.4e-12   41.7   4.0   1   1   7.1e-13     1e-11   41.4   4.0   172   289    68   187    19   189 0.72 -
NW_025965277.1_RagTag:1743368-1743093 -             92 29095at314147        -            291     7e-11   38.7   3.3   1   1   5.6e-12     8e-11   38.5   3.3    30   116     6    92     2    92 0.95 -
NW_025965023.1_RagTag:886213-885926   -             96 29095at314147        -            291   1.3e-10   37.8   1.4   1   1   9.7e-12   1.4e-10   37.7   1.4    31   122     3    94     1    96 0.94 -
NW_025965182.1_RagTag:1728940-1729338 -            133 29095at314147        -            291     2e-10   37.2   2.3   1   1   1.5e-11   2.2e-10   37.0   2.3    14   126    17   129    10   133 0.91 -
NW_025965295.1_RagTag:908652-907732   -            307 29095at314147        -            291   5.6e-10   35.7  23.5   1   1     5e-11   7.1e-10   35.4  23.5    13   237    15   253     6   305 0.73 -
contig_67641_pilon:735-19             -            239 29095at314147        -            291   6.9e-10   35.4  14.5   1   2   8.1e-09   1.2e-07   28.1   5.0    25   136     7   119     2   154 0.83 -
contig_67641_pilon:735-19             -            239 29095at314147        -            291   6.9e-10   35.4  14.5   2   2   0.00029    0.0042   13.2   2.0   174   236   182   238   166   239 0.80 -
NW_025965209.1_RagTag:596644-597198   -            185 29095at314147        -            291   2.2e-09   33.8  10.6   1   1   1.9e-10   2.7e-09   33.5  10.6   146   289    26   172     7   174 0.81 -
contig_11065_pilon:1203-299           -            299 29095at314147        -            291   3.8e-09   33.0   7.3   1   2   5.6e-08   8.1e-07   25.4   5.9    14   138    20   144    10   161 0.90 -
contig_11065_pilon:1203-299           -            299 29095at314147        -            291   3.8e-09   33.0   7.3   2   2     0.023      0.34    6.9   0.0   256   287   268   299   257   299 0.90 -
contig_57885_pilon:1608-2156          -            183 29095at314147        -            291     4e-09   32.9   9.7   1   1   3.4e-10   4.9e-09   32.6   9.7    18   146    32   169    15   176 0.81 -
NW_025965250.1_RagTag:29037-28351     -            229 29095at314147        -            291   2.4e-08   30.3   8.8   1   1   2.1e-09   3.1e-08   30.0   8.8    18   147    35   166    28   218 0.82 -
NW_025965146.1_RagTag:91849-90956     -            276 29095at314147        -            291   3.4e-08   29.9  15.4   1   1   1.7e-08   2.5e-07   27.0  15.4     4   281     4   271     1   276 0.69 -
NW_025965108.1_RagTag:141726-142244   -            173 29095at314147        -            291   8.6e-08   28.6   1.0   1   1   7.6e-09   1.1e-07   28.2   1.0   174   274    30   137    19   154 0.65 -
contig_27735_pilon:510-1              -            170 29095at314147        -            291   1.3e-07   27.9   3.3   1   1   1.1e-08   1.6e-07   27.7   3.3    25   131    40   146    24   165 0.88 -
contig_48637_pilon:1311-406           -            302 29095at314147        -            291   1.9e-07   27.4  11.4   1   1     8e-08   1.1e-06   24.8  11.3    25   131    27   133    12   292 0.81 -
contig_77425_pilon:139-1064           -            305 29095at314147        -            291   6.2e-07   25.7  12.2   1   1   5.2e-08   7.5e-07   25.5  11.2    29   150    35   156    24   248 0.89 -
contig_22903_pilon:621-1529           -            303 29095at314147        -            291   9.5e-07   25.1  21.3   1   1   3.1e-07   4.4e-06   22.9  21.3    21   287    24   302    15   303 0.76 -
NW_025965421.1_RagTag:170956-171649   -            214 29095at314147        -            291   1.1e-06   25.0   2.6   1   2    0.0069     0.099    8.6   0.0    76   145    10    87     6    98 0.79 -
NW_025965421.1_RagTag:170956-171649   -            214 29095at314147        -            291   1.1e-06   25.0   2.6   2   2   3.3e-05   0.00047   16.3   0.8   213   283   142   212   132   214 0.79 -
NW_025965320.1_RagTag:846850-846021   -            276 29095at314147        -            291   1.2e-06   24.8   9.2   1   1   2.9e-07   4.1e-06   23.0   9.2    30   133     6   109     2   275 0.90 -
contig_44821_pilon:548-0              -            183 29095at314147        -            291   1.3e-06   24.7   8.1   1   1   1.1e-07   1.5e-06   24.4   8.1    27   139    31   144    17   167 0.83 -
NW_025965247.1_RagTag:66521-66763     -             81 29095at314147        -            291   1.3e-06   24.6   0.5   1   1   9.5e-08   1.4e-06   24.6   0.5   204   275     8    79     2    81 0.82 -
NW_025965182.1_RagTag:1715520-1714610 -            303 29095at314147        -            291   1.4e-06   24.6   5.8   1   1   9.5e-08   1.4e-06   24.6   5.8    28   131    34   136    24   174 0.87 -
NW_025965320.1_RagTag:799549-798621   -            308 29095at314147        -            291   1.4e-06   24.6   9.9   1   1   7.2e-07     1e-05   21.7   9.9    14   138    21   147    15   307 0.84 -
NW_025965307.1_RagTag:57189-57698     -            170 29095at314147        -            291   1.7e-06   24.3   2.4   1   1   1.5e-07   2.1e-06   24.0   2.4    14   129    20   135    11   157 0.90 -
NW_025965313.1_RagTag:65084-65656     -            191 29095at314147        -            291     2e-06   24.1   4.3   1   1   1.8e-07   2.6e-06   23.7   4.3    25   128    20   123     9   148 0.92 -
NW_025965101.1_RagTag:46542-45633     -            302 29095at314147        -            291   2.7e-06   23.6   4.4   1   2   1.9e-07   2.7e-06   23.6   4.4    23   130    29   136    18   161 0.87 -
NW_025965101.1_RagTag:46542-45633     -            302 29095at314147        -            291   2.7e-06   23.6   4.4   2   2       4.4        63   -0.5   0.0   264   286   278   300   266   301 0.82 -
NW_025965230.1_RagTag:981322-980399   -            308 29095at314147        -            291   2.9e-06   23.5  11.1   1   1   1.1e-06   1.6e-05   21.1  11.1    29   140    34   145    23   307 0.89 -
NW_025965313.1_RagTag:65078-65962     -            266 29095at314147        -            291   2.9e-06   23.5   4.5   1   1   4.2e-07     6e-06   22.5   4.3    25   128    22   125    11   150 0.92 -
NW_025965313.1_RagTag:59120-59602     -            161 29095at314147        -            291   3.1e-06   23.4   8.0   1   2   3.6e-07   5.1e-06   22.7   6.8    24   131    21   128    10   137 0.90 -
NW_025965313.1_RagTag:59120-59602     -            161 29095at314147        -            291   3.1e-06   23.4   8.0   2   2       1.3        19    1.2   0.0   244   266   126   148   119   157 0.82 -
contig_26960_pilon:456-1361           -            302 29095at314147        -            291   4.7e-06   22.8   5.9   1   3   2.5e-06   3.6e-05   19.9   1.6    21   129    24   132    12   166 0.91 -
contig_26960_pilon:456-1361           -            302 29095at314147        -            291   4.7e-06   22.8   5.9   2   3       1.9        27    0.6   0.2   164   199   192   225   182   256 0.58 -
contig_26960_pilon:456-1361           -            302 29095at314147        -            291   4.7e-06   22.8   5.9   3   3      0.43       6.2    2.8   0.0   258   286   273   301   259   302 0.84 -
NW_025965581.1_RagTag:2490-3395       -            302 29095at314147        -            291   4.8e-06   22.8  14.6   1   1   3.7e-06   5.3e-05   19.4  14.6    20   287    19   300     4   302 0.66 -
NW_025965316.1_RagTag:3770129-3679029 -            162 29095at314147        -            291   5.3e-06   22.7   9.9   1   1     2e-06   2.9e-05   20.2   9.9    82   192    10   131     1   133 0.76 -
contig_57973_pilon:1251-358           -            298 29095at314147        -            291   5.8e-06   22.5   9.6   1   1   1.2e-05   0.00018   17.7   9.6    15   133    13   131     8   252 0.88 -
contig_71775_pilon:1429-593           -            274 29095at314147        -            291   7.5e-06   22.2   6.2   1   2   5.3e-07   7.5e-06   22.2   6.2    29   137     8   112     2   136 0.85 -
contig_71775_pilon:1429-593           -            274 29095at314147        -            291   7.5e-06   22.2   6.2   2   2       8.5   1.2e+02   -1.5   0.0   257   286   240   269   232   272 0.84 -
NW_025965123.1_RagTag:1692788-1693690 -            301 29095at314147        -            291   7.8e-06   22.1   2.1   1   2   5.4e-07   7.8e-06   22.1   2.1    20   128    22   130    13   148 0.90 -
NW_025965123.1_RagTag:1692788-1693690 -            301 29095at314147        -            291   7.8e-06   22.1   2.1   2   2       3.5        50   -0.2   2.4   262   285   273   296   188   300 0.49 -
NW_025965008.1_RagTag:184180-173307   -            296 29095at314147        -            291   8.4e-06   22.0  19.4   1   1     2e-05   0.00029   17.0  19.4    12   148    15   151    10   295 0.67 -
contig_36220_pilon:1243-2164          -            307 29095at314147        -            291   9.3e-06   21.9  15.1   1   1   1.7e-06   2.4e-05   20.5  15.1    17   143    23   148    17   305 0.78 -
NW_025965054.1_RagTag:12554-13459     -            285 29095at314147        -            291   9.8e-06   21.8   6.3   1   2   6.2e-06   8.9e-05   18.6   2.2    20   141    22   144    13   158 0.87 -
NW_025965054.1_RagTag:12554-13459     -            285 29095at314147        -            291   9.8e-06   21.8   6.3   2   2      0.15       2.2    4.3   0.0   259   287   255   283   245   285 0.84 -
NW_025965431.1_RagTag:35565-34649     -            304 29095at314147        -            291     1e-05   21.7  15.7   1   1   2.7e-05   0.00038   16.6  15.7    32   280    38   296    15   303 0.69 -
contig_31446_pilon:625-37             -            190 29095at314147        -            291   1.1e-05   21.6   3.2   1   1     1e-06   1.5e-05   21.2   3.2    21   128    21   128    10   141 0.89 -
NW_025965352.1_RagTag:34299-33355     -            315 29095at314147        -            291   3.3e-05   20.1  14.9   1   1   1.6e-05   0.00022   17.3  14.9    31   143    45   159    29   315 0.70 -
NW_025965320.1_RagTag:792323-791874   -            150 29095at314147        -            291     4e-05   19.8   1.9   1   1   3.3e-06   4.7e-05   19.6   1.9    27   128    29   130    16   149 0.88 -
NW_025965320.1_RagTag:825301-824392   -            303 29095at314147        -            291   4.8e-05   19.5  16.2   1   1   8.6e-06   0.00012   18.2  16.2    22   209    28   234    15   298 0.73 -
NW_025965274.1_RagTag:775-1698        -            308 29095at314147        -            291   5.6e-05   19.3  22.8   1   1     8e-05    0.0011   15.0  22.8    18   286    27   307    20   308 0.71 -
NW_025965054.1_RagTag:16560-17488     -            285 29095at314147        -            291     6e-05   19.2  11.7   1   1   0.00016    0.0022   14.0  11.7    20   287    28   283    19   285 0.70 -
NW_025965146.1_RagTag:97684-98594     -            291 29095at314147        -            291   6.7e-05   19.1   7.3   1   2   0.00013    0.0019   14.3   3.5    17   128    19   120    11   141 0.86 -
NW_025965146.1_RagTag:97684-98594     -            291 29095at314147        -            291   6.7e-05   19.1   7.3   2   2      0.11       1.5    4.8   0.1   169   221   185   238   161   291 0.79 -
contig_45575_pilon:1119-2019          -            296 29095at314147        -            291   7.6e-05   18.9   9.6   1   1   1.2e-05   0.00017   17.7   9.6    24   223    26   245    15   260 0.76 -
NW_025965274.1_RagTag:18043-18971     -            307 29095at314147        -            291   0.00013   18.1  22.4   1   1   2.6e-05   0.00038   16.6  22.4    21   287    30   305    21   307 0.76 -
contig_19626_pilon:706-1617           -            304 29095at314147        -            291   0.00015   17.9   9.2   1   2     1e-05   0.00015   17.9   9.2    30   131    38   139    23   170 0.87 -
contig_19626_pilon:706-1617           -            304 29095at314147        -            291   0.00015   17.9   9.2   2   2       9.9   1.4e+02   -1.7   0.2   242   242   264   264   191   301 0.60 -
NW_025965140.1_RagTag:813619-812738   -            294 29095at314147        -            291   0.00016   17.8   9.9   1   2   1.1e-05   0.00016   17.8   9.9    26   143    28   145    16   159 0.86 -
NW_025965140.1_RagTag:813619-812738   -            294 29095at314147        -            291   0.00016   17.8   9.9   2   2       1.6        23    0.9   1.5    58   138   200   276   181   291 0.54 -
NW_025965008.1_RagTag:160137-159262   -            292 29095at314147        -            291   0.00017   17.7   5.9   1   2   1.2e-05   0.00017   17.7   5.9    23   138    22   137    11   175 0.82 -
NW_025965008.1_RagTag:160137-159262   -            292 29095at314147        -            291   0.00017   17.7   5.9   2   2       5.9        85   -1.0   0.0    64    87   203   226   182   249 0.75 -
NW_025965320.1_RagTag:809547-808632   -            291 29095at314147        -            291   0.00018   17.7   3.7   1   1   1.2e-05   0.00018   17.7   3.7    36   150    31   143    20   169 0.87 -
contig_30302_pilon:1953-1056          -            298 29095at314147        -            291   0.00019   17.5  13.1   1   1   6.6e-05   0.00095   15.3  13.1    24   132    28   136    15   260 0.90 -
NW_025965123.1_RagTag:1802243-1682359 -            269 29095at314147        -            291   0.00021   17.5  14.9   1   1   2.6e-05   0.00038   16.6  14.9    24   221     7   218     2   229 0.74 -
NW_025965251.1_RagTag:376661-375814   -            272 29095at314147        -            291   0.00022   17.3  14.3   1   1     8e-05    0.0011   15.0  14.3    24   130    12   118     5   272 0.67 -
NW_025965431.1_RagTag:6661-14820      -            299 29095at314147        -            291   0.00023   17.3  17.0   1   1    0.0037     0.053    9.6  17.0    21   222    24   248    12   299 0.70 -
contig_59306_pilon:968-1787           -            269 29095at314147        -            291   0.00024   17.2   3.0   1   2   1.7e-05   0.00024   17.2   3.0    16   130    18   132    11   156 0.81 -
contig_59306_pilon:968-1787           -            269 29095at314147        -            291   0.00024   17.2   3.0   2   2       4.1        59   -0.5   0.2    22    57   202   239   183   252 0.49 -
NW_025965352.1_RagTag:115451-3134     -            284 29095at314147        -            291   0.00024   17.2   4.7   1   2   1.7e-05   0.00024   17.2   4.7    33   144    25   138    15   144 0.87 -
NW_025965352.1_RagTag:115451-3134     -            284 29095at314147        -            291   0.00024   17.2   4.7   2   2       1.3        19    1.2   3.1    43   116   173   251   153   272 0.74 -
contig_81842_pilon:1576-685           -            297 29095at314147        -            291   0.00029   17.0   4.6   1   1   4.1e-05   0.00059   16.0   4.6    23   131    18   126    10   161 0.86 -
contig_14807_pilon:1383-483           -            295 29095at314147        -            291   0.00031   16.9   5.0   1   2   3.8e-05   0.00054   16.1   3.1    28   127    26   125    14   178 0.84 -
contig_14807_pilon:1383-483           -            295 29095at314147        -            291   0.00031   16.9   5.0   2   2       3.6        51   -0.3   0.0   256   280   266   290   258   294 0.87 -
contig_23379_pilon:2033-1140          -            298 29095at314147        -            291   0.00047   16.3  16.4   1   1   0.00016    0.0023   14.0  16.2    30   154    32   166    23   264 0.67 -
contig_68255_pilon:858-0              -            263 29095at314147        -            291    0.0006   15.9   2.3   1   2   4.2e-05    0.0006   15.9   2.3    30   131    36   130    18   135 0.80 -
contig_68255_pilon:858-0              -            263 29095at314147        -            291    0.0006   15.9   2.3   2   2       4.7        67   -0.7   0.1    64    83   181   200   171   259 0.59 -
contig_72712_pilon:528-1298           -            257 29095at314147        -            291   0.00063   15.9  19.7   1   1   0.00012    0.0017   14.5  19.7    20   221    29   254    20   256 0.73 -
contig_72985_pilon:1525-2463          -            310 29095at314147        -            291   0.00067   15.8  19.8   1   1    0.0006    0.0086   12.1  19.8    27   287    35   304    21   307 0.64 -
contig_45643_pilon:1939-1040          -            300 29095at314147        -            291   0.00087   15.4  19.9   1   1   0.00012    0.0018   14.4  19.9    24   237    26   257    11   296 0.73 -
contig_70120_pilon:645-1532           -            296 29095at314147        -            291   0.00088   15.4   3.4   1   2   6.1e-05   0.00088   15.4   3.4    22   126    17   121    11   135 0.93 -
contig_70120_pilon:645-1532           -            296 29095at314147        -            291   0.00088   15.4   3.4   2   2       1.4        20    1.1   0.4   254   278   261   285   190   294 0.53 -
contig_75679_pilon:803-1694           -            297 29095at314147        -            291   0.00099   15.2  17.2   1   1    0.0019     0.027   10.5  17.2    27   164    25   163    12   297 0.77 -
NW_025965008.1_RagTag:147496-148383   -            296 29095at314147        -            291    0.0011   15.1  15.1   1   1     0.001     0.015   11.3  15.1    23   286    18   293    11   296 0.67 -
NW_025965274.1_RagTag:6080-6799       -            240 29095at314147        -            291    0.0013   14.9  17.8   1   1   0.00062    0.0088   12.1  17.8    19   198    21   223    13   239 0.68 -
NW_025965305.1_RagTag:1568367-1569271 -            292 29095at314147        -            291    0.0013   14.8  16.9   1   1     0.002     0.028   10.4  16.9    26   286    23   292    16   292 0.67 -
NW_025965223.1_RagTag:121394-120495   -            300 29095at314147        -            291    0.0014   14.7  18.6   1   1   0.00059    0.0084   12.2  17.1    27   130    25   128    14   256 0.67 -
NW_025965313.1_RagTag:20623-21547     -            275 29095at314147        -            291    0.0021   14.1   7.8   1   3   0.00025    0.0036   13.4   1.7    45   138    31   124    24   148 0.89 -
NW_025965313.1_RagTag:20623-21547     -            275 29095at314147        -            291    0.0021   14.1   7.8   2   3       2.9        41    0.0   0.1    61    84   175   198   161   219 0.73 -
NW_025965313.1_RagTag:20623-21547     -            275 29095at314147        -            291    0.0021   14.1   7.8   3   3      0.46       6.6    2.7   0.0   242   284   230   270   214   274 0.79 -
contig_32555_pilon:1949-1238          -            233 29095at314147        -            291    0.0024   13.9   8.5   1   2     0.004     0.057    9.4   0.5    28    80    32    84    16   126 0.86 -
contig_32555_pilon:1949-1238          -            233 29095at314147        -            291    0.0024   13.9   8.5   2   2     0.084       1.2    5.1   3.2   242   287   183   226   106   229 0.61 -
contig_45284_pilon:1137-1930          -            264 29095at314147        -            291    0.0027   13.8  18.5   1   1   0.00038    0.0054   12.8  18.5    29   198    35   226    23   262 0.63 -
contig_67131_pilon:894-1              -            298 29095at314147        -            291    0.0028   13.7  15.9   1   1     0.001     0.015   11.4  15.9    30   151    33   164    23   280 0.69 -
NW_025965233.1_RagTag:189853-190770   -            306 29095at314147        -            291    0.0035   13.4  11.4   1   2   0.00013    0.0019   14.3   5.6    30   138    35   143    18   161 0.88 -
NW_025965233.1_RagTag:189853-190770   -            306 29095at314147        -            291    0.0035   13.4  11.4   2   2      0.54       7.7    2.4   0.3   175   220   203   249   190   261 0.72 -
NW_025965203.1_RagTag:450455-451276   -            274 29095at314147        -            291     0.004   13.2  10.3   1   2   8.2e-05    0.0012   15.0   6.4    21   129    16   123    10   142 0.86 -
NW_025965203.1_RagTag:450455-451276   -            274 29095at314147        -            291     0.004   13.2  10.3   2   2       4.3        61   -0.5   0.0   259   274   134   149   120   155 0.71 -
NW_025965258.1_RagTag:3663-4571       -            303 29095at314147        -            291    0.0042   13.1  10.8   1   2    0.0006    0.0086   12.1   2.8    21   139    23   141    13   161 0.81 -
NW_025965258.1_RagTag:3663-4571       -            303 29095at314147        -            291    0.0042   13.1  10.8   2   2     0.077       1.1    5.2   1.1   171   223   196   249   177   302 0.77 -
NW_025965138.1_RagTag:8461-7640       -            274 29095at314147        -            291    0.0076   12.3  16.0   1   1    0.0014      0.02   10.9  16.0    24   145     3   126     1   274 0.69 -
NW_025965313.1_RagTag:1618129-1619045 -            305 29095at314147        -            291     0.011   11.8  15.6   1   1     0.057      0.81    5.7  15.6    30   221    35   249    18   305 0.63 -
NW_025965235.1_RagTag:58504-57605     -            300 29095at314147        -            291     0.013   11.5  14.3   1   1     0.026      0.37    6.8  11.0    29   217    31   240    17   255 0.67 -
NW_025965235.1_RagTag:60087-59185     -            301 29095at314147        -            291     0.015   11.3   8.7   1   1    0.0046     0.067    9.2   8.7    24   183    28   186    18   297 0.85 -
contig_19055_pilon:1363-482           -            290 29095at314147        -            291     0.021   10.8  18.0   1   1      0.12       1.7    4.6  17.8    48   288    40   288    26   289 0.65 -
NW_025965426.1_RagTag:29173-28250     -            308 29095at314147        -            291      0.03   10.4  16.5   1   1    0.0054     0.078    9.0  16.5    26   145    30   151    24   301 0.80 -
NW_025965636.1_RagTag:13668-15681     -            293 29095at314147        -            291      0.18    7.8  19.8   1   1      0.05      0.72    5.8  19.8    19   225    22   241    15   291 0.62 -
#
# Program:         hmmsearch
# Version:         3.1b2 (February 2015)
# Pipeline mode:   SEARCH
# Query file:      /home/bgerda/guppy_SUP/busco_downloads/lineages/glires_odb10/hmms/29095at314147.hmm
# Target file:     /home/bgerda/guppy_SUP/busco_results_racon/run_glires_odb10/metaeuk_output/rerun_results/ragtag.scaffold.fasta.modified.fas
# Option settings: hmmsearch --domtblout /home/bgerda/guppy_SUP/busco_results_racon/run_glires_odb10/hmmer_output/rerun_results/29095at314147.out --cpu 1 /home/bgerda/guppy_SUP/busco_downloads/lineages/glires_odb10/hmms/29095at314147.hmm /home/bgerda/guppy_SUP/busco_results_racon/run_glires_odb10/metaeuk_output/rerun_results/ragtag.scaffold.fasta.modified.fas 
# Current dir:     /home/bgerda/guppy_SUP
# Date:            Sun May 21 17:29:53 2023
# [ok]
