#                                                                                             --- full sequence --- -------------- this domain -------------   hmm coord   ali coord   env coord
# target name                         accession   tlen query name           accession   qlen   E-value  score  bias   #  of  c-Evalue  i-Evalue  score  bias  from    to  from    to  from    to  acc description of target
#                 ------------------- ---------- ----- -------------------- ---------- ----- --------- ------ ----- --- --- --------- --------- ------ ----- ----- ----- ----- ----- ----- ----- ---- ---------------------
NW_025965233.1_RagTag:1450285-1452254 -            167 29422at314147        -            327   3.8e-47  157.5   0.1   1   1   1.8e-49   4.3e-47  157.4   0.1   166   327     1   167     1   167 0.94 -
NW_025965039.1_RagTag:304254-302752   -            145 29422at314147        -            327   1.5e-36  122.7   0.0   1   1   7.2e-39   1.7e-36  122.6   0.0   165   301     1   141     1   145 0.92 -
NW_025965233.1_RagTag:1463445-1465742 -            231 29422at314147        -            327   7.6e-33  110.6   0.0   1   2      0.11        25    0.4   0.0    29    62    49    83    23    92 0.63 -
NW_025965233.1_RagTag:1463445-1465742 -            231 29422at314147        -            327   7.6e-33  110.6   0.0   2   2   1.6e-34   3.6e-32  108.3   0.0   110   253    89   230    81   231 0.90 -
NW_025965285.1_RagTag:1863833-1860001 -            104 29422at314147        -            327   9.2e-32  107.0   0.2   1   1   4.3e-34     1e-31  106.9   0.2   222   327     1   104     1   104 0.96 -
NW_025965177.1_RagTag:102793-106559   -            329 29422at314147        -            327   2.6e-17   59.5   0.0   1   2      0.11        25    0.4   0.0    18    65   115   178    98   198 0.74 -
NW_025965177.1_RagTag:102793-106559   -            329 29422at314147        -            327   2.6e-17   59.5   0.0   2   2   7.7e-19   1.8e-16   56.8   0.0   216   303   205   294   196   301 0.88 -
NW_025965090.1_RagTag:14437-8702      -            223 29422at314147        -            327   5.2e-07   25.7   0.1   1   1   3.7e-09   8.6e-07   24.9   0.1   267   309   167   209   125   220 0.84 -
#
# Program:         hmmsearch
# Version:         3.1b2 (February 2015)
# Pipeline mode:   SEARCH
# Query file:      /home/bgerda/guppy_SUP/busco_downloads/lineages/glires_odb10/hmms/29422at314147.hmm
# Target file:     /home/bgerda/guppy_SUP/busco_results_racon/run_glires_odb10/metaeuk_output/rerun_results/ragtag.scaffold.fasta.modified.fas
# Option settings: hmmsearch --domtblout /home/bgerda/guppy_SUP/busco_results_racon/run_glires_odb10/hmmer_output/rerun_results/29422at314147.out --cpu 1 /home/bgerda/guppy_SUP/busco_downloads/lineages/glires_odb10/hmms/29422at314147.hmm /home/bgerda/guppy_SUP/busco_results_racon/run_glires_odb10/metaeuk_output/rerun_results/ragtag.scaffold.fasta.modified.fas 
# Current dir:     /home/bgerda/guppy_SUP
# Date:            Sun May 21 17:29:59 2023
# [ok]
