#                                                                                             --- full sequence --- -------------- this domain -------------   hmm coord   ali coord   env coord
# target name                         accession   tlen query name           accession   qlen   E-value  score  bias   #  of  c-Evalue  i-Evalue  score  bias  from    to  from    to  from    to  acc description of target
#                 ------------------- ---------- ----- -------------------- ---------- ----- --------- ------ ----- --- --- --------- --------- ------ ----- ----- ----- ----- ----- ----- ----- ---- ---------------------
NW_025965499.1_RagTag:3791-2706       -            362 29527at314147        -            242     1e-38  129.6   0.0   1   1   1.7e-40   1.4e-38  129.3   0.0    16   239    23   240     9   243 0.87 -
NW_025965233.1_RagTag:114859-113462   -            466 29527at314147        -            242   2.6e-37  125.1   0.0   1   1   4.9e-39     4e-37  124.4   0.0    15   223    12   213     3   220 0.89 -
NW_025965099.1_RagTag:14363-15274     -            304 29527at314147        -            242   9.8e-37  123.2   0.0   1   1   1.5e-38   1.2e-36  122.9   0.0    16   224    33   235    20   253 0.87 -
contig_37224_pilon:1693-2424          -            244 29527at314147        -            242   6.8e-36  120.4   0.0   1   1     1e-37   8.4e-36  120.1   0.0    12   213     1   196     1   206 0.93 -
contig_66008_pilon:1779-2636          -            286 29527at314147        -            242   2.9e-33  111.8   0.0   1   1   4.5e-35   3.7e-33  111.5   0.0    35   224    10   192     1   206 0.86 -
contig_34309_pilon:592-2              -            197 29527at314147        -            242   3.2e-30  101.9   0.0   1   1   4.4e-32   3.6e-30  101.7   0.0    11   205     9   197     2   197 0.90 -
contig_31429_pilon:272-1088           -            267 29527at314147        -            242   3.4e-30  101.8   0.1   1   1   2.6e-31   2.1e-29   99.2   0.1    16   214     3   183     1   202 0.90 -
contig_34501_pilon:2271-1573          -            233 29527at314147        -            242   2.1e-25   86.1   0.0   1   1   3.4e-27   2.8e-25   85.7   0.0    87   215     1   128     1   135 0.90 -
NW_025965218.1_RagTag:1578470-1576498 -            278 29527at314147        -            242   2.2e-13   46.7   0.2   1   2      0.11       9.2    2.1   0.0    12    41    74   103    63   107 0.85 -
NW_025965218.1_RagTag:1578470-1576498 -            278 29527at314147        -            242   2.2e-13   46.7   0.2   2   2   1.8e-14   1.5e-12   44.0   0.2   151   240    89   179    75   181 0.83 -
NW_025965279.1_RagTag:78582-79082     -            167 29527at314147        -            242   1.8e-12   43.7   0.0   1   1   2.8e-14   2.3e-12   43.4   0.0   108   205     2    96     1   110 0.88 -
NW_025965313.1_RagTag:82152-83619     -            201 29527at314147        -            242   1.9e-07   27.3   0.1   1   2   5.3e-08   4.4e-06   22.8   0.0   116   166    73   122    53   138 0.85 -
NW_025965313.1_RagTag:82152-83619     -            201 29527at314147        -            242   1.9e-07   27.3   0.1   2   2     0.085         7    2.5   0.1   191   205   168   182   153   198 0.76 -
NW_025965548.1_RagTag:8433-2018       -            436 29527at314147        -            242   5.5e-07   25.8   0.0   1   1   1.5e-08   1.2e-06   24.7   0.0    84   165   279   375   250   386 0.68 -
NW_025965066.1_RagTag:84022-85665     -            205 29527at314147        -            242   1.9e-05   20.7   0.3   1   2   0.00012    0.0097   11.9   0.1   114   147    92   125    70   138 0.84 -
NW_025965066.1_RagTag:84022-85665     -            205 29527at314147        -            242   1.9e-05   20.7   0.3   2   2    0.0048      0.39    6.6   0.0   192   208   159   175   142   197 0.82 -
NW_025965401.1_RagTag:63455-65494     -            216 29527at314147        -            242   3.9e-05   19.7   0.0   1   1   6.7e-07   5.5e-05   19.2   0.0   115   233    24   148     2   155 0.67 -
NW_025965039.1_RagTag:226766-224869   -            386 29527at314147        -            242   0.00034   16.7   0.0   1   1   6.2e-06   0.00051   16.1   0.0   108   160    37    92     8   120 0.76 -
NW_025965256.1_RagTag:238893-234961   -            199 29527at314147        -            242    0.0012   14.8   0.2   1   2   3.7e-05     0.003   13.5   0.2    37    83    16    65     1    86 0.71 -
NW_025965256.1_RagTag:238893-234961   -            199 29527at314147        -            242    0.0012   14.8   0.2   2   2       0.8        66   -0.7   0.0   139   161    85   110    63   150 0.72 -
NW_025965352.1_RagTag:102445-103867   -            274 29527at314147        -            242    0.0073   12.3   0.0   1   1   0.00016     0.013   11.5   0.0   175   214   220   261   199   270 0.84 -
#
# Program:         hmmsearch
# Version:         3.1b2 (February 2015)
# Pipeline mode:   SEARCH
# Query file:      /home/bgerda/guppy_SUP/busco_downloads/lineages/glires_odb10/hmms/29527at314147.hmm
# Target file:     /home/bgerda/guppy_SUP/busco_results_racon/run_glires_odb10/metaeuk_output/rerun_results/ragtag.scaffold.fasta.modified.fas
# Option settings: hmmsearch --domtblout /home/bgerda/guppy_SUP/busco_results_racon/run_glires_odb10/hmmer_output/rerun_results/29527at314147.out --cpu 1 /home/bgerda/guppy_SUP/busco_downloads/lineages/glires_odb10/hmms/29527at314147.hmm /home/bgerda/guppy_SUP/busco_results_racon/run_glires_odb10/metaeuk_output/rerun_results/ragtag.scaffold.fasta.modified.fas 
# Current dir:     /home/bgerda/guppy_SUP
# Date:            Sun May 21 17:30:04 2023
# [ok]
