#                                                                                             --- full sequence --- -------------- this domain -------------   hmm coord   ali coord   env coord
# target name                         accession   tlen query name           accession   qlen   E-value  score  bias   #  of  c-Evalue  i-Evalue  score  bias  from    to  from    to  from    to  acc description of target
#                 ------------------- ---------- ----- -------------------- ---------- ----- --------- ------ ----- --- --- --------- --------- ------ ----- ----- ----- ----- ----- ----- ----- ---- ---------------------
NW_025965331.1_RagTag:84070-84891     -            274 29581at314147        -            289  7.4e-106  350.4  16.1   1   1  9.6e-107  8.3e-106  350.2  16.1     1   253    10   274    10   274 0.94 -
NW_025965341.1_RagTag:115963-115071   -            292 29581at314147        -            289   2.2e-85  283.2  24.0   1   1     3e-86   2.6e-85  283.0  24.0    13   287    21   292     4   292 0.93 -
NW_025965223.1_RagTag:121394-120495   -            300 29581at314147        -            289   1.8e-84  280.2  28.6   1   1   2.3e-85     2e-84  280.1  28.6     1   288     1   296     1   297 0.95 -
NW_025965274.1_RagTag:775-1698        -            308 29581at314147        -            289   4.9e-83  275.5  27.9   1   1   6.3e-84   5.4e-83  275.4  27.9     1   287    12   306    12   308 0.94 -
NW_025965331.1_RagTag:82451-81553     -            297 29581at314147        -            289   8.3e-83  274.8  20.8   1   1   1.1e-83   9.3e-83  274.6  20.8     1   288     1   294     1   295 0.95 -
contig_30879_pilon:3182-2259          -            308 29581at314147        -            289   1.3e-81  270.9  22.3   1   1   1.7e-82   1.4e-81  270.7  22.3     2   287    14   307    13   308 0.94 -
contig_14807_pilon:1383-483           -            295 29581at314147        -            289   1.1e-80  267.9  20.3   1   1   1.4e-81   1.2e-80  267.7  20.3     2   285     7   293     6   295 0.96 -
contig_22903_pilon:621-1529           -            303 29581at314147        -            289   9.4e-79  261.5  23.1   1   1   1.2e-79   1.1e-78  261.3  23.1     1   289     6   302     6   302 0.95 -
NW_025965581.1_RagTag:2490-3395       -            302 29581at314147        -            289   2.2e-78  260.3  18.3   1   1   2.8e-79   2.4e-78  260.1  18.3     3   288     4   299     2   300 0.94 -
NW_025965274.1_RagTag:18043-18971     -            307 29581at314147        -            289   7.9e-78  258.4  26.6   1   1     1e-78     9e-78  258.2  26.6     1   288    12   304    12   305 0.94 -
NW_025965258.1_RagTag:3663-4571       -            303 29581at314147        -            289   1.2e-77  257.8  19.0   1   1   1.6e-78   1.4e-77  257.6  19.0     2   288     6   300     5   301 0.94 -
contig_19626_pilon:706-1617           -            304 29581at314147        -            289   1.4e-77  257.6  31.7   1   1   1.8e-78   1.5e-77  257.5  31.7     1   285    11   303    11   304 0.95 -
NW_025965123.1_RagTag:1592694-1591777 -            306 29581at314147        -            289     3e-77  256.5  31.9   1   1     4e-78   3.4e-77  256.3  31.9    11   288    20   299     5   300 0.93 -
NW_025965123.1_RagTag:1599996-1599049 -            316 29581at314147        -            289   4.6e-77  255.9  28.6   1   1     6e-78   5.2e-77  255.7  28.6     1   287    20   314    20   316 0.95 -
NW_025965151.1_RagTag:9146-8328       -            273 29581at314147        -            289   8.5e-77  255.0  29.6   1   1   1.1e-77   9.4e-77  254.9  29.6    16   285     3   273     1   273 0.97 -
contig_26960_pilon:456-1361           -            302 29581at314147        -            289   6.1e-76  252.2  15.0   1   1   8.2e-77   7.2e-76  252.0  15.0    13   289    23   302    11   302 0.95 -
NW_025965008.1_RagTag:147496-148383   -            296 29581at314147        -            289   4.2e-75  249.5  28.6   1   1   5.8e-76     5e-75  249.2  28.6    10   289    12   294     4   294 0.95 -
NW_025965140.1_RagTag:1002759-1001962 -            259 29581at314147        -            289   7.4e-75  248.7  18.9   1   1     1e-75   8.9e-75  248.4  18.9    31   288     6   258     2   259 0.93 -
NW_025965313.1_RagTag:1618129-1619045 -            305 29581at314147        -            289   1.7e-74  247.5  27.9   1   1   2.2e-75   1.9e-74  247.3  27.9    11   288    23   302     8   303 0.93 -
contig_70120_pilon:645-1532           -            296 29581at314147        -            289   2.1e-74  247.2  19.3   1   1   2.8e-75   2.4e-74  247.0  19.3     4   286     1   291     1   293 0.94 -
NW_025965151.1_RagTag:2047-31204      -            264 29581at314147        -            289     5e-74  246.0  29.6   1   2   1.4e-23   1.2e-22   77.3  11.4     1   104     9   119     9   120 0.89 -
NW_025965151.1_RagTag:2047-31204      -            264 29581at314147        -            289     5e-74  246.0  29.6   2   2     2e-55   1.7e-54  181.8  10.2   132   287   109   264   108   264 0.99 -
contig_23379_pilon:2033-1140          -            298 29581at314147        -            289   8.5e-74  245.2  23.8   1   1   1.1e-74   9.5e-74  245.0  23.8     1   287     5   298     5   298 0.94 -
NW_025965315.1_RagTag:2428899-2429805 -            300 29581at314147        -            289   1.2e-73  244.7  28.0   1   1   1.6e-74   1.4e-73  244.5  28.0     4   287    10   298     8   300 0.94 -
NW_025965235.1_RagTag:60087-59185     -            301 29581at314147        -            289   1.6e-73  244.2  15.0   1   1   2.1e-74   1.9e-73  244.1  15.0     2   285     8   299     7   301 0.94 -
NW_025965233.1_RagTag:189853-190770   -            306 29581at314147        -            289   2.4e-73  243.7  21.4   1   1   3.2e-74   2.8e-73  243.5  21.4     1   287     7   302     7   304 0.94 -
NW_025965315.1_RagTag:2412143-2413039 -            299 29581at314147        -            289   4.9e-73  242.7  27.8   1   1   6.4e-74   5.6e-73  242.5  27.8     1   284     7   298     7   299 0.94 -
NW_025965182.1_RagTag:1715520-1714610 -            303 29581at314147        -            289   8.7e-73  241.9  23.0   1   1   1.2e-73   1.1e-72  241.6  23.0     3   285    11   300    10   303 0.93 -
contig_77425_pilon:139-1064           -            305 29581at314147        -            289   1.5e-72  241.1  24.9   1   1     2e-73   1.8e-72  240.9  24.9     1   289     9   300     9   300 0.92 -
NW_025965008.1_RagTag:160137-159262   -            292 29581at314147        -            289   2.4e-72  240.4  26.2   1   1   3.1e-73   2.7e-72  240.2  26.2     1   284     2   292     2   292 0.92 -
contig_72985_pilon:1525-2463          -            310 29581at314147        -            289   2.5e-72  240.4  27.6   1   1   3.2e-73   2.8e-72  240.2  27.6     3   288    13   303    11   304 0.92 -
contig_57973_pilon:1251-358           -            298 29581at314147        -            289   9.7e-72  238.4  12.5   1   1   1.2e-72   1.1e-71  238.3  12.5    11   288    17   296     1   297 0.94 -
NW_025965431.1_RagTag:6661-14820      -            299 29581at314147        -            289   1.1e-71  238.3  23.1   1   1   1.5e-72   1.3e-71  238.0  23.1    13   287    23   299    15   299 0.96 -
NW_025965140.1_RagTag:813619-812738   -            294 29581at314147        -            289   2.4e-71  237.2  26.5   1   1   3.1e-72   2.7e-71  237.0  26.5     2   281     6   293     5   294 0.93 -
NW_025965320.1_RagTag:825301-824392   -            303 29581at314147        -            289   4.8e-70  232.9  25.8   1   1   6.2e-71   5.4e-70  232.7  25.8     1   287     9   303     9   303 0.95 -
contig_45575_pilon:1119-2019          -            296 29581at314147        -            289   5.2e-70  232.8  11.0   1   1   6.7e-71   5.8e-70  232.6  11.0     1   287     5   295     5   296 0.93 -
contig_67131_pilon:894-1              -            298 29581at314147        -            289   1.4e-69  231.3  22.9   1   1   1.8e-70   1.6e-69  231.2  22.9     2   286     7   298     6   298 0.94 -
NW_025965123.1_RagTag:1603489-1602571 -            301 29581at314147        -            289   1.7e-69  231.1  27.0   1   1   2.2e-70   1.9e-69  230.9  27.0     1   289     9   299     9   299 0.92 -
NW_025965230.1_RagTag:981322-980399   -            308 29581at314147        -            289   2.1e-69  230.8  22.3   1   1   2.7e-70   2.4e-69  230.6  22.3     1   287     8   302     8   304 0.89 -
NW_025965431.1_RagTag:13941-14838     -            295 29581at314147        -            289   2.2e-69  230.7  26.6   1   1   2.9e-70   2.5e-69  230.5  26.6     4   288     2   290     1   291 0.94 -
contig_56588_pilon:2295-1488          -            269 29581at314147        -            289   4.1e-69  229.8  24.1   1   1   5.2e-70   4.6e-69  229.7  24.1    30   287     8   265     1   267 0.95 -
NW_025965123.1_RagTag:1790961-1790050 -            304 29581at314147        -            289   9.6e-69  228.6  26.9   1   1   1.3e-69   1.1e-68  228.4  26.9     1   287     5   298     5   300 0.92 -
NW_025965161.1_RagTag:650005-650751   -            249 29581at314147        -            289   1.1e-68  228.4  13.9   1   1   1.5e-69   1.3e-68  228.2  13.9    43   288     1   247     1   248 0.98 -
NW_025965317.1_RagTag:2485493-2486315 -            273 29581at314147        -            289   4.2e-68  226.5  16.4   1   1   5.8e-69   5.1e-68  226.2  16.4    13   254     8   250     2   271 0.91 -
contig_45643_pilon:1939-1040          -            300 29581at314147        -            289   5.4e-68  226.1  25.4   1   1   6.8e-69   5.9e-68  226.0  25.4    11   287    20   299     5   300 0.94 -
contig_75679_pilon:803-1694           -            297 29581at314147        -            289   9.5e-68  225.3  27.3   1   1   1.2e-68     1e-67  225.2  27.3    13   289    19   297     1   297 0.94 -
NW_025965313.1_RagTag:65078-65962     -            266 29581at314147        -            289   1.5e-67  224.7  27.9   1   2     8e-48     7e-47  156.9  23.2     3   182     2   189     1   194 0.91 -
NW_025965313.1_RagTag:65078-65962     -            266 29581at314147        -            289   1.5e-67  224.7  27.9   2   2   1.1e-21   9.9e-21   71.0   0.2   216   288   194   266   188   266 0.96 -
contig_48637_pilon:1311-406           -            302 29581at314147        -            289   1.6e-67  224.6  22.6   1   1     2e-68   1.8e-67  224.5  22.6    11   288    20   300     5   301 0.94 -
NW_025965235.1_RagTag:58504-57605     -            300 29581at314147        -            289   1.9e-67  224.3  20.2   1   1   2.5e-68   2.2e-67  224.2  20.2     3   288     7   299     5   300 0.90 -
NW_025965431.1_RagTag:35565-34649     -            304 29581at314147        -            289     2e-67  224.3  23.5   1   1   2.5e-68   2.2e-67  224.2  23.5    10   288    26   302     9   303 0.93 -
NW_025965313.1_RagTag:1578926-1577992 -            301 29581at314147        -            289   4.3e-67  223.2  26.5   1   1   5.6e-68   4.9e-67  223.0  26.5     2   289    15   300    14   300 0.89 -
NW_025965008.1_RagTag:184180-173307   -            296 29581at314147        -            289     5e-67  223.0  28.6   1   1   6.6e-68   5.7e-67  222.8  28.6     1   285     5   296     5   296 0.94 -
NW_025965161.1_RagTag:647732-648477   -            245 29581at314147        -            289   7.6e-67  222.4   7.6   1   1   9.8e-68   8.5e-67  222.2   7.6    43   287     2   243     1   245 0.98 -
NW_025965138.1_RagTag:8461-7640       -            274 29581at314147        -            289   1.3e-66  221.6  21.5   1   1   1.7e-67   1.5e-66  221.4  21.5    15   287     2   273     1   274 0.94 -
contig_36220_pilon:1243-2164          -            307 29581at314147        -            289   6.3e-66  219.4  25.3   1   1   8.1e-67     7e-66  219.2  25.3     3   287    11   303     9   305 0.93 -
NW_025965320.1_RagTag:846850-846021   -            276 29581at314147        -            289   1.1e-65  218.6  22.4   1   1   1.4e-66   1.2e-65  218.4  22.4    17   289     1   275     1   275 0.97 -
NW_025965256.1_RagTag:9890-8704       -            296 29581at314147        -            289   1.9e-65  217.8  23.7   1   1   2.4e-66   2.1e-65  217.6  23.7     1   285     8   294     8   296 0.93 -
contig_11065_pilon:1203-299           -            299 29581at314147        -            289   5.8e-65  216.2  16.9   1   1   8.1e-66     7e-65  215.9  16.9     3   288    11   298    10   299 0.89 -
NW_025965320.1_RagTag:799549-798621   -            308 29581at314147        -            289   1.3e-63  211.8  21.6   1   1   1.7e-64   1.5e-63  211.6  21.6    10   287    21   301     9   303 0.86 -
NW_025965080.1_RagTag:560460-561338   -            293 29581at314147        -            289   4.7e-63  209.9  21.5   1   1   6.1e-64   5.3e-63  209.8  21.5     1   287     1   292     1   293 0.90 -
contig_16391_pilon:1799-907           -            295 29581at314147        -            289   4.9e-63  209.9  30.5   1   1   6.3e-64   5.5e-63  209.7  30.5     1   284     5   294     5   295 0.94 -
NW_025965101.1_RagTag:46542-45633     -            302 29581at314147        -            289   7.7e-63  209.2  20.6   1   1   1.1e-63   9.5e-63  208.9  20.6     2   287    10   299     9   300 0.91 -
contig_19055_pilon:1363-482           -            290 29581at314147        -            289   1.7e-62  208.1  15.5   1   1   2.3e-63     2e-62  207.9  15.5    38   289    39   287    11   287 0.93 -
NW_025965407.1_RagTag:7923-7021       -            301 29581at314147        -            289     2e-62  207.9  19.5   1   1   2.5e-63   2.2e-62  207.7  19.5     9   288    18   300     5   301 0.88 -
NW_025965008.1_RagTag:184192-183276   -            289 29581at314147        -            289     3e-62  207.3  28.9   1   1   1.4e-61   1.2e-60  202.0  28.9     1   287     9   287     9   289 0.94 -
NW_025965151.1_RagTag:2343-2962       -            206 29581at314147        -            289   5.3e-62  206.5   9.3   1   1   6.7e-63   5.8e-62  206.4   9.3    85   287     2   204     1   206 0.96 -
contig_71775_pilon:1429-593           -            274 29581at314147        -            289   6.6e-62  206.2  27.4   1   1   8.6e-63   7.5e-62  206.0  27.4    15   287     2   268     1   270 0.91 -
contig_72712_pilon:528-1298           -            257 29581at314147        -            289   7.7e-62  206.0  27.3   1   1   9.9e-63   8.6e-62  205.8  27.3     1   236    12   255    12   257 0.93 -
NW_025965101.1_RagTag:74471-75156     -            228 29581at314147        -            289     4e-61  203.6   9.6   1   1   5.1e-62   4.4e-61  203.5   9.6    70   287     1   217     1   219 0.95 -
NW_025965331.1_RagTag:86104-102345    -            280 29581at314147        -            289   4.2e-61  203.5  23.8   1   2   8.1e-06     7e-05   19.0   6.8     2    49     6    60     5    63 0.81 -
NW_025965331.1_RagTag:86104-102345    -            280 29581at314147        -            289   4.2e-61  203.5  23.8   2   2   1.8e-58   1.5e-57  191.8   8.9    71   287    61   276    60   278 0.95 -
NW_025965307.1_RagTag:96079-95414     -            222 29581at314147        -            289   6.4e-61  202.9   5.5   1   1   8.6e-62   7.5e-61  202.7   5.5    80   287     1   211     1   213 0.97 -
NW_025965008.1_RagTag:177440-176544   -            297 29581at314147        -            289   7.1e-61  202.8  23.8   1   1   9.1e-62   7.9e-61  202.6  23.8     2   287     2   293     1   295 0.90 -
contig_30302_pilon:1953-1056          -            298 29581at314147        -            289   9.3e-61  202.4  26.6   1   1   1.2e-61     1e-60  202.3  26.6    11   287    22   297     5   298 0.91 -
NW_025965320.1_RagTag:809547-808632   -            291 29581at314147        -            289   1.4e-60  201.8  23.2   1   1   1.9e-61   1.7e-60  201.6  23.2     2   289     8   289     7   289 0.92 -
NW_025965203.1_RagTag:450455-451276   -            274 29581at314147        -            289   1.4e-60  201.8  19.0   1   1   1.8e-61   1.6e-60  201.6  19.0     4   271     1   274     1   274 0.93 -
contig_9927_pilon:1331-466            -            247 29581at314147        -            289   1.5e-60  201.7  20.1   1   2   1.6e-35   1.4e-34  116.5  16.0    11   171     3   165     2   166 0.90 -
contig_9927_pilon:1331-466            -            247 29581at314147        -            289   1.5e-60  201.7  20.1   2   2   5.4e-28   4.7e-27   91.8   0.4   207   288   160   241   157   242 0.97 -
NW_025965123.1_RagTag:1692788-1693690 -            301 29581at314147        -            289     2e-60  201.3  22.6   1   1   2.6e-61   2.2e-60  201.1  22.6     1   287     5   296     5   298 0.89 -
NW_025965054.1_RagTag:12554-13459     -            285 29581at314147        -            289   2.1e-60  201.2  14.6   1   1     8e-61     7e-60  199.5  14.6     4   285     8   279     6   283 0.92 -
NW_025965123.1_RagTag:1729259-1682344 -            286 29581at314147        -            289   8.6e-60  199.2  22.5   1   1   1.2e-60     1e-59  198.9  22.5    13   288    12   281     6   282 0.93 -
NW_025965008.1_RagTag:207520-163131   -            277 29581at314147        -            289   6.6e-59  196.3  26.7   1   1   9.2e-60     8e-59  196.1  26.7    10   287     9   275     6   277 0.93 -
NW_025965008.1_RagTag:201239-211571   -            288 29581at314147        -            289   8.4e-59  196.0  20.9   1   1   1.2e-59     1e-58  195.7  20.9    12   284    16   288     1   288 0.88 -
NW_025965313.1_RagTag:20623-21547     -            275 29581at314147        -            289   2.5e-58  194.4  21.1   1   1   4.7e-59   4.1e-58  193.7  21.1    38   288    33   272    13   273 0.94 -
NW_025965182.1_RagTag:1702579-1701860 -            240 29581at314147        -            289   2.6e-58  194.4  11.5   1   1   3.3e-59   2.9e-58  194.2  11.5    51   287     2   239     1   240 0.98 -
NW_025965305.1_RagTag:1568367-1569271 -            292 29581at314147        -            289   3.4e-58  194.0  25.0   1   1   4.5e-59   3.9e-58  193.8  25.0     2   287    10   291     9   292 0.93 -
NW_025965054.1_RagTag:16560-17488     -            285 29581at314147        -            289   3.5e-58  194.0  17.9   1   2   4.9e-39   4.2e-38  128.0  15.1     4   194    14   210    12   211 0.90 -
NW_025965054.1_RagTag:16560-17488     -            285 29581at314147        -            289   3.5e-58  194.0  17.9   2   2   1.1e-20   9.8e-20   67.8   0.0   217   287   211   281   209   283 0.97 -
NW_025965331.1_RagTag:96455-102345    -            287 29581at314147        -            289   5.7e-58  193.3  14.0   1   1   7.7e-58   6.6e-57  189.7  14.0    68   287    65   283    10   285 0.92 -
contig_45284_pilon:1137-1930          -            264 29581at314147        -            289   1.3e-57  192.1  25.5   1   1   1.6e-58   1.4e-57  192.0  25.5     2   246    10   261     9   264 0.92 -
NW_025965101.1_RagTag:56164-56868     -            235 29581at314147        -            289   2.5e-57  191.1  12.0   1   1   3.7e-58   3.2e-57  190.8  12.0    74   287    14   228     3   231 0.93 -
NW_025965146.1_RagTag:91849-90956     -            276 29581at314147        -            289   1.9e-56  188.2  26.6   1   2   1.1e-28   9.9e-28   94.0  14.8    11   122    22   135    14   141 0.89 -
NW_025965146.1_RagTag:91849-90956     -            276 29581at314147        -            289   1.9e-56  188.2  26.6   2   2   1.7e-30   1.5e-29  100.0   4.5   150   287   141   275   136   276 0.94 -
NW_025965146.1_RagTag:97684-98594     -            291 29581at314147        -            289   2.6e-56  187.8  16.5   1   1   4.3e-57   3.7e-56  187.3  16.5    12   289    22   289    14   289 0.91 -
NW_025965274.1_RagTag:6080-6799       -            240 29581at314147        -            289   4.7e-56  187.0  22.9   1   1     6e-57   5.2e-56  186.8  22.9     1   228     5   240     5   240 0.93 -
NW_025965305.1_RagTag:1593276-1609222 -            267 29581at314147        -            289   4.9e-56  186.9  20.9   1   2   9.4e-45   8.1e-44  146.8  15.4     1   176     9   190     9   197 0.87 -
NW_025965305.1_RagTag:1593276-1609222 -            267 29581at314147        -            289   4.9e-56  186.9  20.9   2   2   2.4e-13   2.1e-12   43.7   0.3   219   289   197   265   193   265 0.94 -
NW_025965305.1_RagTag:1566199-1565318 -            294 29581at314147        -            289   6.4e-56  186.5  27.5   1   1   8.3e-57   7.2e-56  186.4  27.5     1   280     9   293     9   294 0.91 -
NW_025965636.1_RagTag:13668-15681     -            293 29581at314147        -            289   7.4e-56  186.3  28.8   1   1   9.8e-57   8.5e-56  186.1  28.8     1   287     6   290     6   292 0.85 -
contig_59306_pilon:968-1787           -            269 29581at314147        -            289   1.2e-55  185.6  12.5   1   1   1.6e-56   1.4e-55  185.4  12.5     4   249     8   257     5   268 0.87 -
NW_025965405.1_RagTag:29174-29767     -            198 29581at314147        -            289   1.5e-54  182.0  17.4   1   1   1.9e-55   1.6e-54  181.9  17.4    76   271     2   198     1   198 0.97 -
NW_025965123.1_RagTag:1802243-1682359 -            269 29581at314147        -            289   2.8e-54  181.1  22.5   1   1   4.9e-55   4.2e-54  180.6  22.5    13   287     4   268     1   269 0.93 -
contig_68255_pilon:858-0              -            263 29581at314147        -            289   5.4e-54  180.2  19.4   1   1   2.4e-54   2.1e-53  178.3  19.4     1   269     9   263     9   263 0.88 -
NW_025965313.1_RagTag:3-710           -            236 29581at314147        -            289   1.7e-53  178.5  21.0   1   1   2.2e-54   1.9e-53  178.4  21.0    58   284     5   232     1   236 0.96 -
NW_025965008.1_RagTag:210473-228546   -            254 29581at314147        -            289   7.7e-53  176.4  23.5   1   1   4.4e-51   3.8e-50  167.6  23.5    17   287     1   253     1   254 0.93 -
contig_78135_pilon:1578-681           -            289 29581at314147        -            289   9.1e-53  176.2  22.2   1   1   1.3e-53   1.1e-52  175.9  22.2    19   287    32   289     9   289 0.89 -
contig_81842_pilon:1576-685           -            297 29581at314147        -            289     2e-52  175.0  21.7   1   1   1.3e-52   1.1e-51  172.6  21.7     4   287     1   292     1   293 0.83 -
contig_17327_pilon:1262-525           -            246 29581at314147        -            289   4.7e-52  173.8  19.2   1   1   6.6e-53   5.7e-52  173.6  19.2    46   287     1   240     1   241 0.93 -
NW_025965008.1_RagTag:175654-175094   -            187 29581at314147        -            289   6.7e-52  173.3  16.7   1   1   8.5e-53   7.4e-52  173.2  16.7   103   287     1   186     1   187 0.95 -
NW_025965324.1_RagTag:3751936-3751007 -            282 29581at314147        -            289   5.5e-51  170.3  27.1   1   2   5.9e-34   5.1e-33  111.4  13.8     1   137     9   152     9   159 0.93 -
NW_025965324.1_RagTag:3751936-3751007 -            282 29581at314147        -            289   5.5e-51  170.3  27.1   2   2   9.4e-20   8.2e-19   64.7   6.0   166   287   159   276   152   278 0.83 -
NW_025965251.1_RagTag:376661-375814   -            272 29581at314147        -            289   1.9e-50  168.5  24.0   1   1   3.3e-51   2.9e-50  168.0  24.0    13   287     9   271     2   272 0.89 -
NW_025965123.1_RagTag:1630917-1738918 -            282 29581at314147        -            289   9.8e-50  166.2  35.8   1   1   2.3e-50     2e-49  165.2  35.8    11   286    23   282    13   282 0.89 -
NW_025965313.1_RagTag:1618222-1720472 -            235 29581at314147        -            289   2.9e-49  164.7  21.2   1   1   4.3e-50   3.7e-49  164.3  21.2    21   221     3   205     2   215 0.95 -
NW_025965418.1_RagTag:2394-2974       -            193 29581at314147        -            289   1.9e-48  162.0   3.5   1   1   2.4e-49   2.1e-48  161.9   3.5    99   288     1   190     1   191 0.94 -
NW_025965320.1_RagTag:826750-801792   -            251 29581at314147        -            289   1.9e-47  158.7  19.6   1   2   4.1e-07   3.6e-06   23.3   2.9     2    56    10    71     9    76 0.80 -
NW_025965320.1_RagTag:826750-801792   -            251 29581at314147        -            289   1.9e-47  158.7  19.6   2   2   3.4e-43   2.9e-42  141.7   8.8   117   287    76   247    72   249 0.96 -
NW_025965306.1_RagTag:22688-23267     -            170 29581at314147        -            289   2.6e-47  158.3  14.1   1   2   6.4e-22   5.6e-21   71.9   4.2    95   179     3    86     1    87 0.94 -
NW_025965306.1_RagTag:22688-23267     -            170 29581at314147        -            289   2.6e-47  158.3  14.1   2   2   6.8e-29   5.9e-28   94.8   2.9   197   283    83   169    81   170 0.98 -
NW_025965313.1_RagTag:1581324-1580538 -            260 29581at314147        -            289   6.9e-47  156.9  28.6   1   1     9e-48   7.8e-47  156.7  28.6    13   255    10   252     4   260 0.87 -
NW_025965313.1_RagTag:65084-65656     -            191 29581at314147        -            289   7.7e-47  156.7  22.7   1   1   9.3e-48   8.1e-47  156.6  22.7    11   181    13   186     1   191 0.91 -
NW_025965023.1_RagTag:838527-839265   -            220 29581at314147        -            289   1.6e-46  155.7  14.8   1   1   2.9e-45   2.5e-44  148.5  14.8    40   284     1   219     1   220 0.93 -
NW_025965352.1_RagTag:34299-33355     -            315 29581at314147        -            289   6.1e-46  153.8  14.5   1   1   8.3e-47   7.2e-46  153.5  14.5    19   285    41   311    19   315 0.91 -
NW_025965250.1_RagTag:29037-28351     -            229 29581at314147        -            289   2.2e-45  152.0  24.7   1   1   2.9e-46   2.5e-45  151.8  24.7     1   202    20   229    20   229 0.93 -
NW_025965149.1_RagTag:1591037-1591573 -            179 29581at314147        -            289   8.1e-45  150.1   6.3   1   1     1e-45     9e-45  149.9   6.3   114   288     1   176     1   177 0.97 -
NW_025965426.1_RagTag:29173-28250     -            308 29581at314147        -            289   1.2e-44  149.5  23.7   1   1   1.8e-45   1.5e-44  149.2  23.7     4   283    10   299     8   302 0.92 -
NW_025965123.1_RagTag:1802092-1682347 -            224 29581at314147        -            289   1.8e-44  149.0  11.0   1   1   2.7e-45   2.3e-44  148.6  11.0    63   288     5   220     1   221 0.92 -
NW_025965426.1_RagTag:17883-70266     -            253 29581at314147        -            289   4.5e-44  147.6  21.5   1   1   6.4e-45   5.5e-44  147.4  21.5    43   284     1   245     1   249 0.92 -
contig_32555_pilon:1949-1238          -            233 29581at314147        -            289   8.7e-44  146.7  10.2   1   2   7.1e-10   6.2e-09   32.3   1.1     1    72     7    85     7    87 0.83 -
contig_32555_pilon:1949-1238          -            233 29581at314147        -            289   8.7e-44  146.7  10.2   2   2   2.5e-36   2.1e-35  119.2   3.9   145   288    84   225    81   226 0.97 -
NW_025965574.1_RagTag:1105-352        -            246 29581at314147        -            289   3.2e-42  141.6  26.3   1   1     4e-43   3.5e-42  141.4  26.3     9   236    16   242     5   246 0.88 -
NW_025965426.1_RagTag:106724-105805   -            306 29581at314147        -            289   5.9e-42  140.7  22.0   1   1   7.7e-43   6.7e-42  140.5  22.0    14   285    26   301     9   305 0.87 -
NW_025965426.1_RagTag:106641-105805   -            279 29581at314147        -            289   2.6e-41  138.6  22.5   1   1   3.6e-42   3.1e-41  138.3  22.5    21   285     6   274     2   278 0.88 -
NW_025965352.1_RagTag:20838-20083     -            252 29581at314147        -            289     7e-41  137.2  16.5   1   1     9e-42   7.8e-41  137.0  16.5    40   286     1   249     1   252 0.93 -
contig_44821_pilon:548-0              -            183 29581at314147        -            289   5.6e-39  130.9  14.5   1   1   7.2e-40   6.3e-39  130.8  14.5     1   169     7   183     7   183 0.93 -
NW_025965123.1_RagTag:1729214-1654919 -            194 29581at314147        -            289     6e-39  130.8  24.0   1   2     8e-35   6.9e-34  114.2  18.9    17   179     1   165     1   168 0.93 -
NW_025965123.1_RagTag:1729214-1654919 -            194 29581at314147        -            289     6e-39  130.8  24.0   2   2   1.2e-06     1e-05   21.8   0.2   205   235   164   194   160   194 0.92 -
NW_025965426.1_RagTag:64293-65108     -            272 29581at314147        -            289   1.5e-38  129.5  21.7   1   1   1.9e-39   1.6e-38  129.4  21.7    20   282     4   269     1   272 0.89 -
NW_025965307.1_RagTag:57189-57698     -            170 29581at314147        -            289   5.1e-38  127.8  10.5   1   1   6.9e-39     6e-38  127.6  10.5     3   153    11   169     9   170 0.88 -
NW_025965054.1_RagTag:50512-7369      -            173 29581at314147        -            289   2.9e-37  125.3   4.2   1   1   3.7e-38   3.2e-37  125.2   4.2    38   174    35   172     9   173 0.94 -
contig_17158_pilon:2124-1588          -            179 29581at314147        -            289   1.6e-36  122.9   8.4   1   1     2e-37   1.8e-36  122.7   8.4   114   286     1   175     1   178 0.91 -
NW_025965313.1_RagTag:59120-59602     -            161 29581at314147        -            289   1.7e-36  122.8  21.9   1   1   2.1e-37   1.9e-36  122.7  21.9     3   153     2   160     1   161 0.90 -
NW_025965470.1_RagTag:881-166         -            213 29581at314147        -            289   1.3e-35  119.9   4.6   1   2     6e-25   5.2e-24   81.8   2.2    46   166     1   122     1   127 0.96 -
NW_025965470.1_RagTag:881-166         -            213 29581at314147        -            289   1.3e-35  119.9   4.6   2   2   4.8e-12   4.2e-11   39.4   0.0   193   284   123   212   121   213 0.83 -
contig_27735_pilon:510-1              -            170 29581at314147        -            289   6.4e-35  117.6  11.6   1   1   8.7e-36   7.5e-35  117.4  11.6     1   135    18   160    18   167 0.89 -
NW_025965320.1_RagTag:846467-846024   -            148 29581at314147        -            289   8.6e-35  117.2   4.4   1   1   1.2e-35     1e-34  116.9   4.4   146   289     5   148     2   148 0.98 -
NW_025965426.1_RagTag:118577-76677    -            296 29581at314147        -            289   1.8e-34  116.1  21.7   1   1   2.4e-35   2.1e-34  115.9  21.7     3   288     9   294     7   295 0.85 -
NW_025965320.1_RagTag:792323-791874   -            150 29581at314147        -            289   1.9e-34  116.0   9.5   1   1   2.4e-35   2.1e-34  115.9   9.5     3   137     7   149     5   150 0.88 -
NW_025965426.1_RagTag:85794-85032     -            245 29581at314147        -            289   2.1e-34  115.9  27.6   1   1   3.4e-35   2.9e-34  115.4  27.6     4   246     1   242     1   244 0.91 -
NW_025965313.1_RagTag:1633886-1633371 -            172 29581at314147        -            289   3.3e-34  115.3   9.7   1   1   4.2e-35   3.7e-34  115.1   9.7   119   289     1   172     1   172 0.96 -
NW_025965426.1_RagTag:109653-110225   -            191 29581at314147        -            289   3.9e-34  115.0   8.9   1   1     5e-35   4.3e-34  114.9   8.9   100   285     1   189     1   191 0.92 -
NW_025965123.1_RagTag:1583045-1583462 -            132 29581at314147        -            289   2.3e-33  112.5   7.1   1   1   2.9e-34   2.5e-33  112.4   7.1   149   285     3   131     1   132 0.96 -
NW_025965352.1_RagTag:115451-3134     -            284 29581at314147        -            289   3.6e-33  111.9  19.4   1   1     5e-34   4.3e-33  111.6  19.4    22   281    22   284    17   284 0.86 -
contig_79807_pilon:390-1              -            130 29581at314147        -            289   8.8e-30  100.7   4.8   1   1   1.1e-30   9.7e-30  100.6   4.8    11   117    22   130     8   130 0.89 -
NW_025965305.1_RagTag:1608632-1609213 -            143 29581at314147        -            289   1.4e-29  100.1   6.0   1   2   6.4e-18   5.6e-17   58.7   1.4    95   165     3    74     1    76 0.94 -
NW_025965305.1_RagTag:1608632-1609213 -            143 29581at314147        -            289   1.4e-29  100.1   6.0   2   2   1.4e-13   1.3e-12   44.4   0.2   219   287    76   142    74   143 0.95 -
NW_025965182.1_RagTag:1728940-1729338 -            133 29581at314147        -            289   3.7e-29   98.7  12.1   1   1   4.7e-30   4.1e-29   98.6  12.1     2   121     6   133     5   133 0.92 -
contig_31446_pilon:625-37             -            190 29581at314147        -            289   9.2e-28   94.1  16.2   1   1   1.2e-28   1.1e-27   93.9  16.2     1   178     3   181     3   188 0.89 -
NW_025965131.1_RagTag:87-649          -            177 29581at314147        -            289   3.1e-27   92.4   9.4   1   2   6.8e-13   5.9e-12   42.2   4.6    86   148     3    67     1    83 0.84 -
NW_025965131.1_RagTag:87-649          -            177 29581at314147        -            289   3.1e-27   92.4   9.4   2   2   2.6e-16   2.2e-15   53.5   0.2   195   288    86   176    69   177 0.86 -
contig_62518_pilon:1550-1137          -            138 29581at314147        -            289   9.6e-27   90.8   5.8   1   1   1.3e-27   1.1e-26   90.5   5.8   150   286     4   137     2   138 0.96 -
NW_025965161.1_RagTag:639123-639572   -            150 29581at314147        -            289   2.6e-26   89.4  14.7   1   1   3.2e-27   2.8e-26   89.3  14.7    12   137    23   150     6   150 0.87 -
NW_025965274.1_RagTag:25462-24893     -            168 29581at314147        -            289   1.6e-25   86.7  13.3   1   1   3.9e-26   3.4e-25   85.7  13.3    41   170    41   168    12   168 0.84 -
NW_025965352.1_RagTag:10910-11527     -            206 29581at314147        -            289   5.4e-25   85.0  17.0   1   1   7.3e-26   6.3e-25   84.8  17.0    14   189    26   203     9   205 0.86 -
NW_025965023.1_RagTag:886213-885926   -             96 29581at314147        -            289     1e-23   80.9   4.3   1   1   1.3e-24   1.1e-23   80.7   4.3    21   115     1    96     1    96 0.96 -
NW_025965008.1_RagTag:167884-163548   -            147 29581at314147        -            289     8e-22   74.6  13.8   1   1   1.1e-22   9.6e-22   74.4  13.8     2   130     2   130     1   142 0.86 -
NW_025965426.1_RagTag:61120-61686     -            189 29581at314147        -            289   1.5e-21   73.8  12.2   1   1     2e-22   1.8e-21   73.5  12.2   103   284     1   185     1   188 0.86 -
NW_025965215.1_RagTag:332936-333253   -            106 29581at314147        -            289   2.1e-20   69.9   1.9   1   1   2.6e-21   2.3e-20   69.9   1.9   182   287     3   106     1   106 0.91 -
NW_025965426.1_RagTag:94586-94104     -            161 29581at314147        -            289   2.2e-20   69.9   6.5   1   1     3e-21   2.6e-20   69.7   6.5    82   229    13   161     7   161 0.89 -
NW_025965352.1_RagTag:24589-24030     -            179 29581at314147        -            289   4.6e-17   59.0  10.4   1   1   6.9e-18     6e-17   58.6  10.4     2   173     2   172     1   177 0.83 -
contig_7679_pilon:1476-1730           -             85 29581at314147        -            289   2.8e-14   49.8   6.5   1   1   3.6e-15   3.1e-14   49.7   6.5     1    73     5    84     5    85 0.84 -
contig_46898_pilon:704-1068           -             87 29581at314147        -            289   2.3e-09   33.8  10.8   1   2   0.00046     0.004   13.3   1.3    18    49     1    33     1    35 0.87 -
contig_46898_pilon:704-1068           -             87 29581at314147        -            289   2.3e-09   33.8  10.8   2   2   4.5e-08   3.9e-07   26.4   2.5    88   132    35    79    33    85 0.92 -
NW_025965148.1_RagTag:223770-222829   -            314 29581at314147        -            289   1.5e-05   21.2   8.0   1   1   2.5e-06   2.1e-05   20.7   8.0    11   144    35   170    26   192 0.71 -
NW_025965273.1_RagTag:377227-377896   -            210 29581at314147        -            289   0.00015   18.0   7.2   1   1   2.1e-05   0.00018   17.7   7.2    18   127    13   124     4   191 0.74 -
#
# Program:         hmmsearch
# Version:         3.1b2 (February 2015)
# Pipeline mode:   SEARCH
# Query file:      /home/bgerda/guppy_SUP/busco_downloads/lineages/glires_odb10/hmms/29581at314147.hmm
# Target file:     /home/bgerda/guppy_SUP/busco_results_racon/run_glires_odb10/metaeuk_output/rerun_results/ragtag.scaffold.fasta.modified.fas
# Option settings: hmmsearch --domtblout /home/bgerda/guppy_SUP/busco_results_racon/run_glires_odb10/hmmer_output/rerun_results/29581at314147.out --cpu 1 /home/bgerda/guppy_SUP/busco_downloads/lineages/glires_odb10/hmms/29581at314147.hmm /home/bgerda/guppy_SUP/busco_results_racon/run_glires_odb10/metaeuk_output/rerun_results/ragtag.scaffold.fasta.modified.fas 
# Current dir:     /home/bgerda/guppy_SUP
# Date:            Sun May 21 17:30:02 2023
# [ok]
