#                                                                                             --- full sequence --- -------------- this domain -------------   hmm coord   ali coord   env coord
# target name                         accession   tlen query name           accession   qlen   E-value  score  bias   #  of  c-Evalue  i-Evalue  score  bias  from    to  from    to  from    to  acc description of target
#                 ------------------- ---------- ----- -------------------- ---------- ----- --------- ------ ----- --- --- --------- --------- ------ ----- ----- ----- ----- ----- ----- ----- ---- ---------------------
contig_25261_pilon:2013-1030          -            328 29640at314147        -            320   4.9e-38  127.5  19.1   1   1     2e-39     7e-38  127.0  19.1    13   290    26   311    17   327 0.79 -
NW_025965319.1_RagTag:179742-242988   -            307 29640at314147        -            320   1.5e-32  109.5  13.8   1   1     5e-34   1.8e-32  109.3  13.8    16   298     1   292     1   298 0.86 -
NW_025965321.1_RagTag:4191413-4192267 -            285 29640at314147        -            320   3.9e-32  108.1   8.2   1   1   1.8e-33   6.5e-32  107.4   8.2    12   245    22   249    10   261 0.86 -
NW_025965295.1_RagTag:908652-907732   -            307 29640at314147        -            320   9.9e-30  100.2  29.1   1   1   3.5e-31   1.2e-29   99.9  29.1    13   289    21   298    11   306 0.83 -
NW_025965108.1_RagTag:141251-142205   -            306 29640at314147        -            320   6.5e-28   94.3   8.5   1   1   4.2e-29   1.5e-27   93.1   8.5    19   288    21   289    12   300 0.80 -
contig_67641_pilon:735-19             -            239 29640at314147        -            320     8e-28   94.0  17.8   1   1   3.8e-29   1.3e-27   93.2  17.8    17   245     5   238     1   239 0.82 -
contig_57885_pilon:1608-2156          -            183 29640at314147        -            320   2.5e-26   89.1   8.2   1   1   8.9e-28   3.2e-26   88.7   8.2    13   151    34   172    25   181 0.89 -
NW_025965230.1_RagTag:330331-329468   -            288 29640at314147        -            320   2.8e-25   85.6  18.4   1   1   9.9e-27   3.5e-25   85.3  18.4    16   291     5   287     2   288 0.73 -
NW_025965307.1_RagTag:922123-923694   -            524 29640at314147        -            320   4.1e-23   78.5  14.4   1   2   8.9e-17   3.2e-15   52.6   6.7     3   197     3   199     1   220 0.83 -
NW_025965307.1_RagTag:922123-923694   -            524 29640at314147        -            320   4.1e-23   78.5  14.4   2   2   3.8e-10   1.3e-08   30.8   0.9   212   302   420   511   405   522 0.78 -
NW_025965278.1_RagTag:261099-260431   -            223 29640at314147        -            320   7.9e-23   77.6  13.1   1   1   2.6e-24   9.3e-23   77.3  13.1   109   295     1   185     1   206 0.89 -
NW_025965256.1_RagTag:799616-800878   -            421 29640at314147        -            320     8e-23   77.5  16.6   1   2   5.9e-17   2.1e-15   53.2   9.8    22   210    11   209     2   224 0.76 -
NW_025965256.1_RagTag:799616-800878   -            421 29640at314147        -            320     8e-23   77.5  16.6   2   2   1.9e-09   6.9e-08   28.5   0.5   217   294   244   323   229   335 0.80 -
NW_025965314.1_RagTag:111342-113196   -            313 29640at314147        -            320   9.9e-21   70.7  20.9   1   1   3.6e-22   1.3e-20   70.3  20.9     6   294     7   300     4   312 0.75 -
NW_025965322.1_RagTag:1853197-1851811 -            304 29640at314147        -            320   6.3e-20   68.0   5.8   1   2   1.4e-16     5e-15   51.9   1.7    14   119    45   150    32   161 0.93 -
NW_025965322.1_RagTag:1853197-1851811 -            304 29640at314147        -            320   6.3e-20   68.0   5.8   2   2   2.7e-06   9.5e-05   18.2   0.1   215   289   198   286   186   301 0.75 -
NW_025965161.1_RagTag:402292-401603   -            230 29640at314147        -            320   1.7e-18   63.3  11.3   1   1   5.9e-20   2.1e-18   63.0  11.3    14   198    34   227    27   230 0.81 -
NW_025965421.1_RagTag:170956-171649   -            214 29640at314147        -            320   3.2e-18   62.4   8.2   1   2   1.9e-12   6.7e-11   38.4   0.3    76   195    17   134     9   139 0.82 -
NW_025965421.1_RagTag:170956-171649   -            214 29640at314147        -            320   3.2e-18   62.4   8.2   2   2   3.3e-09   1.2e-07   27.7   3.0   215   289   135   211   134   214 0.80 -
NW_025965323.1_RagTag:1257581-1256595 -            329 29640at314147        -            320   4.2e-17   58.8  16.6   1   1   1.8e-18   6.4e-17   58.1  16.6    17   295    25   314    19   325 0.80 -
NW_025965266.1_RagTag:232663-231572   -            364 29640at314147        -            320   2.3e-13   46.5  15.3   1   2   2.2e-06   7.8e-05   18.4   9.6    20   163     6   150     2   203 0.75 -
NW_025965266.1_RagTag:232663-231572   -            364 29640at314147        -            320   2.3e-13   46.5  15.3   2   2   2.4e-10   8.5e-09   31.5   0.3   204   294   272   362   263   364 0.78 -
NW_025965256.1_RagTag:1053727-1052684 -            348 29640at314147        -            320   2.3e-13   46.4  16.1   1   1   1.1e-14   3.8e-13   45.7  16.1    16   295    30   299    20   313 0.82 -
NW_025965316.1_RagTag:3770129-3679029 -            162 29640at314147        -            320     9e-13   44.5   6.5   1   1   3.3e-14   1.2e-12   44.1   6.5    66   197     1   131     1   139 0.78 -
NW_025965343.1_RagTag:67127-66252     -            269 29640at314147        -            320   5.5e-10   35.4  12.2   1   2   2.4e-07   8.4e-06   21.6   4.6    20   140    12   123     3   133 0.74 -
NW_025965343.1_RagTag:67127-66252     -            269 29640at314147        -            320   5.5e-10   35.4  12.2   2   2   2.5e-06   8.9e-05   18.3   0.9   224   312   170   261   150   268 0.70 -
NW_025965209.1_RagTag:596644-597198   -            185 29640at314147        -            320   5.8e-10   35.3   7.1   1   1     2e-11   7.2e-10   35.0   7.1   148   300    26   174    14   183 0.73 -
NW_025965148.1_RagTag:223770-222829   -            314 29640at314147        -            320     7e-10   35.0  14.0   1   2   3.6e-11   1.3e-09   34.2   9.9    13   205    36   224    26   243 0.82 -
NW_025965148.1_RagTag:223770-222829   -            314 29640at314147        -            320     7e-10   35.0  14.0   2   2      0.14         5    2.6   0.1   216   239   291   314   270   314 0.72 -
NW_025965108.1_RagTag:141726-142244   -            173 29640at314147        -            320   2.4e-09   33.3   0.9   1   1     7e-11   2.5e-09   33.2   0.9   165   288    16   143     1   166 0.73 -
NW_025965277.1_RagTag:1743368-1743093 -             92 29640at314147        -            320   5.3e-09   32.1   4.0   1   1   1.6e-10   5.7e-09   32.0   4.0    19   109     1    92     1    92 0.87 -
NW_025965151.1_RagTag:183391-181437   -            195 29640at314147        -            320   1.3e-07   27.6  11.1   1   1   4.8e-09   1.7e-07   27.2  11.1    95   283     5   192     2   195 0.69 -
NW_025965247.1_RagTag:66521-66763     -             81 29640at314147        -            320   5.4e-07   25.5   1.3   1   1   1.7e-08   5.9e-07   25.4   1.3   217   284    13    80     4    81 0.79 -
NW_025965273.1_RagTag:377227-377896   -            210 29640at314147        -            320     8e-07   25.0   8.3   1   1   2.6e-08   9.4e-07   24.7   8.3    18   146    10   139     3   203 0.79 -
contig_27735_pilon:510-1              -            170 29640at314147        -            320   3.5e-06   22.9   6.0   1   1   1.3e-07   4.6e-06   22.5   6.0    14   144    35   166    31   169 0.78 -
NW_025965331.1_RagTag:82451-81553     -            297 29640at314147        -            320   0.00011   17.9  10.9   1   1   4.6e-06   0.00016   17.4  10.9    17   293    19   293    10   297 0.72 -
NW_025965324.1_RagTag:3751936-3751007 -            282 29640at314147        -            320   0.00017   17.3   6.5   1   1   4.9e-06   0.00017   17.3   6.5    15   118    27   130    18   137 0.87 -
NW_025965352.1_RagTag:10910-11527     -            206 29640at314147        -            320    0.0003   16.5   4.5   1   1     1e-05   0.00036   16.2   4.5    13   149    23   160    12   197 0.72 -
contig_57973_pilon:1251-358           -            298 29640at314147        -            320   0.00078   15.1   7.1   1   1   3.7e-05    0.0013   14.4   7.0    97   213   102   232    14   239 0.69 -
NW_025965307.1_RagTag:57189-57698     -            170 29640at314147        -            320    0.0023   13.6   5.6   1   1     8e-05    0.0029   13.3   5.6    17   139    29   152    24   168 0.76 -
contig_30302_pilon:1953-1056          -            298 29640at314147        -            320    0.0032   13.1  12.3   1   1   0.00024    0.0084   11.8  12.2    13   212    23   236    20   244 0.68 -
contig_19055_pilon:1363-482           -            290 29640at314147        -            320    0.0089   11.7  11.3   1   1   0.00065     0.023   10.3  11.3    99   295    98   287    79   289 0.60 -
NW_025965182.1_RagTag:1728940-1729338 -            133 29640at314147        -            320     0.013   11.1   4.7   1   1   0.00053     0.019   10.6   4.7    15   117    24   127    17   130 0.75 -
contig_31446_pilon:625-37             -            190 29640at314147        -            320     0.018   10.7   8.0   1   1   0.00062     0.022   10.4   7.5    14   122    20   129    12   151 0.78 -
NW_025965230.1_RagTag:981322-980399   -            308 29640at314147        -            320      0.06    9.0  12.5   1   1    0.0033      0.12    8.0  12.5    14   142    25   154    22   303 0.78 -
NW_025965250.1_RagTag:29037-28351     -            229 29640at314147        -            320      0.38    6.3  13.2   1   2    0.0004     0.014   11.0   5.6    18   117    41   141    35   163 0.74 -
NW_025965250.1_RagTag:29037-28351     -            229 29640at314147        -            320      0.38    6.3  13.2   2   2       1.3        48   -0.6   0.4    11    35   201   227   190   228 0.69 -
#
# Program:         hmmsearch
# Version:         3.1b2 (February 2015)
# Pipeline mode:   SEARCH
# Query file:      /home/bgerda/guppy_SUP/busco_downloads/lineages/glires_odb10/hmms/29640at314147.hmm
# Target file:     /home/bgerda/guppy_SUP/busco_results_racon/run_glires_odb10/metaeuk_output/rerun_results/ragtag.scaffold.fasta.modified.fas
# Option settings: hmmsearch --domtblout /home/bgerda/guppy_SUP/busco_results_racon/run_glires_odb10/hmmer_output/rerun_results/29640at314147.out --cpu 1 /home/bgerda/guppy_SUP/busco_downloads/lineages/glires_odb10/hmms/29640at314147.hmm /home/bgerda/guppy_SUP/busco_results_racon/run_glires_odb10/metaeuk_output/rerun_results/ragtag.scaffold.fasta.modified.fas 
# Current dir:     /home/bgerda/guppy_SUP
# Date:            Sun May 21 17:29:55 2023
# [ok]
