#                                                                                             --- full sequence --- -------------- this domain -------------   hmm coord   ali coord   env coord
# target name                         accession   tlen query name           accession   qlen   E-value  score  bias   #  of  c-Evalue  i-Evalue  score  bias  from    to  from    to  from    to  acc description of target
#                 ------------------- ---------- ----- -------------------- ---------- ----- --------- ------ ----- --- --- --------- --------- ------ ----- ----- ----- ----- ----- ----- ----- ---- ---------------------
NW_025965099.1_RagTag:14363-15274     -            304 3096at314147         -           1090   1.8e-25   85.0   0.0   1   1   3.1e-27   2.2e-25   84.7   0.0   571   834    35   288    19   297 0.87 -
contig_66008_pilon:1779-2636          -            286 3096at314147         -           1090   2.6e-25   84.4   0.0   1   1   4.6e-27   3.4e-25   84.1   0.0   587   833     9   244     2   257 0.84 -
NW_025965499.1_RagTag:3791-2706       -            362 3096at314147         -           1090   6.7e-25   83.1   0.0   1   1   1.1e-26   8.3e-25   82.8   0.0   571   834    25   278     8   288 0.87 -
contig_34309_pilon:592-2              -            197 3096at314147         -           1090   7.2e-25   83.0   0.0   1   1   1.2e-26   8.8e-25   82.7   0.0   570   754    15   192     4   196 0.90 -
NW_025965233.1_RagTag:114859-113462   -            466 3096at314147         -           1090   3.7e-24   80.6   0.0   1   1   6.7e-26   4.9e-24   80.2   0.0   570   836    14   269     5   275 0.85 -
contig_37224_pilon:1693-2424          -            244 3096at314147         -           1090   6.5e-22   73.2   0.0   1   1     1e-23   7.5e-22   73.0   0.0   571   813     7   239     3   244 0.89 -
contig_31429_pilon:272-1088           -            267 3096at314147         -           1090     1e-18   62.6   0.0   1   1   3.1e-20   2.3e-18   61.5   0.0   571   773     5   188     2   225 0.83 -
NW_025965279.1_RagTag:78582-79082     -            167 3096at314147         -           1090   5.4e-18   60.2   0.0   1   1   8.2e-20     6e-18   60.1   0.0   664   770     5   107     3   165 0.72 -
contig_34501_pilon:2271-1573          -            233 3096at314147         -           1090   9.5e-18   59.4   0.0   1   1   1.4e-19   1.1e-17   59.3   0.0   638   823     3   179     1   193 0.81 -
NW_025965401.1_RagTag:63455-65494     -            216 3096at314147         -           1090   1.2e-12   42.5   0.0   1   1     2e-14   1.4e-12   42.3   0.0   661   776    16   137     1   147 0.79 -
NW_025965548.1_RagTag:8433-2018       -            436 3096at314147         -           1090   9.9e-11   36.2   0.0   1   1   2.1e-12   1.5e-10   35.6   0.0   610   714   255   371   240   382 0.75 -
NW_025965301.1_RagTag:70135-68389     -            338 3096at314147         -           1090   3.2e-05   17.9   0.0   1   2   1.8e-05    0.0013   12.6   0.0   703   766   174   234   160   241 0.84 -
NW_025965301.1_RagTag:70135-68389     -            338 3096at314147         -           1090   3.2e-05   17.9   0.0   2   2     0.012      0.85    3.3   0.0   777   825   292   338   282   338 0.82 -
NW_025965313.1_RagTag:82152-83619     -            201 3096at314147         -           1090   9.6e-05   16.4   0.0   1   1   1.4e-06    0.0001   16.3   0.0   672   736    76   136    52   189 0.75 -
NW_025965066.1_RagTag:84022-85665     -            205 3096at314147         -           1090   0.00014   15.8   0.0   1   1   2.8e-06   0.00021   15.2   0.0   669   777    94   191    71   197 0.82 -
NW_025965240.1_RagTag:95899-92013     -            305 3096at314147         -           1090    0.0013   12.6   0.0   1   1   2.3e-05    0.0017   12.3   0.0   610   690   228   305   219   305 0.81 -
NW_025965218.1_RagTag:1578470-1576498 -            278 3096at314147         -           1090    0.0014   12.5   0.0   1   1   2.3e-05    0.0017   12.2   0.0   720   768   106   153    76   206 0.76 -
NW_025965222.1_RagTag:185086-183102   -            116 3096at314147         -           1090    0.0022   11.8   0.0   1   1     3e-05    0.0022   11.8   0.0   730   790     3    62     1   102 0.82 -
NW_025965352.1_RagTag:102445-103867   -            274 3096at314147         -           1090    0.0062   10.4   0.0   1   1   0.00012    0.0086    9.9   0.0   582   775    60   268    46   272 0.66 -
NW_025965334.1_RagTag:171576-171430   -             49 3096at314147         -           1090    0.0068   10.2   0.0   1   1   9.8e-05    0.0072   10.2   0.0   729   771     5    46     3    49 0.83 -
#
# Program:         hmmsearch
# Version:         3.1b2 (February 2015)
# Pipeline mode:   SEARCH
# Query file:      /home/bgerda/guppy_SUP/busco_downloads/lineages/glires_odb10/hmms/3096at314147.hmm
# Target file:     /home/bgerda/guppy_SUP/busco_results_racon/run_glires_odb10/metaeuk_output/rerun_results/ragtag.scaffold.fasta.modified.fas
# Option settings: hmmsearch --domtblout /home/bgerda/guppy_SUP/busco_results_racon/run_glires_odb10/hmmer_output/rerun_results/3096at314147.out --cpu 1 /home/bgerda/guppy_SUP/busco_downloads/lineages/glires_odb10/hmms/3096at314147.hmm /home/bgerda/guppy_SUP/busco_results_racon/run_glires_odb10/metaeuk_output/rerun_results/ragtag.scaffold.fasta.modified.fas 
# Current dir:     /home/bgerda/guppy_SUP
# Date:            Sun May 21 17:29:48 2023
# [ok]
