#                                                                                             --- full sequence --- -------------- this domain -------------   hmm coord   ali coord   env coord
# target name                         accession   tlen query name           accession   qlen   E-value  score  bias   #  of  c-Evalue  i-Evalue  score  bias  from    to  from    to  from    to  acc description of target
#                 ------------------- ---------- ----- -------------------- ---------- ----- --------- ------ ----- --- --- --------- --------- ------ ----- ----- ----- ----- ----- ----- ----- ---- ---------------------
NW_025965177.1_RagTag:229533-229225   -            103 34099at314147        -            226   4.2e-18   62.0   1.2   1   1   3.4e-20   5.3e-18   61.7   1.2    95   154    47   103    32   103 0.89 -
NW_025965275.1_RagTag:420401-420210   -             64 34099at314147        -            226   2.4e-16   56.2   2.7   1   1   1.8e-18   2.8e-16   56.0   2.7   101   157     5    61     2    63 0.96 -
NW_025965324.1_RagTag:2915185-2915394 -             70 34099at314147        -            226   5.2e-16   55.2   1.3   1   1   4.1e-18   6.3e-16   54.9   1.3   101   157     7    63     3    67 0.96 -
NW_025965284.1_RagTag:345181-345417   -             79 34099at314147        -            226   5.8e-15   51.7   0.9   1   1   4.1e-17   6.4e-15   51.6   0.9    86   150    17    79     3    79 0.83 -
NW_025965324.1_RagTag:2927304-2928146 -            184 34099at314147        -            226   3.1e-14   49.3   0.2   1   1   2.6e-16     4e-14   49.0   0.2   103   158    88   143    64   157 0.91 -
NW_025965228.1_RagTag:17095-16619     -             74 34099at314147        -            226   1.7e-13   46.9   2.1   1   1   1.2e-15   1.9e-13   46.7   2.1    94   157     7    70     3    73 0.95 -
NW_025965309.1_RagTag:3204112-3203780 -            111 34099at314147        -            226   8.1e-06   21.8   0.0   1   1   6.6e-08     1e-05   21.5   0.0   134   159     7    32     2    53 0.85 -
NW_025965266.1_RagTag:206462-207725   -            126 34099at314147        -            226   3.6e-05   19.7   0.1   1   1   2.7e-07   4.2e-05   19.5   0.1   100   140    85   125    46   126 0.78 -
NW_025965218.1_RagTag:1315724-1313338 -            219 34099at314147        -            226    0.0041   12.9   0.4   1   1   3.6e-05    0.0055   12.5   0.4    98   170    84   155    64   191 0.72 -
#
# Program:         hmmsearch
# Version:         3.1b2 (February 2015)
# Pipeline mode:   SEARCH
# Query file:      /home/bgerda/guppy_SUP/busco_downloads/lineages/glires_odb10/hmms/34099at314147.hmm
# Target file:     /home/bgerda/guppy_SUP/busco_results_racon/run_glires_odb10/metaeuk_output/rerun_results/ragtag.scaffold.fasta.modified.fas
# Option settings: hmmsearch --domtblout /home/bgerda/guppy_SUP/busco_results_racon/run_glires_odb10/hmmer_output/rerun_results/34099at314147.out --cpu 1 /home/bgerda/guppy_SUP/busco_downloads/lineages/glires_odb10/hmms/34099at314147.hmm /home/bgerda/guppy_SUP/busco_results_racon/run_glires_odb10/metaeuk_output/rerun_results/ragtag.scaffold.fasta.modified.fas 
# Current dir:     /home/bgerda/guppy_SUP
# Date:            Sun May 21 17:29:57 2023
# [ok]
