#                                                                                             --- full sequence --- -------------- this domain -------------   hmm coord   ali coord   env coord
# target name                         accession   tlen query name           accession   qlen   E-value  score  bias   #  of  c-Evalue  i-Evalue  score  bias  from    to  from    to  from    to  acc description of target
#                 ------------------- ---------- ----- -------------------- ---------- ----- --------- ------ ----- --- --- --------- --------- ------ ----- ----- ----- ----- ----- ----- ----- ---- ---------------------
NW_025965440.1_RagTag:12616-13782     -            389 34290at314147        -            207  5.4e-152  499.6 140.7   1  12   2.2e-15   4.8e-14   48.9   1.7   126   183     3    60     1    61 0.97 -
NW_025965440.1_RagTag:12616-13782     -            389 34290at314147        -            207  5.4e-152  499.6 140.7   2  12   4.8e-20   1.1e-18   64.2   7.3   113   183    44   116    43   117 0.96 -
NW_025965440.1_RagTag:12616-13782     -            389 34290at314147        -            207  5.4e-152  499.6 140.7   3  12   1.7e-16   3.7e-15   52.6   5.6   126   183    87   144    86   145 0.98 -
NW_025965440.1_RagTag:12616-13782     -            389 34290at314147        -            207  5.4e-152  499.6 140.7   4  12   1.7e-17   3.8e-16   55.8   3.4   124   182   113   171   112   172 0.97 -
NW_025965440.1_RagTag:12616-13782     -            389 34290at314147        -            207  5.4e-152  499.6 140.7   5  12   1.1e-17   2.5e-16   56.4   2.9   124   183   141   200   140   201 0.96 -
NW_025965440.1_RagTag:12616-13782     -            389 34290at314147        -            207  5.4e-152  499.6 140.7   6  12   3.4e-17   7.4e-16   54.9   4.8   123   183   168   228   167   229 0.97 -
NW_025965440.1_RagTag:12616-13782     -            389 34290at314147        -            207  5.4e-152  499.6 140.7   7  12   7.7e-18   1.7e-16   57.0   5.2   123   183   196   256   194   257 0.97 -
NW_025965440.1_RagTag:12616-13782     -            389 34290at314147        -            207  5.4e-152  499.6 140.7   8  12   9.4e-17   2.1e-15   53.4   5.8   126   183   227   284   227   285 0.98 -
NW_025965440.1_RagTag:12616-13782     -            389 34290at314147        -            207  5.4e-152  499.6 140.7   9  12   4.2e-17   9.3e-16   54.5   5.7   124   183   253   312   252   313 0.96 -
NW_025965440.1_RagTag:12616-13782     -            389 34290at314147        -            207  5.4e-152  499.6 140.7  10  12   1.1e-16   2.4e-15   53.2   5.8   124   183   281   340   280   341 0.96 -
NW_025965440.1_RagTag:12616-13782     -            389 34290at314147        -            207  5.4e-152  499.6 140.7  11  12   8.8e-15   1.9e-13   47.0   4.2   116   170   299   355   299   356 0.82 -
NW_025965440.1_RagTag:12616-13782     -            389 34290at314147        -            207  5.4e-152  499.6 140.7  12  12   4.1e-16   9.1e-15   51.3   2.1   124   175   337   388   336   389 0.96 -
NW_025965271.1_RagTag:496368-615075   -            290 34290at314147        -            207  1.4e-112  370.8  95.0   1   9   6.2e-16   1.4e-14   50.7   2.3   126   183     3    60     1    61 0.96 -
NW_025965271.1_RagTag:496368-615075   -            290 34290at314147        -            207  1.4e-112  370.8  95.0   2   9   6.5e-17   1.4e-15   53.9   3.0   129   183    34    88    34    89 0.99 -
NW_025965271.1_RagTag:496368-615075   -            290 34290at314147        -            207  1.4e-112  370.8  95.0   3   9   7.5e-18   1.7e-16   57.0   3.5   123   183    56   116    54   117 0.97 -
NW_025965271.1_RagTag:496368-615075   -            290 34290at314147        -            207  1.4e-112  370.8  95.0   4   9   1.9e-17   4.2e-16   55.7   4.9   123   183    84   144    83   145 0.97 -
NW_025965271.1_RagTag:496368-615075   -            290 34290at314147        -            207  1.4e-112  370.8  95.0   5   9     1e-16   2.3e-15   53.3   6.6   123   183   112   172   111   174 0.96 -
NW_025965271.1_RagTag:496368-615075   -            290 34290at314147        -            207  1.4e-112  370.8  95.0   6   9   3.6e-17   7.9e-16   54.8   4.4   124   183   141   200   140   201 0.96 -
NW_025965271.1_RagTag:496368-615075   -            290 34290at314147        -            207  1.4e-112  370.8  95.0   7   9     8e-19   1.8e-17   60.2   3.4   123   183   168   228   167   229 0.97 -
NW_025965271.1_RagTag:496368-615075   -            290 34290at314147        -            207  1.4e-112  370.8  95.0   8   9     8e-17   1.8e-15   53.6   3.4   126   183   199   256   199   256 0.98 -
NW_025965271.1_RagTag:496368-615075   -            290 34290at314147        -            207  1.4e-112  370.8  95.0   9   9   1.5e-11   3.4e-10   36.4   1.3   124   161   253   290   252   290 0.96 -
contig_52188_pilon:954-280            -            225 34290at314147        -            207   1.1e-79  263.4  60.2   1   6   7.7e-19   1.7e-17   60.2   4.7   123   183     5    65     1    67 0.95 -
contig_52188_pilon:954-280            -            225 34290at314147        -            207   1.1e-79  263.4  60.2   2   6   1.6e-17   3.4e-16   56.0   5.0   123   183    61   121    60   122 0.97 -
contig_52188_pilon:954-280            -            225 34290at314147        -            207   1.1e-79  263.4  60.2   3   6   5.3e-17   1.2e-15   54.2   4.6   126   183    92   149    91   150 0.98 -
contig_52188_pilon:954-280            -            225 34290at314147        -            207   1.1e-79  263.4  60.2   4   6   1.7e-17   3.7e-16   55.8   2.1   123   183   117   177   116   178 0.81 -
contig_52188_pilon:954-280            -            225 34290at314147        -            207   1.1e-79  263.4  60.2   5   6   4.9e-16   1.1e-14   51.1   0.9   123   170   145   192   143   193 0.95 -
contig_52188_pilon:954-280            -            225 34290at314147        -            207   1.1e-79  263.4  60.2   6   6   1.8e-15     4e-14   49.2   4.5   126   174   176   224   176   225 0.98 -
contig_36320_pilon:719-1438           -            240 34290at314147        -            207   8.1e-75  247.5  77.4   1   6     1e-15   2.2e-14   50.1   5.2   123   183     5    65     1    65 0.96 -
contig_36320_pilon:719-1438           -            240 34290at314147        -            207   8.1e-75  247.5  77.4   2   6   1.2e-15   2.5e-14   49.9   5.2   126   183    36    93    36    93 0.98 -
contig_36320_pilon:719-1438           -            240 34290at314147        -            207   8.1e-75  247.5  77.4   3   6   1.6e-16   3.4e-15   52.7   6.5   124   183    62   121    61   122 0.96 -
contig_36320_pilon:719-1438           -            240 34290at314147        -            207   8.1e-75  247.5  77.4   4   6   1.2e-15   2.6e-14   49.8   5.4   123   180    89   146    88   147 0.95 -
contig_36320_pilon:719-1438           -            240 34290at314147        -            207   8.1e-75  247.5  77.4   5   6   3.4e-17   7.4e-16   54.9   6.8   124   183   118   177   117   178 0.96 -
contig_36320_pilon:719-1438           -            240 34290at314147        -            207   8.1e-75  247.5  77.4   6   6   2.4e-17   5.4e-16   55.3   8.3   123   188   173   239   172   240 0.95 -
contig_64050_pilon:909-1490           -            194 34290at314147        -            207   1.3e-71  237.0  55.0   1   6   1.9e-12   4.3e-11   39.3   1.6   123   162     4    43     2    43 0.96 -
contig_64050_pilon:909-1490           -            194 34290at314147        -            207   1.3e-71  237.0  55.0   2   6   5.2e-18   1.1e-16   57.5   2.8   126   183    35    92    34    92 0.98 -
contig_64050_pilon:909-1490           -            194 34290at314147        -            207   1.3e-71  237.0  55.0   3   6   1.3e-17   2.8e-16   56.2   5.4   126   183    63   120    63   121 0.98 -
contig_64050_pilon:909-1490           -            194 34290at314147        -            207   1.3e-71  237.0  55.0   4   6   3.3e-16   7.2e-15   51.6   4.5   126   183    91   148    91   149 0.98 -
contig_64050_pilon:909-1490           -            194 34290at314147        -            207   1.3e-71  237.0  55.0   5   6   7.2e-14   1.6e-12   44.0   1.3   123   170   116   163   115   164 0.95 -
contig_64050_pilon:909-1490           -            194 34290at314147        -            207   1.3e-71  237.0  55.0   6   6   1.1e-15   2.5e-14   49.9   1.6   123   173   144   194   143   194 0.95 -
NW_025965432.1_RagTag:502315-503175   -            287 34290at314147        -            207     5e-69  228.6  63.3   1   6   1.4e-18     3e-17   59.4   8.8   119   198     6    86     1    87 0.94 -
NW_025965432.1_RagTag:502315-503175   -            287 34290at314147        -            207     5e-69  228.6  63.3   2   6   9.8e-15   2.2e-13   46.8   2.2   115   170    56   113    55   114 0.92 -
NW_025965432.1_RagTag:502315-503175   -            287 34290at314147        -            207     5e-69  228.6  63.3   3   6   7.6e-15   1.7e-13   47.2   2.9   123   182    94   153    94   154 0.95 -
NW_025965432.1_RagTag:502315-503175   -            287 34290at314147        -            207     5e-69  228.6  63.3   4   6     4e-14   8.8e-13   44.8   2.4   113   170   138   197   137   198 0.94 -
NW_025965432.1_RagTag:502315-503175   -            287 34290at314147        -            207     5e-69  228.6  63.3   5   6   4.9e-14   1.1e-12   44.5   6.3   126   183   181   238   181   239 0.98 -
NW_025965432.1_RagTag:502315-503175   -            287 34290at314147        -            207     5e-69  228.6  63.3   6   6   5.1e-16   1.1e-14   51.0   1.9   121   175   232   286   227   287 0.92 -
contig_52188_pilon:1642-1031          -            204 34290at314147        -            207   1.1e-68  227.4  57.2   1   6   1.9e-09   4.1e-08   29.6   0.4   142   170     1    29     1    30 0.97 -
contig_52188_pilon:1642-1031          -            204 34290at314147        -            207   1.1e-68  227.4  57.2   2   6     1e-17   2.3e-16   56.6   5.5   126   183    13    70    13    71 0.98 -
contig_52188_pilon:1642-1031          -            204 34290at314147        -            207   1.1e-68  227.4  57.2   3   6   4.1e-17     9e-16   54.6   3.8   123   183    66   126    62   127 0.96 -
contig_52188_pilon:1642-1031          -            204 34290at314147        -            207   1.1e-68  227.4  57.2   4   6   8.2e-17   1.8e-15   53.6   3.4   126   183    97   154    97   154 0.98 -
contig_52188_pilon:1642-1031          -            204 34290at314147        -            207   1.1e-68  227.4  57.2   5   6   1.1e-14   2.5e-13   46.6   1.8   124   170   123   169   122   170 0.96 -
contig_52188_pilon:1642-1031          -            204 34290at314147        -            207   1.1e-68  227.4  57.2   6   6   4.8e-15     1e-13   47.8   5.0   126   175   153   202   153   204 0.98 -
contig_10836_pilon:82-696             -            205 34290at314147        -            207   3.3e-62  206.3  58.1   1   6   1.2e-10   2.5e-09   33.5   0.4   142   183     1    42     1    43 0.97 -
contig_10836_pilon:82-696             -            205 34290at314147        -            207   3.3e-62  206.3  58.1   2   6   9.6e-18   2.1e-16   56.6   8.7   115   197    28   113    28   114 0.93 -
contig_10836_pilon:82-696             -            205 34290at314147        -            207   3.3e-62  206.3  58.1   3   6   8.1e-10   1.8e-08   30.8   0.9   142   183    85   126    84   127 0.96 -
contig_10836_pilon:82-696             -            205 34290at314147        -            207   3.3e-62  206.3  58.1   4   6   5.3e-15   1.2e-13   47.7   4.4   123   183    94   154    93   155 0.96 -
contig_10836_pilon:82-696             -            205 34290at314147        -            207   3.3e-62  206.3  58.1   5   6   1.4e-15   3.1e-14   49.6   2.2   123   170   122   169   120   169 0.95 -
contig_10836_pilon:82-696             -            205 34290at314147        -            207   3.3e-62  206.3  58.1   6   6   2.6e-15   5.8e-14   48.7   5.0   124   175   151   202   150   205 0.93 -
NW_025965250.1_RagTag:47411-46794     -            206 34290at314147        -            207   7.9e-60  198.5  37.2   1   6   2.4e-11   5.3e-10   35.7   0.3   142   182     2    42     1    44 0.97 -
NW_025965250.1_RagTag:47411-46794     -            206 34290at314147        -            207   7.9e-60  198.5  37.2   2   6     5e-16   1.1e-14   51.0   1.4   126   183    42    99    41    99 0.98 -
NW_025965250.1_RagTag:47411-46794     -            206 34290at314147        -            207   7.9e-60  198.5  37.2   3   6   1.6e-16   3.5e-15   52.7   1.2   126   183    70   127    69   128 0.98 -
NW_025965250.1_RagTag:47411-46794     -            206 34290at314147        -            207   7.9e-60  198.5  37.2   4   6   2.7e-11   5.9e-10   35.6   0.4   126   166    98   138    97   139 0.94 -
NW_025965250.1_RagTag:47411-46794     -            206 34290at314147        -            207   7.9e-60  198.5  37.2   5   6     8e-17   1.8e-15   53.6   3.7   123   183   123   183   120   184 0.96 -
NW_025965250.1_RagTag:47411-46794     -            206 34290at314147        -            207   7.9e-60  198.5  37.2   6   6   9.2e-08     2e-06   24.0   0.1   116   150   172   206   171   206 0.72 -
NW_025965375.1_RagTag:139175-138555   -            207 34290at314147        -            207   1.2e-59  198.0  39.5   1   5   6.8e-12   1.5e-10   37.5   0.3   142   183     3    44     1    45 0.94 -
NW_025965375.1_RagTag:139175-138555   -            207 34290at314147        -            207   1.2e-59  198.0  39.5   2   5   2.4e-17   5.4e-16   55.3   1.3   115   170    30    87    29    89 0.94 -
NW_025965375.1_RagTag:139175-138555   -            207 34290at314147        -            207   1.2e-59  198.0  39.5   3   5   2.2e-17   4.9e-16   55.5   2.5   126   183    71   128    71   129 0.98 -
NW_025965375.1_RagTag:139175-138555   -            207 34290at314147        -            207   1.2e-59  198.0  39.5   4   5   2.9e-17   6.4e-16   55.1   3.6   114   175   113   176   112   179 0.93 -
NW_025965375.1_RagTag:139175-138555   -            207 34290at314147        -            207   1.2e-59  198.0  39.5   5   5   2.4e-13   5.4e-12   42.3   3.5   126   175   155   204   154   207 0.95 -
NW_025965250.1_RagTag:230423-229599   -            275 34290at314147        -            207   1.8e-59  197.4  65.4   1   6   9.4e-17   2.1e-15   53.4   4.6   123   192     2    72     1    74 0.94 -
NW_025965250.1_RagTag:230423-229599   -            275 34290at314147        -            207   1.8e-59  197.4  65.4   2   6   3.8e-14   8.3e-13   44.9   4.6   124   183    59   118    58   119 0.96 -
NW_025965250.1_RagTag:230423-229599   -            275 34290at314147        -            207   1.8e-59  197.4  65.4   3   6   2.1e-08   4.6e-07   26.2   4.3   129   170    92   133    91   135 0.95 -
NW_025965250.1_RagTag:230423-229599   -            275 34290at314147        -            207   1.8e-59  197.4  65.4   4   6   7.3e-16   1.6e-14   50.5   8.7   124   198   115   190   114   190 0.95 -
NW_025965250.1_RagTag:230423-229599   -            275 34290at314147        -            207   1.8e-59  197.4  65.4   5   6   2.4e-14   5.4e-13   45.5   4.4   123   184   170   231   168   232 0.96 -
NW_025965250.1_RagTag:230423-229599   -            275 34290at314147        -            207   1.8e-59  197.4  65.4   6   6   5.3e-13   1.2e-11   41.2   0.6   123   171   226   274   225   275 0.96 -
NW_025965182.1_RagTag:1639771-1640832 -            354 34290at314147        -            207   8.3e-56  185.4  44.2   1   6   3.1e-09   6.9e-08   28.8   0.3   129   194     1    67     1    70 0.82 -
NW_025965182.1_RagTag:1639771-1640832 -            354 34290at314147        -            207   8.3e-56  185.4  44.2   2   6     9e-10     2e-08   30.6   0.5   127   183    55   111    47   112 0.91 -
NW_025965182.1_RagTag:1639771-1640832 -            354 34290at314147        -            207   8.3e-56  185.4  44.2   3   6   8.5e-15   1.9e-13   47.0   7.0   114   198    70   155    64   163 0.91 -
NW_025965182.1_RagTag:1639771-1640832 -            354 34290at314147        -            207   8.3e-56  185.4  44.2   4   6     2e-16   4.4e-15   52.3   7.2   117   198   157   239   154   245 0.90 -
NW_025965182.1_RagTag:1639771-1640832 -            354 34290at314147        -            207   8.3e-56  185.4  44.2   5   6   4.9e-15   1.1e-13   47.8   7.3    98   183   220   307   218   307 0.88 -
NW_025965182.1_RagTag:1639771-1640832 -            354 34290at314147        -            207   8.3e-56  185.4  44.2   6   6   3.5e-11   7.8e-10   35.2   3.2   118   173   298   353   296   354 0.93 -
contig_33351_pilon:17-583             -            189 34290at314147        -            207   5.1e-51  169.7  32.0   1   4   9.3e-18     2e-16   56.7   2.8   126   183     1    58     1    59 0.98 -
contig_33351_pilon:17-583             -            189 34290at314147        -            207   5.1e-51  169.7  32.0   2   4   2.6e-17   5.8e-16   55.2   3.3   123   183    54   114    54   115 0.97 -
contig_33351_pilon:17-583             -            189 34290at314147        -            207   5.1e-51  169.7  32.0   3   4   2.9e-15   6.5e-14   48.5   1.5   124   170   111   157   110   158 0.95 -
contig_33351_pilon:17-583             -            189 34290at314147        -            207   5.1e-51  169.7  32.0   4   4   1.8e-14   3.9e-13   46.0   1.9   126   174   141   189   140   189 0.97 -
NW_025965235.1_RagTag:117217-116603   -            205 34290at314147        -            207   1.6e-48  161.6  28.8   1   3   8.2e-20   1.8e-18   63.4   2.1   122   183     9    70     1    71 0.92 -
NW_025965235.1_RagTag:117217-116603   -            205 34290at314147        -            207   1.6e-48  161.6  28.8   2   3   3.8e-17   8.5e-16   54.7   2.3   123   183    66   126    64   127 0.96 -
NW_025965235.1_RagTag:117217-116603   -            205 34290at314147        -            207   1.6e-48  161.6  28.8   3   3   5.3e-19   1.2e-17   60.8  10.6    96   175   121   202   121   205 0.95 -
contig_28105_pilon:1415-840           -            192 34290at314147        -            207     7e-48  159.5  40.0   1   4   1.1e-13   2.5e-12   43.3   6.2   123   197     4    79     1    79 0.94 -
contig_28105_pilon:1415-840           -            192 34290at314147        -            207     7e-48  159.5  40.0   2   4   1.2e-13   2.6e-12   43.3   2.7   123   182    60   119    58   121 0.96 -
contig_28105_pilon:1415-840           -            192 34290at314147        -            207     7e-48  159.5  40.0   3   4   5.6e-14   1.2e-12   44.4   1.6   123   172    88   137    86   138 0.94 -
contig_28105_pilon:1415-840           -            192 34290at314147        -            207     7e-48  159.5  40.0   4   4   1.5e-20   3.3e-19   65.8   6.3   123   198   116   192   115   192 0.97 -
NW_025965250.1_RagTag:8860-9492       -            211 34290at314147        -            207   4.7e-47  156.8  35.6   1   4   2.6e-10   5.8e-09   32.4   0.8   136   182     2    48     1    48 0.95 -
NW_025965250.1_RagTag:8860-9492       -            211 34290at314147        -            207   4.7e-47  156.8  35.6   2   4   3.1e-12   6.9e-11   38.6   2.2   109   157    29    79    27    79 0.93 -
NW_025965250.1_RagTag:8860-9492       -            211 34290at314147        -            207   4.7e-47  156.8  35.6   3   4   4.1e-19     9e-18   61.1   4.3   124   196    74   147    73   148 0.92 -
NW_025965250.1_RagTag:8860-9492       -            211 34290at314147        -            207   4.7e-47  156.8  35.6   4   4     3e-19   6.5e-18   61.6   6.0    92   175   124   209   122   211 0.93 -
NW_025965436.1_RagTag:1702-734        -            323 34290at314147        -            207   1.5e-43  145.3  69.5   1   5   1.5e-06   3.3e-05   20.1  12.9   100   183     1    80     1    81 0.79 -
NW_025965436.1_RagTag:1702-734        -            323 34290at314147        -            207   1.5e-43  145.3  69.5   2   5   3.5e-09   7.7e-08   28.7   3.3   126   170    79   123    76   125 0.94 -
NW_025965436.1_RagTag:1702-734        -            323 34290at314147        -            207   1.5e-43  145.3  69.5   3   5   1.9e-10   4.2e-09   32.8   7.8   140   197   121   179   116   186 0.89 -
NW_025965436.1_RagTag:1702-734        -            323 34290at314147        -            207   1.5e-43  145.3  69.5   4   5   1.8e-16   4.1e-15   52.4  17.7    96   198   159   264   157   265 0.92 -
NW_025965436.1_RagTag:1702-734        -            323 34290at314147        -            207   1.5e-43  145.3  69.5   5   5   6.6e-14   1.5e-12   44.1  12.5   123   199   244   321   243   323 0.96 -
contig_59446_pilon:259-795            -            179 34290at314147        -            207     2e-42  141.7  29.9   1   3   8.4e-17   1.9e-15   53.6   9.5   123   183    12    72     1    73 0.90 -
contig_59446_pilon:259-795            -            179 34290at314147        -            207     2e-42  141.7  29.9   2   3   6.1e-18   1.4e-16   57.3   4.2   123   183    68   128    67   129 0.97 -
contig_59446_pilon:259-795            -            179 34290at314147        -            207     2e-42  141.7  29.9   3   3   5.9e-15   1.3e-13   47.5   1.9   124   175   125   176   124   179 0.94 -
NW_025965190.1_RagTag:118103-118654   -            184 34290at314147        -            207   2.8e-42  141.2  19.5   1   4   3.3e-16   7.3e-15   51.6   1.1   129   183     2    56     1    57 0.98 -
NW_025965190.1_RagTag:118103-118654   -            184 34290at314147        -            207   2.8e-42  141.2  19.5   2   4   3.1e-15   6.8e-14   48.5   2.3   126   183    55   112    54   113 0.98 -
NW_025965190.1_RagTag:118103-118654   -            184 34290at314147        -            207   2.8e-42  141.2  19.5   3   4   5.9e-09   1.3e-07   27.9   0.2   123   157   108   142   106   142 0.95 -
NW_025965190.1_RagTag:118103-118654   -            184 34290at314147        -            207   2.8e-42  141.2  19.5   4   4   1.8e-12   3.9e-11   39.4   0.7   123   170   136   183   136   184 0.94 -
NW_025965215.1_RagTag:22972-21674     -            433 34290at314147        -            207   1.1e-41  139.2  25.9   1   3   6.6e-22   1.4e-20   70.3   5.2   125   200   245   320   236   326 0.95 -
NW_025965215.1_RagTag:22972-21674     -            433 34290at314147        -            207   1.1e-41  139.2  25.9   2   3   2.4e-14   5.3e-13   45.6   1.8   121   183   324   386   319   387 0.93 -
NW_025965215.1_RagTag:22972-21674     -            433 34290at314147        -            207   1.1e-41  139.2  25.9   3   3   5.1e-12   1.1e-10   38.0   4.6   123   174   382   433   382   433 0.95 -
NW_025965289.1_RagTag:78419-78979     -            187 34290at314147        -            207   6.3e-41  136.8  34.0   1   4   5.2e-17   1.1e-15   54.3   6.9   126   191     1    67     1    68 0.96 -
NW_025965289.1_RagTag:78419-78979     -            187 34290at314147        -            207   6.3e-41  136.8  34.0   2   4   9.2e-14     2e-12   43.6   4.2   129   182    60   113    60   114 0.98 -
NW_025965289.1_RagTag:78419-78979     -            187 34290at314147        -            207   6.3e-41  136.8  34.0   3   4   8.6e-11   1.9e-09   33.9   2.8   123   170   110   157   107   158 0.94 -
NW_025965289.1_RagTag:78419-78979     -            187 34290at314147        -            207   6.3e-41  136.8  34.0   4   4   4.7e-11     1e-09   34.8   4.2   123   170   138   185   137   187 0.96 -
NW_025965341.1_RagTag:124400-123816   -            195 34290at314147        -            207   3.9e-40  134.2  27.6   1   4   1.4e-08     3e-07   26.7   0.5   142   182     1    41     1    42 0.67 -
NW_025965341.1_RagTag:124400-123816   -            195 34290at314147        -            207   3.9e-40  134.2  27.6   2   4   2.1e-17   4.7e-16   55.5   3.7   115   183    28    98    26    99 0.93 -
NW_025965341.1_RagTag:124400-123816   -            195 34290at314147        -            207   3.9e-40  134.2  27.6   3   4   1.3e-14   2.8e-13   46.5   2.2   123   182    94   153    93   155 0.96 -
NW_025965341.1_RagTag:124400-123816   -            195 34290at314147        -            207   3.9e-40  134.2  27.6   4   4   4.5e-11     1e-09   34.8   4.6   118   167   143   194   141   195 0.86 -
NW_025965127.1_RagTag:114163-113654   -            170 34290at314147        -            207   7.2e-40  133.3  16.9   1   3   2.1e-17   4.7e-16   55.5   1.6   122   182     6    66     2    67 0.96 -
NW_025965127.1_RagTag:114163-113654   -            170 34290at314147        -            207   7.2e-40  133.3  16.9   2   3   6.5e-14   1.4e-12   44.1   3.1   118   182    56   122    54   122 0.71 -
NW_025965127.1_RagTag:114163-113654   -            170 34290at314147        -            207   7.2e-40  133.3  16.9   3   3   5.3e-16   1.2e-14   51.0   1.9   122   173   118   169   112   170 0.89 -
NW_025965301.1_RagTag:101568-100954   -            205 34290at314147        -            207   1.2e-39  132.6  20.0   1   3   1.1e-10   2.4e-09   33.6   0.6   142   198     5    63     1    67 0.80 -
NW_025965301.1_RagTag:101568-100954   -            205 34290at314147        -            207   1.2e-39  132.6  20.0   2   3   7.6e-22   1.7e-20   70.0   3.5   117   200    65   149    64   150 0.96 -
NW_025965301.1_RagTag:101568-100954   -            205 34290at314147        -            207   1.2e-39  132.6  20.0   3   3     1e-15   2.2e-14   50.1   5.8   123   198   127   202   125   202 0.94 -
contig_78026_pilon:1103-2245          -            381 34290at314147        -            207   7.4e-39  130.0  44.3   1   5   9.4e-09   2.1e-07   27.3   4.5   100   173     1    80     1    85 0.82 -
contig_78026_pilon:1103-2245          -            381 34290at314147        -            207   7.4e-39  130.0  44.3   2   5     5e-09   1.1e-07   28.2   6.5    98   175    30   114    30   122 0.86 -
contig_78026_pilon:1103-2245          -            381 34290at314147        -            207   7.4e-39  130.0  44.3   3   5   4.7e-14     1e-12   44.6   7.8    94   175   146   229   118   239 0.82 -
contig_78026_pilon:1103-2245          -            381 34290at314147        -            207   7.4e-39  130.0  44.3   4   5   6.1e-12   1.4e-10   37.7   3.1   125   182   274   331   259   332 0.94 -
contig_78026_pilon:1103-2245          -            381 34290at314147        -            207   7.4e-39  130.0  44.3   5   5     7e-10   1.5e-08   31.0   3.0   120   175   325   380   322   381 0.93 -
NW_025965341.1_RagTag:72137-72748     -            204 34290at314147        -            207   1.2e-38  129.3  32.9   1   3   2.2e-08   4.8e-07   26.1   2.2   142   199     1    59     1    60 0.92 -
NW_025965341.1_RagTag:72137-72748     -            204 34290at314147        -            207   1.2e-38  129.3  32.9   2   3   2.7e-22   5.9e-21   71.5   9.5    98   200    39   144    37   150 0.94 -
NW_025965341.1_RagTag:72137-72748     -            204 34290at314147        -            207   1.2e-38  129.3  32.9   3   3     8e-18   1.8e-16   56.9   5.7   123   198   122   198   122   203 0.96 -
NW_025965215.1_RagTag:338153-337497   -            219 34290at314147        -            207   2.8e-37  124.8  32.8   1   4   7.6e-05    0.0017   14.5   0.0   126   154     1    29     1    42 0.90 -
NW_025965215.1_RagTag:338153-337497   -            219 34290at314147        -            207   2.8e-37  124.8  32.8   2   4   2.4e-15   5.4e-14   48.8   5.5    95   188    52   148    42   152 0.87 -
NW_025965215.1_RagTag:338153-337497   -            219 34290at314147        -            207   2.8e-37  124.8  32.8   3   4   5.8e-14   1.3e-12   44.3   2.3   126   183   113   170   113   170 0.98 -
NW_025965215.1_RagTag:338153-337497   -            219 34290at314147        -            207   2.8e-37  124.8  32.8   4   4   3.5e-15   7.7e-14   48.3   8.8   103   174   144   216   143   219 0.49 -
contig_18339_pilon:495-968            -            158 34290at314147        -            207   2.3e-35  118.6  25.2   1   3   1.6e-12   3.6e-11   39.6   2.5   137   183    21    67     7    68 0.91 -
contig_18339_pilon:495-968            -            158 34290at314147        -            207   2.3e-35  118.6  25.2   2   3   6.9e-19   1.5e-17   60.4   7.4   122   183    62   123    56   124 0.93 -
contig_18339_pilon:495-968            -            158 34290at314147        -            207   2.3e-35  118.6  25.2   3   3     5e-12   1.1e-10   38.0   1.9   124   162   120   158   119   158 0.96 -
NW_025965022.1_RagTag:243066-242485   -            194 34290at314147        -            207   6.9e-35  117.0  20.3   1   3   5.8e-15   1.3e-13   47.6   5.1   122   180     7    65     1    73 0.87 -
NW_025965022.1_RagTag:243066-242485   -            194 34290at314147        -            207   6.9e-35  117.0  20.3   2   3   1.8e-07   4.1e-06   23.1   0.0   120   175    61   115    57   118 0.86 -
NW_025965022.1_RagTag:243066-242485   -            194 34290at314147        -            207   6.9e-35  117.0  20.3   3   3   1.9e-16   4.3e-15   52.4   6.2   122   196   118   193   115   194 0.94 -
contig_10031_pilon:1322-846           -            159 34290at314147        -            207   6.9e-35  117.0  29.6   1   5    0.0057      0.13    8.4   0.6   144   181     3    40     1    44 0.88 -
contig_10031_pilon:1322-846           -            159 34290at314147        -            207   6.9e-35  117.0  29.6   2   5   1.5e-09   3.2e-08   29.9   1.3   129   163    44    78    41    83 0.92 -
contig_10031_pilon:1322-846           -            159 34290at314147        -            207   6.9e-35  117.0  29.6   3   5   5.5e-12   1.2e-10   37.8   2.4   140   183    82   125    78   126 0.92 -
contig_10031_pilon:1322-846           -            159 34290at314147        -            207   6.9e-35  117.0  29.6   4   5   1.1e-14   2.5e-13   46.6   1.7   126   170    96   140    95   140 0.97 -
contig_10031_pilon:1322-846           -            159 34290at314147        -            207   6.9e-35  117.0  29.6   5   5   4.3e-12   9.6e-11   38.2   2.1   126   161   124   159   123   159 0.98 -
NW_025965230.1_RagTag:860644-860186   -            153 34290at314147        -            207   1.5e-34  116.0  25.2   1   3   5.6e-07   1.2e-05   21.5   0.4   131   170     4    43     2    43 0.93 -
NW_025965230.1_RagTag:860644-860186   -            153 34290at314147        -            207   1.5e-34  116.0  25.2   2   3   2.3e-18   5.1e-17   58.7   4.6   126   197    27    99    26   100 0.97 -
NW_025965230.1_RagTag:860644-860186   -            153 34290at314147        -            207   1.5e-34  116.0  25.2   3   3   2.9e-18   6.4e-17   58.3   6.5   116   194    71   152    70   153 0.93 -
NW_025965317.1_RagTag:1373618-1373070 -            183 34290at314147        -            207   4.6e-34  114.4  25.9   1   3   1.6e-14   3.5e-13   46.1   7.5   123   198     4    80     1    81 0.87 -
NW_025965317.1_RagTag:1373618-1373070 -            183 34290at314147        -            207   4.6e-34  114.4  25.9   2   3   8.4e-17   1.8e-15   53.6   7.7   118   193    81   159    79   161 0.90 -
NW_025965317.1_RagTag:1373618-1373070 -            183 34290at314147        -            207   4.6e-34  114.4  25.9   3   3   6.3e-10   1.4e-08   31.1   0.5   123   161   144   182   144   183 0.95 -
contig_43334_pilon:1147-1967          -            144 34290at314147        -            207   6.7e-34  113.8  30.3   1   3   3.5e-14   7.7e-13   45.0   0.8   137   182     7    52     1    52 0.95 -
contig_43334_pilon:1147-1967          -            144 34290at314147        -            207   6.7e-34  113.8  30.3   2   3   2.2e-16   4.8e-15   52.2   9.2   126   188    24    87    24    89 0.96 -
contig_43334_pilon:1147-1967          -            144 34290at314147        -            207   6.7e-34  113.8  30.3   3   3   1.2e-12   2.7e-11   40.0   5.6   124   170    96   142    95   144 0.94 -
NW_025965374.1_RagTag:79809-77578     -            744 34290at314147        -            207   1.1e-30  103.3  64.7   1   8   2.1e-12   4.7e-11   39.2   4.4   126   182     6    62     3    70 0.92 -
NW_025965374.1_RagTag:79809-77578     -            744 34290at314147        -            207   1.1e-30  103.3  64.7   2   8   5.5e-07   1.2e-05   21.5   2.5   125   200    74   154    66   158 0.81 -
NW_025965374.1_RagTag:79809-77578     -            744 34290at314147        -            207   1.1e-30  103.3  64.7   3   8   4.1e-06     9e-05   18.7   6.2    43   172   153   310   144   314 0.65 -
NW_025965374.1_RagTag:79809-77578     -            744 34290at314147        -            207   1.1e-30  103.3  64.7   4   8     0.044      0.97    5.5   0.2   148   178   323   354   315   382 0.82 -
NW_025965374.1_RagTag:79809-77578     -            744 34290at314147        -            207   1.1e-30  103.3  64.7   5   8   0.00018    0.0039   13.3   9.2    58   192   406   544   374   556 0.67 -
NW_025965374.1_RagTag:79809-77578     -            744 34290at314147        -            207   1.1e-30  103.3  64.7   6   8   6.8e-07   1.5e-05   21.2   7.6    99   200   473   581   468   587 0.74 -
NW_025965374.1_RagTag:79809-77578     -            744 34290at314147        -            207   1.1e-30  103.3  64.7   7   8     4e-08   8.7e-07   25.2  12.9    97   198   529   636   523   645 0.81 -
NW_025965374.1_RagTag:79809-77578     -            744 34290at314147        -            207   1.1e-30  103.3  64.7   8   8         1        22    1.0   0.0   126   146   698   719   691   728 0.84 -
NW_025965341.1_RagTag:44562-43963     -            200 34290at314147        -            207   4.9e-28   94.7  23.5   1   4     3e-08   6.7e-07   25.6   1.1   144   183     1    40     1    41 0.96 -
NW_025965341.1_RagTag:44562-43963     -            200 34290at314147        -            207   4.9e-28   94.7  23.5   2   4   9.3e-06    0.0002   17.5   1.3   125   174    38    87    36    91 0.89 -
NW_025965341.1_RagTag:44562-43963     -            200 34290at314147        -            207   4.9e-28   94.7  23.5   3   4   6.2e-14   1.4e-12   44.2   2.4   121   182    90   151    82   153 0.92 -
NW_025965341.1_RagTag:44562-43963     -            200 34290at314147        -            207   4.9e-28   94.7  23.5   4   4   7.4e-09   1.6e-07   27.6   1.9   123   170   148   195   147   200 0.83 -
contig_81532_pilon:2097-1657          -            147 34290at314147        -            207   2.8e-27   92.2  18.7   1   3     6e-11   1.3e-09   34.5   4.3   126   183    10    69     5    70 0.90 -
contig_81532_pilon:2097-1657          -            147 34290at314147        -            207   2.8e-27   92.2  18.7   2   3   8.8e-14   1.9e-12   43.7   3.1   126   174    68   116    64   117 0.97 -
contig_81532_pilon:2097-1657          -            147 34290at314147        -            207   2.8e-27   92.2  18.7   3   3   6.3e-10   1.4e-08   31.1   0.4   140   175   110   145   108   146 0.94 -
NW_025965442.1_RagTag:49839-49393     -            149 34290at314147        -            207   2.9e-27   92.1  16.5   1   3   3.8e-13   8.5e-12   41.6   4.1   116   176    15    75     3    77 0.92 -
NW_025965442.1_RagTag:49839-49393     -            149 34290at314147        -            207   2.9e-27   92.1  16.5   2   3     9e-11     2e-09   33.9   0.9   140   182    67   109    66   110 0.95 -
NW_025965442.1_RagTag:49839-49393     -            149 34290at314147        -            207   2.9e-27   92.1  16.5   3   3     7e-12   1.5e-10   37.5   1.4   123   165   106   148   104   149 0.93 -
NW_025965127.1_RagTag:114477-114148   -            110 34290at314147        -            207   1.4e-26   89.9   8.0   1   2   3.4e-12   7.6e-11   38.5   0.4   126   170     1    45     1    45 0.96 -
NW_025965127.1_RagTag:114477-114148   -            110 34290at314147        -            207   1.4e-26   89.9   8.0   2   2   4.6e-19     1e-17   61.0   1.9   129   201    32   106    32   110 0.93 -
contig_31119_pilon:1872-1279          -            198 34290at314147        -            207   6.7e-26   87.7  26.3   1   4     8e-08   1.8e-06   24.2   3.0   123   176     3    56     1    59 0.94 -
contig_31119_pilon:1872-1279          -            198 34290at314147        -            207   6.7e-26   87.7  26.3   2   4   1.8e-09   3.9e-08   29.6   2.7   142   195    50   106    50   109 0.81 -
contig_31119_pilon:1872-1279          -            198 34290at314147        -            207   6.7e-26   87.7  26.3   3   4   5.5e-11   1.2e-09   34.6   2.6   123   190    88   156    87   156 0.94 -
contig_31119_pilon:1872-1279          -            198 34290at314147        -            207   6.7e-26   87.7  26.3   4   4   5.3e-11   1.2e-09   34.6   4.4   121   174   142   195   134   197 0.87 -
NW_025965341.1_RagTag:106474-172925   -            257 34290at314147        -            207   2.6e-25   85.8  39.4   1   4   2.3e-12     5e-11   39.1   2.5   140   203     6    70     1    74 0.92 -
NW_025965341.1_RagTag:106474-172925   -            257 34290at314147        -            207   2.6e-25   85.8  39.4   2   4     1e-05   0.00023   17.3   9.8   126   197    48   120    48   120 0.95 -
NW_025965341.1_RagTag:106474-172925   -            257 34290at314147        -            207   2.6e-25   85.8  39.4   3   4   2.4e-17   5.4e-16   55.3  11.3    98   200    74   179    71   186 0.88 -
NW_025965341.1_RagTag:106474-172925   -            257 34290at314147        -            207   2.6e-25   85.8  39.4   4   4       5.8   1.3e+02   -1.4   1.4    53    73   210   229   198   243 0.58 -
NW_025965375.1_RagTag:139930-139190   -            247 34290at314147        -            207   3.8e-24   81.9  26.8   1   3     0.015      0.34    7.0   3.8   133   199    23    90    14    96 0.81 -
NW_025965375.1_RagTag:139930-139190   -            247 34290at314147        -            207   3.8e-24   81.9  26.8   2   3   2.1e-08   4.7e-07   26.1   5.7   125   198    99   173    88   178 0.87 -
NW_025965375.1_RagTag:139930-139190   -            247 34290at314147        -            207   3.8e-24   81.9  26.8   3   3   1.5e-17   3.2e-16   56.1   5.1   124   188   181   246   170   247 0.88 -
NW_025965279.1_RagTag:44846-44427     -            140 34290at314147        -            207     1e-23   80.5  10.4   1   3   1.5e-05   0.00032   16.9   0.1   129   161    25    57    13    57 0.86 -
NW_025965279.1_RagTag:44846-44427     -            140 34290at314147        -            207     1e-23   80.5  10.4   2   3   4.2e-17   9.3e-16   54.6   2.8   124   198    48   123    47   125 0.94 -
NW_025965279.1_RagTag:44846-44427     -            140 34290at314147        -            207     1e-23   80.5  10.4   3   3   4.1e-08   9.1e-07   25.2   0.1   139   175    91   127    86   136 0.91 -
NW_025965233.1_RagTag:186383-188742   -            257 34290at314147        -            207   5.9e-23   78.0  21.5   1   2     5e-14   1.1e-12   44.5   8.5   118   203    93   179    78   186 0.90 -
NW_025965233.1_RagTag:186383-188742   -            257 34290at314147        -            207   5.9e-23   78.0  21.5   2   2   1.8e-12     4e-11   39.4   5.1   124   174   207   257   191   257 0.93 -
NW_025965039.1_RagTag:276298-250448   -            195 34290at314147        -            207     1e-22   77.3  12.6   1   2   9.9e-09   2.2e-07   27.2   0.7   141   183    70   112    42   114 0.89 -
NW_025965039.1_RagTag:276298-250448   -            195 34290at314147        -            207     1e-22   77.3  12.6   2   2   1.1e-11   2.4e-10   36.9   0.9   126   182   111   167   111   167 0.88 -
NW_025965318.1_RagTag:51878-52414     -            179 34290at314147        -            207   4.2e-22   75.3  17.3   1   3   6.2e-11   1.4e-09   34.4   1.8   126   170     1    45     1    46 0.95 -
NW_025965318.1_RagTag:51878-52414     -            179 34290at314147        -            207   4.2e-22   75.3  17.3   2   3   1.6e-15   3.5e-14   49.4   4.9   126   197    29   101    28   110 0.91 -
NW_025965318.1_RagTag:51878-52414     -            179 34290at314147        -            207   4.2e-22   75.3  17.3   3   3   0.00073     0.016   11.3   0.0   125   159    84   118    81   130 0.86 -
NW_025965071.1_RagTag:26271-26759     -            163 34290at314147        -            207   1.2e-20   70.5  21.8   1   3     0.002     0.044    9.9   0.2   144   161     1    18     1    24 0.89 -
NW_025965071.1_RagTag:26271-26759     -            163 34290at314147        -            207   1.2e-20   70.5  21.8   2   3   0.00017    0.0037   13.4   0.3   141   163    25    47    20    57 0.86 -
NW_025965071.1_RagTag:26271-26759     -            163 34290at314147        -            207   1.2e-20   70.5  21.8   3   3   6.7e-17   1.5e-15   53.9  10.8   104   192    70   161    55   163 0.86 -
NW_025965279.1_RagTag:100214-99645    -            190 34290at314147        -            207   4.1e-20   68.8  14.9   1   3     0.065       1.4    4.9   0.2   142   178     2    38     1    60 0.75 -
NW_025965279.1_RagTag:100214-99645    -            190 34290at314147        -            207   4.1e-20   68.8  14.9   2   3     5e-16   1.1e-14   51.0   6.7   117   195    60   138    44   144 0.87 -
NW_025965279.1_RagTag:100214-99645    -            190 34290at314147        -            207   4.1e-20   68.8  14.9   3   3   7.4e-06   0.00016   17.8   0.1   135   162   161   188   140   189 0.85 -
NW_025965432.1_RagTag:501829-502311   -            161 34290at314147        -            207     3e-14   49.6  10.2   1   2   0.00045      0.01   12.0   0.2   124   198     8    83     3    92 0.92 -
NW_025965432.1_RagTag:501829-502311   -            161 34290at314147        -            207     3e-14   49.6  10.2   2   2   2.7e-13   5.9e-12   42.1   8.1    97   194    63   160    60   161 0.87 -
NW_025965200.1_RagTag:16831-17695     -            244 34290at314147        -            207   1.2e-12   44.4   7.2   1   2   0.00021    0.0046   13.1   2.3   122   170   130   177    60   189 0.63 -
NW_025965200.1_RagTag:16831-17695     -            244 34290at314147        -            207   1.2e-12   44.4   7.2   2   2   7.1e-11   1.6e-09   34.2   0.2   128   176   191   241   180   244 0.90 -
NW_025965281.1_RagTag:499506-497614   -            631 34290at314147        -            207   1.7e-12   43.9   6.8   1   2   3.6e-05    0.0008   15.6   1.5   125   172   343   391   335   399 0.84 -
NW_025965281.1_RagTag:499506-497614   -            631 34290at314147        -            207   1.7e-12   43.9   6.8   2   2   7.4e-10   1.6e-08   30.9   0.3    75   174   436   538   405   550 0.82 -
NW_025965028.1_RagTag:335459-336641   -            329 34290at314147        -            207   2.6e-12   43.3   2.3   1   1   1.2e-13   2.6e-12   43.3   2.3   120   184   261   325   251   329 0.91 -
NW_025965344.1_RagTag:898-710         -             63 34290at314147        -            207   1.9e-10   37.2   0.1   1   1   8.8e-12     2e-10   37.2   0.1   129   179    12    62     3    63 0.86 -
NW_025965300.1_RagTag:165512-166000   -            163 34290at314147        -            207   5.4e-10   35.7   0.1   1   1   3.1e-11   6.8e-10   35.4   0.1   124   170   116   162    70   163 0.94 -
NW_025965297.1_RagTag:247529-248653   -            301 34290at314147        -            207     2e-09   33.9   6.8   1   2   8.9e-11     2e-09   33.9   6.8   125   199    73   148    65   160 0.86 -
NW_025965297.1_RagTag:247529-248653   -            301 34290at314147        -            207     2e-09   33.9   6.8   2   2      0.65        14    1.7   0.2   153   174   274   295   262   299 0.85 -
NW_025965054.1_RagTag:36309-35659     -            217 34290at314147        -            207   2.2e-09   33.7  17.1   1   2   4.4e-10   9.7e-09   31.6   7.3   110   179    45   113    17   129 0.82 -
NW_025965054.1_RagTag:36309-35659     -            217 34290at314147        -            207   2.2e-09   33.7  17.1   2   2     0.021      0.47    6.5   2.1   147   192   171   216   146   217 0.86 -
NW_025965324.1_RagTag:640103-637710   -            506 34290at314147        -            207   3.2e-09   33.2   5.5   1   2     6e-10   1.3e-08   31.2   1.4   126   173     1    48     1    54 0.93 -
NW_025965324.1_RagTag:640103-637710   -            506 34290at314147        -            207   3.2e-09   33.2   5.5   2   2      0.37       8.1    2.5   0.0   144   165   290   311   283   325 0.78 -
NW_025965341.1_RagTag:99789-100445    -            219 34290at314147        -            207   2.2e-06   23.9   6.5   1   3    0.0033     0.073    9.2   0.2   146   180    20    52     4    66 0.72 -
NW_025965341.1_RagTag:99789-100445    -            219 34290at314147        -            207   2.2e-06   23.9   6.5   2   3   0.00025    0.0055   12.8   2.6   126   202    28   107    23   115 0.81 -
NW_025965341.1_RagTag:99789-100445    -            219 34290at314147        -            207   2.2e-06   23.9   6.5   3   3   0.00091      0.02   11.0   0.1    93   121   162   190   149   216 0.77 -
NW_025965375.1_RagTag:125958-125506   -            151 34290at314147        -            207   6.9e-06   22.3   9.5   1   2   2.4e-06   5.3e-05   19.4   4.3   138   198    34    94    29   101 0.87 -
NW_025965375.1_RagTag:125958-125506   -            151 34290at314147        -            207   6.9e-06   22.3   9.5   2   2    0.0024     0.052    9.6   0.7   130   198    81   145    77   151 0.52 -
NW_025965316.1_RagTag:3958340-3958095 -             82 34290at314147        -            207   0.00011   18.4   4.3   1   1   8.5e-06   0.00019   17.6   4.3   126   178     1    56     1    80 0.79 -
NW_025965285.1_RagTag:174148-175299   -            384 34290at314147        -            207   0.00024   17.3  27.1   1   4     0.013      0.29    7.2   0.1   126   173     3    53     1    63 0.74 -
NW_025965285.1_RagTag:174148-175299   -            384 34290at314147        -            207   0.00024   17.3  27.1   2   4   0.00023     0.005   13.0   9.1    90   178   109   210    70   218 0.67 -
NW_025965285.1_RagTag:174148-175299   -            384 34290at314147        -            207   0.00024   17.3  27.1   3   4      0.27         6    2.9   1.5   125   178   273   327   255   336 0.70 -
NW_025965285.1_RagTag:174148-175299   -            384 34290at314147        -            207   0.00024   17.3  27.1   4   4     0.069       1.5    4.8   0.1    99   120   363   384   333   384 0.77 -
NW_025965259.1_RagTag:155329-153884   -            482 34290at314147        -            207   0.00027   17.1   3.0   1   1   1.2e-05   0.00027   17.1   3.0   122   187   412   478   382   481 0.84 -
NW_025965136.1_RagTag:172929-172171   -            219 34290at314147        -            207     0.002   14.2   0.3   1   1   0.00013    0.0028   13.8   0.3    50    90   112   152    74   172 0.81 -
NW_025965317.1_RagTag:1374195-1373608 -            196 34290at314147        -            207    0.0058   12.8   0.0   1   3      0.96        21    1.1   3.9   145   197    41    97    24   107 0.61 -
NW_025965317.1_RagTag:1374195-1373608 -            196 34290at314147        -            207    0.0058   12.8   0.0   2   3      0.46        10    2.1   0.8   146   166   120   140    97   153 0.64 -
NW_025965317.1_RagTag:1374195-1373608 -            196 34290at314147        -            207    0.0058   12.8   0.0   3   3   0.00026    0.0058   12.8   0.0   125   151   170   196   159   196 0.94 -
#
# Program:         hmmsearch
# Version:         3.1b2 (February 2015)
# Pipeline mode:   SEARCH
# Query file:      /home/bgerda/guppy_SUP/busco_downloads/lineages/glires_odb10/hmms/34290at314147.hmm
# Target file:     /home/bgerda/guppy_SUP/busco_results_racon/run_glires_odb10/metaeuk_output/rerun_results/ragtag.scaffold.fasta.modified.fas
# Option settings: hmmsearch --domtblout /home/bgerda/guppy_SUP/busco_results_racon/run_glires_odb10/hmmer_output/rerun_results/34290at314147.out --cpu 1 /home/bgerda/guppy_SUP/busco_downloads/lineages/glires_odb10/hmms/34290at314147.hmm /home/bgerda/guppy_SUP/busco_results_racon/run_glires_odb10/metaeuk_output/rerun_results/ragtag.scaffold.fasta.modified.fas 
# Current dir:     /home/bgerda/guppy_SUP
# Date:            Sun May 21 17:29:49 2023
# [ok]
