#                                                                                           --- full sequence --- -------------- this domain -------------   hmm coord   ali coord   env coord
# target name                       accession   tlen query name           accession   qlen   E-value  score  bias   #  of  c-Evalue  i-Evalue  score  bias  from    to  from    to  from    to  acc description of target
#               ------------------- ---------- ----- -------------------- ---------- ----- --------- ------ ----- --- --- --------- --------- ------ ----- ----- ----- ----- ----- ----- ----- ---- ---------------------
NW_025965230.1_RagTag:387919-378574 -            608 36763at314147        -            423  4.5e-118  390.8  69.6   1   7   3.5e-32   4.9e-29   97.4   7.6   335   422    17   107     5   108 0.91 -
NW_025965230.1_RagTag:387919-378574 -            608 36763at314147        -            423  4.5e-118  390.8  69.6   2   7   9.6e-35   1.3e-31  105.9   7.6   327   423   114   215   110   215 0.90 -
NW_025965230.1_RagTag:387919-378574 -            608 36763at314147        -            423  4.5e-118  390.8  69.6   3   7   1.3e-18   1.7e-15   52.8   7.1   327   423   221   322   217   322 0.85 -
NW_025965230.1_RagTag:387919-378574 -            608 36763at314147        -            423  4.5e-118  390.8  69.6   4   7   1.5e-11   2.1e-08   29.5   0.5   335   395   336   399   323   403 0.84 -
NW_025965230.1_RagTag:387919-378574 -            608 36763at314147        -            423  4.5e-118  390.8  69.6   5   7   3.1e-08   4.3e-05   18.5   0.0   326   365   404   445   400   457 0.85 -
NW_025965230.1_RagTag:387919-378574 -            608 36763at314147        -            423  4.5e-118  390.8  69.6   6   7   1.7e-33   2.3e-30  101.8  13.4   328   423   459   559   452   559 0.84 -
NW_025965230.1_RagTag:387919-378574 -            608 36763at314147        -            423  4.5e-118  390.8  69.6   7   7     3e-05     0.041    8.7   0.0   336   372   569   605   564   608 0.89 -
#
# Program:         hmmsearch
# Version:         3.1b2 (February 2015)
# Pipeline mode:   SEARCH
# Query file:      /home/bgerda/guppy_SUP/busco_downloads/lineages/glires_odb10/hmms/36763at314147.hmm
# Target file:     /home/bgerda/guppy_SUP/busco_results_racon/run_glires_odb10/metaeuk_output/rerun_results/ragtag.scaffold.fasta.modified.fas
# Option settings: hmmsearch --domtblout /home/bgerda/guppy_SUP/busco_results_racon/run_glires_odb10/hmmer_output/rerun_results/36763at314147.out --cpu 1 /home/bgerda/guppy_SUP/busco_downloads/lineages/glires_odb10/hmms/36763at314147.hmm /home/bgerda/guppy_SUP/busco_results_racon/run_glires_odb10/metaeuk_output/rerun_results/ragtag.scaffold.fasta.modified.fas 
# Current dir:     /home/bgerda/guppy_SUP
# Date:            Sun May 21 17:29:51 2023
# [ok]
