#                                                                                             --- full sequence --- -------------- this domain -------------   hmm coord   ali coord   env coord
# target name                         accession   tlen query name           accession   qlen   E-value  score  bias   #  of  c-Evalue  i-Evalue  score  bias  from    to  from    to  from    to  acc description of target
#                 ------------------- ---------- ----- -------------------- ---------- ----- --------- ------ ----- --- --- --------- --------- ------ ----- ----- ----- ----- ----- ----- ----- ---- ---------------------
NW_025965314.1_RagTag:1396573-1398548 -            658 4327at314147         -           1078  8.4e-256  847.8  14.3   1   1  6.1e-258  9.5e-256  847.6  14.3   358  1008     2   658     1   658 0.97 -
NW_025965321.1_RagTag:2938989-2940752 -            588 4327at314147         -           1078     5e-92  305.5  17.9   1   3   1.2e-20   1.8e-18   61.9   0.5   558   683     3   131     1   132 0.93 -
NW_025965321.1_RagTag:2938989-2940752 -            588 4327at314147         -           1078     5e-92  305.5  17.9   2   3   4.2e-34   6.5e-32  106.5   0.4   427   623    80   279    75   285 0.88 -
NW_025965321.1_RagTag:2938989-2940752 -            588 4327at314147         -           1078     5e-92  305.5  17.9   3   3   7.4e-51   1.1e-48  161.9   4.9   427   726   291   587   279   588 0.92 -
NW_025965316.1_RagTag:23102-102731    -            555 4327at314147         -           1078   3.1e-78  259.8   1.5   1   3   2.3e-28   3.5e-26   87.5   0.0   185   333    11   156     1   160 0.92 -
NW_025965316.1_RagTag:23102-102731    -            555 4327at314147         -           1078   3.1e-78  259.8   1.5   2   3   1.5e-39   2.3e-37  124.5   0.3   388   571   154   344   147   348 0.94 -
NW_025965316.1_RagTag:23102-102731    -            555 4327at314147         -           1078   3.1e-78  259.8   1.5   3   3   1.5e-20   2.4e-18   61.5   0.0   632   772   302   448   290   509 0.85 -
NW_025965316.1_RagTag:27708-38849     -            485 4327at314147         -           1078   3.1e-67  223.4   3.8   1   3   9.1e-36   1.4e-33  112.0   0.0   158   356    80   276    53   276 0.95 -
NW_025965316.1_RagTag:27708-38849     -            485 4327at314147         -           1078   3.1e-67  223.4   3.8   2   3   8.1e-24   1.3e-21   72.4   0.4   450   572   259   381   252   386 0.91 -
NW_025965316.1_RagTag:27708-38849     -            485 4327at314147         -           1078   3.1e-67  223.4   3.8   3   3     2e-18   3.1e-16   54.5   0.0   644   766   350   479   349   485 0.86 -
contig_4173_pilon:1629-6              -            419 4327at314147         -           1078   9.4e-58  192.0   0.7   1   2   8.6e-42   1.3e-39  131.9   0.7   385   570    17   209     5   211 0.95 -
contig_4173_pilon:1629-6              -            419 4327at314147         -           1078   9.4e-58  192.0   0.7   2   2   7.2e-22   1.1e-19   66.0   0.0   632   773   168   315   160   375 0.78 -
NW_025965322.1_RagTag:3384907-3383553 -            450 4327at314147         -           1078   1.6e-55  184.6   2.7   1   1   1.7e-57   2.7e-55  183.9   2.7    74   481    40   446    24   450 0.85 -
NW_025965316.1_RagTag:35193-36774     -            380 4327at314147         -           1078   3.9e-41  137.0   0.1   1   3   5.4e-13   8.3e-11   36.6   0.0    20   181    13   158     7   163 0.87 -
NW_025965316.1_RagTag:35193-36774     -            380 4327at314147         -           1078   3.9e-41  137.0   0.1   2   3   1.4e-12   2.1e-10   35.2   0.1   235   291   160   220   157   233 0.82 -
NW_025965316.1_RagTag:35193-36774     -            380 4327at314147         -           1078   3.9e-41  137.0   0.1   3   3   7.6e-21   1.2e-18   62.6   0.0   620   756   236   379   230   380 0.87 -
contig_79756_pilon:1421-433           -            328 4327at314147         -           1078   1.8e-39  131.5   0.0   1   1   1.4e-41   2.1e-39  131.2   0.0    26   357    15   327     2   328 0.85 -
NW_025965322.1_RagTag:361251-360919   -            111 4327at314147         -           1078   2.3e-19   64.9   0.1   1   1   1.6e-21   2.5e-19   64.8   0.1   225   334     4   110     1   111 0.95 -
#
# Program:         hmmsearch
# Version:         3.1b2 (February 2015)
# Pipeline mode:   SEARCH
# Query file:      /home/bgerda/guppy_SUP/busco_downloads/lineages/glires_odb10/hmms/4327at314147.hmm
# Target file:     /home/bgerda/guppy_SUP/busco_results_racon/run_glires_odb10/metaeuk_output/rerun_results/ragtag.scaffold.fasta.modified.fas
# Option settings: hmmsearch --domtblout /home/bgerda/guppy_SUP/busco_results_racon/run_glires_odb10/hmmer_output/rerun_results/4327at314147.out --cpu 1 /home/bgerda/guppy_SUP/busco_downloads/lineages/glires_odb10/hmms/4327at314147.hmm /home/bgerda/guppy_SUP/busco_results_racon/run_glires_odb10/metaeuk_output/rerun_results/ragtag.scaffold.fasta.modified.fas 
# Current dir:     /home/bgerda/guppy_SUP
# Date:            Sun May 21 17:29:55 2023
# [ok]
