#                                                                                             --- full sequence --- -------------- this domain -------------   hmm coord   ali coord   env coord
# target name                         accession   tlen query name           accession   qlen   E-value  score  bias   #  of  c-Evalue  i-Evalue  score  bias  from    to  from    to  from    to  acc description of target
#                 ------------------- ---------- ----- -------------------- ---------- ----- --------- ------ ----- --- --- --------- --------- ------ ----- ----- ----- ----- ----- ----- ----- ---- ---------------------
NW_025965324.1_RagTag:3129234-3106873 -            664 4809at314147         -            800   2.9e-15   52.0   7.1   1   4     6e-08   1.7e-05   19.7   0.0    31   100    15    87    10    98 0.79 -
NW_025965324.1_RagTag:3129234-3106873 -            664 4809at314147         -            800   2.9e-15   52.0   7.1   2   4    0.0019      0.52    4.9   0.1   233   294   151   217   119   229 0.50 -
NW_025965324.1_RagTag:3129234-3106873 -            664 4809at314147         -            800   2.9e-15   52.0   7.1   3   4   7.7e-09   2.1e-06   22.7   0.3   230   409   290   453   285   461 0.79 -
NW_025965324.1_RagTag:3129234-3106873 -            664 4809at314147         -            800   2.9e-15   52.0   7.1   4   4    0.0024      0.66    4.5   0.0   244   294   475   531   463   541 0.63 -
NW_025965214.1_RagTag:208835-178512   -            520 4809at314147         -            800   3.4e-09   31.9   0.0   1   1   1.8e-11     5e-09   31.4   0.0   626   757   255   383   230   401 0.76 -
NW_025965315.1_RagTag:2684245-2683970 -             92 4809at314147         -            800     1e-05   20.4   0.0   1   1   6.5e-08   1.8e-05   19.6   0.0    27    95    11    83     6    92 0.79 -
NW_025965324.1_RagTag:3109520-3108461 -            208 4809at314147         -            800   6.4e-05   17.8   0.0   1   1     4e-07   0.00011   17.0   0.0   221   300     4    89     1    96 0.72 -
NW_025965166.1_RagTag:64504-66200     -            195 4809at314147         -            800   0.00017   16.4   0.0   1   1   7.6e-07   0.00021   16.1   0.0    26    98    15    91    10   108 0.75 -
#
# Program:         hmmsearch
# Version:         3.1b2 (February 2015)
# Pipeline mode:   SEARCH
# Query file:      /home/bgerda/guppy_SUP/busco_downloads/lineages/glires_odb10/hmms/4809at314147.hmm
# Target file:     /home/bgerda/guppy_SUP/busco_results_racon/run_glires_odb10/metaeuk_output/rerun_results/ragtag.scaffold.fasta.modified.fas
# Option settings: hmmsearch --domtblout /home/bgerda/guppy_SUP/busco_results_racon/run_glires_odb10/hmmer_output/rerun_results/4809at314147.out --cpu 1 /home/bgerda/guppy_SUP/busco_downloads/lineages/glires_odb10/hmms/4809at314147.hmm /home/bgerda/guppy_SUP/busco_results_racon/run_glires_odb10/metaeuk_output/rerun_results/ragtag.scaffold.fasta.modified.fas 
# Current dir:     /home/bgerda/guppy_SUP
# Date:            Sun May 21 17:30:01 2023
# [ok]
