#                                                                                             --- full sequence --- -------------- this domain -------------   hmm coord   ali coord   env coord
# target name                         accession   tlen query name           accession   qlen   E-value  score  bias   #  of  c-Evalue  i-Evalue  score  bias  from    to  from    to  from    to  acc description of target
#                 ------------------- ---------- ----- -------------------- ---------- ----- --------- ------ ----- --- --- --------- --------- ------ ----- ----- ----- ----- ----- ----- ----- ---- ---------------------
NW_025965440.1_RagTag:12616-13782     -            389 4870at314147         -            844   1.8e-86  287.3  61.7   1   7   1.7e-16   3.7e-15   51.4   1.9   654   710     3    59     2    60 0.98 -
NW_025965440.1_RagTag:12616-13782     -            389 4870at314147         -            844   1.8e-86  287.3  61.7   2   7   4.4e-15   9.8e-14   46.7   4.0   654   710    59   115    58   116 0.98 -
NW_025965440.1_RagTag:12616-13782     -            389 4870at314147         -            844   1.8e-86  287.3  61.7   3   7   1.4e-16   3.2e-15   51.6   2.6   654   710   115   171   114   172 0.98 -
NW_025965440.1_RagTag:12616-13782     -            389 4870at314147         -            844   1.8e-86  287.3  61.7   4   7   4.2e-16   9.3e-15   50.1   2.6   654   710   171   227   170   228 0.98 -
NW_025965440.1_RagTag:12616-13782     -            389 4870at314147         -            844   1.8e-86  287.3  61.7   5   7   9.7e-15   2.1e-13   45.6   3.1   654   710   227   283   226   284 0.98 -
NW_025965440.1_RagTag:12616-13782     -            389 4870at314147         -            844   1.8e-86  287.3  61.7   6   7   2.4e-16   5.3e-15   50.9   4.2   654   710   283   339   282   340 0.98 -
NW_025965440.1_RagTag:12616-13782     -            389 4870at314147         -            844   1.8e-86  287.3  61.7   7   7   2.7e-13     6e-12   40.8   1.8   654   704   339   389   337   389 0.98 -
contig_36320_pilon:719-1438           -            240 4870at314147         -            844   3.8e-57  190.3  61.0   1   4   1.3e-12   2.8e-11   38.6   1.0   676   726     2    52     1    53 0.96 -
contig_36320_pilon:719-1438           -            240 4870at314147         -            844   3.8e-57  190.3  61.0   2   4     7e-16   1.5e-14   49.4   4.5   654   717    36    99    35    99 0.98 -
contig_36320_pilon:719-1438           -            240 4870at314147         -            844   3.8e-57  190.3  61.0   3   4   4.2e-15   9.2e-14   46.8   8.0   654   724    64   134    64   136 0.94 -
contig_36320_pilon:719-1438           -            240 4870at314147         -            844   3.8e-57  190.3  61.0   4   4   2.8e-29   6.1e-28   93.7  24.5   566   717    90   239    90   240 0.95 -
NW_025965182.1_RagTag:1639771-1640832 -            354 4870at314147         -            844   9.1e-56  185.8  31.2   1   3   4.9e-20   1.1e-18   63.1   2.7   599   727     1   127     1   133 0.84 -
NW_025965182.1_RagTag:1639771-1640832 -            354 4870at314147         -            844   9.1e-56  185.8  31.2   2   3   7.5e-19   1.7e-17   59.2   4.6   646   727   130   211   124   218 0.91 -
NW_025965182.1_RagTag:1639771-1640832 -            354 4870at314147         -            844   9.1e-56  185.8  31.2   3   3   2.3e-16   5.1e-15   50.9   2.5   652   727   220   295   213   300 0.94 -
NW_025965271.1_RagTag:496368-615075   -            290 4870at314147         -            844   2.3e-55  184.4  39.9   1   4   8.9e-22     2e-20   68.9  10.3   594   710     1   115     1   116 0.92 -
NW_025965271.1_RagTag:496368-615075   -            290 4870at314147         -            844   2.3e-55  184.4  39.9   2   4   1.8e-15   3.9e-14   48.0   4.6   654   716   115   177   114   177 0.98 -
NW_025965271.1_RagTag:496368-615075   -            290 4870at314147         -            844   2.3e-55  184.4  39.9   3   4   1.3e-16   2.9e-15   51.8   3.6   654   724   171   241   170   243 0.94 -
NW_025965271.1_RagTag:496368-615075   -            290 4870at314147         -            844   2.3e-55  184.4  39.9   4   4   8.7e-16   1.9e-14   49.1   3.3   654   717   227   290   226   290 0.98 -
contig_52188_pilon:954-280            -            225 4870at314147         -            844   4.1e-55  183.6  35.2   1   4   1.2e-11   2.6e-10   35.4   0.1   676   717     2    43     1    43 0.96 -
contig_52188_pilon:954-280            -            225 4870at314147         -            844   4.1e-55  183.6  35.2   2   4   4.4e-19   9.7e-18   60.0   3.4   654   717    36    99    35    99 0.98 -
contig_52188_pilon:954-280            -            225 4870at314147         -            844   4.1e-55  183.6  35.2   3   4   5.1e-14   1.1e-12   43.2   2.5   654   710    92   148    91   149 0.98 -
contig_52188_pilon:954-280            -            225 4870at314147         -            844   4.1e-55  183.6  35.2   4   4   4.2e-25   9.2e-24   79.9   9.1   611   727   107   221   107   225 0.92 -
NW_025965375.1_RagTag:139175-138555   -            207 4870at314147         -            844   1.8e-54  181.4  33.2   1   2   1.7e-27   3.8e-26   87.8   9.6   584   710     3   127     2   128 0.94 -
NW_025965375.1_RagTag:139175-138555   -            207 4870at314147         -            844   1.8e-54  181.4  33.2   2   2   3.8e-33   8.3e-32  106.5  15.6   568   726    43   199    42   206 0.94 -
NW_025965250.1_RagTag:230423-229599   -            275 4870at314147         -            844   1.8e-44  148.4  48.0   1   2   6.4e-35   1.4e-33  112.4  39.2   493   723     1   214     1   218 0.94 -
NW_025965250.1_RagTag:230423-229599   -            275 4870at314147         -            844   1.8e-44  148.4  48.0   2   2   3.2e-13   7.1e-12   40.5   1.9   670   727   217   274   212   275 0.68 -
NW_025965432.1_RagTag:502315-503175   -            287 4870at314147         -            844   2.1e-43  144.9  39.4   1   4   1.1e-09   2.5e-08   28.8   2.1   670   718     1    49     1    54 0.89 -
NW_025965432.1_RagTag:502315-503175   -            287 4870at314147         -            844   2.1e-43  144.9  39.4   2   4   1.9e-15   4.3e-14   47.9   6.6   468   549    40   121    38   124 0.95 -
NW_025965432.1_RagTag:502315-503175   -            287 4870at314147         -            844   2.1e-43  144.9  39.4   3   4   1.3e-14   2.9e-13   45.1   6.2   467   548   123   204   120   208 0.94 -
NW_025965432.1_RagTag:502315-503175   -            287 4870at314147         -            844   2.1e-43  144.9  39.4   4   4   6.1e-15   1.4e-13   46.2   4.5   653   727   208   282   203   287 0.91 -
contig_52188_pilon:1642-1031          -            204 4870at314147         -            844   4.1e-43  143.9  23.8   1   4   3.5e-15   7.8e-14   47.0   1.3   670   727     1    58     1    61 0.95 -
contig_52188_pilon:1642-1031          -            204 4870at314147         -            844   4.1e-43  143.9  23.8   2   4   3.8e-13   8.4e-12   40.3   2.2   654   710    41    97    40    98 0.98 -
contig_52188_pilon:1642-1031          -            204 4870at314147         -            844   4.1e-43  143.9  23.8   3   4   1.6e-16   3.6e-15   51.5   2.3   654   710    97   153    95   154 0.98 -
contig_52188_pilon:1642-1031          -            204 4870at314147         -            844   4.1e-43  143.9  23.8   4   4   6.9e-13   1.5e-11   39.5   1.6   654   705   153   204   152   204 0.97 -
contig_33351_pilon:17-583             -            189 4870at314147         -            844   4.8e-40  133.7  20.2   1   3   7.9e-14   1.7e-12   42.6   1.6   654   710     1    57     1    58 0.98 -
contig_33351_pilon:17-583             -            189 4870at314147         -            844   4.8e-40  133.7  20.2   2   3   1.3e-17   2.9e-16   55.1   3.3   654   715    57   118    56   119 0.97 -
contig_33351_pilon:17-583             -            189 4870at314147         -            844   4.8e-40  133.7  20.2   3   3   1.4e-17     3e-16   55.0   3.3   654   728   113   187   112   189 0.94 -
contig_59446_pilon:259-795            -            179 4870at314147         -            844   2.6e-39  131.3  30.8   1   2   3.4e-28   7.5e-27   90.1  16.9   582   716     1   133     1   133 0.94 -
contig_59446_pilon:259-795            -            179 4870at314147         -            844   2.6e-39  131.3  30.8   2   2   3.1e-17   6.9e-16   53.8   5.9   469   547    99   177    99   179 0.50 -
NW_025965250.1_RagTag:47411-46794     -            206 4870at314147         -            844   1.3e-38  129.0  18.1   1   3   2.4e-19   5.3e-18   60.8   6.3   611   716     1   104     1   104 0.95 -
NW_025965250.1_RagTag:47411-46794     -            206 4870at314147         -            844   1.3e-38  129.0  18.1   2   3   3.5e-18   7.8e-17   57.0   3.5   654   727    98   171    96   172 0.97 -
NW_025965250.1_RagTag:47411-46794     -            206 4870at314147         -            844   1.3e-38  129.0  18.1   3   3   9.7e-11   2.1e-09   32.4   0.8   654   706   154   206   154   206 0.93 -
contig_64050_pilon:909-1490           -            194 4870at314147         -            844   1.6e-38  128.8  28.7   1   3   2.4e-17   5.3e-16   54.2   3.9   653   717     6    70     1    70 0.96 -
contig_64050_pilon:909-1490           -            194 4870at314147         -            844   1.6e-38  128.8  28.7   2   3   2.1e-16   4.7e-15   51.1   4.2   654   716    63   125    62   125 0.98 -
contig_64050_pilon:909-1490           -            194 4870at314147         -            844   1.6e-38  128.8  28.7   3   3   1.1e-15   2.4e-14   48.7   4.9   654   726   119   191   118   194 0.96 -
NW_025965235.1_RagTag:117217-116603   -            205 4870at314147         -            844   3.8e-38  127.5  25.3   1   2   1.4e-24   3.1e-23   78.1   8.9   612   727     1   114     1   119 0.91 -
NW_025965235.1_RagTag:117217-116603   -            205 4870at314147         -            844   3.8e-38  127.5  25.3   2   2   6.1e-17   1.3e-15   52.9   9.6   612   706   113   205   112   205 0.88 -
NW_025965436.1_RagTag:1702-734        -            323 4870at314147         -            844   1.5e-37  125.5  64.9   1   3   1.2e-05   0.00027   15.5   8.8   654   726     1    67     1    73 0.87 -
NW_025965436.1_RagTag:1702-734        -            323 4870at314147         -            844   1.5e-37  125.5  64.9   2   3   1.2e-28   2.5e-27   91.7  29.3   563   736    74   244    62   246 0.92 -
NW_025965436.1_RagTag:1702-734        -            323 4870at314147         -            844   1.5e-37  125.5  64.9   3   3   3.6e-10     8e-09   30.5  14.0   561   642   240   321   235   323 0.72 -
NW_025965250.1_RagTag:8860-9492       -            211 4870at314147         -            844   5.5e-37  123.6  25.2   1   2   2.1e-13   4.5e-12   41.2   2.2   668   726     6    64     3    69 0.90 -
NW_025965250.1_RagTag:8860-9492       -            211 4870at314147         -            844   5.5e-37  123.6  25.2   2   2   1.1e-26   2.3e-25   85.2  18.4   562   705    70   211    57   211 0.74 -
contig_28105_pilon:1415-840           -            192 4870at314147         -            844   6.1e-37  123.5  12.2   1   2   2.4e-28   5.4e-27   90.6   4.3   590   727     1   136     1   136 0.96 -
contig_28105_pilon:1415-840           -            192 4870at314147         -            844   6.1e-37  123.5  12.2   2   2     2e-14   4.4e-13   44.6   1.0   657   726   122   191   121   192 0.97 -
contig_10836_pilon:82-696             -            205 4870at314147         -            844   4.6e-36  120.6  30.0   1   2     4e-26   8.8e-25   83.3  16.6   584   717     1   132     1   132 0.95 -
contig_10836_pilon:82-696             -            205 4870at314147         -            844   4.6e-36  120.6  30.0   2   2   5.5e-16   1.2e-14   49.7   7.4   654   726   125   197   124   204 0.92 -
NW_025965317.1_RagTag:1373618-1373070 -            183 4870at314147         -            844   3.3e-34  114.4  29.0   1   3   1.6e-19   3.4e-18   61.5   5.4   620   718     3    99     2   109 0.90 -
NW_025965317.1_RagTag:1373618-1373070 -            183 4870at314147         -            844   3.3e-34  114.4  29.0   2   3   1.9e-11   4.1e-10   34.7   4.3   654   717    63   126    62   132 0.96 -
NW_025965317.1_RagTag:1373618-1373070 -            183 4870at314147         -            844   3.3e-34  114.4  29.0   3   3   4.5e-14     1e-12   43.4   3.6   652   717   117   182   112   183 0.85 -
NW_025965289.1_RagTag:78419-78979     -            187 4870at314147         -            844   5.1e-34  113.8  23.2   1   3   5.2e-17   1.1e-15   53.1   5.2   654   729     1    76     1    81 0.96 -
NW_025965289.1_RagTag:78419-78979     -            187 4870at314147         -            844   5.1e-34  113.8  23.2   2   3   9.6e-19   2.1e-17   58.8   6.7   650   726    81   157    74   160 0.94 -
NW_025965289.1_RagTag:78419-78979     -            187 4870at314147         -            844   5.1e-34  113.8  23.2   3   3   5.7e-07   1.3e-05   19.9   1.4   682   723   141   182   140   187 0.83 -
NW_025965341.1_RagTag:124400-123816   -            195 4870at314147         -            844   1.4e-33  112.4  20.0   1   2     2e-25   4.3e-24   81.0  10.7   585   726     2   141     1   142 0.90 -
NW_025965341.1_RagTag:124400-123816   -            195 4870at314147         -            844   1.4e-33  112.4  20.0   2   2     3e-13   6.7e-12   40.6   4.2   654   720   125   191   125   195 0.95 -
NW_025965341.1_RagTag:72137-72748     -            204 4870at314147         -            844   3.4e-32  107.8  27.8   1   2   7.9e-19   1.7e-17   59.1  12.3   612   727     1   114     1   119 0.87 -
NW_025965341.1_RagTag:72137-72748     -            204 4870at314147         -            844   3.4e-32  107.8  27.8   2   2   1.6e-19   3.4e-18   61.5   7.6   621   727    94   198    94   203 0.80 -
NW_025965215.1_RagTag:22972-21674     -            433 4870at314147         -            844   4.1e-30  100.9  22.2   1   2   1.5e-10   3.2e-09   31.8   0.5   676   723   240   287   222   290 0.90 -
NW_025965215.1_RagTag:22972-21674     -            433 4870at314147         -            844   4.1e-30  100.9  22.2   2   2   1.5e-25   3.3e-24   81.3  15.3   568   727   274   430   273   433 0.95 -
contig_78026_pilon:1103-2245          -            381 4870at314147         -            844   7.6e-30  100.0  22.7   1   4     8e-09   1.8e-07   26.0   2.1   568   674     1   113     1   125 0.83 -
contig_78026_pilon:1103-2245          -            381 4870at314147         -            844   7.6e-30  100.0  22.7   2   4   1.5e-12   3.3e-11   38.4   0.3   464   547   147   230   136   246 0.90 -
contig_78026_pilon:1103-2245          -            381 4870at314147         -            844   7.6e-30  100.0  22.7   3   4   1.8e-11   3.9e-10   34.8   2.5   653   715   274   336   266   338 0.70 -
contig_78026_pilon:1103-2245          -            381 4870at314147         -            844   7.6e-30  100.0  22.7   4   4     4e-11   8.7e-10   33.6   3.6   654   723   303   372   303   381 0.92 -
contig_31119_pilon:1872-1279          -            198 4870at314147         -            844   2.9e-29   98.1  16.1   1   2     6e-22   1.3e-20   69.4   5.6   567   723     5   160     2   163 0.91 -
contig_31119_pilon:1872-1279          -            198 4870at314147         -            844   2.9e-29   98.1  16.1   2   2   2.1e-13   4.7e-12   41.2   2.7   485   548   135   198   135   198 0.97 -
NW_025965127.1_RagTag:114163-113654   -            170 4870at314147         -            844   3.6e-29   97.8  12.2   1   3   5.6e-08   1.2e-06   23.2   0.1   674   710     2    38     1    39 0.97 -
NW_025965127.1_RagTag:114163-113654   -            170 4870at314147         -            844   3.6e-29   97.8  12.2   2   3     3e-14   6.7e-13   44.0   3.6   653   717    37   101    37   106 0.97 -
NW_025965127.1_RagTag:114163-113654   -            170 4870at314147         -            844   3.6e-29   97.8  12.2   3   3   1.2e-14   2.7e-13   45.2   1.4   654   726    94   166    93   170 0.84 -
NW_025965190.1_RagTag:118103-118654   -            184 4870at314147         -            844   5.3e-29   97.2  18.1   1   3   1.8e-12     4e-11   38.1   1.8   656   716     1    61     1    63 0.77 -
NW_025965190.1_RagTag:118103-118654   -            184 4870at314147         -            844   5.3e-29   97.2  18.1   2   3   3.6e-14   7.8e-13   43.7   3.8   564   640    51   127    49   130 0.95 -
NW_025965190.1_RagTag:118103-118654   -            184 4870at314147         -            844   5.3e-29   97.2  18.1   3   3   9.8e-12   2.2e-10   35.7   1.2   484   540   126   182   123   184 0.87 -
NW_025965022.1_RagTag:243066-242485   -            194 4870at314147         -            844   2.5e-28   95.0  14.6   1   3   2.9e-12   6.4e-11   37.4   1.3   674   729     3    58     1    84 0.74 -
NW_025965022.1_RagTag:243066-242485   -            194 4870at314147         -            844   2.5e-28   95.0  14.6   2   3   7.4e-19   1.6e-17   59.2   1.3   653   727    93   167    88   171 0.94 -
NW_025965022.1_RagTag:243066-242485   -            194 4870at314147         -            844   2.5e-28   95.0  14.6   3   3    0.0017     0.037    8.4   0.4   612   633   166   187   164   194 0.81 -
NW_025965301.1_RagTag:101568-100954   -            205 4870at314147         -            844   8.8e-27   89.9  14.4   1   2   2.3e-08     5e-07   24.5   0.2   669   716     4    51     1    62 0.78 -
NW_025965301.1_RagTag:101568-100954   -            205 4870at314147         -            844   8.8e-27   89.9  14.4   2   2   4.6e-22     1e-20   69.8  10.3   572   727    50   202    48   205 0.92 -
NW_025965341.1_RagTag:44562-43963     -            200 4870at314147         -            844   1.4e-26   89.2  21.4   1   3   1.2e-11   2.7e-10   35.4   2.3   489   548     3    62     1    70 0.94 -
NW_025965341.1_RagTag:44562-43963     -            200 4870at314147         -            844   1.4e-26   89.2  21.4   2   3   3.5e-10   7.8e-09   30.5   1.8   654   715    67   128    62   132 0.77 -
NW_025965341.1_RagTag:44562-43963     -            200 4870at314147         -            844   1.4e-26   89.2  21.4   3   3   4.6e-13     1e-11   40.0   5.5   566   642   121   197   121   200 0.91 -
contig_43334_pilon:1147-1967          -            144 4870at314147         -            844   6.9e-26   86.9  15.6   1   3   4.6e-13     1e-11   40.0   1.4   669   718    11    60     6    65 0.93 -
contig_43334_pilon:1147-1967          -            144 4870at314147         -            844   6.9e-26   86.9  15.6   2   3   2.2e-06   4.8e-05   18.0   1.6   654   689    52    87    52    88 0.54 -
contig_43334_pilon:1147-1967          -            144 4870at314147         -            844   6.9e-26   86.9  15.6   3   3   2.1e-14   4.7e-13   44.5   2.1   672   726    88   142    87   144 0.93 -
contig_18339_pilon:495-968            -            158 4870at314147         -            844   5.6e-25   83.9  33.9   1   3   8.3e-06   0.00018   16.0   1.2   693   724    21    52     6    56 0.79 -
contig_18339_pilon:495-968            -            158 4870at314147         -            844   5.6e-25   83.9  33.9   2   3   2.5e-15   5.6e-14   47.5  11.6   640   726    22   110    20   111 0.88 -
contig_18339_pilon:495-968            -            158 4870at314147         -            844   5.6e-25   83.9  33.9   3   3   2.2e-14   4.8e-13   44.4   6.0   654   717    94   157    93   158 0.98 -
NW_025965281.1_RagTag:499506-497614   -            631 4870at314147         -            844   1.3e-24   82.7  13.7   1   3   1.2e-14   2.7e-13   45.3   0.3   179   278    17   116    10   127 0.84 -
NW_025965281.1_RagTag:499506-497614   -            631 4870at314147         -            844   1.3e-24   82.7  13.7   2   3   0.00026    0.0058   11.1   0.1   622   670   342   389   327   397 0.61 -
NW_025965281.1_RagTag:499506-497614   -            631 4870at314147         -            844   1.3e-24   82.7  13.7   3   3   2.6e-10   5.8e-09   30.9   4.6   654   732   462   540   449   553 0.92 -
contig_10031_pilon:1322-846           -            159 4870at314147         -            844   2.2e-24   82.0  18.2   1   1   1.9e-09   4.1e-08   28.1   3.9   645   717     4    76     1    80 0.93 -
NW_025965230.1_RagTag:860644-860186   -            153 4870at314147         -            844   9.5e-24   79.8  13.3   1   2   3.1e-14   6.7e-13   43.9   4.7   644   713    17    86    11    86 0.91 -
NW_025965230.1_RagTag:860644-860186   -            153 4870at314147         -            844   9.5e-24   79.8  13.3   2   2   5.3e-14   1.2e-12   43.1   3.1   654   718    83   147    81   152 0.87 -
NW_025965215.1_RagTag:338153-337497   -            219 4870at314147         -            844   5.2e-23   77.4  18.9   1   2   2.6e-15   5.8e-14   47.5   6.7   568   716     1   147     1   155 0.88 -
NW_025965215.1_RagTag:338153-337497   -            219 4870at314147         -            844   5.2e-23   77.4  18.9   2   2     2e-13   4.5e-12   41.2   5.9   654   727   141   213   140   219 0.91 -
NW_025965028.1_RagTag:335459-336641   -            329 4870at314147         -            844   1.4e-22   75.9  14.6   1   2   1.1e-14   2.4e-13   45.4   0.7   165   263     4   100     2   116 0.86 -
NW_025965028.1_RagTag:335459-336641   -            329 4870at314147         -            844   1.4e-22   75.9  14.6   2   2   6.4e-13   1.4e-11   39.6   2.0   495   548   265   318   253   329 0.87 -
NW_025965341.1_RagTag:106474-172925   -            257 4870at314147         -            844   7.2e-21   70.3  21.5   1   2     4e-20   8.7e-19   63.4  17.2   588   727    12   149     7   152 0.92 -
NW_025965341.1_RagTag:106474-172925   -            257 4870at314147         -            844   7.2e-21   70.3  21.5   2   2   0.00036    0.0079   10.6   0.3   485   520   148   183   147   188 0.91 -
contig_81532_pilon:2097-1657          -            147 4870at314147         -            844     1e-20   69.8  21.6   1   1   9.6e-21   2.1e-19   65.4  21.6   564   705     6   147     2   147 0.89 -
NW_025965318.1_RagTag:51878-52414     -            179 4870at314147         -            844   1.5e-20   69.3   9.0   1   2   5.3e-17   1.2e-15   53.1   2.7   654   726     1    73     1    75 0.98 -
NW_025965318.1_RagTag:51878-52414     -            179 4870at314147         -            844   1.5e-20   69.3   9.0   2   2   5.1e-09   1.1e-07   26.7   0.4   654   708    57   111    56   120 0.90 -
NW_025965442.1_RagTag:49839-49393     -            149 4870at314147         -            844   1.6e-20   69.1  17.7   1   2   7.3e-11   1.6e-09   32.8   6.8   479   549     7    77     1    80 0.90 -
NW_025965442.1_RagTag:49839-49393     -            149 4870at314147         -            844   1.6e-20   69.1  17.7   2   2   7.9e-14   1.7e-12   42.6   3.3   654   717    81   144    77   148 0.94 -
NW_025965374.1_RagTag:79809-77578     -            744 4870at314147         -            844     2e-20   68.8  60.6   1   5   2.9e-10   6.3e-09   30.8  16.6   494   632     3   143     1   160 0.81 -
NW_025965374.1_RagTag:79809-77578     -            744 4870at314147         -            844     2e-20   68.8  60.6   2   5   0.00017    0.0037   11.7   4.1   464   587   216   348   192   359 0.62 -
NW_025965374.1_RagTag:79809-77578     -            744 4870at314147         -            844     2e-20   68.8  60.6   3   5    0.0065      0.14    6.5   1.4   495   618   373   496   363   499 0.73 -
NW_025965374.1_RagTag:79809-77578     -            744 4870at314147         -            844     2e-20   68.8  60.6   4   5   9.5e-12   2.1e-10   35.7  21.6   553   731   460   640   446   646 0.81 -
NW_025965374.1_RagTag:79809-77578     -            744 4870at314147         -            844     2e-20   68.8  60.6   5   5         3        67   -2.4   0.0   621   642   694   716   685   726 0.67 -
NW_025965039.1_RagTag:276298-250448   -            195 4870at314147         -            844   2.1e-20   68.8   9.1   1   1   1.3e-10   2.8e-09   32.0   1.1   654   710   139   195   139   195 0.98 -
NW_025965071.1_RagTag:26271-26759     -            163 4870at314147         -            844   2.2e-19   65.4  34.0   1   2     3e-13   6.7e-12   40.6  14.4   588   717     3   129     1   130 0.87 -
NW_025965071.1_RagTag:26271-26759     -            163 4870at314147         -            844   2.2e-19   65.4  34.0   2   2   3.1e-12   6.9e-11   37.3  11.6   494   604    63   158    53   163 0.76 -
NW_025965375.1_RagTag:139930-139190   -            247 4870at314147         -            844   4.3e-18   61.1  31.4   1   2   1.9e-07   4.2e-06   21.5  12.3   588   709    36   155    27   165 0.79 -
NW_025965375.1_RagTag:139930-139190   -            247 4870at314147         -            844   4.3e-18   61.1  31.4   2   2   6.7e-17   1.5e-15   52.7  11.1   594   717   126   246   125   247 0.80 -
NW_025965279.1_RagTag:44846-44427     -            140 4870at314147         -            844   1.2e-17   59.6   2.8   1   2   4.8e-05    0.0011   13.5   0.0   664   713     4    53     1    53 0.86 -
NW_025965279.1_RagTag:44846-44427     -            140 4870at314147         -            844   1.2e-17   59.6   2.8   2   2   7.5e-16   1.7e-14   49.3   1.9   654   732    50   127    49   135 0.84 -
NW_025965279.1_RagTag:100214-99645    -            190 4870at314147         -            844     1e-15   53.2  14.7   1   1   6.8e-16   1.5e-14   49.4  14.7   575   717    49   187     2   189 0.73 -
NW_025965127.1_RagTag:114477-114148   -            110 4870at314147         -            844   2.3e-15   52.1   2.8   1   1   2.4e-07   5.2e-06   21.2   0.1   682   715     1    34     1    36 0.91 -
NW_025965233.1_RagTag:186383-188742   -            257 4870at314147         -            844   4.7e-14   47.8  19.6   1   1   5.4e-15   1.2e-13   46.4  19.6   464   614    96   255    82   257 0.82 -
NW_025965300.1_RagTag:165512-166000   -            163 4870at314147         -            844   5.3e-11   37.7   0.7   1   1   2.9e-12   6.3e-11   37.4   0.7   461   513   110   162    97   163 0.92 -
NW_025965191.1_RagTag:501978-500455   -            508 4870at314147         -            844   3.9e-10   34.8   0.1   1   1   2.7e-11     6e-10   34.2   0.1   182   288    10   115     3   127 0.88 -
NW_025965432.1_RagTag:501829-502311   -            161 4870at314147         -            844   1.5e-09   32.9  10.3   1   1   9.2e-11     2e-09   32.4  10.3   566   719     8   156     4   161 0.87 -
NW_025965200.1_RagTag:16831-17695     -            244 4870at314147         -            844   1.8e-09   32.6   2.6   1   1   1.8e-10   4.1e-09   31.4   2.6   627   728   137   237   130   242 0.89 -
NW_025965297.1_RagTag:247529-248653   -            301 4870at314147         -            844   2.1e-08   29.1   3.3   1   1   1.5e-09   3.3e-08   28.4   3.3   662   718    82   138    64   154 0.72 -
NW_025965344.1_RagTag:898-710         -             63 4870at314147         -            844   3.8e-08   28.2   0.1   1   1   1.7e-09   3.8e-08   28.2   0.1   477   523    17    63     3    63 0.82 -
NW_025965054.1_RagTag:36309-35659     -            217 4870at314147         -            844   1.6e-07   26.2   5.3   1   1   7.1e-09   1.6e-07   26.2   5.3   673   737    51   114    13   145 0.72 -
NW_025965259.1_RagTag:155329-153884   -            482 4870at314147         -            844   1.4e-06   23.1   8.1   1   2     0.061       1.3    3.2   0.0   670   712    10    52     4    69 0.86 -
NW_025965259.1_RagTag:155329-153884   -            482 4870at314147         -            844   1.4e-06   23.1   8.1   2   2   3.4e-07   7.4e-06   20.6   5.1   559   632   408   480   381   482 0.83 -
NW_025965359.1_RagTag:192785-193660   -            292 4870at314147         -            844   3.5e-06   21.7   0.5   1   1   2.1e-07   4.7e-06   21.3   0.5   194   288   120   213   110   228 0.88 -
NW_025965324.1_RagTag:640103-637710   -            506 4870at314147         -            844   3.6e-06   21.7   3.0   1   2   2.6e-07   5.8e-06   21.0   1.3   497   543     1    47     1    62 0.49 -
NW_025965324.1_RagTag:640103-637710   -            506 4870at314147         -            844   3.6e-06   21.7   3.0   2   2      0.73        16   -0.3   0.0   586   602   290   306   258   321 0.73 -
NW_025965375.1_RagTag:125958-125506   -            151 4870at314147         -            844   1.5e-05   19.7   3.3   1   1   7.3e-07   1.6e-05   19.5   3.3   674   751    41   119    33   146 0.85 -
NW_025965316.1_RagTag:2336071-2342190 -            689 4870at314147         -            844   0.00013   16.6   0.7   1   2       5.3   1.2e+02   -3.2   0.7   114   150   228   262   218   269 0.75 -
NW_025965316.1_RagTag:2336071-2342190 -            689 4870at314147         -            844   0.00013   16.6   0.7   2   2   5.8e-06   0.00013   16.6   0.7   678   727   627   676   611   683 0.90 -
NW_025965341.1_RagTag:99789-100445    -            219 4870at314147         -            844   0.00048   14.7  13.6   1   1    0.0019     0.041    8.3  13.6   504   726     7   215     3   219 0.62 -
NW_025965317.1_RagTag:1374195-1373608 -            196 4870at314147         -            844    0.0062   11.0  15.0   1   1    0.0004    0.0089   10.5  15.0   546   707    28   196    12   196 0.71 -
#
# Program:         hmmsearch
# Version:         3.1b2 (February 2015)
# Pipeline mode:   SEARCH
# Query file:      /home/bgerda/guppy_SUP/busco_downloads/lineages/glires_odb10/hmms/4870at314147.hmm
# Target file:     /home/bgerda/guppy_SUP/busco_results_racon/run_glires_odb10/metaeuk_output/rerun_results/ragtag.scaffold.fasta.modified.fas
# Option settings: hmmsearch --domtblout /home/bgerda/guppy_SUP/busco_results_racon/run_glires_odb10/hmmer_output/rerun_results/4870at314147.out --cpu 1 /home/bgerda/guppy_SUP/busco_downloads/lineages/glires_odb10/hmms/4870at314147.hmm /home/bgerda/guppy_SUP/busco_results_racon/run_glires_odb10/metaeuk_output/rerun_results/ragtag.scaffold.fasta.modified.fas 
# Current dir:     /home/bgerda/guppy_SUP
# Date:            Sun May 21 17:29:50 2023
# [ok]
