#                                                                                             --- full sequence --- -------------- this domain -------------   hmm coord   ali coord   env coord
# target name                         accession   tlen query name           accession   qlen   E-value  score  bias   #  of  c-Evalue  i-Evalue  score  bias  from    to  from    to  from    to  acc description of target
#                 ------------------- ---------- ----- -------------------- ---------- ----- --------- ------ ----- --- --- --------- --------- ------ ----- ----- ----- ----- ----- ----- ----- ---- ---------------------
NW_025965548.1_RagTag:8433-2018       -            436 5457at314147         -            824   1.2e-46  155.4   3.6   1   4      0.69        48   -2.1   0.0   310   331    24    44    11    52 0.78 -
NW_025965548.1_RagTag:8433-2018       -            436 5457at314147         -            824   1.2e-46  155.4   3.6   2   4     0.044       3.1    1.8   0.0   171   212   141   182   131   226 0.78 -
NW_025965548.1_RagTag:8433-2018       -            436 5457at314147         -            824   1.2e-46  155.4   3.6   3   4   5.1e-14   3.5e-12   41.3   0.0   503   552   252   301   243   311 0.93 -
NW_025965548.1_RagTag:8433-2018       -            436 5457at314147         -            824   1.2e-46  155.4   3.6   4   4   1.6e-33   1.1e-31  105.8   0.7   620   753   316   432   309   436 0.88 -
NW_025965066.1_RagTag:84022-85665     -            205 5457at314147         -            824   4.8e-30  100.4   0.1   1   2   2.1e-08   1.5e-06   22.7   0.0   446   516    10    80     4    88 0.90 -
NW_025965066.1_RagTag:84022-85665     -            205 5457at314147         -            824   4.8e-30  100.4   0.1   2   2   8.3e-25   5.8e-23   77.0   0.1   620   741    83   192    64   205 0.81 -
NW_025965222.1_RagTag:185086-183102   -            116 5457at314147         -            824   5.1e-20   67.3   0.1   1   1   8.4e-22   5.8e-20   67.1   0.1   691   788     1    97     1   106 0.94 -
NW_025965313.1_RagTag:82152-83619     -            201 5457at314147         -            824   9.9e-20   66.3   1.2   1   2   3.5e-14   2.4e-12   41.9   0.0   632   700    74   137    44   142 0.85 -
NW_025965313.1_RagTag:82152-83619     -            201 5457at314147         -            824   9.9e-20   66.3   1.2   2   2   1.4e-08   9.9e-07   23.3   0.4   705   731   167   193   158   197 0.90 -
NW_025965287.1_RagTag:72767-73151     -             93 5457at314147         -            824   1.3e-18   62.6   0.1   1   1   2.1e-20   1.4e-18   62.5   0.1   688   786     2    93     1    93 0.94 -
contig_34309_pilon:592-2              -            197 5457at314147         -            824   9.4e-13   43.2   0.0   1   2   2.7e-05    0.0019   12.5   0.0   455   549    10    96     3   106 0.84 -
contig_34309_pilon:592-2              -            197 5457at314147         -            824   9.4e-13   43.2   0.0   2   2   2.4e-10   1.7e-08   29.2   0.0   632   718   111   195    98   197 0.86 -
NW_025965233.1_RagTag:114859-113462   -            466 5457at314147         -            824   4.9e-12   40.9   0.0   1   2     0.061       4.3    1.4   0.0   506   550    52    95    10    98 0.69 -
NW_025965233.1_RagTag:114859-113462   -            466 5457at314147         -            824   4.9e-12   40.9   0.0   2   2   9.3e-13   6.5e-11   37.2   0.0   641   779   118   251   102   264 0.82 -
NW_025965334.1_RagTag:171576-171430   -             49 5457at314147         -            824   9.7e-12   39.9   0.5   1   1   1.5e-13     1e-11   39.8   0.5   688   732     1    45     1    48 0.95 -
NW_025965099.1_RagTag:14363-15274     -            304 5457at314147         -            824   2.7e-11   38.4   0.0   1   2   0.00042     0.029    8.5   0.0   484   548    53   114    33   118 0.81 -
NW_025965099.1_RagTag:14363-15274     -            304 5457at314147         -            824   2.7e-11   38.4   0.0   2   2   5.4e-10   3.7e-08   28.0   0.0   625   729   123   224   116   239 0.83 -
NW_025965499.1_RagTag:3791-2706       -            362 5457at314147         -            824   2.9e-11   38.3   0.1   1   2   0.00041     0.028    8.6   0.0   461   549    25   105    19   110 0.80 -
NW_025965499.1_RagTag:3791-2706       -            362 5457at314147         -            824   2.9e-11   38.3   0.1   2   2   6.4e-10   4.5e-08   27.8   0.0   632   729   120   214   109   229 0.83 -
NW_025965321.1_RagTag:2875545-2875694 -             50 5457at314147         -            824   9.8e-11   36.6   0.0   1   1   1.5e-12     1e-10   36.5   0.0   664   710     2    50     1    50 0.91 -
NW_025965279.1_RagTag:78582-79082     -            167 5457at314147         -            824   1.7e-10   35.7   0.0   1   1   2.9e-12     2e-10   35.5   0.0   629   722     8    98     1   106 0.86 -
contig_34501_pilon:2271-1573          -            233 5457at314147         -            824   1.2e-09   32.9   0.0   1   1   2.2e-11   1.5e-09   32.6   0.0   631   730    31   127    14   149 0.83 -
contig_37224_pilon:1693-2424          -            244 5457at314147         -            824   3.2e-07   24.9   0.5   1   2    0.0066      0.46    4.6   0.1   459   545     5    83     2    88 0.85 -
contig_37224_pilon:1693-2424          -            244 5457at314147         -            824   3.2e-07   24.9   0.5   2   2   3.1e-07   2.2e-05   18.9   0.0   639   778   109   243    97   244 0.72 -
contig_31429_pilon:272-1088           -            267 5457at314147         -            824   4.3e-07   24.5   0.4   1   2      0.22        15   -0.4   0.0   460   502     4    43     2    77 0.68 -
contig_31429_pilon:272-1088           -            267 5457at314147         -            824   4.3e-07   24.5   0.4   2   2   1.7e-08   1.2e-06   23.1   0.1   633   725    89   178    75   234 0.82 -
contig_66008_pilon:1779-2636          -            286 5457at314147         -            824     1e-06   23.3   0.0   1   2      0.79        55   -2.3   0.0   500   545    23    68    10    74 0.73 -
contig_66008_pilon:1779-2636          -            286 5457at314147         -            824     1e-06   23.3   0.0   2   2     3e-08   2.1e-06   22.2   0.0   627   779    82   229    75   253 0.79 -
NW_025965352.1_RagTag:102445-103867   -            274 5457at314147         -            824   0.00013   16.3   0.0   1   2    0.0037      0.26    5.4   0.0   488   558    69   140    64   145 0.68 -
NW_025965352.1_RagTag:102445-103867   -            274 5457at314147         -            824   0.00013   16.3   0.0   2   2   0.00012    0.0087   10.3   0.0   620   722   137   254   131   264 0.70 -
NW_025965315.1_RagTag:2684245-2683970 -             92 5457at314147         -            824   0.00046   14.5   0.2   1   1   4.3e-05     0.003   11.8   0.3   308   379    17    86     3    91 0.71 -
NW_025965324.1_RagTag:3129234-3106873 -            664 5457at314147         -            824   0.00063   14.0   2.4   1   4      0.26        18   -0.7   0.0   309   327    18    36     8    46 0.86 -
NW_025965324.1_RagTag:3129234-3106873 -            664 5457at314147         -            824   0.00063   14.0   2.4   2   4    0.0024      0.17    6.0   0.1   184   218    63    97    47   108 0.83 -
NW_025965324.1_RagTag:3129234-3106873 -            664 5457at314147         -            824   0.00063   14.0   2.4   3   4      0.26        18   -0.7   0.0   357   381   199   223   157   240 0.74 -
NW_025965324.1_RagTag:3129234-3106873 -            664 5457at314147         -            824   0.00063   14.0   2.4   4   4    0.0076      0.53    4.4   0.1   183   374   340   530   332   546 0.67 -
NW_025965401.1_RagTag:63455-65494     -            216 5457at314147         -            824    0.0037   11.5   0.0   1   1   7.3e-05    0.0051   11.0   0.0   634   731    27   130    17   142 0.71 -
#
# Program:         hmmsearch
# Version:         3.1b2 (February 2015)
# Pipeline mode:   SEARCH
# Query file:      /home/bgerda/guppy_SUP/busco_downloads/lineages/glires_odb10/hmms/5457at314147.hmm
# Target file:     /home/bgerda/guppy_SUP/busco_results_racon/run_glires_odb10/metaeuk_output/rerun_results/ragtag.scaffold.fasta.modified.fas
# Option settings: hmmsearch --domtblout /home/bgerda/guppy_SUP/busco_results_racon/run_glires_odb10/hmmer_output/rerun_results/5457at314147.out --cpu 1 /home/bgerda/guppy_SUP/busco_downloads/lineages/glires_odb10/hmms/5457at314147.hmm /home/bgerda/guppy_SUP/busco_results_racon/run_glires_odb10/metaeuk_output/rerun_results/ragtag.scaffold.fasta.modified.fas 
# Current dir:     /home/bgerda/guppy_SUP
# Date:            Sun May 21 17:29:48 2023
# [ok]
