#                                                                                             --- full sequence --- -------------- this domain -------------   hmm coord   ali coord   env coord
# target name                         accession   tlen query name           accession   qlen   E-value  score  bias   #  of  c-Evalue  i-Evalue  score  bias  from    to  from    to  from    to  acc description of target
#                 ------------------- ---------- ----- -------------------- ---------- ----- --------- ------ ----- --- --- --------- --------- ------ ----- ----- ----- ----- ----- ----- ----- ---- ---------------------
NW_025965099.1_RagTag:14363-15274     -            304 7508at314147         -            777   7.7e-25   83.3   0.0   1   1   1.2e-26   9.1e-25   83.0   0.0   137   301    54   225    28   265 0.85 -
NW_025965499.1_RagTag:3791-2706       -            362 7508at314147         -            777     9e-24   79.7   0.1   1   1   1.4e-25   1.1e-23   79.5   0.1   137   301    44   215    17   257 0.85 -
NW_025965233.1_RagTag:114859-113462   -            466 7508at314147         -            777   1.4e-21   72.5   0.4   1   2   3.2e-23   2.4e-21   71.7   0.0   146   347    50   248     4   260 0.80 -
NW_025965233.1_RagTag:114859-113462   -            466 7508at314147         -            777   1.4e-21   72.5   0.4   2   2      0.84        65   -2.5   0.2   487   528   388   431   367   443 0.74 -
contig_66008_pilon:1779-2636          -            286 7508at314147         -            777   5.4e-21   70.6   0.0   1   1   8.2e-23   6.3e-21   70.3   0.0   148   301    28   182     7   224 0.85 -
NW_025965548.1_RagTag:8433-2018       -            436 7508at314147         -            777   3.3e-20   68.0   1.0   1   1   1.2e-20   9.1e-19   63.2   1.0   158   299   264   408   253   417 0.78 -
NW_025965066.1_RagTag:84022-85665     -            205 7508at314147         -            777   1.6e-18   62.4   0.3   1   2    0.0002     0.016    9.5   0.0   105   133    10    38     4    80 0.73 -
NW_025965066.1_RagTag:84022-85665     -            205 7508at314147         -            777   1.6e-18   62.4   0.3   2   2   5.4e-17   4.2e-15   51.1   0.0   204   305    92   186    82   196 0.86 -
contig_34309_pilon:592-2              -            197 7508at314147         -            777   1.8e-18   62.2   0.0   1   1   2.7e-20   2.1e-18   62.0   0.0   117   291    13   196     5   197 0.83 -
NW_025965352.1_RagTag:102445-103867   -            274 7508at314147         -            777   4.1e-18   61.0   0.0   1   1   6.9e-20   5.4e-18   60.6   0.0   118   307    57   267    49   273 0.75 -
contig_37224_pilon:1693-2424          -            244 7508at314147         -            777   1.2e-17   59.5   0.0   1   1   1.6e-19   1.2e-17   59.4   0.0   120   346     7   240     2   244 0.75 -
contig_34501_pilon:2271-1573          -            233 7508at314147         -            777   9.5e-17   56.5   0.0   1   1   1.4e-18     1e-16   56.4   0.0   179   307     4   133     1   161 0.83 -
contig_31429_pilon:272-1088           -            267 7508at314147         -            777   1.4e-16   56.0   0.0   1   1   1.8e-18   1.4e-16   55.9   0.0   177   301    58   183     2   234 0.89 -
NW_025965313.1_RagTag:82152-83619     -            201 7508at314147         -            777   7.4e-15   50.2   0.2   1   3      0.69        53   -2.2   0.0   128   146    43    61    41    69 0.86 -
NW_025965313.1_RagTag:82152-83619     -            201 7508at314147         -            777   7.4e-15   50.2   0.2   2   3   8.9e-12   6.9e-10   33.8   0.0   207   274    74   139    62   145 0.88 -
NW_025965313.1_RagTag:82152-83619     -            201 7508at314147         -            777   7.4e-15   50.2   0.2   3   3   9.2e-06   0.00071   13.9   0.1   275   302   165   193   150   198 0.84 -
NW_025965279.1_RagTag:78582-79082     -            167 7508at314147         -            777   8.6e-15   50.0   0.0   1   1   1.4e-16   1.1e-14   49.7   0.0   208   293    12    97     4   105 0.93 -
NW_025965222.1_RagTag:185086-183102   -            116 7508at314147         -            777   1.4e-14   49.3   0.1   1   1   2.1e-16   1.6e-14   49.2   0.1   264   354     2    92     1   104 0.91 -
NW_025965287.1_RagTag:72767-73151     -             93 7508at314147         -            777   2.5e-11   38.6   0.1   1   1   4.2e-13   3.2e-11   38.2   0.1   263   354     5    90     3    92 0.90 -
NW_025965401.1_RagTag:63455-65494     -            216 7508at314147         -            777   1.8e-08   29.1   0.0   1   1   3.9e-10     3e-08   28.4   0.0   207   307    25   135    14   139 0.80 -
NW_025965334.1_RagTag:171576-171430   -             49 7508at314147         -            777   1.3e-07   26.3   0.4   1   1   1.6e-09   1.3e-07   26.3   0.4   263   302     4    44     2    49 0.91 -
NW_025965218.1_RagTag:1578470-1576498 -            278 7508at314147         -            777   1.2e-05   19.8   0.0   1   1   2.1e-07   1.6e-05   19.4   0.0   258   301   109   153    96   191 0.85 -
#
# Program:         hmmsearch
# Version:         3.1b2 (February 2015)
# Pipeline mode:   SEARCH
# Query file:      /home/bgerda/guppy_SUP/busco_downloads/lineages/glires_odb10/hmms/7508at314147.hmm
# Target file:     /home/bgerda/guppy_SUP/busco_results_racon/run_glires_odb10/metaeuk_output/rerun_results/ragtag.scaffold.fasta.modified.fas
# Option settings: hmmsearch --domtblout /home/bgerda/guppy_SUP/busco_results_racon/run_glires_odb10/hmmer_output/rerun_results/7508at314147.out --cpu 1 /home/bgerda/guppy_SUP/busco_downloads/lineages/glires_odb10/hmms/7508at314147.hmm /home/bgerda/guppy_SUP/busco_results_racon/run_glires_odb10/metaeuk_output/rerun_results/ragtag.scaffold.fasta.modified.fas 
# Current dir:     /home/bgerda/guppy_SUP
# Date:            Sun May 21 17:29:52 2023
# [ok]
