#                                                                                             --- full sequence --- -------------- this domain -------------   hmm coord   ali coord   env coord
# target name                         accession   tlen query name           accession   qlen   E-value  score  bias   #  of  c-Evalue  i-Evalue  score  bias  from    to  from    to  from    to  acc description of target
#                 ------------------- ---------- ----- -------------------- ---------- ----- --------- ------ ----- --- --- --------- --------- ------ ----- ----- ----- ----- ----- ----- ----- ---- ---------------------
NW_025965099.1_RagTag:14363-15274     -            304 8631at314147         -            535   3.8e-25   84.6   0.1   1   1   6.7e-27   4.6e-25   84.4   0.1   275   515    34   276    10   292 0.76 -
NW_025965499.1_RagTag:3791-2706       -            362 8631at314147         -            535   6.5e-25   83.9   0.0   1   1   1.2e-26   8.3e-25   83.5   0.0   276   515    25   266     8   283 0.81 -
contig_66008_pilon:1779-2636          -            286 8631at314147         -            535   6.6e-23   77.2   0.0   1   1   1.1e-24   7.9e-23   77.0   0.0   288   520     5   238     1   245 0.86 -
contig_34309_pilon:592-2              -            197 8631at314147         -            535   5.6e-21   70.9   0.0   1   1   9.5e-23   6.6e-21   70.6   0.0   275   448    15   193     7   197 0.87 -
NW_025965233.1_RagTag:114859-113462   -            466 8631at314147         -            535   6.8e-21   70.6   0.0   1   1   1.4e-22     1e-20   70.0   0.0   276   525    15   265     6   269 0.83 -
NW_025965279.1_RagTag:78582-79082     -            167 8631at314147         -            535   4.6e-19   64.6   0.0   1   1   7.8e-21   5.4e-19   64.3   0.0   368   517     8   162     2   166 0.86 -
contig_37224_pilon:1693-2424          -            244 8631at314147         -            535   6.9e-18   60.7   0.0   1   1   1.1e-19   7.9e-18   60.5   0.0   276   464     7   200     2   232 0.83 -
contig_34501_pilon:2271-1573          -            233 8631at314147         -            535   1.9e-17   59.2   0.0   1   1   3.2e-19   2.2e-17   59.0   0.0   342   527     2   195     1   201 0.81 -
contig_31429_pilon:272-1088           -            267 8631at314147         -            535   2.8e-12   42.2   0.0   1   1   4.6e-14   3.2e-12   42.0   0.0   338   460    51   182     4   239 0.81 -
NW_025965401.1_RagTag:63455-65494     -            216 8631at314147         -            535   2.4e-11   39.1   0.0   1   1   4.5e-13   3.2e-11   38.7   0.0   361   469    15   137     6   166 0.80 -
NW_025965066.1_RagTag:84022-85665     -            205 8631at314147         -            535   1.2e-08   30.1   0.0   1   2     0.028         2    3.1   0.0   266   336    15    91     6    97 0.75 -
NW_025965066.1_RagTag:84022-85665     -            205 8631at314147         -            535   1.2e-08   30.1   0.0   2   2   5.4e-09   3.8e-07   25.2   0.0   376   469   100   190    92   197 0.82 -
NW_025965334.1_RagTag:171576-171430   -             49 8631at314147         -            535   7.4e-06   21.0   0.5   1   1   1.1e-07   7.9e-06   20.9   0.5   424   461     5    43     2    48 0.89 -
NW_025965222.1_RagTag:185086-183102   -            116 8631at314147         -            535   1.8e-05   19.7   0.1   1   1     3e-07   2.1e-05   19.5   0.1   425   477     3    58     1    72 0.82 -
NW_025965548.1_RagTag:8433-2018       -            436 8631at314147         -            535   0.00016   16.6   0.0   1   1   3.4e-06   0.00024   16.0   0.0   313   406   253   363   240   412 0.76 -
NW_025965218.1_RagTag:1578470-1576498 -            278 8631at314147         -            535    0.0002   16.3   0.0   1   1   3.7e-06   0.00026   15.9   0.0   418   471   109   163    95   190 0.80 -
NW_025965313.1_RagTag:82152-83619     -            201 8631at314147         -            535   0.00024   16.0   0.0   1   1   4.4e-05    0.0031   12.3   0.0   370   431    73   136    58   196 0.85 -
NW_025965287.1_RagTag:72767-73151     -             93 8631at314147         -            535   0.00026   15.9   0.2   1   1   4.1e-06   0.00028   15.8   0.2   424   460     6    43     3    65 0.85 -
NW_025965240.1_RagTag:95899-92013     -            305 8631at314147         -            535    0.0017   13.2   1.0   1   1   3.4e-05    0.0024   12.7   1.0   309   391   222   305   219   305 0.81 -
NW_025965352.1_RagTag:102445-103867   -            274 8631at314147         -            535    0.0051   11.6   0.0   1   1   9.3e-05    0.0065   11.3   0.0   420   461   217   261    52   271 0.83 -
NW_025965256.1_RagTag:238893-234961   -            199 8631at314147         -            535     0.018    9.8   0.0   1   1   0.00034     0.024    9.4   0.0   284   345     5    72     2    76 0.76 -
#
# Program:         hmmsearch
# Version:         3.1b2 (February 2015)
# Pipeline mode:   SEARCH
# Query file:      /home/bgerda/guppy_SUP/busco_downloads/lineages/glires_odb10/hmms/8631at314147.hmm
# Target file:     /home/bgerda/guppy_SUP/busco_results_racon/run_glires_odb10/metaeuk_output/rerun_results/ragtag.scaffold.fasta.modified.fas
# Option settings: hmmsearch --domtblout /home/bgerda/guppy_SUP/busco_results_racon/run_glires_odb10/hmmer_output/rerun_results/8631at314147.out --cpu 1 /home/bgerda/guppy_SUP/busco_downloads/lineages/glires_odb10/hmms/8631at314147.hmm /home/bgerda/guppy_SUP/busco_results_racon/run_glires_odb10/metaeuk_output/rerun_results/ragtag.scaffold.fasta.modified.fas 
# Current dir:     /home/bgerda/guppy_SUP
# Date:            Sun May 21 17:29:53 2023
# [ok]
