#                                                                                             --- full sequence --- -------------- this domain -------------   hmm coord   ali coord   env coord
# target name                         accession   tlen query name           accession   qlen   E-value  score  bias   #  of  c-Evalue  i-Evalue  score  bias  from    to  from    to  from    to  acc description of target
#                 ------------------- ---------- ----- -------------------- ---------- ----- --------- ------ ----- --- --- --------- --------- ------ ----- ----- ----- ----- ----- ----- ----- ---- ---------------------
NW_025965440.1_RagTag:12616-13782     -            389 8853at314147         -            574  1.9e-119  396.1  95.2   1   4   4.2e-37   9.3e-36  119.8  22.1   418   550     1   133     1   133 0.98 -
NW_025965440.1_RagTag:12616-13782     -            389 8853at314147         -            574  1.9e-119  396.1  95.2   2   4   2.1e-33   4.6e-32  107.6  15.8   430   535   125   230   120   231 0.96 -
NW_025965440.1_RagTag:12616-13782     -            389 8853at314147         -            574  1.9e-119  396.1  95.2   3   4   2.2e-37   4.8e-36  120.7  20.7   429   550   180   301   176   302 0.96 -
NW_025965440.1_RagTag:12616-13782     -            389 8853at314147         -            574  1.9e-119  396.1  95.2   4   4   7.2e-28   1.6e-26   89.3  12.6   427   526   290   389   288   389 0.96 -
NW_025965271.1_RagTag:496368-615075   -            290 8853at314147         -            574   8.7e-95  314.7  68.2   1   3   6.4e-47   1.4e-45  152.2  26.8   390   553     1   164     1   165 0.98 -
NW_025965271.1_RagTag:496368-615075   -            290 8853at314147         -            574   8.7e-95  314.7  68.2   2   3   2.6e-28   5.7e-27   90.7  13.5   444   535   139   230   139   232 0.59 -
NW_025965271.1_RagTag:496368-615075   -            290 8853at314147         -            574   8.7e-95  314.7  68.2   3   3   1.3e-30   2.8e-29   98.4  11.9   416   511   195   290   195   290 0.98 -
NW_025965432.1_RagTag:502315-503175   -            287 8853at314147         -            574     2e-79  264.0  45.5   1   3   1.1e-34   2.3e-33  111.8  15.6   436   550     1   115     1   115 0.98 -
NW_025965432.1_RagTag:502315-503175   -            287 8853at314147         -            574     2e-79  264.0  45.5   2   3   1.7e-35   3.7e-34  114.5  15.9   423   549   100   226   100   227 0.97 -
NW_025965432.1_RagTag:502315-503175   -            287 8853at314147         -            574     2e-79  264.0  45.5   3   3   2.1e-19   4.7e-18   61.3   3.6   451   526   212   287   212   287 0.68 -
NW_025965182.1_RagTag:1639771-1640832 -            354 8853at314147         -            574   1.7e-77  257.6  41.8   1   3   2.8e-32   6.1e-31  103.9  10.9   397   546     3   152     1   154 0.94 -
NW_025965182.1_RagTag:1639771-1640832 -            354 8853at314147         -            574   1.7e-77  257.6  41.8   2   3   3.5e-32   7.7e-31  103.5  14.0   417   553   135   271   134   272 0.97 -
NW_025965182.1_RagTag:1639771-1640832 -            354 8853at314147         -            574   1.7e-77  257.6  41.8   3   3   1.2e-22   2.5e-21   72.1   5.2   403   496   261   354   257   354 0.65 -
contig_36320_pilon:719-1438           -            240 8853at314147         -            574   8.4e-70  232.2  57.9   1   2   7.9e-38   1.7e-36  122.2  26.2   415   550     3   138     1   139 0.98 -
contig_36320_pilon:719-1438           -            240 8853at314147         -            574   8.4e-70  232.2  57.9   2   2   4.2e-38   9.4e-37  123.1  23.7   415   539   115   239   115   240 0.98 -
NW_025965375.1_RagTag:139175-138555   -            207 8853at314147         -            574   1.3e-69  231.6  31.1   1   2   6.2e-39   1.4e-37  125.8  10.6   436   550     3   117     1   117 0.98 -
NW_025965375.1_RagTag:139175-138555   -            207 8853at314147         -            574   1.3e-69  231.6  31.1   2   2   9.3e-37   2.1e-35  118.6  12.5   420   528    99   207    98   207 0.99 -
NW_025965250.1_RagTag:230423-229599   -            275 8853at314147         -            574   7.3e-66  219.2  52.9   1   2   2.2e-34   4.8e-33  110.8  24.4   416   554     1   139     1   140 0.98 -
NW_025965250.1_RagTag:230423-229599   -            275 8853at314147         -            574   7.3e-66  219.2  52.9   2   2   1.4e-35     3e-34  114.8  22.3   412   550   136   275   134   275 0.97 -
contig_52188_pilon:954-280            -            225 8853at314147         -            574   7.6e-64  212.5  37.1   1   2   7.5e-33   1.6e-31  105.7  14.2   441   550     1   110     1   110 0.98 -
contig_52188_pilon:954-280            -            225 8853at314147         -            574   7.6e-64  212.5  37.1   2   2   4.8e-36   1.1e-34  116.3  19.0   423   551    95   223    95   225 0.97 -
contig_64050_pilon:909-1490           -            194 8853at314147         -            574   5.2e-63  209.8  43.5   1   2   4.4e-30   9.7e-29   96.6  14.9   415   513     2   100     1   102 0.96 -
contig_64050_pilon:909-1490           -            194 8853at314147         -            574   5.2e-63  209.8  43.5   2   2   5.8e-39   1.3e-37  125.9  20.6   427   550    70   193    68   194 0.97 -
NW_025965215.1_RagTag:22972-21674     -            433 8853at314147         -            574   1.4e-62  208.3  37.2   1   2   1.1e-31   2.4e-30  101.9  12.3   415   539   241   364   233   367 0.96 -
NW_025965215.1_RagTag:22972-21674     -            433 8853at314147         -            574   1.4e-62  208.3  37.2   2   2     3e-37   6.7e-36  120.2  16.9   414   550   296   431   292   433 0.97 -
contig_78026_pilon:1103-2245          -            381 8853at314147         -            574   8.7e-62  205.7  34.3   1   3   7.8e-14   1.7e-12   42.9   4.4   420   528     1   117     1   126 0.89 -
contig_78026_pilon:1103-2245          -            381 8853at314147         -            574   8.7e-62  205.7  34.3   2   3   2.5e-25   5.6e-24   80.9   6.4   443   525   147   229   138   235 0.96 -
contig_78026_pilon:1103-2245          -            381 8853at314147         -            574   8.7e-62  205.7  34.3   3   3   2.3e-29     5e-28   94.2   7.6   418   526   273   381   264   381 0.97 -
NW_025965235.1_RagTag:117217-116603   -            205 8853at314147         -            574   2.7e-61  204.1  39.6   1   2   9.1e-31     2e-29   98.9  10.8   436   532     1    97     1    97 0.98 -
NW_025965235.1_RagTag:117217-116603   -            205 8853at314147         -            574   2.7e-61  204.1  39.6   2   2   1.4e-36   3.1e-35  118.1  20.9   432   554    81   203    78   205 0.97 -
contig_10836_pilon:82-696             -            205 8853at314147         -            574   1.1e-60  202.0  37.3   1   2   8.7e-34   1.9e-32  108.8  17.8   436   549     1   114     1   115 0.97 -
contig_10836_pilon:82-696             -            205 8853at314147         -            574   1.1e-60  202.0  37.3   2   2   2.6e-31   5.7e-30  100.6  12.7   434   528   111   205   107   205 0.98 -
NW_025965436.1_RagTag:1702-734        -            323 8853at314147         -            574   1.6e-60  201.5  78.4   1   3   7.8e-19   1.7e-17   59.4  24.2   419   550     3   125     1   126 0.90 -
NW_025965436.1_RagTag:1702-734        -            323 8853at314147         -            574   1.6e-60  201.5  78.4   2   3   6.8e-30   1.5e-28   96.0  21.8   418   551   105   238   105   241 0.99 -
NW_025965436.1_RagTag:1702-734        -            323 8853at314147         -            574   1.6e-60  201.5  78.4   3   3   5.9e-23   1.3e-21   73.0  16.4   392   496   219   323   219   323 0.93 -
contig_52188_pilon:1642-1031          -            204 8853at314147         -            574   9.7e-59  195.6  32.8   1   2     1e-35   2.2e-34  115.2  16.1   436   550     1   115     1   116 0.99 -
contig_52188_pilon:1642-1031          -            204 8853at314147         -            574   9.7e-59  195.6  32.8   2   2   6.6e-28   1.4e-26   89.4  10.2   436   527   113   204   111   204 0.97 -
NW_025965190.1_RagTag:118103-118654   -            184 8853at314147         -            574   2.3e-58  194.4  18.8   1   2     1e-29   2.2e-28   95.4   5.5   451   543     2    94     1    96 0.96 -
NW_025965190.1_RagTag:118103-118654   -            184 8853at314147         -            574   2.3e-58  194.4  18.8   2   2   1.2e-34   2.8e-33  111.6   5.4   445   548    80   183    80   184 0.69 -
NW_025965250.1_RagTag:8860-9492       -            211 8853at314147         -            574   3.9e-57  190.4  29.3   1   2   6.6e-36   1.5e-34  115.8  13.6   432   551     4   123     2   125 0.97 -
NW_025965250.1_RagTag:8860-9492       -            211 8853at314147         -            574   3.9e-57  190.4  29.3   2   2   2.7e-27   5.9e-26   87.4   7.7   417   527   101   211   101   211 0.99 -
NW_025965250.1_RagTag:47411-46794     -            206 8853at314147         -            574   3.5e-55  183.9  30.4   1   2   7.8e-30   1.7e-28   95.8  10.3   436   550     2   116     1   116 0.97 -
NW_025965250.1_RagTag:47411-46794     -            206 8853at314147         -            574   3.5e-55  183.9  30.4   2   2   2.1e-31   4.6e-30  100.9  12.0   416   528    94   206    94   206 0.99 -
contig_59446_pilon:259-795            -            179 8853at314147         -            574   4.6e-55  183.5  35.2   1   2   5.4e-23   1.2e-21   73.2  13.2   463   543     2    82     1    85 0.86 -
contig_59446_pilon:259-795            -            179 8853at314147         -            574   4.6e-55  183.5  35.2   2   2   4.6e-38     1e-36  122.9  14.0   416   528    67   179    67   179 1.00 -
NW_025965341.1_RagTag:124400-123816   -            195 8853at314147         -            574   1.3e-53  178.7  28.3   1   2   1.6e-26   3.6e-25   84.8   5.1   464   545     1    82     1    82 0.97 -
NW_025965341.1_RagTag:124400-123816   -            195 8853at314147         -            574   1.3e-53  178.7  28.3   2   2   1.6e-32   3.5e-31  104.7  17.4   423   545    72   194    71   195 0.98 -
NW_025965289.1_RagTag:78419-78979     -            187 8853at314147         -            574   6.5e-53  176.4  29.4   1   2   1.6e-32   3.4e-31  104.7  13.4   420   537     1   118     1   120 0.97 -
NW_025965289.1_RagTag:78419-78979     -            187 8853at314147         -            574   6.5e-53  176.4  29.4   2   2   2.1e-26   4.7e-25   84.4   8.0   431   522    96   187    93   187 0.95 -
NW_025965341.1_RagTag:72137-72748     -            204 8853at314147         -            574     1e-52  175.8  26.2   1   2   3.9e-28   8.6e-27   90.2  13.9   436   550     1   115     1   120 0.95 -
NW_025965341.1_RagTag:72137-72748     -            204 8853at314147         -            574     1e-52  175.8  26.2   2   2   1.4e-28     3e-27   91.7   6.3   433   527   110   204   109   204 0.57 -
NW_025965301.1_RagTag:101568-100954   -            205 8853at314147         -            574   1.3e-52  175.4  20.3   1   2   1.4e-31   3.1e-30  101.5   3.7   432   535     1   105     1   107 0.96 -
NW_025965301.1_RagTag:101568-100954   -            205 8853at314147         -            574   1.3e-52  175.4  20.3   2   2   4.6e-27     1e-25   86.6   8.8   439   548    93   201    93   205 0.95 -
NW_025965022.1_RagTag:243066-242485   -            194 8853at314147         -            574   4.2e-52  173.7  19.4   1   2   1.8e-19   4.1e-18   61.5   3.2   439   511     2    74     1    81 0.95 -
NW_025965022.1_RagTag:243066-242485   -            194 8853at314147         -            574   4.2e-52  173.7  19.4   2   2   6.7e-37   1.5e-35  119.1   8.0   432   548    78   194    74   194 0.98 -
NW_025965317.1_RagTag:1373618-1373070 -            183 8853at314147         -            574   5.3e-52  173.4  31.8   1   2   2.7e-39     6e-38  127.0  17.6   416   550     3   137     1   139 0.98 -
NW_025965317.1_RagTag:1373618-1373070 -            183 8853at314147         -            574   5.3e-52  173.4  31.8   2   2     1e-18   2.3e-17   59.0   6.2   417   483   116   182   116   183 0.93 -
contig_33351_pilon:17-583             -            189 8853at314147         -            574   9.6e-51  169.2  26.3   1   2   1.4e-28     3e-27   91.7  11.3   448   550     1   103     1   104 0.99 -
contig_33351_pilon:17-583             -            189 8853at314147         -            574   9.6e-51  169.2  26.3   2   2   1.8e-27   4.1e-26   87.9   8.4   434   524    99   189    97   189 0.81 -
contig_28105_pilon:1415-840           -            192 8853at314147         -            574   1.4e-47  158.8  23.6   1   2   2.4e-29   5.3e-28   94.2   9.9   416   532     3   119     1   121 0.98 -
contig_28105_pilon:1415-840           -            192 8853at314147         -            574   1.4e-47  158.8  23.6   2   2   2.9e-24   6.4e-23   77.4   5.8   431   520   102   191    97   192 0.93 -
contig_18339_pilon:495-968            -            158 8853at314147         -            574   2.4e-47  158.0  42.3   1   2     1e-35   2.3e-34  115.2  24.4   431   550    21   140    13   141 0.97 -
contig_18339_pilon:495-968            -            158 8853at314147         -            574   2.4e-47  158.0  42.3   2   2   1.4e-17   3.1e-16   55.3   9.9   420   483    94   157    94   158 0.90 -
contig_31119_pilon:1872-1279          -            198 8853at314147         -            574   5.7e-47  156.8  26.8   1   2   4.3e-21   9.4e-20   66.9   7.3   416   544     2   131     1   132 0.96 -
contig_31119_pilon:1872-1279          -            198 8853at314147         -            574   5.7e-47  156.8  26.8   2   2   6.5e-32   1.4e-30  102.6  11.5   389   527    60   198    57   198 0.95 -
NW_025965127.1_RagTag:114163-113654   -            170 8853at314147         -            574   1.3e-45  152.3  22.8   1   2   1.1e-30   2.5e-29   98.5  10.4   440   548     2   110     1   112 0.98 -
NW_025965127.1_RagTag:114163-113654   -            170 8853at314147         -            574   1.3e-45  152.3  22.8   2   2   6.5e-21   1.4e-19   66.3   4.5   414   485    88   159    85   170 0.89 -
NW_025965230.1_RagTag:860644-860186   -            153 8853at314147         -            574   4.8e-44  147.1  16.5   1   1   2.8e-45   6.2e-44  146.8  16.5   399   545     6   152     4   153 0.95 -
NW_025965341.1_RagTag:44562-43963     -            200 8853at314147         -            574   2.8e-41  138.0  28.1   1   2   1.4e-18   3.2e-17   58.6   9.5   439   538     2   101     1   103 0.92 -
NW_025965341.1_RagTag:44562-43963     -            200 8853at314147         -            574   2.8e-41  138.0  28.1   2   2   9.5e-29   2.1e-27   92.2  10.6   411   515    85   190    80   199 0.92 -
NW_025965071.1_RagTag:26271-26759     -            163 8853at314147         -            574     5e-37  124.0  22.1   1   2   2.6e-13   5.7e-12   41.2   4.0   466   517     1    51     1    59 0.87 -
NW_025965071.1_RagTag:26271-26759     -            163 8853at314147         -            574     5e-37  124.0  22.1   2   2   8.9e-28     2e-26   89.0  10.2   450   544    68   162    55   163 0.93 -
contig_43334_pilon:1147-1967          -            144 8853at314147         -            574   6.8e-35  116.9  22.8   1   2   2.5e-23   5.6e-22   74.3   9.2   433   512     9    88     4    89 0.95 -
contig_43334_pilon:1147-1967          -            144 8853at314147         -            574   6.8e-35  116.9  22.8   2   2   1.1e-15   2.4e-14   49.1   5.8   440   492    90   142    88   144 0.95 -
NW_025965215.1_RagTag:338153-337497   -            219 8853at314147         -            574   7.1e-35  116.8  26.7   1   2   7.2e-07   1.6e-05   19.9   1.1   425   495     6    79     1    88 0.77 -
NW_025965215.1_RagTag:338153-337497   -            219 8853at314147         -            574   7.1e-35  116.8  26.7   2   2   8.3e-32   1.8e-30  102.3  18.4   434   551    99   215    92   218 0.97 -
NW_025965374.1_RagTag:79809-77578     -            744 8853at314147         -            574   1.6e-34  115.7  55.4   1   7   6.6e-10   1.5e-08   30.0   2.2   444   500     2    58     1    63 0.63 -
NW_025965374.1_RagTag:79809-77578     -            744 8853at314147         -            574   1.6e-34  115.7  55.4   2   7   0.00014     0.003   12.4   3.8   382   466    65   153    59   164 0.76 -
NW_025965374.1_RagTag:79809-77578     -            744 8853at314147         -            574   1.6e-34  115.7  55.4   3   7     0.013       0.3    5.8   2.7   389   551   218   311   183   317 0.48 -
NW_025965374.1_RagTag:79809-77578     -            744 8853at314147         -            574   1.6e-34  115.7  55.4   4   7   1.2e-06   2.7e-05   19.2   3.9   446   568   219   365   214   368 0.70 -
NW_025965374.1_RagTag:79809-77578     -            744 8853at314147         -            574   1.6e-34  115.7  55.4   5   7   2.7e-05   0.00061   14.7   0.7   381   441   433   495   417   501 0.85 -
NW_025965374.1_RagTag:79809-77578     -            744 8853at314147         -            574   1.6e-34  115.7  55.4   6   7   1.9e-17   4.2e-16   54.9  14.5   389   523   501   638   495   647 0.89 -
NW_025965374.1_RagTag:79809-77578     -            744 8853at314147         -            574   1.6e-34  115.7  55.4   7   7     0.049       1.1    4.0   0.0   434   465   684   715   679   740 0.78 -
NW_025965039.1_RagTag:276298-250448   -            195 8853at314147         -            574   2.2e-34  115.2   7.5   1   1   1.2e-35   2.6e-34  115.0   7.5   398   532    56   195    33   195 0.88 -
NW_025965341.1_RagTag:106474-172925   -            257 8853at314147         -            574     2e-33  112.1  22.5   1   2   1.8e-16   4.1e-15   51.6   4.4   494   549    10    65     4    72 0.92 -
NW_025965341.1_RagTag:106474-172925   -            257 8853at314147         -            574     2e-33  112.1  22.5   2   2   1.6e-20   3.5e-19   65.0  12.0   418   525    74   181    64   192 0.94 -
NW_025965375.1_RagTag:139930-139190   -            247 8853at314147         -            574   9.6e-33  109.8  33.0   1   2   2.5e-12   5.5e-11   38.0  12.6   421   551    14   147     6   151 0.92 -
NW_025965375.1_RagTag:139930-139190   -            247 8853at314147         -            574   9.6e-33  109.8  33.0   2   2   1.5e-26   3.3e-25   84.9  12.4   388   511   124   246   121   247 0.94 -
contig_10031_pilon:1322-846           -            159 8853at314147         -            574   1.9e-31  105.5  24.9   1   1     1e-32   2.2e-31  105.3  24.9   393   537    14   157     2   159 0.94 -
NW_025965442.1_RagTag:49839-49393     -            149 8853at314147         -            574   2.3e-31  105.2  19.0   1   1   1.2e-32   2.7e-31  105.0  19.0   414   541    19   146     8   149 0.95 -
NW_025965279.1_RagTag:100214-99645    -            190 8853at314147         -            574   1.7e-30  102.4  16.5   1   2    0.0078      0.17    6.6   0.2   436   474     2    40     1    45 0.91 -
NW_025965279.1_RagTag:100214-99645    -            190 8853at314147         -            574   1.7e-30  102.4  16.5   2   2   1.2e-30   2.6e-29   98.5  11.6   394   539    44   187    41   189 0.86 -
NW_025965279.1_RagTag:44846-44427     -            140 8853at314147         -            574   6.7e-30  100.4   6.2   1   1   2.3e-30     5e-29   97.5   6.4   432   549     6   123     1   131 0.94 -
NW_025965318.1_RagTag:51878-52414     -            179 8853at314147         -            574     8e-26   87.0   7.3   1   1   4.4e-27   9.7e-26   86.7   7.3   420   531     1   112     1   119 0.96 -
NW_025965028.1_RagTag:335459-336641   -            329 8853at314147         -            574   8.4e-26   86.9   8.5   1   2   4.2e-12   9.3e-11   37.2   0.2    15   121    19   124     8   137 0.87 -
NW_025965028.1_RagTag:335459-336641   -            329 8853at314147         -            574   8.4e-26   86.9   8.5   2   2   7.8e-17   1.7e-15   52.8   3.1   446   508   265   327   255   329 0.83 -
contig_81532_pilon:2097-1657          -            147 8853at314147         -            574     1e-22   76.7  22.6   1   1   5.4e-24   1.2e-22   76.5  22.6   415   552     5   144     1   147 0.91 -
NW_025965127.1_RagTag:114477-114148   -            110 8853at314147         -            574   1.1e-22   76.6   6.1   1   1   5.4e-24   1.2e-22   76.5   6.1   420   526     1   108     1   110 0.96 -
NW_025965432.1_RagTag:501829-502311   -            161 8853at314147         -            574     5e-20   67.8  15.3   1   1   2.8e-21   6.1e-20   67.5  15.3   390   545     8   160     4   161 0.97 -
NW_025965233.1_RagTag:186383-188742   -            257 8853at314147         -            574   1.5e-17   59.6  23.1   1   1   3.7e-17   8.2e-16   53.9  23.6   392   549   101   254    99   257 0.90 -
NW_025965281.1_RagTag:499506-497614   -            631 8853at314147         -            574   1.8e-17   59.4  29.7   1   3   4.9e-12   1.1e-10   37.0   0.6    14   108    17   111    11   132 0.86 -
NW_025965281.1_RagTag:499506-497614   -            631 8853at314147         -            574   1.8e-17   59.4  29.7   2   3      0.15       3.4    2.3  11.3   224   467   141   392   131   401 0.60 -
NW_025965281.1_RagTag:499506-497614   -            631 8853at314147         -            574   1.8e-17   59.4  29.7   3   3   5.7e-10   1.3e-08   30.2   3.6   442   550   456   536   443   552 0.56 -
NW_025965297.1_RagTag:247529-248653   -            301 8853at314147         -            574   2.7e-14   48.9   6.7   1   1   2.2e-15   4.9e-14   48.0   6.7   476   554    74   152    66   161 0.69 -
NW_025965344.1_RagTag:898-710         -             63 8853at314147         -            574   6.2e-13   44.4   1.5   1   1     3e-14   6.6e-13   44.3   1.5   500   554     5    59     1    62 0.90 -
NW_025965200.1_RagTag:16831-17695     -            244 8853at314147         -            574   2.4e-11   39.1   2.4   1   1   1.4e-12   3.2e-11   38.8   2.4   370   497   110   240    98   243 0.83 -
NW_025965341.1_RagTag:99789-100445    -            219 8853at314147         -            574   2.9e-11   38.9   9.0   1   2   1.8e-07     4e-06   21.9   2.0   439   528    19   110     5   136 0.75 -
NW_025965341.1_RagTag:99789-100445    -            219 8853at314147         -            574   2.9e-11   38.9   9.0   2   2   2.9e-07   6.3e-06   21.3   0.7   496   532   161   197   142   217 0.74 -
NW_025965191.1_RagTag:501978-500455   -            508 8853at314147         -            574   1.9e-09   32.9   0.0   1   1   1.2e-10   2.6e-09   32.4   0.0    13   126     6   119     2   143 0.89 -
NW_025965054.1_RagTag:36309-35659     -            217 8853at314147         -            574   3.2e-09   32.2  14.7   1   2     2e-10   4.5e-09   31.7   4.5   433   502    45   114    14   129 0.81 -
NW_025965054.1_RagTag:36309-35659     -            217 8853at314147         -            574   3.2e-09   32.2  14.7   2   2     0.011      0.25    6.1   2.5   492   536   166   210   133   216 0.73 -
NW_025965324.1_RagTag:640103-637710   -            506 8853at314147         -            574   4.9e-09   31.5   2.8   1   2   2.2e-10   4.9e-09   31.5   2.8   504   553     1    50     1    65 0.88 -
NW_025965324.1_RagTag:640103-637710   -            506 8853at314147         -            574   4.9e-09   31.5   2.8   2   2       3.1        69   -2.0   0.0   440   466   292   318   283   323 0.79 -
NW_025965300.1_RagTag:165512-166000   -            163 8853at314147         -            574   8.9e-09   30.7   1.6   1   1   5.1e-10   1.1e-08   30.3   1.6   443   492   113   162   105   163 0.81 -
NW_025965259.1_RagTag:155329-153884   -            482 8853at314147         -            574   8.1e-08   27.5   3.0   1   2      0.39       8.7    1.0   0.1   445   472    19    46    12    51 0.88 -
NW_025965259.1_RagTag:155329-153884   -            482 8853at314147         -            574   8.1e-08   27.5   3.0   2   2   3.7e-09   8.1e-08   27.5   3.0   469   541   409   481   368   482 0.72 -
NW_025965375.1_RagTag:125958-125506   -            151 8853at314147         -            574   1.3e-07   26.8  10.4   1   1   6.8e-09   1.5e-07   26.6  10.4   411   550    11   149     8   151 0.76 -
NW_025965317.1_RagTag:1374195-1373608 -            196 8853at314147         -            574   1.3e-06   23.5  14.2   1   2     0.038      0.84    4.3   6.9   432   539    35   135     8   143 0.64 -
NW_025965317.1_RagTag:1374195-1373608 -            196 8853at314147         -            574   1.3e-06   23.5  14.2   2   2   1.2e-06   2.7e-05   19.2   6.5   416   501    97   196    92   196 0.67 -
NW_025965172.1_RagTag:365765-366925   -            387 8853at314147         -            574   3.5e-06   22.1   0.1   1   1   2.2e-07   4.8e-06   21.7   0.1    48   126    10    84     2   112 0.85 -
NW_025965359.1_RagTag:192785-193660   -            292 8853at314147         -            574   8.1e-06   20.9   0.1   1   1   4.9e-07   1.1e-05   20.5   0.1    29   123   120   214   106   258 0.77 -
#
# Program:         hmmsearch
# Version:         3.1b2 (February 2015)
# Pipeline mode:   SEARCH
# Query file:      /home/bgerda/guppy_SUP/busco_downloads/lineages/glires_odb10/hmms/8853at314147.hmm
# Target file:     /home/bgerda/guppy_SUP/busco_results_racon/run_glires_odb10/metaeuk_output/rerun_results/ragtag.scaffold.fasta.modified.fas
# Option settings: hmmsearch --domtblout /home/bgerda/guppy_SUP/busco_results_racon/run_glires_odb10/hmmer_output/rerun_results/8853at314147.out --cpu 1 /home/bgerda/guppy_SUP/busco_downloads/lineages/glires_odb10/hmms/8853at314147.hmm /home/bgerda/guppy_SUP/busco_results_racon/run_glires_odb10/metaeuk_output/rerun_results/ragtag.scaffold.fasta.modified.fas 
# Current dir:     /home/bgerda/guppy_SUP
# Date:            Sun May 21 17:29:52 2023
# [ok]
