#                                                                                             --- full sequence --- -------------- this domain -------------   hmm coord   ali coord   env coord
# target name                         accession   tlen query name           accession   qlen   E-value  score  bias   #  of  c-Evalue  i-Evalue  score  bias  from    to  from    to  from    to  acc description of target
#                 ------------------- ---------- ----- -------------------- ---------- ----- --------- ------ ----- --- --- --------- --------- ------ ----- ----- ----- ----- ----- ----- ----- ---- ---------------------
NW_025965440.1_RagTag:12616-13782     -            389 9241at314147         -            536   2.6e-55  184.6  81.1   1   6   6.4e-16   1.4e-14   50.2   5.7   396   477     2    82     1    85 0.96 -
NW_025965440.1_RagTag:12616-13782     -            389 9241at314147         -            536   2.6e-55  184.6  81.1   2   6   1.6e-12   3.6e-11   39.0   8.3   396   477    86   166    79   169 0.87 -
NW_025965440.1_RagTag:12616-13782     -            389 9241at314147         -            536   2.6e-55  184.6  81.1   3   6   4.3e-14   9.4e-13   44.2   5.5   396   477   142   222   139   226 0.96 -
NW_025965440.1_RagTag:12616-13782     -            389 9241at314147         -            536   2.6e-55  184.6  81.1   4   6   6.3e-14   1.4e-12   43.6   6.6   396   477   170   250   168   253 0.97 -
NW_025965440.1_RagTag:12616-13782     -            389 9241at314147         -            536   2.6e-55  184.6  81.1   5   6   1.3e-12   2.8e-11   39.3   8.0   396   477   226   306   224   310 0.96 -
NW_025965440.1_RagTag:12616-13782     -            389 9241at314147         -            536   2.6e-55  184.6  81.1   6   6   6.5e-12   1.4e-10   37.0   7.2   396   476   310   389   307   389 0.89 -
NW_025965271.1_RagTag:496368-615075   -            290 9241at314147         -            536   1.1e-47  159.4  53.3   1   5   8.3e-15   1.8e-13   46.5   1.6   397   477     3    82     2    85 0.94 -
NW_025965271.1_RagTag:496368-615075   -            290 9241at314147         -            536   1.1e-47  159.4  53.3   2   5   1.2e-13   2.5e-12   42.7   7.5   396   477    86   166    83   169 0.96 -
NW_025965271.1_RagTag:496368-615075   -            290 9241at314147         -            536   1.1e-47  159.4  53.3   3   5     3e-14   6.4e-13   44.7   6.1   396   477   142   222   140   225 0.96 -
NW_025965271.1_RagTag:496368-615075   -            290 9241at314147         -            536   1.1e-47  159.4  53.3   4   5   1.4e-14   3.1e-13   45.7   4.4   396   477   170   250   168   252 0.97 -
NW_025965271.1_RagTag:496368-615075   -            290 9241at314147         -            536   1.1e-47  159.4  53.3   5   5   2.1e-10   4.5e-09   32.0   2.7   396   459   226   288   223   290 0.65 -
NW_025965182.1_RagTag:1639771-1640832 -            354 9241at314147         -            536   3.6e-41  137.9  30.9   1   5   1.9e-05   0.00041   15.6   0.1   400   461     1    61     1    70 0.70 -
NW_025965182.1_RagTag:1639771-1640832 -            354 9241at314147         -            536   3.6e-41  137.9  30.9   2   5   4.4e-14   9.6e-13   44.1   2.5   409   481    66   138    56   145 0.85 -
NW_025965182.1_RagTag:1639771-1640832 -            354 9241at314147         -            536   3.6e-41  137.9  30.9   3   5   2.3e-13     5e-12   41.8   2.9   395   478   136   218   132   222 0.92 -
NW_025965182.1_RagTag:1639771-1640832 -            354 9241at314147         -            536   3.6e-41  137.9  30.9   4   5   8.5e-13   1.8e-11   39.9   6.0   397   483   222   308   220   314 0.92 -
NW_025965182.1_RagTag:1639771-1640832 -            354 9241at314147         -            536   3.6e-41  137.9  30.9   5   5   0.00014    0.0031   12.8   0.7   397   442   306   351   302   354 0.72 -
contig_52188_pilon:954-280            -            225 9241at314147         -            536   1.8e-39  132.3  37.6   1   4   3.1e-11   6.8e-10   34.7   1.7   419   477     2    59     1    61 0.95 -
contig_52188_pilon:954-280            -            225 9241at314147         -            536   1.8e-39  132.3  37.6   2   4   5.7e-15   1.2e-13   47.1   6.0   396   477    35   115    33   116 0.97 -
contig_52188_pilon:954-280            -            225 9241at314147         -            536   1.8e-39  132.3  37.6   3   4   4.9e-17   1.1e-15   53.9   5.4   396   477    91   171    89   173 0.97 -
contig_52188_pilon:954-280            -            225 9241at314147         -            536   1.8e-39  132.3  37.6   4   4     4e-11   8.6e-10   34.4   1.7   419   475   170   225   169   225 0.96 -
contig_52188_pilon:1642-1031          -            204 9241at314147         -            536   1.1e-36  123.1  47.4   1   4   1.7e-06   3.7e-05   19.1   0.3   447   477     6    36     1    38 0.91 -
contig_52188_pilon:1642-1031          -            204 9241at314147         -            536   1.1e-36  123.1  47.4   2   4   1.1e-14   2.4e-13   46.1   6.9   397   477    13    92    12    94 0.97 -
contig_52188_pilon:1642-1031          -            204 9241at314147         -            536   1.1e-36  123.1  47.4   3   4   5.8e-16   1.3e-14   50.4  11.0   396   518    68   176    66   177 0.91 -
contig_52188_pilon:1642-1031          -            204 9241at314147         -            536   1.1e-36  123.1  47.4   4   4   6.7e-14   1.5e-12   43.5   7.6   396   477   124   204   123   204 0.97 -
NW_025965432.1_RagTag:502315-503175   -            287 9241at314147         -            536   3.8e-35  118.1  55.6   1   5   3.9e-09   8.5e-08   27.8   3.0   413   477     1    64     1    67 0.95 -
NW_025965432.1_RagTag:502315-503175   -            287 9241at314147         -            536   3.8e-35  118.1  55.6   2   5     5e-13   1.1e-11   40.7   4.2   396   478    68   149    65   153 0.96 -
NW_025965432.1_RagTag:502315-503175   -            287 9241at314147         -            536   3.8e-35  118.1  55.6   3   5   8.1e-12   1.7e-10   36.7   5.2   396   479    96   178    93   182 0.94 -
NW_025965432.1_RagTag:502315-503175   -            287 9241at314147         -            536   3.8e-35  118.1  55.6   4   5   1.6e-11   3.4e-10   35.7   6.2   396   477   152   232   150   233 0.95 -
NW_025965432.1_RagTag:502315-503175   -            287 9241at314147         -            536   3.8e-35  118.1  55.6   5   5   8.1e-10   1.8e-08   30.1   5.3   397   476   209   287   209   287 0.97 -
contig_64050_pilon:909-1490           -            194 9241at314147         -            536   4.6e-35  117.8  44.2   1   4   1.2e-13   2.6e-12   42.7   4.8   396   477     6    86     1    90 0.96 -
contig_64050_pilon:909-1490           -            194 9241at314147         -            536   4.6e-35  117.8  44.2   2   4   1.9e-13     4e-12   42.1   4.7   397   477    35   114    34   118 0.94 -
contig_64050_pilon:909-1490           -            194 9241at314147         -            536   4.6e-35  117.8  44.2   3   4   8.7e-13   1.9e-11   39.9   7.4   396   477    62   142    61   143 0.96 -
contig_64050_pilon:909-1490           -            194 9241at314147         -            536   4.6e-35  117.8  44.2   4   4   3.7e-10   8.1e-09   31.2   3.6   396   473   118   194   116   194 0.93 -
contig_33351_pilon:17-583             -            189 9241at314147         -            536     1e-33  113.3  31.3   1   3   2.1e-14   4.6e-13   45.2   3.3   397   477     1    80     1    83 0.97 -
contig_33351_pilon:17-583             -            189 9241at314147         -            536     1e-33  113.3  31.3   2   3   3.3e-18   7.1e-17   57.8   8.0   396   518    56   164    54   165 0.93 -
contig_33351_pilon:17-583             -            189 9241at314147         -            536     1e-33  113.3  31.3   3   3   1.8e-11   3.9e-10   35.5   4.2   397   474   113   189   112   189 0.95 -
NW_025965375.1_RagTag:139175-138555   -            207 9241at314147         -            536   1.8e-30  102.7  19.7   1   3   1.2e-12   2.5e-11   39.4   0.9   413   477     3    66     2    70 0.96 -
NW_025965375.1_RagTag:139175-138555   -            207 9241at314147         -            536   1.8e-30  102.7  19.7   2   3   5.4e-15   1.2e-13   47.1   2.5   396   477    70   150    67   152 0.96 -
NW_025965375.1_RagTag:139175-138555   -            207 9241at314147         -            536   1.8e-30  102.7  19.7   3   3   1.9e-12     4e-11   38.8   5.2   397   477   127   206   126   207 0.94 -
contig_36320_pilon:719-1438           -            240 9241at314147         -            536   9.3e-30  100.3  62.9   1   5   9.7e-09   2.1e-07   26.5   2.8   419   477     2    59     1    62 0.94 -
contig_36320_pilon:719-1438           -            240 9241at314147         -            536   9.3e-30  100.3  62.9   2   5   1.7e-11   3.8e-10   35.6   9.1   396   477    35   115    34   118 0.96 -
contig_36320_pilon:719-1438           -            240 9241at314147         -            536   9.3e-30  100.3  62.9   3   5   4.8e-12     1e-10   37.4   9.7   396   477    63   143    61   146 0.96 -
contig_36320_pilon:719-1438           -            240 9241at314147         -            536   9.3e-30  100.3  62.9   4   5   6.8e-12   1.5e-10   36.9   9.7   396   477   119   199   117   202 0.96 -
contig_36320_pilon:719-1438           -            240 9241at314147         -            536   9.3e-30  100.3  62.9   5   5   3.3e-05   0.00073   14.8   1.0   396   432   203   239   200   240 0.55 -
NW_025965250.1_RagTag:47411-46794     -            206 9241at314147         -            536   6.4e-28   94.2  14.1   1   3   1.1e-13   2.3e-12   42.9   1.4   396   476    13    92     1    93 0.93 -
NW_025965250.1_RagTag:47411-46794     -            206 9241at314147         -            536   6.4e-28   94.2  14.1   2   3   5.3e-12   1.1e-10   37.3   0.8   412   477    85   149    83   152 0.95 -
NW_025965250.1_RagTag:47411-46794     -            206 9241at314147         -            536   6.4e-28   94.2  14.1   3   3   1.9e-10   4.1e-09   32.2   0.4   420   477   149   205   148   206 0.94 -
NW_025965235.1_RagTag:117217-116603   -            205 9241at314147         -            536   1.6e-27   92.9  22.6   1   3   2.9e-14   6.3e-13   44.7   3.6   390   477     6    92     1    96 0.92 -
NW_025965235.1_RagTag:117217-116603   -            205 9241at314147         -            536   1.6e-27   92.9  22.6   2   3   2.2e-15   4.8e-14   48.4   4.7   396   477    96   176    93   179 0.96 -
NW_025965235.1_RagTag:117217-116603   -            205 9241at314147         -            536   1.6e-27   92.9  22.6   3   3    0.0002    0.0044   12.3   0.3   448   477   175   204   175   205 0.94 -
contig_78026_pilon:1103-2245          -            381 9241at314147         -            536   4.1e-27   91.6  20.9   1   5   4.8e-07   1.1e-05   20.9   0.7   422   472    29    79     1    83 0.88 -
contig_78026_pilon:1103-2245          -            381 9241at314147         -            536   4.1e-27   91.6  20.9   2   5     5e-09   1.1e-07   27.4   1.5   393   478    28   117    27   126 0.89 -
contig_78026_pilon:1103-2245          -            381 9241at314147         -            536   4.1e-27   91.6  20.9   3   5   3.3e-10   7.2e-09   31.3   0.8   396   475   151   229   142   238 0.93 -
contig_78026_pilon:1103-2245          -            381 9241at314147         -            536   4.1e-27   91.6  20.9   4   5   5.3e-06   0.00011   17.5   0.5   423   477   273   326   264   327 0.92 -
contig_78026_pilon:1103-2245          -            381 9241at314147         -            536   4.1e-27   91.6  20.9   5   5   1.4e-11   3.1e-10   35.8   1.4   397   476   303   381   301   381 0.95 -
NW_025965028.1_RagTag:335459-336641   -            329 9241at314147         -            536   5.3e-27   91.2   6.8   1   2   8.3e-21   1.8e-19   66.3   0.1     8   120    10   126     4   140 0.90 -
NW_025965028.1_RagTag:335459-336641   -            329 9241at314147         -            536   5.3e-27   91.2   6.8   2   2   8.3e-09   1.8e-07   26.7   2.3   396   458   266   327   247   329 0.86 -
contig_10836_pilon:82-696             -            205 9241at314147         -            536     7e-27   90.8  26.1   1   3   5.5e-13   1.2e-11   40.5   4.9   413   478     1    65     1    78 0.89 -
contig_10836_pilon:82-696             -            205 9241at314147         -            536     7e-27   90.8  26.1   2   3   3.1e-13   6.7e-12   41.3   3.3   396   477    68   148    65   150 0.95 -
contig_10836_pilon:82-696             -            205 9241at314147         -            536     7e-27   90.8  26.1   3   3   4.9e-10   1.1e-08   30.8   9.0   397   477   125   204   125   205 0.96 -
NW_025965341.1_RagTag:124400-123816   -            195 9241at314147         -            536   8.4e-26   87.2  21.1   1   3   4.4e-13   9.6e-12   40.8   0.5   413   477     1    64     1    66 0.96 -
NW_025965341.1_RagTag:124400-123816   -            195 9241at314147         -            536   8.4e-26   87.2  21.1   2   3   2.7e-11   5.8e-10   34.9   3.4   412   477    56   120    55   124 0.95 -
NW_025965341.1_RagTag:124400-123816   -            195 9241at314147         -            536   8.4e-26   87.2  21.1   3   3   2.3e-10   4.9e-09   31.9   4.5   396   467   124   194   121   195 0.94 -
NW_025965317.1_RagTag:1373618-1373070 -            183 9241at314147         -            536   1.1e-24   83.6  18.2   1   2   7.7e-18   1.7e-16   56.5  13.0   396   515     6   139     3   139 0.90 -
NW_025965317.1_RagTag:1373618-1373070 -            183 9241at314147         -            536   1.1e-24   83.6  18.2   2   2     2e-11   4.4e-10   35.3   2.8   396   461   118   182   116   183 0.96 -
NW_025965190.1_RagTag:118103-118654   -            184 9241at314147         -            536   5.3e-24   81.3  14.8   1   3     2e-12   4.3e-11   38.7   1.9   400   477     2    78     1    81 0.92 -
NW_025965190.1_RagTag:118103-118654   -            184 9241at314147         -            536   5.3e-24   81.3  14.8   2   3   2.7e-06     6e-05   18.4   1.5   396   436    82   122    79   127 0.89 -
NW_025965190.1_RagTag:118103-118654   -            184 9241at314147         -            536   5.3e-24   81.3  14.8   3   3   7.2e-14   1.6e-12   43.4   0.8   396   470   110   183   108   184 0.95 -
NW_025965289.1_RagTag:78419-78979     -            187 9241at314147         -            536   2.5e-23   79.0  18.2   1   3   1.2e-06   2.7e-05   19.6   2.5   425   477     1    52     1    57 0.86 -
NW_025965289.1_RagTag:78419-78979     -            187 9241at314147         -            536   2.5e-23   79.0  18.2   2   3   2.4e-15   5.1e-14   48.3   3.7   396   478    56   137    53   141 0.95 -
NW_025965289.1_RagTag:78419-78979     -            187 9241at314147         -            536   2.5e-23   79.0  18.2   3   3   8.9e-07   1.9e-05   20.0   0.4   396   435   140   179   137   186 0.88 -
NW_025965341.1_RagTag:72137-72748     -            204 9241at314147         -            536   3.1e-23   78.8  19.0   1   3   7.9e-08   1.7e-06   23.5   1.3   413   478     1    65     1    68 0.94 -
NW_025965341.1_RagTag:72137-72748     -            204 9241at314147         -            536   3.1e-23   78.8  19.0   2   3   5.5e-14   1.2e-12   43.8   3.1   396   477    68   148    66   151 0.96 -
NW_025965341.1_RagTag:72137-72748     -            204 9241at314147         -            536   3.1e-23   78.8  19.0   3   3   2.4e-10   5.1e-09   31.8   1.2   412   477   140   204   136   204 0.95 -
contig_59446_pilon:259-795            -            179 9241at314147         -            536   6.8e-23   77.6  27.7   1   2   3.4e-15   7.3e-14   47.8  17.9   412   512     2   116     1   117 0.87 -
contig_59446_pilon:259-795            -            179 9241at314147         -            536   6.8e-23   77.6  27.7   2   2   5.2e-12   1.1e-10   37.3   4.9   396   477    98   178    96   179 0.95 -
NW_025965250.1_RagTag:230423-229599   -            275 9241at314147         -            536     1e-22   77.0  39.5   1   3   1.8e-13   3.8e-12   42.2  18.7   396   505     4   129     2   135 0.85 -
NW_025965250.1_RagTag:230423-229599   -            275 9241at314147         -            536     1e-22   77.0  39.5   2   3   1.6e-07   3.5e-06   22.5   6.3   413   485   133   205   129   212 0.88 -
NW_025965250.1_RagTag:230423-229599   -            275 9241at314147         -            536     1e-22   77.0  39.5   3   3     4e-07   8.6e-06   21.2   3.8   397   469   201   272   199   275 0.84 -
NW_025965250.1_RagTag:8860-9492       -            211 9241at314147         -            536   1.3e-22   76.7  34.9   1   3   5.3e-11   1.1e-09   34.0  10.4   408   518     3   127     1   128 0.84 -
NW_025965250.1_RagTag:8860-9492       -            211 9241at314147         -            536   1.3e-22   76.7  34.9   2   3   2.9e-11   6.3e-10   34.8   4.4   397   477   104   183   103   186 0.90 -
NW_025965250.1_RagTag:8860-9492       -            211 9241at314147         -            536   1.3e-22   76.7  34.9   3   3   7.3e-11   1.6e-09   33.5   4.3   397   477   132   211   131   211 0.96 -
NW_025965281.1_RagTag:499506-497614   -            631 9241at314147         -            536   2.4e-22   75.8   6.3   1   3   3.1e-15   6.7e-14   47.9   0.2    10   116    11   123     1   129 0.85 -
NW_025965281.1_RagTag:499506-497614   -            631 9241at314147         -            536   2.4e-22   75.8   6.3   2   3   6.2e-05    0.0014   13.9   0.0   422   473   341   392   338   409 0.92 -
NW_025965281.1_RagTag:499506-497614   -            631 9241at314147         -            536   2.4e-22   75.8   6.3   3   3   1.6e-05   0.00036   15.9   0.3   396   490   461   555   442   564 0.84 -
NW_025965301.1_RagTag:101568-100954   -            205 9241at314147         -            536   6.5e-22   74.4  20.4   1   3     6e-08   1.3e-06   23.9   0.3   412   477     4    69     1    70 0.89 -
NW_025965301.1_RagTag:101568-100954   -            205 9241at314147         -            536   6.5e-22   74.4  20.4   2   3   5.9e-10   1.3e-08   30.5   0.2   410   477    30    97    27    98 0.91 -
NW_025965301.1_RagTag:101568-100954   -            205 9241at314147         -            536   6.5e-22   74.4  20.4   3   3   9.4e-13     2e-11   39.8   9.9   397   512    74   202    73   205 0.88 -
NW_025965022.1_RagTag:243066-242485   -            194 9241at314147         -            536   2.3e-20   69.3  12.1   1   3   4.2e-09   9.1e-08   27.7   0.9   396   457    10    70     1    79 0.62 -
NW_025965022.1_RagTag:243066-242485   -            194 9241at314147         -            536   2.3e-20   69.3  12.1   2   3     3e-10   6.6e-09   31.5   0.3   413   477    82   145    63   149 0.89 -
NW_025965022.1_RagTag:243066-242485   -            194 9241at314147         -            536   2.3e-20   69.3  12.1   3   3   3.3e-06   7.1e-05   18.2   0.4   397   441   150   194   146   194 0.94 -
NW_025965230.1_RagTag:860644-860186   -            153 9241at314147         -            536   9.1e-20   67.3  13.4   1   2   1.9e-12     4e-11   38.8   2.1   412   477    14    78     8    82 0.94 -
NW_025965230.1_RagTag:860644-860186   -            153 9241at314147         -            536   9.1e-20   67.3  13.4   2   2   3.5e-11   7.5e-10   34.6   3.7   396   465    82   150    79   153 0.94 -
NW_025965215.1_RagTag:22972-21674     -            433 9241at314147         -            536   1.1e-19   67.0  18.5   1   3   1.3e-09   2.8e-08   29.4   0.9   414   476   235   296   227   303 0.91 -
NW_025965215.1_RagTag:22972-21674     -            433 9241at314147         -            536   1.1e-19   67.0  18.5   2   3   4.1e-05    0.0009   14.5   0.5   423   477   300   352   297   355 0.92 -
NW_025965215.1_RagTag:22972-21674     -            433 9241at314147         -            536   1.1e-19   67.0  18.5   3   3   1.5e-10   3.2e-09   32.5   4.6   396   474   356   433   353   433 0.96 -
contig_28105_pilon:1415-840           -            192 9241at314147         -            536   2.1e-19   66.1  14.3   1   2   4.2e-11   9.1e-10   34.3   1.6   396   477     6    86     2    90 0.96 -
contig_28105_pilon:1415-840           -            192 9241at314147         -            536   2.1e-19   66.1  14.3   2   2   2.2e-11   4.8e-10   35.2   4.7   397   509    91   189    87   192 0.82 -
NW_025965341.1_RagTag:44562-43963     -            200 9241at314147         -            536   5.5e-19   64.7  18.5   1   3     2e-08   4.3e-07   25.5   3.0   416   477     2    62     1    67 0.93 -
NW_025965341.1_RagTag:44562-43963     -            200 9241at314147         -            536   5.5e-19   64.7  18.5   2   3   3.1e-08   6.7e-07   24.9   3.0   397   478    39   119    37   124 0.91 -
NW_025965341.1_RagTag:44562-43963     -            200 9241at314147         -            536   5.5e-19   64.7  18.5   3   3   2.7e-11   5.8e-10   35.0   3.2   396   472   122   197   120   200 0.94 -
contig_18339_pilon:495-968            -            158 9241at314147         -            536     6e-19   64.6  20.8   1   2   5.5e-12   1.2e-10   37.2   8.2   408   478    21    90     7    96 0.89 -
contig_18339_pilon:495-968            -            158 9241at314147         -            536     6e-19   64.6  20.8   2   2   7.3e-11   1.6e-09   33.5   5.6   396   461    93   157    91   158 0.95 -
NW_025965127.1_RagTag:114163-113654   -            170 9241at314147         -            536   2.2e-18   62.7  10.6   1   2   1.2e-10   2.7e-09   32.8   4.1   397   491    10    90     1    99 0.58 -
NW_025965127.1_RagTag:114163-113654   -            170 9241at314147         -            536   2.2e-18   62.7  10.6   2   2     7e-10   1.5e-08   30.3   1.2   396   474    93   170    91   170 0.91 -
NW_025965341.1_RagTag:106474-172925   -            257 9241at314147         -            536   6.2e-18   61.3  15.6   1   2     4e-11   8.7e-10   34.4   6.0   396   479    19   101     4   105 0.92 -
NW_025965341.1_RagTag:106474-172925   -            257 9241at314147         -            536   6.2e-18   61.3  15.6   2   2     2e-10   4.3e-09   32.1   2.9   396   475   103   181   100   185 0.95 -
contig_31119_pilon:1872-1279          -            198 9241at314147         -            536   6.3e-18   61.2  12.8   1   3   2.4e-07   5.2e-06   21.9   0.2   421   477    30    86     4    89 0.89 -
contig_31119_pilon:1872-1279          -            198 9241at314147         -            536   6.3e-18   61.2  12.8   2   3   1.9e-08   4.1e-07   25.5   0.4   404   477    41   114    32   118 0.79 -
contig_31119_pilon:1872-1279          -            198 9241at314147         -            536   6.3e-18   61.2  12.8   3   3   5.6e-11   1.2e-09   33.9   1.6   396   477   118   198   112   198 0.93 -
NW_025965215.1_RagTag:338153-337497   -            219 9241at314147         -            536   7.1e-17   57.8  12.5   1   3         1        22    0.0   0.0   454   478     1    25     1    44 0.85 -
NW_025965215.1_RagTag:338153-337497   -            219 9241at314147         -            536   7.1e-17   57.8  12.5   2   3     1e-13   2.2e-12   42.9   0.5   407   477    95   164    75   166 0.88 -
NW_025965215.1_RagTag:338153-337497   -            219 9241at314147         -            536   7.1e-17   57.8  12.5   3   3   1.5e-08   3.3e-07   25.9   5.9   411   477   155   219   153   219 0.90 -
contig_10031_pilon:1322-846           -            159 9241at314147         -            536   9.9e-16   54.0  17.7   1   2     6e-08   1.3e-06   23.9   3.9   405   477    21    91     3    93 0.87 -
contig_10031_pilon:1322-846           -            159 9241at314147         -            536   9.9e-16   54.0  17.7   2   2   1.4e-13   3.1e-12   42.4   5.9   411   478    82   148    79   158 0.91 -
contig_43334_pilon:1147-1967          -            144 9241at314147         -            536   8.8e-15   50.9  15.6   1   1     4e-16   8.8e-15   50.9  15.6   411   518    10   121     4   122 0.93 -
NW_025965374.1_RagTag:79809-77578     -            744 9241at314147         -            536     2e-14   49.7  61.1   1   8     2e-06   4.4e-05   18.8   4.2   479   518    18    57     1    63 0.72 -
NW_025965374.1_RagTag:79809-77578     -            744 9241at314147         -            536     2e-14   49.7  61.1   2   8      0.17       3.6    2.6   4.1   396   474    74   155    61   166 0.59 -
NW_025965374.1_RagTag:79809-77578     -            744 9241at314147         -            536     2e-14   49.7  61.1   3   8    0.0012     0.025    9.7   1.7   422   523   218   322   212   324 0.78 -
NW_025965374.1_RagTag:79809-77578     -            744 9241at314147         -            536     2e-14   49.7  61.1   4   8   6.4e-05    0.0014   13.9   2.1   422   516   289   398   286   409 0.71 -
NW_025965374.1_RagTag:79809-77578     -            744 9241at314147         -            536     2e-14   49.7  61.1   5   8     9e-07     2e-05   20.0   5.2   389   512   435   549   430   556 0.76 -
NW_025965374.1_RagTag:79809-77578     -            744 9241at314147         -            536     2e-14   49.7  61.1   6   8   7.7e-05    0.0017   13.6   1.1   422   472   529   580   523   586 0.86 -
NW_025965374.1_RagTag:79809-77578     -            744 9241at314147         -            536     2e-14   49.7  61.1   7   8   0.00025    0.0055   11.9   6.8   418   482   555   623   546   629 0.82 -
NW_025965374.1_RagTag:79809-77578     -            744 9241at314147         -            536     2e-14   49.7  61.1   8   8      0.88        19    0.2   0.0   421   443   694   716   661   722 0.67 -
NW_025965191.1_RagTag:501978-500455   -            508 9241at314147         -            536   4.9e-14   48.4   0.1   1   1   3.6e-15   7.9e-14   47.7   0.1    15   124     6   120     3   139 0.83 -
NW_025965442.1_RagTag:49839-49393     -            149 9241at314147         -            536   1.1e-13   47.2  11.5   1   1   1.4e-13     3e-12   42.5  11.5   387   499    15   141     4   147 0.83 -
contig_81532_pilon:2097-1657          -            147 9241at314147         -            536   1.4e-13   46.9  14.4   1   2     2e-10   4.4e-09   32.1  10.1   396   495     9    96     3   116 0.84 -
contig_81532_pilon:2097-1657          -            147 9241at314147         -            536   1.4e-13   46.9  14.4   2   2   3.5e-06   7.7e-05   18.0   1.4   424   477    95   147    92   147 0.93 -
NW_025965436.1_RagTag:1702-734        -            323 9241at314147         -            536   3.7e-13   45.5  58.1   1   4     0.031      0.68    5.0  10.0   460   511    13    67     1    75 0.70 -
NW_025965436.1_RagTag:1702-734        -            323 9241at314147         -            536   3.7e-13   45.5  58.1   2   4   3.2e-05    0.0007   14.9  23.7   411   517    37   157    27   160 0.81 -
NW_025965436.1_RagTag:1702-734        -            323 9241at314147         -            536   3.7e-13   45.5  58.1   3   4   1.7e-06   3.6e-05   19.1  12.5   393   477   159   242   154   259 0.76 -
NW_025965436.1_RagTag:1702-734        -            323 9241at314147         -            536   3.7e-13   45.5  58.1   4   4   3.1e-06   6.7e-05   18.3   7.0   396   474   246   323   243   323 0.94 -
NW_025965039.1_RagTag:276298-250448   -            195 9241at314147         -            536   1.8e-12   43.2   7.3   1   1   1.1e-12   2.4e-11   39.5   6.9   414   518    72   190    53   194 0.83 -
NW_025965279.1_RagTag:44846-44427     -            140 9241at314147         -            536   6.6e-12   41.4  12.0   1   2   1.1e-07   2.4e-06   23.0   1.6   411   485     8    82     5    86 0.83 -
NW_025965279.1_RagTag:44846-44427     -            140 9241at314147         -            536   6.6e-12   41.4  12.0   2   2     9e-10     2e-08   29.9   3.1   397   479    50   131    49   136 0.92 -
NW_025965071.1_RagTag:26271-26759     -            163 9241at314147         -            536   2.5e-11   39.5  15.7   1   2   0.00072     0.016   10.4   1.7   417   464     3    48     1    59 0.59 -
NW_025965071.1_RagTag:26271-26759     -            163 9241at314147         -            536   2.5e-11   39.5  15.7   2   2   5.1e-11   1.1e-09   34.0   6.5   407   479    76   147    60   162 0.85 -
NW_025965318.1_RagTag:51878-52414     -            179 9241at314147         -            536   1.2e-10   37.2   4.9   1   1   1.3e-11   2.9e-10   36.0   4.9   397   503     1   121     1   135 0.79 -
NW_025965127.1_RagTag:114477-114148   -            110 9241at314147         -            536   4.1e-10   35.4   2.5   1   1   6.7e-11   1.5e-09   33.6   2.5   397   477     1    80     1   110 0.84 -
NW_025965279.1_RagTag:100214-99645    -            190 9241at314147         -            536   6.7e-10   34.8   7.2   1   1   3.1e-10   6.8e-09   31.4   7.2   395   500    67   185    52   189 0.75 -
NW_025965341.1_RagTag:99789-100445    -            219 9241at314147         -            536   2.3e-08   29.7   7.1   1   2   2.7e-05   0.00059   15.1   3.9   445   483    19    58     3   106 0.71 -
NW_025965341.1_RagTag:99789-100445    -            219 9241at314147         -            536   2.3e-08   29.7   7.1   2   2   0.00049     0.011   11.0   0.0   412   448   156   192   150   212 0.89 -
NW_025965375.1_RagTag:139930-139190   -            247 9241at314147         -            536   3.6e-08   29.0  23.4   1   2     0.007      0.15    7.2  11.2   417   515    36   148     4   162 0.51 -
NW_025965375.1_RagTag:139930-139190   -            247 9241at314147         -            536   3.6e-08   29.0  23.4   2   2   6.5e-09   1.4e-07   27.1   4.3   411   478   169   235   162   247 0.71 -
NW_025965200.1_RagTag:16831-17695     -            244 9241at314147         -            536   7.4e-07   24.7   3.5   1   2   0.00043    0.0093   11.2   0.7   428   470   137   177   128   189 0.82 -
NW_025965200.1_RagTag:16831-17695     -            244 9241at314147         -            536   7.4e-07   24.7   3.5   2   2   5.1e-05    0.0011   14.2   0.1   428   476   192   241   185   244 0.87 -
NW_025965233.1_RagTag:186383-188742   -            257 9241at314147         -            536   1.1e-06   24.1  14.1   1   2   2.7e-06   5.9e-05   18.4   4.6   366   476    73   179    37   198 0.80 -
NW_025965233.1_RagTag:186383-188742   -            257 9241at314147         -            536   1.1e-06   24.1  14.1   2   2   0.00048      0.01   11.0   2.0   421   474   205   257   186   257 0.82 -
NW_025965054.1_RagTag:36309-35659     -            217 9241at314147         -            536   2.4e-06   23.0   0.4   1   2   1.1e-07   2.4e-06   23.0   0.4   391   446    54   109     9   119 0.83 -
NW_025965054.1_RagTag:36309-35659     -            217 9241at314147         -            536   2.4e-06   23.0   0.4   2   2         1        22    0.0   0.5   465   501   189   212   157   216 0.67 -
NW_025965359.1_RagTag:192785-193660   -            292 9241at314147         -            536   1.1e-05   20.8   0.9   1   1   6.3e-07   1.4e-05   20.5   0.9    33   134   122   227   116   280 0.77 -
NW_025965300.1_RagTag:165512-166000   -            163 9241at314147         -            536   3.7e-05   19.1   0.1   1   1   1.9e-06   4.2e-05   18.9   0.1   418   471   111   163    77   163 0.80 -
NW_025965432.1_RagTag:501829-502311   -            161 9241at314147         -            536   6.5e-05   18.3   3.5   1   2         1        22    0.1   0.1   470   496    13    39     6    76 0.72 -
NW_025965432.1_RagTag:501829-502311   -            161 9241at314147         -            536   6.5e-05   18.3   3.5   2   2     3e-06   6.5e-05   18.3   3.5   416   463   110   156    71   161 0.78 -
NW_025965344.1_RagTag:898-710         -             63 9241at314147         -            536    0.0003   16.1   0.1   1   1   1.4e-05    0.0003   16.1   0.1   412   477    24    60     7    63 0.60 -
NW_025965172.1_RagTag:365765-366925   -            387 9241at314147         -            536    0.0005   15.4   0.1   1   1   3.3e-05   0.00072   14.8   0.1    45   160     5   122     2   131 0.79 -
NW_025965375.1_RagTag:125958-125506   -            151 9241at314147         -            536     0.005   12.1   2.1   1   1   0.00024    0.0053   12.0   2.1   480   517    34    71    24   145 0.70 -
NW_025965297.1_RagTag:247529-248653   -            301 9241at314147         -            536    0.0055   11.9   6.7   1   1   0.00038    0.0082   11.4   1.3   480   513   115   148   108   155 0.86 -
NW_025965324.1_RagTag:640103-637710   -            506 9241at314147         -            536    0.0063   11.7   2.5   1   2   0.00022    0.0048   12.1   0.6   397   442     1    46     1    67 0.79 -
NW_025965324.1_RagTag:640103-637710   -            506 9241at314147         -            536    0.0063   11.7   2.5   2   2       4.8     1e+02   -2.2   0.0   482   511   287   316   272   328 0.78 -
NW_025965317.1_RagTag:1374195-1373608 -            196 9241at314147         -            536     0.025    9.8   7.2   1   2       3.5        75   -1.7   4.3   420   467    76   114    37   163 0.50 -
NW_025965317.1_RagTag:1374195-1373608 -            196 9241at314147         -            536     0.025    9.8   7.2   2   2   0.00065     0.014   10.6   2.4   449   477   166   194   100   196 0.94 -
NW_025965285.1_RagTag:174148-175299   -            384 9241at314147         -            536      0.03    9.5  16.8   1   4       5.5   1.2e+02   -2.4   0.3   423   473     1    53     1    61 0.68 -
NW_025965285.1_RagTag:174148-175299   -            384 9241at314147         -            536      0.03    9.5  16.8   2   4   0.00035    0.0076   11.5   1.5   392   474   118   206    98   220 0.78 -
NW_025965285.1_RagTag:174148-175299   -            384 9241at314147         -            536      0.03    9.5  16.8   3   4     0.011      0.23    6.6   0.1   419   470   268   319   249   337 0.83 -
NW_025965285.1_RagTag:174148-175299   -            384 9241at314147         -            536      0.03    9.5  16.8   4   4      0.27       5.8    2.0   0.3   450   474   360   384   352   384 0.79 -
NW_025965259.1_RagTag:155329-153884   -            482 9241at314147         -            536     0.055    8.6   7.5   1   2       4.1        89   -2.0   0.1   189   228   310   348   301   374 0.76 -
NW_025965259.1_RagTag:155329-153884   -            482 9241at314147         -            536     0.055    8.6   7.5   2   2    0.0015     0.033    9.4   4.4   480   521   429   470   413   481 0.76 -
#
# Program:         hmmsearch
# Version:         3.1b2 (February 2015)
# Pipeline mode:   SEARCH
# Query file:      /home/bgerda/guppy_SUP/busco_downloads/lineages/glires_odb10/hmms/9241at314147.hmm
# Target file:     /home/bgerda/guppy_SUP/busco_results_racon/run_glires_odb10/metaeuk_output/rerun_results/ragtag.scaffold.fasta.modified.fas
# Option settings: hmmsearch --domtblout /home/bgerda/guppy_SUP/busco_results_racon/run_glires_odb10/hmmer_output/rerun_results/9241at314147.out --cpu 1 /home/bgerda/guppy_SUP/busco_downloads/lineages/glires_odb10/hmms/9241at314147.hmm /home/bgerda/guppy_SUP/busco_results_racon/run_glires_odb10/metaeuk_output/rerun_results/ragtag.scaffold.fasta.modified.fas 
# Current dir:     /home/bgerda/guppy_SUP
# Date:            Sun May 21 17:29:52 2023
# [ok]
