#                                                                                             --- full sequence --- -------------- this domain -------------   hmm coord   ali coord   env coord
# target name                         accession   tlen query name           accession   qlen   E-value  score  bias   #  of  c-Evalue  i-Evalue  score  bias  from    to  from    to  from    to  acc description of target
#                 ------------------- ---------- ----- -------------------- ---------- ----- --------- ------ ----- --- --- --------- --------- ------ ----- ----- ----- ----- ----- ----- ----- ---- ---------------------
NW_025965287.1_RagTag:800819-799737   -            361 9907at314147         -            624   8.8e-22   73.4  13.7   1   3   8.8e-11   8.1e-09   30.6   1.1   146   289    58   201    31   203 0.73 -
NW_025965287.1_RagTag:800819-799737   -            361 9907at314147         -            624   8.8e-22   73.4  13.7   2   3   2.7e-12   2.5e-10   35.6   4.4    91   196   171   276   169   289 0.94 -
NW_025965287.1_RagTag:800819-799737   -            361 9907at314147         -            624   8.8e-22   73.4  13.7   3   3     1e-08   9.6e-07   23.8   0.9    90   159   290   359   268   361 0.84 -
NW_025965140.1_RagTag:194211-195170   -            320 9907at314147         -            624   5.8e-18   60.8   0.1   1   2     4e-11   3.7e-09   31.7   0.0    28   159    26   159     6   178 0.81 -
NW_025965140.1_RagTag:194211-195170   -            320 9907at314147         -            624   5.8e-18   60.8   0.1   2   2   8.5e-10   7.9e-08   27.3   0.0   139   240   213   316   185   319 0.80 -
NW_025965287.1_RagTag:802910-802371   -            180 9907at314147         -            624     1e-17   60.0   0.3   1   1   1.3e-19   1.2e-17   59.7   0.3   116   239    41   164    12   179 0.90 -
NW_025965319.1_RagTag:936680-934538   -            651 9907at314147         -            624   6.5e-15   50.8   4.0   1   2   5.4e-14     5e-12   41.2   2.0    66   185   130   252    90   257 0.66 -
NW_025965319.1_RagTag:936680-934538   -            651 9907at314147         -            624   6.5e-15   50.8   4.0   2   2   9.1e-05    0.0085   10.7   0.0   330   407   250   329   241   350 0.77 -
NW_025965301.1_RagTag:529721-528217   -            499 9907at314147         -            624   4.5e-14   48.0   4.4   1   2   1.3e-15   1.2e-13   46.5   4.3   117   269    36   188    11   192 0.91 -
NW_025965301.1_RagTag:529721-528217   -            499 9907at314147         -            624   4.5e-14   48.0   4.4   2   2     0.007      0.65    4.5   0.0   327   374   147   195   144   206 0.85 -
NW_025965324.1_RagTag:3746709-3746149 -            187 9907at314147         -            624   9.7e-12   40.3   0.0   1   1   1.9e-13   1.7e-11   39.4   0.0    49   208    12   173     3   182 0.85 -
NW_025965324.1_RagTag:3129234-3106873 -            664 9907at314147         -            624   9.1e-08   27.1   2.0   1   3   4.6e-05    0.0043   11.7   0.0   432   505    17    93     4   107 0.79 -
NW_025965324.1_RagTag:3129234-3106873 -            664 9907at314147         -            624   9.1e-08   27.1   2.0   2   3    0.0016      0.15    6.6   0.0   446   502   309   368   280   375 0.66 -
NW_025965324.1_RagTag:3129234-3106873 -            664 9907at314147         -            624   9.1e-08   27.1   2.0   3   3    0.0025      0.24    6.0   0.2   446   511   394   462   377   566 0.59 -
NW_025965233.1_RagTag:1527483-1527755 -             91 9907at314147         -            624   1.6e-07   26.3   0.0   1   1   2.2e-09   2.1e-07   26.0   0.0   120   196     5    81     1    90 0.78 -
NW_025965304.1_RagTag:298541-234380   -            569 9907at314147         -            624     2e-07   26.0  17.9   1   3   1.9e-08   1.8e-06   22.9   1.0   259   356    18   114     7   131 0.89 -
NW_025965304.1_RagTag:298541-234380   -            569 9907at314147         -            624     2e-07   26.0  17.9   2   3    0.0015      0.14    6.7   6.7    90   269   287   469   240   472 0.66 -
NW_025965304.1_RagTag:298541-234380   -            569 9907at314147         -            624     2e-07   26.0  17.9   3   3    0.0018      0.16    6.5   1.2   133   203   405   475   397   494 0.82 -
NW_025965131.1_RagTag:161972-161694   -             93 9907at314147         -            624   1.3e-05   20.0   0.0   1   1   1.5e-07   1.4e-05   19.9   0.0   333   406     2    75     1    90 0.89 -
NW_025965230.1_RagTag:694057-715536   -             83 9907at314147         -            624   3.8e-05   18.5   0.2   1   1   5.3e-07   4.9e-05   18.1   0.2    51   100    19    71     3    77 0.80 -
NW_025965323.1_RagTag:2422612-2422334 -             93 9907at314147         -            624   5.4e-05   18.0   0.0   1   1   6.3e-07   5.8e-05   17.9   0.0    87   147     3    63     1    74 0.88 -
NW_025965548.1_RagTag:8433-2018       -            436 9907at314147         -            624   0.00025   15.8   0.0   1   1   4.4e-06   0.00041   15.1   0.0   427   510    91   189    79   240 0.80 -
NW_025965324.1_RagTag:3105492-3104557 -            279 9907at314147         -            624    0.0034   12.0   0.0   1   2     0.042       3.9    1.9   0.0   511   568    10    73     3    78 0.68 -
NW_025965324.1_RagTag:3105492-3104557 -            279 9907at314147         -            624    0.0034   12.0   0.0   2   2   0.00058     0.054    8.1   0.0   464   523   151   218   121   237 0.75 -
NW_025965315.1_RagTag:2684245-2683970 -             92 9907at314147         -            624     0.013   10.1   0.0   1   1   0.00015     0.014   10.0   0.0   433   493    18    82     5    91 0.76 -
#
# Program:         hmmsearch
# Version:         3.1b2 (February 2015)
# Pipeline mode:   SEARCH
# Query file:      /home/bgerda/guppy_SUP/busco_downloads/lineages/glires_odb10/hmms/9907at314147.hmm
# Target file:     /home/bgerda/guppy_SUP/busco_results_racon/run_glires_odb10/metaeuk_output/rerun_results/ragtag.scaffold.fasta.modified.fas
# Option settings: hmmsearch --domtblout /home/bgerda/guppy_SUP/busco_results_racon/run_glires_odb10/hmmer_output/rerun_results/9907at314147.out --cpu 1 /home/bgerda/guppy_SUP/busco_downloads/lineages/glires_odb10/hmms/9907at314147.hmm /home/bgerda/guppy_SUP/busco_results_racon/run_glires_odb10/metaeuk_output/rerun_results/ragtag.scaffold.fasta.modified.fas 
# Current dir:     /home/bgerda/guppy_SUP
# Date:            Sun May 21 17:29:53 2023
# [ok]
