#                                                                                             --- full sequence --- -------------- this domain -------------   hmm coord   ali coord   env coord
# target name                         accession   tlen query name           accession   qlen   E-value  score  bias   #  of  c-Evalue  i-Evalue  score  bias  from    to  from    to  from    to  acc description of target
#                 ------------------- ---------- ----- -------------------- ---------- ----- --------- ------ ----- --- --- --------- --------- ------ ----- ----- ----- ----- ----- ----- ----- ---- ---------------------
NW_025965344.1_RagTag:30858-123825    -            195 1218at314147         -           1880   3.1e-45  150.1   2.8   1   1   1.2e-47   3.5e-45  149.9   2.8   463   643     1   194     1   195 0.89 -
NW_025965137.1_RagTag:1615867-1611621 -            197 1218at314147         -           1880   5.1e-30   99.7   0.2   1   2    0.0089       2.5    1.2   0.0    41   104    45   104    42   108 0.76 -
NW_025965137.1_RagTag:1615867-1611621 -            197 1218at314147         -           1880   5.1e-30   99.7   0.2   2   2   1.4e-31   3.9e-29   96.7   0.2   473   565   108   197   104   197 0.95 -
NW_025965306.1_RagTag:226744-222138   -            190 1218at314147         -           1880   1.6e-09   31.7   0.3   1   1   6.1e-12   1.7e-09   31.6   0.3   574   636     6    68     2   188 0.56 -
NW_025965237.1_RagTag:420322-420690   -            123 1218at314147         -           1880     0.003   10.9   0.0   1   1   1.2e-05    0.0034   10.7   0.0    71   132    42   103    32   110 0.72 -
NW_025965324.1_RagTag:2614947-2595004 -            377 1218at314147         -           1880      0.16    5.1  14.7   1   2    0.0066       1.9    1.6   5.9  1629  1668    67   111    52   119 0.74 -
NW_025965324.1_RagTag:2614947-2595004 -            377 1218at314147         -           1880      0.16    5.1  14.7   2   2   6.1e-05     0.017    8.4   2.2  1633  1668   117   152   111   177 0.86 -
#
# Program:         hmmsearch
# Version:         3.1b2 (February 2015)
# Pipeline mode:   SEARCH
# Query file:      /home/bgerda/guppy_SUP/busco_downloads/lineages/glires_odb10/hmms/1218at314147.hmm
# Target file:     /home/bgerda/guppy_SUP/busco_results/run_glires_odb10/metaeuk_output/rerun_results/ragtag.scaffold.fasta.modified.fas
# Option settings: hmmsearch --domtblout /home/bgerda/guppy_SUP/busco_results/run_glires_odb10/hmmer_output/rerun_results/1218at314147.out --cpu 1 /home/bgerda/guppy_SUP/busco_downloads/lineages/glires_odb10/hmms/1218at314147.hmm /home/bgerda/guppy_SUP/busco_results/run_glires_odb10/metaeuk_output/rerun_results/ragtag.scaffold.fasta.modified.fas 
# Current dir:     /home/bgerda/guppy_SUP
# Date:            Sun May 21 15:29:16 2023
# [ok]
