#                                                                                             --- full sequence --- -------------- this domain -------------   hmm coord   ali coord   env coord
# target name                         accession   tlen query name           accession   qlen   E-value  score  bias   #  of  c-Evalue  i-Evalue  score  bias  from    to  from    to  from    to  acc description of target
#                 ------------------- ---------- ----- -------------------- ---------- ----- --------- ------ ----- --- --- --------- --------- ------ ----- ----- ----- ----- ----- ----- ----- ---- ---------------------
NW_025965287.1_RagTag:858012-856924   -            363 13603at314147        -            531   3.4e-26   88.0  13.5   1   3   2.5e-13   2.2e-11   39.2   0.1    31   171    30   171    11   174 0.92 -
NW_025965287.1_RagTag:858012-856924   -            363 13603at314147        -            531   3.4e-26   88.0  13.5   2   3   1.1e-08   9.6e-07   23.8   2.3   102   176   150   224   150   227 0.96 -
NW_025965287.1_RagTag:858012-856924   -            363 13603at314147        -            531   3.4e-26   88.0  13.5   3   3   1.1e-13     1e-11   40.3   3.2    55   177   222   345   219   352 0.92 -
NW_025965324.1_RagTag:3938788-3938228 -            187 13603at314147        -            531   6.2e-15   50.9   1.4   1   1     9e-17     8e-15   50.5   1.4    31   200    12   181     2   185 0.90 -
NW_025965324.1_RagTag:3279529-3256974 -            664 13603at314147        -            531   5.4e-14   47.8   5.1   1   5   6.7e-05    0.0059   11.3   0.0   240   315    11    84     3    98 0.77 -
NW_025965324.1_RagTag:3279529-3256974 -            664 13603at314147        -            531   5.4e-14   47.8   5.1   2   5     0.036       3.1    2.3   0.0   235   315   142   220   125   228 0.72 -
NW_025965324.1_RagTag:3279529-3256974 -            664 13603at314147        -            531   5.4e-14   47.8   5.1   3   5    0.0003     0.026    9.2   0.0   230   317   279   364   263   399 0.75 -
NW_025965324.1_RagTag:3279529-3256974 -            664 13603at314147        -            531   5.4e-14   47.8   5.1   4   5   2.2e-05    0.0019   12.9   0.1   283   321   415   453   366   469 0.74 -
NW_025965324.1_RagTag:3279529-3256974 -            664 13603at314147        -            531   5.4e-14   47.8   5.1   5   5   9.7e-05    0.0086   10.8   0.0   240   324   460   544   447   558 0.76 -
NW_025965212.1_RagTag:54347-134521    -            192 13603at314147        -            531   3.3e-12   41.9   5.3   1   2   5.3e-10   4.7e-08   28.2   1.5    82   161    18    97    15   108 0.94 -
NW_025965212.1_RagTag:54347-134521    -            192 13603at314147        -            531   3.3e-12   41.9   5.3   2   2     3e-06   0.00027   15.8   0.2    77   136   110   169    97   181 0.90 -
NW_025965140.1_RagTag:200150-201109   -            320 13603at314147        -            531   1.7e-11   39.5   5.2   1   3   7.8e-08   6.9e-06   21.0   0.1    12   160    24   178    10   190 0.80 -
NW_025965140.1_RagTag:200150-201109   -            320 13603at314147        -            531   1.7e-11   39.5   5.2   2   3   0.00027     0.024    9.3   0.4   100   156   193   246   187   254 0.86 -
NW_025965140.1_RagTag:200150-201109   -            320 13603at314147        -            531   1.7e-11   39.5   5.2   3   3   0.00013     0.011   10.4   0.0   117   177   256   317   248   319 0.89 -
NW_025965287.1_RagTag:860152-859613   -            180 13603at314147        -            531   2.4e-11   39.0   0.1   1   1   3.7e-13   3.3e-11   38.6   0.1    14   178    10   167     4   176 0.91 -
NW_025965301.1_RagTag:575267-573763   -            499 13603at314147        -            531     3e-10   35.4   0.6   1   2    0.0029      0.26    5.9   0.0   101   157    36    92    33    98 0.92 -
NW_025965301.1_RagTag:575267-573763   -            499 13603at314147        -            531     3e-10   35.4   0.6   2   2   9.9e-12   8.8e-10   33.9   0.6    61   222    67   229    57   251 0.80 -
contig_74745_pilon:285-1611           -            442 13603at314147        -            531   1.1e-09   33.6   9.4   1   2   0.00092     0.081    7.6   2.1   124   203    60   144    23   148 0.51 -
contig_74745_pilon:285-1611           -            442 13603at314147        -            531   1.1e-09   33.6   9.4   2   2   6.5e-11   5.7e-09   31.2   2.2    77   200   129   245   118   261 0.83 -
NW_025965319.1_RagTag:988433-986536   -            511 13603at314147        -            531   3.5e-06   22.0   0.7   1   1     7e-08   6.2e-06   21.2   0.7    58   161   115   218    44   237 0.59 -
NW_025965548.1_RagTag:8826-2086       -            436 13603at314147        -            531   8.9e-06   20.6   0.0   1   2    0.0011       0.1    7.3   0.0   241   274    17    49     9    83 0.83 -
NW_025965548.1_RagTag:8826-2086       -            436 13603at314147        -            531   8.9e-06   20.6   0.0   2   2   6.5e-05    0.0058   11.4   0.0   230   314    79   174    68   183 0.74 -
NW_025965304.1_RagTag:331495-260056   -            569 13603at314147        -            531     2e-05   19.5  16.2   1   5      0.01      0.89    4.1   0.1    66   157     9   101     2   107 0.63 -
NW_025965304.1_RagTag:331495-260056   -            569 13603at314147        -            531     2e-05   19.5  16.2   2   5    0.0056      0.49    5.0   0.3    97   205    89   203    86   220 0.75 -
NW_025965304.1_RagTag:331495-260056   -            569 13603at314147        -            531     2e-05   19.5  16.2   3   5    0.0099      0.88    4.2   0.2   109   157   255   298   215   308 0.83 -
NW_025965304.1_RagTag:331495-260056   -            569 13603at314147        -            531     2e-05   19.5  16.2   4   5      0.52        46   -1.5   0.0   121   154   335   369   309   380 0.78 -
NW_025965304.1_RagTag:331495-260056   -            569 13603at314147        -            531     2e-05   19.5  16.2   5   5   3.1e-06   0.00027   15.7   1.7    96   240   408   553   384   564 0.77 -
NW_025965321.1_RagTag:3071726-3072713 -            268 13603at314147        -            531   3.1e-05   18.9   0.5   1   2   3.5e-07   3.1e-05   18.9   0.5   119   195     9    87     1   115 0.81 -
NW_025965321.1_RagTag:3071726-3072713 -            268 13603at314147        -            531   3.1e-05   18.9   0.5   2   2       4.7   4.1e+02   -4.6   1.3   466   478   203   215   188   236 0.74 -
NW_025965131.1_RagTag:179495-179217   -             93 13603at314147        -            531   3.8e-05   18.6   0.1   1   1   4.5e-07     4e-05   18.5   0.1   148   218     3    72     1    84 0.85 -
NW_025965315.1_RagTag:2826704-2826429 -             92 13603at314147        -            531   0.00027   15.8   0.0   1   1   3.2e-06   0.00028   15.7   0.0   244   315    15    85     4    92 0.76 -
NW_025965324.1_RagTag:3286112-3285156 -            319 13603at314147        -            531    0.0017   13.1   0.0   1   2   0.00052     0.046    8.4   0.0   244   319     6    78     1    89 0.88 -
NW_025965324.1_RagTag:3286112-3285156 -            319 13603at314147        -            531    0.0017   13.1   0.0   2   2     0.026       2.3    2.8   0.0   228   272   227   270   213   319 0.71 -
NW_025965302.1_RagTag:966074-968096   -            505 13603at314147        -            531     0.037    8.7   1.9   1   2   0.00029     0.026    9.2   0.2   127   167     2    41     1    52 0.89 -
NW_025965302.1_RagTag:966074-968096   -            505 13603at314147        -            531     0.037    8.7   1.9   2   2       1.4   1.2e+02   -2.9   0.1   234   253   113   132   112   134 0.88 -
#
# Program:         hmmsearch
# Version:         3.1b2 (February 2015)
# Pipeline mode:   SEARCH
# Query file:      /home/bgerda/guppy_SUP/busco_downloads/lineages/glires_odb10/hmms/13603at314147.hmm
# Target file:     /home/bgerda/guppy_SUP/busco_results/run_glires_odb10/metaeuk_output/rerun_results/ragtag.scaffold.fasta.modified.fas
# Option settings: hmmsearch --domtblout /home/bgerda/guppy_SUP/busco_results/run_glires_odb10/hmmer_output/rerun_results/13603at314147.out --cpu 1 /home/bgerda/guppy_SUP/busco_downloads/lineages/glires_odb10/hmms/13603at314147.hmm /home/bgerda/guppy_SUP/busco_results/run_glires_odb10/metaeuk_output/rerun_results/ragtag.scaffold.fasta.modified.fas 
# Current dir:     /home/bgerda/guppy_SUP
# Date:            Sun May 21 15:29:14 2023
# [ok]
