#                                                                                             --- full sequence --- -------------- this domain -------------   hmm coord   ali coord   env coord
# target name                         accession   tlen query name           accession   qlen   E-value  score  bias   #  of  c-Evalue  i-Evalue  score  bias  from    to  from    to  from    to  acc description of target
#                 ------------------- ---------- ----- -------------------- ---------- ----- --------- ------ ----- --- --- --------- --------- ------ ----- ----- ----- ----- ----- ----- ----- ---- ---------------------
NW_025965499.1_RagTag:3945-3043       -            301 13625at314147        -            501   2.4e-29   98.6   0.0   1   1   4.6e-31   2.8e-29   98.4   0.0   134   337     2   200     1   246 0.86 -
contig_31429_pilon:267-1247           -            327 13625at314147        -            501   2.5e-27   92.0   0.1   1   1   4.6e-29   2.8e-27   91.8   0.1   136   337    15   211     4   275 0.85 -
contig_37224_pilon:1702-2604          -            301 13625at314147        -            501   1.6e-26   89.3   0.0   1   1   3.1e-28   1.9e-26   89.1   0.0   132   411     8   281     2   290 0.82 -
contig_66008_pilon:1767-2642          -            292 13625at314147        -            501     6e-25   84.1   0.0   1   1   1.3e-26   7.8e-25   83.8   0.0   164   374    18   228     6   236 0.87 -
NW_025965099.1_RagTag:15127-16038     -            304 13625at314147        -            501   2.4e-24   82.1   0.1   1   1   4.8e-26     3e-24   81.8   0.1   133   335    28   225    20   269 0.86 -
NW_025965233.1_RagTag:125981-124584   -            466 13625at314147        -            501   9.3e-22   73.6   0.0   1   1   1.9e-23   1.2e-21   73.3   0.0   181   339    51   208    14   255 0.89 -
contig_34501_pilon:2309-1611          -            233 13625at314147        -            501   1.4e-20   69.7   0.0   1   1   2.7e-22   1.6e-20   69.5   0.0   209   334     2   126     1   155 0.93 -
contig_34309_pilon:451-104            -            116 13625at314147        -            501   3.3e-19   65.2   0.0   1   1   5.8e-21   3.6e-19   65.1   0.0   215   330     2   116     1   116 0.92 -
NW_025965321.1_RagTag:4470492-4469881 -            204 13625at314147        -            501   3.6e-18   61.8   0.0   1   1   6.7e-20   4.1e-18   61.6   0.0   139   328     9   199     2   204 0.87 -
contig_83342_pilon:1447-962           -            162 13625at314147        -            501   3.6e-17   58.5   0.0   1   1   6.5e-19     4e-17   58.3   0.0   235   340     8   114     2   143 0.88 -
NW_025965279.1_RagTag:90332-90961     -            210 13625at314147        -            501   2.5e-16   55.7   0.0   1   1   5.1e-18   3.1e-16   55.4   0.0   242   329    32   119     7   132 0.91 -
NW_025965039.1_RagTag:245820-244147   -            156 13625at314147        -            501     4e-09   31.9   0.0   1   1   7.5e-11   4.6e-09   31.7   0.0   243   334    34   122    18   138 0.80 -
NW_025965218.1_RagTag:1686086-1683921 -            316 13625at314147        -            501   5.3e-08   28.2   0.0   1   1   1.2e-09   7.2e-08   27.8   0.0   287   377   104   196    80   203 0.83 -
NW_025965256.1_RagTag:50814-50329     -            106 13625at314147        -            501   1.3e-07   27.0   0.0   1   1     2e-09   1.3e-07   27.0   0.0   230   289    37    97     4   105 0.83 -
NW_025965287.1_RagTag:80326-81575     -            357 13625at314147        -            501     2e-07   26.4   0.0   1   2     1e-08   6.3e-07   24.7   0.0   241   335    45   146    29   158 0.80 -
NW_025965287.1_RagTag:80326-81575     -            357 13625at314147        -            501     2e-07   26.4   0.0   2   2      0.81        49   -1.4   0.0    88   118   280   310   277   314 0.88 -
NW_025965072.1_RagTag:101265-99893    -            267 13625at314147        -            501   1.7e-06   23.3   0.0   1   2    0.0018      0.11    7.4   0.0   191   265    24    95     8   126 0.82 -
NW_025965072.1_RagTag:101265-99893    -            267 13625at314147        -            501   1.7e-06   23.3   0.0   2   2   1.8e-05    0.0011   13.9   0.0   294   333   196   240   191   244 0.80 -
NW_025965066.1_RagTag:88701-90281     -            181 13625at314147        -            501     1e-05   20.7   0.0   1   1   2.4e-07   1.4e-05   20.2   0.0   237   334    90   180    70   181 0.83 -
NW_025965401.1_RagTag:66150-68190     -            216 13625at314147        -            501   7.7e-05   17.8   0.0   1   1   1.7e-06   0.00011   17.3   0.0   244   337    28   131     7   141 0.79 -
NW_025965313.1_RagTag:91092-92565     -            198 13625at314147        -            501    0.0001   17.4   0.0   1   1   6.3e-06   0.00039   15.5   0.0   241   308    72   137    54   190 0.79 -
contig_25238_pilon:345-4              -            114 13625at314147        -            501   0.00041   15.4   0.0   1   1   7.4e-06   0.00045   15.3   0.0   135   229    15   105     5   114 0.73 -
NW_025965301.1_RagTag:74352-72604     -            331 13625at314147        -            501    0.0011   14.0   0.0   1   1   2.7e-05    0.0017   13.4   0.0   268   334   141   205   129   216 0.87 -
NW_025965548.1_RagTag:8826-2086       -            436 13625at314147        -            501     0.002   13.1   0.1   1   1   6.2e-05    0.0038   12.2   0.1   239   284   326   371   317   422 0.91 -
NW_025965334.1_RagTag:180562-180416   -             49 13625at314147        -            501     0.009   11.0   0.1   1   1   0.00016      0.01   10.8   0.1   299   333     6    41     3    47 0.85 -
#
# Program:         hmmsearch
# Version:         3.1b2 (February 2015)
# Pipeline mode:   SEARCH
# Query file:      /home/bgerda/guppy_SUP/busco_downloads/lineages/glires_odb10/hmms/13625at314147.hmm
# Target file:     /home/bgerda/guppy_SUP/busco_results/run_glires_odb10/metaeuk_output/rerun_results/ragtag.scaffold.fasta.modified.fas
# Option settings: hmmsearch --domtblout /home/bgerda/guppy_SUP/busco_results/run_glires_odb10/hmmer_output/rerun_results/13625at314147.out --cpu 1 /home/bgerda/guppy_SUP/busco_downloads/lineages/glires_odb10/hmms/13625at314147.hmm /home/bgerda/guppy_SUP/busco_results/run_glires_odb10/metaeuk_output/rerun_results/ragtag.scaffold.fasta.modified.fas 
# Current dir:     /home/bgerda/guppy_SUP
# Date:            Sun May 21 15:29:17 2023
# [ok]
