#                                                                                             --- full sequence --- -------------- this domain -------------   hmm coord   ali coord   env coord
# target name                         accession   tlen query name           accession   qlen   E-value  score  bias   #  of  c-Evalue  i-Evalue  score  bias  from    to  from    to  from    to  acc description of target
#                 ------------------- ---------- ----- -------------------- ---------- ----- --------- ------ ----- --- --- --------- --------- ------ ----- ----- ----- ----- ----- ----- ----- ---- ---------------------
NW_025965321.1_RagTag:4470492-4469881 -            204 13919at314147        -            465   1.2e-17   60.3   0.0   1   1   2.6e-19   1.6e-17   59.9   0.0    57   238     4   198     1   201 0.77 -
NW_025965099.1_RagTag:15127-16038     -            304 13919at314147        -            465   1.7e-15   53.3   0.1   1   1   3.5e-17   2.3e-15   52.8   0.1    63   237    35   216    12   221 0.82 -
NW_025965499.1_RagTag:3945-3043       -            301 13919at314147        -            465   1.1e-14   50.5   0.0   1   1   2.4e-16   1.6e-14   50.0   0.0    63   238     8   190     1   199 0.82 -
NW_025965233.1_RagTag:125981-124584   -            466 13919at314147        -            465   1.1e-13   47.3   0.0   1   1   2.5e-15   1.6e-13   46.7   0.0    63   293    15   250     5   256 0.74 -
contig_66008_pilon:1767-2642          -            292 13919at314147        -            465   1.6e-13   46.7   0.0   1   1   3.6e-15   2.3e-13   46.2   0.0    81   236    17   178     7   183 0.82 -
NW_025965066.1_RagTag:88701-90281     -            181 13919at314147        -            465     1e-11   40.7   0.1   1   1   2.8e-12   1.8e-10   36.6   0.1   138   239    85   173    64   178 0.82 -
contig_37224_pilon:1702-2604          -            301 13919at314147        -            465   2.6e-11   39.4   0.0   1   1   4.9e-13   3.1e-11   39.2   0.0    61   239    14   199     4   252 0.79 -
contig_31429_pilon:267-1247           -            327 13919at314147        -            465     2e-10   36.5   0.1   1   1   3.9e-12   2.5e-10   36.2   0.1    48   238     3   201     1   221 0.81 -
NW_025965222.1_RagTag:194698-192711   -            112 13919at314147        -            465   7.4e-10   34.6   0.0   1   1   1.3e-11   8.4e-10   34.4   0.0   210   305     3    95     1   106 0.84 -
NW_025965279.1_RagTag:90332-90961     -            210 13919at314147        -            465   3.8e-09   32.3   0.0   1   1   7.8e-11     5e-09   31.9   0.0   146   240    30   119    18   127 0.82 -
NW_025965287.1_RagTag:80326-81575     -            357 13919at314147        -            465   1.2e-08   30.6   0.0   1   1     3e-10     2e-08   29.9   0.0   144   238    42   137    28   142 0.82 -
contig_34309_pilon:451-104            -            116 13919at314147        -            465   1.1e-07   27.4   0.0   1   1   2.1e-09   1.4e-07   27.2   0.0   148   236    27   111    21   115 0.87 -
contig_34501_pilon:2309-1611          -            233 13919at314147        -            465   3.2e-07   25.9   0.0   1   1   7.9e-09     5e-07   25.3   0.0   147   237    32   118     3   127 0.85 -
NW_025965401.1_RagTag:66150-68190     -            216 13919at314147        -            465   3.8e-07   25.7   0.0   1   1   9.5e-09   6.1e-07   25.0   0.0   149   238    27   121     5   134 0.72 -
NW_025965548.1_RagTag:8826-2086       -            436 13919at314147        -            465   8.6e-07   24.5   0.0   1   1     2e-08   1.3e-06   23.9   0.0   136   203   317   381   239   396 0.81 -
NW_025965313.1_RagTag:91092-92565     -            198 13919at314147        -            465   1.1e-06   24.2   0.0   1   2   8.4e-07   5.4e-05   18.6   0.0   151   219    76   137    66   149 0.89 -
NW_025965313.1_RagTag:91092-92565     -            198 13919at314147        -            465   1.1e-06   24.2   0.0   2   2     0.021       1.4    4.1   0.0   219   238   161   180   136   189 0.77 -
NW_025965352.1_RagTag:113601-115107   -            273 13919at314147        -            465   6.6e-05   18.3   0.0   1   1   1.6e-06    0.0001   17.7   0.0   118   240   117   254    50   263 0.65 -
NW_025965039.1_RagTag:245820-244147   -            156 13919at314147        -            465   0.00016   17.0   0.0   1   1   3.8e-06   0.00024   16.4   0.0   140   237    25   114     4   117 0.73 -
contig_83342_pilon:1447-962           -            162 13919at314147        -            465   0.00043   15.6   0.0   1   1   8.7e-06   0.00056   15.3   0.0   150   238    17   101     8   105 0.81 -
NW_025965334.1_RagTag:180562-180416   -             49 13919at314147        -            465    0.0011   14.3   0.0   1   1   1.8e-05    0.0012   14.2   0.0   210   239     6    35     2    40 0.93 -
contig_25238_pilon:345-4              -            114 13919at314147        -            465    0.0037   12.6   0.0   1   1   6.7e-05    0.0043   12.3   0.0    48   119     4    77     2    91 0.80 -
NW_025965256.1_RagTag:50814-50329     -            106 13919at314147        -            465    0.0097   11.2   0.0   1   1   0.00016      0.01   11.1   0.0   150   192    51    90    24   101 0.83 -
#
# Program:         hmmsearch
# Version:         3.1b2 (February 2015)
# Pipeline mode:   SEARCH
# Query file:      /home/bgerda/guppy_SUP/busco_downloads/lineages/glires_odb10/hmms/13919at314147.hmm
# Target file:     /home/bgerda/guppy_SUP/busco_results/run_glires_odb10/metaeuk_output/rerun_results/ragtag.scaffold.fasta.modified.fas
# Option settings: hmmsearch --domtblout /home/bgerda/guppy_SUP/busco_results/run_glires_odb10/hmmer_output/rerun_results/13919at314147.out --cpu 1 /home/bgerda/guppy_SUP/busco_downloads/lineages/glires_odb10/hmms/13919at314147.hmm /home/bgerda/guppy_SUP/busco_results/run_glires_odb10/metaeuk_output/rerun_results/ragtag.scaffold.fasta.modified.fas 
# Current dir:     /home/bgerda/guppy_SUP
# Date:            Sun May 21 15:29:15 2023
# [ok]
