#                                                                                             --- full sequence --- -------------- this domain -------------   hmm coord   ali coord   env coord
# target name                         accession   tlen query name           accession   qlen   E-value  score  bias   #  of  c-Evalue  i-Evalue  score  bias  from    to  from    to  from    to  acc description of target
#                 ------------------- ---------- ----- -------------------- ---------- ----- --------- ------ ----- --- --- --------- --------- ------ ----- ----- ----- ----- ----- ----- ----- ---- ---------------------
contig_18340_pilon:828-2186           -            453 16868at314147        -            419  5.4e-112  371.4  88.4   1   6   7.2e-25   1.5e-23   80.0  10.8   218   313     4    96     2    99 0.95 -
contig_18340_pilon:828-2186           -            453 16868at314147        -            419  5.4e-112  371.4  88.4   2   6     2e-24   4.1e-23   78.6  14.1   220   314    90   181    90   183 0.96 -
contig_18340_pilon:828-2186           -            453 16868at314147        -            419  5.4e-112  371.4  88.4   3   6   3.5e-26   7.2e-25   84.4   9.1   230   318   156   241   156   243 0.93 -
contig_18340_pilon:828-2186           -            453 16868at314147        -            419  5.4e-112  371.4  88.4   4   6   1.2e-14   2.4e-13   46.4   6.1   258   314   239   293   237   295 0.89 -
contig_18340_pilon:828-2186           -            453 16868at314147        -            419  5.4e-112  371.4  88.4   5   6   2.6e-22   5.3e-21   71.6  13.3   229   316   295   379   293   381 0.95 -
contig_18340_pilon:828-2186           -            453 16868at314147        -            419  5.4e-112  371.4  88.4   6   6   4.4e-22   8.9e-21   70.9   6.3   230   302   380   449   377   452 0.94 -
contig_43334_pilon:944-2038           -            365 16868at314147        -            419   4.7e-97  322.1  91.9   1   5   1.5e-25   3.1e-24   82.3  14.4   218   312     8    99     1   103 0.94 -
contig_43334_pilon:944-2038           -            365 16868at314147        -            419   4.7e-97  322.1  91.9   2   5   4.4e-24   8.9e-23   77.5  13.4   220   312    94   183    94   184 0.97 -
contig_43334_pilon:944-2038           -            365 16868at314147        -            419   4.7e-97  322.1  91.9   3   5   2.3e-26   4.7e-25   85.0  13.6   219   316   149   243   148   247 0.94 -
contig_43334_pilon:944-2038           -            365 16868at314147        -            419   4.7e-97  322.1  91.9   4   5     7e-23   1.4e-21   73.5  10.8   230   312   244   323   241   326 0.94 -
contig_43334_pilon:944-2038           -            365 16868at314147        -            419   4.7e-97  322.1  91.9   5   5   2.4e-18   4.9e-17   58.5   7.7   220   298   290   365   290   365 0.96 -
contig_70752_pilon:982-1554           -            191 16868at314147        -            419   1.4e-86  287.6  63.8   1   4     5e-24     1e-22   77.3   8.1   230   313     1    81     1    84 0.94 -
contig_70752_pilon:982-1554           -            191 16868at314147        -            419   1.4e-86  287.6  63.8   2   4   2.2e-23   4.5e-22   75.1   9.6   230   312    57   136    56   139 0.95 -
contig_70752_pilon:982-1554           -            191 16868at314147        -            419   1.4e-86  287.6  63.8   3   4   2.6e-27   5.3e-26   88.1  11.8   219   313    74   165    73   166 0.96 -
contig_70752_pilon:982-1554           -            191 16868at314147        -            419   1.4e-86  287.6  63.8   4   4   1.8e-26   3.7e-25   85.3  10.3   220   311   103   191   102   191 0.97 -
NW_025965432.1_RagTag:532065-533174   -            370 16868at314147        -            419     1e-84  281.5  83.9   1   5   1.3e-11   2.6e-10   36.4   6.6   264   312     2    48     1    52 0.93 -
NW_025965432.1_RagTag:532065-533174   -            370 16868at314147        -            419     1e-84  281.5  83.9   2   5     7e-22   1.4e-20   70.2  12.8   219   313    42   133    41   135 0.95 -
NW_025965432.1_RagTag:532065-533174   -            370 16868at314147        -            419     1e-84  281.5  83.9   3   5   5.4e-27   1.1e-25   87.0  11.9   220   324    99   200    98   200 0.97 -
NW_025965432.1_RagTag:532065-533174   -            370 16868at314147        -            419     1e-84  281.5  83.9   4   5   1.1e-20   2.1e-19   66.3  12.0   230   321   193   281   190   282 0.94 -
NW_025965432.1_RagTag:532065-533174   -            370 16868at314147        -            419     1e-84  281.5  83.9   5   5     1e-23   2.1e-22   76.2   8.6   233   324   280   368   276   370 0.96 -
contig_36320_pilon:1246-2160          -            305 16868at314147        -            419   2.4e-83  277.0  73.4   1   4   2.2e-26   4.4e-25   85.1  13.2   218   314     4    97     2    99 0.95 -
contig_36320_pilon:1246-2160          -            305 16868at314147        -            419   2.4e-83  277.0  73.4   2   4   1.6e-24   3.3e-23   78.9  10.1   229   312    99   179    97   180 0.95 -
contig_36320_pilon:1246-2160          -            305 16868at314147        -            419   2.4e-83  277.0  73.4   3   4   6.9e-24   1.4e-22   76.8  11.0   233   314   159   237   158   240 0.95 -
contig_36320_pilon:1246-2160          -            305 16868at314147        -            419   2.4e-83  277.0  73.4   4   4   8.7e-24   1.8e-22   76.5  15.1   233   324   215   303   215   305 0.96 -
contig_52188_pilon:1196-282           -            305 16868at314147        -            419   1.9e-82  274.0  73.8   1   4     9e-24   1.8e-22   76.4  12.2   220   322     1   100     1   100 0.96 -
contig_52188_pilon:1196-282           -            305 16868at314147        -            419   1.9e-82  274.0  73.8   2   4   2.7e-26   5.5e-25   84.7  13.4   219   313    28   119    27   122 0.96 -
contig_52188_pilon:1196-282           -            305 16868at314147        -            419   1.9e-82  274.0  73.8   3   4   2.7e-21   5.5e-20   68.3  11.8   229   320   122   210   119   210 0.95 -
contig_52188_pilon:1196-282           -            305 16868at314147        -            419   1.9e-82  274.0  73.8   4   4   2.6e-26   5.3e-25   84.8  12.4   219   313   196   287   195   301 0.94 -
NW_025965250.1_RagTag:247715-246891   -            275 16868at314147        -            419   1.4e-78  261.3  77.7   1   5   6.4e-25   1.3e-23   80.2  10.2   219   312     7    97     3   100 0.95 -
NW_025965250.1_RagTag:247715-246891   -            275 16868at314147        -            419   1.4e-78  261.3  77.7   2   5   6.7e-13   1.4e-11   40.6   4.9   219   275    63   118    61   119 0.95 -
NW_025965250.1_RagTag:247715-246891   -            275 16868at314147        -            419   1.4e-78  261.3  77.7   3   5   3.5e-20   7.2e-19   64.6  11.3   220   313    92   182    92   185 0.96 -
NW_025965250.1_RagTag:247715-246891   -            275 16868at314147        -            419   1.4e-78  261.3  77.7   4   5   2.9e-19   5.9e-18   61.6   9.4   219   307   119   204   117   204 0.96 -
NW_025965250.1_RagTag:247715-246891   -            275 16868at314147        -            419   1.4e-78  261.3  77.7   5   5   5.7e-21   1.2e-19   67.2   9.9   219   315   175   268   174   275 0.92 -
NW_025965182.1_RagTag:1758025-1759086 -            354 16868at314147        -            419   1.7e-73  244.6  47.3   1   5   3.7e-21   7.6e-20   67.8   1.0   220   324     1   102     1   102 0.96 -
NW_025965182.1_RagTag:1758025-1759086 -            354 16868at314147        -            419   1.7e-73  244.6  47.3   2   5   3.6e-20   7.4e-19   64.5   7.9   230   320    95   182    93   182 0.95 -
NW_025965182.1_RagTag:1758025-1759086 -            354 16868at314147        -            419   1.7e-73  244.6  47.3   3   5   6.6e-22   1.4e-20   70.3   8.9   230   316   179   262   177   264 0.96 -
NW_025965182.1_RagTag:1758025-1759086 -            354 16868at314147        -            419   1.7e-73  244.6  47.3   4   5   1.7e-22   3.5e-21   72.2   7.2   232   312   237   314   235   317 0.95 -
NW_025965182.1_RagTag:1758025-1759086 -            354 16868at314147        -            419   1.7e-73  244.6  47.3   5   5   1.3e-05   0.00026   16.6   0.4   231   295   320   353   316   354 0.50 -
NW_025965341.1_RagTag:104516-49663    -            298 16868at314147        -            419   3.5e-73  243.5  58.9   1   4   2.9e-21   5.9e-20   68.2   4.8   236   313    19    93    13    95 0.94 -
NW_025965341.1_RagTag:104516-49663    -            298 16868at314147        -            419   3.5e-73  243.5  58.9   2   4   1.9e-25   3.9e-24   81.9  10.5   218   314    57   150    56   152 0.96 -
NW_025965341.1_RagTag:104516-49663    -            298 16868at314147        -            419   3.5e-73  243.5  58.9   3   4   1.4e-17   2.9e-16   56.0   8.4   219   312   114   204   113   207 0.95 -
NW_025965341.1_RagTag:104516-49663    -            298 16868at314147        -            419   3.5e-73  243.5  58.9   4   4   4.5e-24   9.2e-23   77.4  11.3   219   320   198   296   197   298 0.95 -
contig_59446_pilon:2-793              -            208 16868at314147        -            419   3.6e-65  217.1  58.4   1   4   1.9e-23   3.9e-22   75.4  11.8   229   316     3    87     1    90 0.94 -
contig_59446_pilon:2-793              -            208 16868at314147        -            419   3.6e-65  217.1  58.4   2   4   2.5e-23   5.1e-22   75.0  11.6   230   317    60   144    59   147 0.93 -
contig_59446_pilon:2-793              -            208 16868at314147        -            419   3.6e-65  217.1  58.4   3   4   2.5e-23   5.2e-22   74.9  12.4   229   314    87   169    82   172 0.94 -
contig_59446_pilon:2-793              -            208 16868at314147        -            419   3.6e-65  217.1  58.4   4   4   3.1e-09   6.4e-08   28.5   0.5   230   267   172   208   170   208 0.80 -
NW_025965341.1_RagTag:10127-11137     -            337 16868at314147        -            419   7.8e-65  216.0  45.1   1   4   1.8e-20   3.6e-19   65.6   8.9   219   313     6    97     2   100 0.96 -
NW_025965341.1_RagTag:10127-11137     -            337 16868at314147        -            419   7.8e-65  216.0  45.1   2   4   1.6e-20   3.3e-19   65.7   7.6   220   313    91   181    89   184 0.96 -
NW_025965341.1_RagTag:10127-11137     -            337 16868at314147        -            419   7.8e-65  216.0  45.1   3   4   6.2e-26   1.3e-24   83.5   9.7   219   324   203   305   198   306 0.95 -
NW_025965341.1_RagTag:10127-11137     -            337 16868at314147        -            419   7.8e-65  216.0  45.1   4   4   2.8e-09   5.7e-08   28.7   0.4   231   270   299   337   296   337 0.93 -
NW_025965071.1_RagTag:3463-4485       -            341 16868at314147        -            419   3.1e-59  197.6  47.7   1   4   4.9e-09     1e-07   27.9   2.1   239   312     1    71     1    79 0.94 -
NW_025965071.1_RagTag:3463-4485       -            341 16868at314147        -            419   3.1e-59  197.6  47.7   2   4   1.1e-13   2.2e-12   43.2   8.5   239   314    85   157    78   168 0.89 -
NW_025965071.1_RagTag:3463-4485       -            341 16868at314147        -            419   3.1e-59  197.6  47.7   3   4   7.6e-25   1.6e-23   80.0  11.2   217   312   175   267   163   273 0.94 -
NW_025965071.1_RagTag:3463-4485       -            341 16868at314147        -            419   3.1e-59  197.6  47.7   4   4   8.7e-23   1.8e-21   73.2   6.4   218   302   260   341   259   341 0.96 -
NW_025965436.1_RagTag:1629-778        -            284 16868at314147        -            419   8.9e-58  192.8  87.0   1   5   7.3e-07   1.5e-05   20.7   9.7   218   275     8    64     2    69 0.84 -
NW_025965436.1_RagTag:1629-778        -            284 16868at314147        -            419   8.9e-58  192.8  87.0   2   5     1e-17   2.1e-16   56.5  14.2   220   313    66   156    64   159 0.95 -
NW_025965436.1_RagTag:1629-778        -            284 16868at314147        -            419   8.9e-58  192.8  87.0   3   5   1.2e-12   2.4e-11   39.8   4.5   220   290   122   189   122   189 0.91 -
NW_025965436.1_RagTag:1629-778        -            284 16868at314147        -            419   8.9e-58  192.8  87.0   4   5   4.3e-19   8.9e-18   61.0  11.4   220   314   150   241   149   243 0.96 -
NW_025965436.1_RagTag:1629-778        -            284 16868at314147        -            419   8.9e-58  192.8  87.0   5   5   3.5e-21   7.2e-20   67.9  15.4   220   324   178   279   176   284 0.92 -
NW_025965250.1_RagTag:54757-54140     -            206 16868at314147        -            419   1.2e-54  182.4  26.8   1   2   4.5e-26   9.1e-25   84.0   6.8   233   324     2    90     1    91 0.97 -
NW_025965250.1_RagTag:54757-54140     -            206 16868at314147        -            419   1.2e-54  182.4  26.8   2   2     6e-31   1.2e-29  100.1  12.5   219   324   100   202    98   205 0.96 -
NW_025965022.1_RagTag:266716-266135   -            194 16868at314147        -            419   2.3e-53  178.2  34.7   1   3   6.1e-19   1.2e-17   60.5   5.4   235   309     1    72     1    82 0.94 -
NW_025965022.1_RagTag:266716-266135   -            194 16868at314147        -            419   2.3e-53  178.2  34.7   2   3   2.8e-21   5.8e-20   68.2   4.6   235   313    84   159    75   159 0.94 -
NW_025965022.1_RagTag:266716-266135   -            194 16868at314147        -            419   2.3e-53  178.2  34.7   3   3   2.6e-23   5.3e-22   74.9   8.7   220   320    97   194    97   194 0.95 -
NW_025965341.1_RagTag:136335-135751   -            195 16868at314147        -            419   2.7e-52  174.7  44.5   1   3   1.6e-23   3.3e-22   75.6   6.8   233   314     1    79     1    82 0.96 -
NW_025965341.1_RagTag:136335-135751   -            195 16868at314147        -            419   2.7e-52  174.7  44.5   2   3   3.3e-20   6.7e-19   64.7  11.0   230   320    82   169    79   171 0.93 -
NW_025965341.1_RagTag:136335-135751   -            195 16868at314147        -            419   2.7e-52  174.7  44.5   3   3   9.3e-19   1.9e-17   59.9  10.6   232   315   112   192   109   195 0.94 -
contig_36320_pilon:558-1202           -            215 16868at314147        -            419   1.9e-50  168.6  37.5   1   3   1.1e-09   2.2e-08   30.1   0.9   275   314     7    46     1    50 0.88 -
contig_36320_pilon:558-1202           -            215 16868at314147        -            419   1.9e-50  168.6  37.5   2   3   4.7e-24   9.7e-23   77.3  12.7   229   312    48   128    46   132 0.94 -
contig_36320_pilon:558-1202           -            215 16868at314147        -            419   1.9e-50  168.6  37.5   3   3   1.9e-24   3.9e-23   78.6  12.8   220   313   123   213   122   215 0.96 -
contig_33351_pilon:20-586             -            189 16868at314147        -            419   1.2e-48  162.7  27.4   1   2   3.6e-27   7.4e-26   87.6  10.0   219   320     3   101     1   101 0.95 -
contig_33351_pilon:20-586             -            189 16868at314147        -            419   1.2e-48  162.7  27.4   2   2   1.4e-25   2.8e-24   82.4  10.7   230   324    98   189    95   189 0.96 -
NW_025965289.1_RagTag:81477-82172     -            232 16868at314147        -            419   4.1e-48  160.9  32.6   1   3   1.3e-09   2.6e-08   29.8   1.9   242   292    43    90    40    90 0.65 -
NW_025965289.1_RagTag:81477-82172     -            232 16868at314147        -            419   4.1e-48  160.9  32.6   2   3     3e-25   6.1e-24   81.3   8.7   220   314    77   168    77   172 0.96 -
NW_025965289.1_RagTag:81477-82172     -            232 16868at314147        -            419   4.1e-48  160.9  32.6   3   3   1.9e-23     4e-22   75.3   6.4   233   315   146   225   146   232 0.93 -
NW_025965207.1_RagTag:15963-15268     -            232 16868at314147        -            419   3.9e-47  157.7  58.1   1   3   2.9e-16   5.8e-15   51.7  14.7   219   312     3    92     1    96 0.92 -
NW_025965207.1_RagTag:15963-15268     -            232 16868at314147        -            419   3.9e-47  157.7  58.1   2   3   3.4e-18   6.9e-17   58.1  14.9   221   312    61   148    60   151 0.90 -
NW_025965207.1_RagTag:15963-15268     -            232 16868at314147        -            419   3.9e-47  157.7  58.1   3   3     5e-23     1e-21   74.0  12.5   219   311   142   231   141   232 0.95 -
NW_025965317.1_RagTag:1470033-1469464 -            190 16868at314147        -            419     2e-46  155.4  24.3   1   2   6.4e-27   1.3e-25   86.8   9.9   218   314     4    97     1   101 0.95 -
NW_025965317.1_RagTag:1470033-1469464 -            190 16868at314147        -            419     2e-46  155.4  24.3   2   2   4.4e-23     9e-22   74.1   7.0   230   322   100   189    98   190 0.96 -
contig_10836_pilon:117-731            -            205 16868at314147        -            419   5.4e-46  154.0  36.5   1   2   1.6e-20   3.2e-19   65.7   9.7   233   312     1    77     1    79 0.96 -
contig_10836_pilon:117-731            -            205 16868at314147        -            419   5.4e-46  154.0  36.5   2   2   2.9e-21   5.9e-20   68.2  14.0   233   324   113   201   108   205 0.92 -
NW_025965235.1_RagTag:121831-121217   -            205 16868at314147        -            419   6.9e-46  153.6  33.6   1   3   5.3e-20   1.1e-18   64.0   7.3   233   315     1    80     1    82 0.93 -
NW_025965235.1_RagTag:121831-121217   -            205 16868at314147        -            419   6.9e-46  153.6  33.6   2   3     4e-22   8.2e-21   71.0   9.5   229   313    81   162    78   164 0.95 -
NW_025965235.1_RagTag:121831-121217   -            205 16868at314147        -            419   6.9e-46  153.6  33.6   3   3   5.4e-10   1.1e-08   31.0   1.7   228   270   164   205   162   205 0.86 -
NW_025965207.1_RagTag:11388-10717     -            224 16868at314147        -            419   1.8e-45  152.2  40.6   1   3   3.8e-15   7.8e-14   48.0   8.1   241   312     1    69     1    74 0.93 -
NW_025965207.1_RagTag:11388-10717     -            224 16868at314147        -            419   1.8e-45  152.2  40.6   2   3   9.7e-17     2e-15   53.3  11.7   232   313    75   153    70   156 0.93 -
NW_025965207.1_RagTag:11388-10717     -            224 16868at314147        -            419   1.8e-45  152.2  40.6   3   3     3e-19   6.1e-18   61.5   6.8   229   300   156   224   154   224 0.95 -
contig_83186_pilon:3012-2101          -            304 16868at314147        -            419   3.1e-45  151.5  39.6   1   3     2e-17     4e-16   55.5  11.4   239   312     2    72     1    76 0.94 -
contig_83186_pilon:3012-2101          -            304 16868at314147        -            419   3.1e-45  151.5  39.6   2   3   5.3e-24   1.1e-22   77.2  14.9   220   313    67   157    67   170 0.94 -
contig_83186_pilon:3012-2101          -            304 16868at314147        -            419   3.1e-45  151.5  39.6   3   3     2e-11     4e-10   35.8   1.1   219   289   234   300   207   303 0.69 -
NW_025965375.1_RagTag:158111-157530   -            194 16868at314147        -            419   3.5e-45  151.3  22.5   1   2   3.4e-27   6.9e-26   87.7   9.0   219   314     9   101     2   104 0.94 -
NW_025965375.1_RagTag:158111-157530   -            194 16868at314147        -            419   3.5e-45  151.3  22.5   2   2     1e-21   2.1e-20   69.7   5.7   230   315   104   186   101   194 0.92 -
NW_025965301.1_RagTag:107837-107190   -            216 16868at314147        -            419   1.3e-44  149.4  29.5   1   3   6.2e-17   1.3e-15   53.9   1.1   245   314    32    99     9   102 0.90 -
NW_025965301.1_RagTag:107837-107190   -            216 16868at314147        -            419   1.3e-44  149.4  29.5   2   3   5.9e-20   1.2e-18   63.9   6.1   232   312   104   181    98   188 0.93 -
NW_025965301.1_RagTag:107837-107190   -            216 16868at314147        -            419   1.3e-44  149.4  29.5   3   3     1e-17   2.1e-16   56.5   7.2   232   313   132   209   129   216 0.92 -
NW_025965127.1_RagTag:122624-122115   -            170 16868at314147        -            419   1.4e-44  149.2  28.9   1   3   4.4e-19   8.9e-18   61.0   5.2   237   312     2    74     1    75 0.95 -
NW_025965127.1_RagTag:122624-122115   -            170 16868at314147        -            419   1.4e-44  149.2  28.9   2   3   7.5e-20   1.5e-18   63.5   5.5   233   312    26   102    23   106 0.95 -
NW_025965127.1_RagTag:122624-122115   -            170 16868at314147        -            419   1.4e-44  149.2  28.9   3   3   1.3e-15   2.6e-14   49.5   2.6   220   292    97   166    96   170 0.89 -
NW_025965341.1_RagTag:79016-79627     -            204 16868at314147        -            419   3.8e-44  147.9  28.9   1   3   7.2e-17   1.5e-15   53.7   5.7   233   312     1    77     1    80 0.95 -
NW_025965341.1_RagTag:79016-79627     -            204 16868at314147        -            419   3.8e-44  147.9  28.9   2   3   4.4e-24   8.9e-23   77.5   8.5   218   314    70   163    70   165 0.96 -
NW_025965341.1_RagTag:79016-79627     -            204 16868at314147        -            419   3.8e-44  147.9  28.9   3   3   6.9e-13   1.4e-11   40.6   0.5   249   299   156   204   155   204 0.96 -
contig_78026_pilon:1141-2283          -            381 16868at314147        -            419   6.7e-44  147.1  28.7   1   3   2.3e-10   4.6e-09   32.3   3.3   192   302     3   119     1   126 0.81 -
contig_78026_pilon:1141-2283          -            381 16868at314147        -            419   6.7e-44  147.1  28.7   2   3   3.6e-17   7.4e-16   54.7   2.4   213   332   150   236   143   253 0.55 -
contig_78026_pilon:1141-2283          -            381 16868at314147        -            419   6.7e-44  147.1  28.7   3   3   4.9e-22     1e-20   70.7   7.4   218   324   276   379   270   381 0.93 -
NW_025965039.1_RagTag:272564-271974   -            197 16868at314147        -            419     1e-42  143.1  36.3   1   3   2.7e-16   5.5e-15   51.8   6.6   233   312    28   104    21   109 0.94 -
NW_025965039.1_RagTag:272564-271974   -            197 16868at314147        -            419     1e-42  143.1  36.3   2   3   1.1e-17   2.3e-16   56.3   6.0   221   311    72   159    72   161 0.95 -
NW_025965039.1_RagTag:272564-271974   -            197 16868at314147        -            419     1e-42  143.1  36.3   3   3   6.1e-19   1.2e-17   60.5   7.7   220   320    99   196    99   197 0.94 -
NW_025965215.1_RagTag:23670-22372     -            433 16868at314147        -            419   2.9e-42  141.7  33.6   1   3   5.8e-17   1.2e-15   54.0   4.0   238   314   239   311   233   311 0.95 -
NW_025965215.1_RagTag:23670-22372     -            433 16868at314147        -            419   2.9e-42  141.7  33.6   2   3   6.4e-21   1.3e-19   67.0   6.6   220   314   277   367   275   369 0.96 -
NW_025965215.1_RagTag:23670-22372     -            433 16868at314147        -            419   2.9e-42  141.7  33.6   3   3   3.1e-15   6.3e-14   48.3   7.1   230   296   370   433   368   433 0.92 -
contig_28105_pilon:1448-873           -            192 16868at314147        -            419   9.9e-42  139.9  22.5   1   3   9.1e-11   1.9e-09   33.6   1.4   268   313     1    44     1    47 0.91 -
contig_28105_pilon:1448-873           -            192 16868at314147        -            419   9.9e-42  139.9  22.5   2   3   4.4e-11   8.9e-10   34.6   0.7   259   315    48   102    44   105 0.86 -
contig_28105_pilon:1448-873           -            192 16868at314147        -            419   9.9e-42  139.9  22.5   3   3   8.4e-27   1.7e-25   86.4   8.7   220   320    94   191    93   192 0.96 -
NW_025965182.1_RagTag:1739884-1740459 -            192 16868at314147        -            419   1.2e-41  139.6  29.3   1   2   1.3e-22   2.6e-21   72.6  11.8   220   319     2    98     1   100 0.95 -
NW_025965182.1_RagTag:1739884-1740459 -            192 16868at314147        -            419   1.2e-41  139.6  29.3   2   2   7.2e-23   1.5e-21   73.5  11.7   229   322    95   185    90   191 0.94 -
contig_53583_pilon:2129-1584          -            182 16868at314147        -            419   2.2e-41  138.7  30.8   1   2   1.3e-22   2.7e-21   72.6  11.4   219   312     3    93     1    96 0.96 -
contig_53583_pilon:2129-1584          -            182 16868at314147        -            419   2.2e-41  138.7  30.8   2   2   1.7e-24   3.5e-23   78.8  11.3   216   313    84   178    83   182 0.95 -
NW_025965230.1_RagTag:917442-916915   -            176 16868at314147        -            419   3.7e-41  138.0  25.0   1   2   5.2e-21   1.1e-19   67.3   6.0   229   314     6    88     4    91 0.95 -
NW_025965230.1_RagTag:917442-916915   -            176 16868at314147        -            419   3.7e-41  138.0  25.0   2   2   5.4e-24   1.1e-22   77.2  11.0   229   315    90   173    88   175 0.95 -
NW_025965250.1_RagTag:8965-9597       -            211 16868at314147        -            419   2.7e-40  135.2  27.9   1   3   5.3e-19   1.1e-17   60.7   6.5   230   312     5    84     3    88 0.94 -
NW_025965250.1_RagTag:8965-9597       -            211 16868at314147        -            419   2.7e-40  135.2  27.9   2   3   1.6e-18   3.2e-17   59.1   9.7   220   313    79   169    79   172 0.95 -
NW_025965250.1_RagTag:8965-9597       -            211 16868at314147        -            419   2.7e-40  135.2  27.9   3   3   1.2e-11   2.5e-10   36.5   2.9   219   269   162   211   159   211 0.92 -
contig_18339_pilon:770-1369           -            200 16868at314147        -            419   2.3e-38  128.8  30.9   1   3   7.5e-24   1.5e-22   76.7  10.0   230   313     4    84     1    87 0.94 -
contig_18339_pilon:770-1369           -            200 16868at314147        -            419   2.3e-38  128.8  30.9   2   3   5.8e-18   1.2e-16   57.3   6.7   220   291    50   118    48   150 0.71 -
contig_18339_pilon:770-1369           -            200 16868at314147        -            419   2.3e-38  128.8  30.9   3   3   4.1e-06   8.3e-05   18.3   0.4   222   259   164   200   135   200 0.78 -
NW_025965341.1_RagTag:41589-41122     -            156 16868at314147        -            419   1.3e-36  123.0  20.4   1   2   3.9e-24   7.9e-23   77.6   6.6   230   315     9    91     2    93 0.94 -
NW_025965341.1_RagTag:41589-41122     -            156 16868at314147        -            419   1.3e-36  123.0  20.4   2   2   2.3e-16   4.7e-15   52.0   5.9   259   323    93   155    90   156 0.89 -
NW_025965341.1_RagTag:91734-92261     -            176 16868at314147        -            419   5.3e-36  121.0  29.8   1   2   1.4e-24   2.8e-23   79.1   7.9   220   321     2   100     1   101 0.95 -
NW_025965341.1_RagTag:91734-92261     -            176 16868at314147        -            419   5.3e-36  121.0  29.8   2   2   1.1e-15   2.3e-14   49.7  14.5   230   312    96   175    92   176 0.95 -
contig_31119_pilon:1895-1227          -            223 16868at314147        -            419     4e-35  118.1  18.8   1   2   3.1e-24   6.4e-23   77.9   6.8   189   313    26   149    20   152 0.92 -
contig_31119_pilon:1895-1227          -            223 16868at314147        -            419     4e-35  118.1  18.8   2   2   1.7e-15   3.5e-14   49.2   6.3   249   326   143   218   143   222 0.51 -
NW_025965279.1_RagTag:111843-48065    -            321 16868at314147        -            419   3.7e-32  108.4  24.4   1   3   6.5e-10   1.3e-08   30.8   2.1   234   325     2    89     1    97 0.80 -
NW_025965279.1_RagTag:111843-48065    -            321 16868at314147        -            419   3.7e-32  108.4  24.4   2   3   1.5e-16     3e-15   52.7   3.1   215   290   122   195    97   204 0.83 -
NW_025965279.1_RagTag:111843-48065    -            321 16868at314147        -            419   3.7e-32  108.4  24.4   3   3   1.1e-11   2.2e-10   36.6   3.9   240   309   255   321   246   321 0.84 -
NW_025965279.1_RagTag:80306-79764     -            181 16868at314147        -            419   4.8e-32  108.0  14.7   1   2     1e-15   2.1e-14   49.9   1.6   230   286     2    55     1    78 0.64 -
NW_025965279.1_RagTag:80306-79764     -            181 16868at314147        -            419   4.8e-32  108.0  14.7   2   2   6.6e-20   1.4e-18   63.7   5.6   225   305   103   180    85   181 0.91 -
NW_025965166.1_RagTag:131393-130962   -            144 16868at314147        -            419   8.1e-32  107.3  15.9   1   2   5.4e-27   1.1e-25   87.0   8.4   219   314    11   103     4   105 0.95 -
NW_025965166.1_RagTag:131393-130962   -            144 16868at314147        -            419   8.1e-32  107.3  15.9   2   2   3.7e-10   7.5e-09   31.6   1.8   219   269    95   144    94   144 0.92 -
contig_43715_pilon:306-1181           -            292 16868at314147        -            419   2.7e-30  102.2  19.8   1   2   4.7e-23   9.6e-22   74.1  11.3   218   312     6    97     2   104 0.95 -
contig_43715_pilon:306-1181           -            292 16868at314147        -            419   2.7e-30  102.2  19.8   2   2     1e-10     2e-09   33.4   1.3   258   311   240   291   214   292 0.55 -
NW_025965442.1_RagTag:53274-52825     -            150 16868at314147        -            419   3.2e-28   95.4  20.1   1   2   8.8e-17   1.8e-15   53.4   8.8   221   312     1    89     1    93 0.96 -
NW_025965442.1_RagTag:53274-52825     -            150 16868at314147        -            419   3.2e-28   95.4  20.1   2   2   7.7e-17   1.6e-15   53.6   4.6   219   287    83   148    82   150 0.92 -
NW_025965341.1_RagTag:115029-190889   -            257 16868at314147        -            419   1.1e-26   90.4  21.6   1   2     1e-10   2.1e-09   33.4   3.8   263   326     9    69     5    78 0.85 -
NW_025965341.1_RagTag:115029-190889   -            257 16868at314147        -            419   1.1e-26   90.4  21.6   2   2     2e-19     4e-18   62.1  10.5   218   325    77   181    73   195 0.94 -
NW_025965215.1_RagTag:353584-353090   -            165 16868at314147        -            419   8.5e-26   87.4  22.0   1   2   3.7e-07   7.5e-06   21.7   5.6   246   313    17    82     6    85 0.92 -
NW_025965215.1_RagTag:353584-353090   -            165 16868at314147        -            419   8.5e-26   87.4  22.0   2   2     9e-24   1.8e-22   76.4  10.8   220   311    76   164    76   165 0.97 -
NW_025965028.1_RagTag:357538-358857   -            372 16868at314147        -            419   3.4e-25   85.4   8.1   1   1   2.1e-26   4.4e-25   85.1   8.1   200   325   248   370   192   372 0.86 -
NW_025965277.1_RagTag:46400-46999     -            200 16868at314147        -            419   1.4e-24   83.4  22.9   1   2   9.8e-20     2e-18   63.1  16.2   196   313    19   132     4   142 0.85 -
NW_025965277.1_RagTag:46400-46999     -            200 16868at314147        -            419   1.4e-24   83.4  22.9   2   2   4.6e-08   9.3e-07   24.7   0.5   229   267   163   200   152   200 0.87 -
NW_025965039.1_RagTag:299265-271352   -            195 16868at314147        -            419   3.2e-24   82.2  14.3   1   2   2.3e-16   4.7e-15   52.0   5.7   236   312    74   147    68   152 0.93 -
NW_025965039.1_RagTag:299265-271352   -            195 16868at314147        -            419   3.2e-24   82.2  14.3   2   2     2e-12   4.2e-11   39.0   2.3   219   274   141   195   140   195 0.93 -
contig_52188_pilon:2135-1716          -            140 16868at314147        -            419   1.9e-21   73.1  11.1   1   1   1.7e-22   3.6e-21   72.2  11.1   193   325     6   136     2   140 0.92 -
NW_025965271.1_RagTag:644682-645221   -            180 16868at314147        -            419   2.6e-21   72.6  13.5   1   2   2.6e-06   5.3e-05   18.9   0.4   228   260     2    33     1    48 0.66 -
NW_025965271.1_RagTag:644682-645221   -            180 16868at314147        -            419   2.6e-21   72.6  13.5   2   2   2.9e-18   5.9e-17   58.3   6.7   260   326   115   179    83   180 0.89 -
contig_81532_pilon:2154-1714          -            147 16868at314147        -            419   6.5e-21   71.3  24.5   1   2   8.6e-07   1.8e-05   20.5   1.9   273   312     7    47     1    51 0.85 -
contig_81532_pilon:2154-1714          -            147 16868at314147        -            419   6.5e-21   71.3  24.5   2   2   1.3e-19   2.6e-18   62.8  15.0   181   299    32   147    30   147 0.90 -
NW_025965127.1_RagTag:122938-122609   -            110 16868at314147        -            419   1.5e-20   70.1   6.9   1   1     8e-22   1.6e-20   70.0   6.9   219   327     3   108     1   110 0.88 -
contig_18339_pilon:0-611              -            204 16868at314147        -            419   4.3e-18   62.0   6.1   1   2   0.00071     0.014   10.9   0.1   255   278     4    27     1    42 0.75 -
contig_18339_pilon:0-611              -            204 16868at314147        -            419   4.3e-18   62.0   6.1   2   2     1e-16   2.1e-15   53.2   2.2   229   289   147   204   130   204 0.85 -
NW_025965193.1_RagTag:1084542-1082725 -            601 16868at314147        -            419   7.2e-16   54.7   5.8   1   2   3.6e-09   7.4e-08   28.3   0.4   218   268   372   421   365   434 0.84 -
NW_025965193.1_RagTag:1084542-1082725 -            601 16868at314147        -            419   7.2e-16   54.7   5.8   2   2   3.4e-09   6.9e-08   28.4   0.7   221   262   559   599   548   601 0.58 -
NW_025965374.1_RagTag:84617-82386     -            744 16868at314147        -            419   9.5e-16   54.3  55.6   1   6   1.2e-06   2.4e-05   20.0   8.2   241   316     2    87     1    98 0.65 -
NW_025965374.1_RagTag:84617-82386     -            744 16868at314147        -            419   9.5e-16   54.3  55.6   2   6   0.00025    0.0051   12.4   3.1   241   348    71   182    58   199 0.76 -
NW_025965374.1_RagTag:84617-82386     -            744 16868at314147        -            419   9.5e-16   54.3  55.6   3   6    0.0011     0.022   10.3   2.9   220   333   224   359   214   382 0.65 -
NW_025965374.1_RagTag:84617-82386     -            744 16868at314147        -            419   9.5e-16   54.3  55.6   4   6   4.4e-09     9e-08   28.0  10.7   191   327   445   585   423   593 0.79 -
NW_025965374.1_RagTag:84617-82386     -            744 16868at314147        -            419   9.5e-16   54.3  55.6   5   6     0.032      0.66    5.4   2.4   279   325   596   640   589   652 0.79 -
NW_025965374.1_RagTag:84617-82386     -            744 16868at314147        -            419   9.5e-16   54.3  55.6   6   6       4.3        87   -1.6   0.0   297   338   691   738   687   741 0.60 -
NW_025965233.1_RagTag:202706-205098   -            273 16868at314147        -            419   3.5e-14   49.1  20.3   1   2   2.6e-11   5.3e-10   35.4   8.4   241   325   113   194   106   208 0.88 -
NW_025965233.1_RagTag:202706-205098   -            273 16868at314147        -            419   3.5e-14   49.1  20.3   2   2   1.4e-06   2.9e-05   19.8   4.0   243   296   223   273   212   273 0.69 -
NW_025965200.1_RagTag:17859-18600     -            203 16868at314147        -            419   1.4e-12   43.9   2.8   1   1   1.3e-13   2.6e-12   43.0   2.8   215   284   132   199   126   202 0.87 -
NW_025965341.1_RagTag:108306-108962   -            219 16868at314147        -            419   2.1e-11   40.0  10.7   1   2   1.7e-07   3.5e-06   22.8   3.2   234   328    17   109     3   120 0.81 -
NW_025965341.1_RagTag:108306-108962   -            219 16868at314147        -            419   2.1e-11   40.0  10.7   2   2   2.8e-07   5.7e-06   22.1   0.8   247   316   142   211   120   218 0.80 -
NW_025965281.1_RagTag:529223-527331   -            631 16868at314147        -            419   1.7e-10   37.0   6.4   1   2   1.6e-05   0.00032   16.3   0.1   217   266   344   393   339   428 0.81 -
NW_025965281.1_RagTag:529223-527331   -            631 16868at314147        -            419   1.7e-10   37.0   6.4   2   2   1.7e-06   3.5e-05   19.5   2.3   241   312   458   526   449   556 0.57 -
NW_025965324.1_RagTag:667565-665169   -            506 16868at314147        -            419   4.1e-09   32.4   1.1   1   3     2e-10   4.1e-09   32.4   1.1   278   327     3    52     1   110 0.83 -
NW_025965324.1_RagTag:667565-665169   -            506 16868at314147        -            419   4.1e-09   32.4   1.1   2   3         6   1.2e+02   -2.0   0.0    31    64   237   270   223   287 0.76 -
NW_025965324.1_RagTag:667565-665169   -            506 16868at314147        -            419   4.1e-09   32.4   1.1   3   3       2.4        49   -0.8   0.0   291   352   287   343   271   356 0.69 -
NW_025965297.1_RagTag:263440-264639   -            299 16868at314147        -            419   6.8e-09   31.7  11.2   1   2   1.3e-09   2.7e-08   29.8   3.1   250   325    78   151    66   171 0.75 -
NW_025965297.1_RagTag:263440-264639   -            299 16868at314147        -            419   6.8e-09   31.7  11.2   2   2     0.011      0.23    6.9   1.1   272   311   244   283   236   298 0.83 -
NW_025965182.1_RagTag:1739356-1739874 -            173 16868at314147        -            419   7.1e-06   21.8   1.8   1   1   4.5e-07   9.2e-06   21.4   1.2   230   269   132   170    77   173 0.60 -
NW_025965054.1_RagTag:37688-37278     -            137 16868at314147        -            419   1.4e-05   20.8   6.3   1   1     1e-06   2.1e-05   20.2   6.3   252   324    67   137    40   137 0.85 -
NW_025965285.1_RagTag:191698-192849   -            384 16868at314147        -            419   2.8e-05   19.8  14.5   1   2    0.0032     0.065    8.7   2.5   227   298   133   208    83   221 0.62 -
NW_025965285.1_RagTag:191698-192849   -            384 16868at314147        -            419   2.8e-05   19.8  14.5   2   2     2e-05   0.00041   16.0   4.3   219   324   276   384   262   384 0.80 -
NW_025965259.1_RagTag:163961-162513   -            483 16868at314147        -            419   0.00027   16.6   3.5   1   3       9.5   1.9e+02   -2.7   1.5   332   397   101   168    91   176 0.70 -
NW_025965259.1_RagTag:163961-162513   -            483 16868at314147        -            419   0.00027   16.6   3.5   2   3       7.2   1.5e+02   -2.3   0.0   153   187   284   318   260   329 0.62 -
NW_025965259.1_RagTag:163961-162513   -            483 16868at314147        -            419   0.00027   16.6   3.5   3   3   1.3e-05   0.00027   16.6   3.5   239   311   411   480   403   483 0.84 -
NW_025965375.1_RagTag:140298-139846   -            151 16868at314147        -            419   0.00068   15.3   2.6   1   2   3.3e-05   0.00068   15.3   2.6   288   334    33    78     9    88 0.76 -
NW_025965375.1_RagTag:140298-139846   -            151 16868at314147        -            419   0.00068   15.3   2.6   2   2   0.00016    0.0032   13.0   7.1   235   324    39   121    29   151 0.75 -
#
# Program:         hmmsearch
# Version:         3.1b2 (February 2015)
# Pipeline mode:   SEARCH
# Query file:      /home/bgerda/guppy_SUP/busco_downloads/lineages/glires_odb10/hmms/16868at314147.hmm
# Target file:     /home/bgerda/guppy_SUP/busco_results/run_glires_odb10/metaeuk_output/rerun_results/ragtag.scaffold.fasta.modified.fas
# Option settings: hmmsearch --domtblout /home/bgerda/guppy_SUP/busco_results/run_glires_odb10/hmmer_output/rerun_results/16868at314147.out --cpu 1 /home/bgerda/guppy_SUP/busco_downloads/lineages/glires_odb10/hmms/16868at314147.hmm /home/bgerda/guppy_SUP/busco_results/run_glires_odb10/metaeuk_output/rerun_results/ragtag.scaffold.fasta.modified.fas 
# Current dir:     /home/bgerda/guppy_SUP
# Date:            Sun May 21 15:29:20 2023
# [ok]
