#                                                                                             --- full sequence --- -------------- this domain -------------   hmm coord   ali coord   env coord
# target name                         accession   tlen query name           accession   qlen   E-value  score  bias   #  of  c-Evalue  i-Evalue  score  bias  from    to  from    to  from    to  acc description of target
#                 ------------------- ---------- ----- -------------------- ---------- ----- --------- ------ ----- --- --- --------- --------- ------ ----- ----- ----- ----- ----- ----- ----- ---- ---------------------
NW_025965287.1_RagTag:1528602-1528006 -            199 18143at314147        -            424   1.4e-13   46.9   0.7   1   4   1.2e-05    0.0055   12.0   0.1   187   214    14    41     1    54 0.72 -
NW_025965287.1_RagTag:1528602-1528006 -            199 18143at314147        -            424   1.4e-13   46.9   0.7   2   4     5e-07   0.00023   16.5   0.1   168   222    37    91    37   100 0.86 -
NW_025965287.1_RagTag:1528602-1528006 -            199 18143at314147        -            424   1.4e-13   46.9   0.7   3   4     0.001      0.49    5.6   0.0   184   213    96   125    89   137 0.79 -
NW_025965287.1_RagTag:1528602-1528006 -            199 18143at314147        -            424   1.4e-13   46.9   0.7   4   4   6.4e-06     0.003   12.9   0.0   351   412   133   192   125   196 0.79 -
contig_13085_pilon:902-46             -            239 18143at314147        -            424   1.7e-10   36.8   0.7   1   2    0.0027       1.3    4.2   0.0   176   211    36    71    27    74 0.84 -
contig_13085_pilon:902-46             -            239 18143at314147        -            424   1.7e-10   36.8   0.7   2   2     1e-11   4.7e-09   32.0   0.2   169   238    71   137    69   146 0.88 -
NW_025965114.1_RagTag:29739-29566     -             58 18143at314147        -            424   8.9e-05   17.9   0.1   1   1     2e-07   9.2e-05   17.9   0.1   162   210     1    51     1    57 0.82 -
#
# Program:         hmmsearch
# Version:         3.1b2 (February 2015)
# Pipeline mode:   SEARCH
# Query file:      /home/bgerda/guppy_SUP/busco_downloads/lineages/glires_odb10/hmms/18143at314147.hmm
# Target file:     /home/bgerda/guppy_SUP/busco_results/run_glires_odb10/metaeuk_output/rerun_results/ragtag.scaffold.fasta.modified.fas
# Option settings: hmmsearch --domtblout /home/bgerda/guppy_SUP/busco_results/run_glires_odb10/hmmer_output/rerun_results/18143at314147.out --cpu 1 /home/bgerda/guppy_SUP/busco_downloads/lineages/glires_odb10/hmms/18143at314147.hmm /home/bgerda/guppy_SUP/busco_results/run_glires_odb10/metaeuk_output/rerun_results/ragtag.scaffold.fasta.modified.fas 
# Current dir:     /home/bgerda/guppy_SUP
# Date:            Sun May 21 15:29:12 2023
# [ok]
