#                                                                                             --- full sequence --- -------------- this domain -------------   hmm coord   ali coord   env coord
# target name                         accession   tlen query name           accession   qlen   E-value  score  bias   #  of  c-Evalue  i-Evalue  score  bias  from    to  from    to  from    to  acc description of target
#                 ------------------- ---------- ----- -------------------- ---------- ----- --------- ------ ----- --- --- --------- --------- ------ ----- ----- ----- ----- ----- ----- ----- ---- ---------------------
NW_025965233.1_RagTag:1552717-1559384 -            295 18847at314147        -            456   6.4e-09   31.5   0.0   1   2   7.6e-05     0.021   10.0   0.0    73   105    14    46     6    64 0.87 -
NW_025965233.1_RagTag:1552717-1559384 -            295 18847at314147        -            456   6.4e-09   31.5   0.0   2   2   1.1e-07     3e-05   19.4   0.0   267   395   163   285   146   289 0.77 -
NW_025965233.1_RagTag:1542357-1544748 -            167 18847at314147        -            456   2.2e-08   29.7   0.0   1   1   9.6e-11   2.7e-08   29.4   0.0   324   426    18   130    12   141 0.75 -
NW_025965177.1_RagTag:109092-112850   -            313 18847at314147        -            456   1.8e-05   20.1   0.0   1   2     0.025       7.1    1.6   0.0    20   103     6    86     3   120 0.72 -
NW_025965177.1_RagTag:109092-112850   -            313 18847at314147        -            456   1.8e-05   20.1   0.0   2   2   8.4e-07   0.00024   16.4   0.0   384   427   235   283   179   297 0.67 -
contig_50368_pilon:2080-1255          -            270 18847at314147        -            456   0.00051   15.3   0.0   1   1   2.5e-06   0.00071   14.8   0.0    29   104    28   103     6   113 0.74 -
NW_025965039.1_RagTag:326590-325088   -            145 18847at314147        -            456     0.019   10.1   0.0   1   1   7.9e-05     0.022    9.9   0.0   329   432    24   136    15   141 0.67 -
#
# Program:         hmmsearch
# Version:         3.1b2 (February 2015)
# Pipeline mode:   SEARCH
# Query file:      /home/bgerda/guppy_SUP/busco_downloads/lineages/glires_odb10/hmms/18847at314147.hmm
# Target file:     /home/bgerda/guppy_SUP/busco_results/run_glires_odb10/metaeuk_output/rerun_results/ragtag.scaffold.fasta.modified.fas
# Option settings: hmmsearch --domtblout /home/bgerda/guppy_SUP/busco_results/run_glires_odb10/hmmer_output/rerun_results/18847at314147.out --cpu 1 /home/bgerda/guppy_SUP/busco_downloads/lineages/glires_odb10/hmms/18847at314147.hmm /home/bgerda/guppy_SUP/busco_results/run_glires_odb10/metaeuk_output/rerun_results/ragtag.scaffold.fasta.modified.fas 
# Current dir:     /home/bgerda/guppy_SUP
# Date:            Sun May 21 15:29:11 2023
# [ok]
