#                                                                                             --- full sequence --- -------------- this domain -------------   hmm coord   ali coord   env coord
# target name                         accession   tlen query name           accession   qlen   E-value  score  bias   #  of  c-Evalue  i-Evalue  score  bias  from    to  from    to  from    to  acc description of target
#                 ------------------- ---------- ----- -------------------- ---------- ----- --------- ------ ----- --- --- --------- --------- ------ ----- ----- ----- ----- ----- ----- ----- ---- ---------------------
NW_025965307.1_RagTag:989108-990586   -            493 19097at314147        -            411  1.1e-123  409.6  24.9   1   2   3.2e-95     4e-94  312.1  13.1    16   214    10   208     6   216 0.98 -
NW_025965307.1_RagTag:989108-990586   -            493 19097at314147        -            411  1.1e-123  409.6  24.9   2   2     1e-31   1.3e-30  103.0   3.9   309   389   410   492   378   493 0.87 -
NW_025965256.1_RagTag:848936-850198   -            421 19097at314147        -            411   4.4e-38  127.6  20.4   1   2   4.7e-32     6e-31  104.1  10.3    29   222    11   213     2   238 0.82 -
NW_025965256.1_RagTag:848936-850198   -            421 19097at314147        -            411   4.4e-38  127.6  20.4   2   2   1.7e-09   2.2e-08   29.7   2.0   321   403   239   327   225   333 0.85 -
NW_025965148.1_RagTag:252022-250949   -            288 19097at314147        -            411   4.9e-36  120.8   9.2   1   1   5.1e-37   6.5e-36  120.4   9.2    13   217    43   239    27   253 0.87 -
NW_025965323.1_RagTag:1329524-1328619 -            302 19097at314147        -            411   2.6e-33  111.9  22.2   1   2   1.7e-22   2.2e-21   72.6  11.8    32   216     4   190     2   208 0.85 -
NW_025965323.1_RagTag:1329524-1328619 -            302 19097at314147        -            411   2.6e-33  111.9  22.2   2   2   3.1e-14   3.9e-13   45.4   2.6   323   402   207   287   196   297 0.87 -
NW_025965161.1_RagTag:422252-421546   -            235 19097at314147        -            411   2.5e-15   52.6   8.1   1   1   2.3e-16   2.9e-15   52.4   8.1    20   204    38   230    18   234 0.81 -
NW_025965321.1_RagTag:4466482-4467336 -            285 19097at314147        -            411   1.4e-12   43.6  19.5   1   2   6.9e-11   8.8e-10   34.4  11.3    32   218    35   222    24   225 0.78 -
NW_025965321.1_RagTag:4466482-4467336 -            285 19097at314147        -            411   1.4e-12   43.6  19.5   2   2     3e-05   0.00038   15.8   0.7   328   359   223   254   216   262 0.85 -
NW_025965317.1_RagTag:3305072-3245257 -            334 19097at314147        -            411   1.2e-11   40.5  17.0   1   2   1.1e-06   1.4e-05   20.5   8.3    23   159    20   156     7   216 0.83 -
NW_025965317.1_RagTag:3305072-3245257 -            334 19097at314147        -            411   1.2e-11   40.5  17.0   2   2   3.6e-08   4.6e-07   25.4   1.3   325   398   234   310   210   313 0.81 -
NW_025965256.1_RagTag:1112205-1111162 -            348 19097at314147        -            411   7.3e-11   37.9  22.5   1   2   7.5e-08   9.6e-07   24.3  10.3    33   216    40   219    25   225 0.83 -
NW_025965256.1_RagTag:1112205-1111162 -            348 19097at314147        -            411   7.3e-11   37.9  22.5   2   2   9.4e-07   1.2e-05   20.7   3.7   327   401   223   300   217   311 0.83 -
NW_025965319.1_RagTag:190315-191133   -            273 19097at314147        -            411   3.3e-10   35.7  17.3   1   2   2.3e-10     3e-09   32.6  10.2    31   206     6   183     1   194 0.78 -
NW_025965319.1_RagTag:190315-191133   -            273 19097at314147        -            411   3.3e-10   35.7  17.3   2   2    0.0054     0.069    8.3   1.1   310   358   185   232   180   266 0.72 -
NW_025965314.1_RagTag:120014-121839   -            303 19097at314147        -            411   9.6e-10   34.2  22.8   1   2     6e-08   7.6e-07   24.7  14.5    25   207    19   205     7   211 0.77 -
NW_025965314.1_RagTag:120014-121839   -            303 19097at314147        -            411   9.6e-10   34.2  22.8   2   2   6.2e-05   0.00079   14.7   1.1   327   396   227   297   215   302 0.79 -
contig_27735_pilon:522-1              -            174 19097at314147        -            411   2.7e-09   32.8   8.0   1   1   2.6e-10   3.3e-09   32.5   8.0    27   147    41   161    30   173 0.85 -
NW_025965108.1_RagTag:146437-147393   -            319 19097at314147        -            411   5.3e-09   31.8   8.2   1   2   3.4e-07   4.3e-06   22.2   1.4    45   207    45   209    11   222 0.78 -
NW_025965108.1_RagTag:146437-147393   -            319 19097at314147        -            411   5.3e-09   31.8   8.2   2   2   9.2e-05    0.0012   14.2   0.6   324   393   223   302   212   314 0.67 -
contig_25261_pilon:2046-1063          -            328 19097at314147        -            411   6.2e-09   31.6  20.3   1   2   1.8e-08   2.3e-07   26.4  15.5    24   187    29   190    13   231 0.76 -
contig_25261_pilon:2046-1063          -            328 19097at314147        -            411   6.2e-09   31.6  20.3   2   2    0.0096      0.12    7.5   0.1   333   400   240   316   232   321 0.71 -
NW_025965421.1_RagTag:181801-182494   -            214 19097at314147        -            411   2.2e-08   29.7   6.2   1   2   6.1e-09   7.8e-08   27.9   0.2    81   159    14    91     6    97 0.91 -
NW_025965421.1_RagTag:181801-182494   -            214 19097at314147        -            411   2.2e-08   29.7   6.2   2   2     0.096       1.2    4.2   1.7   331   393   142   210   136   214 0.77 -
NW_025965277.1_RagTag:1826576-1826301 -             92 19097at314147        -            411   8.6e-08   27.8   3.7   1   1   7.2e-09   9.1e-08   27.7   3.7    29    99     4    74     2    92 0.84 -
NW_025965209.1_RagTag:637992-638492   -            167 19097at314147        -            411   1.1e-07   27.5   3.0   1   2       2.7        34   -0.5   0.4   184   206    34    56    18    69 0.67 -
NW_025965209.1_RagTag:637992-638492   -            167 19097at314147        -            411   1.1e-07   27.5   3.0   2   2   8.3e-09   1.1e-07   27.5   3.0   326   400    78   152    58   160 0.91 -
NW_025965278.1_RagTag:272984-272433   -            184 19097at314147        -            411   1.6e-07   26.9   2.0   1   2       1.5        18    0.4   0.1   117   203     1    86     1    92 0.65 -
NW_025965278.1_RagTag:272984-272433   -            184 19097at314147        -            411   1.6e-07   26.9   2.0   2   2   1.3e-08   1.6e-07   26.9   2.0   327   398   108   183    92   184 0.79 -
NW_025965123.1_RagTag:1827926-1828828 -            301 19097at314147        -            411   2.3e-07   26.4   4.8   1   3   1.8e-08   2.3e-07   26.4   4.8    30   157    32   159    17   177 0.83 -
NW_025965123.1_RagTag:1827926-1828828 -            301 19097at314147        -            411   2.3e-07   26.4   4.8   2   3       4.4        55   -1.2   1.3    63   125   166   225   150   260 0.66 -
NW_025965123.1_RagTag:1827926-1828828 -            301 19097at314147        -            411   2.3e-07   26.4   4.8   3   3       1.2        16    0.6   0.1   374   399   273   298   234   300 0.78 -
NW_025965295.1_RagTag:980586-979666   -            307 19097at314147        -            411   2.9e-07   26.1  17.6   1   1   2.3e-08   2.9e-07   26.1  17.6    12   213    16   220     8   229 0.75 -
NW_025965230.1_RagTag:1052542-1051619 -            308 19097at314147        -            411     3e-07   26.0  15.6   1   3   2.7e-08   3.5e-07   25.8  12.1    27   152    31   156    19   247 0.73 -
NW_025965230.1_RagTag:1052542-1051619 -            308 19097at314147        -            411     3e-07   26.0  15.6   2   3       2.1        26   -0.1   1.0   117   181   175   241   164   275 0.60 -
NW_025965230.1_RagTag:1052542-1051619 -            308 19097at314147        -            411     3e-07   26.0  15.6   3   3       1.4        17    0.5   0.1   354   399   258   303   225   306 0.72 -
NW_025965057.1_RagTag:7578-6664       -            305 19097at314147        -            411     3e-07   26.0   8.8   1   1   2.4e-08     3e-07   26.0   8.8    29   149    34   153    23   164 0.86 -
NW_025965266.1_RagTag:245866-244338   -            282 19097at314147        -            411   3.9e-07   25.6   8.6   1   1   3.9e-08     5e-07   25.3   8.6    16   160    46   186    32   238 0.81 -
contig_23379_pilon:2125-1202          -            308 19097at314147        -            411   4.2e-07   25.5   3.9   1   3   3.3e-08   4.2e-07   25.5   3.9    29   148    40   159    23   174 0.81 -
contig_23379_pilon:2125-1202          -            308 19097at314147        -            411   4.2e-07   25.5   3.9   2   3         4        51   -1.1   0.5    52    94   184   224   162   240 0.61 -
contig_23379_pilon:2125-1202          -            308 19097at314147        -            411   4.2e-07   25.5   3.9   3   3       3.7        47   -1.0   0.4    28    97   221   292   202   303 0.70 -
NW_025965317.1_RagTag:1495831-1496580 -            250 19097at314147        -            411   6.9e-07   24.8  12.5   1   1   7.1e-08     9e-07   24.4  12.5    28   214    44   223    23   244 0.72 -
NW_025965182.1_RagTag:1860922-1885787 -            159 19097at314147        -            411   7.8e-07   24.6   8.2   1   1   7.8e-08   9.9e-07   24.3   8.2    28   147    34   153    25   157 0.82 -
NW_025965250.1_RagTag:33393-32712     -            226 19097at314147        -            411   1.4e-06   23.8  13.7   1   1   1.8e-07   2.2e-06   23.1  13.2    29   151    42   164    35   215 0.76 -
NW_025965317.1_RagTag:2638743-2639629 -            295 19097at314147        -            411   1.4e-06   23.8   2.7   1   2   1.1e-07   1.4e-06   23.8   2.7    16   131     5   119     1   135 0.88 -
NW_025965317.1_RagTag:2638743-2639629 -            295 19097at314147        -            411   1.4e-06   23.8   2.7   2   2      0.13       1.7    3.8   0.8    57    77   167   187   150   208 0.79 -
contig_67641_pilon:774-58             -            239 19097at314147        -            411   1.7e-06   23.6  10.3   1   2   1.3e-07   1.7e-06   23.6  10.3    28   156     9   136     1   152 0.87 -
contig_67641_pilon:774-58             -            239 19097at314147        -            411   1.7e-06   23.6  10.3   2   2      0.16         2    3.6   0.2   333   355   217   239   196   239 0.80 -
contig_67131_pilon:1213-315           -            299 19097at314147        -            411     2e-06   23.3  13.2   1   1   2.6e-07   3.3e-06   22.6  13.2    28   149    33   153    15   226 0.78 -
NW_025965230.1_RagTag:349796-348933   -            288 19097at314147        -            411   2.1e-06   23.2   6.4   1   2   3.1e-06   3.9e-05   19.0   4.9    38   154    21   135     3   140 0.82 -
NW_025965230.1_RagTag:349796-348933   -            288 19097at314147        -            411   2.1e-06   23.2   6.4   2   2      0.13       1.7    3.8   0.0   326   354   206   234   196   283 0.89 -
contig_57973_pilon:1283-390           -            298 19097at314147        -            411   2.3e-06   23.1   5.7   1   1   2.9e-07   3.7e-06   22.4   5.7    28   214    24   221    11   246 0.69 -
NW_025965331.1_RagTag:96699-97271     -            191 19097at314147        -            411   2.4e-06   23.0   7.0   1   2   6.5e-05   0.00082   14.7   0.8   109   147    53    91    34   104 0.82 -
NW_025965331.1_RagTag:96699-97271     -            191 19097at314147        -            411   2.4e-06   23.0   7.0   2   2   0.00051    0.0065   11.7   0.5   116   188   114   188   110   191 0.87 -
NW_025965101.1_RagTag:53709-52805     -            300 19097at314147        -            411   2.7e-06   22.9   7.8   1   2   2.1e-07   2.7e-06   22.9   7.8    17   151    19   153     3   200 0.85 -
NW_025965101.1_RagTag:53709-52805     -            300 19097at314147        -            411   2.7e-06   22.9   7.8   2   2       7.9     1e+02   -2.1   0.1   368   398   267   297   231   299 0.75 -
NW_025965008.1_RagTag:228249-247573   -            282 19097at314147        -            411   3.6e-06   22.4   6.7   1   2   2.9e-07   3.6e-06   22.4   6.7    30   146    26   142    16   170 0.84 -
NW_025965008.1_RagTag:228249-247573   -            282 19097at314147        -            411   3.6e-06   22.4   6.7   2   2       2.8        36   -0.6   0.4    78    91   190   203   160   268 0.55 -
NW_025965431.1_RagTag:38801-37884     -            306 19097at314147        -            411   4.4e-06   22.2   5.4   1   2   3.4e-07   4.4e-06   22.2   5.4    27   148    32   153    25   164 0.76 -
NW_025965431.1_RagTag:38801-37884     -            306 19097at314147        -            411   4.4e-06   22.2   5.4   2   2       8.1     1e+02   -2.1   2.7   138   198   199   258   168   264 0.65 -
NW_025965305.1_RagTag:1670313-1671218 -            302 19097at314147        -            411   4.6e-06   22.1  12.6   1   1   3.6e-07   4.6e-06   22.1  12.6    20   149    25   154    15   169 0.83 -
NW_025965305.1_RagTag:1667672-1666791 -            294 19097at314147        -            411   5.1e-06   22.0   4.5   1   1     4e-07   5.1e-06   22.0   4.5    20   157    25   162    15   170 0.87 -
contig_45284_pilon:1194-2101          -            300 19097at314147        -            411   5.2e-06   21.9  18.9   1   1   6.3e-07     8e-06   21.3  17.2    28   150    30   152    22   218 0.75 -
NW_025965054.1_RagTag:8390-7841       -            181 19097at314147        -            411   5.9e-06   21.8   3.8   1   1   5.8e-07   7.4e-06   21.4   3.8    28   150    32   154    23   166 0.81 -
NW_025965161.1_RagTag:680661-681407   -            220 19097at314147        -            411   6.2e-06   21.7   0.2   1   1   6.3e-07     8e-06   21.3   0.2   108   149    56    97    30   146 0.83 -
NW_025965307.1_RagTag:60822-79022     -            238 19097at314147        -            411   6.2e-06   21.7   6.5   1   2   7.6e-07   9.6e-06   21.1   5.6    30   148    33   151    18   163 0.78 -
NW_025965307.1_RagTag:60822-79022     -            238 19097at314147        -            411   6.2e-06   21.7   6.5   2   2       5.4        68   -1.5   0.0   376   397   216   237   209   238 0.84 -
NW_025965161.1_RagTag:680649-681285   -            175 19097at314147        -            411   6.5e-06   21.6   0.7   1   1   7.5e-07   9.5e-06   21.1   0.5   109   148    61   100    42   120 0.81 -
NW_025965203.1_RagTag:474886-475707   -            274 19097at314147        -            411   7.7e-06   21.4   5.1   1   1     6e-07   7.7e-06   21.4   5.1    21   145    17   138     8   156 0.79 -
NW_025965426.1_RagTag:63389-64287     -            296 19097at314147        -            411   8.2e-06   21.3  14.3   1   1   9.2e-07   1.2e-05   20.8  12.7    12   141    11   143     1   244 0.68 -
contig_44821_pilon:519-29             -            162 19097at314147        -            411   1.2e-05   20.8  11.1   1   1   1.1e-06   1.4e-05   20.5  11.1    28   150    10   130     2   156 0.82 -
NW_025965313.1_RagTag:68347-68841     -            165 19097at314147        -            411   1.2e-05   20.7  12.7   1   1   1.2e-06   1.5e-05   20.4  12.7    27   148    28   149    18   160 0.80 -
NW_025965080.1_RagTag:593575-594468   -            298 19097at314147        -            411   1.3e-05   20.6  10.0   1   2     1e-06   1.3e-05   20.6  10.0    18   159    22   161     3   218 0.79 -
NW_025965080.1_RagTag:593575-594468   -            298 19097at314147        -            411   1.3e-05   20.6  10.0   2   2       1.4        17    0.5   0.0   370   399   269   298   230   298 0.80 -
NW_025965235.1_RagTag:64724-63826     -            298 19097at314147        -            411   1.6e-05   20.4   5.4   1   1   1.7e-06   2.2e-05   19.9   5.4    22   150    20   147    12   198 0.80 -
contig_31446_pilon:644-132            -            171 19097at314147        -            411   1.7e-05   20.2   7.2   1   1   1.7e-06   2.2e-05   19.9   7.2    18   159    25   165    14   170 0.76 -
contig_19626_pilon:1309-2237          -            309 19097at314147        -            411   2.6e-05   19.6  14.3   1   1   2.9e-06   3.7e-05   19.1  13.5    28   148    35   154    26   210 0.81 -
NW_025965146.1_RagTag:98922-98007     -            292 19097at314147        -            411   2.8e-05   19.5   7.5   1   2   2.2e-06   2.8e-05   19.5   7.5    18   129    24   133    10   152 0.77 -
NW_025965146.1_RagTag:98922-98007     -            292 19097at314147        -            411   2.8e-05   19.5   7.5   2   2       7.8        99   -2.0   0.3    78    94   190   197   159   235 0.57 -
NW_025965123.1_RagTag:1772589-1841402 -            162 19097at314147        -            411   3.6e-05   19.1   8.3   1   1   3.3e-06   4.1e-05   19.0   8.3    28   149    29   150    20   162 0.74 -
NW_025965008.1_RagTag:218801-229417   -            293 19097at314147        -            411   4.9e-05   18.7   5.8   1   1   3.9e-06   4.9e-05   18.7   5.8    30   147    25   142    13   177 0.73 -
NW_025965138.1_RagTag:13922-13067     -            279 19097at314147        -            411     5e-05   18.7   9.4   1   2     4e-06     5e-05   18.7   9.4    21   149    15   138     6   150 0.77 -
NW_025965138.1_RagTag:13922-13067     -            279 19097at314147        -            411     5e-05   18.7   9.4   2   2     0.091       1.2    4.3   1.3    87   125   158   196   134   233 0.80 -
NW_025965235.1_RagTag:62953-62088     -            287 19097at314147        -            411   6.2e-05   18.4   5.6   1   1   6.2e-06   7.9e-05   18.0   5.6    29   160    37   169    16   234 0.76 -
NW_025965080.1_RagTag:595446-596340   -            298 19097at314147        -            411   6.4e-05   18.3   9.5   1   2   5.1e-06   6.4e-05   18.3   9.5    27   148    31   151    14   163 0.85 -
NW_025965080.1_RagTag:595446-596340   -            298 19097at314147        -            411   6.4e-05   18.3   9.5   2   2       8.4   1.1e+02   -2.2   2.7    59    85   196   222   172   297 0.57 -
NW_025965305.1_RagTag:1702994-1703565 -            179 19097at314147        -            411   7.6e-05   18.1  10.0   1   1   8.3e-06   0.00011   17.6  10.0    27   151    24   148     8   164 0.82 -
NW_025965581.1_RagTag:2807-3714       -            302 19097at314147        -            411   7.7e-05   18.1   9.3   1   3     6e-06   7.7e-05   18.1   9.3    14   148    13   146     1   202 0.83 -
NW_025965581.1_RagTag:2807-3714       -            302 19097at314147        -            411   7.7e-05   18.1   9.3   2   3       8.8   1.1e+02   -2.2   0.1    59    91   178   208   166   223 0.70 -
NW_025965581.1_RagTag:2807-3714       -            302 19097at314147        -            411   7.7e-05   18.1   9.3   3   3       9.6   1.2e+02   -2.3   0.0   374   400   274   300   266   300 0.82 -
contig_19055_pilon:1664-777           -            283 19097at314147        -            411   0.00012   17.4  11.2   1   2   2.3e-05   0.00029   16.2   9.1   103   153    89   139    15   200 0.73 -
contig_19055_pilon:1664-777           -            283 19097at314147        -            411   0.00012   17.4  11.2   2   2       1.4        18    0.4   0.0   372   399   253   280   246   283 0.83 -
NW_025965054.1_RagTag:13790-14404     -            191 19097at314147        -            411   0.00013   17.4   0.3   1   2   0.00012    0.0015   13.8   0.2   108   151     9    52     2   134 0.64 -
NW_025965054.1_RagTag:13790-14404     -            191 19097at314147        -            411   0.00013   17.4   0.3   2   2      0.58       7.3    1.7   0.0   377   400   166   189   155   190 0.83 -
NW_025965426.1_RagTag:16556-60371     -            275 19097at314147        -            411    0.0002   16.7  17.2   1   1   2.5e-05   0.00031   16.1  17.2    23   201     9   189     2   201 0.79 -
NW_025965313.1_RagTag:1671318-1670390 -            304 19097at314147        -            411   0.00021   16.6  10.9   1   2   1.7e-05   0.00021   16.6  10.9    29   144    37   150    26   166 0.82 -
NW_025965313.1_RagTag:1671318-1670390 -            304 19097at314147        -            411   0.00021   16.6  10.9   2   2      0.83        10    1.2   1.2   116   212   174   269   165   282 0.71 -
NW_025965331.1_RagTag:94459-97447     -            300 19097at314147        -            411   0.00027   16.3   1.1   1   1   4.1e-05   0.00052   15.3   1.1   108   181   118   193   102   222 0.72 -
NW_025965182.1_RagTag:1844038-1843763 -             92 19097at314147        -            411   0.00028   16.2   0.4   1   1   2.3e-05   0.00029   16.2   0.4    27    67    21    61    10    86 0.83 -
NW_025965140.1_RagTag:1050730-1049929 -            265 19097at314147        -            411   0.00031   16.1   5.4   1   3   2.4e-05   0.00031   16.1   5.4    36   149     1   112     1   139 0.81 -
NW_025965140.1_RagTag:1050730-1049929 -            265 19097at314147        -            411   0.00031   16.1   5.4   2   3       6.3        80   -1.7   1.0    11    81   148   218   138   221 0.51 -
NW_025965140.1_RagTag:1050730-1049929 -            265 19097at314147        -            411   0.00031   16.1   5.4   3   3       7.5        95   -2.0   0.0   372   399   237   264   228   265 0.79 -
NW_025965182.1_RagTag:1844071-1843137 -            311 19097at314147        -            411   0.00031   16.1  10.4   1   1   2.4e-05   0.00031   16.1  10.4    28   154    33   158    21   175 0.77 -
NW_025965407.1_RagTag:8729-7857       -            291 19097at314147        -            411   0.00035   15.9  10.5   1   1   3.7e-05   0.00047   15.5  10.5    22   174    23   177    14   244 0.74 -
contig_30302_pilon:2184-1274          -            299 19097at314147        -            411   0.00045   15.5   5.2   1   2   3.5e-05   0.00045   15.5   5.2    29   147    36   153    29   170 0.79 -
contig_30302_pilon:2184-1274          -            299 19097at314147        -            411   0.00045   15.5   5.2   2   2       4.7        60   -1.3   0.2    34    82   160   214   149   227 0.53 -
NW_025965426.1_RagTag:121557-76072    -            297 19097at314147        -            411   0.00051   15.4   4.1   1   1     4e-05   0.00051   15.4   4.1    51   153    45   147    24   155 0.74 -
NW_025965223.1_RagTag:142410-141492   -            298 19097at314147        -            411   0.00073   14.8  18.5   1   2     3e-05   0.00038   15.8  16.1    31   203    32   215    16   224 0.73 -
NW_025965223.1_RagTag:142410-141492   -            298 19097at314147        -            411   0.00073   14.8  18.5   2   2       3.7        47   -1.0   0.6   155   201   212   265   168   272 0.42 -
NW_025965320.1_RagTag:846012-845268   -            185 19097at314147        -            411   0.00083   14.7   5.9   1   1   9.4e-05    0.0012   14.2   5.9    29   135    23   129    13   141 0.76 -
contig_14807_pilon:1454-642           -            271 19097at314147        -            411    0.0019   13.5   4.5   1   1   0.00023     0.003   12.9   4.5    34   152     9   127     3   155 0.85 -
contig_30302_pilon:2172-1870          -            101 19097at314147        -            411     0.002   13.4   0.2   1   1   0.00016     0.002   13.4   0.2    29    66    32    69    14    93 0.88 -
contig_48637_pilon:1314-422           -            295 19097at314147        -            411    0.0023   13.2  11.8   1   1   0.00026    0.0034   12.7  11.8    23   201    24   205    18   240 0.69 -
NW_025965258.1_RagTag:3889-4797       -            303 19097at314147        -            411     0.003   12.8   9.8   1   1   0.00017    0.0022   13.3   8.4    31   175    32   178    16   227 0.67 -
NW_025965146.1_RagTag:105378-106290   -            297 19097at314147        -            411    0.0031   12.8   9.4   1   2     6e-05   0.00076   14.8   5.7    30   148    31   143    22   176 0.79 -
NW_025965146.1_RagTag:105378-106290   -            297 19097at314147        -            411    0.0031   12.8   9.4   2   2       4.6        58   -1.3   0.1   354   398   249   293   223   296 0.72 -
NW_025965307.1_RagTag:101333-100668   -            222 19097at314147        -            411    0.0041   12.4   1.9   1   3   0.00061    0.0077   11.5   0.1   106   146    19    59     2    83 0.81 -
NW_025965307.1_RagTag:101333-100668   -            222 19097at314147        -            411    0.0041   12.4   1.9   2   3         5        64   -1.4   0.1    51    77   100   125    91   140 0.63 -
NW_025965307.1_RagTag:101333-100668   -            222 19097at314147        -            411    0.0041   12.4   1.9   3   3       4.1        52   -1.1   0.0   369   397   182   210   175   217 0.65 -
NW_025965324.1_RagTag:3944201-3943282 -            303 19097at314147        -            411    0.0041   12.4  13.1   1   1   0.00043    0.0054   12.0  12.5    10   152    20   160    12   239 0.78 -
contig_45575_pilon:1116-2019          -            297 19097at314147        -            411    0.0063   11.8   5.2   1   2   0.00055     0.007   11.6   3.6    41   149    44   148    30   266 0.81 -
contig_45575_pilon:1116-2019          -            297 19097at314147        -            411    0.0063   11.8   5.2   2   2       2.7        34   -0.5   0.0   368   390   267   289   241   296 0.87 -
NW_025965352.1_RagTag:41208-40264     -            315 19097at314147        -            411    0.0074   11.5  11.3   1   1   0.00067    0.0085   11.3  10.8    21   199    34   214    29   233 0.82 -
NW_025965426.1_RagTag:121572-84814    -            308 19097at314147        -            411    0.0085   11.3   9.5   1   1   0.00089     0.011   10.9   9.5    27   137    35   145    25   237 0.76 -
NW_025965636.1_RagTag:17268-17845     -            185 19097at314147        -            411    0.0092   11.2   8.8   1   2   0.00074    0.0095   11.2   4.4   110   151     3    44     1   116 0.86 -
NW_025965636.1_RagTag:17268-17845     -            185 19097at314147        -            411    0.0092   11.2   8.8   2   2      0.43       5.5    2.1   0.1   376   401   158   183   116   185 0.73 -
NW_025965123.1_RagTag:1769472-1879484 -            291 19097at314147        -            411      0.01   11.1   8.8   1   1   7.6e-05   0.00097   14.5   4.2    33   137    34   138    21   148 0.76 -
NW_025965320.1_RagTag:837499-836570   -            310 19097at314147        -            411     0.012   10.9  14.6   1   2   3.7e-05   0.00048   15.5   6.7    30   157    38   165    27   194 0.80 -
NW_025965320.1_RagTag:837499-836570   -            310 19097at314147        -            411     0.012   10.9  14.6   2   2       2.2        28   -0.2   1.0    13    57   193   241   185   263 0.69 -
NW_025965320.1_RagTag:897952-897120   -            271 19097at314147        -            411     0.013   10.8  12.4   1   1    0.0018     0.023    9.9  12.4    31   158     7   135     4   221 0.75 -
NW_025965426.1_RagTag:28176-27310     -            289 19097at314147        -            411     0.016   10.5  16.0   1   1   0.00055     0.007   11.6  13.7    29   181    23   175    12   225 0.70 -
contig_70120_pilon:672-1559           -            296 19097at314147        -            411     0.017   10.3   9.6   1   2   0.00012    0.0015   13.8   4.4    25   132    19   126    10   147 0.82 -
contig_70120_pilon:672-1559           -            296 19097at314147        -            411     0.017   10.3   9.6   2   2         6        77   -1.7   0.1   179   387   254   281   214   293 0.58 -
NW_025965405.1_RagTag:33522-34429     -            302 19097at314147        -            411     0.021   10.0  12.7   1   2   0.00028    0.0036   12.6   8.4    30   151    35   156    23   173 0.70 -
NW_025965405.1_RagTag:33522-34429     -            302 19097at314147        -            411     0.021   10.0  12.7   2   2       3.6        46   -1.0   0.2   117   162   176   222   159   264 0.63 -
NW_025965274.1_RagTag:6011-6937       -            309 19097at314147        -            411     0.023    9.9  15.5   1   2   0.00056    0.0071   11.6  11.7    11   145    21   153    15   167 0.78 -
NW_025965274.1_RagTag:6011-6937       -            309 19097at314147        -            411     0.023    9.9  15.5   2   2       3.8        48   -1.0   0.0   372   398   280   306   243   308 0.82 -
contig_36220_pilon:1250-2170          -            307 19097at314147        -            411     0.026    9.7  18.5   1   1    0.0021     0.027    9.7  16.9    28   201    33   202    25   214 0.77 -
contig_26960_pilon:500-1427           -            307 19097at314147        -            411     0.026    9.7   3.4   1   2    0.0085      0.11    7.7   3.4    30   150    33   151    18   175 0.70 -
contig_26960_pilon:500-1427           -            307 19097at314147        -            411     0.026    9.7   3.4   2   2       4.7        59   -1.3   0.0   372   398   273   299   261   303 0.81 -
NW_025965313.1_RagTag:1712592-1713476 -            270 19097at314147        -            411     0.028    9.6  11.1   1   1    0.0011     0.014   10.6   8.9    29   149    36   158    24   180 0.72 -
NW_025965313.1_RagTag:1681168-1681572 -            135 19097at314147        -            411     0.032    9.5   3.5   1   1    0.0031     0.039    9.2   3.5    28   128    29   129    13   134 0.84 -
contig_59306_pilon:1366-2256          -            283 19097at314147        -            411      0.04    9.1   7.9   1   1    0.0053     0.068    8.4   7.9    20   145    22   145    10   206 0.78 -
NW_025965352.1_RagTag:126922-3758     -            280 19097at314147        -            411     0.041    9.1   5.4   1   1    0.0052     0.066    8.4   5.4    31   166    18   153    14   195 0.67 -
NW_025965352.1_RagTag:14161-22498     -            220 19097at314147        -            411     0.062    8.5  13.3   1   1     0.006     0.076    8.2  13.3    20   193    27   200    20   215 0.76 -
contig_30879_pilon:3555-2655          -            294 19097at314147        -            411     0.067    8.4  10.2   1   1    0.0078     0.099    7.8  10.2    34   152    29   147    21   218 0.85 -
NW_025965341.1_RagTag:127666-127124   -            181 19097at314147        -            411      0.07    8.3   4.4   1   1    0.0066     0.084    8.1   4.4    28   129    35   137    15   151 0.77 -
NW_025965320.1_RagTag:876881-875964   -            306 19097at314147        -            411     0.085    8.0  13.1   1   1     0.014      0.18    7.0  12.5    24   153    34   163    28   226 0.79 -
NW_025965008.1_RagTag:225287-176711   -            293 19097at314147        -            411     0.086    8.0  13.5   1   2   0.00092     0.012   10.9   8.4    32   149    39   156    16   187 0.77 -
NW_025965008.1_RagTag:225287-176711   -            293 19097at314147        -            411     0.086    8.0  13.5   2   2       2.7        34   -0.5   0.2   372   398   266   292   206   293 0.81 -
contig_45643_pilon:1987-1068          -            303 19097at314147        -            411     0.093    7.9  15.4   1   1    0.0099      0.13    7.5  15.4    24   205    29   211    22   257 0.74 -
NW_025965313.1_RagTag:22528-23444     -            288 19097at314147        -            411      0.13    7.4  14.3   1   1     0.022      0.28    6.3  14.3    33   150    38   148    21   219 0.63 -
contig_72985_pilon:1524-2407          -            294 19097at314147        -            411      0.23    6.6  20.8   1   2    0.0017     0.022   10.0  13.2    29   155    36   162    25   171 0.79 -
contig_72985_pilon:1524-2407          -            294 19097at314147        -            411      0.23    6.6  20.8   2   2      0.44       5.7    2.0   4.4    55   118   149   207   144   229 0.84 -
NW_025965123.1_RagTag:1731956-1731038 -            302 19097at314147        -            411      0.25    6.5  22.1   1   2     0.011      0.14    7.4  19.3    23   142    28   143    20   232 0.78 -
NW_025965123.1_RagTag:1731956-1731038 -            302 19097at314147        -            411      0.25    6.5  22.1   2   2       7.8     1e+02   -2.1   0.0   375   398   275   298   266   301 0.80 -
NW_025965140.1_RagTag:855571-854690   -            294 19097at314147        -            411      0.31    6.2  18.5   1   2    0.0027     0.035    9.3  13.1    21   130    24   131    10   164 0.74 -
NW_025965140.1_RagTag:855571-854690   -            294 19097at314147        -            411      0.31    6.2  18.5   2   2       5.5        70   -1.6   1.9   115   196   170   252   132   268 0.63 -
NW_025965008.1_RagTag:199898-198979   -            304 19097at314147        -            411      0.37    6.0  22.3   1   2     0.021      0.27    6.4  19.2    30   172    35   178    30   220 0.77 -
NW_025965008.1_RagTag:199898-198979   -            304 19097at314147        -            411      0.37    6.0  22.3   2   2       3.5        44   -0.9   2.3   116   200   174   259   170   267 0.72 -
contig_75679_pilon:808-1677           -            290 19097at314147        -            411      0.43    5.7  18.1   1   2     0.013      0.17    7.1  14.5    30   151    38   159    30   223 0.79 -
contig_75679_pilon:808-1677           -            290 19097at314147        -            411      0.43    5.7  18.1   2   2       5.4        68   -1.5   1.7   146   198   206   261   169   267 0.64 -
NW_025965123.1_RagTag:1940490-1854707 -            289 19097at314147        -            411      0.46    5.6  15.6   1   3     0.038      0.48    5.6   8.1   103   157    96   150    11   157 0.74 -
NW_025965123.1_RagTag:1940490-1854707 -            289 19097at314147        -            411      0.46    5.6  15.6   2   3       1.2        15    0.6   0.3   116   146   163   193   156   258 0.62 -
NW_025965123.1_RagTag:1940490-1854707 -            289 19097at314147        -            411      0.46    5.6  15.6   3   3         1        13    0.8   0.1   369   397   259   287   216   289 0.72 -
NW_025965313.1_RagTag:1751145-1728168 -            287 19097at314147        -            411      0.83    4.8  14.6   1   1     0.015      0.19    6.9  10.7    28   142    17   126     9   143 0.77 -
NW_025965151.1_RagTag:9975-9157       -            273 19097at314147        -            411       1.7    3.8  16.7   1   2    0.0051     0.065    8.4   8.1    33   157    11   135     2   171 0.81 -
NW_025965151.1_RagTag:9975-9157       -            273 19097at314147        -            411       1.7    3.8  16.7   2   2       1.1        14    0.8   0.2   329   394   207   271   198   273 0.70 -
NW_025965123.1_RagTag:1720466-1719549 -            306 19097at314147        -            411       3.1    2.9  18.6   1   2     0.043      0.54    5.4  14.2    28   150    29   151     8   201 0.75 -
NW_025965123.1_RagTag:1720466-1719549 -            306 19097at314147        -            411       3.1    2.9  18.6   2   2       4.5        58   -1.3   0.9    13    70   184   243   173   256 0.47 -
#
# Program:         hmmsearch
# Version:         3.1b2 (February 2015)
# Pipeline mode:   SEARCH
# Query file:      /home/bgerda/guppy_SUP/busco_downloads/lineages/glires_odb10/hmms/19097at314147.hmm
# Target file:     /home/bgerda/guppy_SUP/busco_results/run_glires_odb10/metaeuk_output/rerun_results/ragtag.scaffold.fasta.modified.fas
# Option settings: hmmsearch --domtblout /home/bgerda/guppy_SUP/busco_results/run_glires_odb10/hmmer_output/rerun_results/19097at314147.out --cpu 1 /home/bgerda/guppy_SUP/busco_downloads/lineages/glires_odb10/hmms/19097at314147.hmm /home/bgerda/guppy_SUP/busco_results/run_glires_odb10/metaeuk_output/rerun_results/ragtag.scaffold.fasta.modified.fas 
# Current dir:     /home/bgerda/guppy_SUP
# Date:            Sun May 21 15:29:18 2023
# [ok]
