#                                                                                             --- full sequence --- -------------- this domain -------------   hmm coord   ali coord   env coord
# target name                         accession   tlen query name           accession   qlen   E-value  score  bias   #  of  c-Evalue  i-Evalue  score  bias  from    to  from    to  from    to  acc description of target
#                 ------------------- ---------- ----- -------------------- ---------- ----- --------- ------ ----- --- --- --------- --------- ------ ----- ----- ----- ----- ----- ----- ----- ---- ---------------------
contig_66008_pilon:1767-2642          -            292 20106at314147        -            397   2.5e-29   98.6   0.0   1   1   4.3e-31   3.2e-29   98.2   0.0    45   260    18   247     7   256 0.81 -
contig_37224_pilon:1702-2604          -            301 20106at314147        -            397   3.6e-26   88.2   0.0   1   1   6.5e-28   4.8e-26   87.8   0.0    12   253     8   258     4   264 0.80 -
NW_025965499.1_RagTag:3945-3043       -            301 20106at314147        -            397   8.3e-26   87.0   0.0   1   1   1.5e-27   1.1e-25   86.6   0.0    34   253    21   250     2   264 0.82 -
NW_025965099.1_RagTag:15127-16038     -            304 20106at314147        -            397   5.1e-25   84.4   0.0   1   1     8e-27     6e-25   84.2   0.0    33   253    47   277    16   289 0.81 -
NW_025965321.1_RagTag:4470492-4469881 -            204 20106at314147        -            397   7.9e-22   73.9   0.0   1   1   1.4e-23     1e-21   73.5   0.0    12   188     2   192     1   202 0.75 -
contig_31429_pilon:267-1247           -            327 20106at314147        -            397   1.7e-20   69.5   0.0   1   1   2.9e-22   2.2e-20   69.1   0.0    12   254    11   264     3   288 0.81 -
NW_025965233.1_RagTag:125981-124584   -            466 20106at314147        -            397   3.3e-16   55.4   0.0   1   1     6e-18   4.5e-16   54.9   0.0    19   253    14   256     6   266 0.77 -
contig_34501_pilon:2309-1611          -            233 20106at314147        -            397   1.8e-14   49.7   0.0   1   1   3.4e-16   2.5e-14   49.2   0.0    88   253     1   179     1   202 0.74 -
NW_025965039.1_RagTag:245820-244147   -            156 20106at314147        -            397   2.5e-11   39.3   0.0   1   2   1.7e-12   1.3e-10   37.0   0.0   113   191    32   112     8   126 0.85 -
NW_025965039.1_RagTag:245820-244147   -            156 20106at314147        -            397   2.5e-11   39.3   0.0   2   2     0.096       7.1    1.6   0.0   214   245   112   143   110   152 0.79 -
contig_34309_pilon:451-104            -            116 20106at314147        -            397   5.3e-11   38.2   0.0   1   1   7.7e-13   5.7e-11   38.1   0.0   110   191    23   110     3   113 0.79 -
NW_025965279.1_RagTag:90332-90961     -            210 20106at314147        -            397   2.5e-10   36.0   0.0   1   2   1.5e-11   1.1e-09   33.9   0.0   114   197    32   124    24   146 0.70 -
NW_025965279.1_RagTag:90332-90961     -            210 20106at314147        -            397   2.5e-10   36.0   0.0   2   2      0.35        26   -0.3   0.0   220   254   171   205   166   209 0.80 -
contig_83342_pilon:1447-962           -            162 20106at314147        -            397   4.5e-10   35.2   0.0   1   1     6e-12   4.5e-10   35.2   0.0   114   192    15    99     7   158 0.83 -
contig_25238_pilon:345-4              -            114 20106at314147        -            397   1.3e-08   30.4   0.0   1   1   1.9e-10   1.4e-08   30.2   0.0    11   104    11   100     2   111 0.85 -
NW_025965256.1_RagTag:50814-50329     -            106 20106at314147        -            397   1.4e-08   30.3   0.0   1   1   2.1e-10   1.6e-08   30.1   0.0    72   161     1    94     1   102 0.77 -
NW_025965548.1_RagTag:8826-2086       -            436 20106at314147        -            397   2.9e-08   29.2   0.0   1   1   5.7e-08   4.2e-06   22.1   0.0    52   162   245   375   224   399 0.79 -
NW_025965072.1_RagTag:101265-99893    -            267 20106at314147        -            397   1.2e-07   27.2   0.1   1   2   1.6e-07   1.2e-05   20.6   0.1    60   127    12    86     7   101 0.80 -
NW_025965072.1_RagTag:101265-99893    -            267 20106at314147        -            397   1.2e-07   27.2   0.1   2   2     0.012      0.88    4.6   0.0   176   198   216   242   195   248 0.77 -
NW_025965240.1_RagTag:98637-94667     -            305 20106at314147        -            397    0.0015   13.7   0.5   1   1   2.9e-05    0.0021   13.2   0.5    57   133   223   305   212   305 0.86 -
NW_025965313.1_RagTag:91092-92565     -            198 20106at314147        -            397    0.0072   11.5   0.0   1   2   0.00023     0.017   10.2   0.0   114   162    73   119    51   133 0.86 -
NW_025965313.1_RagTag:91092-92565     -            198 20106at314147        -            397    0.0072   11.5   0.0   2   2       1.4     1e+02   -2.2   0.0   176   192   162   178   155   187 0.77 -
NW_025965287.1_RagTag:80326-81575     -            357 20106at314147        -            397    0.0089   11.2   0.0   1   1   0.00019     0.014   10.5   0.0   115   204    47   147    39   157 0.65 -
#
# Program:         hmmsearch
# Version:         3.1b2 (February 2015)
# Pipeline mode:   SEARCH
# Query file:      /home/bgerda/guppy_SUP/busco_downloads/lineages/glires_odb10/hmms/20106at314147.hmm
# Target file:     /home/bgerda/guppy_SUP/busco_results/run_glires_odb10/metaeuk_output/rerun_results/ragtag.scaffold.fasta.modified.fas
# Option settings: hmmsearch --domtblout /home/bgerda/guppy_SUP/busco_results/run_glires_odb10/hmmer_output/rerun_results/20106at314147.out --cpu 1 /home/bgerda/guppy_SUP/busco_downloads/lineages/glires_odb10/hmms/20106at314147.hmm /home/bgerda/guppy_SUP/busco_results/run_glires_odb10/metaeuk_output/rerun_results/ragtag.scaffold.fasta.modified.fas 
# Current dir:     /home/bgerda/guppy_SUP
# Date:            Sun May 21 15:29:13 2023
# [ok]
