#                                                                                             --- full sequence --- -------------- this domain -------------   hmm coord   ali coord   env coord
# target name                         accession   tlen query name           accession   qlen   E-value  score  bias   #  of  c-Evalue  i-Evalue  score  bias  from    to  from    to  from    to  acc description of target
#                 ------------------- ---------- ----- -------------------- ---------- ----- --------- ------ ----- --- --- --------- --------- ------ ----- ----- ----- ----- ----- ----- ----- ---- ---------------------
contig_68092_pilon:984-2666           -            284 20922at314147        -            388   4.6e-41  137.2   0.0   1   1   7.1e-43   5.6e-41  136.9   0.0   143   388    30   280    13   280 0.84 -
NW_025965247.1_RagTag:41362-43215     -            191 20922at314147        -            388   5.9e-38  126.9   0.2   1   1   9.2e-40   7.2e-38  126.7   0.2   223   387    26   188    17   189 0.91 -
NW_025965321.1_RagTag:3253428-3256437 -            206 20922at314147        -            388   5.4e-35  117.2   6.5   1   2   3.3e-23   2.5e-21   72.2   0.3   167   290     2   123     1   149 0.85 -
NW_025965321.1_RagTag:3253428-3256437 -            206 20922at314147        -            388   5.4e-35  117.2   6.5   2   2   5.9e-16   4.6e-14   48.3   1.4   338   385   155   202   151   205 0.95 -
NW_025965072.1_RagTag:27338-112864    -            265 20922at314147        -            388   2.2e-33  111.9   0.0   1   2   5.8e-07   4.5e-05   18.7   0.1   154   199     9    53     3    57 0.83 -
NW_025965072.1_RagTag:27338-112864    -            265 20922at314147        -            388   2.2e-33  111.9   0.0   2   2   5.2e-29     4e-27   91.3   0.0   203   384    88   265    80   265 0.90 -
NW_025965367.1_RagTag:128775-126432   -            360 20922at314147        -            388   1.7e-32  108.9   0.0   1   1   2.8e-34   2.2e-32  108.6   0.0   152   328   171   360   144   360 0.86 -
NW_025965159.1_RagTag:369817-370652   -            194 20922at314147        -            388   8.9e-26   86.8   1.2   1   2   4.9e-15   3.9e-13   45.2   0.1   154   267     1   111     1   125 0.86 -
NW_025965159.1_RagTag:369817-370652   -            194 20922at314147        -            388   8.9e-26   86.8   1.2   2   2   7.9e-14   6.2e-12   41.3   0.2   317   384   126   194   112   194 0.89 -
NW_025965183.1_RagTag:84364-82116     -            220 20922at314147        -            388     2e-25   85.7   0.0   1   1   3.3e-27   2.6e-25   85.3   0.0   167   367    23   215     4   219 0.84 -
NW_025965367.1_RagTag:127549-126432   -            156 20922at314147        -            388   1.5e-22   76.2   0.1   1   1   4.1e-24   3.2e-22   75.1   0.1   169   328     2   156     1   156 0.77 -
NW_025965072.1_RagTag:27867-28443     -            138 20922at314147        -            388     4e-21   71.5   0.2   1   1   5.5e-23   4.3e-21   71.4   0.2   277   387    26   132     5   133 0.86 -
NW_025965096.1_RagTag:921-4155        -            203 20922at314147        -            388   1.7e-16   56.3   0.0   1   1   2.6e-18     2e-16   56.0   0.0   177   377    17   202     7   203 0.85 -
contig_11998_pilon:1321-121           -            250 20922at314147        -            388   1.7e-15   53.0   0.0   1   2   1.2e-13   9.6e-12   40.7   0.0   155   249     2    97     1   112 0.83 -
contig_11998_pilon:1321-121           -            250 20922at314147        -            388   1.7e-15   53.0   0.0   2   2   0.00019     0.015   10.4   0.0   245   328   161   240   156   243 0.86 -
NW_025965412.1_RagTag:89944-87110     -            291 20922at314147        -            388   3.1e-15   52.2   0.0   1   2   2.6e-10     2e-08   29.7   0.0   151   199   104   151    79   157 0.81 -
NW_025965412.1_RagTag:89944-87110     -            291 20922at314147        -            388   3.1e-15   52.2   0.0   2   2   1.6e-07   1.3e-05   20.5   0.0   237   339   162   259   154   266 0.86 -
NW_025965163.1_RagTag:43448-47727     -            498 20922at314147        -            388   6.6e-14   47.8   1.4   1   3   6.6e-08   5.1e-06   21.8   0.1   161   202   209   249   178   258 0.87 -
NW_025965163.1_RagTag:43448-47727     -            498 20922at314147        -            388   6.6e-14   47.8   1.4   2   3      0.79        62   -1.5   0.0   240   256   332   348   319   355 0.82 -
NW_025965163.1_RagTag:43448-47727     -            498 20922at314147        -            388   6.6e-14   47.8   1.4   3   3   1.8e-08   1.4e-06   23.6   0.1   316   362   403   448   385   461 0.87 -
NW_025965323.1_RagTag:1818124-1817311 -            141 20922at314147        -            388   1.3e-11   40.2   0.0   1   2   1.5e-07   1.2e-05   20.6   0.0   152   199    22    67    11    89 0.80 -
NW_025965323.1_RagTag:1818124-1817311 -            141 20922at314147        -            388   1.3e-11   40.2   0.0   2   2   9.2e-07   7.2e-05   18.0   0.0   318   361   101   140    92   141 0.82 -
NW_025965103.1_RagTag:1001181-1003306 -            135 20922at314147        -            388   1.8e-11   39.8   0.0   1   1   2.7e-13   2.1e-11   39.5   0.0   224   338    25   135    19   135 0.82 -
NW_025965096.1_RagTag:2473-3032       -            145 20922at314147        -            388   1.9e-09   33.1   0.0   1   1   2.5e-11     2e-09   33.0   0.0   186   313     5   126     1   142 0.88 -
NW_025965297.1_RagTag:1311499-1312236 -            133 20922at314147        -            388   2.6e-09   32.7   0.0   1   2   6.1e-11   4.8e-09   31.8   0.0   143   203     3    68     1    77 0.78 -
NW_025965297.1_RagTag:1311499-1312236 -            133 20922at314147        -            388   2.6e-09   32.7   0.0   2   2      0.93        73   -1.8   0.0   250   270    78    98    66   120 0.67 -
NW_025965072.1_RagTag:28228-28437     -             70 20922at314147        -            388   3.3e-09   32.3   0.5   1   1   4.3e-11   3.4e-09   32.3   0.5   337   387    19    66     5    67 0.85 -
#
# Program:         hmmsearch
# Version:         3.1b2 (February 2015)
# Pipeline mode:   SEARCH
# Query file:      /home/bgerda/guppy_SUP/busco_downloads/lineages/glires_odb10/hmms/20922at314147.hmm
# Target file:     /home/bgerda/guppy_SUP/busco_results/run_glires_odb10/metaeuk_output/rerun_results/ragtag.scaffold.fasta.modified.fas
# Option settings: hmmsearch --domtblout /home/bgerda/guppy_SUP/busco_results/run_glires_odb10/hmmer_output/rerun_results/20922at314147.out --cpu 1 /home/bgerda/guppy_SUP/busco_downloads/lineages/glires_odb10/hmms/20922at314147.hmm /home/bgerda/guppy_SUP/busco_results/run_glires_odb10/metaeuk_output/rerun_results/ragtag.scaffold.fasta.modified.fas 
# Current dir:     /home/bgerda/guppy_SUP
# Date:            Sun May 21 15:29:19 2023
# [ok]
