#                                                                                             --- full sequence --- -------------- this domain -------------   hmm coord   ali coord   env coord
# target name                         accession   tlen query name           accession   qlen   E-value  score  bias   #  of  c-Evalue  i-Evalue  score  bias  from    to  from    to  from    to  acc description of target
#                 ------------------- ---------- ----- -------------------- ---------- ----- --------- ------ ----- --- --- --------- --------- ------ ----- ----- ----- ----- ----- ----- ----- ---- ---------------------
contig_25261_pilon:2046-1063          -            328 22781at314147        -            334   1.1e-27   93.7  20.0   1   1   6.1e-29   1.7e-27   93.1  20.0    21   307    25   316     8   325 0.78 -
NW_025965108.1_RagTag:146437-147393   -            319 22781at314147        -            334   3.5e-27   92.1   7.1   1   1   1.5e-28   4.1e-27   91.8   7.1    23   310    16   312     5   319 0.83 -
NW_025965321.1_RagTag:4466482-4467336 -            285 22781at314147        -            334   1.5e-24   83.4  13.2   1   1   7.8e-26   2.2e-24   82.9  13.2    22   258    23   249     7   255 0.85 -
NW_025965295.1_RagTag:980586-979666   -            307 22781at314147        -            334   3.7e-21   72.3  26.5   1   1   1.7e-22   4.6e-21   71.9  26.5    16   295    15   292     2   304 0.81 -
NW_025965314.1_RagTag:120014-121839   -            303 22781at314147        -            334     5e-20   68.5  21.9   1   1   2.5e-21   6.8e-20   68.1  21.9    22   303    14   297     4   303 0.79 -
NW_025965319.1_RagTag:190315-191133   -            273 22781at314147        -            334   1.6e-19   66.8  17.1   1   1   6.7e-21   1.8e-19   66.7  17.1    31   293     4   272     1   273 0.81 -
NW_025965278.1_RagTag:272984-272433   -            184 22781at314147        -            334   1.6e-17   60.3  10.1   1   1   6.9e-19   1.9e-17   60.0  10.1   122   302     1   180     1   183 0.86 -
contig_67641_pilon:774-58             -            239 22781at314147        -            334   8.9e-17   57.8  17.8   1   1   4.5e-18   1.2e-16   57.4  17.8    31   258    10   238     3   239 0.81 -
NW_025965256.1_RagTag:848936-850198   -            421 22781at314147        -            334   1.8e-15   53.6  17.7   1   2   1.9e-12   5.3e-11   38.9  12.0    28   214     8   198     1   225 0.75 -
NW_025965256.1_RagTag:848936-850198   -            421 22781at314147        -            334   1.8e-15   53.6  17.7   2   2   3.2e-06   8.9e-05   18.4   0.3   224   296   235   314   209   347 0.73 -
NW_025965323.1_RagTag:1329524-1328619 -            302 22781at314147        -            334   3.9e-15   52.5  17.6   1   1   2.3e-16   6.4e-15   51.7  17.6    33   304     3   282     2   297 0.69 -
NW_025965230.1_RagTag:349796-348933   -            288 22781at314147        -            334   8.4e-14   48.1  10.5   1   1   4.2e-15   1.2e-13   47.6  10.5    55   303    32   287     7   288 0.73 -
NW_025965148.1_RagTag:252022-250949   -            288 22781at314147        -            334   1.5e-13   47.3  12.4   1   1     7e-15   1.9e-13   46.9  12.4    22   249    46   266    17   277 0.76 -
NW_025965421.1_RagTag:181801-182494   -            214 22781at314147        -            334     7e-13   45.0   8.9   1   2   2.1e-08   5.7e-07   25.6   0.3    90   167    18    94    13   138 0.79 -
NW_025965421.1_RagTag:181801-182494   -            214 22781at314147        -            334     7e-13   45.0   8.9   2   2   1.2e-07   3.3e-06   23.1   3.5   229   302   136   212   120   214 0.81 -
NW_025965307.1_RagTag:989108-990586   -            493 22781at314147        -            334   1.4e-12   44.1  20.0   1   2     5e-11   1.4e-09   34.2   9.9    28   213    20   200     4   211 0.77 -
NW_025965307.1_RagTag:989108-990586   -            493 22781at314147        -            334   1.4e-12   44.1  20.0   2   2   2.5e-05   0.00068   15.5   2.4   199   296   397   491   393   493 0.81 -
NW_025965161.1_RagTag:422252-421546   -            235 22781at314147        -            334   1.5e-12   44.0   8.7   1   1   7.2e-14     2e-12   43.6   8.7    21   209    37   228    30   234 0.77 -
NW_025965322.1_RagTag:1962389-1961545 -            252 22781at314147        -            334     1e-11   41.2   8.8   1   2   4.4e-12   1.2e-10   37.7   4.6    28   130     9   107     3   115 0.87 -
NW_025965322.1_RagTag:1962389-1961545 -            252 22781at314147        -            334     1e-11   41.2   8.8   2   2     0.024      0.66    5.7   0.1   240   300   185   252   167   252 0.69 -
NW_025965256.1_RagTag:1112205-1111162 -            348 22781at314147        -            334   2.7e-10   36.5  17.0   1   1   1.4e-11   3.8e-10   36.0  17.0    28   304    33   296    28   327 0.78 -
NW_025965316.1_RagTag:3971734-3971041 -            182 22781at314147        -            334   6.1e-09   32.1   6.4   1   2     2e-08   5.6e-07   25.6   0.5    19    75    31    86    18    91 0.88 -
NW_025965316.1_RagTag:3971734-3971041 -            182 22781at314147        -            334   6.1e-09   32.1   6.4   2   2    0.0014     0.039    9.7   1.1   131   213    92   172    87   181 0.82 -
NW_025965277.1_RagTag:1826576-1826301 -             92 22781at314147        -            334   1.5e-08   30.8   3.2   1   1     6e-10   1.6e-08   30.7   3.2    31   122     4    92     1    92 0.90 -
contig_36220_pilon:1250-2170          -            307 22781at314147        -            334   2.4e-08   30.1  20.6   1   1   1.3e-09   3.5e-08   29.6  20.6    23   221    26   233    17   292 0.78 -
NW_025965151.1_RagTag:195795-193827   -            195 22781at314147        -            334   4.7e-08   29.2  12.3   1   1     2e-09   5.7e-08   28.9  12.3   109   295     6   192     3   195 0.76 -
contig_45284_pilon:1194-2101          -            300 22781at314147        -            334   1.8e-07   27.2  21.0   1   1   8.9e-09   2.4e-07   26.8  21.0    23   272    23   271    12   294 0.73 -
contig_67131_pilon:1213-315           -            299 22781at314147        -            334   5.9e-07   25.6  14.2   1   1   2.9e-08   7.9e-07   25.1  14.2    27   217    30   225    19   282 0.77 -
NW_025965182.1_RagTag:1860922-1885787 -            159 22781at314147        -            334   7.2e-07   25.3   6.7   1   1     3e-08   8.4e-07   25.1   6.7    25   153    29   154    19   159 0.76 -
NW_025965266.1_RagTag:245866-244338   -            282 22781at314147        -            334   1.8e-06   23.9   6.1   1   1     8e-08   2.2e-06   23.7   6.1    21   170    48   191    29   247 0.83 -
NW_025965250.1_RagTag:33393-32712     -            226 22781at314147        -            334   1.9e-06   23.9  11.7   1   1   6.9e-08   1.9e-06   23.9  11.7    25   164    34   173    27   184 0.80 -
contig_23379_pilon:2125-1202          -            308 22781at314147        -            334   5.8e-06   22.3  10.4   1   1   3.5e-07   9.7e-06   21.6  10.4    26   216    35   231    26   261 0.72 -
NW_025965352.1_RagTag:41208-40264     -            315 22781at314147        -            334     6e-06   22.2  15.6   1   1   3.3e-07   9.2e-06   21.6  15.6    28   303    39   311    33   314 0.71 -
contig_27735_pilon:522-1              -            174 22781at314147        -            334   1.8e-05   20.7   9.1   1   1   8.2e-07   2.3e-05   20.4   9.1    27   154    39   163    32   173 0.73 -
NW_025965235.1_RagTag:64724-63826     -            298 22781at314147        -            334   2.1e-05   20.5  12.3   1   1   9.8e-07   2.7e-05   20.1  12.3    31   244    27   239    16   284 0.66 -
contig_79807_pilon:426-37             -            130 22781at314147        -            334   2.3e-05   20.4   3.3   1   1   8.9e-07   2.5e-05   20.2   3.3    13   130    14   128     3   130 0.85 -
NW_025965078.1_RagTag:715026-714231   -            265 22781at314147        -            334   3.2e-05   19.8  25.4   1   3   4.4e-06   0.00012   17.9   7.9    30   154     4   121     1   134 0.78 -
NW_025965078.1_RagTag:715026-714231   -            265 22781at314147        -            334   3.2e-05   19.8  25.4   2   3       0.5        14    1.3   6.4   144   205   144   204   125   212 0.74 -
NW_025965078.1_RagTag:715026-714231   -            265 22781at314147        -            334   3.2e-05   19.8  25.4   3   3    0.0037       0.1    8.3   0.1   279   312   227   260   210   264 0.87 -
NW_025965247.1_RagTag:75018-75260     -             81 22781at314147        -            334   7.9e-05   18.6   0.3   1   1   3.1e-06   8.5e-05   18.5   0.3   229   259    15    42     4    79 0.61 -
NW_025965054.1_RagTag:8390-7841       -            181 22781at314147        -            334   7.9e-05   18.6   4.4   1   1   3.6e-06   9.9e-05   18.2   4.4    25   132    27   131    23   161 0.77 -
contig_19055_pilon:1664-777           -            283 22781at314147        -            334   8.7e-05   18.4  11.7   1   1   5.1e-06   0.00014   17.7  11.6   109   292    90   266    34   277 0.73 -
NW_025965313.1_RagTag:1681168-1681572 -            135 22781at314147        -            334   0.00013   17.8   2.1   1   1   6.1e-06   0.00017   17.5   2.1    23   131    22   127    13   134 0.80 -
contig_57973_pilon:1283-390           -            298 22781at314147        -            334   0.00016   17.5  10.1   1   1   1.3e-05   0.00036   16.4  10.1    26   170    21   162     8   246 0.67 -
NW_025965054.1_RagTag:13790-14404     -            191 22781at314147        -            334   0.00019   17.3   2.3   1   1   8.5e-06   0.00024   17.0   2.3   110   204     6   100     3   143 0.83 -
NW_025965209.1_RagTag:637992-638492   -            167 22781at314147        -            334    0.0002   17.2   8.4   1   1   9.1e-06   0.00025   16.9   8.4   187   308    30   153    18   165 0.77 -
contig_75679_pilon:808-1677           -            290 22781at314147        -            334   0.00038   16.3  17.0   1   1   2.3e-05   0.00064   15.6  16.8    28   159    34   162    26   270 0.65 -
NW_025965426.1_RagTag:111411-111983   -            191 22781at314147        -            334   0.00069   15.5   7.8   1   1   3.1e-05   0.00086   15.2   7.8   115   216     1   111     1   190 0.68 -
NW_025965233.1_RagTag:206241-207158   -            306 22781at314147        -            334   0.00088   15.1  14.2   1   1   5.4e-05    0.0015   14.4  14.2    39   219    41   227    19   257 0.67 -
NW_025965123.1_RagTag:1766606-1879490 -            190 22781at314147        -            334    0.0021   13.9  11.8   1   1   0.00014     0.004   13.0  11.8   111   217     7   122     4   183 0.80 -
NW_025965341.1_RagTag:127666-127124   -            181 22781at314147        -            334     0.004   13.0   2.3   1   1   0.00017    0.0047   12.7   2.3    25   141    30   144     8   155 0.79 -
NW_025965305.1_RagTag:1667672-1666791 -            294 22781at314147        -            334    0.0059   12.4   9.2   1   1   0.00031    0.0086   11.9   9.2   109   171   109   171    17   264 0.71 -
contig_44821_pilon:519-29             -            162 22781at314147        -            334    0.0062   12.3  11.0   1   1   0.00029     0.008   12.0  11.0    26   173     6   148     2   158 0.80 -
NW_025965182.1_RagTag:1830128-1829427 -            234 22781at314147        -            334    0.0075   12.1   5.7   1   1   0.00046     0.013   11.3   5.7   111   214    38   150    21   227 0.81 -
NW_025965320.1_RagTag:897952-897120   -            271 22781at314147        -            334    0.0083   11.9  15.3   1   2   3.1e-05   0.00086   15.2   8.4    30   159     4   130     1   144 0.81 -
NW_025965320.1_RagTag:897952-897120   -            271 22781at314147        -            334    0.0083   11.9  15.3   2   2       0.7        19    0.9   1.1   110   142   173   205   127   236 0.54 -
contig_45575_pilon:1116-2019          -            297 22781at314147        -            334      0.01   11.6   9.5   1   1   0.00051     0.014   11.2   9.5    46   255    47   247    30   287 0.63 -
NW_025965331.1_RagTag:94459-97447     -            300 22781at314147        -            334     0.025   10.3  12.0   1   2    0.0014     0.039    9.7  11.4    37   216    41   230    29   270 0.71 -
NW_025965331.1_RagTag:94459-97447     -            300 22781at314147        -            334     0.025   10.3  12.0   2   2       2.6        72   -1.0   0.1   267   294   249   283   230   294 0.60 -
NW_025965343.1_RagTag:72708-71872     -            213 22781at314147        -            334     0.038    9.7  18.3   1   3     0.012      0.33    6.7   0.3    32    75     7    46     3    50 0.82 -
NW_025965343.1_RagTag:72708-71872     -            213 22781at314147        -            334     0.038    9.7  18.3   2   3    0.0018     0.049    9.4   0.4   113   154    53    94    47    99 0.82 -
NW_025965343.1_RagTag:72708-71872     -            213 22781at314147        -            334     0.038    9.7  18.3   3   3       1.2        33    0.1   5.9   245   297   131   184   108   207 0.52 -
#
# Program:         hmmsearch
# Version:         3.1b2 (February 2015)
# Pipeline mode:   SEARCH
# Query file:      /home/bgerda/guppy_SUP/busco_downloads/lineages/glires_odb10/hmms/22781at314147.hmm
# Target file:     /home/bgerda/guppy_SUP/busco_results/run_glires_odb10/metaeuk_output/rerun_results/ragtag.scaffold.fasta.modified.fas
# Option settings: hmmsearch --domtblout /home/bgerda/guppy_SUP/busco_results/run_glires_odb10/hmmer_output/rerun_results/22781at314147.out --cpu 1 /home/bgerda/guppy_SUP/busco_downloads/lineages/glires_odb10/hmms/22781at314147.hmm /home/bgerda/guppy_SUP/busco_results/run_glires_odb10/metaeuk_output/rerun_results/ragtag.scaffold.fasta.modified.fas 
# Current dir:     /home/bgerda/guppy_SUP
# Date:            Sun May 21 15:29:17 2023
# [ok]
