#                                                                                             --- full sequence --- -------------- this domain -------------   hmm coord   ali coord   env coord
# target name                         accession   tlen query name           accession   qlen   E-value  score  bias   #  of  c-Evalue  i-Evalue  score  bias  from    to  from    to  from    to  acc description of target
#                 ------------------- ---------- ----- -------------------- ---------- ----- --------- ------ ----- --- --- --------- --------- ------ ----- ----- ----- ----- ----- ----- ----- ---- ---------------------
NW_025965307.1_RagTag:989108-990586   -            493 23395at314147        -            370   6.6e-13   45.0  11.9   1   2   1.9e-10     5e-09   32.2   8.4    32   158    25   150    11   172 0.89 -
NW_025965307.1_RagTag:989108-990586   -            493 23395at314147        -            370   6.6e-13   45.0  11.9   2   2   5.9e-05    0.0016   14.2   0.1   255   343   409   492   367   493 0.78 -
NW_025965161.1_RagTag:422252-421546   -            235 23395at314147        -            370   5.7e-12   41.9   8.5   1   1   2.9e-13   7.8e-12   41.5   8.4    28   157    45   174    30   228 0.91 -
NW_025965321.1_RagTag:4466482-4467336 -            285 23395at314147        -            370   1.2e-11   40.9   6.8   1   2   4.5e-13   1.2e-11   40.9   6.8    24   158    28   157    15   178 0.90 -
NW_025965321.1_RagTag:4466482-4467336 -            285 23395at314147        -            370   1.2e-11   40.9   6.8   2   2      0.34         9    1.8   0.7   278   308   221   251   183   258 0.80 -
NW_025965314.1_RagTag:120014-121839   -            303 23395at314147        -            370   2.3e-11   39.9  21.3   1   2   1.6e-11   4.2e-10   35.8  11.7    27   165    20   154     3   200 0.87 -
NW_025965314.1_RagTag:120014-121839   -            303 23395at314147        -            370   2.3e-11   39.9  21.3   2   2    0.0011      0.03    9.9   2.1   261   348   210   295   200   302 0.76 -
NW_025965256.1_RagTag:848936-850198   -            421 23395at314147        -            370   8.5e-11   38.1  16.3   1   2   8.2e-11   2.2e-09   33.5   8.2    27   157     8   137     2   207 0.85 -
NW_025965256.1_RagTag:848936-850198   -            421 23395at314147        -            370   8.5e-11   38.1  16.3   2   2    0.0013     0.034    9.8   1.1   276   357   242   326   217   334 0.75 -
NW_025965151.1_RagTag:195795-193827   -            195 23395at314147        -            370   1.6e-10   37.2  11.8   1   2     2e-05   0.00054   15.7   1.4   104   196     4    91     1   125 0.71 -
NW_025965151.1_RagTag:195795-193827   -            195 23395at314147        -            370   1.6e-10   37.2  11.8   2   2   8.9e-09   2.4e-07   26.7   4.3   270   344   120   194   104   195 0.88 -
NW_025965148.1_RagTag:252022-250949   -            288 23395at314147        -            370   1.3e-09   34.2  11.7   1   2   1.2e-09   3.3e-08   29.6  10.3    21   157    46   181    25   188 0.87 -
NW_025965148.1_RagTag:252022-250949   -            288 23395at314147        -            370   1.3e-09   34.2  11.7   2   2     0.073       1.9    4.0   0.0   286   325   212   251   194   264 0.90 -
contig_27735_pilon:522-1              -            174 23395at314147        -            370     2e-09   33.6   7.3   1   1   8.4e-11   2.2e-09   33.4   7.3    33   148    46   160    13   171 0.78 -
NW_025965319.1_RagTag:190315-191133   -            273 23395at314147        -            370   2.1e-09   33.5   8.2   1   1     8e-11   2.1e-09   33.5   8.2    26   195     2   166     1   194 0.81 -
NW_025965317.1_RagTag:3305072-3245257 -            334 23395at314147        -            370   4.8e-09   32.3  14.3   1   2   1.4e-06   3.6e-05   19.6   8.3    24   158    19   153     9   160 0.79 -
NW_025965317.1_RagTag:3305072-3245257 -            334 23395at314147        -            370   4.8e-09   32.3  14.3   2   2   1.4e-05   0.00037   16.2   0.1   266   350   224   308   207   315 0.88 -
NW_025965323.1_RagTag:1329524-1328619 -            302 23395at314147        -            370   1.6e-08   30.6  22.0   1   2   1.9e-09     5e-08   29.0  13.9    34   163     5   132     2   204 0.81 -
NW_025965323.1_RagTag:1329524-1328619 -            302 23395at314147        -            370   1.6e-08   30.6  22.0   2   2     0.009      0.24    7.0   1.0   278   339   210   270   197   286 0.90 -
NW_025965057.1_RagTag:7578-6664       -            305 23395at314147        -            370   1.9e-08   30.3   9.2   1   1   1.2e-09   3.2e-08   29.6   9.2    30   153    34   157     5   178 0.85 -
NW_025965182.1_RagTag:1844071-1843137 -            311 23395at314147        -            370   4.7e-07   25.8  13.1   1   1   1.8e-08   4.7e-07   25.8  13.1    32   169    36   171    18   179 0.86 -
NW_025965230.1_RagTag:1052542-1051619 -            308 23395at314147        -            370     7e-07   25.2   7.9   1   2   2.6e-08     7e-07   25.2   7.9     2   150     3   152     2   161 0.83 -
NW_025965230.1_RagTag:1052542-1051619 -            308 23395at314147        -            370     7e-07   25.2   7.9   2   2       6.9   1.8e+02   -2.5   6.9    63   156   168   261   154   267 0.63 -
contig_45284_pilon:1194-2101          -            300 23395at314147        -            370     1e-06   24.7  10.0   1   2   3.8e-08     1e-06   24.7  10.0    32   152    33   152     2   169 0.81 -
contig_45284_pilon:1194-2101          -            300 23395at314147        -            370     1e-06   24.7  10.0   2   2      0.64        17    0.9   1.2   280   311   185   218   173   251 0.77 -
NW_025965140.1_RagTag:855571-854690   -            294 23395at314147        -            370   1.3e-06   24.3  13.8   1   2   4.9e-08   1.3e-06   24.3  13.8    27   153    27   152     1   165 0.81 -
NW_025965140.1_RagTag:855571-854690   -            294 23395at314147        -            370   1.3e-06   24.3  13.8   2   2      0.92        24    0.4   1.2    97   168   194   267   185   288 0.70 -
NW_025965182.1_RagTag:1860922-1885787 -            159 23395at314147        -            370   1.5e-06   24.1   8.3   1   1     7e-08   1.8e-06   23.8   8.3    32   148    37   152    23   157 0.83 -
contig_36220_pilon:1250-2170          -            307 23395at314147        -            370   1.7e-06   23.9  16.0   1   1   9.9e-08   2.6e-06   23.3  16.0    33   234    37   242    24   259 0.74 -
NW_025965146.1_RagTag:98922-98007     -            292 23395at314147        -            370   1.8e-06   23.8   7.1   1   2   6.9e-08   1.8e-06   23.8   7.1    33   129    36   131    15   153 0.81 -
NW_025965146.1_RagTag:98922-98007     -            292 23395at314147        -            370   1.8e-06   23.8   7.1   2   2       8.2   2.2e+02   -2.8   0.6   109   140   195   227   168   237 0.45 -
contig_67131_pilon:1213-315           -            299 23395at314147        -            370   1.9e-06   23.7  10.7   1   2   7.3e-08   1.9e-06   23.7  10.7    32   154    36   156    24   176 0.79 -
contig_67131_pilon:1213-315           -            299 23395at314147        -            370   1.9e-06   23.7  10.7   2   2       5.9   1.6e+02   -2.3   1.8   100   109   207   216   156   289 0.57 -
NW_025965235.1_RagTag:64724-63826     -            298 23395at314147        -            370   2.1e-06   23.6   4.1   1   2   8.1e-08   2.1e-06   23.6   4.1     9   150     4   145     1   156 0.79 -
NW_025965235.1_RagTag:64724-63826     -            298 23395at314147        -            370   2.1e-06   23.6   4.1   2   2       3.3        89   -1.5   0.2   286   309   190   213   166   262 0.63 -
contig_23379_pilon:2125-1202          -            308 23395at314147        -            370   2.7e-06   23.3   6.5   1   1     1e-07   2.7e-06   23.3   6.5    32   154    42   163    32   184 0.81 -
NW_025965250.1_RagTag:33393-32712     -            226 23395at314147        -            370   2.8e-06   23.2  13.8   1   1   1.2e-07   3.3e-06   23.0  13.8    27   167    39   178    25   224 0.78 -
NW_025965313.1_RagTag:1712592-1713476 -            270 23395at314147        -            370     3e-06   23.1  10.6   1   2   1.1e-07     3e-06   23.1  10.6    22   148    29   155     6   158 0.82 -
NW_025965313.1_RagTag:1712592-1713476 -            270 23395at314147        -            370     3e-06   23.1  10.6   2   2     0.072       1.9    4.0   3.1    26    96   154   224   150   261 0.70 -
contig_26960_pilon:500-1427           -            307 23395at314147        -            370   6.4e-06   22.0   7.6   1   1   6.9e-07   1.8e-05   20.5   7.8    18   150    20   149    12   166 0.86 -
NW_025965008.1_RagTag:225269-189566   -            296 23395at314147        -            370   1.5e-05   20.8  11.7   1   1   5.8e-07   1.5e-05   20.8  11.7    29   148    29   147    13   164 0.83 -
NW_025965101.1_RagTag:53709-52805     -            300 23395at314147        -            370   1.7e-05   20.7   7.3   1   1   6.3e-07   1.7e-05   20.7   7.3     2   147     2   147     1   158 0.75 -
NW_025965405.1_RagTag:33522-34429     -            302 23395at314147        -            370   2.4e-05   20.2  11.9   1   1   1.6e-06   4.3e-05   19.3  11.9    27   166    33   169    23   182 0.87 -
contig_75679_pilon:808-1677           -            290 23395at314147        -            370   2.8e-05   19.9  11.1   1   2     1e-06   2.8e-05   19.9  11.1    29   169    36   175    25   188 0.87 -
contig_75679_pilon:808-1677           -            290 23395at314147        -            370   2.8e-05   19.9  11.1   2   2       4.8   1.3e+02   -2.0   0.3   103   127   214   238   191   265 0.56 -
contig_72985_pilon:1524-2407          -            294 23395at314147        -            370     3e-05   19.8  10.1   1   1     2e-06   5.2e-05   19.0  10.1    30   153    36   158    13   174 0.80 -
NW_025965320.1_RagTag:897952-897120   -            271 23395at314147        -            370   4.1e-05   19.4   8.8   1   1   1.5e-06   4.1e-05   19.4   8.8    29   162     4   132     1   147 0.87 -
contig_68255_pilon:881-34             -            255 23395at314147        -            370   4.2e-05   19.3   6.7   1   1   1.6e-06   4.2e-05   19.3   6.7    33   125    33   122     1   139 0.81 -
NW_025965138.1_RagTag:13922-13067     -            279 23395at314147        -            370   4.5e-05   19.2  10.0   1   1   1.7e-06   4.5e-05   19.2  10.0    29   147    17   134     9   153 0.82 -
NW_025965235.1_RagTag:62953-62088     -            287 23395at314147        -            370   4.5e-05   19.2   5.6   1   1   2.5e-06   6.7e-05   18.7   5.6     3   129     8   133     6   168 0.83 -
NW_025965080.1_RagTag:595446-596340   -            298 23395at314147        -            370   4.9e-05   19.1   8.0   1   2   1.8e-06   4.9e-05   19.1   8.0    22   147    26   148    11   163 0.84 -
NW_025965080.1_RagTag:595446-596340   -            298 23395at314147        -            370   4.9e-05   19.1   8.0   2   2         9   2.4e+02   -2.9   0.5   291   297   206   212   173   256 0.59 -
NW_025965108.1_RagTag:146437-147393   -            319 23395at314147        -            370   5.5e-05   19.0   1.7   1   2   2.1e-06   5.5e-05   19.0   1.7    28   141    19   143    11   206 0.72 -
NW_025965108.1_RagTag:146437-147393   -            319 23395at314147        -            370   5.5e-05   19.0   1.7   2   2      0.24       6.4    2.3   0.9   287   347   234   302   226   315 0.65 -
NW_025965320.1_RagTag:846012-845268   -            185 23395at314147        -            370   8.3e-05   18.4   6.8   1   1   3.7e-06   9.8e-05   18.1   6.8    30   138    23   134     6   164 0.84 -
contig_67641_pilon:774-58             -            239 23395at314147        -            370   8.9e-05   18.3   8.6   1   1   6.3e-06   0.00017   17.4   8.6    28   164    10   142     2   163 0.79 -
contig_72712_pilon:614-1506           -            290 23395at314147        -            370   0.00012   17.8  11.0   1   2   4.7e-06   0.00012   17.8  11.0    17   145    13   139     3   163 0.83 -
contig_72712_pilon:614-1506           -            290 23395at314147        -            370   0.00012   17.8  11.0   2   2       9.3   2.5e+02   -2.9   0.1     2    11   201   210   169   245 0.60 -
NW_025965431.1_RagTag:38801-37884     -            306 23395at314147        -            370   0.00016   17.4   9.3   1   1     6e-06   0.00016   17.4   9.3    34   166    38   169    14   181 0.85 -
NW_025965182.1_RagTag:1844038-1843763 -             92 23395at314147        -            370   0.00016   17.4   0.4   1   1   6.5e-06   0.00017   17.3   0.4    32    84    25    77     7    91 0.80 -
contig_57973_pilon:1283-390           -            298 23395at314147        -            370    0.0002   17.1   9.0   1   1   9.5e-06   0.00025   16.8   9.0    34   166    30   161     8   213 0.81 -
contig_59306_pilon:1366-2256          -            283 23395at314147        -            370   0.00028   16.6   8.2   1   1   2.2e-05   0.00057   15.6   8.2    32   147    31   145    19   160 0.81 -
contig_11065_pilon:1219-299           -            307 23395at314147        -            370   0.00029   16.6  11.8   1   1   1.7e-05   0.00046   15.9  11.8    33   153    40   159    17   171 0.82 -
NW_025965054.1_RagTag:13483-18609     -            293 23395at314147        -            370   0.00035   16.3   3.3   1   2   2.2e-05    0.0006   15.6   2.4    33   105    35   106     1   143 0.74 -
NW_025965054.1_RagTag:13483-18609     -            293 23395at314147        -            370   0.00035   16.3   3.3   2   2         4   1.1e+02   -1.7   0.0   332   351   271   290   262   293 0.82 -
NW_025965305.1_RagTag:1702994-1703565 -            179 23395at314147        -            370   0.00061   15.5  11.4   1   1   2.8e-05   0.00074   15.2  11.4    33   156    29   151     5   161 0.77 -
NW_025965426.1_RagTag:16556-60371     -            275 23395at314147        -            370   0.00067   15.4  16.0   1   1   2.3e-05   0.00061   15.5  15.2    27   168    12   152     6   199 0.84 -
NW_025965054.1_RagTag:17698-18048     -            117 23395at314147        -            370     0.001   14.8   3.9   1   1   3.8e-05     0.001   14.8   3.9    33   104    35   104     2   117 0.81 -
contig_79807_pilon:426-37             -            130 23395at314147        -            370    0.0015   14.2   2.9   1   1     6e-05    0.0016   14.1   2.9     3   125     3   126     1   130 0.71 -
NW_025965146.1_RagTag:105378-106290   -            297 23395at314147        -            370    0.0032   13.1   8.0   1   1   0.00024    0.0065   12.1   8.0    29   151    29   144    21   167 0.80 -
contig_44821_pilon:519-29             -            162 23395at314147        -            370    0.0035   13.0  12.3   1   1   0.00016    0.0042   12.8  12.3    28   162     9   140     2   148 0.83 -
NW_025965313.1_RagTag:1681168-1681572 -            135 23395at314147        -            370    0.0035   13.0   5.0   1   1   0.00015    0.0039   12.9   5.0    27   129    27   128    13   134 0.74 -
contig_25261_pilon:2046-1063          -            328 23395at314147        -            370     0.014   11.1  18.9   1   2   2.4e-05   0.00063   15.5  11.4    27   186    34   188    16   211 0.82 -
contig_25261_pilon:2046-1063          -            328 23395at314147        -            370     0.014   11.1  18.9   2   2       1.4        37   -0.2   0.7   289   348   245   310   230   320 0.68 -
#
# Program:         hmmsearch
# Version:         3.1b2 (February 2015)
# Pipeline mode:   SEARCH
# Query file:      /home/bgerda/guppy_SUP/busco_downloads/lineages/glires_odb10/hmms/23395at314147.hmm
# Target file:     /home/bgerda/guppy_SUP/busco_results/run_glires_odb10/metaeuk_output/rerun_results/ragtag.scaffold.fasta.modified.fas
# Option settings: hmmsearch --domtblout /home/bgerda/guppy_SUP/busco_results/run_glires_odb10/hmmer_output/rerun_results/23395at314147.out --cpu 1 /home/bgerda/guppy_SUP/busco_downloads/lineages/glires_odb10/hmms/23395at314147.hmm /home/bgerda/guppy_SUP/busco_results/run_glires_odb10/metaeuk_output/rerun_results/ragtag.scaffold.fasta.modified.fas 
# Current dir:     /home/bgerda/guppy_SUP
# Date:            Sun May 21 15:29:15 2023
# [ok]
