#                                                                                             --- full sequence --- -------------- this domain -------------   hmm coord   ali coord   env coord
# target name                         accession   tlen query name           accession   qlen   E-value  score  bias   #  of  c-Evalue  i-Evalue  score  bias  from    to  from    to  from    to  acc description of target
#                 ------------------- ---------- ----- -------------------- ---------- ----- --------- ------ ----- --- --- --------- --------- ------ ----- ----- ----- ----- ----- ----- ----- ---- ---------------------
NW_025965307.1_RagTag:989108-990586   -            493 25919at314147        -            360   2.5e-29   99.1   6.6   1   2   1.5e-17   9.3e-16   54.5   1.2    12   169    46   208    39   236 0.81 -
NW_025965307.1_RagTag:989108-990586   -            493 25919at314147        -            360   2.5e-29   99.1   6.6   2   2   1.7e-15     1e-13   47.7   0.4   276   347   422   492   361   493 0.82 -
NW_025965256.1_RagTag:848936-850198   -            421 25919at314147        -            360   3.4e-29   98.7  18.7   1   2   3.4e-17   2.1e-15   53.3  10.0    33   175    44   212    32   233 0.63 -
NW_025965256.1_RagTag:848936-850198   -            421 25919at314147        -            360   3.4e-29   98.7  18.7   2   2   1.5e-15   9.4e-14   47.9   1.4   283   360   245   326   238   326 0.85 -
NW_025965323.1_RagTag:1329524-1328619 -            302 25919at314147        -            360   1.6e-21   73.4  17.3   1   2   8.6e-13   5.3e-11   38.8  10.1    40   170    50   189    26   201 0.75 -
NW_025965323.1_RagTag:1329524-1328619 -            302 25919at314147        -            360   1.6e-21   73.4  17.3   2   2   7.3e-13   4.5e-11   39.1   0.6   280   359   208   286   195   287 0.88 -
NW_025965148.1_RagTag:252022-250949   -            288 25919at314147        -            360   4.3e-20   68.7   9.6   1   2   7.7e-22   4.7e-20   68.6   6.4    33   171    87   238    78   250 0.78 -
NW_025965148.1_RagTag:252022-250949   -            288 25919at314147        -            360   4.3e-20   68.7   9.6   2   2      0.27        17    1.0   0.0   314   336   266   288   250   288 0.83 -
NW_025965256.1_RagTag:1112205-1111162 -            348 25919at314147        -            360     1e-14   51.0  14.4   1   2   1.7e-06    0.0001   18.1   3.4    30   170    65   215    44   227 0.69 -
NW_025965256.1_RagTag:1112205-1111162 -            348 25919at314147        -            360     1e-14   51.0  14.4   2   2   8.9e-13   5.5e-11   38.8   3.2   289   358   229   299   220   301 0.85 -
NW_025965421.1_RagTag:181801-182494   -            214 25919at314147        -            360   2.3e-12   43.3   3.3   1   2   9.3e-08   5.7e-06   22.3   0.0    46   121    17    88     3   107 0.77 -
NW_025965421.1_RagTag:181801-182494   -            214 25919at314147        -            360   2.3e-12   43.3   3.3   2   2   1.4e-07   8.9e-06   21.6   1.0   293   352   149   211   122   214 0.83 -
NW_025965314.1_RagTag:120014-121839   -            303 25919at314147        -            360     6e-11   38.7  23.8   1   3      0.23        14    1.2   1.7    12    40    11    39     4    65 0.71 -
NW_025965314.1_RagTag:120014-121839   -            303 25919at314147        -            360     6e-11   38.7  23.8   2   3     2e-08   1.3e-06   24.4   6.7    41   164    72   196    45   212 0.77 -
NW_025965314.1_RagTag:120014-121839   -            303 25919at314147        -            360     6e-11   38.7  23.8   3   3   4.2e-08   2.6e-06   23.4   2.3   282   355   226   298   205   303 0.84 -
contig_25261_pilon:2046-1063          -            328 25919at314147        -            360   5.5e-08   28.9   9.2   1   2     0.002      0.12    8.0   4.3    30   124    71   165    46   230 0.75 -
contig_25261_pilon:2046-1063          -            328 25919at314147        -            360   5.5e-08   28.9   9.2   2   2   3.6e-08   2.2e-06   23.6   0.2   289   356   240   314   218   318 0.80 -
NW_025965278.1_RagTag:272984-272433   -            184 25919at314147        -            360   1.2e-07   27.8   2.4   1   2      0.48        29    0.2   0.1    99   160    18    88     1    97 0.53 -
NW_025965278.1_RagTag:272984-272433   -            184 25919at314147        -            360   1.2e-07   27.8   2.4   2   2   1.9e-09   1.2e-07   27.8   2.4   283   357   108   184    95   184 0.82 -
NW_025965317.1_RagTag:3305072-3245257 -            334 25919at314147        -            360   2.8e-06   23.3  13.2   1   2   8.2e-05     0.005   12.6   5.1    31   184    57   220    52   236 0.62 -
NW_025965317.1_RagTag:3305072-3245257 -            334 25919at314147        -            360   2.8e-06   23.3  13.2   2   2     1e-05   0.00063   15.5   1.1   290   346   244   300   226   308 0.84 -
NW_025965230.1_RagTag:349796-348933   -            288 25919at314147        -            360   9.8e-06   21.5   3.8   1   2   1.7e-06   0.00011   18.1   1.2    26   112    36   131    17   159 0.73 -
NW_025965230.1_RagTag:349796-348933   -            288 25919at314147        -            360   9.8e-06   21.5   3.8   2   2     0.031       1.9    4.1   0.1   281   317   205   241   173   286 0.76 -
NW_025965470.1_RagTag:892-166         -            167 25919at314147        -            360   1.9e-05   20.5   3.9   1   2   1.5e-05   0.00092   15.0   1.9    25   105     8    89     2   114 0.81 -
NW_025965470.1_RagTag:892-166         -            167 25919at314147        -            360   1.9e-05   20.5   3.9   2   2    0.0079      0.49    6.0   0.0   316   353   127   166   104   167 0.65 -
NW_025965108.1_RagTag:146437-147393   -            319 25919at314147        -            360   2.3e-05   20.3   6.9   1   2   0.00084     0.051    9.3   0.2    47   111    85   146    49   216 0.79 -
NW_025965108.1_RagTag:146437-147393   -            319 25919at314147        -            360   2.3e-05   20.3   6.9   2   2     2e-05    0.0012   14.6   1.0   283   344   226   295   204   302 0.68 -
NW_025965161.1_RagTag:422252-421546   -            235 25919at314147        -            360   6.6e-05   18.8   2.5   1   1   1.1e-06   6.6e-05   18.8   2.5    49   117   106   171    66   233 0.61 -
NW_025965209.1_RagTag:637992-638492   -            167 25919at314147        -            360   0.00011   18.0   1.5   1   2     0.037       2.3    3.8   2.3   130   168    24    63     8    69 0.77 -
NW_025965209.1_RagTag:637992-638492   -            167 25919at314147        -            360   0.00011   18.0   1.5   2   2   1.8e-06   0.00011   18.0   1.5   276   358    72   152    63   154 0.79 -
NW_025965151.1_RagTag:195795-193827   -            195 25919at314147        -            360   0.00013   17.8   3.5   1   2      0.44        27    0.3   0.2   123   166    68   111     5   126 0.72 -
NW_025965151.1_RagTag:195795-193827   -            195 25919at314147        -            360   0.00013   17.8   3.5   2   2   2.2e-06   0.00013   17.8   3.5   272   344   118   190   106   194 0.86 -
NW_025965054.1_RagTag:13790-14404     -            191 25919at314147        -            360   0.00014   17.7   3.0   1   2     8e-05    0.0049   12.6   1.1    67   179     6   124     2   157 0.75 -
NW_025965054.1_RagTag:13790-14404     -            191 25919at314147        -            360   0.00014   17.7   3.0   2   2     0.014      0.88    5.2   0.0   337   358   168   189   159   191 0.89 -
contig_67641_pilon:774-58             -            239 25919at314147        -            360   0.00019   17.2   3.9   1   2   3.1e-06   0.00019   17.2   3.9    25   127    33   142    14   147 0.75 -
contig_67641_pilon:774-58             -            239 25919at314147        -            360   0.00019   17.2   3.9   2   2     0.046       2.8    3.5   0.4   286   308   214   236   192   239 0.80 -
NW_025965322.1_RagTag:1962389-1961545 -            252 25919at314147        -            360   0.00035   16.4   0.6   1   2      0.04       2.4    3.7   0.1    67    87    87   107    45   114 0.82 -
NW_025965322.1_RagTag:1962389-1961545 -            252 25919at314147        -            360   0.00035   16.4   0.6   2   2   0.00023     0.014   11.1   0.0   276   350   171   251   162   252 0.71 -
contig_59306_pilon:1366-2256          -            283 25919at314147        -            360   0.00058   15.7   2.7   1   2   9.4e-06   0.00058   15.7   2.7    16   103    55   141    48   157 0.82 -
contig_59306_pilon:1366-2256          -            283 25919at314147        -            360   0.00058   15.7   2.7   2   2       1.1        67   -1.0   0.0   329   349   258   278   226   282 0.80 -
NW_025965247.1_RagTag:75018-75260     -             81 25919at314147        -            360    0.0013   14.5   0.3   1   1   2.2e-05    0.0014   14.4   0.3   280   346    11    79     2    81 0.78 -
NW_025965319.1_RagTag:190315-191133   -            273 25919at314147        -            360    0.0023   13.7  13.5   1   2   1.4e-05   0.00086   15.1   4.0    25   124    38   134    20   199 0.71 -
NW_025965319.1_RagTag:190315-191133   -            273 25919at314147        -            360    0.0023   13.7  13.5   2   2     0.098         6    2.5   3.5   284   315   202   236   183   272 0.69 -
NW_025965266.1_RagTag:245866-244338   -            282 25919at314147        -            360     0.023   10.4   6.6   1   1   0.00012    0.0076   12.0   4.1    47   184   111   248    77   260 0.70 -
#
# Program:         hmmsearch
# Version:         3.1b2 (February 2015)
# Pipeline mode:   SEARCH
# Query file:      /home/bgerda/guppy_SUP/busco_downloads/lineages/glires_odb10/hmms/25919at314147.hmm
# Target file:     /home/bgerda/guppy_SUP/busco_results/run_glires_odb10/metaeuk_output/rerun_results/ragtag.scaffold.fasta.modified.fas
# Option settings: hmmsearch --domtblout /home/bgerda/guppy_SUP/busco_results/run_glires_odb10/hmmer_output/rerun_results/25919at314147.out --cpu 1 /home/bgerda/guppy_SUP/busco_downloads/lineages/glires_odb10/hmms/25919at314147.hmm /home/bgerda/guppy_SUP/busco_results/run_glires_odb10/metaeuk_output/rerun_results/ragtag.scaffold.fasta.modified.fas 
# Current dir:     /home/bgerda/guppy_SUP
# Date:            Sun May 21 15:29:16 2023
# [ok]
