#                                                                                             --- full sequence --- -------------- this domain -------------   hmm coord   ali coord   env coord
# target name                         accession   tlen query name           accession   qlen   E-value  score  bias   #  of  c-Evalue  i-Evalue  score  bias  from    to  from    to  from    to  acc description of target
#                 ------------------- ---------- ----- -------------------- ---------- ----- --------- ------ ----- --- --- --------- --------- ------ ----- ----- ----- ----- ----- ----- ----- ---- ---------------------
NW_025965315.1_RagTag:2528403-2529299 -            299 26658at314147        -            293   1.2e-83  277.4  23.9   1   1   1.6e-84   1.4e-83  277.2  23.9     1   287     8   299     8   299 0.93 -
NW_025965223.1_RagTag:142410-141492   -            298 26658at314147        -            293   4.5e-79  262.4  25.6   1   1   6.8e-80   5.8e-79  262.0  25.6     2   291     7   293     6   295 0.92 -
contig_26960_pilon:500-1427           -            307 26658at314147        -            293     4e-77  256.0  14.4   1   1   5.8e-78   4.9e-77  255.7  14.4     3   289    10   299     8   302 0.92 -
NW_025965331.1_RagTag:94459-97447     -            300 26658at314147        -            293   4.7e-77  255.8  19.5   1   1     1e-76   8.8e-76  251.6  19.5     2   292    12   297    11   298 0.92 -
NW_025965123.1_RagTag:1720466-1719549 -            306 26658at314147        -            293   4.9e-74  245.8  25.5   1   1   6.5e-75   5.6e-74  245.7  25.5     2   291     7   300     6   303 0.93 -
contig_70120_pilon:672-1559           -            296 26658at314147        -            293   1.6e-73  244.2  19.6   1   1     2e-74   1.7e-73  244.1  19.6     3   289     1   292     1   296 0.93 -
NW_025965151.1_RagTag:9975-9157       -            273 26658at314147        -            293   4.1e-73  242.8  24.1   1   1   5.7e-74   4.9e-73  242.6  24.1    20   287     6   273     2   273 0.92 -
NW_025965258.1_RagTag:3889-4797       -            303 26658at314147        -            293     1e-72  241.5  17.4   1   1   1.3e-73   1.1e-72  241.4  17.4     2   291     7   301     6   303 0.92 -
NW_025965331.1_RagTag:92475-91708     -            254 26658at314147        -            293   2.2e-72  240.5  13.2   1   1   2.8e-73   2.4e-72  240.3  13.2    42   293     3   254     1   254 0.92 -
NW_025965581.1_RagTag:2807-3714       -            302 26658at314147        -            293   2.9e-72  240.0  15.1   1   1   3.9e-73   3.3e-72  239.8  15.1     3   291     5   300     3   302 0.89 -
NW_025965008.1_RagTag:199898-198979   -            304 26658at314147        -            293   4.1e-72  239.6  23.0   1   1   5.3e-73   4.5e-72  239.4  23.0     1   290    10   303    10   304 0.93 -
NW_025965008.1_RagTag:160459-161301   -            281 26658at314147        -            293     1e-71  238.2  21.4   1   1   1.3e-72   1.1e-71  238.1  21.4    27   290    13   277     1   281 0.93 -
NW_025965101.1_RagTag:63953-64872     -            304 26658at314147        -            293   3.1e-71  236.7  20.7   1   1   4.1e-72   3.5e-71  236.5  20.7     1   293     6   301     6   301 0.90 -
contig_57973_pilon:1283-390           -            298 26658at314147        -            293   4.8e-71  236.0  14.5   1   1   6.1e-72   5.3e-71  235.9  14.5     2   291     3   297     2   298 0.89 -
NW_025965161.1_RagTag:669574-679032   -            309 26658at314147        -            293   2.2e-70  233.9  20.3   1   1   2.8e-71   2.4e-70  233.7  20.3    14   290    27   308    10   309 0.92 -
NW_025965341.1_RagTag:127633-126742   -            294 26658at314147        -            293   2.2e-69  230.6  22.7   1   1   2.7e-70   2.4e-69  230.5  22.7    14   289    18   292     1   294 0.91 -
NW_025965182.1_RagTag:1844071-1843137 -            311 26658at314147        -            293   2.6e-69  230.3  20.6   1   1   3.6e-70   3.1e-69  230.1  20.6     3   288    12   301    10   305 0.89 -
NW_025965057.1_RagTag:7578-6664       -            305 26658at314147        -            293   1.1e-68  228.2  18.4   1   1   1.5e-69   1.3e-68  228.1  18.4     3   293    12   305    10   305 0.91 -
NW_025965407.1_RagTag:8729-7857       -            291 26658at314147        -            293   1.3e-68  228.1  18.5   1   1   1.6e-69   1.4e-68  227.9  18.5     3   281     8   291     6   291 0.89 -
contig_16391_pilon:1986-1069          -            306 26658at314147        -            293   1.4e-68  228.0  25.9   1   1   1.8e-69   1.6e-68  227.8  25.9     1   291    10   305    10   306 0.92 -
contig_45284_pilon:1194-2101          -            300 26658at314147        -            293   1.6e-68  227.8  23.4   1   1   2.1e-69   1.8e-68  227.6  23.4     2   293     8   300     7   300 0.91 -
contig_56588_pilon:2334-1507          -            276 26658at314147        -            293   1.6e-68  227.7  20.3   1   1   2.2e-69   1.9e-68  227.5  20.3    25   285     1   262     1   273 0.93 -
NW_025965230.1_RagTag:1052542-1051619 -            308 26658at314147        -            293   1.8e-68  227.6  19.0   1   1   2.4e-69   2.1e-68  227.4  19.0     1   291     9   304     9   306 0.91 -
contig_67131_pilon:1213-315           -            299 26658at314147        -            293   3.4e-68  226.7  20.2   1   1   4.4e-69   3.8e-68  226.5  20.2     1   287    10   299    10   299 0.92 -
NW_025965405.1_RagTag:33522-34429     -            302 26658at314147        -            293   5.4e-68  226.0  21.3   1   1   6.8e-69   5.9e-68  225.9  21.3    16   287    29   300    10   302 0.92 -
NW_025965203.1_RagTag:477586-478475   -            283 26658at314147        -            293   6.5e-68  225.7  16.5   1   1   8.4e-69   7.2e-68  225.6  16.5     3   289     1   279     1   283 0.91 -
NW_025965008.1_RagTag:210078-198964   -            288 26658at314147        -            293   1.7e-67  224.4  24.1   1   1   2.4e-68   2.1e-67  224.1  24.1    17   293    15   285     7   285 0.96 -
NW_025965431.1_RagTag:38801-37884     -            306 26658at314147        -            293     2e-67  224.2  20.0   1   1   2.5e-68   2.2e-67  224.0  20.0    16   289    29   303    10   306 0.92 -
NW_025965008.1_RagTag:173476-172598   -            293 26658at314147        -            293   2.5e-67  223.8  21.2   1   1   3.2e-68   2.7e-67  223.7  21.2     2   286     4   293     3   293 0.91 -
NW_025965123.1_RagTag:1869186-1731038 -            276 26658at314147        -            293   4.5e-67  223.0  19.2   1   1   5.7e-68   4.9e-67  222.9  19.2    21   289     3   272     1   276 0.94 -
contig_9927_pilon:1816-953            -            288 26658at314147        -            293   7.3e-67  222.3  16.8   1   1     1e-67   8.6e-67  222.1  16.8    17   288    15   287     5   288 0.94 -
contig_36220_pilon:1250-2170          -            307 26658at314147        -            293   1.1e-66  221.7  20.2   1   1   1.4e-67   1.2e-66  221.6  20.2     9   291    21   305    10   307 0.92 -
NW_025965151.1_RagTag:2673-33201      -            281 26658at314147        -            293   1.2e-66  221.6  22.8   1   2   1.1e-22   9.7e-22   74.2   7.3     1    92    10   105    10   108 0.88 -
NW_025965151.1_RagTag:2673-33201      -            281 26658at314147        -            293   1.2e-66  221.6  22.8   2   2   4.1e-47   3.5e-46  154.4   7.1   132   289   107   264   106   267 0.95 -
NW_025965317.1_RagTag:2638743-2639629 -            295 26658at314147        -            293   1.3e-66  221.5  16.0   1   1   1.9e-67   1.6e-66  221.2  16.0     9   289     4   292     1   294 0.86 -
NW_025965233.1_RagTag:206241-207158   -            306 26658at314147        -            293   1.6e-66  221.2  16.8   1   1   2.3e-67     2e-66  220.9  16.8     2   287     9   300     8   305 0.93 -
NW_025965235.1_RagTag:64724-63826     -            298 26658at314147        -            293   1.8e-66  221.1  15.6   1   1   2.3e-67     2e-66  220.9  15.6     2   291     4   297     3   298 0.89 -
NW_025965123.1_RagTag:1731956-1731038 -            302 26658at314147        -            293   1.8e-66  221.0  21.8   1   1   2.4e-67   2.1e-66  220.8  21.8     2   289    11   298    10   302 0.90 -
NW_025965274.1_RagTag:6011-6937       -            309 26658at314147        -            293   2.1e-66  220.8  20.2   1   1     3e-67   2.6e-66  220.5  20.2     2   288    14   305    13   308 0.91 -
NW_025965320.1_RagTag:837499-836570   -            310 26658at314147        -            293   2.2e-66  220.7  17.4   1   1   2.8e-67   2.4e-66  220.6  17.4     1   290    13   307    13   310 0.92 -
contig_30879_pilon:3555-2655          -            294 26658at314147        -            293   2.2e-66  220.7  19.8   1   1   2.9e-67   2.5e-66  220.5  19.8     1   289     6   293     6   294 0.94 -
NW_025965080.1_RagTag:593575-594468   -            298 26658at314147        -            293     5e-66  219.6  17.5   1   1   6.6e-67   5.6e-66  219.4  17.5     1   289     7   297     7   298 0.87 -
NW_025965123.1_RagTag:1788531-1706789 -            303 26658at314147        -            293   1.3e-65  218.2  21.1   1   1   1.7e-66   1.5e-65  218.1  21.1     2   291    11   302    10   303 0.86 -
contig_59306_pilon:1366-2256          -            283 26658at314147        -            293   1.6e-65  217.9  17.3   1   1   3.1e-66   2.6e-65  217.2  17.3     3   285     8   281     6   283 0.91 -
contig_11065_pilon:1219-299           -            307 26658at314147        -            293   3.7e-65  216.7  17.3   1   1   4.8e-66   4.2e-65  216.6  17.3     2   289    14   305    13   307 0.88 -
NW_025965203.1_RagTag:474886-475707   -            274 26658at314147        -            293   4.2e-65  216.5  21.2   1   1   5.4e-66   4.6e-65  216.4  21.2     3   273     1   274     1   274 0.92 -
NW_025965313.1_RagTag:1671318-1670390 -            304 26658at314147        -            293   8.2e-65  215.6  24.1   1   1   1.1e-65   9.2e-65  215.4  24.1     1   293    13   304    13   304 0.93 -
NW_025965140.1_RagTag:1050730-1049929 -            265 26658at314147        -            293   3.2e-64  213.6  16.4   1   1   4.2e-65   3.6e-64  213.5  16.4    29   290     2   264     1   265 0.91 -
contig_14807_pilon:1454-642           -            271 26658at314147        -            293   1.1e-63  211.9  17.2   1   1   1.4e-64   1.2e-63  211.8  17.2    19   287     2   271     1   271 0.95 -
contig_72712_pilon:614-1506           -            290 26658at314147        -            293   1.3e-63  211.7  20.6   1   1   1.6e-64   1.4e-63  211.5  20.6     2   289     3   288     2   290 0.89 -
NW_025965123.1_RagTag:1769472-1879484 -            291 26658at314147        -            293   1.7e-63  211.3  19.1   1   1   2.3e-64   1.9e-63  211.1  19.1     2   286     7   291     6   291 0.91 -
NW_025965431.1_RagTag:7750-16805      -            295 26658at314147        -            293   2.5e-63  210.7  19.4   1   1   3.3e-64   2.8e-63  210.5  19.4     2   290     7   294     6   295 0.89 -
NW_025965008.1_RagTag:225269-189566   -            296 26658at314147        -            293   5.9e-63  209.5  24.3   1   1   7.7e-64   6.6e-63  209.3  24.3     1   291     6   295     6   296 0.92 -
NW_025965101.1_RagTag:53709-52805     -            300 26658at314147        -            293   8.3e-63  209.0  18.2   1   1   1.1e-63   9.6e-63  208.8  18.2    15   289    25   297     9   300 0.89 -
NW_025965146.1_RagTag:98922-98007     -            292 26658at314147        -            293   8.7e-63  208.9  19.9   1   1   1.1e-62   9.2e-62  205.6  19.9    17   293    29   289    11   289 0.89 -
NW_025965140.1_RagTag:855571-854690   -            294 26658at314147        -            293   1.6e-62  208.1  21.2   1   1     2e-63   1.7e-62  208.0  21.2    17   283    26   293     6   294 0.90 -
contig_23379_pilon:2125-1202          -            308 26658at314147        -            293   3.4e-62  207.0  12.7   1   1   4.5e-63   3.9e-62  206.8  12.7     1   288    16   307    16   308 0.90 -
NW_025965138.1_RagTag:13922-13067     -            279 26658at314147        -            293   1.1e-61  205.3  21.6   1   1   1.5e-62   1.3e-61  205.1  21.6     9   289     5   278     1   279 0.90 -
NW_025965008.1_RagTag:218801-229417   -            293 26658at314147        -            293     2e-61  204.5  19.0   1   1   2.5e-62   2.2e-61  204.3  19.0     3   286     2   293     1   293 0.86 -
NW_025965123.1_RagTag:1827926-1828828 -            301 26658at314147        -            293   2.1e-61  204.4  19.2   1   1   2.7e-62   2.3e-61  204.3  19.2     1   293     7   301     7   301 0.90 -
NW_025965123.1_RagTag:1940490-1854707 -            289 26658at314147        -            293   3.4e-61  203.7  18.9   1   1   4.9e-62   4.2e-61  203.4  18.9     1   288     7   287     7   289 0.87 -
NW_025965080.1_RagTag:595446-596340   -            298 26658at314147        -            293   3.7e-61  203.6  22.2   1   1   4.8e-62   4.1e-61  203.4  22.2     3   288    10   297     8   298 0.88 -
contig_45575_pilon:1116-2019          -            297 26658at314147        -            293   4.6e-61  203.3  11.2   1   1   5.6e-62   4.9e-61  203.2  11.2    26   288    37   296     7   297 0.91 -
NW_025965320.1_RagTag:876881-875964   -            306 26658at314147        -            293   7.6e-61  202.6  21.6   1   1     1e-61   8.6e-61  202.4  21.6     1   287    15   306    15   306 0.88 -
NW_025965274.1_RagTag:811-27886       -            297 26658at314147        -            293   1.5e-60  201.6  20.9   1   1     2e-61   1.7e-60  201.4  20.9     2   290     8   294     7   297 0.92 -
NW_025965324.1_RagTag:3944201-3943282 -            303 26658at314147        -            293   1.6e-60  201.5  19.8   1   1   2.1e-61   1.8e-60  201.3  19.8     1   289    13   302    13   303 0.90 -
NW_025965305.1_RagTag:1670313-1671218 -            302 26658at314147        -            293   2.1e-60  201.1  20.7   1   1   2.7e-61   2.3e-60  201.0  20.7     2   289    11   301    10   302 0.88 -
contig_19626_pilon:1309-2237          -            309 26658at314147        -            293   2.7e-60  200.8  22.3   1   1   3.5e-61     3e-60  200.6  22.3     1   290    12   305    12   308 0.89 -
contig_72985_pilon:1524-2407          -            294 26658at314147        -            293   5.7e-60  199.7  26.5   1   1   7.5e-61   6.5e-60  199.5  26.5     1   279    12   294    12   294 0.89 -
NW_025965313.1_RagTag:1751145-1728168 -            287 26658at314147        -            293   8.2e-60  199.2  21.7   1   1   1.1e-60   9.9e-60  198.9  21.7    17   290    14   283     3   286 0.94 -
contig_45643_pilon:1987-1068          -            303 26658at314147        -            293   2.4e-59  197.6  21.5   1   1   3.2e-60   2.7e-59  197.5  21.5     1   290    10   301    10   303 0.89 -
NW_025965331.1_RagTag:109567-117574   -            280 26658at314147        -            293   1.6e-58  195.0  15.3   1   1   9.3e-57     8e-56  186.1  15.3     3   291     8   278     6   280 0.90 -
NW_025965235.1_RagTag:62953-62088     -            287 26658at314147        -            293   1.1e-57  192.2  15.7   1   1   1.5e-58   1.3e-57  192.0  15.7     2   271    14   285    13   287 0.89 -
NW_025965574.1_RagTag:1187-283        -            293 26658at314147        -            293   2.1e-57  191.3  20.4   1   1   2.7e-58   2.3e-57  191.1  20.4    16   290    25   292     6   293 0.89 -
NW_025965320.1_RagTag:897952-897120   -            271 26658at314147        -            293   2.8e-57  190.8  19.5   1   1   3.7e-58   3.2e-57  190.7  19.5    17   291     1   270     1   271 0.90 -
contig_48637_pilon:1314-422           -            295 26658at314147        -            293   3.6e-57  190.5  21.1   1   1   4.7e-58   4.1e-57  190.3  21.1     1   287     6   295     6   295 0.86 -
NW_025965054.1_RagTag:13483-18609     -            293 26658at314147        -            293   6.7e-57  189.6  11.6   1   1   1.2e-57   1.1e-56  188.9  11.6     3   289    10   291     8   293 0.86 -
NW_025965182.1_RagTag:1830128-1829427 -            234 26658at314147        -            293   5.6e-56  186.6  10.2   1   1   7.2e-57   6.2e-56  186.4  10.2    62   290     2   231     1   234 0.95 -
NW_025965307.1_RagTag:60822-79022     -            238 26658at314147        -            293   1.2e-55  185.5  14.8   1   2   8.7e-38   7.5e-37  123.8  11.3     2   147     9   160     8   167 0.88 -
NW_025965307.1_RagTag:60822-79022     -            238 26658at314147        -            293   1.2e-55  185.5  14.8   2   2   1.2e-19     1e-18   64.3   0.1   213   286   163   235   154   238 0.92 -
NW_025965307.1_RagTag:101333-100668   -            222 26658at314147        -            293   2.5e-55  184.4   6.5   1   1   3.5e-56     3e-55  184.2   6.5    85   293     6   215     2   215 0.94 -
NW_025965008.1_RagTag:225287-176711   -            293 26658at314147        -            293   5.5e-55  183.3  24.7   1   1   8.9e-56   7.6e-55  182.9  24.7     1   289    12   292    12   293 0.91 -
contig_30302_pilon:2184-1274          -            299 26658at314147        -            293   9.3e-55  182.6  18.6   1   1   1.2e-55     1e-54  182.4  18.6     1   288    10   298    10   299 0.89 -
NW_025965151.1_RagTag:3060-3590       -            177 26658at314147        -            293   1.5e-54  181.9   4.1   1   1   1.9e-55   1.6e-54  181.8   4.1   116   289     1   175     1   177 0.95 -
NW_025965313.1_RagTag:2-724           -            241 26658at314147        -            293   9.1e-54  179.3  17.5   1   1   1.3e-54   1.1e-53  179.1  17.5    61   292     7   239     2   240 0.93 -
contig_68255_pilon:881-34             -            255 26658at314147        -            293   2.1e-53  178.1  21.4   1   2   4.2e-29   3.6e-28   95.3  10.3    17   131    26   138     6   141 0.88 -
contig_68255_pilon:881-34             -            255 26658at314147        -            293   2.1e-53  178.1  21.4   2   2   2.7e-27   2.3e-26   89.4   4.1   152   274   138   255   134   255 0.90 -
contig_19055_pilon:1664-777           -            283 26658at314147        -            293   9.5e-53  176.0  18.7   1   1   1.7e-53   1.4e-52  175.4  18.7     3   291     2   281     1   283 0.88 -
NW_025965313.1_RagTag:9601-75835      -            287 26658at314147        -            293   3.8e-52  174.0  20.2   1   2   3.1e-07   2.7e-06   23.5   1.8     1    52    14    68    14    70 0.91 -
NW_025965313.1_RagTag:9601-75835      -            287 26658at314147        -            293   3.8e-52  174.0  20.2   2   2   3.3e-48   2.9e-47  158.0  11.7    75   292    66   283    65   284 0.91 -
NW_025965008.1_RagTag:228249-247573   -            282 26658at314147        -            293   5.7e-52  173.4  25.3   1   1   1.2e-51     1e-50  169.3  25.3     2   290     2   281     1   282 0.90 -
NW_025965313.1_RagTag:22528-23444     -            288 26658at314147        -            293   7.3e-52  173.1  18.3   1   1   9.8e-53   8.4e-52  172.9  18.3     2   289    11   286    10   288 0.90 -
NW_025965305.1_RagTag:1667672-1666791 -            294 26658at314147        -            293   1.4e-51  172.1  19.3   1   1   1.9e-52   1.6e-51  171.9  19.3     2   282    11   293    10   294 0.89 -
NW_025965636.1_RagTag:15132-17830     -            286 26658at314147        -            293   3.2e-51  171.0  25.5   1   1   4.5e-52   3.8e-51  170.7  25.5     1   288    10   285    10   286 0.86 -
contig_17327_pilon:1299-559           -            247 26658at314147        -            293   5.6e-51  170.2  17.2   1   1   7.3e-52   6.3e-51  170.0  17.2    48   290     1   242     1   246 0.91 -
NW_025965306.1_RagTag:21642-22396     -            241 26658at314147        -            293   5.8e-51  170.1  17.2   1   1   9.2e-52   7.9e-51  169.7  17.2    42   290     2   240     1   241 0.93 -
contig_75679_pilon:808-1677           -            290 26658at314147        -            293   1.5e-50  168.8  20.7   1   1   1.8e-51   1.6e-50  168.7  20.7    17   273    33   290    13   290 0.91 -
NW_025965123.1_RagTag:1952050-1951388 -            221 26658at314147        -            293   6.1e-50  166.8  14.6   1   1   7.8e-51   6.7e-50  166.6  14.6    71   287     4   218     1   221 0.91 -
NW_025965146.1_RagTag:105378-106290   -            297 26658at314147        -            293   1.2e-49  165.8  15.2   1   1   1.7e-50   1.5e-49  165.5  15.2     9   290    17   294    10   297 0.89 -
contig_78135_pilon:1576-679           -            269 26658at314147        -            293     2e-49  165.1  12.6   1   1   2.8e-50   2.4e-49  164.8  12.6    34   288    20   268     4   269 0.89 -
NW_025965023.1_RagTag:896670-897431   -            243 26658at314147        -            293   2.8e-49  164.6  16.8   1   1   5.9e-50   5.1e-49  163.7  16.8    42   291     2   241     1   243 0.87 -
NW_025965101.1_RagTag:83096-84008     -            304 26658at314147        -            293   8.7e-49  163.0  14.4   1   1     1e-48   8.8e-48  159.7  14.4     1   290     6   299     6   303 0.86 -
NW_025965313.1_RagTag:1712592-1713476 -            270 26658at314147        -            293   5.3e-48  160.4  26.5   1   2   7.9e-36   6.8e-35  117.4  16.7     2   180    13   197    12   208 0.85 -
NW_025965313.1_RagTag:1712592-1713476 -            270 26658at314147        -            293   5.3e-48  160.4  26.5   2   2   8.7e-15   7.5e-14   48.3   2.8   221   277   214   270   201   270 0.94 -
NW_025965352.1_RagTag:41208-40264     -            315 26658at314147        -            293   9.2e-48  159.6  15.7   1   1   1.2e-48     1e-47  159.4  15.7     3   287    20   311    18   315 0.90 -
NW_025965161.1_RagTag:680661-681407   -            220 26658at314147        -            293   9.6e-47  156.3  16.9   1   2   1.8e-30   1.5e-29   99.8   8.1    45   156     1   113     1   118 0.97 -
NW_025965161.1_RagTag:680661-681407   -            220 26658at314147        -            293   9.6e-47  156.3  16.9   2   2   4.5e-19   3.9e-18   62.4   1.3   193   288   126   217   114   220 0.87 -
NW_025965149.1_RagTag:1693233-1693789 -            185 26658at314147        -            293   3.7e-45  151.1   6.7   1   1   4.8e-46   4.1e-45  150.9   6.7   111   291     1   181     1   184 0.91 -
NW_025965256.1_RagTag:10414-9622      -            246 26658at314147        -            293   2.2e-44  148.5  19.2   1   1   3.6e-44   3.1e-43  144.7  19.2     2   254     7   245     6   246 0.91 -
NW_025965418.1_RagTag:2485-3065       -            193 26658at314147        -            293   6.2e-44  147.0   4.7   1   1   7.9e-45   6.8e-44  146.9   4.7   101   290     1   190     1   193 0.92 -
NW_025965123.1_RagTag:1869189-1816571 -            234 26658at314147        -            293   7.7e-44  146.7  15.8   1   2   1.7e-18   1.4e-17   60.5   5.3    19   115     2    98     1   104 0.96 -
NW_025965123.1_RagTag:1869189-1816571 -            234 26658at314147        -            293   7.7e-44  146.7  15.8   2   2   3.3e-28   2.9e-27   92.3   3.1   150   284   103   234    97   234 0.82 -
NW_025965426.1_RagTag:121572-84814    -            308 26658at314147        -            293   5.5e-43  143.9  20.7   1   1   7.2e-44   6.2e-43  143.8  20.7     1   287    13   304    13   308 0.88 -
contig_17158_pilon:2161-1615          -            179 26658at314147        -            293   9.6e-43  143.1   9.2   1   1   1.2e-43   1.1e-42  143.0   9.2   114   292     2   179     1   179 0.90 -
NW_025965123.1_RagTag:1766606-1879490 -            190 26658at314147        -            293   1.3e-41  139.4  13.1   1   1   1.7e-42   1.5e-41  139.3  13.1    93   288     2   190     1   190 0.91 -
NW_025965331.1_RagTag:96699-97271     -            191 26658at314147        -            293   1.4e-41  139.4  15.3   1   1   1.8e-42   1.5e-41  139.2  15.3    49   238     1   191     1   191 0.91 -
NW_025965426.1_RagTag:28176-27310     -            289 26658at314147        -            293     8e-40  133.6  20.4   1   1     1e-40   8.8e-40  133.4  20.4     3   283     1   288     1   289 0.89 -
NW_025965250.1_RagTag:33393-32712     -            226 26658at314147        -            293   2.7e-39  131.8  19.3   1   1   3.8e-40   3.2e-39  131.6  19.3     2   180    20   201    19   220 0.89 -
NW_025965123.1_RagTag:1707442-1707870 -            143 26658at314147        -            293   8.7e-39  130.2   4.4   1   1   1.2e-39     1e-38  130.0   4.4   158   291     8   142     2   143 0.92 -
NW_025965352.1_RagTag:27049-26294     -            252 26658at314147        -            293   2.2e-38  128.9  13.3   1   1   2.8e-39   2.4e-38  128.7  13.3    42   290     1   251     1   252 0.89 -
NW_025965636.1_RagTag:17268-17845     -            185 26658at314147        -            293   5.4e-38  127.6  11.3   1   1     8e-39   6.9e-38  127.2  11.3   101   291     2   182     1   184 0.85 -
NW_025965161.1_RagTag:680649-681285   -            175 26658at314147        -            293   8.8e-38  126.9  15.9   1   2   2.7e-30   2.3e-29   99.2   7.4    44   154     4   115     1   118 0.94 -
NW_025965161.1_RagTag:680649-681285   -            175 26658at314147        -            293   8.8e-38  126.9  15.9   2   2   3.5e-10     3e-09   33.2   2.3   193   248   118   173   108   175 0.87 -
NW_025965305.1_RagTag:1702994-1703565 -            179 26658at314147        -            293   1.1e-36  123.2  11.7   1   1   1.8e-37   1.5e-36  122.8  11.7     2   170     3   174     2   178 0.89 -
contig_44821_pilon:519-29             -            162 26658at314147        -            293   1.2e-36  123.1  15.3   1   1   1.7e-37   1.5e-36  122.8  15.3    17   173     7   161     3   162 0.95 -
contig_27735_pilon:522-1              -            174 26658at314147        -            293   4.5e-36  121.2  10.4   1   1     6e-37   5.2e-36  121.0  10.4    17   150    39   173    19   174 0.92 -
NW_025965054.1_RagTag:8390-7841       -            181 26658at314147        -            293   6.8e-36  120.6   7.8   1   1   9.2e-37   7.9e-36  120.4   7.8    16   171    25   181    10   181 0.88 -
NW_025965320.1_RagTag:846012-845268   -            185 26658at314147        -            293   3.4e-35  118.4  18.4   1   3   2.4e-27     2e-26   89.5   8.4    15   128    17   130     1   133 0.89 -
NW_025965320.1_RagTag:846012-845268   -            185 26658at314147        -            293   3.4e-35  118.4  18.4   2   3     4e-05   0.00035   16.6   0.2   152   178   129   154   126   159 0.87 -
NW_025965320.1_RagTag:846012-845268   -            185 26658at314147        -            293   3.4e-35  118.4  18.4   3   3   3.1e-06   2.7e-05   20.2   0.4   222   246   161   185   155   185 0.94 -
NW_025965182.1_RagTag:1860922-1885787 -            159 26658at314147        -            293     2e-34  115.8  10.2   1   1   2.5e-35   2.2e-34  115.7  10.2     2   138    11   156    10   159 0.86 -
NW_025965054.1_RagTag:13790-14404     -            191 26658at314147        -            293   3.9e-34  114.9   2.5   1   1   5.3e-35   4.6e-34  114.7   2.5    92   290     1   188     1   191 0.88 -
NW_025965313.1_RagTag:1670832-1670387 -            148 26658at314147        -            293     6e-34  114.3   7.0   1   1   7.7e-35   6.6e-34  114.1   7.0   151   293     6   147     1   147 0.93 -
NW_025965426.1_RagTag:16556-60371     -            275 26658at314147        -            293   2.2e-33  112.4  25.9   1   1   1.2e-33   1.1e-32  110.2  25.9    18   287    12   271     8   275 0.80 -
NW_025965426.1_RagTag:113189-107509   -            289 26658at314147        -            293   6.8e-33  110.8  17.8   1   1   9.4e-34   8.1e-33  110.6  17.8    21   284    22   288    10   289 0.88 -
NW_025965426.1_RagTag:63389-64287     -            296 26658at314147        -            293   1.1e-32  110.1  20.7   1   1   1.5e-33   1.3e-32  109.9  20.7     2   284     7   293     6   296 0.86 -
NW_025965405.1_RagTag:2503-2910       -            136 26658at314147        -            293   2.9e-32  108.7   0.6   1   1   3.7e-33   3.2e-32  108.6   0.6   160   291     4   136     1   136 0.95 -
NW_025965426.1_RagTag:121557-76072    -            297 26658at314147        -            293   3.4e-32  108.5  16.7   1   1   4.5e-33   3.9e-32  108.3  16.7     2   288     9   293     8   297 0.86 -
NW_025965251.1_RagTag:397243-396598   -            189 26658at314147        -            293   6.9e-32  107.5   6.1   1   2   7.5e-17   6.5e-16   55.1   1.0    78   183     2   108     1   114 0.86 -
NW_025965251.1_RagTag:397243-396598   -            189 26658at314147        -            293   6.9e-32  107.5   6.1   2   2   4.9e-17   4.2e-16   55.7   0.3   218   289   119   188   108   189 0.90 -
NW_025965352.1_RagTag:126922-3758     -            280 26658at314147        -            293     1e-31  107.0  18.1   1   1   1.4e-32   1.2e-31  106.7  18.1    24   281    19   278    13   280 0.88 -
contig_31446_pilon:644-132            -            171 26658at314147        -            293   1.6e-31  106.3  11.4   1   1   2.2e-32   1.9e-31  106.1  11.4     4   155    13   169    10   170 0.89 -
NW_025965341.1_RagTag:127666-127124   -            181 26658at314147        -            293   3.2e-31  105.3   7.8   1   1   3.9e-32   3.3e-31  105.3   7.8    13   141    28   161    12   181 0.79 -
NW_025965320.1_RagTag:849090-848577   -            169 26658at314147        -            293   3.6e-31  105.2   2.8   1   1   4.5e-32   3.9e-31  105.0   2.8   120   287     1   167     1   169 0.90 -
NW_025965274.1_RagTag:34846-34298     -            173 26658at314147        -            293   3.6e-31  105.2  10.7   1   1   4.8e-32   4.1e-31  104.9  10.7     1   172     3   172     3   173 0.87 -
NW_025965313.1_RagTag:1681168-1681572 -            135 26658at314147        -            293   3.8e-31  105.1   8.8   1   1   4.8e-32   4.2e-31  104.9   8.8     2   124     7   133     6   135 0.91 -
NW_025965431.1_RagTag:8043-8571       -            175 26658at314147        -            293   1.1e-30  103.5  11.8   1   1   1.5e-31   1.3e-30  103.4  11.8    97   259     9   171     1   174 0.89 -
NW_025965313.1_RagTag:68347-68841     -            165 26658at314147        -            293   1.6e-30  103.0  19.7   1   1   2.1e-31   1.8e-30  102.8  19.7     1   155     6   165     6   165 0.89 -
NW_025965123.1_RagTag:1772589-1841402 -            162 26658at314147        -            293   1.9e-29   99.5  10.5   1   1   2.6e-30   2.2e-29   99.3  10.5     3   139     8   149     6   157 0.86 -
contig_38642_pilon:2275-1692          -            193 26658at314147        -            293   2.8e-29   99.0   6.9   1   1   3.6e-30   3.1e-29   98.8   6.9    95   290     1   193     1   193 0.85 -
NW_025965426.1_RagTag:111411-111983   -            191 26658at314147        -            293   7.8e-29   97.5   7.6   1   1   9.9e-30   8.5e-29   97.4   7.6   103   286     2   188     1   191 0.86 -
NW_025965426.1_RagTag:108382-38484    -            272 26658at314147        -            293     1e-28   97.1   8.1   1   1   1.4e-29   1.2e-28   96.9   8.1     3   244     2   245     1   263 0.86 -
NW_025965300.1_RagTag:1228665-1229471 -            133 26658at314147        -            293   7.1e-28   94.3   4.1   1   1   9.8e-29   8.5e-28   94.1   4.1   163   288     4   130     2   133 0.93 -
NW_025965131.1_RagTag:183-786         -            196 26658at314147        -            293   4.2e-26   88.5  11.0   1   1   5.5e-27   4.7e-26   88.4  11.0    89   290     1   195     1   196 0.85 -
NW_025965274.1_RagTag:8608-9171       -            188 26658at314147        -            293   1.7e-25   86.5  16.5   1   1   2.3e-26     2e-25   86.3  16.5     2   176    11   188    10   188 0.81 -
contig_79807_pilon:426-37             -            130 26658at314147        -            293   6.2e-25   84.7   5.4   1   1   8.1e-26   6.9e-25   84.5   5.4     1   119     8   130     8   130 0.88 -
NW_025965470.1_RagTag:892-166         -            167 26658at314147        -            293   2.6e-24   82.6   9.6   1   3   1.5e-20   1.3e-19   67.2   2.1    48   135     1    88     1    92 0.94 -
NW_025965470.1_RagTag:892-166         -            167 26658at314147        -            293   2.6e-24   82.6   9.6   2   3      0.15       1.3    4.9   0.3   152   178    89   114    78   122 0.77 -
NW_025965470.1_RagTag:892-166         -            167 26658at314147        -            293   2.6e-24   82.6   9.6   3   3   0.00015    0.0013   14.7   0.0   264   287   144   167   131   167 0.86 -
contig_32555_pilon:2224-1308          -            296 26658at314147        -            293   4.2e-23   78.7   5.6   1   1   1.1e-23   9.9e-23   77.5   5.6     1   224     9   229     9   234 0.84 -
NW_025965008.1_RagTag:181569-177125   -            147 26658at314147        -            293   1.5e-22   76.9  10.6   1   1     2e-23   1.8e-22   76.6  10.6     1   132     2   130     2   146 0.84 -
NW_025965352.1_RagTag:14161-22498     -            220 26658at314147        -            293   4.9e-22   75.2  16.6   1   1   6.7e-23   5.7e-22   74.9  16.6     3   181    14   196    12   219 0.85 -
NW_025965054.1_RagTag:17698-18048     -            117 26658at314147        -            293   3.1e-21   72.5   8.4   1   1     4e-22   3.4e-21   72.4   8.4     3   106    10   117     8   117 0.87 -
contig_30302_pilon:2172-1870          -            101 26658at314147        -            293   2.6e-19   66.2   3.2   1   1   3.3e-20   2.8e-19   66.1   3.2     1    90     6   101     6   101 0.89 -
NW_025965182.1_RagTag:1844038-1843763 -             92 26658at314147        -            293   1.6e-18   63.6   5.4   1   1   1.9e-19   1.7e-18   63.6   5.4    15    90    17    92     1    92 0.85 -
NW_025965352.1_RagTag:30954-30395     -            179 26658at314147        -            293   4.3e-17   58.9   8.2   1   1   6.9e-18   5.9e-17   58.5   8.2     2   177     3   173     2   178 0.78 -
contig_46898_pilon:738-1104           -            111 26658at314147        -            293   2.2e-14   50.1   9.6   1   1   2.1e-14   1.8e-13   47.1   9.6    20   130     2    99     1   111 0.83 -
NW_025965307.1_RagTag:989108-990586   -            493 26658at314147        -            293   4.4e-09   32.7   6.1   1   2   5.1e-10   4.4e-09   32.7   6.1    17   120    19   122    12   144 0.88 -
NW_025965307.1_RagTag:989108-990586   -            493 26658at314147        -            293   4.4e-09   32.7   6.1   2   2       2.2        19    1.1   0.2   240   280   452   492   423   493 0.75 -
NW_025965319.1_RagTag:190315-191133   -            273 26658at314147        -            293   7.3e-07   25.4   4.3   1   2   8.5e-08   7.3e-07   25.4   4.3    18   140     1   127     1   140 0.76 -
NW_025965319.1_RagTag:190315-191133   -            273 26658at314147        -            293   7.3e-07   25.4   4.3   2   2       7.4        64   -0.7   0.7   146   198   169   222   151   271 0.61 -
NW_025965323.1_RagTag:1329524-1328619 -            302 26658at314147        -            293   1.3e-06   24.6   9.9   1   2     1e-06   8.9e-06   21.8   7.9    23   129     3   109     2   128 0.73 -
NW_025965323.1_RagTag:1329524-1328619 -            302 26658at314147        -            293   1.3e-06   24.6   9.9   2   2         1       8.7    2.1   0.0   261   290   255   284   247   287 0.83 -
NW_025965148.1_RagTag:252022-250949   -            288 26658at314147        -            293     2e-06   23.9   4.2   1   1   3.5e-07     3e-06   23.4   4.2    15   121    49   155    41   182 0.87 -
NW_025965256.1_RagTag:848936-850198   -            421 26658at314147        -            293   3.2e-06   23.3   8.7   1   1   4.4e-07   3.7e-06   23.0   7.0    16   130     6   120     3   141 0.77 -
NW_025965161.1_RagTag:422252-421546   -            235 26658at314147        -            293   5.4e-05   19.2   7.0   1   1   7.6e-06   6.6e-05   18.9   7.0    17   134    43   161    34   218 0.82 -
NW_025965295.1_RagTag:980586-979666   -            307 26658at314147        -            293   6.1e-05   19.0  12.0   1   1   7.1e-06   6.1e-05   19.0  12.0    17   142    26   152    20   164 0.79 -
NW_025965266.1_RagTag:245866-244338   -            282 26658at314147        -            293   0.00012   18.1   8.3   1   1     2e-05   0.00017   17.6   8.3    23   141    56   176    41   198 0.80 -
NW_025965421.1_RagTag:181801-182494   -            214 26658at314147        -            293   0.00012   18.1   1.9   1   2     6e-05   0.00052   16.0   0.3    69   151    10    92     4    99 0.87 -
NW_025965421.1_RagTag:181801-182494   -            214 26658at314147        -            293   0.00012   18.1   1.9   2   2       1.8        16    1.3   0.1   261   287   187   213   175   214 0.75 -
NW_025965256.1_RagTag:1112205-1111162 -            348 26658at314147        -            293    0.0022   13.9  16.5   1   1    0.0035      0.03   10.2  16.5    13   145    28   163    23   299 0.77 -
#
# Program:         hmmsearch
# Version:         3.1b2 (February 2015)
# Pipeline mode:   SEARCH
# Query file:      /home/bgerda/guppy_SUP/busco_downloads/lineages/glires_odb10/hmms/26658at314147.hmm
# Target file:     /home/bgerda/guppy_SUP/busco_results/run_glires_odb10/metaeuk_output/rerun_results/ragtag.scaffold.fasta.modified.fas
# Option settings: hmmsearch --domtblout /home/bgerda/guppy_SUP/busco_results/run_glires_odb10/hmmer_output/rerun_results/26658at314147.out --cpu 1 /home/bgerda/guppy_SUP/busco_downloads/lineages/glires_odb10/hmms/26658at314147.hmm /home/bgerda/guppy_SUP/busco_results/run_glires_odb10/metaeuk_output/rerun_results/ragtag.scaffold.fasta.modified.fas 
# Current dir:     /home/bgerda/guppy_SUP
# Date:            Sun May 21 15:29:17 2023
# [ok]
