#                                                                                             --- full sequence --- -------------- this domain -------------   hmm coord   ali coord   env coord
# target name                         accession   tlen query name           accession   qlen   E-value  score  bias   #  of  c-Evalue  i-Evalue  score  bias  from    to  from    to  from    to  acc description of target
#                 ------------------- ---------- ----- -------------------- ---------- ----- --------- ------ ----- --- --- --------- --------- ------ ----- ----- ----- ----- ----- ----- ----- ---- ---------------------
NW_025965108.1_RagTag:146437-147393   -            319 26835at314147        -            314   9.5e-34  113.5   7.2   1   1   6.5e-35     2e-33  112.4   7.2    10   268    16   302     9   317 0.78 -
NW_025965319.1_RagTag:190315-191133   -            273 26835at314147        -            314   8.4e-30  100.5  16.0   1   1   4.4e-31   1.4e-29   99.8  16.0    15   239     1   234     1   273 0.85 -
NW_025965321.1_RagTag:4466482-4467336 -            285 26835at314147        -            314   4.8e-27   91.5  14.6   1   1     2e-28   6.1e-27   91.1  14.6     9   236    23   252    15   264 0.85 -
NW_025965322.1_RagTag:1962389-1961545 -            252 26835at314147        -            314   4.5e-25   85.0  12.5   1   2   5.4e-22   1.6e-20   70.0   6.6    10   115     4   108     1   114 0.95 -
NW_025965322.1_RagTag:1962389-1961545 -            252 26835at314147        -            314   4.5e-25   85.0  12.5   2   2     4e-06   0.00012   17.8   0.6   195   264   165   248   108   252 0.80 -
contig_25261_pilon:2046-1063          -            328 26835at314147        -            314   1.9e-23   79.6  20.6   1   1     4e-24   1.2e-22   77.0  20.6    12   281    29   322    15   328 0.75 -
contig_67641_pilon:774-58             -            239 26835at314147        -            314   4.8e-22   75.0  19.5   1   1   1.5e-22   4.7e-21   71.8  19.5    10   233     2   238     1   239 0.80 -
NW_025965314.1_RagTag:120014-121839   -            303 26835at314147        -            314   3.5e-21   72.2  21.1   1   1   1.6e-22   4.8e-21   71.7  21.1     8   266    13   292     8   302 0.78 -
NW_025965295.1_RagTag:980586-979666   -            307 26835at314147        -            314   8.3e-21   71.0  26.8   1   1   4.1e-22   1.2e-20   70.4  26.8     7   276    19   305    13   307 0.75 -
NW_025965230.1_RagTag:349796-348933   -            288 26835at314147        -            314   9.8e-21   70.7  12.0   1   1   5.3e-22   1.6e-20   70.0  12.0    13   262     6   278     2   287 0.74 -
NW_025965323.1_RagTag:1329524-1328619 -            302 26835at314147        -            314   2.7e-14   49.6  17.4   1   1   2.3e-15   6.9e-14   48.2  17.4    22   284     5   294     2   300 0.70 -
NW_025965256.1_RagTag:848936-850198   -            421 26835at314147        -            314   5.2e-13   45.3  20.0   1   2   2.7e-12   8.4e-11   38.1  12.5    10   191     3   198     1   219 0.79 -
NW_025965256.1_RagTag:848936-850198   -            421 26835at314147        -            314   5.2e-13   45.3  20.0   2   2   0.00048     0.015   11.0   0.8   205   275   244   324   229   345 0.66 -
NW_025965307.1_RagTag:989108-990586   -            493 26835at314147        -            314   1.7e-12   43.7  15.4   1   2   5.2e-12   1.6e-10   37.2   9.1     7   147    12   152     8   207 0.87 -
NW_025965307.1_RagTag:989108-990586   -            493 26835at314147        -            314   1.7e-12   43.7  15.4   2   2   0.00071     0.022   10.5   0.4   206   262   429   490   405   493 0.76 -
NW_025965256.1_RagTag:1112205-1111162 -            348 26835at314147        -            314     4e-12   42.5  19.0   1   1   1.8e-13   5.4e-12   42.0  19.0    17   287    35   312    26   321 0.76 -
NW_025965278.1_RagTag:272984-272433   -            184 26835at314147        -            314   9.3e-12   41.2   5.2   1   1   3.6e-13   1.1e-11   41.0   5.2   106   269     1   179     1   184 0.75 -
NW_025965161.1_RagTag:422252-421546   -            235 26835at314147        -            314   5.6e-11   38.7   7.5   1   1   2.6e-12   7.8e-11   38.2   7.4     8   144    37   174    33   227 0.90 -
NW_025965421.1_RagTag:181801-182494   -            214 26835at314147        -            314   7.9e-11   38.2   5.3   1   3   2.2e-09   6.8e-08   28.5   0.4    74   153    18    96    11   104 0.81 -
NW_025965421.1_RagTag:181801-182494   -            214 26835at314147        -            314   7.9e-11   38.2   5.3   2   3       2.3        70   -1.1   0.2    13    48   112   149   105   164 0.70 -
NW_025965421.1_RagTag:181801-182494   -            214 26835at314147        -            314   7.9e-11   38.2   5.3   3   3   0.00027    0.0084   11.8   0.2   213   264   145   206   135   213 0.69 -
NW_025965266.1_RagTag:245866-244338   -            282 26835at314147        -            314   1.1e-09   34.4  10.6   1   1     5e-11   1.5e-09   33.9  10.6    10   193    47   230    40   249 0.82 -
NW_025965343.1_RagTag:72708-71872     -            213 26835at314147        -            314   2.6e-08   29.9  20.3   1   3   4.3e-06   0.00013   17.7   2.4    17    59     5    46     1    51 0.86 -
NW_025965343.1_RagTag:72708-71872     -            213 26835at314147        -            314   2.6e-08   29.9  20.3   2   3    0.0012     0.035    9.8   5.5    97   176    53   133    46   137 0.73 -
NW_025965343.1_RagTag:72708-71872     -            213 26835at314147        -            314   2.6e-08   29.9  20.3   3   3   0.00065      0.02   10.6   2.1   224   269   143   188   119   209 0.65 -
NW_025965148.1_RagTag:252022-250949   -            288 26835at314147        -            314     5e-08   29.0  11.3   1   1     2e-09   6.1e-08   28.7  11.3     9   214    46   254    34   283 0.78 -
contig_27735_pilon:522-1              -            174 26835at314147        -            314   6.1e-08   28.7   8.1   1   1   2.5e-09   7.8e-08   28.3   8.1    11   139    36   164    31   173 0.84 -
contig_14807_pilon:1454-642           -            271 26835at314147        -            314   6.1e-07   25.4   4.9   1   1     2e-08   6.1e-07   25.4   4.9    17   138     3   124     1   144 0.85 -
NW_025965054.1_RagTag:8390-7841       -            181 26835at314147        -            314   8.1e-07   25.0   3.7   1   1   3.2e-08     1e-06   24.7   3.7    13   146    29   161    20   175 0.82 -
NW_025965182.1_RagTag:1860922-1885787 -            159 26835at314147        -            314   9.4e-07   24.8   6.2   1   1   3.7e-08   1.1e-06   24.5   6.2    15   134    32   151    23   158 0.79 -
NW_025965316.1_RagTag:3971734-3971041 -            182 26835at314147        -            314   3.2e-06   23.0   6.4   1   2     2e-05   0.00061   15.6   0.6    13    59    38    86    31   106 0.76 -
NW_025965316.1_RagTag:3971734-3971041 -            182 26835at314147        -            314   3.2e-06   23.0   6.4   2   2   0.00022    0.0068   12.1   1.7   107   194    84   176    83   179 0.80 -
NW_025965250.1_RagTag:33393-32712     -            226 26835at314147        -            314   7.8e-06   21.8  12.2   1   1   3.4e-07     1e-05   21.4  12.2    18   175    42   195    28   225 0.68 -
contig_19055_pilon:1664-777           -            283 26835at314147        -            314   8.8e-06   21.6  11.3   1   1   3.7e-07   1.1e-05   21.2  11.3    84   276    81   282    17   283 0.79 -
NW_025965161.1_RagTag:680661-681407   -            220 26835at314147        -            314   1.3e-05   21.0   6.8   1   1   6.3e-07   1.9e-05   20.5   6.8    71   204    29   153     4   207 0.77 -
contig_57973_pilon:1283-390           -            298 26835at314147        -            314   2.7e-05   20.0   7.5   1   1   1.2e-06   3.8e-05   19.5   7.5    11   265    19   287    11   298 0.64 -
NW_025965331.1_RagTag:92475-91708     -            254 26835at314147        -            314   3.3e-05   19.7   7.2   1   1   2.2e-05   0.00068   15.4   6.9    81   272    45   249    34   253 0.63 -
NW_025965320.1_RagTag:846012-845268   -            185 26835at314147        -            314   4.5e-05   19.3   5.4   1   1   1.9e-06   5.8e-05   18.9   5.4    11   116    16   121    11   158 0.86 -
NW_025965277.1_RagTag:1826576-1826301 -             92 26835at314147        -            314     6e-05   18.9   3.2   1   1   2.1e-06   6.5e-05   18.7   3.2    15   106     1    92     1    92 0.94 -
NW_025965054.1_RagTag:13790-14404     -            191 26835at314147        -            314   6.8e-05   18.7   5.1   1   1   3.2e-06   9.9e-05   18.1   5.1    96   273     8   187     4   191 0.69 -
contig_30879_pilon:3555-2655          -            294 26835at314147        -            314   7.5e-05   18.6   6.4   1   2   2.4e-06   7.5e-05   18.6   6.4    17   138    23   144    19   165 0.81 -
contig_30879_pilon:3555-2655          -            294 26835at314147        -            314   7.5e-05   18.6   6.4   2   2         2        62   -0.9   0.4   214   241   189   216   175   253 0.58 -
contig_30302_pilon:2184-1274          -            299 26835at314147        -            314    0.0001   18.1  16.4   1   1   5.8e-06   0.00018   17.3  16.4    13   201    31   232    23   258 0.67 -
contig_23379_pilon:2125-1202          -            308 26835at314147        -            314    0.0001   18.1  11.3   1   1   6.4e-06    0.0002   17.2  10.9     9   190    32   221    27   243 0.69 -
NW_025965313.1_RagTag:68347-68841     -            165 26835at314147        -            314   0.00016   17.5  11.4   1   1   5.8e-06   0.00018   17.3  11.4    13   145    25   153    15   165 0.80 -
NW_025965230.1_RagTag:1052542-1051619 -            308 26835at314147        -            314   0.00043   16.1  19.4   1   1   5.1e-05    0.0016   14.2  19.4    10   280    25   308    19   308 0.66 -
contig_68255_pilon:881-34             -            255 26835at314147        -            314   0.00067   15.4  15.0   1   1   3.8e-05    0.0012   14.6  15.0    11   194    23   198    18   223 0.82 -
NW_025965426.1_RagTag:28176-27310     -            289 26835at314147        -            314    0.0014   14.3  15.7   1   1   6.7e-05    0.0021   13.8  15.7     9   189    14   203     9   254 0.77 -
NW_025965161.1_RagTag:680649-681285   -            175 26835at314147        -            314    0.0026   13.5   7.4   1   2   8.3e-05    0.0025   13.5   3.4    71   141    33   104     7   110 0.76 -
NW_025965161.1_RagTag:680649-681285   -            175 26835at314147        -            314    0.0026   13.5   7.4   2   2     0.096       2.9    3.5   3.2   141   206    79   147    77   168 0.72 -
NW_025965317.1_RagTag:3305072-3245257 -            334 26835at314147        -            314     0.003   13.3  18.3   1   1    0.0048      0.15    7.7  18.3    22   262    30   299    16   310 0.62 -
NW_025965101.1_RagTag:53709-52805     -            300 26835at314147        -            314    0.0037   13.0  17.5   1   1   0.00019    0.0059   12.3  17.5     7   269    21   293    16   299 0.61 -
contig_36220_pilon:1250-2170          -            307 26835at314147        -            314     0.058    9.1  22.4   1   1    0.0033       0.1    8.3  22.4    15   192    31   221    22   305 0.62 -
contig_26960_pilon:500-1427           -            307 26835at314147        -            314     0.079    8.6  12.5   1   1     0.026      0.79    5.3  12.5    94   143   106   155    22   303 0.63 -
contig_70120_pilon:672-1559           -            296 26835at314147        -            314      0.49    6.0  15.3   1   1      0.05       1.5    4.4  15.3    16   165    21   166    11   293 0.63 -
NW_025965426.1_RagTag:16556-60371     -            275 26835at314147        -            314      0.73    5.4  22.2   1   1     0.026      0.79    5.3  21.5     8   190     5   196     1   232 0.73 -
#
# Program:         hmmsearch
# Version:         3.1b2 (February 2015)
# Pipeline mode:   SEARCH
# Query file:      /home/bgerda/guppy_SUP/busco_downloads/lineages/glires_odb10/hmms/26835at314147.hmm
# Target file:     /home/bgerda/guppy_SUP/busco_results/run_glires_odb10/metaeuk_output/rerun_results/ragtag.scaffold.fasta.modified.fas
# Option settings: hmmsearch --domtblout /home/bgerda/guppy_SUP/busco_results/run_glires_odb10/hmmer_output/rerun_results/26835at314147.out --cpu 1 /home/bgerda/guppy_SUP/busco_downloads/lineages/glires_odb10/hmms/26835at314147.hmm /home/bgerda/guppy_SUP/busco_results/run_glires_odb10/metaeuk_output/rerun_results/ragtag.scaffold.fasta.modified.fas 
# Current dir:     /home/bgerda/guppy_SUP
# Date:            Sun May 21 15:29:17 2023
# [ok]
