#                                                                                             --- full sequence --- -------------- this domain -------------   hmm coord   ali coord   env coord
# target name                         accession   tlen query name           accession   qlen   E-value  score  bias   #  of  c-Evalue  i-Evalue  score  bias  from    to  from    to  from    to  acc description of target
#                 ------------------- ---------- ----- -------------------- ---------- ----- --------- ------ ----- --- --- --------- --------- ------ ----- ----- ----- ----- ----- ----- ----- ---- ---------------------
NW_025965581.1_RagTag:2807-3714       -            302 28551at314147        -            283  5.1e-106  350.5  14.4   1   1  6.9e-107  6.4e-106  350.2  14.4     2   278     4   298     3   300 0.90 -
NW_025965258.1_RagTag:3889-4797       -            303 28551at314147        -            283  2.9e-104  344.8  15.9   1   1    4e-105  3.6e-104  344.5  15.9     2   278     7   299     6   301 0.93 -
contig_59306_pilon:1366-2256          -            283 28551at314147        -            283   3.2e-93  308.5  12.9   1   1   4.4e-94     4e-93  308.2  12.9     2   275     7   282     6   283 0.94 -
contig_11065_pilon:1219-299           -            307 28551at314147        -            283   4.8e-89  294.8  15.2   1   1     6e-90   5.5e-89  294.7  15.2     2   278    14   305    13   307 0.91 -
NW_025965307.1_RagTag:60822-79022     -            238 28551at314147        -            283   6.4e-84  278.0  13.4   1   2   4.1e-69   3.8e-68  226.3   9.2     2   151     9   169     8   170 0.95 -
NW_025965307.1_RagTag:60822-79022     -            238 28551at314147        -            283   6.4e-84  278.0  13.4   2   2   5.3e-17   4.8e-16   55.3   0.1   209   277   169   237   168   238 0.96 -
NW_025965054.1_RagTag:13483-18609     -            293 28551at314147        -            283   9.9e-79  261.0   8.6   1   1   1.8e-79   1.7e-78  260.3   8.6     2   278     9   291     8   293 0.89 -
contig_72712_pilon:614-1506           -            290 28551at314147        -            283     9e-76  251.3  18.9   1   1   1.1e-76     1e-75  251.1  18.9     2   277     3   287     2   290 0.94 -
NW_025965274.1_RagTag:6011-6937       -            309 28551at314147        -            283   2.6e-75  249.8  18.3   1   1   3.3e-76     3e-75  249.6  18.3     2   276    14   304    13   308 0.92 -
NW_025965317.1_RagTag:2638743-2639629 -            295 28551at314147        -            283   1.1e-73  244.5  13.9   1   1   1.4e-74   1.3e-73  244.2  13.9     9   277     1   291     1   293 0.87 -
contig_30879_pilon:3555-2655          -            294 28551at314147        -            283   2.7e-72  239.9  15.6   1   1   3.3e-73   3.1e-72  239.7  15.6     2   278     7   293     6   294 0.89 -
NW_025965101.1_RagTag:63953-64872     -            304 28551at314147        -            283     7e-72  238.5  17.8   1   1   9.5e-73   8.7e-72  238.2  17.8     2   278     7   297     6   300 0.87 -
NW_025965274.1_RagTag:811-27886       -            297 28551at314147        -            283   2.1e-70  233.7  19.9   1   1   2.8e-71   2.6e-70  233.4  19.9     2   276     8   291     7   295 0.93 -
NW_025965123.1_RagTag:1720466-1719549 -            306 28551at314147        -            283   3.3e-70  233.0  23.1   1   1   4.2e-71   3.9e-70  232.8  23.1     3   280     8   300     6   303 0.91 -
NW_025965407.1_RagTag:8729-7857       -            291 28551at314147        -            283     6e-70  232.2  15.6   1   1   7.4e-71   6.8e-70  232.0  15.6     1   270     6   291     6   291 0.91 -
NW_025965307.1_RagTag:101333-100668   -            222 28551at314147        -            283     1e-69  231.4   5.3   1   1   1.3e-70   1.2e-69  231.2   5.3    84   278     6   211     1   215 0.93 -
contig_14807_pilon:1454-642           -            271 28551at314147        -            283   2.7e-69  230.0  13.7   1   1   3.4e-70   3.1e-69  229.9  13.7    21   276     1   271     1   271 0.89 -
NW_025965431.1_RagTag:7750-16805      -            295 28551at314147        -            283   4.4e-69  229.3  16.6   1   1   5.9e-70   5.4e-69  229.1  16.6     2   278     7   293     6   294 0.92 -
NW_025965057.1_RagTag:7578-6664       -            305 28551at314147        -            283   1.6e-68  227.5  16.0   1   1     2e-69   1.8e-68  227.3  16.0     2   279    11   302    10   305 0.89 -
contig_70120_pilon:672-1559           -            296 28551at314147        -            283   4.8e-67  222.7  15.8   1   1   6.2e-68   5.7e-67  222.4  15.8     3   278     1   292     1   294 0.86 -
NW_025965161.1_RagTag:669574-679032   -            309 28551at314147        -            283   1.8e-66  220.8  17.4   1   1   2.2e-67     2e-66  220.6  17.4     2   278    11   307    10   309 0.89 -
NW_025965230.1_RagTag:1052542-1051619 -            308 28551at314147        -            283   2.1e-66  220.6  16.5   1   1   2.8e-67   2.5e-66  220.3  16.5     2   280    10   304     9   307 0.88 -
contig_26960_pilon:500-1427           -            307 28551at314147        -            283   4.5e-66  219.5  11.2   1   1   5.7e-67   5.2e-66  219.3  11.2     3   280    10   301     8   304 0.87 -
NW_025965203.1_RagTag:474886-475707   -            274 28551at314147        -            283   5.2e-66  219.3  16.1   1   1   6.3e-67   5.8e-66  219.1  16.1     3   262     1   274     1   274 0.88 -
NW_025965008.1_RagTag:218801-229417   -            293 28551at314147        -            283   8.6e-66  218.6  17.1   1   1   1.1e-66   9.6e-66  218.4  17.1     2   275     1   293     1   293 0.87 -
NW_025965008.1_RagTag:199898-198979   -            304 28551at314147        -            283   3.9e-64  213.1  22.1   1   1   4.9e-65   4.4e-64  212.9  22.1     2   279    11   303    10   304 0.87 -
NW_025965313.1_RagTag:1671318-1670390 -            304 28551at314147        -            283   5.2e-64  212.7  20.8   1   1   6.4e-65   5.8e-64  212.5  20.8     2   280    14   302    13   304 0.88 -
NW_025965235.1_RagTag:64724-63826     -            298 28551at314147        -            283   5.7e-64  212.6  13.5   1   1     7e-65   6.4e-64  212.4  13.5     2   280     4   297     3   298 0.88 -
NW_025965331.1_RagTag:94459-97447     -            300 28551at314147        -            283   7.8e-64  212.1  14.4   1   1   1.5e-63   1.3e-62  208.1  14.4     2   280    12   296    11   299 0.88 -
NW_025965008.1_RagTag:173476-172598   -            293 28551at314147        -            283   1.1e-63  211.6  19.4   1   1   1.3e-64   1.2e-63  211.5  19.4     2   275     4   293     3   293 0.88 -
NW_025965315.1_RagTag:2528403-2529299 -            299 28551at314147        -            283   1.2e-63  211.5  21.7   1   1   1.5e-64   1.3e-63  211.4  21.7     2   276     9   299     8   299 0.89 -
NW_025965182.1_RagTag:1844071-1843137 -            311 28551at314147        -            283   1.6e-63  211.1  17.6   1   1   2.1e-64   1.9e-63  210.9  17.6     2   278    11   302    10   304 0.86 -
NW_025965123.1_RagTag:1788531-1706789 -            303 28551at314147        -            283   1.9e-63  210.9  19.2   1   1   2.6e-64   2.4e-63  210.5  19.2     2   277    11   299    10   302 0.88 -
NW_025965331.1_RagTag:92475-91708     -            254 28551at314147        -            283   3.7e-63  209.9   9.6   1   1   4.8e-64   4.4e-63  209.7   9.6    47   280     8   252     2   254 0.91 -
contig_45284_pilon:1194-2101          -            300 28551at314147        -            283   4.6e-63  209.6  22.7   1   1   6.4e-64   5.9e-63  209.3  22.7     2   276     8   294     7   298 0.88 -
NW_025965233.1_RagTag:206241-207158   -            306 28551at314147        -            283   5.5e-63  209.4  15.2   1   1   7.2e-64   6.6e-63  209.1  15.2     2   279     9   303     8   305 0.88 -
NW_025965203.1_RagTag:477586-478475   -            283 28551at314147        -            283   8.7e-63  208.7  13.2   1   1   1.2e-63   1.1e-62  208.4  13.2     3   278     1   279     1   281 0.88 -
NW_025965123.1_RagTag:1731956-1731038 -            302 28551at314147        -            283   1.2e-62  208.3  21.2   1   1   1.6e-63   1.5e-62  208.0  21.2     2   279    11   299    10   301 0.87 -
contig_57973_pilon:1283-390           -            298 28551at314147        -            283   1.4e-62  208.0  11.4   1   1   1.7e-63   1.6e-62  207.8  11.4     2   278     3   295     2   298 0.91 -
contig_56588_pilon:2334-1507          -            276 28551at314147        -            283   3.2e-62  206.8  17.9   1   1     4e-63   3.7e-62  206.6  17.9    29   274     2   262     1   270 0.86 -
NW_025965320.1_RagTag:876881-875964   -            306 28551at314147        -            283   4.4e-62  206.4  20.1   1   1   5.5e-63     5e-62  206.2  20.1     2   276    16   306    15   306 0.89 -
NW_025965008.1_RagTag:160459-161301   -            281 28551at314147        -            283   6.6e-62  205.8  18.0   1   1   8.3e-63   7.6e-62  205.6  18.0    30   280    13   278     2   281 0.85 -
contig_36220_pilon:1250-2170          -            307 28551at314147        -            283   1.1e-61  205.1  18.5   1   1   1.5e-62   1.3e-61  204.8  18.5     2   277    11   302    10   305 0.88 -
NW_025965123.1_RagTag:1769472-1879484 -            291 28551at314147        -            283   2.5e-61  203.9  17.8   1   1   3.1e-62   2.8e-61  203.7  17.8     2   275     7   291     6   291 0.85 -
NW_025965008.1_RagTag:210078-198964   -            288 28551at314147        -            283   3.8e-61  203.3  21.0   1   1   4.7e-62   4.3e-61  203.1  21.0    18   281    13   283     1   285 0.86 -
NW_025965324.1_RagTag:3944201-3943282 -            303 28551at314147        -            283   4.5e-61  203.1  18.6   1   1   5.6e-62   5.1e-61  202.9  18.6     2   277    14   301    13   303 0.88 -
NW_025965138.1_RagTag:13922-13067     -            279 28551at314147        -            283   9.5e-61  202.0  18.4   1   1   1.1e-61   1.1e-60  201.9  18.4     9   278     2   278     1   279 0.84 -
contig_19055_pilon:1664-777           -            283 28551at314147        -            283   1.2e-60  201.6  16.6   1   1   1.8e-61   1.6e-60  201.2  16.6     2   280     1   281     1   283 0.91 -
contig_9927_pilon:1816-953            -            288 28551at314147        -            283   1.8e-60  201.1  14.2   1   1   2.2e-61     2e-60  201.0  14.2    16   278    11   288     1   288 0.86 -
NW_025965431.1_RagTag:38801-37884     -            306 28551at314147        -            283     2e-60  201.0  17.6   1   1   2.7e-61   2.5e-60  200.6  17.6     2   277    11   302    10   305 0.87 -
NW_025965140.1_RagTag:855571-854690   -            294 28551at314147        -            283   2.7e-60  200.5  19.6   1   1   3.3e-61     3e-60  200.4  19.6     2   272     7   293     6   294 0.84 -
NW_025965223.1_RagTag:142410-141492   -            298 28551at314147        -            283   2.9e-60  200.4  22.8   1   1   3.7e-61   3.4e-60  200.2  22.8     2   278     7   291     6   296 0.87 -
contig_72985_pilon:1524-2407          -            294 28551at314147        -            283   3.6e-60  200.1  23.4   1   1   4.4e-61   4.1e-60  199.9  23.4     2   268    13   294    12   294 0.87 -
NW_025965101.1_RagTag:53709-52805     -            300 28551at314147        -            283   4.5e-60  199.8  15.8   1   1   5.9e-61   5.4e-60  199.5  15.8     2   278     9   297     8   299 0.90 -
contig_48637_pilon:1314-422           -            295 28551at314147        -            283   5.5e-60  199.5  18.4   1   1   6.7e-61   6.1e-60  199.3  18.4     2   276     7   295     6   295 0.89 -
NW_025965080.1_RagTag:595446-596340   -            298 28551at314147        -            283   7.4e-60  199.1  20.5   1   1   9.2e-61   8.4e-60  198.9  20.5     3   277    10   297     8   298 0.89 -
NW_025965405.1_RagTag:33522-34429     -            302 28551at314147        -            283   9.4e-60  198.7  19.9   1   1   1.2e-60   1.1e-59  198.6  19.9     2   276    11   300    10   302 0.88 -
contig_67131_pilon:1213-315           -            299 28551at314147        -            283   1.9e-59  197.8  17.8   1   1   2.3e-60   2.1e-59  197.6  17.8     2   276    11   299    10   299 0.89 -
NW_025965182.1_RagTag:1830128-1829427 -            234 28551at314147        -            283   3.2e-59  197.0   6.9   1   1   4.1e-60   3.8e-59  196.8   6.9    62   278     2   230     1   232 0.91 -
NW_025965341.1_RagTag:127633-126742   -            294 28551at314147        -            283   3.6e-59  196.8  20.7   1   1   4.4e-60     4e-59  196.7  20.7     1   278     1   292     1   294 0.87 -
NW_025965008.1_RagTag:225269-189566   -            296 28551at314147        -            283   6.4e-59  196.0  22.1   1   1   7.8e-60   7.1e-59  195.9  22.1     2   278     7   293     6   296 0.90 -
NW_025965146.1_RagTag:98922-98007     -            292 28551at314147        -            283   1.2e-58  195.2  17.1   1   1   1.5e-59   1.4e-58  194.9  17.1     3   278    11   285     9   290 0.88 -
NW_025965080.1_RagTag:593575-594468   -            298 28551at314147        -            283   1.2e-58  195.1  16.7   1   1   1.5e-59   1.3e-58  194.9  16.7     2   277     8   296     7   298 0.87 -
contig_16391_pilon:1986-1069          -            306 28551at314147        -            283   1.5e-58  194.8  22.3   1   1   1.8e-59   1.6e-58  194.7  22.3     2   277    11   302    10   306 0.88 -
contig_19626_pilon:1309-2237          -            309 28551at314147        -            283   3.9e-58  193.4  19.4   1   1     5e-59   4.6e-58  193.2  19.4     2   279    13   305    12   308 0.91 -
NW_025965305.1_RagTag:1667672-1666791 -            294 28551at314147        -            283   1.8e-57  191.2  17.3   1   1   2.3e-58   2.1e-57  191.0  17.3     2   271    11   293    10   294 0.87 -
NW_025965123.1_RagTag:1869186-1731038 -            276 28551at314147        -            283   4.6e-57  189.9  18.3   1   1   6.2e-58   5.7e-57  189.6  18.3    22   279     1   273     1   275 0.85 -
NW_025965140.1_RagTag:1050730-1049929 -            265 28551at314147        -            283   5.8e-57  189.6  13.5   1   1   6.9e-58   6.4e-57  189.5  13.5    44   278    17   263     1   265 0.83 -
contig_45643_pilon:1987-1068          -            303 28551at314147        -            283   1.1e-56  188.7  19.5   1   1   1.5e-57   1.3e-56  188.4  19.5     2   278    11   300    10   302 0.88 -
NW_025965320.1_RagTag:837499-836570   -            310 28551at314147        -            283   1.4e-56  188.4  15.9   1   1   1.8e-57   1.6e-56  188.1  15.9     2   278    14   306    13   309 0.88 -
NW_025965123.1_RagTag:1940490-1854707 -            289 28551at314147        -            283   1.6e-56  188.2  18.5   1   1   2.8e-57   2.5e-56  187.5  18.5     2   277     8   287     7   288 0.87 -
contig_75679_pilon:808-1677           -            290 28551at314147        -            283   2.3e-56  187.6  19.3   1   1   2.9e-57   2.6e-56  187.4  19.3     3   262    15   290    13   290 0.86 -
NW_025965054.1_RagTag:13790-14404     -            191 28551at314147        -            283   2.5e-56  187.5   2.4   1   1   3.1e-57   2.9e-56  187.3   2.4    93   278     3   187     1   190 0.89 -
NW_025965235.1_RagTag:62953-62088     -            287 28551at314147        -            283   2.3e-55  184.4  13.9   1   1   2.8e-56   2.6e-55  184.2  13.9     2   262    14   287    13   287 0.89 -
NW_025965305.1_RagTag:1670313-1671218 -            302 28551at314147        -            283   2.3e-55  184.4  18.4   1   1   2.8e-56   2.6e-55  184.2  18.4     2   278    11   301    10   302 0.87 -
contig_45575_pilon:1116-2019          -            297 28551at314147        -            283   9.9e-55  182.3   9.0   1   1   1.2e-55   1.1e-54  182.1   9.0     3   278     9   297     7   297 0.85 -
contig_23379_pilon:2125-1202          -            308 28551at314147        -            283   2.2e-54  181.1  10.1   1   1   2.7e-55   2.5e-54  180.9  10.1     2   278    17   308    16   308 0.88 -
NW_025965123.1_RagTag:1827926-1828828 -            301 28551at314147        -            283   5.3e-54  179.9  17.5   1   1   6.6e-55   6.1e-54  179.7  17.5     2   281     8   299     7   301 0.85 -
NW_025965008.1_RagTag:228249-247573   -            282 28551at314147        -            283   8.8e-54  179.1  21.5   1   1   1.9e-53   1.7e-52  174.9  21.5     1   278     1   280     1   282 0.85 -
NW_025965313.1_RagTag:1751145-1728168 -            287 28551at314147        -            283     4e-53  177.0  19.3   1   1     5e-54   4.5e-53  176.8  19.3    11   279     4   283     1   286 0.91 -
contig_17327_pilon:1299-559           -            247 28551at314147        -            283   4.3e-53  176.9  14.2   1   1   5.2e-54   4.8e-53  176.7  14.2    48   283     1   246     1   246 0.90 -
contig_78135_pilon:1576-679           -            269 28551at314147        -            283   5.1e-53  176.7  10.7   1   1   6.7e-54   6.1e-53  176.4  10.7    39   278    22   269    10   269 0.88 -
NW_025965151.1_RagTag:9975-9157       -            273 28551at314147        -            283   5.5e-53  176.5  22.4   1   1   6.7e-54   6.1e-53  176.4  22.4    18   276     1   273     1   273 0.88 -
NW_025965313.1_RagTag:22528-23444     -            288 28551at314147        -            283     1e-52  175.7  16.4   1   1   1.3e-53   1.2e-52  175.5  16.4     2   278    11   286    10   288 0.86 -
NW_025965123.1_RagTag:1952050-1951388 -            221 28551at314147        -            283   2.2e-52  174.5  13.7   1   1   2.9e-53   2.7e-52  174.3  13.7    72   276     6   218     1   220 0.89 -
NW_025965313.1_RagTag:9601-75835      -            287 28551at314147        -            283   4.1e-52  173.7  16.1   1   2   1.4e-07   1.3e-06   24.4   1.0     2    51    15    67    14    69 0.85 -
NW_025965313.1_RagTag:9601-75835      -            287 28551at314147        -            283   4.1e-52  173.7  16.1   2   2   3.5e-47   3.2e-46  154.3   9.5    75   280    67   282    62   285 0.92 -
NW_025965331.1_RagTag:109567-117574   -            280 28551at314147        -            283   5.8e-52  173.2   9.5   1   1     1e-52   9.5e-52  172.5   9.5    70   278    60   276     7   279 0.89 -
NW_025965574.1_RagTag:1187-283        -            293 28551at314147        -            283   1.3e-51  172.0  17.7   1   1   1.6e-52   1.5e-51  171.9  17.7     2   278     7   291     6   293 0.87 -
NW_025965320.1_RagTag:897952-897120   -            271 28551at314147        -            283   8.5e-51  169.4  16.5   1   1   1.1e-51   1.1e-50  169.1  16.5    21   278     2   268     1   270 0.90 -
NW_025965151.1_RagTag:2673-33201      -            281 28551at314147        -            283   9.4e-51  169.2  20.2   1   2   1.3e-20   1.2e-19   67.2   7.8     2   108    11   122    10   129 0.87 -
NW_025965151.1_RagTag:2673-33201      -            281 28551at314147        -            283   9.4e-51  169.2  20.2   2   2   5.5e-34   5.1e-33  111.0   7.0   128   279   109   265   108   268 0.91 -
NW_025965636.1_RagTag:15132-17830     -            286 28551at314147        -            283   5.4e-50  166.7  23.1   1   1   6.8e-51   6.3e-50  166.5  23.1     2   277    11   285    10   286 0.86 -
NW_025965101.1_RagTag:83096-84008     -            304 28551at314147        -            283   6.6e-50  166.4   8.1   1   2   1.5e-16   1.3e-15   53.9   1.3     2    76     7    85     6   104 0.89 -
NW_025965101.1_RagTag:83096-84008     -            304 28551at314147        -            283   6.6e-50  166.4   8.1   2   2     1e-35   9.2e-35  116.7   0.8   136   278   151   298   131   301 0.84 -
NW_025965146.1_RagTag:105378-106290   -            297 28551at314147        -            283   1.7e-49  165.1  12.8   1   1   2.3e-50   2.1e-49  164.8  12.8     8   279    13   294     7   296 0.87 -
NW_025965161.1_RagTag:680661-681407   -            220 28551at314147        -            283   4.3e-49  163.8  12.4   1   2   1.5e-26   1.4e-25   86.6   4.4    47   152     3   115     2   120 0.90 -
NW_025965161.1_RagTag:680661-681407   -            220 28551at314147        -            283   4.3e-49  163.8  12.4   2   2     3e-25   2.7e-24   82.4   1.0   178   279   120   219   116   220 0.90 -
NW_025965008.1_RagTag:225287-176711   -            293 28551at314147        -            283   5.4e-49  163.4  21.8   1   1   8.6e-50   7.8e-49  162.9  21.8     2   278    13   292    12   293 0.89 -
contig_68255_pilon:881-34             -            255 28551at314147        -            283   6.2e-49  163.3  16.4   1   1   5.2e-48   4.7e-47  157.1  16.4     2   263     7   255     6   255 0.88 -
NW_025965313.1_RagTag:2-724           -            241 28551at314147        -            283   6.5e-48  159.9  13.9   1   1   8.2e-49   7.5e-48  159.7  13.9    56   279     2   237     1   240 0.87 -
NW_025965331.1_RagTag:96699-97271     -            191 28551at314147        -            283   1.4e-47  158.8  11.5   1   1   1.7e-48   1.6e-47  158.6  11.5    49   227     1   191     1   191 0.90 -
NW_025965023.1_RagTag:896670-897431   -            243 28551at314147        -            283   2.2e-47  158.2  11.8   1   1   3.5e-48   3.2e-47  157.6  11.8    47   278     7   239     3   242 0.84 -
NW_025965470.1_RagTag:892-166         -            167 28551at314147        -            283   1.8e-46  155.2   7.4   1   2   6.8e-41   6.2e-40  133.7   5.0    48   171     1   114     1   126 0.93 -
NW_025965470.1_RagTag:892-166         -            167 28551at314147        -            283   1.8e-46  155.2   7.4   2   2   1.6e-06   1.5e-05   20.9   0.0   252   276   143   167   118   167 0.86 -
NW_025965313.1_RagTag:1712592-1713476 -            270 28551at314147        -            283   3.1e-46  154.4  21.5   1   1   2.7e-44   2.5e-43  144.9  21.5     3   265    14   269    12   270 0.86 -
NW_025965123.1_RagTag:1869189-1816571 -            234 28551at314147        -            283   5.4e-46  153.6  15.7   1   2   4.9e-18   4.5e-17   58.7   4.9    21   114     1    98     1   104 0.89 -
NW_025965123.1_RagTag:1869189-1816571 -            234 28551at314147        -            283   5.4e-46  153.6  15.7   2   2   8.3e-31   7.6e-30  100.6   3.7   144   273   103   234    98   234 0.86 -
contig_30302_pilon:2184-1274          -            299 28551at314147        -            283   1.7e-43  145.4  17.7   1   1     2e-44   1.8e-43  145.3  17.7    21   277    33   298    10   299 0.80 -
NW_025965418.1_RagTag:2485-3065       -            193 28551at314147        -            283   3.5e-43  144.4   2.9   1   1   4.3e-44   3.9e-43  144.2   2.9   100   279     1   190     1   193 0.90 -
NW_025965250.1_RagTag:33393-32712     -            226 28551at314147        -            283   8.2e-43  143.2  17.9   1   1     1e-43   9.3e-43  143.0  17.9     2   195    20   226    19   226 0.89 -
NW_025965149.1_RagTag:1693233-1693789 -            185 28551at314147        -            283   8.6e-41  136.5   5.2   1   1     1e-41   9.4e-41  136.4   5.2   111   278     2   179     1   184 0.90 -
NW_025965256.1_RagTag:10414-9622      -            246 28551at314147        -            283   2.1e-40  135.3  15.9   1   1   2.9e-41   2.6e-40  134.9  15.9     2   241     7   243     6   246 0.83 -
NW_025965306.1_RagTag:21642-22396     -            241 28551at314147        -            283   2.2e-40  135.2  13.4   1   1   3.3e-41   3.1e-40  134.7  13.4    47   278     7   239     2   241 0.81 -
NW_025965151.1_RagTag:3060-3590       -            177 28551at314147        -            283   4.5e-40  134.2   3.4   1   1   5.4e-41     5e-40  134.0   3.4   115   279     1   176     1   177 0.91 -
NW_025965636.1_RagTag:17268-17845     -            185 28551at314147        -            283   4.1e-39  131.0  11.5   1   1   5.3e-40   4.8e-39  130.8  11.5    99   281     1   182     1   184 0.85 -
NW_025965054.1_RagTag:17698-18048     -            117 28551at314147        -            283   2.7e-37  125.0   7.4   1   1   3.3e-38     3e-37  124.9   7.4     2   105     9   117     8   117 0.95 -
NW_025965123.1_RagTag:1766606-1879490 -            190 28551at314147        -            283   5.5e-37  124.0  13.9   1   1   6.7e-38   6.2e-37  123.9  13.9    91   276     1   189     1   190 0.88 -
NW_025965274.1_RagTag:34846-34298     -            173 28551at314147        -            283   1.1e-35  119.8   9.6   1   1   1.3e-36   1.2e-35  119.6   9.6     2   166     4   173     3   173 0.86 -
NW_025965352.1_RagTag:41208-40264     -            315 28551at314147        -            283   1.1e-35  119.7  12.4   1   1   1.6e-36   1.4e-35  119.4  12.4    22   279    40   314    20   315 0.78 -
NW_025965251.1_RagTag:397243-396598   -            189 28551at314147        -            283   1.2e-35  119.7   3.4   1   2   8.2e-22   7.5e-21   71.1   0.1    76   173     1   105     1   119 0.83 -
NW_025965251.1_RagTag:397243-396598   -            189 28551at314147        -            283   1.2e-35  119.7   3.4   2   2   2.4e-15   2.2e-14   49.9   0.7   207   278   119   188   106   189 0.92 -
NW_025965426.1_RagTag:121572-84814    -            308 28551at314147        -            283   8.2e-35  116.9  18.7   1   1   1.1e-35     1e-34  116.6  18.7    11   273    27   301    13   306 0.81 -
NW_025965182.1_RagTag:1860922-1885787 -            159 28551at314147        -            283     1e-33  113.3   9.3   1   1   1.3e-34   1.2e-33  113.1   9.3     2   123    11   138    10   155 0.89 -
NW_025965313.1_RagTag:1670832-1670387 -            148 28551at314147        -            283   3.8e-33  111.4   4.9   1   1   4.4e-34   4.1e-33  111.4   4.9   148   280     9   145     1   148 0.88 -
contig_44821_pilon:519-29             -            162 28551at314147        -            283   4.2e-33  111.3  12.8   1   1     5e-34   4.6e-33  111.2  12.8    17   166     4   161     1   162 0.92 -
contig_17158_pilon:2161-1615          -            179 28551at314147        -            283   6.1e-33  110.8   7.1   1   1   7.3e-34   6.7e-33  110.6   7.1   114   278     3   176     1   179 0.87 -
NW_025965161.1_RagTag:680649-681285   -            175 28551at314147        -            283   3.2e-32  108.4  11.1   1   2   1.9e-25   1.8e-24   83.0   4.5    47   140     7   107     3   115 0.87 -
NW_025965161.1_RagTag:680649-681285   -            175 28551at314147        -            283   3.2e-32  108.4  11.1   2   2   2.8e-09   2.6e-08   30.0   0.5   182   239   116   175   110   175 0.87 -
NW_025965352.1_RagTag:27049-26294     -            252 28551at314147        -            283   5.3e-32  107.7  12.1   1   1   6.9e-33   6.3e-32  107.4  12.1    46   276     5   248     2   252 0.81 -
contig_38642_pilon:2275-1692          -            193 28551at314147        -            283   1.7e-31  106.0   7.8   1   1   2.1e-32   1.9e-31  105.8   7.8    94   278     1   192     1   193 0.80 -
NW_025965426.1_RagTag:113189-107509   -            289 28551at314147        -            283   2.4e-31  105.5  16.8   1   1     3e-32   2.7e-31  105.4  16.8    23   273    21   288     3   289 0.81 -
NW_025965320.1_RagTag:846012-845268   -            185 28551at314147        -            283   2.4e-31  105.5  16.1   1   3   1.6e-25   1.4e-24   83.3   7.5     3   123     1   126     1   131 0.92 -
NW_025965320.1_RagTag:846012-845268   -            185 28551at314147        -            283   2.4e-31  105.5  16.1   2   3   3.9e-05   0.00036   16.4   0.1   148   172   131   155   126   160 0.89 -
NW_025965320.1_RagTag:846012-845268   -            185 28551at314147        -            283   2.4e-31  105.5  16.1   3   3    0.0011    0.0099   11.7   0.1   210   235   160   185   156   185 0.92 -
NW_025965123.1_RagTag:1707442-1707870 -            143 28551at314147        -            283   2.6e-31  105.4   3.3   1   1   3.7e-32   3.4e-31  105.1   3.3   148   277     5   139     2   142 0.89 -
NW_025965054.1_RagTag:8390-7841       -            181 28551at314147        -            283   3.6e-31  105.0   4.8   1   1   4.4e-32     4e-31  104.8   4.8     3   161    11   178     9   181 0.88 -
NW_025965405.1_RagTag:2503-2910       -            136 28551at314147        -            283   5.6e-31  104.3   0.7   1   1   6.6e-32     6e-31  104.2   0.7   153   278     4   134     1   136 0.88 -
NW_025965305.1_RagTag:1702994-1703565 -            179 28551at314147        -            283   9.8e-31  103.5  13.7   1   1   2.1e-31   1.9e-30  102.6  13.7     2   173     3   173     2   178 0.83 -
NW_025965431.1_RagTag:8043-8571       -            175 28551at314147        -            283   1.9e-30  102.6  10.7   1   1   2.4e-31   2.2e-30  102.4  10.7    98   250    11   173     2   175 0.81 -
contig_27735_pilon:522-1              -            174 28551at314147        -            283     8e-30  100.5   8.5   1   1     1e-30   9.4e-30  100.3   8.5     2   138    20   167    19   173 0.84 -
NW_025965426.1_RagTag:63389-64287     -            296 28551at314147        -            283   8.2e-30  100.5  20.7   1   1     1e-30   9.5e-30  100.3  20.7     3   273     8   293     6   296 0.81 -
NW_025965341.1_RagTag:127666-127124   -            181 28551at314147        -            283   1.2e-29  100.0   5.6   1   1   1.4e-30   1.3e-29   99.9   5.6     1   124    12   144    12   179 0.85 -
NW_025965320.1_RagTag:849090-848577   -            169 28551at314147        -            283   1.8e-29   99.3   3.9   1   1   2.3e-30   2.1e-29   99.2   3.9   125   277    13   168     2   169 0.91 -
NW_025965426.1_RagTag:28176-27310     -            289 28551at314147        -            283   2.4e-29   99.0  18.2   1   1   2.9e-30   2.6e-29   98.9  18.2    12   272    14   288     1   289 0.72 -
NW_025965274.1_RagTag:8608-9171       -            188 28551at314147        -            283     3e-29   98.7  12.8   1   1   3.7e-30   3.4e-29   98.5  12.8     2   169    11   188    10   188 0.89 -
NW_025965313.1_RagTag:1681168-1681572 -            135 28551at314147        -            283   4.3e-29   98.1   6.5   1   1   5.6e-30   5.1e-29   97.9   6.5     1   123     6   133     6   134 0.88 -
NW_025965300.1_RagTag:1228665-1229471 -            133 28551at314147        -            283     7e-29   97.4   2.9   1   1   8.3e-30   7.6e-29   97.3   2.9   155   278     3   131     1   133 0.91 -
NW_025965313.1_RagTag:68347-68841     -            165 28551at314147        -            283   1.3e-28   96.5  13.3   1   1     2e-29   1.8e-28   96.1  13.3     2   126     7   139     6   162 0.87 -
NW_025965426.1_RagTag:121557-76072    -            297 28551at314147        -            283   1.4e-27   93.2  15.6   1   1   1.7e-28   1.6e-27   93.0  15.6    11   279    22   295     8   297 0.75 -
contig_79807_pilon:426-37             -            130 28551at314147        -            283   1.6e-27   93.0   4.4   1   1     2e-28   1.8e-27   92.8   4.4     2   118     9   130     8   130 0.93 -
NW_025965131.1_RagTag:183-786         -            196 28551at314147        -            283   4.9e-27   91.4   8.8   1   1     6e-28   5.5e-27   91.2   8.8    88   278     1   194     1   196 0.85 -
NW_025965008.1_RagTag:181569-177125   -            147 28551at314147        -            283   6.8e-27   90.9   8.2   1   1   8.3e-28   7.6e-27   90.8   8.2     2   123     3   122     2   146 0.86 -
NW_025965123.1_RagTag:1772589-1841402 -            162 28551at314147        -            283   1.3e-26   90.0  10.5   1   1   1.7e-27   1.6e-26   89.7  10.5     2   139     7   155     6   160 0.85 -
NW_025965352.1_RagTag:126922-3758     -            280 28551at314147        -            283   1.4e-26   89.9  13.2   1   1   1.7e-27   1.6e-26   89.7  13.2    26   271    18   279     1   280 0.79 -
contig_31446_pilon:644-132            -            171 28551at314147        -            283   1.3e-25   86.8   8.2   1   1   1.7e-26   1.5e-25   86.5   8.2     3   143    12   163    10   169 0.83 -
NW_025965426.1_RagTag:16556-60371     -            275 28551at314147        -            283   1.3e-22   76.8  23.2   1   1     4e-23   3.6e-22   75.4  23.2    13   278     7   273     3   275 0.70 -
NW_025965426.1_RagTag:111411-111983   -            191 28551at314147        -            283   4.5e-21   71.8   7.1   1   1   5.7e-22   5.3e-21   71.6   7.1   102   276     2   189     1   191 0.69 -
NW_025965426.1_RagTag:108382-38484    -            272 28551at314147        -            283   3.4e-20   68.9   5.1   1   1   3.8e-21   3.4e-20   68.9   5.1    74   233    75   245    63   271 0.83 -
NW_025965352.1_RagTag:14161-22498     -            220 28551at314147        -            283   6.8e-17   58.1  14.5   1   1   9.2e-18   8.4e-17   57.8  14.5    12   192    27   212    14   219 0.79 -
NW_025965182.1_RagTag:1844038-1843763 -             92 28551at314147        -            283   8.4e-17   57.8   4.3   1   1   9.9e-18   9.1e-17   57.7   4.3     3    88     1    91     1    92 0.90 -
contig_32555_pilon:2224-1308          -            296 28551at314147        -            283   1.2e-16   57.4   3.4   1   2   1.1e-08   9.8e-08   28.1   1.0     2    69    10    81     9   110 0.84 -
contig_32555_pilon:2224-1308          -            296 28551at314147        -            283   1.2e-16   57.4   3.4   2   2   3.2e-09     3e-08   29.8   0.1   146   206   157   221   138   239 0.79 -
NW_025965352.1_RagTag:30954-30395     -            179 28551at314147        -            283   7.2e-12   41.6   7.4   1   1   9.8e-13     9e-12   41.3   7.4     2   169     3   172     2   178 0.77 -
contig_30302_pilon:2172-1870          -            101 28551at314147        -            283   9.9e-09   31.3   1.6   1   1   1.1e-09   9.9e-09   31.3   1.6    21    88    29   100     6   101 0.79 -
contig_46898_pilon:738-1104           -            111 28551at314147        -            283   3.6e-08   29.5   5.8   1   1     1e-08   9.2e-08   28.2   5.8    23   124     2    94     1   107 0.80 -
#
# Program:         hmmsearch
# Version:         3.1b2 (February 2015)
# Pipeline mode:   SEARCH
# Query file:      /home/bgerda/guppy_SUP/busco_downloads/lineages/glires_odb10/hmms/28551at314147.hmm
# Target file:     /home/bgerda/guppy_SUP/busco_results/run_glires_odb10/metaeuk_output/rerun_results/ragtag.scaffold.fasta.modified.fas
# Option settings: hmmsearch --domtblout /home/bgerda/guppy_SUP/busco_results/run_glires_odb10/hmmer_output/rerun_results/28551at314147.out --cpu 1 /home/bgerda/guppy_SUP/busco_downloads/lineages/glires_odb10/hmms/28551at314147.hmm /home/bgerda/guppy_SUP/busco_results/run_glires_odb10/metaeuk_output/rerun_results/ragtag.scaffold.fasta.modified.fas 
# Current dir:     /home/bgerda/guppy_SUP
# Date:            Sun May 21 15:29:12 2023
# [ok]
