#                                                                                             --- full sequence --- -------------- this domain -------------   hmm coord   ali coord   env coord
# target name                         accession   tlen query name           accession   qlen   E-value  score  bias   #  of  c-Evalue  i-Evalue  score  bias  from    to  from    to  from    to  acc description of target
#                 ------------------- ---------- ----- -------------------- ---------- ----- --------- ------ ----- --- --- --------- --------- ------ ----- ----- ----- ----- ----- ----- ----- ---- ---------------------
NW_025965426.1_RagTag:63389-64287     -            296 28704at314147        -            216   3.8e-66  219.6  20.4   1   1   6.1e-67   5.5e-66  219.1  20.4     4   213     6   219     3   222 0.93 -
NW_025965352.1_RagTag:41208-40264     -            315 28704at314147        -            216   5.3e-64  212.6  13.6   1   1   8.6e-65   7.7e-64  212.1  13.6     5   213    19   234    15   236 0.95 -
NW_025965426.1_RagTag:113189-107509   -            289 28704at314147        -            216     6e-60  199.4  20.1   1   1   9.2e-61   8.3e-60  198.9  20.1     7   214     4   215     1   217 0.96 -
NW_025965426.1_RagTag:121572-84814    -            308 28704at314147        -            216   3.3e-58  193.7  19.6   1   1   5.4e-59   4.9e-58  193.1  19.6     5   213    14   227    11   249 0.94 -
NW_025965352.1_RagTag:14161-22498     -            220 28704at314147        -            216   2.3e-57  190.9  16.9   1   1   2.9e-58   2.6e-57  190.7  16.9     4   209    12   218     9   220 0.95 -
NW_025965426.1_RagTag:28176-27310     -            289 28704at314147        -            216   3.7e-56  187.0  19.8   1   1   5.2e-57   4.7e-56  186.6  19.8     6   214     1   216     1   218 0.96 -
NW_025965352.1_RagTag:126922-3758     -            280 28704at314147        -            216   4.5e-56  186.7  11.9   1   1   6.7e-57     6e-56  186.3  11.9    24   213    15   207     1   210 0.96 -
NW_025965426.1_RagTag:121557-76072    -            297 28704at314147        -            216   9.1e-55  182.4  17.3   1   1   1.9e-55   1.7e-54  181.5  17.3     5   213     9   215     6   217 0.94 -
NW_025965426.1_RagTag:16556-60371     -            275 28704at314147        -            216   2.8e-53  177.5  23.4   1   1   4.2e-54   3.8e-53  177.1  23.4    15   212     5   206     1   209 0.94 -
NW_025965426.1_RagTag:108382-38484    -            272 28704at314147        -            216   1.1e-49  165.8   6.6   1   1   1.3e-50   1.1e-49  165.8   6.6     6   213     2   213     1   216 0.92 -
NW_025965352.1_RagTag:27049-26294     -            252 28704at314147        -            216   7.2e-44  146.8   8.5   1   2     8e-45   7.2e-44  146.8   8.5    46   213     1   172     1   175 0.95 -
NW_025965352.1_RagTag:27049-26294     -            252 28704at314147        -            216   7.2e-44  146.8   8.5   2   2       5.8        52    0.2   0.2    50    80   197   228   185   235 0.74 -
NW_025965182.1_RagTag:1844071-1843137 -            311 28704at314147        -            216   1.4e-35  119.7  18.4   1   1   2.4e-36   2.2e-35  119.1  18.4     6   213    12   225     8   227 0.87 -
NW_025965352.1_RagTag:30954-30395     -            179 28704at314147        -            216   1.2e-34  116.7   8.7   1   1   1.5e-35   1.4e-34  116.5   8.7     5   183     3   179     1   179 0.90 -
NW_025965405.1_RagTag:33522-34429     -            302 28704at314147        -            216     2e-32  109.4  20.2   1   1   3.3e-33   2.9e-32  108.9  20.2    11   213    20   226     8   228 0.87 -
NW_025965008.1_RagTag:173476-172598   -            293 28704at314147        -            216   5.8e-32  107.9  20.8   1   1   8.7e-33   7.8e-32  107.5  20.8    11   212    13   218     3   221 0.86 -
contig_57973_pilon:1283-390           -            298 28704at314147        -            216   6.2e-32  107.8  14.5   1   1   9.2e-33   8.3e-32  107.4  14.5     9   213    10   218     2   220 0.88 -
NW_025965057.1_RagTag:7578-6664       -            305 28704at314147        -            216   5.5e-31  104.7  19.1   1   1   8.6e-32   7.7e-31  104.2  19.1    10   213    19   225     8   227 0.87 -
NW_025965101.1_RagTag:63953-64872     -            304 28704at314147        -            216   4.3e-30  101.8  19.3   1   1   4.8e-31   4.3e-30  101.8  19.3     9   211    14   219     5   223 0.86 -
contig_45284_pilon:1194-2101          -            300 28704at314147        -            216   1.1e-29  100.4  20.3   1   1   1.3e-30   1.1e-29  100.4  20.3     9   213    15   220     5   222 0.87 -
NW_025965431.1_RagTag:7750-16805      -            295 28704at314147        -            216   3.5e-29   98.8  16.0   1   1   6.2e-30   5.6e-29   98.1  16.0     8   212    13   215     5   218 0.85 -
NW_025965123.1_RagTag:1731956-1731038 -            302 28704at314147        -            216     3e-28   95.7  21.4   1   1   4.8e-29   4.3e-28   95.2  21.4     5   213    11   221     3   223 0.88 -
NW_025965230.1_RagTag:1052542-1051619 -            308 28704at314147        -            216     3e-28   95.7  17.3   1   1   5.2e-29   4.7e-28   95.1  17.3     5   213    10   225     6   227 0.84 -
NW_025965123.1_RagTag:1869186-1731038 -            276 28704at314147        -            216   4.1e-28   95.3  20.7   1   1   6.8e-29   6.1e-28   94.7  20.7    24   213     2   195     1   197 0.92 -
NW_025965140.1_RagTag:855571-854690   -            294 28704at314147        -            216   5.1e-28   95.0  18.9   1   1   8.3e-29   7.4e-28   94.5  18.9    13   213    18   222     6   224 0.82 -
contig_45575_pilon:1116-2019          -            297 28704at314147        -            216   5.1e-28   95.0  12.3   1   1   8.2e-29   7.4e-28   94.5  12.3    33   213    40   220    33   222 0.92 -
NW_025965581.1_RagTag:2807-3714       -            302 28704at314147        -            216   5.4e-28   94.9  15.5   1   1   7.4e-29   6.7e-28   94.6  15.5     4   213     3   219     1   222 0.87 -
NW_025965203.1_RagTag:474886-475707   -            274 28704at314147        -            216   8.9e-28   94.2  16.0   1   1   1.2e-28     1e-27   94.0  16.0     7   212     2   213     1   217 0.84 -
NW_025965320.1_RagTag:876881-875964   -            306 28704at314147        -            216     1e-27   94.0  21.3   1   1   1.7e-28   1.5e-27   93.5  21.3     9   212    23   230    14   233 0.86 -
contig_23379_pilon:2125-1202          -            308 28704at314147        -            216   1.3e-27   93.7  14.8   1   1     2e-28   1.8e-27   93.2  14.8     5   213    17   232    13   234 0.85 -
NW_025965313.1_RagTag:1712592-1713476 -            270 28704at314147        -            216     2e-27   93.1  16.5   1   1     3e-28   2.7e-27   92.6  16.5    11   185    22   202    10   231 0.83 -
NW_025965320.1_RagTag:837499-836570   -            310 28704at314147        -            216   2.1e-27   93.0  18.5   1   1   3.5e-28   3.2e-27   92.4  18.5     8   212    20   228    13   230 0.85 -
contig_67131_pilon:1213-315           -            299 28704at314147        -            216   2.9e-27   92.5  16.5   1   1   4.8e-28   4.3e-27   92.0  16.5    22   213    31   225    10   228 0.88 -
contig_11065_pilon:1219-299           -            307 28704at314147        -            216   3.1e-27   92.5  16.1   1   1   4.7e-28   4.2e-27   92.0  16.1     3   213    12   229    10   231 0.87 -
NW_025965426.1_RagTag:111411-111983   -            191 28704at314147        -            216   3.5e-27   92.3   6.2   1   1   3.9e-28   3.5e-27   92.3   6.2   103   213     1   112     1   115 0.96 -
NW_025965274.1_RagTag:811-27886       -            297 28704at314147        -            216   4.1e-27   92.0  21.3   1   1   6.8e-28   6.1e-27   91.5  21.3     2   211     5   214     4   219 0.90 -
contig_45643_pilon:1987-1068          -            303 28704at314147        -            216   4.2e-27   92.0  19.6   1   1   7.5e-28   6.8e-27   91.3  19.6     6   212    12   222     8   225 0.85 -
NW_025965250.1_RagTag:33393-32712     -            226 28704at314147        -            216   4.7e-27   91.8  19.7   1   1   6.2e-28   5.5e-27   91.6  19.7     6   196    21   216    17   226 0.87 -
contig_26960_pilon:500-1427           -            307 28704at314147        -            216   5.1e-27   91.7  13.3   1   1   7.8e-28     7e-27   91.3  13.3    11   214    18   223     8   225 0.86 -
NW_025965317.1_RagTag:2638743-2639629 -            295 28704at314147        -            216   6.3e-27   91.4  17.6   1   1   9.4e-28   8.4e-27   91.0  17.6    11   213     3   209     1   211 0.88 -
NW_025965146.1_RagTag:105378-106290   -            297 28704at314147        -            216   9.7e-27   90.8  11.9   1   1   1.6e-27   1.5e-26   90.2  11.9    10   187    15   191     9   218 0.90 -
NW_025965307.1_RagTag:60822-79022     -            238 28704at314147        -            216   1.2e-26   90.5   9.1   1   1   1.7e-27   1.6e-26   90.1   9.1     5   142     9   152     5   190 0.86 -
NW_025965274.1_RagTag:6011-6937       -            309 28704at314147        -            216   1.3e-26   90.5  20.5   1   1   1.9e-27   1.7e-26   90.0  20.5     2   212    11   228    10   232 0.84 -
NW_025965151.1_RagTag:9975-9157       -            273 28704at314147        -            216   1.6e-26   90.1  21.2   1   1   2.8e-27   2.5e-26   89.4  21.2    22   213     4   198     1   200 0.89 -
contig_72712_pilon:614-1506           -            290 28704at314147        -            216   3.8e-26   88.9  22.1   1   1   7.1e-27   6.4e-26   88.1  22.1     5   213     3   211     1   213 0.83 -
contig_75679_pilon:808-1677           -            290 28704at314147        -            216     4e-26   88.8  17.5   1   1   6.7e-27     6e-26   88.2  17.5     9   212    21   228    14   231 0.86 -
contig_36220_pilon:1250-2170          -            307 28704at314147        -            216   6.5e-26   88.1  19.9   1   1   1.1e-26   9.7e-26   87.6  19.9    10   212    19   225    12   228 0.89 -
contig_72985_pilon:1524-2407          -            294 28704at314147        -            216   1.6e-25   86.9  22.9   1   1   2.6e-26   2.3e-25   86.3  22.9    10   213    21   228    11   231 0.85 -
NW_025965305.1_RagTag:1670313-1671218 -            302 28704at314147        -            216   2.5e-25   86.2  18.6   1   1   4.8e-26   4.3e-25   85.4  18.6    13   212    22   226     9   229 0.83 -
contig_27735_pilon:522-1              -            174 28704at314147        -            216   3.9e-25   85.6   9.6   1   1   4.9e-26   4.4e-25   85.4   9.6    12   149    30   171    18   174 0.84 -
NW_025965331.1_RagTag:94459-97447     -            300 28704at314147        -            216   4.5e-25   85.4   8.8   1   1   7.3e-26   6.5e-25   84.8   8.8     4   192    11   210     9   232 0.86 -
NW_025965146.1_RagTag:98922-98007     -            292 28704at314147        -            216   5.7e-25   85.0  21.1   1   1   5.7e-25   5.1e-24   81.9  21.1    12   210    20   208     7   212 0.83 -
NW_025965258.1_RagTag:3889-4797       -            303 28704at314147        -            216     2e-24   83.3  18.1   1   1     3e-25   2.7e-24   82.8  18.1     4   213     6   222     3   224 0.87 -
NW_025965123.1_RagTag:1827926-1828828 -            301 28704at314147        -            216   2.4e-24   83.0  16.9   1   1   4.6e-25   4.1e-24   82.2  16.9    13   210    19   220     5   224 0.83 -
contig_68255_pilon:881-34             -            255 28704at314147        -            216   2.6e-24   82.9  14.7   1   2   1.1e-19   9.7e-19   64.7   6.7    12   123    17   129     5   134 0.86 -
contig_68255_pilon:881-34             -            255 28704at314147        -            216   2.6e-24   82.9  14.7   2   2   5.5e-07   4.9e-06   23.1   1.6   151   213   136   198   125   200 0.84 -
contig_44821_pilon:519-29             -            162 28704at314147        -            216   3.4e-24   82.5  10.2   1   1     4e-25   3.6e-24   82.4  10.2    17   129     3   116     1   160 0.86 -
contig_48637_pilon:1314-422           -            295 28704at314147        -            216   3.7e-24   82.4  19.3   1   1   5.7e-25   5.1e-24   81.9  19.3     6   212     8   220     4   223 0.83 -
NW_025965123.1_RagTag:1720466-1719549 -            306 28704at314147        -            216     4e-24   82.3  24.9   1   1   7.5e-25   6.8e-24   81.5  24.9    10   212    15   220     5   223 0.86 -
contig_19055_pilon:1664-777           -            283 28704at314147        -            216   4.7e-24   82.0  21.3   1   1   6.8e-25   6.1e-24   81.7  21.3     6   213     2   202     1   205 0.85 -
NW_025965431.1_RagTag:38801-37884     -            306 28704at314147        -            216     5e-24   82.0  18.0   1   1   7.8e-25     7e-24   81.5  18.0     6   211    12   224     7   228 0.80 -
contig_56588_pilon:2334-1507          -            276 28704at314147        -            216   6.3e-24   81.6  19.0   1   1   9.3e-25   8.3e-24   81.2  19.0    30   213     2   189     1   192 0.86 -
contig_9927_pilon:1816-953            -            288 28704at314147        -            216   6.6e-24   81.6  17.2   1   1   9.8e-25   8.8e-24   81.1  17.2    13   213     7   211     2   214 0.86 -
NW_025965223.1_RagTag:142410-141492   -            298 28704at314147        -            216   9.9e-24   81.0  25.9   1   1   1.6e-24   1.5e-23   80.4  25.9     6   213     8   222     4   224 0.91 -
NW_025965331.1_RagTag:92475-91708     -            254 28704at314147        -            216     1e-23   80.9   7.9   1   1   1.9e-24   1.7e-23   80.2   7.9    46   212     3   172     1   175 0.84 -
NW_025965305.1_RagTag:1702994-1703565 -            179 28704at314147        -            216   1.1e-23   80.9  12.7   1   1     2e-24   1.8e-23   80.2  12.7    13   127    14   131     1   177 0.79 -
contig_59306_pilon:1366-2256          -            283 28704at314147        -            216   1.2e-23   80.7  12.1   1   1   1.9e-24   1.7e-23   80.2  12.1     5   181     7   188     3   209 0.84 -
contig_30879_pilon:3555-2655          -            294 28704at314147        -            216   1.3e-23   80.6  16.3   1   1     2e-24   1.8e-23   80.1  16.3     7   213     9   216     4   218 0.84 -
NW_025965320.1_RagTag:897952-897120   -            271 28704at314147        -            216   1.9e-23   80.1  17.6   1   1   2.9e-24   2.6e-23   79.6  17.6    22   213     2   191     1   193 0.85 -
NW_025965054.1_RagTag:8390-7841       -            181 28704at314147        -            216   2.1e-23   79.9   5.1   1   1   2.9e-24   2.6e-23   79.6   5.1    13   166    19   176     7   179 0.84 -
contig_70120_pilon:672-1559           -            296 28704at314147        -            216   2.5e-23   79.7  14.9   1   1   4.1e-24   3.7e-23   79.1  14.9    21   210    19   212     1   217 0.80 -
NW_025965138.1_RagTag:13922-13067     -            279 28704at314147        -            216   3.4e-23   79.2  18.4   1   1   5.4e-24   4.9e-23   78.7  18.4    11   210     4   207     1   211 0.84 -
NW_025965313.1_RagTag:22528-23444     -            288 28704at314147        -            216   3.8e-23   79.1  19.2   1   1   6.8e-24   6.1e-23   78.4  19.2     8   211    17   207     8   211 0.79 -
NW_025965324.1_RagTag:3944201-3943282 -            303 28704at314147        -            216   5.6e-23   78.5  20.2   1   1   8.8e-24   7.9e-23   78.0  20.2     5   213    14   229    10   231 0.79 -
NW_025965080.1_RagTag:593575-594468   -            298 28704at314147        -            216   6.8e-23   78.2  13.9   1   1   1.1e-23     1e-22   77.7  13.9    10   199    16   215     4   223 0.81 -
NW_025965233.1_RagTag:206241-207158   -            306 28704at314147        -            216   9.5e-23   77.8  18.1   1   1   1.7e-23   1.5e-22   77.1  18.1     6   212    10   224     5   226 0.85 -
NW_025965182.1_RagTag:1860922-1885787 -            159 28704at314147        -            216   1.2e-22   77.5   8.6   1   1   1.5e-23   1.4e-22   77.2   8.6    18   126    28   139     8   152 0.84 -
NW_025965008.1_RagTag:160459-161301   -            281 28704at314147        -            216   1.2e-22   77.5  19.7   1   2   1.3e-23   1.2e-22   77.5  19.7    31   213    13   199     2   201 0.81 -
NW_025965008.1_RagTag:160459-161301   -            281 28704at314147        -            216   1.2e-22   77.5  19.7   2   2       7.3        66   -0.1   0.2    83   121   222   264   214   270 0.76 -
NW_025965320.1_RagTag:846012-845268   -            185 28704at314147        -            216   1.3e-22   77.3  14.3   1   2     3e-23   2.7e-22   76.3   8.2     7   127     2   128     1   130 0.86 -
NW_025965320.1_RagTag:846012-845268   -            185 28704at314147        -            216   1.3e-22   77.3  14.3   2   2     0.089       0.8    6.1   0.3   153   186   128   162   127   180 0.78 -
contig_30302_pilon:2184-1274          -            299 28704at314147        -            216   2.3e-22   76.5  17.8   1   1   3.6e-23   3.3e-22   76.0  17.8    22   208    33   220     8   227 0.78 -
NW_025965313.1_RagTag:1681168-1681572 -            135 28704at314147        -            216   3.1e-22   76.1   6.7   1   1     4e-23   3.6e-22   75.9   6.7     6   124     8   132     4   135 0.91 -
contig_14807_pilon:1454-642           -            271 28704at314147        -            216     4e-22   75.7  14.1   1   1   6.2e-23   5.6e-22   75.3  14.1    22   213     1   196     1   198 0.84 -
NW_025965008.1_RagTag:228249-247573   -            282 28704at314147        -            216   4.1e-22   75.7  17.1   1   1   6.9e-23   6.2e-22   75.1  17.1    11   213    11   218     2   221 0.78 -
NW_025965101.1_RagTag:53709-52805     -            300 28704at314147        -            216   8.8e-22   74.6  18.0   1   1   1.4e-22   1.3e-21   74.1  18.0    20   211    26   221    10   224 0.86 -
NW_025965123.1_RagTag:1769472-1879484 -            291 28704at314147        -            216   1.4e-21   73.9  14.0   1   1   2.4e-22   2.2e-21   73.3  14.0     6   213     8   222     4   224 0.90 -
NW_025965080.1_RagTag:595446-596340   -            298 28704at314147        -            216     2e-21   73.4  19.6   1   1   3.2e-22   2.9e-21   72.9  19.6    10   210    17   221     7   226 0.79 -
NW_025965315.1_RagTag:2528403-2529299 -            299 28704at314147        -            216   2.1e-21   73.4  20.6   1   1   4.3e-22   3.8e-21   72.5  20.6    13   212    20   223     6   226 0.86 -
contig_19626_pilon:1309-2237          -            309 28704at314147        -            216   3.5e-21   72.7  22.9   1   1   5.3e-22   4.7e-21   72.2  22.9     8   213    19   227    10   230 0.84 -
NW_025965313.1_RagTag:1671318-1670390 -            304 28704at314147        -            216   1.1e-20   71.1  22.2   1   1   1.8e-21   1.6e-20   70.5  22.2     9   212    21   222    11   226 0.82 -
NW_025965407.1_RagTag:8729-7857       -            291 28704at314147        -            216   1.2e-20   70.9  19.6   1   1   1.8e-21   1.6e-20   70.5  19.6     6   213     8   222     4   224 0.78 -
NW_025965203.1_RagTag:477586-478475   -            283 28704at314147        -            216   1.6e-20   70.5  14.6   1   1   2.7e-21   2.4e-20   69.9  14.6    25   208    14   197     9   204 0.82 -
NW_025965054.1_RagTag:13483-18609     -            293 28704at314147        -            216   1.7e-20   70.4  12.3   1   1   5.5e-21   4.9e-20   68.9  12.3     6   213    10   214     5   217 0.87 -
NW_025965008.1_RagTag:218801-229417   -            293 28704at314147        -            216     2e-20   70.2  14.9   1   1   3.2e-21   2.9e-20   69.7  14.9    18   212    17   219     3   223 0.79 -
NW_025965305.1_RagTag:1667672-1666791 -            294 28704at314147        -            216   3.4e-20   69.4  13.2   1   1   5.4e-21   4.9e-20   68.9  13.2    16   212    25   225    10   229 0.78 -
contig_79807_pilon:426-37             -            130 28704at314147        -            216   3.6e-20   69.3   3.3   1   1   4.5e-21   4.1e-20   69.2   3.3     4   120     8   130     5   130 0.87 -
contig_16391_pilon:1986-1069          -            306 28704at314147        -            216     1e-19   67.9  22.0   1   1   1.7e-20   1.5e-19   67.3  22.0     6   212    12   225     8   229 0.84 -
NW_025965274.1_RagTag:34846-34298     -            173 28704at314147        -            216   1.5e-19   67.4   8.0   1   1   1.9e-20   1.7e-19   67.2   8.0     6   146     5   154     2   173 0.77 -
NW_025965235.1_RagTag:62953-62088     -            287 28704at314147        -            216   1.8e-19   67.1  14.5   1   1   2.8e-20   2.5e-19   66.6  14.5     4   212    13   226    10   229 0.79 -
NW_025965313.1_RagTag:68347-68841     -            165 28704at314147        -            216   1.9e-19   67.0  15.6   1   1   2.4e-20   2.1e-19   66.8  15.6     8   150    13   158     4   165 0.84 -
NW_025965256.1_RagTag:10414-9622      -            246 28704at314147        -            216   1.9e-19   67.0  14.6   1   2   2.1e-18   1.9e-17   60.4   3.1     8   123    13   124     4   133 0.81 -
NW_025965256.1_RagTag:10414-9622      -            246 28704at314147        -            216   1.9e-19   67.0  14.6   2   2    0.0013     0.011   12.1   3.8   158   213   148   203   137   206 0.79 -
NW_025965008.1_RagTag:225287-176711   -            293 28704at314147        -            216     2e-19   66.9  20.4   1   1     3e-20   2.7e-19   66.5  20.4    14   212    25   224    12   228 0.82 -
NW_025965235.1_RagTag:64724-63826     -            298 28704at314147        -            216   2.1e-19   66.8  14.0   1   1   3.1e-20   2.8e-19   66.4  14.0     6   193     5   195     1   219 0.74 -
NW_025965008.1_RagTag:199898-198979   -            304 28704at314147        -            216   2.2e-19   66.8  24.7   1   1   3.4e-20     3e-19   66.3  24.7    10   212    19   224     8   227 0.81 -
contig_78135_pilon:1576-679           -            269 28704at314147        -            216   2.2e-19   66.8  14.9   1   1   3.6e-20   3.2e-19   66.2  14.9    43   213    25   192    20   195 0.83 -
NW_025965140.1_RagTag:1050730-1049929 -            265 28704at314147        -            216   2.9e-19   66.4  13.0   1   1   5.2e-20   4.7e-19   65.7  13.0    32   213     1   184     1   187 0.82 -
NW_025965313.1_RagTag:2-724           -            241 28704at314147        -            216   8.7e-19   64.8  15.1   1   1   1.3e-19   1.2e-18   64.4  15.1    61   212     3   158     1   161 0.81 -
NW_025965023.1_RagTag:896670-897431   -            243 28704at314147        -            216   2.6e-18   63.3   8.3   1   1   4.6e-19   4.1e-18   62.6   8.3    46   167     2   126     1   144 0.92 -
NW_025965313.1_RagTag:9601-75835      -            287 28704at314147        -            216   3.5e-18   62.8  16.2   1   2   6.5e-06   5.9e-05   19.6   1.2    12    54    25    66    11    73 0.74 -
NW_025965313.1_RagTag:9601-75835      -            287 28704at314147        -            216   3.5e-18   62.8  16.2   2   2     1e-14   9.4e-14   48.4   8.0    81   186    71   177    66   187 0.86 -
NW_025965123.1_RagTag:1788531-1706789 -            303 28704at314147        -            216     7e-18   61.9  18.6   1   1   1.1e-18     1e-17   61.3  18.6    11   211    20   222    11   226 0.84 -
NW_025965008.1_RagTag:181569-177125   -            147 28704at314147        -            216   1.6e-17   60.7   9.6   1   1     2e-18   1.8e-17   60.5   9.6     9   145    10   143     2   147 0.81 -
NW_025965331.1_RagTag:96699-97271     -            191 28704at314147        -            216     2e-17   60.4  11.9   1   1   2.8e-18   2.5e-17   60.1  11.9    53   214     1   167     1   168 0.79 -
NW_025965341.1_RagTag:127633-126742   -            294 28704at314147        -            216   2.3e-17   60.2  20.7   1   1   2.6e-18   2.3e-17   60.2  20.7    21   212    21   214     2   217 0.82 -
NW_025965313.1_RagTag:1751145-1728168 -            287 28704at314147        -            216   2.3e-17   60.2  19.0   1   1   3.9e-18   3.5e-17   59.6  19.0    12   212     5   204     1   207 0.89 -
contig_31446_pilon:644-132            -            171 28704at314147        -            216   2.9e-17   59.8   5.7   1   1   3.9e-18   3.5e-17   59.6   5.7     7   131    13   143     8   161 0.82 -
NW_025965341.1_RagTag:127666-127124   -            181 28704at314147        -            216   3.2e-17   59.7   5.2   1   1   4.3e-18   3.9e-17   59.4   5.2    19   132    30   147    10   158 0.83 -
NW_025965008.1_RagTag:210078-198964   -            288 28704at314147        -            216   4.8e-17   59.1  26.4   1   1   7.7e-18   6.9e-17   58.6  26.4    13   212     7   203     2   206 0.81 -
NW_025965123.1_RagTag:1940490-1854707 -            289 28704at314147        -            216   5.5e-17   58.9  17.2   1   1   1.2e-17   1.1e-16   58.0  17.2    11   209    17   210     5   214 0.76 -
NW_025965123.1_RagTag:1869189-1816571 -            234 28704at314147        -            216   7.5e-17   58.5  14.8   1   2   2.4e-16   2.1e-15   53.7   4.8    22   115     1    97     1   103 0.92 -
NW_025965123.1_RagTag:1869189-1816571 -            234 28704at314147        -            216   7.5e-17   58.5  14.8   2   2    0.0015     0.014   11.9   3.9   143   210    94   162    94   166 0.85 -
NW_025965636.1_RagTag:15132-17830     -            286 28704at314147        -            216   8.5e-17   58.3  22.7   1   1   1.6e-17   1.4e-16   57.6  22.7    11   209    20   208     7   213 0.74 -
NW_025965123.1_RagTag:1772589-1841402 -            162 28704at314147        -            216   9.5e-17   58.2   7.4   1   1   1.4e-17   1.2e-16   57.8   7.4     9   128    14   136     5   145 0.76 -
NW_025965008.1_RagTag:225269-189566   -            296 28704at314147        -            216   1.1e-16   58.0  22.8   1   1     2e-17   1.8e-16   57.3  22.8    14   212    19   215     6   218 0.78 -
NW_025965123.1_RagTag:1766606-1879490 -            190 28704at314147        -            216   2.9e-16   56.6   8.6   1   1   4.8e-17   4.4e-16   56.0   8.6   100   212     8   121     3   125 0.93 -
NW_025965182.1_RagTag:1830128-1829427 -            234 28704at314147        -            216   5.6e-16   55.6   8.6   1   1   8.5e-17   7.6e-16   55.2   8.6    67   212     3   152     1   155 0.82 -
contig_17327_pilon:1299-559           -            247 28704at314147        -            216   8.1e-16   55.1  13.8   1   1   1.4e-16   1.3e-15   54.5  13.8    52   210     1   164     1   169 0.80 -
contig_32555_pilon:2224-1308          -            296 28704at314147        -            216   1.8e-15   54.0   5.5   1   2   8.8e-12   7.9e-11   38.8   0.5     5    71    10    79     6    89 0.91 -
contig_32555_pilon:2224-1308          -            296 28704at314147        -            216   1.8e-15   54.0   5.5   2   2   2.5e-05   0.00023   17.7   0.5   159   213   163   217   155   220 0.87 -
NW_025965151.1_RagTag:2673-33201      -            281 28704at314147        -            216   2.7e-15   53.4  17.8   1   2   2.9e-14   2.6e-13   46.9   8.0     5   111    11   123     6   125 0.82 -
NW_025965151.1_RagTag:2673-33201      -            281 28704at314147        -            216   2.7e-15   53.4  17.8   2   2    0.0028     0.025   11.0   5.1   133   213   106   187   104   189 0.86 -
NW_025965574.1_RagTag:1187-283        -            293 28704at314147        -            216     3e-15   53.2  19.8   1   1   7.1e-16   6.4e-15   52.2  19.3     8   198    13   197     6   218 0.74 -
NW_025965101.1_RagTag:83096-84008     -            304 28704at314147        -            216   4.7e-15   52.6  10.7   1   2   2.8e-11   2.5e-10   37.2   1.9     5    74     7    79     3    98 0.92 -
NW_025965101.1_RagTag:83096-84008     -            304 28704at314147        -            216   4.7e-15   52.6  10.7   2   2   3.8e-06   3.4e-05   20.4   1.8   152   213   159   221   137   224 0.83 -
NW_025965054.1_RagTag:17698-18048     -            117 28704at314147        -            216   6.1e-15   52.2   5.4   1   1     8e-16   7.1e-15   52.0   5.4     6   107    10   117     6   117 0.89 -
NW_025965307.1_RagTag:101333-100668   -            222 28704at314147        -            216   3.5e-14   49.8   6.0   1   1   5.5e-15     5e-14   49.3   6.0    86   213     6   134     2   136 0.88 -
NW_025965123.1_RagTag:1952050-1951388 -            221 28704at314147        -            216   5.3e-14   49.2   9.7   1   1   9.6e-15   8.6e-14   48.5   9.7    78   209    10   142     3   147 0.80 -
NW_025965274.1_RagTag:8608-9171       -            188 28704at314147        -            216   8.3e-14   48.5  14.0   1   1   1.1e-14   9.5e-14   48.4  14.0     4   176    10   188     7   188 0.86 -
NW_025965306.1_RagTag:21642-22396     -            241 28704at314147        -            216   1.5e-13   47.7  13.4   1   1   4.1e-14   3.7e-13   46.4  13.4    46   212     2   161     1   165 0.76 -
NW_025965182.1_RagTag:1844038-1843763 -             92 28704at314147        -            216   4.3e-13   46.2   2.2   1   1     5e-14   4.4e-13   46.2   2.2     8    91     3    92     1    92 0.75 -
contig_38642_pilon:2275-1692          -            193 28704at314147        -            216   1.1e-12   44.9   6.3   1   1   2.3e-13   2.1e-12   44.0   6.3   100   212     5   118     3   121 0.80 -
NW_025965161.1_RagTag:669574-679032   -            309 28704at314147        -            216   6.5e-12   42.4  19.0   1   1   1.2e-12     1e-11   41.7  19.0    10   212    19   229    11   232 0.74 -
contig_30302_pilon:2172-1870          -            101 28704at314147        -            216   9.6e-12   41.8   2.0   1   1   1.2e-12     1e-11   41.7   2.0    21    91    28   101     4   101 0.82 -
NW_025965161.1_RagTag:680649-681285   -            175 28704at314147        -            216     1e-11   41.7   2.8   1   2   1.2e-12     1e-11   41.7   2.8    48   131     4    90     1   100 0.84 -
NW_025965161.1_RagTag:680649-681285   -            175 28704at314147        -            216     1e-11   41.7   2.8   2   2       2.9        26    1.2   0.8   175   213    99   137    91   139 0.83 -
NW_025965470.1_RagTag:892-166         -            167 28704at314147        -            216   1.1e-11   41.7   4.7   1   1   5.2e-12   4.7e-11   39.6   4.7    52   125     1    77     1   148 0.92 -
NW_025965149.1_RagTag:1693233-1693789 -            185 28704at314147        -            216   4.5e-11   39.6   6.6   1   1   7.7e-12   6.9e-11   39.0   6.6   112   213     1   102     1   104 0.85 -
NW_025965161.1_RagTag:680661-681407   -            220 28704at314147        -            216   3.2e-10   36.8   7.5   1   1   7.7e-11   6.9e-10   35.7   7.5    49   136     1    90     1   147 0.85 -
NW_025965331.1_RagTag:109567-117574   -            280 28704at314147        -            216   4.9e-10   36.2  14.3   1   1   1.1e-08     1e-07   28.7  14.3    21   213    26   199     5   201 0.72 -
NW_025965151.1_RagTag:3060-3590       -            177 28704at314147        -            216   5.1e-10   36.2   2.8   1   1   9.7e-11   8.7e-10   35.4   2.8   117   213     1    98     1   100 0.88 -
NW_025965431.1_RagTag:8043-8571       -            175 28704at314147        -            216   7.5e-10   35.6  11.8   1   1   8.3e-11   7.5e-10   35.6  11.8    90   212     1   123     1   127 0.77 -
NW_025965054.1_RagTag:13790-14404     -            191 28704at314147        -            216   9.4e-10   35.3   2.1   1   1   2.4e-10   2.2e-09   34.1   2.1    99   213     7   109     2   111 0.75 -
NW_025965418.1_RagTag:2485-3065       -            193 28704at314147        -            216   3.5e-09   33.4   2.9   1   1   6.2e-10   5.5e-09   32.8   2.9   103   212     2   111     1   114 0.84 -
contig_46898_pilon:738-1104           -            111 28704at314147        -            216     1e-08   31.9   7.2   1   1   3.3e-09   2.9e-08   30.4   7.2    24   138     2   107     1   110 0.85 -
NW_025965161.1_RagTag:422252-421546   -            235 28704at314147        -            216   1.6e-08   31.2   4.2   1   1   1.8e-09   1.6e-08   31.2   4.2    16   121    38   147    31   183 0.87 -
NW_025965251.1_RagTag:397243-396598   -            189 28704at314147        -            216   5.6e-07   26.2   0.4   1   1   1.2e-07   1.1e-06   25.3   0.1    80   180     3   105     1   117 0.77 -
NW_025965307.1_RagTag:989108-990586   -            493 28704at314147        -            216   8.9e-07   25.6   8.6   1   1   1.9e-07   1.7e-06   24.6   8.6    26   157    24   157     8   195 0.72 -
contig_17158_pilon:2161-1615          -            179 28704at314147        -            216   1.1e-06   25.3   6.4   1   1   1.2e-07   1.1e-06   25.3   6.4   116   213     3   101     1   103 0.91 -
NW_025965148.1_RagTag:252022-250949   -            288 28704at314147        -            216   3.5e-06   23.6   8.7   1   1   5.1e-07   4.6e-06   23.2   8.7    19   149    49   181    30   221 0.75 -
NW_025965636.1_RagTag:17268-17845     -            185 28704at314147        -            216   6.1e-06   22.8  11.4   1   1   1.2e-06   1.1e-05   22.0  11.4   102   209     2   102     1   108 0.71 -
NW_025965256.1_RagTag:1112205-1111162 -            348 28704at314147        -            216   7.6e-06   22.5   4.4   1   1   8.4e-07   7.6e-06   22.5   4.4    19   139    30   152    22   176 0.80 -
NW_025965323.1_RagTag:1329524-1328619 -            302 28704at314147        -            216   1.1e-05   22.1   5.2   1   1     2e-06   1.8e-05   21.3   5.2    27   131     3   110     1   146 0.75 -
NW_025965277.1_RagTag:1826576-1826301 -             92 28704at314147        -            216   2.8e-05   20.7   5.3   1   1   3.4e-06     3e-05   20.6   5.3    26   110     5    92     1    92 0.81 -
NW_025965313.1_RagTag:1670832-1670387 -            148 28704at314147        -            216   0.00073   16.0   6.7   1   1   0.00014    0.0012   15.3   6.7   151   213     4    66     1    68 0.86 -
NW_025965405.1_RagTag:2503-2910       -            136 28704at314147        -            216    0.0023   14.4   0.5   1   2   0.00026    0.0023   14.4   0.5   159   211     3    55     1    59 0.89 -
NW_025965405.1_RagTag:2503-2910       -            136 28704at314147        -            216    0.0023   14.4   0.5   2   2       3.8        34    0.8   0.4   180   210    58    88    51    92 0.79 -
NW_025965131.1_RagTag:183-786         -            196 28704at314147        -            216    0.0057   13.1   1.2   1   2   0.00063    0.0057   13.1   1.2    90   127     1    38     1    50 0.88 -
NW_025965131.1_RagTag:183-786         -            196 28704at314147        -            216    0.0057   13.1   1.2   2   2      0.69       6.2    3.2   4.8    46   124    70   146    41   185 0.71 -
#
# Program:         hmmsearch
# Version:         3.1b2 (February 2015)
# Pipeline mode:   SEARCH
# Query file:      /home/bgerda/guppy_SUP/busco_downloads/lineages/glires_odb10/hmms/28704at314147.hmm
# Target file:     /home/bgerda/guppy_SUP/busco_results/run_glires_odb10/metaeuk_output/rerun_results/ragtag.scaffold.fasta.modified.fas
# Option settings: hmmsearch --domtblout /home/bgerda/guppy_SUP/busco_results/run_glires_odb10/hmmer_output/rerun_results/28704at314147.out --cpu 1 /home/bgerda/guppy_SUP/busco_downloads/lineages/glires_odb10/hmms/28704at314147.hmm /home/bgerda/guppy_SUP/busco_results/run_glires_odb10/metaeuk_output/rerun_results/ragtag.scaffold.fasta.modified.fas 
# Current dir:     /home/bgerda/guppy_SUP
# Date:            Sun May 21 15:29:17 2023
# [ok]
