#                                                                                             --- full sequence --- -------------- this domain -------------   hmm coord   ali coord   env coord
# target name                         accession   tlen query name           accession   qlen   E-value  score  bias   #  of  c-Evalue  i-Evalue  score  bias  from    to  from    to  from    to  acc description of target
#                 ------------------- ---------- ----- -------------------- ---------- ----- --------- ------ ----- --- --- --------- --------- ------ ----- ----- ----- ----- ----- ----- ----- ---- ---------------------
NW_025965259.1_RagTag:106045-105034   -            229 30764at314147        -            252   8.8e-07   25.1  20.7   1   2   1.1e-08   5.1e-06   22.6   6.4    95   190    20   119     2   126 0.68 -
NW_025965259.1_RagTag:106045-105034   -            229 30764at314147        -            252   8.8e-07   25.1  20.7   2   2   0.00077      0.36    6.7   7.3   157   192   136   169   123   175 0.80 -
NW_025965324.1_RagTag:2609398-2601381 -            228 30764at314147        -            252    0.0014   14.6   6.7   1   4    0.0018      0.85    5.5   6.1   154   191    27    64    20    68 0.77 -
NW_025965324.1_RagTag:2609398-2601381 -            228 30764at314147        -            252    0.0014   14.6   6.7   2   4   0.00056      0.26    7.2   8.1   153   195    67   107    63   113 0.89 -
NW_025965324.1_RagTag:2609398-2601381 -            228 30764at314147        -            252    0.0014   14.6   6.7   3   4      0.17        80   -0.9   2.4   160   184   116   138   108   150 0.69 -
NW_025965324.1_RagTag:2609398-2601381 -            228 30764at314147        -            252    0.0014   14.6   6.7   4   4     3e-06    0.0014   14.6   6.7   146   185   144   182   140   194 0.82 -
NW_025965324.1_RagTag:2614947-2595004 -            377 30764at314147        -            252     0.055    9.4  24.6   1   2   8.4e-05     0.039    9.9   6.1   154   192     5    41     1    44 0.86 -
NW_025965324.1_RagTag:2614947-2595004 -            377 30764at314147        -            252     0.055    9.4  24.6   2   2    0.0042         2    4.3  12.7   153   206    43    94    39   139 0.64 -
#
# Program:         hmmsearch
# Version:         3.1b2 (February 2015)
# Pipeline mode:   SEARCH
# Query file:      /home/bgerda/guppy_SUP/busco_downloads/lineages/glires_odb10/hmms/30764at314147.hmm
# Target file:     /home/bgerda/guppy_SUP/busco_results/run_glires_odb10/metaeuk_output/rerun_results/ragtag.scaffold.fasta.modified.fas
# Option settings: hmmsearch --domtblout /home/bgerda/guppy_SUP/busco_results/run_glires_odb10/hmmer_output/rerun_results/30764at314147.out --cpu 1 /home/bgerda/guppy_SUP/busco_downloads/lineages/glires_odb10/hmms/30764at314147.hmm /home/bgerda/guppy_SUP/busco_results/run_glires_odb10/metaeuk_output/rerun_results/ragtag.scaffold.fasta.modified.fas 
# Current dir:     /home/bgerda/guppy_SUP
# Date:            Sun May 21 15:29:10 2023
# [ok]
