#                                                                                             --- full sequence --- -------------- this domain -------------   hmm coord   ali coord   env coord
# target name                         accession   tlen query name           accession   qlen   E-value  score  bias   #  of  c-Evalue  i-Evalue  score  bias  from    to  from    to  from    to  acc description of target
#                 ------------------- ---------- ----- -------------------- ---------- ----- --------- ------ ----- --- --- --------- --------- ------ ----- ----- ----- ----- ----- ----- ----- ---- ---------------------
NW_025965319.1_RagTag:4372733-4372377 -            119 3264at314147         -           1489   4.5e-06   20.9   0.6   1   1   2.8e-08     5e-06   20.8   0.6   254   338     1    83     1    93 0.84 -
contig_4568_pilon:1337-1579           -             81 3264at314147         -           1489   1.7e-05   19.0   1.3   1   1   9.7e-08   1.7e-05   19.0   1.3   255   305     1    51     1    72 0.79 -
contig_50121_pilon:804-1229           -            142 3264at314147         -           1489   3.9e-05   17.8   1.8   1   1   2.6e-07   4.5e-05   17.6   1.8   257   320     1    62     1    82 0.86 -
NW_025965314.1_RagTag:624247-623562   -            157 3264at314147         -           1489   0.00015   15.9   1.7   1   1   9.5e-07   0.00017   15.7   1.7   255   299    19    61     3    80 0.86 -
contig_56548_pilon:302-1216           -            305 3264at314147         -           1489    0.0015   12.6   0.1   1   1   1.1e-05     0.002   12.1   0.1   148   194   235   282   228   286 0.83 -
NW_025965309.1_RagTag:3490785-3490423 -            121 3264at314147         -           1489    0.0045   11.0   1.3   1   1   2.8e-05    0.0049   10.8   1.3   257   299    63   109    42   114 0.74 -
contig_28304_pilon:2124-1226          -            294 3264at314147         -           1489     0.017    9.1   0.2   1   1   0.00012     0.022    8.7   0.2   148   177   224   253   218   282 0.88 -
NW_025965322.1_RagTag:1301223-1302032 -            270 3264at314147         -           1489     0.018    9.0   0.7   1   1   0.00013     0.022    8.7   0.7   252   287     5    39     2    67 0.89 -
#
# Program:         hmmsearch
# Version:         3.1b2 (February 2015)
# Pipeline mode:   SEARCH
# Query file:      /home/bgerda/guppy_SUP/busco_downloads/lineages/glires_odb10/hmms/3264at314147.hmm
# Target file:     /home/bgerda/guppy_SUP/busco_results/run_glires_odb10/metaeuk_output/rerun_results/ragtag.scaffold.fasta.modified.fas
# Option settings: hmmsearch --domtblout /home/bgerda/guppy_SUP/busco_results/run_glires_odb10/hmmer_output/rerun_results/3264at314147.out --cpu 1 /home/bgerda/guppy_SUP/busco_downloads/lineages/glires_odb10/hmms/3264at314147.hmm /home/bgerda/guppy_SUP/busco_results/run_glires_odb10/metaeuk_output/rerun_results/ragtag.scaffold.fasta.modified.fas 
# Current dir:     /home/bgerda/guppy_SUP
# Date:            Sun May 21 15:29:18 2023
# [ok]
