#                                                                                             --- full sequence --- -------------- this domain -------------   hmm coord   ali coord   env coord
# target name                         accession   tlen query name           accession   qlen   E-value  score  bias   #  of  c-Evalue  i-Evalue  score  bias  from    to  from    to  from    to  acc description of target
#                 ------------------- ---------- ----- -------------------- ---------- ----- --------- ------ ----- --- --- --------- --------- ------ ----- ----- ----- ----- ----- ----- ----- ---- ---------------------
NW_025965072.1_RagTag:27338-112864    -            265 34836at314147        -            212   2.5e-34  115.0   0.0   1   2   4.3e-07   3.6e-05   19.8   0.1    12    51     8    52     2    56 0.85 -
NW_025965072.1_RagTag:27338-112864    -            265 34836at314147        -            212   2.5e-34  115.0   0.0   2   2   1.4e-29   1.2e-27   93.2   0.0    57   207   110   265    87   265 0.92 -
NW_025965321.1_RagTag:3253428-3256437 -            206 34836at314147        -            212   4.9e-27   91.2  13.9   1   2   2.7e-08   2.2e-06   23.7   0.8    25    53     1    34     1    50 0.80 -
NW_025965321.1_RagTag:3253428-3256437 -            206 34836at314147        -            212   4.9e-27   91.2  13.9   2   2     4e-20   3.3e-18   62.3   6.4    56   209    61   203    50   206 0.81 -
NW_025965247.1_RagTag:41362-43215     -            191 34836at314147        -            212   6.2e-27   90.8   0.1   1   1   9.4e-29   7.8e-27   90.5   0.1    52   208    23   186    11   189 0.87 -
NW_025965072.1_RagTag:27867-28443     -            138 34836at314147        -            212   1.1e-22   76.9   0.2   1   1   1.5e-24   1.2e-22   76.8   0.2    88   211     9   133     1   134 0.89 -
NW_025965183.1_RagTag:84364-82116     -            220 34836at314147        -            212   9.7e-22   73.9   3.0   1   2     2e-08   1.7e-06   24.1   0.2    14    57    11    59     5    70 0.79 -
NW_025965183.1_RagTag:84364-82116     -            220 34836at314147        -            212   9.7e-22   73.9   3.0   2   2   1.8e-16   1.5e-14   50.4   0.2    56   187    82   212    66   217 0.84 -
NW_025965096.1_RagTag:921-4155        -            203 34836at314147        -            212   1.4e-20   70.0   0.0   1   1     2e-22   1.7e-20   69.8   0.0    15   201    14   203     3   203 0.83 -
contig_68092_pilon:984-2666           -            284 34836at314147        -            212   1.3e-19   66.9   0.0   1   2   8.3e-06   0.00069   15.5   0.0     9    51    38    83    32    96 0.83 -
contig_68092_pilon:984-2666           -            284 34836at314147        -            212   1.3e-19   66.9   0.0   2   2   3.3e-16   2.8e-14   49.5   0.0    57   209   116   278   107   281 0.83 -
NW_025965412.1_RagTag:89944-87110     -            291 34836at314147        -            212   1.3e-16   57.1   0.0   1   1   2.6e-18   2.1e-16   56.4   0.0    11   163   105   260    97   267 0.85 -
NW_025965367.1_RagTag:128775-126432   -            360 34836at314147        -            212   1.6e-16   56.8   0.0   1   2   3.7e-05     0.003   13.4   0.0    12    75   172   232   167   257 0.70 -
NW_025965367.1_RagTag:128775-126432   -            360 34836at314147        -            212   1.6e-16   56.8   0.0   2   2   1.1e-13     9e-12   41.3   0.0    59   153   256   360   247   360 0.83 -
NW_025965367.1_RagTag:127549-126432   -            156 34836at314147        -            212   3.7e-13   45.8   0.0   1   2     0.024         2    4.3   0.0    36    53    14    34     9    43 0.87 -
NW_025965367.1_RagTag:127549-126432   -            156 34836at314147        -            212   3.7e-13   45.8   0.0   2   2   3.2e-13   2.6e-11   39.8   0.0    59   153    61   156    51   156 0.87 -
NW_025965323.1_RagTag:1818124-1817311 -            141 34836at314147        -            212   1.4e-12   43.9   0.1   1   2   1.6e-10   1.3e-08   31.0   0.1     4    51    15    66    12    81 0.88 -
NW_025965323.1_RagTag:1818124-1817311 -            141 34836at314147        -            212   1.4e-12   43.9   0.1   2   2   0.00017     0.014   11.3   0.0   142   185   100   141    93   141 0.78 -
contig_11998_pilon:1321-121           -            250 34836at314147        -            212   1.1e-10   37.7   0.6   1   2   0.00025      0.02   10.7   0.3    35    80    29    96     1   107 0.54 -
contig_11998_pilon:1321-121           -            250 34836at314147        -            212   1.1e-10   37.7   0.6   2   2   2.1e-07   1.7e-05   20.8   0.0    74   154   158   241   128   246 0.83 -
NW_025965072.1_RagTag:28228-28437     -             70 34836at314147        -            212   1.6e-10   37.3   0.9   1   1     2e-12   1.7e-10   37.2   0.9   160   211    19    67     5    68 0.89 -
NW_025965096.1_RagTag:2473-3032       -            145 34836at314147        -            212   3.3e-10   36.2   0.0   1   1   4.4e-12   3.6e-10   36.1   0.0    56   153    42   142     5   144 0.79 -
NW_025965103.1_RagTag:1001181-1003306 -            135 34836at314147        -            212   1.8e-07   27.3   0.0   1   1   2.6e-09   2.1e-07   27.0   0.0    52   153    21   125     9   134 0.79 -
NW_025965163.1_RagTag:43448-47727     -            498 34836at314147        -            212   2.4e-07   26.9   0.2   1   2    0.0019      0.15    7.9   0.1    24    52   213   246   199   256 0.77 -
NW_025965163.1_RagTag:43448-47727     -            498 34836at314147        -            212   2.4e-07   26.9   0.2   2   2     6e-06    0.0005   16.0   0.0   142   188   404   451   327   459 0.70 -
NW_025965159.1_RagTag:369817-370652   -            194 34836at314147        -            212   1.3e-06   24.4   0.3   1   3     0.008      0.66    5.8   0.0    13    51     1    44     1    61 0.73 -
NW_025965159.1_RagTag:369817-370652   -            194 34836at314147        -            212   1.3e-06   24.4   0.3   2   3     0.058       4.8    3.0   0.0    58    99    74   111    60   131 0.79 -
NW_025965159.1_RagTag:369817-370652   -            194 34836at314147        -            212   1.3e-06   24.4   0.3   3   3   5.2e-05    0.0043   12.9   0.1   148   207   132   194   124   194 0.82 -
#
# Program:         hmmsearch
# Version:         3.1b2 (February 2015)
# Pipeline mode:   SEARCH
# Query file:      /home/bgerda/guppy_SUP/busco_downloads/lineages/glires_odb10/hmms/34836at314147.hmm
# Target file:     /home/bgerda/guppy_SUP/busco_results/run_glires_odb10/metaeuk_output/rerun_results/ragtag.scaffold.fasta.modified.fas
# Option settings: hmmsearch --domtblout /home/bgerda/guppy_SUP/busco_results/run_glires_odb10/hmmer_output/rerun_results/34836at314147.out --cpu 1 /home/bgerda/guppy_SUP/busco_downloads/lineages/glires_odb10/hmms/34836at314147.hmm /home/bgerda/guppy_SUP/busco_results/run_glires_odb10/metaeuk_output/rerun_results/ragtag.scaffold.fasta.modified.fas 
# Current dir:     /home/bgerda/guppy_SUP
# Date:            Sun May 21 15:29:19 2023
# [ok]
