#                                                                                             --- full sequence --- -------------- this domain -------------   hmm coord   ali coord   env coord
# target name                         accession   tlen query name           accession   qlen   E-value  score  bias   #  of  c-Evalue  i-Evalue  score  bias  from    to  from    to  from    to  acc description of target
#                 ------------------- ---------- ----- -------------------- ---------- ----- --------- ------ ----- --- --- --------- --------- ------ ----- ----- ----- ----- ----- ----- ----- ---- ---------------------
NW_025965250.1_RagTag:73335-72793     -            181 38208at314147        -            175   3.3e-42  140.4   0.0   1   1   4.2e-44   7.4e-42  139.2   0.0     5   169     3   165     1   169 0.88 -
NW_025965218.1_RagTag:905689-892082   -            159 38208at314147        -            175   2.4e-13   46.4   0.1   1   1   1.7e-15   2.9e-13   46.1   0.1    14   129    24   143    16   157 0.84 -
NW_025965016.1_RagTag:328147-328811   -            169 38208at314147        -            175   6.3e-12   41.8   0.0   1   1   4.1e-14   7.2e-12   41.6   0.0    15   129     2   118     1   145 0.84 -
contig_28026_pilon:2038-2154          -             39 38208at314147        -            175   0.00036   16.5   0.0   1   1     2e-06   0.00036   16.5   0.0    59    93     2    36     1    39 0.91 -
NW_025965066.1_RagTag:302419-304244   -            147 38208at314147        -            175   0.00043   16.3   0.1   1   1   3.5e-06   0.00062   15.8   0.1    62   111    17    66    11    72 0.85 -
NW_025965080.1_RagTag:532690-532226   -            127 38208at314147        -            175   0.00089   15.2   0.0   1   1     6e-06    0.0011   15.0   0.0    76   128    45    95    36   112 0.85 -
NW_025965350.1_RagTag:49664-49999     -            112 38208at314147        -            175    0.0012   14.8   0.0   1   1   8.6e-06    0.0015   14.5   0.0    14    71     9    72     4    82 0.84 -
NW_025965318.1_RagTag:2314880-2316285 -            155 38208at314147        -            175    0.0092   11.9   0.0   1   1   6.5e-05     0.011   11.6   0.0    50   130    17    97     5   136 0.73 -
#
# Program:         hmmsearch
# Version:         3.1b2 (February 2015)
# Pipeline mode:   SEARCH
# Query file:      /home/bgerda/guppy_SUP/busco_downloads/lineages/glires_odb10/hmms/38208at314147.hmm
# Target file:     /home/bgerda/guppy_SUP/busco_results/run_glires_odb10/metaeuk_output/rerun_results/ragtag.scaffold.fasta.modified.fas
# Option settings: hmmsearch --domtblout /home/bgerda/guppy_SUP/busco_results/run_glires_odb10/hmmer_output/rerun_results/38208at314147.out --cpu 1 /home/bgerda/guppy_SUP/busco_downloads/lineages/glires_odb10/hmms/38208at314147.hmm /home/bgerda/guppy_SUP/busco_results/run_glires_odb10/metaeuk_output/rerun_results/ragtag.scaffold.fasta.modified.fas 
# Current dir:     /home/bgerda/guppy_SUP
# Date:            Sun May 21 15:29:16 2023
# [ok]
