#                                                                                             --- full sequence --- -------------- this domain -------------   hmm coord   ali coord   env coord
# target name                         accession   tlen query name           accession   qlen   E-value  score  bias   #  of  c-Evalue  i-Evalue  score  bias  from    to  from    to  from    to  acc description of target
#                 ------------------- ---------- ----- -------------------- ---------- ----- --------- ------ ----- --- --- --------- --------- ------ ----- ----- ----- ----- ----- ----- ----- ---- ---------------------
NW_025965287.1_RagTag:80326-81575     -            357 4477at314147         -            858    5e-116  385.0   0.3   1   2   3.3e-84   2.1e-82  273.8   0.1   596   719    30   153    23   161 0.97 -
NW_025965287.1_RagTag:80326-81575     -            357 4477at314147         -            858    5e-116  385.0   0.3   2   2   1.7e-34   1.1e-32  109.3   0.0   776   854   279   357   272   357 0.96 -
NW_025965222.1_RagTag:194698-192711   -            112 4477at314147         -            858   1.3e-47  158.6   0.6   1   1   2.5e-49   1.5e-47  158.4   0.6   673   774     1   101     1   107 0.92 -
NW_025965334.1_RagTag:180562-180416   -             49 4477at314147         -            858   1.2e-28   95.9   1.5   1   1     2e-30   1.2e-28   95.8   1.5   670   718     1    49     1    49 0.98 -
NW_025965066.1_RagTag:88701-90281     -            181 4477at314147         -            858   3.5e-24   81.1   2.2   1   2   2.8e-07   1.7e-05   19.3   0.1   515   578    19    84    10    91 0.83 -
NW_025965066.1_RagTag:88701-90281     -            181 4477at314147         -            858   3.5e-24   81.1   2.2   2   2   2.4e-19   1.5e-17   59.2   0.4   606   710    89   179    85   181 0.89 -
NW_025965313.1_RagTag:91092-92565     -            198 4477at314147         -            858   1.9e-21   72.1   0.5   1   2   5.7e-16   3.5e-14   48.0   0.0   611   681    72   134    40   144 0.85 -
NW_025965313.1_RagTag:91092-92565     -            198 4477at314147         -            858   1.9e-21   72.1   0.5   2   2     3e-08   1.9e-06   22.5   0.3   683   711   160   188   152   194 0.91 -
NW_025965548.1_RagTag:8826-2086       -            436 4477at314147         -            858   2.7e-15   51.7   0.1   1   3     0.019       1.2    3.3   0.0   559   600   250   292   236   298 0.85 -
NW_025965548.1_RagTag:8826-2086       -            436 4477at314147         -            858   2.7e-15   51.7   0.1   2   3   8.3e-13   5.1e-11   37.6   0.0   596   655   313   372   307   384 0.92 -
NW_025965548.1_RagTag:8826-2086       -            436 4477at314147         -            858   2.7e-15   51.7   0.1   3   3    0.0013     0.079    7.1   0.0   692   732   390   433   376   436 0.77 -
contig_37224_pilon:1702-2604          -            301 4477at314147         -            858   5.1e-15   50.8   0.0   1   1   1.1e-16   6.5e-15   50.4   0.0   513   757     8   253     2   256 0.80 -
NW_025965321.1_RagTag:4470492-4469881 -            204 4477at314147         -            858   6.9e-12   40.4   0.0   1   1   1.4e-13   8.8e-12   40.1   0.0   514   700     4   195     2   200 0.78 -
contig_66008_pilon:1767-2642          -            292 4477at314147         -            858   1.8e-11   39.1   0.0   1   1   3.6e-13   2.2e-11   38.8   0.0   542   711    17   187     8   236 0.77 -
NW_025965499.1_RagTag:3945-3043       -            301 4477at314147         -            858   1.1e-10   36.4   0.0   1   1   2.1e-12   1.3e-10   36.2   0.0   521   712     8   198     2   244 0.79 -
NW_025965099.1_RagTag:15127-16038     -            304 4477at314147         -            858   2.2e-10   35.4   0.0   1   1   4.5e-12   2.7e-10   35.1   0.0   522   713    36   226    25   265 0.75 -
NW_025965279.1_RagTag:90332-90961     -            210 4477at314147         -            858     6e-10   34.0   0.0   1   1   1.2e-11   7.2e-10   33.7   0.0   608   710    28   122    21   153 0.77 -
NW_025965233.1_RagTag:125981-124584   -            466 4477at314147         -            858   1.5e-09   32.7   0.0   1   1   3.8e-11   2.3e-09   32.1   0.0   543   755    34   249     8   261 0.70 -
contig_31429_pilon:267-1247           -            327 4477at314147         -            858   6.2e-09   30.6   0.0   1   1   1.3e-10   7.7e-09   30.3   0.0   519   715    17   217     4   259 0.70 -
contig_34501_pilon:2309-1611          -            233 4477at314147         -            858   1.5e-06   22.8   0.0   1   1     3e-08   1.9e-06   22.5   0.0   610   712    31   127    15   153 0.87 -
contig_34309_pilon:451-104            -            116 4477at314147         -            858   3.5e-06   21.6   0.0   1   1   6.8e-08   4.2e-06   21.3   0.0   610   701    25   111    14   115 0.89 -
NW_025965352.1_RagTag:113601-115107   -            273 4477at314147         -            858   4.5e-06   21.2   0.0   1   1   9.8e-08     6e-06   20.8   0.0   544   718    66   266    51   270 0.72 -
contig_83342_pilon:1447-962           -            162 4477at314147         -            858    0.0004   14.8   0.0   1   1   7.7e-06   0.00047   14.5   0.0   613   732    16   125    10   135 0.79 -
NW_025965256.1_RagTag:50814-50329     -            106 4477at314147         -            858   0.00045   14.6   0.0   1   1   7.3e-06   0.00045   14.6   0.0   605   655    42    92    14   104 0.85 -
NW_025965401.1_RagTag:66150-68190     -            216 4477at314147         -            858   0.00049   14.4   0.0   1   1     1e-05   0.00062   14.1   0.0   608   728    22   145     6   156 0.78 -
NW_025965321.1_RagTag:3058777-3058926 -             50 4477at314147         -            858     0.003   11.8   0.0   1   1   5.1e-05    0.0031   11.8   0.0   643   691     2    49     1    50 0.81 -
contig_25238_pilon:345-4              -            114 4477at314147         -            858    0.0035   11.6   0.0   1   1   6.2e-05    0.0038   11.5   0.0   513   601    13    95     3   106 0.77 -
NW_025965240.1_RagTag:98637-94667     -            305 4477at314147         -            858    0.0079   10.5   0.6   1   1   0.00017      0.01   10.1   0.6   562   630   226   304   220   305 0.80 -
#
# Program:         hmmsearch
# Version:         3.1b2 (February 2015)
# Pipeline mode:   SEARCH
# Query file:      /home/bgerda/guppy_SUP/busco_downloads/lineages/glires_odb10/hmms/4477at314147.hmm
# Target file:     /home/bgerda/guppy_SUP/busco_results/run_glires_odb10/metaeuk_output/rerun_results/ragtag.scaffold.fasta.modified.fas
# Option settings: hmmsearch --domtblout /home/bgerda/guppy_SUP/busco_results/run_glires_odb10/hmmer_output/rerun_results/4477at314147.out --cpu 1 /home/bgerda/guppy_SUP/busco_downloads/lineages/glires_odb10/hmms/4477at314147.hmm /home/bgerda/guppy_SUP/busco_results/run_glires_odb10/metaeuk_output/rerun_results/ragtag.scaffold.fasta.modified.fas 
# Current dir:     /home/bgerda/guppy_SUP
# Date:            Sun May 21 15:29:14 2023
# [ok]
