#                                                                                             --- full sequence --- -------------- this domain -------------   hmm coord   ali coord   env coord
# target name                         accession   tlen query name           accession   qlen   E-value  score  bias   #  of  c-Evalue  i-Evalue  score  bias  from    to  from    to  from    to  acc description of target
#                 ------------------- ---------- ----- -------------------- ---------- ----- --------- ------ ----- --- --- --------- --------- ------ ----- ----- ----- ----- ----- ----- ----- ---- ---------------------
NW_025965287.1_RagTag:80326-81575     -            357 4665at314147         -            957     7e-10   33.6   0.0   1   1   1.3e-11   9.2e-10   33.2   0.0   544   639    45   140    32   154 0.84 -
NW_025965222.1_RagTag:194698-192711   -            112 4665at314147         -            957   5.1e-07   24.1   0.1   1   1   7.5e-09   5.3e-07   24.1   0.1   604   699     3    88     1   107 0.82 -
NW_025965499.1_RagTag:3945-3043       -            301 4665at314147         -            957     8e-07   23.5   0.0   1   1   1.4e-08   9.9e-07   23.2   0.0   545   648   104   202    77   231 0.85 -
NW_025965099.1_RagTag:15127-16038     -            304 4665at314147         -            957   1.2e-06   22.8   0.0   1   1   2.3e-08   1.6e-06   22.5   0.0   545   644   131   225   123   260 0.81 -
contig_66008_pilon:1767-2642          -            292 4665at314147         -            957   1.3e-06   22.8   0.0   1   1   2.1e-08   1.5e-06   22.6   0.0   513   642    63   186     4   198 0.77 -
NW_025965401.1_RagTag:66150-68190     -            216 4665at314147         -            957   2.1e-06   22.1   0.0   1   1   3.9e-08   2.8e-06   21.7   0.0   542   660    23   144    16   153 0.79 -
contig_34501_pilon:2309-1611          -            233 4665at314147         -            957   9.9e-06   19.9   0.0   1   1   1.8e-07   1.2e-05   19.5   0.0   545   660    33   141    27   161 0.82 -
contig_31429_pilon:267-1247           -            327 4665at314147         -            957   2.2e-05   18.7   0.0   1   1   3.9e-07   2.7e-05   18.4   0.0   543   691   113   254    81   264 0.75 -
contig_83342_pilon:1447-962           -            162 4665at314147         -            957   2.9e-05   18.3   0.0   1   1   4.7e-07   3.3e-05   18.1   0.0   546   643    16   108     8   135 0.78 -
NW_025965321.1_RagTag:4470492-4469881 -            204 4665at314147         -            957   5.2e-05   17.5   0.0   1   1   9.9e-07     7e-05   17.0   0.0   534   635   100   197    25   203 0.69 -
contig_34309_pilon:451-104            -            116 4665at314147         -            957   0.00011   16.4   0.0   1   1   1.9e-06   0.00014   16.1   0.0   545   635    27   112    21   115 0.86 -
contig_37224_pilon:1702-2604          -            301 4665at314147         -            957   0.00013   16.1   0.0   1   1   2.4e-06   0.00017   15.8   0.0   542   690   109   248    84   259 0.75 -
NW_025965066.1_RagTag:88701-90281     -            181 4665at314147         -            957   0.00017   15.8   0.1   1   1   3.8e-06   0.00027   15.1   0.1   545   639    95   175    16   180 0.74 -
NW_025965279.1_RagTag:90332-90961     -            210 4665at314147         -            957   0.00021   15.5   0.0   1   1     4e-06   0.00028   15.0   0.0   542   638    29   119    25   129 0.83 -
NW_025965313.1_RagTag:91092-92565     -            198 4665at314147         -            957   0.00058   14.0   0.0   1   1     1e-05   0.00072   13.7   0.0   541   614    69   138    43   162 0.84 -
NW_025965233.1_RagTag:125981-124584   -            466 4665at314147         -            957    0.0011   13.0   0.0   1   1   2.2e-05    0.0016   12.6   0.0   541   643   106   203    68   221 0.80 -
NW_025965352.1_RagTag:113601-115107   -            273 4665at314147         -            957    0.0012   12.9   0.0   1   1   2.2e-05    0.0015   12.6   0.0   487   646    95   262    28   272 0.74 -
NW_025965548.1_RagTag:8826-2086       -            436 4665at314147         -            957     0.002   12.2   0.0   1   1   3.8e-05    0.0026   11.8   0.0   513   587   283   371   265   397 0.72 -
NW_025965334.1_RagTag:180562-180416   -             49 4665at314147         -            957    0.0068   10.5   0.0   1   1   9.6e-05    0.0068   10.5   0.0   604   642     6    41     3    49 0.79 -
NW_025965256.1_RagTag:50814-50329     -            106 4665at314147         -            957    0.0069   10.4   0.0   1   1   0.00011    0.0076   10.3   0.0   540   587    44    91    25    97 0.90 -
#
# Program:         hmmsearch
# Version:         3.1b2 (February 2015)
# Pipeline mode:   SEARCH
# Query file:      /home/bgerda/guppy_SUP/busco_downloads/lineages/glires_odb10/hmms/4665at314147.hmm
# Target file:     /home/bgerda/guppy_SUP/busco_results/run_glires_odb10/metaeuk_output/rerun_results/ragtag.scaffold.fasta.modified.fas
# Option settings: hmmsearch --domtblout /home/bgerda/guppy_SUP/busco_results/run_glires_odb10/hmmer_output/rerun_results/4665at314147.out --cpu 1 /home/bgerda/guppy_SUP/busco_downloads/lineages/glires_odb10/hmms/4665at314147.hmm /home/bgerda/guppy_SUP/busco_results/run_glires_odb10/metaeuk_output/rerun_results/ragtag.scaffold.fasta.modified.fas 
# Current dir:     /home/bgerda/guppy_SUP
# Date:            Sun May 21 15:29:20 2023
# [ok]
