#                                                                                             --- full sequence --- -------------- this domain -------------   hmm coord   ali coord   env coord
# target name                         accession   tlen query name           accession   qlen   E-value  score  bias   #  of  c-Evalue  i-Evalue  score  bias  from    to  from    to  from    to  acc description of target
#                 ------------------- ---------- ----- -------------------- ---------- ----- --------- ------ ----- --- --- --------- --------- ------ ----- ----- ----- ----- ----- ----- ----- ---- ---------------------
contig_18340_pilon:828-2186           -            453 487at314147          -           2228   2.4e-16   54.0  79.6   1   4   2.7e-08   6.9e-07   22.6  15.2   678   790    27   136    10   142 0.88 -
contig_18340_pilon:828-2186           -            453 487at314147          -           2228   2.4e-16   54.0  79.6   2   4   2.4e-07   6.2e-06   19.5  15.3   681   790   142   248   137   251 0.91 -
contig_18340_pilon:828-2186           -            453 487at314147          -           2228   2.4e-16   54.0  79.6   3   4   1.8e-06   4.4e-05   16.6  15.8   682   790   227   332   222   338 0.90 -
contig_18340_pilon:828-2186           -            453 487at314147          -           2228   2.4e-16   54.0  79.6   4   4   3.4e-08   8.4e-07   22.3  14.1   681   790   338   444   332   452 0.90 -
NW_025965341.1_RagTag:115029-190889   -            257 487at314147          -           2228   4.5e-16   53.1  18.9   1   2   3.3e-11   8.3e-10   32.3  13.2   678   789    16   124     5   128 0.87 -
NW_025965341.1_RagTag:115029-190889   -            257 487at314147          -           2228   4.5e-16   53.1  18.9   2   2   5.9e-09   1.5e-07   24.8   0.3   677   734   127   182   121   188 0.93 -
NW_025965341.1_RagTag:10127-11137     -            337 487at314147          -           2228   1.2e-13   45.1  34.9   1   3   2.4e-08   6.1e-07   22.8  12.5   681   790    31   137     3   143 0.91 -
NW_025965341.1_RagTag:10127-11137     -            337 487at314147          -           2228   1.2e-13   45.1  34.9   2   3   5.7e-06   0.00014   14.9   2.8   682   788   144   248   138   249 0.93 -
NW_025965341.1_RagTag:10127-11137     -            337 487at314147          -           2228   1.2e-13   45.1  34.9   3   3   1.6e-09     4e-08   26.7   7.2   682   789   229   333   225   336 0.91 -
NW_025965250.1_RagTag:54757-54140     -            206 487at314147          -           2228     2e-13   44.3  23.5   1   3   1.1e-10   2.7e-09   30.6   7.2   677   790     9   119     3   119 0.88 -
NW_025965250.1_RagTag:54757-54140     -            206 487at314147          -           2228     2e-13   44.3  23.5   2   3   1.8e-09   4.6e-08   26.5   8.3   681   790    69   175    61   177 0.91 -
NW_025965250.1_RagTag:54757-54140     -            206 487at314147          -           2228     2e-13   44.3  23.5   3   3     0.036      0.91    2.3   0.1   678   706   178   206   175   206 0.91 -
NW_025965182.1_RagTag:1758025-1759086 -            354 487at314147          -           2228   2.4e-12   40.7  40.1   1   4      0.12       2.9    0.6   0.1   687   730     3    44     1    61 0.83 -
NW_025965182.1_RagTag:1758025-1759086 -            354 487at314147          -           2228   2.4e-12   40.7  40.1   2   4   2.2e-08   5.6e-07   22.9  11.5   678   786    78   183    68   191 0.82 -
NW_025965182.1_RagTag:1758025-1759086 -            354 487at314147          -           2228   2.4e-12   40.7  40.1   3   4   0.00045     0.011    8.6   2.3   678   732   190   242   185   244 0.77 -
NW_025965182.1_RagTag:1758025-1759086 -            354 487at314147          -           2228   2.4e-12   40.7  40.1   4   4   2.9e-08   7.4e-07   22.5   6.6   682   786   250   351   244   354 0.92 -
NW_025965341.1_RagTag:104516-49663    -            298 487at314147          -           2228   2.6e-12   40.6  31.6   1   3   1.2e-06   3.1e-05   17.1   1.3   677   732    23    76    16    80 0.87 -
NW_025965341.1_RagTag:104516-49663    -            298 487at314147          -           2228   2.6e-12   40.6  31.6   2   3   1.5e-07   3.9e-06   20.2   6.9   678   765    80   164    76   190 0.82 -
NW_025965341.1_RagTag:104516-49663    -            298 487at314147          -           2228   2.6e-12   40.6  31.6   3   3   1.4e-05   0.00034   13.7  10.0   674   782   188   293   173   298 0.87 -
NW_025965127.1_RagTag:122624-122115   -            170 487at314147          -           2228   1.3e-11   38.3  15.6   1   2   4.8e-07   1.2e-05   18.5   3.6   702   790     2    87     1    91 0.85 -
NW_025965127.1_RagTag:122624-122115   -            170 487at314147          -           2228   1.3e-11   38.3  15.6   2   2   2.3e-09   5.8e-08   26.2   4.0   681   761    93   170    88   170 0.91 -
NW_025965250.1_RagTag:8965-9597       -            211 487at314147          -           2228   1.8e-11   37.9  23.1   1   2   0.00013    0.0032   10.5   2.5   676   733    14    69     7    75 0.90 -
NW_025965250.1_RagTag:8965-9597       -            211 487at314147          -           2228   1.8e-11   37.9  23.1   2   2     2e-11   5.1e-10   33.0  12.6   682   790    76   181    70   210 0.91 -
NW_025965215.1_RagTag:23670-22372     -            433 487at314147          -           2228   9.8e-11   35.4  24.1   1   2   5.1e-11   1.3e-09   31.7   6.9   675   785   239   345   217   347 0.88 -
NW_025965215.1_RagTag:23670-22372     -            433 487at314147          -           2228   9.8e-11   35.4  24.1   2   2   2.4e-05   0.00061   12.9  13.2   682   788   329   432   327   433 0.89 -
contig_43334_pilon:944-2038           -            365 487at314147          -           2228     1e-10   35.3  66.9   1   4   2.6e-06   6.5e-05   16.1  21.0   678   790    31   140     4   146 0.86 -
contig_43334_pilon:944-2038           -            365 487at314147          -           2228     1e-10   35.3  66.9   2   4   4.5e-07   1.1e-05   18.6  16.9   681   789    90   195    82   197 0.90 -
contig_43334_pilon:944-2038           -            365 487at314147          -           2228     1e-10   35.3  66.9   3   4   2.5e-06   6.3e-05   16.1  13.8   681   790   146   252   141   256 0.90 -
contig_43334_pilon:944-2038           -            365 487at314147          -           2228     1e-10   35.3  66.9   4   4   5.3e-06   0.00013   15.1  15.4   681   789   258   363   252   365 0.89 -
contig_52188_pilon:1196-282           -            305 487at314147          -           2228     2e-10   34.4  42.6   1   3   2.8e-05   0.00072   12.6   7.9   701   789    17   102     1   109 0.71 -
contig_52188_pilon:1196-282           -            305 487at314147          -           2228     2e-10   34.4  42.6   2   3   4.3e-09   1.1e-07   25.3  13.5   681   790   109   215   104   218 0.91 -
contig_52188_pilon:1196-282           -            305 487at314147          -           2228     2e-10   34.4  42.6   3   3   0.00033    0.0082    9.1   4.8   681   749   221   286   216   293 0.85 -
NW_025965432.1_RagTag:532065-533174   -            370 487at314147          -           2228   4.3e-10   33.3  62.7   1   4    0.0018     0.045    6.7  13.8   702   789     4    88     2    92 0.85 -
NW_025965432.1_RagTag:532065-533174   -            370 487at314147          -           2228   4.3e-10   33.3  62.7   2   4    0.0035     0.089    5.7   1.9   682   732    96   144    91   149 0.90 -
NW_025965432.1_RagTag:532065-533174   -            370 487at314147          -           2228   4.3e-10   33.3  62.7   3   4   3.6e-09   9.1e-08   25.6  10.9   681   789   151   256   146   260 0.89 -
NW_025965432.1_RagTag:532065-533174   -            370 487at314147          -           2228   4.3e-10   33.3  62.7   4   4   9.5e-06   0.00024   14.2  12.1   680   789   262   368   257   370 0.87 -
NW_025965375.1_RagTag:158111-157530   -            194 487at314147          -           2228   9.9e-10   32.1  19.6   1   2   3.1e-06   7.9e-05   15.8   7.8   682   784     7   106     2   108 0.87 -
NW_025965375.1_RagTag:158111-157530   -            194 487at314147          -           2228   9.9e-10   32.1  19.6   2   2   1.7e-09   4.2e-08   26.6   6.8   681   785    90   191    86   194 0.87 -
contig_36320_pilon:1246-2160          -            305 487at314147          -           2228   1.8e-09   31.2  51.9   1   4   5.2e-05    0.0013   11.7  14.4   682   789     3   107     1   110 0.87 -
contig_36320_pilon:1246-2160          -            305 487at314147          -           2228   1.8e-09   31.2  51.9   2   4   1.8e-07   4.6e-06   19.9  11.8   681   790    58   164    53   168 0.90 -
contig_36320_pilon:1246-2160          -            305 487at314147          -           2228   1.8e-09   31.2  51.9   3   4   4.9e-07   1.2e-05   18.5  12.4   681   789   114   219   106   221 0.90 -
contig_36320_pilon:1246-2160          -            305 487at314147          -           2228   1.8e-09   31.2  51.9   4   4   9.5e-07   2.4e-05   17.5  18.4   681   802   170   288   164   297 0.88 -
NW_025965317.1_RagTag:1470033-1469464 -            190 487at314147          -           2228   1.9e-09   31.1  22.4   1   2   6.8e-09   1.7e-07   24.6   9.6   682   789     3   107     1   108 0.91 -
NW_025965317.1_RagTag:1470033-1469464 -            190 487at314147          -           2228   1.9e-09   31.1  22.4   2   2   1.1e-06   2.7e-05   17.3  10.4   682   786    87   188    87   190 0.92 -
NW_025965341.1_RagTag:136335-135751   -            195 487at314147          -           2228   3.2e-09   30.4  23.1   1   2   2.1e-06   5.3e-05   16.4   5.4   679   766    10    90     4    91 0.84 -
NW_025965341.1_RagTag:136335-135751   -            195 487at314147          -           2228   3.2e-09   30.4  23.1   2   2   3.7e-07   9.4e-06   18.9  15.1   681   790    68   174    63   190 0.90 -
NW_025965166.1_RagTag:131393-130962   -            144 487at314147          -           2228   4.7e-09   29.8  13.9   1   2   4.9e-05    0.0012   11.8   3.2   680   733     7    58     1    63 0.88 -
NW_025965166.1_RagTag:131393-130962   -            144 487at314147          -           2228   4.7e-09   29.8  13.9   2   2   8.2e-09   2.1e-07   24.4   2.9   681   761    64   141    59   144 0.88 -
contig_31119_pilon:1895-1227          -            223 487at314147          -           2228   8.8e-09   28.9  16.1   1   2   4.8e-07   1.2e-05   18.5   3.7   682   785    27   128    24   129 0.85 -
contig_31119_pilon:1895-1227          -            223 487at314147          -           2228   8.8e-09   28.9  16.1   2   2   1.1e-06   2.7e-05   17.4   7.1   678   787   108   214   101   222 0.87 -
contig_78026_pilon:1141-2283          -            381 487at314147          -           2228   1.6e-08   28.1  22.6   1   3   6.6e-05    0.0017   11.4   2.1   682   796     1   116     1   127 0.85 -
contig_78026_pilon:1141-2283          -            381 487at314147          -           2228   1.6e-08   28.1  22.6   2   3    0.0001    0.0026   10.8   2.2   651   733   160   229   146   238 0.74 -
contig_78026_pilon:1141-2283          -            381 487at314147          -           2228   1.6e-08   28.1  22.6   3   3   1.1e-06   2.7e-05   17.3   2.3   680   758   301   376   281   380 0.85 -
NW_025965289.1_RagTag:81477-82172     -            232 487at314147          -           2228   1.6e-08   28.0  17.0   1   2   7.9e-05     0.002   11.2   3.3   682   762    46   123    41   130 0.86 -
NW_025965289.1_RagTag:81477-82172     -            232 487at314147          -           2228   1.6e-08   28.0  17.0   2   2   2.5e-08   6.2e-07   22.8   6.7   680   785   128   230   123   232 0.93 -
contig_70752_pilon:982-1554           -            191 487at314147          -           2228   1.7e-08   28.0  23.6   1   2   7.7e-08   1.9e-06   21.1  11.8   681   790    15   121     9   124 0.90 -
contig_70752_pilon:982-1554           -            191 487at314147          -           2228   1.7e-08   28.0  23.6   2   2   2.6e-05   0.00064   12.8   4.0   681   733   127   177   123   191 0.88 -
NW_025965022.1_RagTag:266716-266135   -            194 487at314147          -           2228   2.4e-08   27.5  15.4   1   2   0.00029    0.0073    9.3   1.0   682   732    11    63     6    74 0.56 -
NW_025965022.1_RagTag:266716-266135   -            194 487at314147          -           2228   2.4e-08   27.5  15.4   2   2   1.6e-08   4.1e-07   23.4   7.4   676   785    88   194    80   194 0.87 -
NW_025965341.1_RagTag:41589-41122     -            156 487at314147          -           2228   2.8e-08   27.3  12.1   1   1   1.4e-09   3.4e-08   27.0  12.1   682   790    24   129    12   156 0.90 -
contig_28105_pilon:1448-873           -            192 487at314147          -           2228   2.8e-08   27.2  11.7   1   2   2.3e-09   5.7e-08   26.2   3.5   681   790    34   140    22   145 0.92 -
contig_28105_pilon:1448-873           -            192 487at314147          -           2228   2.8e-08   27.2  11.7   2   2    0.0033     0.084    5.8   0.9   681   721   146   184   142   192 0.78 -
NW_025965127.1_RagTag:122938-122609   -            110 487at314147          -           2228   3.4e-08   27.0   2.6   1   1   1.5e-09   3.8e-08   26.8   2.6   674   761    21   106     1   109 0.83 -
contig_33351_pilon:20-586             -            189 487at314147          -           2228   1.3e-07   25.0  23.6   1   2   8.1e-07     2e-05   17.7   9.2   682   789     1   105     1   106 0.86 -
contig_33351_pilon:20-586             -            189 487at314147          -           2228   1.3e-07   25.0  23.6   2   2   8.7e-07   2.2e-05   17.6  11.1   681   789    84   189    78   189 0.86 -
contig_36320_pilon:558-1202           -            215 487at314147          -           2228   1.5e-07   24.9  33.0   1   2   1.7e-06   4.3e-05   16.7  13.5   684   790    10   113     4   118 0.89 -
contig_36320_pilon:558-1202           -            215 487at314147          -           2228   1.5e-07   24.9  33.0   2   2   1.1e-05   0.00027   14.0  11.3   681   777   119   212   114   215 0.87 -
NW_025965301.1_RagTag:107837-107190   -            216 487at314147          -           2228   1.7e-07   24.6   3.3   1   2   6.9e-09   1.7e-07   24.6   3.3   679   790    29   138    23   142 0.88 -
NW_025965301.1_RagTag:107837-107190   -            216 487at314147          -           2228   1.7e-07   24.6   3.3   2   2    0.0052      0.13    5.1   4.0   680   750   143   209   140   216 0.57 -
NW_025965182.1_RagTag:1739884-1740459 -            192 487at314147          -           2228     2e-07   24.4  29.5   1   2   2.6e-06   6.5e-05   16.1  14.5   685   788     2   102     1   104 0.85 -
NW_025965182.1_RagTag:1739884-1740459 -            192 487at314147          -           2228     2e-07   24.4  29.5   2   2   1.2e-07     3e-06   20.5  13.3   677   780    78   178    73   187 0.85 -
contig_59446_pilon:2-793              -            208 487at314147          -           2228   3.9e-07   23.5  32.8   1   2   2.4e-05   0.00061   12.9  16.5   678   785    15   119     2   119 0.77 -
contig_59446_pilon:2-793              -            208 487at314147          -           2228   3.9e-07   23.5  32.8   2   2   3.1e-06   7.8e-05   15.8  13.5   681   789   102   207    97   208 0.89 -
NW_025965341.1_RagTag:79016-79627     -            204 487at314147          -           2228   3.9e-07   23.4  24.6   1   2   0.00022    0.0055    9.7   8.5   698   790     1    90     1    93 0.89 -
NW_025965341.1_RagTag:79016-79627     -            204 487at314147          -           2228   3.9e-07   23.4  24.6   2   2   1.7e-07   4.4e-06   20.0   8.1   682   787    97   199    92   203 0.91 -
NW_025965039.1_RagTag:272564-271974   -            197 487at314147          -           2228   4.1e-07   23.4  12.0   1   2   1.6e-08   4.1e-07   23.4  12.0   678   790    36   145    27   156 0.87 -
NW_025965039.1_RagTag:272564-271974   -            197 487at314147          -           2228   4.1e-07   23.4  12.0   2   2      0.11       2.6    0.8   0.3   681   711   151   181   143   196 0.79 -
NW_025965442.1_RagTag:53274-52825     -            150 487at314147          -           2228   8.9e-07   22.3  13.9   1   2     0.077       1.9    1.2   0.2   534   559    23    48    11    52 0.84 -
NW_025965442.1_RagTag:53274-52825     -            150 487at314147          -           2228   8.9e-07   22.3  13.9   2   2   4.8e-08   1.2e-06   21.8  13.0   672   781    43   149    27   150 0.88 -
NW_025965233.1_RagTag:202706-205098   -            273 487at314147          -           2228   8.9e-07   22.3   4.2   1   2   3.5e-08   8.9e-07   22.3   4.2   678   762   113   194   104   207 0.83 -
NW_025965233.1_RagTag:202706-205098   -            273 487at314147          -           2228   8.9e-07   22.3   4.2   2   2    0.0067      0.17    4.7   2.4   508   554   224   271   219   273 0.82 -
NW_025965250.1_RagTag:247715-246891   -            275 487at314147          -           2228   1.5e-06   21.5  49.1   1   6    0.0014     0.035    7.0   3.2   681   732     4    53     1    54 0.87 -
NW_025965250.1_RagTag:247715-246891   -            275 487at314147          -           2228   1.5e-06   21.5  49.1   2   6   2.3e-06   5.8e-05   16.2   1.4   682   732    33    81    32    85 0.94 -
NW_025965250.1_RagTag:247715-246891   -            275 487at314147          -           2228   1.5e-06   21.5  49.1   3   6     0.065       1.6    1.5   8.3   681   732    88   137    83   143 0.81 -
NW_025965250.1_RagTag:247715-246891   -            275 487at314147          -           2228   1.5e-06   21.5  49.1   4   6    0.0035     0.088    5.7   4.6   681   733   116   166   110   171 0.91 -
NW_025965250.1_RagTag:247715-246891   -            275 487at314147          -           2228   1.5e-06   21.5  49.1   5   6   0.00013    0.0033   10.4   1.3   681   732   144   193   138   196 0.92 -
NW_025965250.1_RagTag:247715-246891   -            275 487at314147          -           2228   1.5e-06   21.5  49.1   6   6   4.9e-06   0.00012   15.2   1.4   681   729   228   274   223   275 0.91 -
NW_025965028.1_RagTag:357538-358857   -            372 487at314147          -           2228   1.6e-06   21.4  11.2   1   1   9.8e-08   2.5e-06   20.8  11.2   678   789   261   369   250   371 0.90 -
NW_025965341.1_RagTag:91734-92261     -            176 487at314147          -           2228   2.4e-06   20.9  22.8   1   2   1.1e-07   2.8e-06   20.6   5.9   685   789     2   103     1   104 0.93 -
NW_025965341.1_RagTag:91734-92261     -            176 487at314147          -           2228   2.4e-06   20.9  22.8   2   2   0.00054     0.014    8.4  10.4   695   776    96   174    94   176 0.88 -
contig_10836_pilon:117-731            -            205 487at314147          -           2228   2.4e-06   20.8  27.4   1   2   0.00086     0.022    7.7   4.8   681   732    12    61     4    65 0.92 -
contig_10836_pilon:117-731            -            205 487at314147          -           2228   2.4e-06   20.8  27.4   2   2   2.4e-07   6.1e-06   19.5  14.3   681   801    68   185    62   194 0.88 -
NW_025965071.1_RagTag:3463-4485       -            341 487at314147          -           2228   2.5e-06   20.8  46.1   1   4    0.0078       0.2    4.5   2.6   743   794     9    60     5    80 0.89 -
NW_025965071.1_RagTag:3463-4485       -            341 487at314147          -           2228   2.5e-06   20.8  46.1   2   4   1.2e-05    0.0003   13.9  13.6   684   791    93   197    79   200 0.88 -
NW_025965071.1_RagTag:3463-4485       -            341 487at314147          -           2228   2.5e-06   20.8  46.1   3   4   1.5e-06   3.7e-05   16.9  11.2   676   790   197   308   196   323 0.88 -
NW_025965071.1_RagTag:3463-4485       -            341 487at314147          -           2228   2.5e-06   20.8  46.1   4   4      0.16       3.9    0.2   0.2   680   708   313   341   306   341 0.84 -
NW_025965235.1_RagTag:121831-121217   -            205 487at314147          -           2228   2.6e-06   20.7  24.5   1   2   5.3e-07   1.3e-05   18.4  10.0   680   791    11   119     5   126 0.90 -
NW_025965235.1_RagTag:121831-121217   -            205 487at314147          -           2228   2.6e-06   20.7  24.5   2   2    0.0017     0.042    6.7   7.3   680   732   151   201   124   203 0.82 -
NW_025965230.1_RagTag:917442-916915   -            176 487at314147          -           2228   3.5e-06   20.3  17.1   1   2   1.2e-06     3e-05   17.2   9.5   673   789    13   126     5   129 0.90 -
NW_025965230.1_RagTag:917442-916915   -            176 487at314147          -           2228   3.5e-06   20.3  17.1   2   2   0.00094     0.024    7.6   0.7   681   721   133   171   128   175 0.86 -
contig_83186_pilon:3012-2101          -            304 487at314147          -           2228   6.7e-06   19.3  34.7   1   3   7.9e-07     2e-05   17.8  17.6   681   790     7   113     2   116 0.90 -
contig_83186_pilon:3012-2101          -            304 487at314147          -           2228   6.7e-06   19.3  34.7   2   3   0.00021    0.0054    9.7   2.2   681   724   119   166   113   184 0.77 -
contig_83186_pilon:3012-2101          -            304 487at314147          -           2228   6.7e-06   19.3  34.7   3   3     0.029      0.72    2.7   0.6   509   544   259   295   222   303 0.67 -
NW_025965207.1_RagTag:15963-15268     -            232 487at314147          -           2228   7.3e-06   19.2  39.3   1   3     0.021      0.54    3.1   7.6   682   732     1    49     1    67 0.82 -
NW_025965207.1_RagTag:15963-15268     -            232 487at314147          -           2228   7.3e-06   19.2  39.3   2   3   1.6e-06   3.9e-05   16.8  25.4   677   800    79   199    54   205 0.85 -
NW_025965207.1_RagTag:15963-15268     -            232 487at314147          -           2228   7.3e-06   19.2  39.3   3   3     0.016      0.39    3.5   0.2   681   712   195   226   190   231 0.90 -
contig_53583_pilon:2129-1584          -            182 487at314147          -           2228   0.00025   14.2  24.9   1   2   1.8e-05   0.00044   13.3   3.8   678   732    25    77    16    82 0.88 -
contig_53583_pilon:2129-1584          -            182 487at314147          -           2228   0.00025   14.2  24.9   2   2    0.0007     0.018    8.0  11.2   682   776    85   176    80   182 0.87 -
NW_025965215.1_RagTag:353584-353090   -            165 487at314147          -           2228   0.00043   13.3  21.6   1   3     0.015      0.38    3.6   2.5   741   790    17    66    11    72 0.87 -
NW_025965215.1_RagTag:353584-353090   -            165 487at314147          -           2228   0.00043   13.3  21.6   2   3    0.0013     0.033    7.1   5.0   504   552    41    89    32    97 0.80 -
NW_025965215.1_RagTag:353584-353090   -            165 487at314147          -           2228   0.00043   13.3  21.6   3   3   2.4e-05   0.00059   12.9   7.1   680   733    99   150    93   165 0.87 -
contig_18339_pilon:770-1369           -            200 487at314147          -           2228   0.00067   12.7  16.8   1   2   9.1e-06   0.00023   14.3  13.2   680   783    17   117     7   122 0.82 -
contig_18339_pilon:770-1369           -            200 487at314147          -           2228   0.00067   12.7  16.8   2   2      0.42        10   -1.2   0.1   695   719   172   194   145   200 0.70 -
NW_025965279.1_RagTag:80306-79764     -            181 487at314147          -           2228    0.0015   11.6   8.3   1   2     0.001     0.025    7.5   0.4   680   720    15    53     4    74 0.75 -
NW_025965279.1_RagTag:80306-79764     -            181 487at314147          -           2228    0.0015   11.6   8.3   2   2    0.0012     0.031    7.2   2.3   690   753   102   163    89   180 0.65 -
NW_025965207.1_RagTag:11388-10717     -            224 487at314147          -           2228    0.0017   11.4  37.5   1   2    0.0077       0.2    4.5  13.3   682   790     5   109     1   112 0.84 -
NW_025965207.1_RagTag:11388-10717     -            224 487at314147          -           2228    0.0017   11.4  37.5   2   2   0.00083     0.021    7.8  22.7   678   800    84   203    62   206 0.84 -
NW_025965324.1_RagTag:667565-665169   -            506 487at314147          -           2228    0.0032   10.5   1.7   1   2   0.00052     0.013    8.4   2.5   682   725     1    45     1    55 0.77 -
NW_025965324.1_RagTag:667565-665169   -            506 487at314147          -           2228    0.0032   10.5   1.7   2   2      0.97        24   -2.4   0.0  1580  1679   104   207    97   226 0.62 -
contig_81532_pilon:2154-1714          -            147 487at314147          -           2228    0.0041   10.1  17.5   1   1    0.0051      0.13    5.2  17.5   640   752    36   135     4   146 0.50 -
contig_43715_pilon:306-1181           -            292 487at314147          -           2228    0.0077    9.2  18.3   1   2   0.00026    0.0065    9.5  10.1   682   775     5    95     1   106 0.60 -
contig_43715_pilon:306-1181           -            292 487at314147          -           2228    0.0077    9.2  18.3   2   2    0.0071      0.18    4.7   1.1   695   745   241   288   229   292 0.63 -
NW_025965277.1_RagTag:46400-46999     -            200 487at314147          -           2228    0.0082    9.1  19.1   1   2   0.00094     0.024    7.6  13.6   685   783    42   137    35   147 0.84 -
NW_025965277.1_RagTag:46400-46999     -            200 487at314147          -           2228    0.0082    9.1  19.1   2   2    0.0053      0.13    5.1   0.2   692   732   161   199   143   200 0.86 -
NW_025965271.1_RagTag:644682-645221   -            180 487at314147          -           2228     0.014    8.4   7.8   1   2      0.14       3.6    0.3   0.5   695   732     4    38     1    68 0.70 -
NW_025965271.1_RagTag:644682-645221   -            180 487at314147          -           2228     0.014    8.4   7.8   2   2   3.8e-05   0.00096   12.2   1.6   678   734   125   179    69   180 0.77 -
contig_52188_pilon:2135-1716          -            140 487at314147          -           2228     0.018    8.0   7.6   1   1    0.0009     0.023    7.6   6.9   668   732    62   135     8   138 0.53 -
NW_025965039.1_RagTag:299265-271352   -            195 487at314147          -           2228     0.029    7.3   7.3   1   1    0.0016     0.041    6.8   7.3   680   789    81   187    71   195 0.71 -
NW_025965436.1_RagTag:1629-778        -            284 487at314147          -           2228      0.63    2.9  52.8   1   4    0.0055      0.14    5.0  20.7   669   789    22   139    12   144 0.87 -
NW_025965436.1_RagTag:1629-778        -            284 487at314147          -           2228      0.63    2.9  52.8   2   4     0.024      0.61    2.9  19.3   678   789   115   223   107   226 0.89 -
NW_025965436.1_RagTag:1629-778        -            284 487at314147          -           2228      0.63    2.9  52.8   3   4    0.0051      0.13    5.2  17.4   678   789   143   251   136   254 0.88 -
NW_025965436.1_RagTag:1629-778        -            284 487at314147          -           2228      0.63    2.9  52.8   4   4     0.012       0.3    3.9   6.9   679   732   228   279   219   283 0.90 -
#
# Program:         hmmsearch
# Version:         3.1b2 (February 2015)
# Pipeline mode:   SEARCH
# Query file:      /home/bgerda/guppy_SUP/busco_downloads/lineages/glires_odb10/hmms/487at314147.hmm
# Target file:     /home/bgerda/guppy_SUP/busco_results/run_glires_odb10/metaeuk_output/rerun_results/ragtag.scaffold.fasta.modified.fas
# Option settings: hmmsearch --domtblout /home/bgerda/guppy_SUP/busco_results/run_glires_odb10/hmmer_output/rerun_results/487at314147.out --cpu 1 /home/bgerda/guppy_SUP/busco_downloads/lineages/glires_odb10/hmms/487at314147.hmm /home/bgerda/guppy_SUP/busco_results/run_glires_odb10/metaeuk_output/rerun_results/ragtag.scaffold.fasta.modified.fas 
# Current dir:     /home/bgerda/guppy_SUP
# Date:            Sun May 21 15:29:16 2023
# [ok]
