#                                                                                             --- full sequence --- -------------- this domain -------------   hmm coord   ali coord   env coord
# target name                         accession   tlen query name           accession   qlen   E-value  score  bias   #  of  c-Evalue  i-Evalue  score  bias  from    to  from    to  from    to  acc description of target
#                 ------------------- ---------- ----- -------------------- ---------- ----- --------- ------ ----- --- --- --------- --------- ------ ----- ----- ----- ----- ----- ----- ----- ---- ---------------------
NW_025965324.1_RagTag:667565-665169   -            506 6613at314147         -            836   5.2e-75  249.4  13.8   1   2     7e-65   1.5e-63  211.5   6.1   141   399     1   276     1   334 0.82 -
NW_025965324.1_RagTag:667565-665169   -            506 6613at314147         -            836   5.2e-75  249.4  13.8   2   2   7.8e-14   1.6e-12   42.6   0.9   443   509   360   425   354   462 0.86 -
contig_18340_pilon:828-2186           -            453 6613at314147         -            836   2.5e-72  240.5 190.3   1  12   6.8e-10   1.4e-08   29.6   7.0   139   188     1    50     1    52 0.94 -
contig_18340_pilon:828-2186           -            453 6613at314147         -            836   2.5e-72  240.5 190.3   2  12   1.1e-09   2.3e-08   28.9   8.2   141   185    31    75    30    80 0.91 -
contig_18340_pilon:828-2186           -            453 6613at314147         -            836   2.5e-72  240.5 190.3   3  12   2.4e-11     5e-10   34.4   9.0   127   180    45    98    42   104 0.91 -
contig_18340_pilon:828-2186           -            453 6613at314147         -            836   2.5e-72  240.5 190.3   4  12   1.7e-12   3.5e-11   38.2  11.0   127   186    73   132    72   135 0.95 -
contig_18340_pilon:828-2186           -            453 6613at314147         -            836   2.5e-72  240.5 190.3   5  12   3.4e-11   7.1e-10   33.9  11.4   133   186   107   160   103   165 0.92 -
contig_18340_pilon:828-2186           -            453 6613at314147         -            836   2.5e-72  240.5 190.3   6  12   2.1e-10   4.3e-09   31.3   8.4   128   185   158   215   157   217 0.90 -
contig_18340_pilon:828-2186           -            453 6613at314147         -            836   2.5e-72  240.5 190.3   7  12   1.8e-12   3.8e-11   38.1   9.5   127   186   213   272   210   277 0.94 -
contig_18340_pilon:828-2186           -            453 6613at314147         -            836   2.5e-72  240.5 190.3   8  12   1.5e-12   3.2e-11   38.4   9.6   127   185   269   327   268   330 0.93 -
contig_18340_pilon:828-2186           -            453 6613at314147         -            836   2.5e-72  240.5 190.3   9  12   5.5e-10   1.2e-08   29.9   5.2   141   178   311   348   311   350 0.95 -
contig_18340_pilon:828-2186           -            453 6613at314147         -            836   2.5e-72  240.5 190.3  10  12   8.6e-12   1.8e-10   35.9  11.1   128   186   326   384   325   387 0.92 -
contig_18340_pilon:828-2186           -            453 6613at314147         -            836   2.5e-72  240.5 190.3  11  12   3.2e-11   6.8e-10   34.0   9.8   127   185   353   411   351   413 0.95 -
contig_18340_pilon:828-2186           -            453 6613at314147         -            836   2.5e-72  240.5 190.3  12  12   2.7e-07   5.6e-06   21.0   2.5   124   166   406   448   404   451 0.79 -
contig_36320_pilon:1246-2160          -            305 6613at314147         -            836   1.5e-62  208.1 133.9   1  10   5.8e-10   1.2e-08   29.8   4.6   139   178     1    40     1    42 0.94 -
contig_36320_pilon:1246-2160          -            305 6613at314147         -            836   1.5e-62  208.1 133.9   2  10   1.2e-10   2.6e-09   32.1   5.8   141   185    31    75    30    77 0.92 -
contig_36320_pilon:1246-2160          -            305 6613at314147         -            836   1.5e-62  208.1 133.9   3  10     2e-10   4.2e-09   31.3   5.7   128   176    46    94    45    94 0.92 -
contig_36320_pilon:1246-2160          -            305 6613at314147         -            836   1.5e-62  208.1 133.9   4  10     6e-12   1.3e-10   36.4   7.9   127   177    73   123    69   124 0.94 -
contig_36320_pilon:1246-2160          -            305 6613at314147         -            836   1.5e-62  208.1 133.9   5  10   1.8e-11   3.8e-10   34.8   3.7   141   184   115   158   114   160 0.91 -
contig_36320_pilon:1246-2160          -            305 6613at314147         -            836   1.5e-62  208.1 133.9   6  10   3.4e-10   7.3e-09   30.6   5.2   135   177   137   179   137   183 0.91 -
contig_36320_pilon:1246-2160          -            305 6613at314147         -            836   1.5e-62  208.1 133.9   7  10   1.1e-10   2.3e-09   32.3   8.6   129   185   159   215   155   220 0.90 -
contig_36320_pilon:1246-2160          -            305 6613at314147         -            836   1.5e-62  208.1 133.9   8  10   8.9e-11   1.9e-09   32.5   5.3   128   177   186   235   182   237 0.91 -
contig_36320_pilon:1246-2160          -            305 6613at314147         -            836   1.5e-62  208.1 133.9   9  10   1.2e-12   2.6e-11   38.7   7.9   128   179   214   265   212   268 0.89 -
contig_36320_pilon:1246-2160          -            305 6613at314147         -            836   1.5e-62  208.1 133.9  10  10   5.5e-10   1.2e-08   29.9   7.5   141   185   255   299   255   304 0.94 -
contig_43334_pilon:944-2038           -            365 6613at314147         -            836   8.4e-61  202.4 159.3   1  10   1.8e-10   3.9e-09   31.5   7.0   135   185     1    51     1    52 0.91 -
contig_43334_pilon:944-2038           -            365 6613at314147         -            836   8.4e-61  202.4 159.3   2  10   8.4e-10   1.8e-08   29.3   6.1   141   179    35    73    35    79 0.91 -
contig_43334_pilon:944-2038           -            365 6613at314147         -            836   8.4e-61  202.4 159.3   3  10   6.2e-10   1.3e-08   29.7  10.1   127   177    49    99    46   102 0.91 -
contig_43334_pilon:944-2038           -            365 6613at314147         -            836   8.4e-61  202.4 159.3   4  10   1.2e-10   2.6e-09   32.0  12.5   128   185    78   135    77   139 0.89 -
contig_43334_pilon:944-2038           -            365 6613at314147         -            836   8.4e-61  202.4 159.3   5  10   2.1e-10   4.5e-09   31.3   9.7   127   185   105   163   103   166 0.90 -
contig_43334_pilon:944-2038           -            365 6613at314147         -            836   8.4e-61  202.4 159.3   6  10   2.8e-10   5.8e-09   30.9   7.8   127   177   133   183   131   187 0.90 -
contig_43334_pilon:944-2038           -            365 6613at314147         -            836   8.4e-61  202.4 159.3   7  10   1.1e-12   2.3e-11   38.9   9.8   128   188   162   222   161   224 0.92 -
contig_43334_pilon:944-2038           -            365 6613at314147         -            836   8.4e-61  202.4 159.3   8  10   2.3e-10   4.8e-09   31.2   7.3   128   179   218   270   217   275 0.88 -
contig_43334_pilon:944-2038           -            365 6613at314147         -            836   8.4e-61  202.4 159.3   9  10   6.3e-11   1.3e-09   33.0   7.4   127   185   245   303   244   305 0.92 -
contig_43334_pilon:944-2038           -            365 6613at314147         -            836   8.4e-61  202.4 159.3  10  10   2.9e-12   6.2e-11   37.4   9.9   127   185   301   359   298   365 0.88 -
NW_025965341.1_RagTag:10127-11137     -            337 6613at314147         -            836   2.8e-57  190.7  62.0   1   9   6.1e-09   1.3e-07   26.4   5.2   139   179     2    42     1    46 0.94 -
NW_025965341.1_RagTag:10127-11137     -            337 6613at314147         -            836   2.8e-57  190.7  62.0   2   9   5.1e-09   1.1e-07   26.7   1.4   722   754    44    76    41    81 0.85 -
NW_025965341.1_RagTag:10127-11137     -            337 6613at314147         -            836   2.8e-57  190.7  62.0   3   9   1.5e-09   3.3e-08   28.4   5.3   128   181    75   128    70   132 0.91 -
NW_025965341.1_RagTag:10127-11137     -            337 6613at314147         -            836   2.8e-57  190.7  62.0   4   9   1.1e-11   2.4e-10   35.5   4.0   128   177   103   152   102   155 0.90 -
NW_025965341.1_RagTag:10127-11137     -            337 6613at314147         -            836   2.8e-57  190.7  62.0   5   9   1.8e-10   3.7e-09   31.5   2.8   134   178   137   181   136   191 0.93 -
NW_025965341.1_RagTag:10127-11137     -            337 6613at314147         -            836   2.8e-57  190.7  62.0   6   9   8.6e-11   1.8e-09   32.6   1.4   139   179   199   239   189   241 0.93 -
NW_025965341.1_RagTag:10127-11137     -            337 6613at314147         -            836   2.8e-57  190.7  62.0   7   9   1.1e-09   2.3e-08   28.9   0.2   722   754   241   273   238   274 0.93 -
NW_025965341.1_RagTag:10127-11137     -            337 6613at314147         -            836   2.8e-57  190.7  62.0   8   9   1.9e-10   4.1e-09   31.4   0.8   722   754   269   301   267   303 0.94 -
NW_025965341.1_RagTag:10127-11137     -            337 6613at314147         -            836   2.8e-57  190.7  62.0   9   9   1.6e-08   3.4e-07   25.0   1.3   722   755   297   330   294   336 0.90 -
NW_025965432.1_RagTag:532065-533174   -            370 6613at314147         -            836   1.1e-56  188.8  85.2   1  10   9.7e-10     2e-08   29.1  11.0   134   181     5    52     2    56 0.91 -
NW_025965432.1_RagTag:532065-533174   -            370 6613at314147         -            836   1.1e-56  188.8  85.2   2  10   8.6e-09   1.8e-07   26.0   8.4   136   182    35    81    34    84 0.90 -
NW_025965432.1_RagTag:532065-533174   -            370 6613at314147         -            836   1.1e-56  188.8  85.2   3  10     2e-09   4.2e-08   28.1   8.1   133   185    60   112    56   117 0.91 -
NW_025965432.1_RagTag:532065-533174   -            370 6613at314147         -            836   1.1e-56  188.8  85.2   4  10   1.6e-11   3.4e-10   35.0   6.9   134   179   117   162   112   164 0.91 -
NW_025965432.1_RagTag:532065-533174   -            370 6613at314147         -            836   1.1e-56  188.8  85.2   5  10   1.3e-11   2.8e-10   35.3   5.1   139   185   150   196   150   201 0.95 -
NW_025965432.1_RagTag:532065-533174   -            370 6613at314147         -            836   1.1e-56  188.8  85.2   6  10   1.9e-10     4e-09   31.4   5.7   134   185   201   252   195   253 0.91 -
NW_025965432.1_RagTag:532065-533174   -            370 6613at314147         -            836   1.1e-56  188.8  85.2   7  10   5.4e-11   1.1e-09   33.2   5.6   139   185   234   280   233   282 0.96 -
NW_025965432.1_RagTag:532065-533174   -            370 6613at314147         -            836   1.1e-56  188.8  85.2   8  10   1.2e-10   2.6e-09   32.1   5.9   134   178   257   301   252   304 0.93 -
NW_025965432.1_RagTag:532065-533174   -            370 6613at314147         -            836   1.1e-56  188.8  85.2   9  10     4e-08   8.4e-07   23.7   0.6   723   754   305   336   301   338 0.94 -
NW_025965432.1_RagTag:532065-533174   -            370 6613at314147         -            836   1.1e-56  188.8  85.2  10  10   2.9e-06     6e-05   17.6   1.4   722   755   332   365   329   370 0.86 -
contig_52188_pilon:1196-282           -            305 6613at314147         -            836   7.7e-50  166.1 106.3   1   8     2e-07   4.1e-06   21.5   2.1   144   185     1    42     1    46 0.94 -
contig_52188_pilon:1196-282           -            305 6613at314147         -            836   7.7e-50  166.1 106.3   2   8   1.2e-11   2.6e-10   35.4   6.0   134   185    19    70    16    71 0.92 -
contig_52188_pilon:1196-282           -            305 6613at314147         -            836   7.7e-50  166.1 106.3   3   8   1.2e-11   2.5e-10   35.4   8.9   127   185    40    98    39   102 0.91 -
contig_52188_pilon:1196-282           -            305 6613at314147         -            836   7.7e-50  166.1 106.3   4   8     2e-11   4.2e-10   34.7   8.0   127   177    96   146    93   149 0.91 -
contig_52188_pilon:1196-282           -            305 6613at314147         -            836   7.7e-50  166.1 106.3   5   8   3.8e-09     8e-08   27.1   5.3   141   179   138   176   138   188 0.92 -
contig_52188_pilon:1196-282           -            305 6613at314147         -            836   7.7e-50  166.1 106.3   6   8   2.8e-11   5.9e-10   34.2   7.1   134   186   187   239   180   243 0.88 -
contig_52188_pilon:1196-282           -            305 6613at314147         -            836   7.7e-50  166.1 106.3   7   8   5.5e-12   1.2e-10   36.5   7.4   127   185   208   266   207   267 0.91 -
contig_52188_pilon:1196-282           -            305 6613at314147         -            836   7.7e-50  166.1 106.3   8   8   2.1e-11   4.3e-10   34.6   5.9   127   179   236   288   235   298 0.91 -
NW_025965341.1_RagTag:104516-49663    -            298 6613at314147         -            836   1.6e-47  158.4  51.4   1   7   3.4e-15   7.2e-14   47.1   4.5   131   178    18    65    14    68 0.92 -
NW_025965341.1_RagTag:104516-49663    -            298 6613at314147         -            836   1.6e-47  158.4  51.4   2   7   9.1e-08   1.9e-06   22.6   0.2   722   746    68    92    64    96 0.90 -
NW_025965341.1_RagTag:104516-49663    -            298 6613at314147         -            836   1.6e-47  158.4  51.4   3   7   6.8e-09   1.4e-07   26.3   1.0   722   754    96   128    92   133 0.83 -
NW_025965341.1_RagTag:104516-49663    -            298 6613at314147         -            836   1.6e-47  158.4  51.4   4   7   3.2e-05   0.00068   14.1   0.9   722   749   124   151   120   153 0.91 -
NW_025965341.1_RagTag:104516-49663    -            298 6613at314147         -            836   1.6e-47  158.4  51.4   5   7    0.0012     0.025    9.0   0.2   721   750   151   180   150   192 0.82 -
NW_025965341.1_RagTag:104516-49663    -            298 6613at314147         -            836   1.6e-47  158.4  51.4   6   7   1.1e-10   2.2e-09   32.3   5.2   137   185   192   240   177   244 0.86 -
NW_025965341.1_RagTag:104516-49663    -            298 6613at314147         -            836   1.6e-47  158.4  51.4   7   7   7.8e-12   1.6e-10   36.0   5.9   132   185   243   296   237   298 0.89 -
NW_025965341.1_RagTag:136335-135751   -            195 6613at314147         -            836   1.7e-42  141.8  37.9   1   5   4.4e-17   9.2e-16   53.4   3.4   133   185     5    57     1    60 0.92 -
NW_025965341.1_RagTag:136335-135751   -            195 6613at314147         -            836   1.7e-42  141.8  37.9   2   5   6.3e-10   1.3e-08   29.7   1.0   141   177    41    77    41    78 0.97 -
NW_025965341.1_RagTag:136335-135751   -            195 6613at314147         -            836   1.7e-42  141.8  37.9   3   5   3.7e-11   7.9e-10   33.8   5.6   134   179    62   107    59   109 0.94 -
NW_025965341.1_RagTag:136335-135751   -            195 6613at314147         -            836   1.7e-42  141.8  37.9   4   5   6.1e-09   1.3e-07   26.5   0.7   722   755   109   142   106   146 0.91 -
NW_025965341.1_RagTag:136335-135751   -            195 6613at314147         -            836   1.7e-42  141.8  37.9   5   5   6.6e-14   1.4e-12   42.9   7.7   133   181   145   193   140   195 0.92 -
NW_025965375.1_RagTag:158111-157530   -            194 6613at314147         -            836   1.8e-42  141.7  60.7   1   6     2e-11   4.2e-10   34.7   7.0   135   187     1    53     1    55 0.92 -
NW_025965375.1_RagTag:158111-157530   -            194 6613at314147         -            836   1.8e-42  141.7  60.7   2   6   6.3e-10   1.3e-08   29.7   2.7   141   176    35    70    34    71 0.96 -
NW_025965375.1_RagTag:158111-157530   -            194 6613at314147         -            836   1.8e-42  141.7  60.7   3   6   1.4e-12     3e-11   38.5   4.1   133   176    55    98    51    99 0.93 -
NW_025965375.1_RagTag:158111-157530   -            194 6613at314147         -            836   1.8e-42  141.7  60.7   4   6   5.6e-12   1.2e-10   36.5   2.4   141   188    91   138    90   140 0.93 -
NW_025965375.1_RagTag:158111-157530   -            194 6613at314147         -            836   1.8e-42  141.7  60.7   5   6   1.8e-10   3.9e-09   31.5   1.7   141   178   119   156   119   157 0.97 -
NW_025965375.1_RagTag:158111-157530   -            194 6613at314147         -            836   1.8e-42  141.7  60.7   6   6   4.8e-11     1e-09   33.4   4.1   134   185   140   191   137   193 0.90 -
NW_025965250.1_RagTag:247715-246891   -            275 6613at314147         -            836     3e-42  141.0  63.7   1   8   2.9e-10   6.2e-09   30.8   4.5   140   176     4    40     1    40 0.95 -
NW_025965250.1_RagTag:247715-246891   -            275 6613at314147         -            836     3e-42  141.0  63.7   2   8   1.1e-12   2.2e-11   38.9   2.9   141   181    33    73    32    78 0.91 -
NW_025965250.1_RagTag:247715-246891   -            275 6613at314147         -            836     3e-42  141.0  63.7   3   8   2.9e-06   6.1e-05   17.6   3.9   144   181    64   101    64   108 0.88 -
NW_025965250.1_RagTag:247715-246891   -            275 6613at314147         -            836     3e-42  141.0  63.7   4   8     2e-07   4.1e-06   21.5   8.8   132   177    80   125    76   131 0.90 -
NW_025965250.1_RagTag:247715-246891   -            275 6613at314147         -            836     3e-42  141.0  63.7   5   8   4.3e-09     9e-08   27.0   9.7   130   180   106   156   100   164 0.86 -
NW_025965250.1_RagTag:247715-246891   -            275 6613at314147         -            836     3e-42  141.0  63.7   6   8   4.8e-11     1e-09   33.4   6.4   127   180   159   212   153   219 0.90 -
NW_025965250.1_RagTag:247715-246891   -            275 6613at314147         -            836     3e-42  141.0  63.7   7   8   8.5e-08   1.8e-06   22.7   4.2   132   172   192   232   188   232 0.91 -
NW_025965250.1_RagTag:247715-246891   -            275 6613at314147         -            836     3e-42  141.0  63.7   8   8   3.9e-11   8.2e-10   33.7   5.8   132   185   220   273   213   275 0.87 -
contig_36320_pilon:558-1202           -            215 6613at314147         -            836   1.1e-41  139.2  97.1   1   7   1.2e-07   2.4e-06   22.2   3.4   135   177     2    44     1    46 0.93 -
contig_36320_pilon:558-1202           -            215 6613at314147         -            836   1.1e-41  139.2  97.1   2   7   4.3e-11   9.1e-10   33.6   5.8   141   185    36    80    35    83 0.91 -
contig_36320_pilon:558-1202           -            215 6613at314147         -            836   1.1e-41  139.2  97.1   3   7   1.4e-09     3e-08   28.5   6.2   141   183    64   106    63   108 0.91 -
contig_36320_pilon:558-1202           -            215 6613at314147         -            836   1.1e-41  139.2  97.1   4   7   5.3e-11   1.1e-09   33.3   9.7   127   185    78   136    75   139 0.90 -
contig_36320_pilon:558-1202           -            215 6613at314147         -            836   1.1e-41  139.2  97.1   5   7   7.6e-11   1.6e-09   32.7  10.8   127   185   106   164   101   167 0.90 -
contig_36320_pilon:558-1202           -            215 6613at314147         -            836   1.1e-41  139.2  97.1   6   7   8.5e-11   1.8e-09   32.6   7.0   128   177   135   184   134   188 0.90 -
contig_36320_pilon:558-1202           -            215 6613at314147         -            836   1.1e-41  139.2  97.1   7   7   4.6e-11   9.8e-10   33.5   6.5   127   178   162   213   160   215 0.92 -
NW_025965250.1_RagTag:54757-54140     -            206 6613at314147         -            836   2.7e-40  134.6  31.2   1   4   8.3e-12   1.8e-10   35.9   2.3   129   176     2    49     1    54 0.92 -
NW_025965250.1_RagTag:54757-54140     -            206 6613at314147         -            836   2.7e-40  134.6  31.2   2   4   3.6e-16   7.6e-15   50.4   2.1   136   190    37    91    36    95 0.93 -
NW_025965250.1_RagTag:54757-54140     -            206 6613at314147         -            836   2.7e-40  134.6  31.2   3   4     5e-13   1.1e-11   40.0   4.4   129   185    86   142    84   144 0.90 -
NW_025965250.1_RagTag:54757-54140     -            206 6613at314147         -            836   2.7e-40  134.6  31.2   4   4   2.5e-13   5.3e-12   40.9   4.8   128   187   141   200   137   204 0.94 -
NW_025965071.1_RagTag:3463-4485       -            341 6613at314147         -            836   1.5e-39  132.0  69.5   1   8    0.0051      0.11    6.9   0.5   732   754     1    23     1    28 0.86 -
NW_025965071.1_RagTag:3463-4485       -            341 6613at314147         -            836   1.5e-39  132.0  69.5   2   8   8.5e-07   1.8e-05   19.3   1.0   129   177    23    71    21    79 0.91 -
NW_025965071.1_RagTag:3463-4485       -            341 6613at314147         -            836   1.5e-39  132.0  69.5   3   8   7.6e-07   1.6e-05   19.5   7.4   135   186    85   136    76   140 0.88 -
NW_025965071.1_RagTag:3463-4485       -            341 6613at314147         -            836   1.5e-39  132.0  69.5   4   8   1.4e-07   2.9e-06   22.0   6.8   135   177   113   155   113   159 0.93 -
NW_025965071.1_RagTag:3463-4485       -            341 6613at314147         -            836   1.5e-39  132.0  69.5   5   8   4.1e-06   8.7e-05   17.1   2.0   722   755   159   192   156   197 0.91 -
NW_025965071.1_RagTag:3463-4485       -            341 6613at314147         -            836   1.5e-39  132.0  69.5   6   8   2.2e-11   4.6e-10   34.5   6.8   126   177   189   239   185   248 0.84 -
NW_025965071.1_RagTag:3463-4485       -            341 6613at314147         -            836   1.5e-39  132.0  69.5   7   8   6.6e-13   1.4e-11   39.6   7.1   131   184   249   302   243   304 0.87 -
NW_025965071.1_RagTag:3463-4485       -            341 6613at314147         -            836   1.5e-39  132.0  69.5   8   8     8e-08   1.7e-06   22.7   3.3   725   755   302   332   295   341 0.53 -
contig_78026_pilon:1141-2283          -            381 6613at314147         -            836   4.1e-38  127.3  40.0   1   8       2.4        50   -2.0   0.0   141   163     1    23     1    27 0.80 -
contig_78026_pilon:1141-2283          -            381 6613at314147         -            836   4.1e-38  127.3  40.0   2   8   2.2e-06   4.5e-05   18.0   0.3   138   186    29    78    19    82 0.88 -
contig_78026_pilon:1141-2283          -            381 6613at314147         -            836   4.1e-38  127.3  40.0   3   8    0.0016     0.034    8.5   0.1   134   166    86   118    75   125 0.84 -
contig_78026_pilon:1141-2283          -            381 6613at314147         -            836   4.1e-38  127.3  40.0   4   8   1.7e-11   3.5e-10   34.9   4.2   136   185   147   196   131   196 0.89 -
contig_78026_pilon:1141-2283          -            381 6613at314147         -            836   4.1e-38  127.3  40.0   5   8     1e-11   2.1e-10   35.7   4.9   141   223   180   263   180   271 0.77 -
contig_78026_pilon:1141-2283          -            381 6613at314147         -            836   4.1e-38  127.3  40.0   6   8   1.9e-09     4e-08   28.1   0.8   140   177   274   311   267   314 0.94 -
contig_78026_pilon:1141-2283          -            381 6613at314147         -            836   4.1e-38  127.3  40.0   7   8   1.6e-13   3.3e-12   41.6   5.3   129   185   291   347   291   351 0.92 -
contig_78026_pilon:1141-2283          -            381 6613at314147         -            836   4.1e-38  127.3  40.0   8   8   2.2e-05   0.00046   14.7   0.3   133   163   351   381   342   381 0.78 -
NW_025965182.1_RagTag:1758025-1759086 -            354 6613at314147         -            836   7.5e-38  126.5  57.1   1   8   1.2e-06   2.5e-05   18.8   0.3   144   185     1    42     1    47 0.92 -
NW_025965182.1_RagTag:1758025-1759086 -            354 6613at314147         -            836   7.5e-38  126.5  57.1   2   8   4.1e-06   8.7e-05   17.1   0.2   128   182    41    95    35    99 0.74 -
NW_025965182.1_RagTag:1758025-1759086 -            354 6613at314147         -            836   7.5e-38  126.5  57.1   3   8   2.5e-09   5.3e-08   27.7   2.9   127   185    68   126    53   131 0.89 -
NW_025965182.1_RagTag:1758025-1759086 -            354 6613at314147         -            836   7.5e-38  126.5  57.1   4   8   1.4e-07     3e-06   21.9   4.7   137   185   134   182   124   182 0.90 -
NW_025965182.1_RagTag:1758025-1759086 -            354 6613at314147         -            836   7.5e-38  126.5  57.1   5   8   1.1e-11   2.3e-10   35.5   7.4   127   187   152   212   150   214 0.87 -
NW_025965182.1_RagTag:1758025-1759086 -            354 6613at314147         -            836   7.5e-38  126.5  57.1   6   8   1.8e-10   3.8e-09   31.5   6.9   123   185   204   266   202   268 0.96 -
NW_025965182.1_RagTag:1758025-1759086 -            354 6613at314147         -            836   7.5e-38  126.5  57.1   7   8   6.8e-06   0.00014   16.4   1.0   723   754   263   294   261   300 0.83 -
NW_025965182.1_RagTag:1758025-1759086 -            354 6613at314147         -            836   7.5e-38  126.5  57.1   8   8   5.3e-08   1.1e-06   23.3   5.4   136   181   301   346   292   352 0.85 -
contig_10836_pilon:117-731            -            205 6613at314147         -            836   8.7e-38  126.2  63.3   1   5   5.1e-13   1.1e-11   39.9   8.5   133   186     5    58     1    63 0.92 -
contig_10836_pilon:117-731            -            205 6613at314147         -            836   8.7e-38  126.2  63.3   2   5   3.4e-09   7.2e-08   27.3   5.0   141   178    41    78    41    81 0.94 -
contig_10836_pilon:117-731            -            205 6613at314147         -            836   8.7e-38  126.2  63.3   3   5   5.2e-12   1.1e-10   36.6   6.6   137   185    65   113    59   117 0.92 -
contig_10836_pilon:117-731            -            205 6613at314147         -            836   8.7e-38  126.2  63.3   4   5   1.9e-12     4e-11   38.0   4.6   128   176   112   160   111   161 0.95 -
contig_10836_pilon:117-731            -            205 6613at314147         -            836   8.7e-38  126.2  63.3   5   5   1.1e-11   2.2e-10   35.6   6.6   141   185   153   197   152   203 0.94 -
contig_59446_pilon:2-793              -            208 6613at314147         -            836   3.2e-36  121.1  45.9   1   4   1.9e-13   3.9e-12   41.4  11.5   127   185     5    63     2    68 0.94 -
contig_59446_pilon:2-793              -            208 6613at314147         -            836   3.2e-36  121.1  45.9   2   4     2e-11   4.2e-10   34.7   8.4   128   188    62   122    61   124 0.91 -
contig_59446_pilon:2-793              -            208 6613at314147         -            836   3.2e-36  121.1  45.9   3   4   3.2e-12   6.7e-11   37.3  10.7   127   185   117   175   113   175 0.93 -
contig_59446_pilon:2-793              -            208 6613at314147         -            836   3.2e-36  121.1  45.9   4   4   4.4e-11   9.3e-10   33.5   2.7   141   181   159   199   158   206 0.90 -
contig_33351_pilon:20-586             -            189 6613at314147         -            836   5.7e-36  120.2  53.8   1   5   6.5e-11   1.4e-09   33.0   1.2   141   178     1    38     1    42 0.93 -
contig_33351_pilon:20-586             -            189 6613at314147         -            836   5.7e-36  120.2  53.8   2   5   5.4e-11   1.1e-09   33.2   2.8   141   185    29    73    29    75 0.94 -
contig_33351_pilon:20-586             -            189 6613at314147         -            836   5.7e-36  120.2  53.8   3   5   1.4e-11     3e-10   35.1   7.1   128   181    72   125    71   130 0.92 -
contig_33351_pilon:20-586             -            189 6613at314147         -            836   5.7e-36  120.2  53.8   4   5     7e-11   1.5e-09   32.9   6.2   132   185   104   157   100   157 0.90 -
contig_33351_pilon:20-586             -            189 6613at314147         -            836   5.7e-36  120.2  53.8   5   5   9.1e-12   1.9e-10   35.8   5.6   128   181   128   181   125   188 0.89 -
contig_83186_pilon:3012-2101          -            304 6613at314147         -            836   6.1e-35  116.8  80.2   1   6   1.3e-10   2.7e-09   32.0   7.0   135   177     2    44     1    46 0.94 -
contig_83186_pilon:3012-2101          -            304 6613at314147         -            836   6.1e-35  116.8  80.2   2   6   3.2e-10   6.7e-09   30.7   7.3   141   185    36    80    35    81 0.91 -
contig_83186_pilon:3012-2101          -            304 6613at314147         -            836   6.1e-35  116.8  80.2   3   6     2e-10   4.3e-09   31.3   9.8   128   185    51   108    50   112 0.89 -
contig_83186_pilon:3012-2101          -            304 6613at314147         -            836   6.1e-35  116.8  80.2   4   6   2.4e-09   5.1e-08   27.8   4.7   127   172    78   123    76   123 0.93 -
contig_83186_pilon:3012-2101          -            304 6613at314147         -            836   6.1e-35  116.8  80.2   5   6   9.6e-12     2e-10   35.7   8.3   127   180   106   160   105   177 0.88 -
contig_83186_pilon:3012-2101          -            304 6613at314147         -            836   6.1e-35  116.8  80.2   6   6   7.9e-09   1.7e-07   26.1   3.3   134   177   252   295   246   302 0.92 -
contig_28105_pilon:1448-873           -            192 6613at314147         -            836     7e-35  116.6  27.4   1   4   2.7e-11   5.7e-10   34.2   3.3   135   186     1    52     1    55 0.93 -
contig_28105_pilon:1448-873           -            192 6613at314147         -            836     7e-35  116.6  27.4   2   4   5.8e-12   1.2e-10   36.4   1.5   128   185    50   107    48   112 0.93 -
contig_28105_pilon:1448-873           -            192 6613at314147         -            836     7e-35  116.6  27.4   3   4   2.1e-13   4.4e-12   41.2   3.2   132   180   110   158   105   160 0.90 -
contig_28105_pilon:1448-873           -            192 6613at314147         -            836     7e-35  116.6  27.4   4   4   1.1e-07   2.4e-06   22.2   0.4   722   754   159   191   156   192 0.91 -
NW_025965207.1_RagTag:11388-10717     -            224 6613at314147         -            836   8.3e-35  116.4  77.0   1   7   7.2e-11   1.5e-09   32.8   3.3   139   178     3    42     1    45 0.92 -
NW_025965207.1_RagTag:11388-10717     -            224 6613at314147         -            836   8.3e-35  116.4  77.0   2   7   5.6e-06   0.00012   16.6   5.6   141   177    33    69    33    74 0.94 -
NW_025965207.1_RagTag:11388-10717     -            224 6613at314147         -            836   8.3e-35  116.4  77.0   3   7     4e-05   0.00085   13.8  10.3   127   180    47   100    42   101 0.90 -
NW_025965207.1_RagTag:11388-10717     -            224 6613at314147         -            836   8.3e-35  116.4  77.0   4   7   1.6e-07   3.4e-06   21.8   8.3   127   172    74   119    67   119 0.95 -
NW_025965207.1_RagTag:11388-10717     -            224 6613at314147         -            836   8.3e-35  116.4  77.0   5   7   1.5e-13   3.1e-12   41.7   9.8   127   179   102   154    98   156 0.95 -
NW_025965207.1_RagTag:11388-10717     -            224 6613at314147         -            836   8.3e-35  116.4  77.0   6   7   1.2e-10   2.5e-09   32.1   4.0   141   176   144   179   143   180 0.96 -
NW_025965207.1_RagTag:11388-10717     -            224 6613at314147         -            836   8.3e-35  116.4  77.0   7   7   9.1e-12   1.9e-10   35.8   6.3   135   180   166   211   166   221 0.88 -
contig_70752_pilon:982-1554           -            191 6613at314147         -            836   4.6e-34  113.9  38.8   1   5   6.2e-06   0.00013   16.5   0.7   728   753     6    31     1    35 0.69 -
contig_70752_pilon:982-1554           -            191 6613at314147         -            836   4.6e-34  113.9  38.8   2   5   3.4e-11   7.2e-10   33.9   5.8   127   177    30    80    25    82 0.94 -
contig_70752_pilon:982-1554           -            191 6613at314147         -            836   4.6e-34  113.9  38.8   3   5   3.2e-13   6.8e-12   40.6   8.3   127   185    58   116    56   120 0.93 -
contig_70752_pilon:982-1554           -            191 6613at314147         -            836   4.6e-34  113.9  38.8   4   5   8.9e-13   1.9e-11   39.1   5.7   127   178   114   165   112   169 0.91 -
contig_70752_pilon:982-1554           -            191 6613at314147         -            836   4.6e-34  113.9  38.8   5   5   6.4e-09   1.4e-07   26.4   1.7   141   176   156   191   156   191 0.97 -
NW_025965341.1_RagTag:79016-79627     -            204 6613at314147         -            836   5.3e-34  113.7  34.1   1   5   1.1e-08   2.2e-07   25.7   5.0   134   181     6    53     1    59 0.88 -
NW_025965341.1_RagTag:79016-79627     -            204 6613at314147         -            836   5.3e-34  113.7  34.1   2   5   7.9e-14   1.7e-12   42.6   5.0   128   179    56   107    52   111 0.91 -
NW_025965341.1_RagTag:79016-79627     -            204 6613at314147         -            836   5.3e-34  113.7  34.1   3   5   2.6e-06   5.5e-05   17.7   0.5   722   747   109   134   105   138 0.88 -
NW_025965341.1_RagTag:79016-79627     -            204 6613at314147         -            836   5.3e-34  113.7  34.1   4   5     1e-07   2.1e-06   22.4   0.2   723   754   138   169   135   169 0.92 -
NW_025965341.1_RagTag:79016-79627     -            204 6613at314147         -            836   5.3e-34  113.7  34.1   5   5   4.4e-09   9.2e-08   26.9   0.2   722   754   165   197   162   202 0.89 -
NW_025965289.1_RagTag:81477-82172     -            232 6613at314147         -            836   1.9e-33  111.9  29.0   1   6   1.6e-05   0.00033   15.1   0.1   137   169    42    74    35    74 0.93 -
NW_025965289.1_RagTag:81477-82172     -            232 6613at314147         -            836   1.9e-33  111.9  29.0   2   6   2.1e-14   4.3e-13   44.5   6.1   129   181    62   114    61   118 0.91 -
NW_025965289.1_RagTag:81477-82172     -            232 6613at314147         -            836   1.9e-33  111.9  29.0   3   6   1.8e-09   3.7e-08   28.2   0.9   722   755   114   147   111   148 0.91 -
NW_025965289.1_RagTag:81477-82172     -            232 6613at314147         -            836   1.9e-33  111.9  29.0   4   6   5.8e-07   1.2e-05   19.9   0.5   156   185   145   174   144   176 0.77 -
NW_025965289.1_RagTag:81477-82172     -            232 6613at314147         -            836   1.9e-33  111.9  29.0   5   6   1.2e-06   2.4e-05   18.9   0.4   723   754   171   202   168   203 0.85 -
NW_025965289.1_RagTag:81477-82172     -            232 6613at314147         -            836   1.9e-33  111.9  29.0   6   6     6e-07   1.3e-05   19.9   0.7   722   754   198   230   195   232 0.84 -
NW_025965207.1_RagTag:15963-15268     -            232 6613at314147         -            836   2.9e-33  111.3  59.6   1   6   4.6e-08   9.6e-07   23.6   5.2   141   181     1    41     1    48 0.91 -
NW_025965207.1_RagTag:15963-15268     -            232 6613at314147         -            836   2.9e-33  111.3  59.6   2   6   2.6e-06   5.6e-05   17.7   5.4   141   177    29    65    29    69 0.95 -
NW_025965207.1_RagTag:15963-15268     -            232 6613at314147         -            836   2.9e-33  111.3  59.6   3   6   4.4e-07   9.3e-06   20.3  12.3   127   185    43   100    39   103 0.88 -
NW_025965207.1_RagTag:15963-15268     -            232 6613at314147         -            836   2.9e-33  111.3  59.6   4   6   1.6e-09   3.4e-08   28.4  13.3   127   187    70   130    66   133 0.92 -
NW_025965207.1_RagTag:15963-15268     -            232 6613at314147         -            836   2.9e-33  111.3  59.6   5   6   9.7e-12     2e-10   35.7  13.7   127   185   126   184   122   188 0.90 -
NW_025965207.1_RagTag:15963-15268     -            232 6613at314147         -            836   2.9e-33  111.3  59.6   6   6   1.4e-10   2.9e-09   31.9   5.2   127   176   182   231   179   232 0.95 -
NW_025965317.1_RagTag:1470033-1469464 -            190 6613at314147         -            836   3.2e-33  111.2  36.8   1   4   1.1e-10   2.2e-09   32.3   4.1   139   185     1    47     1    48 0.96 -
NW_025965317.1_RagTag:1470033-1469464 -            190 6613at314147         -            836   3.2e-33  111.2  36.8   2   4   1.6e-08   3.4e-07   25.0   1.0   724   755    45    76    42    80 0.87 -
NW_025965317.1_RagTag:1470033-1469464 -            190 6613at314147         -            836   3.2e-33  111.2  36.8   3   4   1.7e-11   3.6e-10   34.9   6.0   134   178    80   124    75   133 0.90 -
NW_025965317.1_RagTag:1470033-1469464 -            190 6613at314147         -            836   3.2e-33  111.2  36.8   4   4   1.2e-11   2.5e-10   35.4   6.7   133   187   135   189   130   190 0.92 -
NW_025965301.1_RagTag:107837-107190   -            216 6613at314147         -            836   6.4e-33  110.1  23.1   1   4   4.8e-11     1e-09   33.4   0.5   138   185    29    77    14    84 0.83 -
NW_025965301.1_RagTag:107837-107190   -            216 6613at314147         -            836   6.4e-33  110.1  23.1   2   4   6.6e-13   1.4e-11   39.6   1.3   134   180    82   128    70   129 0.88 -
NW_025965301.1_RagTag:107837-107190   -            216 6613at314147         -            836   6.4e-33  110.1  23.1   3   4   2.7e-07   5.8e-06   21.0   1.0   722   756   129   160   127   166 0.78 -
NW_025965301.1_RagTag:107837-107190   -            216 6613at314147         -            836   6.4e-33  110.1  23.1   4   4   6.9e-10   1.4e-08   29.6   4.4   129   178   161   209   156   216 0.86 -
NW_025965250.1_RagTag:8965-9597       -            211 6613at314147         -            836   1.6e-32  108.9  34.3   1   4     8e-11   1.7e-09   32.7   4.5   136   185    15    64     5    69 0.88 -
NW_025965250.1_RagTag:8965-9597       -            211 6613at314147         -            836   1.6e-32  108.9  34.3   2   4   3.8e-15     8e-14   47.0   6.1   131   185    66   120    62   126 0.90 -
NW_025965250.1_RagTag:8965-9597       -            211 6613at314147         -            836   1.6e-32  108.9  34.3   3   4   3.2e-07   6.7e-06   20.8   6.7   136   187   127   178   118   179 0.89 -
NW_025965250.1_RagTag:8965-9597       -            211 6613at314147         -            836   1.6e-32  108.9  34.3   4   4   5.7e-08   1.2e-06   23.2   0.3   723   754   173   204   169   209 0.87 -
NW_025965215.1_RagTag:23670-22372     -            433 6613at314147         -            836   2.2e-31  105.1  38.1   1   5   2.3e-13   4.9e-12   41.1   4.7   126   185   231   290   221   298 0.86 -
NW_025965215.1_RagTag:23670-22372     -            433 6613at314147         -            836   2.2e-31  105.1  38.1   2   5   6.6e-07   1.4e-05   19.7   1.1   139   181   300   341   296   342 0.88 -
NW_025965215.1_RagTag:23670-22372     -            433 6613at314147         -            836   2.2e-31  105.1  38.1   3   5   3.6e-09   7.6e-08   27.2   1.3   723   754   342   373   341   377 0.87 -
NW_025965215.1_RagTag:23670-22372     -            433 6613at314147         -            836   2.2e-31  105.1  38.1   4   5   2.3e-08   4.8e-07   24.6   3.5   723   754   370   401   366   403 0.89 -
NW_025965215.1_RagTag:23670-22372     -            433 6613at314147         -            836   2.2e-31  105.1  38.1   5   5   5.2e-06   0.00011   16.8   2.8   725   755   400   430   397   433 0.84 -
contig_53583_pilon:2129-1584          -            182 6613at314147         -            836   2.3e-31  105.0  36.8   1   5   2.6e-09   5.4e-08   27.7   2.3   141   174     1    34     1    34 0.97 -
contig_53583_pilon:2129-1584          -            182 6613at314147         -            836   2.3e-31  105.0  36.8   2   5   3.2e-12   6.7e-11   37.3   6.4   139   188    27    76    27    78 0.95 -
contig_53583_pilon:2129-1584          -            182 6613at314147         -            836   2.3e-31  105.0  36.8   3   5   3.5e-08   7.4e-07   23.9   6.3   127   174    71   118    67   118 0.95 -
contig_53583_pilon:2129-1584          -            182 6613at314147         -            836   2.3e-31  105.0  36.8   4   5   4.7e-11   9.9e-10   33.4   4.1   140   178   112   150   112   153 0.94 -
contig_53583_pilon:2129-1584          -            182 6613at314147         -            836   2.3e-31  105.0  36.8   5   5   7.5e-10   1.6e-08   29.5   0.6   141   178   141   178   140   182 0.93 -
NW_025965022.1_RagTag:266716-266135   -            194 6613at314147         -            836   2.4e-31  104.9  47.7   1   5   2.3e-13   4.8e-12   41.1   6.4   134   185     4    55     2    70 0.93 -
NW_025965022.1_RagTag:266716-266135   -            194 6613at314147         -            836   2.4e-31  104.9  47.7   2   5   9.5e-08     2e-06   22.5   0.4   135   174    33    72    32    82 0.93 -
NW_025965022.1_RagTag:266716-266135   -            194 6613at314147         -            836   2.4e-31  104.9  47.7   3   5   6.7e-12   1.4e-10   36.2   4.7   135   185    88   138    80   142 0.92 -
NW_025965022.1_RagTag:266716-266135   -            194 6613at314147         -            836   2.4e-31  104.9  47.7   4   5   2.2e-09   4.7e-08   27.9   1.8   140   176   121   157   120   157 0.97 -
NW_025965022.1_RagTag:266716-266135   -            194 6613at314147         -            836   2.4e-31  104.9  47.7   5   5   1.1e-08   2.3e-07   25.6   5.0   131   178   140   187   136   194 0.89 -
NW_025965235.1_RagTag:121831-121217   -            205 6613at314147         -            836   1.5e-30  102.3  42.7   1   5   1.2e-10   2.6e-09   32.1   3.1   137   185     9    57     1    58 0.91 -
NW_025965235.1_RagTag:121831-121217   -            205 6613at314147         -            836   1.5e-30  102.3  42.7   2   5   7.5e-10   1.6e-08   29.5   6.2   141   186    41    86    40    89 0.95 -
NW_025965235.1_RagTag:121831-121217   -            205 6613at314147         -            836   1.5e-30  102.3  42.7   3   5     7e-11   1.5e-09   32.9   9.3   129   179    85   135    83   141 0.89 -
NW_025965235.1_RagTag:121831-121217   -            205 6613at314147         -            836   1.5e-30  102.3  42.7   4   5   3.6e-08   7.6e-07   23.9   5.8   139   178   123   162   123   165 0.94 -
NW_025965235.1_RagTag:121831-121217   -            205 6613at314147         -            836   1.5e-30  102.3  42.7   5   5   6.5e-10   1.4e-08   29.7  10.2   129   185   141   197   135   204 0.89 -
NW_025965230.1_RagTag:917442-916915   -            176 6613at314147         -            836   5.3e-30  100.5  31.6   1   4   6.3e-08   1.3e-06   23.1   0.3   720   754     4    38     2    43 0.89 -
NW_025965230.1_RagTag:917442-916915   -            176 6613at314147         -            836   5.3e-30  100.5  31.6   2   4   3.3e-07   6.9e-06   20.7   1.0   722   748    34    60    32    64 0.87 -
NW_025965230.1_RagTag:917442-916915   -            176 6613at314147         -            836   5.3e-30  100.5  31.6   3   4   9.2e-07   1.9e-05   19.2   2.0   723   754    91   122    87   127 0.70 -
NW_025965230.1_RagTag:917442-916915   -            176 6613at314147         -            836   5.3e-30  100.5  31.6   4   4   7.9e-12   1.7e-10   36.0   7.9   130   180   123   173   120   176 0.92 -
NW_025965182.1_RagTag:1739884-1740459 -            192 6613at314147         -            836   1.5e-29   99.0  41.6   1   4   1.2e-08   2.6e-07   25.4   2.4   143   179     1    37     1    39 0.94 -
NW_025965182.1_RagTag:1739884-1740459 -            192 6613at314147         -            836   1.5e-29   99.0  41.6   2   4   1.2e-10   2.5e-09   32.1   7.6   141   184    27    71    26    77 0.88 -
NW_025965182.1_RagTag:1739884-1740459 -            192 6613at314147         -            836   1.5e-29   99.0  41.6   3   4   7.2e-10   1.5e-08   29.5   6.6   133   179    75   121    69   129 0.85 -
NW_025965182.1_RagTag:1739884-1740459 -            192 6613at314147         -            836   1.5e-29   99.0  41.6   4   4   6.1e-12   1.3e-10   36.4   8.2   132   185   130   183   125   188 0.91 -
NW_025965436.1_RagTag:1629-778        -            284 6613at314147         -            836   4.1e-29   97.6  74.4   1   8   2.2e-05   0.00047   14.7   9.5   138   178     4    44     1    51 0.89 -
NW_025965436.1_RagTag:1629-778        -            284 6613at314147         -            836   4.1e-29   97.6  74.4   2   8   1.2e-08   2.5e-07   25.5   8.6   137   176    31    70    29    72 0.94 -
NW_025965436.1_RagTag:1629-778        -            284 6613at314147         -            836   4.1e-29   97.6  74.4   3   8   8.7e-10   1.8e-08   29.2  10.7   128   185    50   107    47   115 0.89 -
NW_025965436.1_RagTag:1629-778        -            284 6613at314147         -            836   4.1e-29   97.6  74.4   4   8   3.7e-07   7.7e-06   20.6   8.1   136   180   114   158   102   164 0.86 -
NW_025965436.1_RagTag:1629-778        -            284 6613at314147         -            836   4.1e-29   97.6  74.4   5   8   4.6e-09   9.8e-08   26.8   5.1   138   178   144   184   143   194 0.90 -
NW_025965436.1_RagTag:1629-778        -            284 6613at314147         -            836   4.1e-29   97.6  74.4   6   8   1.6e-08   3.4e-07   25.1   7.5   132   182   166   216   160   220 0.88 -
NW_025965436.1_RagTag:1629-778        -            284 6613at314147         -            836   4.1e-29   97.6  74.4   7   8   4.1e-09   8.6e-08   27.0  11.7   133   185   195   247   184   252 0.84 -
NW_025965436.1_RagTag:1629-778        -            284 6613at314147         -            836   4.1e-29   97.6  74.4   8   8   1.5e-05   0.00032   15.2   3.5   132   166   250   284   245   284 0.78 -
NW_025965166.1_RagTag:131393-130962   -            144 6613at314147         -            836   1.1e-28   96.2  27.2   1   3   1.9e-15   4.1e-14   47.9   7.3   135   185     3    53     1    56 0.95 -
NW_025965166.1_RagTag:131393-130962   -            144 6613at314147         -            836   1.1e-28   96.2  27.2   2   3   1.2e-14   2.5e-13   45.3   1.8   133   185    57   109    52   109 0.92 -
NW_025965166.1_RagTag:131393-130962   -            144 6613at314147         -            836   1.1e-28   96.2  27.2   3   3   4.7e-09   9.8e-08   26.8   2.9   140   187    92   139    91   143 0.94 -
contig_31119_pilon:1895-1227          -            223 6613at314147         -            836   3.3e-28   94.5  24.7   1   4   2.8e-08   5.9e-07   24.3   0.7   140   186    26    73    13    78 0.90 -
contig_31119_pilon:1895-1227          -            223 6613at314147         -            836   3.3e-28   94.5  24.7   2   4   3.5e-08   7.5e-07   23.9   0.8   130   177    73   120    67   128 0.86 -
contig_31119_pilon:1895-1227          -            223 6613at314147         -            836   3.3e-28   94.5  24.7   3   4     2e-12   4.2e-11   38.0   2.4   128   176   127   175   122   176 0.95 -
contig_31119_pilon:1895-1227          -            223 6613at314147         -            836   3.3e-28   94.5  24.7   4   4   1.6e-10   3.4e-09   31.7   5.6   139   186   166   213   166   218 0.92 -
NW_025965039.1_RagTag:272564-271974   -            197 6613at314147         -            836   1.4e-27   92.5  29.3   1   4   4.9e-07     1e-05   20.1   0.8   152   182    23    52     9    59 0.63 -
NW_025965039.1_RagTag:272564-271974   -            197 6613at314147         -            836   1.4e-27   92.5  29.3   2   4     1e-08   2.2e-07   25.7   2.1   128   172    55    99    53    99 0.95 -
NW_025965039.1_RagTag:272564-271974   -            197 6613at314147         -            836   1.4e-27   92.5  29.3   3   4     5e-11     1e-09   33.4   5.5   137   187    92   142    88   145 0.93 -
NW_025965039.1_RagTag:272564-271974   -            197 6613at314147         -            836   1.4e-27   92.5  29.3   4   4   8.5e-12   1.8e-10   35.9   4.9   132   177   143   188   139   196 0.89 -
NW_025965341.1_RagTag:41589-41122     -            156 6613at314147         -            836     3e-27   91.4  22.9   1   4   3.3e-13     7e-12   40.6   3.1   128   179    11    62     3    65 0.90 -
NW_025965341.1_RagTag:41589-41122     -            156 6613at314147         -            836     3e-27   91.4  22.9   2   4   4.9e-09     1e-07   26.8   1.1   722   755    64    97    61   100 0.91 -
NW_025965341.1_RagTag:41589-41122     -            156 6613at314147         -            836     3e-27   91.4  22.9   3   4   1.2e-07   2.6e-06   22.1   0.4   723   754    93   124    90   126 0.89 -
NW_025965341.1_RagTag:41589-41122     -            156 6613at314147         -            836     3e-27   91.4  22.9   4   4   6.8e-07   1.4e-05   19.7   1.3   723   755   121   153   118   156 0.86 -
NW_025965127.1_RagTag:122624-122115   -            170 6613at314147         -            836   3.6e-26   87.8  36.0   1   4   8.9e-09   1.9e-07   25.9   1.5   135   177     4    46     1    49 0.93 -
NW_025965127.1_RagTag:122624-122115   -            170 6613at314147         -            836   3.6e-26   87.8  36.0   2   4   2.8e-10   5.9e-09   30.9   3.1   135   182    32    79    32    84 0.90 -
NW_025965127.1_RagTag:122624-122115   -            170 6613at314147         -            836   3.6e-26   87.8  36.0   3   4     9e-11   1.9e-09   32.5   4.9   128   178    81   131    75   132 0.94 -
NW_025965127.1_RagTag:122624-122115   -            170 6613at314147         -            836   3.6e-26   87.8  36.0   4   4   1.3e-11   2.8e-10   35.3   3.5   128   178   109   159   109   168 0.92 -
contig_18339_pilon:770-1369           -            200 6613at314147         -            836   1.1e-25   86.2  42.1   1   4   3.8e-11     8e-10   33.7   7.6   127   185     5    63     1    63 0.89 -
contig_18339_pilon:770-1369           -            200 6613at314147         -            836   1.1e-25   86.2  42.1   2   4   5.7e-11   1.2e-09   33.1   5.7   127   176    33    82    30    83 0.93 -
contig_18339_pilon:770-1369           -            200 6613at314147         -            836   1.1e-25   86.2  42.1   3   4   5.8e-12   1.2e-10   36.4   8.1   128   181    62   115    61   130 0.89 -
contig_18339_pilon:770-1369           -            200 6613at314147         -            836   1.1e-25   86.2  42.1   4   4   2.6e-06   5.5e-05   17.7   0.1   725   746   174   195   161   199 0.74 -
contig_43715_pilon:306-1181           -            292 6613at314147         -            836   1.3e-24   82.7  28.8   1   4   1.6e-08   3.4e-07   25.1   2.5   139   172     3    36     1    37 0.96 -
contig_43715_pilon:306-1181           -            292 6613at314147         -            836   1.3e-24   82.7  28.8   2   4     3e-11   6.2e-10   34.1   3.7   141   178    33    70    33    75 0.95 -
contig_43715_pilon:306-1181           -            292 6613at314147         -            836   1.3e-24   82.7  28.8   3   4   1.7e-09   3.6e-08   28.3   2.9   141   177    61    97    61   103 0.95 -
contig_43715_pilon:306-1181           -            292 6613at314147         -            836   1.3e-24   82.7  28.8   4   4   7.1e-09   1.5e-07   26.2   2.5   127   176   242   291   232   292 0.94 -
NW_025965279.1_RagTag:111843-48065    -            321 6613at314147         -            836   3.7e-23   77.9  34.3   1   5   7.7e-05    0.0016   12.9   1.9   729   755    59    85    12    92 0.80 -
NW_025965279.1_RagTag:111843-48065    -            321 6613at314147         -            836   3.7e-23   77.9  34.3   2   5   3.5e-06   7.4e-05   17.3   1.4   152   176   136   160   124   161 0.89 -
NW_025965279.1_RagTag:111843-48065    -            321 6613at314147         -            836   3.7e-23   77.9  34.3   3   5     7e-11   1.5e-09   32.9   9.0   129   177   141   189   134   199 0.88 -
NW_025965279.1_RagTag:111843-48065    -            321 6613at314147         -            836   3.7e-23   77.9  34.3   4   5   5.7e-13   1.2e-11   39.8   2.6    85   177   198   296   191   300 0.73 -
NW_025965279.1_RagTag:111843-48065    -            321 6613at314147         -            836   3.7e-23   77.9  34.3   5   5    0.0069      0.15    6.4   0.4   723   743   301   321   295   321 0.68 -
NW_025965341.1_RagTag:91734-92261     -            176 6613at314147         -            836   7.1e-23   76.9  38.0   1   5   3.3e-09     7e-08   27.3   1.9   143   185     1    43     1    45 0.95 -
NW_025965341.1_RagTag:91734-92261     -            176 6613at314147         -            836   7.1e-23   76.9  38.0   2   5   1.4e-06   2.9e-05   18.7   0.8   721   754    38    71    36    73 0.88 -
NW_025965341.1_RagTag:91734-92261     -            176 6613at314147         -            836   7.1e-23   76.9  38.0   3   5   1.3e-10   2.7e-09   32.0   9.0   128   182    70   124    66   132 0.89 -
NW_025965341.1_RagTag:91734-92261     -            176 6613at314147         -            836   7.1e-23   76.9  38.0   4   5   7.3e-09   1.5e-07   26.2   6.0   133   176   103   146    98   148 0.90 -
NW_025965341.1_RagTag:91734-92261     -            176 6613at314147         -            836   7.1e-23   76.9  38.0   5   5   0.00012    0.0026   12.2  10.4   136   177   134   175   122   176 0.87 -
NW_025965279.1_RagTag:80306-79764     -            181 6613at314147         -            836   3.8e-22   74.5  19.8   1   3   7.3e-12   1.5e-10   36.1   4.8   133   178     9    54     2    62 0.90 -
NW_025965279.1_RagTag:80306-79764     -            181 6613at314147         -            836   3.8e-22   74.5  19.8   2   3   6.4e-14   1.4e-12   42.9   3.4    84   178    61   160    55   164 0.75 -
NW_025965279.1_RagTag:80306-79764     -            181 6613at314147         -            836   3.8e-22   74.5  19.8   3   3   4.5e-06   9.5e-05   17.0   1.4   139   170   149   180   149   181 0.96 -
NW_025965039.1_RagTag:299265-271352   -            195 6613at314147         -            836   8.5e-22   73.3  28.9   1   4   9.4e-10     2e-08   29.1   2.9   134   178    76   120    62   131 0.90 -
NW_025965039.1_RagTag:299265-271352   -            195 6613at314147         -            836   8.5e-22   73.3  28.9   2   4   1.4e-07   2.8e-06   22.0   1.3   139   170   109   140   107   141 0.95 -
NW_025965039.1_RagTag:299265-271352   -            195 6613at314147         -            836   8.5e-22   73.3  28.9   3   4   7.8e-13   1.6e-11   39.3   3.5   133   180   131   178   125   180 0.92 -
NW_025965039.1_RagTag:299265-271352   -            195 6613at314147         -            836   8.5e-22   73.3  28.9   4   4   2.2e-06   4.6e-05   18.0   0.4   141   169   167   195   167   195 0.99 -
NW_025965277.1_RagTag:46400-46999     -            200 6613at314147         -            836   1.1e-21   72.9  28.2   1   3   1.3e-07   2.8e-06   22.0   9.9   137   180    35    78     9    86 0.84 -
NW_025965277.1_RagTag:46400-46999     -            200 6613at314147         -            836   1.1e-21   72.9  28.2   2   3   2.4e-11   5.2e-10   34.4   6.8   127   178    81   133    75   140 0.89 -
NW_025965277.1_RagTag:46400-46999     -            200 6613at314147         -            836   1.1e-21   72.9  28.2   3   3   1.3e-08   2.7e-07   25.4   0.2   718   754   159   195   145   200 0.67 -
NW_025965374.1_RagTag:84617-82386     -            744 6613at314147         -            836   8.9e-20   66.7  73.5   1   6     6e-10   1.3e-08   29.8  10.5   137   190     2    55     1    58 0.95 -
NW_025965374.1_RagTag:84617-82386     -            744 6613at314147         -            836   8.9e-20   66.7  73.5   2   6   1.9e-05   0.00039   14.9   6.9    85   218    58   187    54   213 0.69 -
NW_025965374.1_RagTag:84617-82386     -            744 6613at314147         -            836   8.9e-20   66.7  73.5   3   6   1.7e-07   3.6e-06   21.6   6.0    68   191   218   351   203   361 0.82 -
NW_025965374.1_RagTag:84617-82386     -            744 6613at314147         -            836   8.9e-20   66.7  73.5   4   6   0.00026    0.0055   11.1   2.0    63   187   367   492   359   497 0.69 -
NW_025965374.1_RagTag:84617-82386     -            744 6613at314147         -            836   8.9e-20   66.7  73.5   5   6    0.0037     0.078    7.3   0.5   137   185   470   520   460   522 0.86 -
NW_025965374.1_RagTag:84617-82386     -            744 6613at314147         -            836   8.9e-20   66.7  73.5   6   6   1.2e-05   0.00025   15.6  13.0    68   193   529   643   522   666 0.86 -
NW_025965442.1_RagTag:53274-52825     -            150 6613at314147         -            836     1e-19   66.4  25.3   1   3   9.8e-09   2.1e-07   25.8   6.8   134   179    18    63     9    69 0.87 -
NW_025965442.1_RagTag:53274-52825     -            150 6613at314147         -            836     1e-19   66.4  25.3   2   3   2.2e-05   0.00045   14.7   0.8   722   747    65    90    62   104 0.66 -
NW_025965442.1_RagTag:53274-52825     -            150 6613at314147         -            836     1e-19   66.4  25.3   3   3   1.4e-11     3e-10   35.1   6.3   134   177   102   145    92   149 0.89 -
NW_025965341.1_RagTag:115029-190889   -            257 6613at314147         -            836   1.5e-18   62.6  28.2   1   5     7e-05    0.0015   13.0   0.3   728   754    10    36     4    36 0.76 -
NW_025965341.1_RagTag:115029-190889   -            257 6613at314147         -            836   1.5e-18   62.6  28.2   2   5   4.7e-07     1e-05   20.2   1.6   722   755    32    65    29    70 0.88 -
NW_025965341.1_RagTag:115029-190889   -            257 6613at314147         -            836   1.5e-18   62.6  28.2   3   5   0.00037    0.0078   10.6   8.2   138   183    73   118    62   120 0.86 -
NW_025965341.1_RagTag:115029-190889   -            257 6613at314147         -            836   1.5e-18   62.6  28.2   4   5   2.8e-09   5.9e-08   27.6   6.9   129   177    92   140    88   142 0.92 -
NW_025965341.1_RagTag:115029-190889   -            257 6613at314147         -            836   1.5e-18   62.6  28.2   5   5   1.7e-10   3.6e-09   31.6   3.4   127   180   118   171   112   216 0.90 -
NW_025965271.1_RagTag:644682-645221   -            180 6613at314147         -            836   1.2e-17   59.6  11.6   1   3   6.6e-07   1.4e-05   19.7   0.2   724   748     5    29     1    62 0.67 -
NW_025965271.1_RagTag:644682-645221   -            180 6613at314147         -            836   1.2e-17   59.6  11.6   2   3   8.7e-08   1.8e-06   22.6   1.0   723   751   114   142   108   145 0.80 -
NW_025965271.1_RagTag:644682-645221   -            180 6613at314147         -            836   1.2e-17   59.6  11.6   3   3   2.4e-08     5e-07   24.5   0.9   723   754   142   173   139   179 0.69 -
NW_025965215.1_RagTag:353584-353090   -            165 6613at314147         -            836   1.8e-17   59.1  38.2   1   4     0.024      0.52    4.6   2.8   133   177     9    53     4    61 0.88 -
NW_025965215.1_RagTag:353584-353090   -            165 6613at314147         -            836   1.8e-17   59.1  38.2   2   4   5.6e-10   1.2e-08   29.9  10.9   117   180    51   112    47   119 0.81 -
NW_025965215.1_RagTag:353584-353090   -            165 6613at314147         -            836   1.8e-17   59.1  38.2   3   4   7.8e-08   1.6e-06   22.8   3.8   139   172    99   132    99   132 0.98 -
NW_025965215.1_RagTag:353584-353090   -            165 6613at314147         -            836   1.8e-17   59.1  38.2   4   4     2e-10   4.3e-09   31.3   7.7   129   176   117   164   112   165 0.92 -
NW_025965233.1_RagTag:202706-205098   -            273 6613at314147         -            836   3.7e-17   58.0  25.7   1   3   8.6e-08   1.8e-06   22.6   3.5   140   178   116   154   111   165 0.90 -
NW_025965233.1_RagTag:202706-205098   -            273 6613at314147         -            836   3.7e-17   58.0  25.7   2   3   0.00012    0.0025   12.2   3.2   134   168   166   200   155   207 0.83 -
NW_025965233.1_RagTag:202706-205098   -            273 6613at314147         -            836   3.7e-17   58.0  25.7   3   3   8.4e-11   1.8e-09   32.6   6.4   139   181   223   265   210   272 0.88 -
NW_025965127.1_RagTag:122938-122609   -            110 6613at314147         -            836   2.9e-16   55.1   8.4   1   3   1.5e-10   3.2e-09   31.7   1.0   141   178     1    38     1    41 0.96 -
NW_025965127.1_RagTag:122938-122609   -            110 6613at314147         -            836   2.9e-16   55.1   8.4   2   3     2e-05   0.00042   14.8   0.1   722   755    41    74    37    82 0.84 -
NW_025965127.1_RagTag:122938-122609   -            110 6613at314147         -            836   2.9e-16   55.1   8.4   3   3     5e-05    0.0011   13.5   0.4   131   162    76   107    71   110 0.79 -
contig_81532_pilon:2154-1714          -            147 6613at314147         -            836   3.4e-16   54.8  29.8   1   3   6.9e-05    0.0015   13.0   7.5   138   185     7    55     2    61 0.83 -
contig_81532_pilon:2154-1714          -            147 6613at314147         -            836   3.4e-16   54.8  29.8   2   3   9.2e-08   1.9e-06   22.5   5.2   130   169    57    96    47    96 0.87 -
contig_81532_pilon:2154-1714          -            147 6613at314147         -            836   3.4e-16   54.8  29.8   3   3   4.5e-11   9.4e-10   33.5   6.1   137   185    92   140    91   144 0.91 -
contig_52188_pilon:2135-1716          -            140 6613at314147         -            836   2.3e-13   45.4  18.8   1   2   1.5e-05   0.00031   15.3   5.4   135   185    25    75     5    77 0.83 -
contig_52188_pilon:2135-1716          -            140 6613at314147         -            836   2.3e-13   45.4  18.8   2   2   4.2e-11   8.8e-10   33.6   8.2   127   186    73   132    70   137 0.91 -
contig_18339_pilon:0-611              -            204 6613at314147         -            836     5e-13   44.3  14.2   1   2   0.00015    0.0032   11.9   0.3   147   174     1    28     1    37 0.88 -
contig_18339_pilon:0-611              -            204 6613at314147         -            836     5e-13   44.3  14.2   2   2   1.2e-11   2.4e-10   35.5   8.3   129   179   151   201   143   204 0.89 -
NW_025965028.1_RagTag:357538-358857   -            372 6613at314147         -            836   8.6e-11   37.0  25.6   1   2   3.8e-11     8e-10   33.7   6.3   121   179   273   331   259   340 0.89 -
NW_025965028.1_RagTag:357538-358857   -            372 6613at314147         -            836   8.6e-11   37.0  25.6   2   2   1.4e-05   0.00028   15.4   4.0   131   164   339   372   330   372 0.83 -
NW_025965200.1_RagTag:17859-18600     -            203 6613at314147         -            836   6.1e-09   30.8   4.2   1   1   4.1e-10   8.6e-09   30.3   4.0   133   177   153   199   134   202 0.86 -
NW_025965193.1_RagTag:1084542-1082725 -            601 6613at314147         -            836   7.1e-09   30.6   7.0   1   4       1.4        30   -1.2   0.3   733   797    49   111    33   120 0.64 -
NW_025965193.1_RagTag:1084542-1082725 -            601 6613at314147         -            836   7.1e-09   30.6   7.0   2   4       7.3   1.5e+02   -3.6   0.3   601   634   244   280   240   283 0.74 -
NW_025965193.1_RagTag:1084542-1082725 -            601 6613at314147         -            836   7.1e-09   30.6   7.0   3   4     8e-08   1.7e-06   22.7   1.3   138   186   368   416   362   426 0.93 -
NW_025965193.1_RagTag:1084542-1082725 -            601 6613at314147         -            836   7.1e-09   30.6   7.0   4   4   7.6e-07   1.6e-05   19.5   0.4   141   185   555   599   542   601 0.57 -
NW_025965297.1_RagTag:263440-264639   -            299 6613at314147         -            836   1.1e-05   20.0  21.8   1   3   4.5e-05   0.00095   13.6   1.4   138   172    71   105    65   110 0.86 -
NW_025965297.1_RagTag:263440-264639   -            299 6613at314147         -            836   1.1e-05   20.0  21.8   2   3   1.3e-06   2.8e-05   18.7   6.5   141   197   102   156   101   170 0.78 -
NW_025965297.1_RagTag:263440-264639   -            299 6613at314147         -            836   1.1e-05   20.0  21.8   3   3       1.8        37   -1.5   2.2   725   749   263   287   243   296 0.60 -
NW_025965341.1_RagTag:108306-108962   -            219 6613at314147         -            836   4.8e-05   17.9  23.4   1   4   3.5e-06   7.4e-05   17.3   1.1   133   171    20    58     9    68 0.88 -
NW_025965341.1_RagTag:108306-108962   -            219 6613at314147         -            836   4.8e-05   17.9  23.4   2   4    0.0022     0.047    8.1   0.9   673   719    56   107    52   116 0.68 -
NW_025965341.1_RagTag:108306-108962   -            219 6613at314147         -            836   4.8e-05   17.9  23.4   3   4      0.28       5.8    1.1   6.8   729   757    77   105    68   148 0.50 -
NW_025965341.1_RagTag:108306-108962   -            219 6613at314147         -            836   4.8e-05   17.9  23.4   4   4   0.00069     0.014    9.7   1.3   137   182   165   212   157   217 0.84 -
NW_025965054.1_RagTag:37688-37278     -            137 6613at314147         -            836   0.00023   15.7  10.9   1   2     0.021      0.45    4.8   4.3   670   745    16    96     5    97 0.68 -
NW_025965054.1_RagTag:37688-37278     -            137 6613at314147         -            836   0.00023   15.7  10.9   2   2   1.1e-05   0.00024   15.6   9.5   106   185    56   133    44   137 0.79 -
NW_025965259.1_RagTag:163961-162513   -            483 6613at314147         -            836   0.00036   15.1   3.7   1   2       1.2        24   -0.9   0.1   692   721    17    46     7    66 0.74 -
NW_025965259.1_RagTag:163961-162513   -            483 6613at314147         -            836   0.00036   15.1   3.7   2   2   1.7e-05   0.00036   15.1   3.7   136   187   412   463   405   475 0.90 -
NW_025965281.1_RagTag:529223-527331   -            631 6613at314147         -            836    0.0035   11.8  14.5   1   3       8.9   1.9e+02   -3.9   0.1    99   128   223   252   218   267 0.76 -
NW_025965281.1_RagTag:529223-527331   -            631 6613at314147         -            836    0.0035   11.8  14.5   2   3   0.00038    0.0079   10.6   0.4   139   185   342   389   337   427 0.82 -
NW_025965281.1_RagTag:529223-527331   -            631 6613at314147         -            836    0.0035   11.8  14.5   3   3      0.01      0.22    5.8   5.0   127   192   476   541   460   559 0.79 -
NW_025965375.1_RagTag:140298-139846   -            151 6613at314147         -            836     0.029    8.8   7.7   1   2     0.001     0.021    9.2   1.3   729   756    40    67    24    71 0.79 -
NW_025965375.1_RagTag:140298-139846   -            151 6613at314147         -            836     0.029    8.8   7.7   2   2    0.0073      0.15    6.3   2.1   126   171    62   107    59   127 0.89 -
#
# Program:         hmmsearch
# Version:         3.1b2 (February 2015)
# Pipeline mode:   SEARCH
# Query file:      /home/bgerda/guppy_SUP/busco_downloads/lineages/glires_odb10/hmms/6613at314147.hmm
# Target file:     /home/bgerda/guppy_SUP/busco_results/run_glires_odb10/metaeuk_output/rerun_results/ragtag.scaffold.fasta.modified.fas
# Option settings: hmmsearch --domtblout /home/bgerda/guppy_SUP/busco_results/run_glires_odb10/hmmer_output/rerun_results/6613at314147.out --cpu 1 /home/bgerda/guppy_SUP/busco_downloads/lineages/glires_odb10/hmms/6613at314147.hmm /home/bgerda/guppy_SUP/busco_results/run_glires_odb10/metaeuk_output/rerun_results/ragtag.scaffold.fasta.modified.fas 
# Current dir:     /home/bgerda/guppy_SUP
# Date:            Sun May 21 15:29:18 2023
# [ok]
