#                                                                                             --- full sequence --- -------------- this domain -------------   hmm coord   ali coord   env coord
# target name                         accession   tlen query name           accession   qlen   E-value  score  bias   #  of  c-Evalue  i-Evalue  score  bias  from    to  from    to  from    to  acc description of target
#                 ------------------- ---------- ----- -------------------- ---------- ----- --------- ------ ----- --- --- --------- --------- ------ ----- ----- ----- ----- ----- ----- ----- ---- ---------------------
NW_025965321.1_RagTag:3127613-3129709 -            699 8339at314147         -            756   1.1e-69  231.9  13.9   1   4   1.9e-14   2.7e-12   42.1   0.0   165   291     2   140     1   142 0.81 -
NW_025965321.1_RagTag:3127613-3129709 -            699 8339at314147         -            756   1.1e-69  231.9  13.9   2   4   3.8e-14   5.3e-12   41.1   0.1   180   291   137   246   134   249 0.89 -
NW_025965321.1_RagTag:3127613-3129709 -            699 8339at314147         -            756   1.1e-69  231.9  13.9   3   4   1.5e-33   2.1e-31  105.3   3.9   180   473   243   542   239   549 0.84 -
NW_025965321.1_RagTag:3127613-3129709 -            699 8339at314147         -            756   1.1e-69  231.9  13.9   4   4   2.4e-17   3.3e-15   51.7   0.3   179   315   552   691   546   696 0.82 -
NW_025965316.1_RagTag:40524-44867     -            646 8339at314147         -            756   5.1e-36  120.6   1.9   1   3   6.5e-13   9.1e-11   37.1   0.0   126   296    61   241    55   241 0.82 -
NW_025965316.1_RagTag:40524-44867     -            646 8339at314147         -            756   5.1e-36  120.6   1.9   2   3   9.7e-24   1.4e-21   72.9   1.1   182   473   235   510   232   517 0.86 -
NW_025965316.1_RagTag:40524-44867     -            646 8339at314147         -            756   5.1e-36  120.6   1.9   3   3   2.7e-05    0.0038   11.9   0.0   181   273   529   616   499   624 0.78 -
NW_025965316.1_RagTag:4884-38332      -            577 8339at314147         -            756   1.9e-34  115.3   1.7   1   5   9.5e-08   1.3e-05   20.0   0.0   234   291     8    67     2    73 0.79 -
NW_025965316.1_RagTag:4884-38332      -            577 8339at314147         -            756   1.9e-34  115.3   1.7   2   5     2e-11   2.8e-09   32.1   0.0   185   296    69   180    64   193 0.81 -
NW_025965316.1_RagTag:4884-38332      -            577 8339at314147         -            756   1.9e-34  115.3   1.7   3   5   2.6e-11   3.7e-09   31.8   0.2   180   291   172   280   166   282 0.87 -
NW_025965316.1_RagTag:4884-38332      -            577 8339at314147         -            756   1.9e-34  115.3   1.7   4   5   0.00044     0.062    7.9   0.0   178   212   275   309   270   320 0.91 -
NW_025965316.1_RagTag:4884-38332      -            577 8339at314147         -            756   1.9e-34  115.3   1.7   5   5   5.6e-09   7.9e-07   24.0   0.0   127   272   322   472   312   480 0.80 -
NW_025965316.1_RagTag:27121-111821    -            608 8339at314147         -            756   4.4e-34  114.2   5.0   1   5     6e-07   8.4e-05   17.4   0.0   234   294    31    93    22    97 0.87 -
NW_025965316.1_RagTag:27121-111821    -            608 8339at314147         -            756   4.4e-34  114.2   5.0   2   5   2.1e-14   2.9e-12   42.0   0.3   186   304    93   211    87   225 0.80 -
NW_025965316.1_RagTag:27121-111821    -            608 8339at314147         -            756   4.4e-34  114.2   5.0   3   5   1.7e-07   2.4e-05   19.1   0.2   237   292   241   298   227   299 0.87 -
NW_025965316.1_RagTag:27121-111821    -            608 8339at314147         -            756   4.4e-34  114.2   5.0   4   5   1.1e-12   1.5e-10   36.4   0.0   179   281   293   395   288   405 0.93 -
NW_025965316.1_RagTag:27121-111821    -            608 8339at314147         -            756   4.4e-34  114.2   5.0   5   5     0.097        14    0.1   0.0   178   212   408   442   398   456 0.83 -
NW_025965316.1_RagTag:40527-42647     -            633 8339at314147         -            756   1.5e-29   99.2   2.5   1   5   7.1e-07    0.0001   17.1   0.0   126   255    60   201    54   205 0.81 -
NW_025965316.1_RagTag:40527-42647     -            633 8339at314147         -            756   1.5e-29   99.2   2.5   2   5   1.1e-09   1.6e-07   26.3   0.1   186   280   207   292   202   312 0.90 -
NW_025965316.1_RagTag:40527-42647     -            633 8339at314147         -            756   1.5e-29   99.2   2.5   3   5   9.8e-05     0.014   10.0   0.2   440   474   324   358   306   365 0.85 -
NW_025965316.1_RagTag:40527-42647     -            633 8339at314147         -            756   1.5e-29   99.2   2.5   4   5   1.4e-11     2e-09   32.6   0.0   179   279   367   467   360   474 0.89 -
NW_025965316.1_RagTag:40527-42647     -            633 8339at314147         -            756   1.5e-29   99.2   2.5   5   5   0.00041     0.058    8.0   0.0   179   234   484   535   479   582 0.68 -
NW_025965314.1_RagTag:1537288-1539264 -            659 8339at314147         -            756   1.1e-28   96.3   9.6   1   4    0.0052      0.74    4.3   0.0   288   351    21    85     3    90 0.76 -
NW_025965314.1_RagTag:1537288-1539264 -            659 8339at314147         -            756   1.1e-28   96.3   9.6   2   4   1.4e-18     2e-16   55.8   0.3   164   310    98   252    89   258 0.84 -
NW_025965314.1_RagTag:1537288-1539264 -            659 8339at314147         -            756   1.1e-28   96.3   9.6   3   4   7.2e-11     1e-08   30.3   0.1   193   282   239   321   232   330 0.86 -
NW_025965314.1_RagTag:1537288-1539264 -            659 8339at314147         -            756   1.1e-28   96.3   9.6   4   4   4.9e-05    0.0069   11.0   0.9   178   293   330   442   324   494 0.72 -
NW_025965322.1_RagTag:3590490-3589273 -            406 8339at314147         -            756   4.2e-28   94.4   1.1   1   2   1.1e-14   1.6e-12   42.9   0.0   124   294    77   263    72   264 0.80 -
NW_025965322.1_RagTag:3590490-3589273 -            406 8339at314147         -            756   4.2e-28   94.4   1.1   2   2   7.8e-18   1.1e-15   53.3   0.2   180   308   257   389   254   397 0.82 -
contig_4173_pilon:2500-919            -            464 8339at314147         -            756     4e-24   81.2   6.3   1   3   1.3e-08   1.9e-06   22.8   0.6   165   304   100   242    97   263 0.63 -
contig_4173_pilon:2500-919            -            464 8339at314147         -            756     4e-24   81.2   6.3   2   3   3.1e-08   4.4e-06   21.6   0.2   234   292   270   331   265   332 0.87 -
contig_4173_pilon:2500-919            -            464 8339at314147         -            756     4e-24   81.2   6.3   3   3   2.2e-13     3e-11   38.6   0.1   179   281   326   428   320   437 0.92 -
contig_79756_pilon:1596-419           -            392 8339at314147         -            756   2.7e-20   68.6   0.0   1   2   2.8e-16     4e-14   48.2   0.0   126   301    59   247    43   263 0.82 -
contig_79756_pilon:1596-419           -            392 8339at314147         -            756   2.7e-20   68.6   0.0   2   2   2.9e-08   4.1e-06   21.7   0.2   190   304   244   357   241   366 0.81 -
NW_025965322.1_RagTag:388506-388174   -            111 8339at314147         -            756   2.4e-10   35.7   0.2   1   2   1.9e-05    0.0026   12.4   0.0   254   290     4    42     1    46 0.57 -
NW_025965322.1_RagTag:388506-388174   -            111 8339at314147         -            756   2.4e-10   35.7   0.2   2   2   8.7e-09   1.2e-06   23.4   0.0   179   255    39   110    35   111 0.90 -
#
# Program:         hmmsearch
# Version:         3.1b2 (February 2015)
# Pipeline mode:   SEARCH
# Query file:      /home/bgerda/guppy_SUP/busco_downloads/lineages/glires_odb10/hmms/8339at314147.hmm
# Target file:     /home/bgerda/guppy_SUP/busco_results/run_glires_odb10/metaeuk_output/rerun_results/ragtag.scaffold.fasta.modified.fas
# Option settings: hmmsearch --domtblout /home/bgerda/guppy_SUP/busco_results/run_glires_odb10/hmmer_output/rerun_results/8339at314147.out --cpu 1 /home/bgerda/guppy_SUP/busco_downloads/lineages/glires_odb10/hmms/8339at314147.hmm /home/bgerda/guppy_SUP/busco_results/run_glires_odb10/metaeuk_output/rerun_results/ragtag.scaffold.fasta.modified.fas 
# Current dir:     /home/bgerda/guppy_SUP
# Date:            Sun May 21 15:29:13 2023
# [ok]
