#                                                                                             --- full sequence --- -------------- this domain -------------   hmm coord   ali coord   env coord
# target name                         accession   tlen query name           accession   qlen   E-value  score  bias   #  of  c-Evalue  i-Evalue  score  bias  from    to  from    to  from    to  acc description of target
#                 ------------------- ---------- ----- -------------------- ---------- ----- --------- ------ ----- --- --- --------- --------- ------ ----- ----- ----- ----- ----- ----- ----- ---- ---------------------
NW_025965099.1_RagTag:15127-16038     -            304 8631at314147         -            535   3.9e-25   84.6   0.1   1   1   8.3e-27   4.7e-25   84.4   0.1   275   515    34   276    10   292 0.76 -
NW_025965499.1_RagTag:3945-3043       -            301 8631at314147         -            535   2.9e-24   81.8   0.0   1   1   6.3e-26   3.5e-24   81.5   0.0   277   516     9   250     4   266 0.81 -
contig_66008_pilon:1767-2642          -            292 8631at314147         -            535   5.6e-23   77.5   0.0   1   1   1.3e-24   7.3e-23   77.1   0.0   287   520    10   244     5   251 0.86 -
NW_025965233.1_RagTag:125981-124584   -            466 8631at314147         -            535   6.9e-21   70.6   0.0   1   1   1.8e-22     1e-20   70.0   0.0   276   525    15   265     6   269 0.83 -
contig_37224_pilon:1702-2604          -            301 8631at314147         -            535   2.2e-20   68.9   0.0   1   1   4.9e-22   2.8e-20   68.6   0.0   276   517    16   259     6   272 0.80 -
NW_025965321.1_RagTag:4470492-4469881 -            204 8631at314147         -            535   5.3e-19   64.4   0.0   1   1     1e-20   5.7e-19   64.3   0.0   273   457     7   202     1   204 0.83 -
contig_34501_pilon:2309-1611          -            233 8631at314147         -            535     2e-17   59.2   0.0   1   1     4e-19   2.3e-17   59.0   0.0   342   527     2   195     1   201 0.81 -
contig_31429_pilon:267-1247           -            327 8631at314147         -            535   2.4e-17   58.9   0.0   1   1     5e-19   2.8e-17   58.7   0.0   275   460    18   208     5   265 0.83 -
NW_025965279.1_RagTag:90332-90961     -            210 8631at314147         -            535   6.8e-15   50.8   0.0   1   1   1.7e-16   9.8e-15   50.3   0.0   366   477    26   143    20   159 0.80 -
contig_83342_pilon:1447-962           -            162 8631at314147         -            535   4.3e-13   44.9   0.0   1   1   7.8e-15   4.4e-13   44.8   0.0   367   482     9   130     3   162 0.70 -
contig_34309_pilon:451-104            -            116 8631at314147         -            535   1.2e-11   40.2   0.0   1   1     2e-13   1.2e-11   40.2   0.0   361   455    16   115     1   116 0.80 -
NW_025965401.1_RagTag:66150-68190     -            216 8631at314147         -            535   2.5e-11   39.1   0.0   1   1   5.7e-13   3.2e-11   38.7   0.0   361   469    15   137     6   166 0.80 -
NW_025965039.1_RagTag:245820-244147   -            156 8631at314147         -            535     4e-10   35.1   0.0   1   1   7.7e-12   4.3e-10   35.0   0.0   382   460    45   122    12   142 0.85 -
NW_025965072.1_RagTag:101265-99893    -            267 8631at314147         -            535   4.9e-10   34.8   0.2   1   2   8.5e-08   4.8e-06   21.6   0.0   309   385     8    86     2   109 0.83 -
NW_025965072.1_RagTag:101265-99893    -            267 8631at314147         -            535   4.9e-10   34.8   0.2   2   2   0.00011    0.0062   11.3   0.0   421   460   197   241   187   247 0.83 -
NW_025965066.1_RagTag:88701-90281     -            181 8631at314147         -            535   5.4e-08   28.1   0.0   1   2     0.046       2.6    2.7   0.0   266   333    15    88     6    96 0.74 -
NW_025965066.1_RagTag:88701-90281     -            181 8631at314147         -            535   5.4e-08   28.1   0.0   2   2     2e-08   1.1e-06   23.7   0.0   376   459    99   179    89   181 0.85 -
NW_025965287.1_RagTag:80326-81575     -            357 8631at314147         -            535   7.6e-07   24.3   0.0   1   1   1.9e-08     1e-06   23.8   0.0   373   463    47   148    28   164 0.73 -
NW_025965334.1_RagTag:180562-180416   -             49 8631at314147         -            535   7.6e-06   21.0   0.5   1   1   1.4e-07   8.1e-06   20.9   0.5   424   461     5    43     2    48 0.89 -
NW_025965548.1_RagTag:8826-2086       -            436 8631at314147         -            535   0.00016   16.6   0.0   1   1   4.3e-06   0.00024   16.0   0.0   313   406   253   363   240   412 0.76 -
NW_025965313.1_RagTag:91092-92565     -            198 8631at314147         -            535   0.00017   16.5   0.0   1   2   4.2e-05    0.0024   12.7   0.0   365   432    70   135    52   159 0.77 -
NW_025965313.1_RagTag:91092-92565     -            198 8631at314147         -            535   0.00017   16.5   0.0   2   2     0.072       4.1    2.1   0.0   435   459   162   187   153   193 0.79 -
NW_025965256.1_RagTag:50814-50329     -            106 8631at314147         -            535   0.00019   16.3   0.0   1   1   3.8e-06   0.00021   16.2   0.0   342   406    18    83     2    91 0.81 -
NW_025965218.1_RagTag:1686086-1683921 -            316 8631at314147         -            535   0.00024   16.0   0.0   1   1     6e-06   0.00034   15.5   0.0   418   471   109   163    96   189 0.80 -
NW_025965240.1_RagTag:98637-94667     -            305 8631at314147         -            535    0.0017   13.2   1.0   1   1   4.2e-05    0.0024   12.7   1.0   309   391   222   305   219   305 0.81 -
NW_025965222.1_RagTag:194698-192711   -            112 8631at314147         -            535     0.003   12.4   0.1   1   1   5.7e-05    0.0032   12.3   0.1   425   454     3    32     1    64 0.87 -
NW_025965352.1_RagTag:113601-115107   -            273 8631at314147         -            535    0.0052   11.6   0.0   1   1   0.00011    0.0063   11.3   0.0   420   461   216   260    46   270 0.82 -
contig_25238_pilon:345-4              -            114 8631at314147         -            535    0.0058   11.4   0.1   1   1   0.00011    0.0064   11.3   0.1   275   354    19    97     6   110 0.83 -
#
# Program:         hmmsearch
# Version:         3.1b2 (February 2015)
# Pipeline mode:   SEARCH
# Query file:      /home/bgerda/guppy_SUP/busco_downloads/lineages/glires_odb10/hmms/8631at314147.hmm
# Target file:     /home/bgerda/guppy_SUP/busco_results/run_glires_odb10/metaeuk_output/rerun_results/ragtag.scaffold.fasta.modified.fas
# Option settings: hmmsearch --domtblout /home/bgerda/guppy_SUP/busco_results/run_glires_odb10/hmmer_output/rerun_results/8631at314147.out --cpu 1 /home/bgerda/guppy_SUP/busco_downloads/lineages/glires_odb10/hmms/8631at314147.hmm /home/bgerda/guppy_SUP/busco_results/run_glires_odb10/metaeuk_output/rerun_results/ragtag.scaffold.fasta.modified.fas 
# Current dir:     /home/bgerda/guppy_SUP
# Date:            Sun May 21 15:29:13 2023
# [ok]
