#                                                                                             --- full sequence --- -------------- this domain -------------   hmm coord   ali coord   env coord
# target name                         accession   tlen query name           accession   qlen   E-value  score  bias   #  of  c-Evalue  i-Evalue  score  bias  from    to  from    to  from    to  acc description of target
#                 ------------------- ---------- ----- -------------------- ---------- ----- --------- ------ ----- --- --- --------- --------- ------ ----- ----- ----- ----- ----- ----- ----- ---- ---------------------
NW_025965321.1_RagTag:3127613-3129709 -            699 9193at314147         -            624   9.4e-55  182.2  16.9   1   3     7e-22   9.9e-20   66.5   0.1   171   383     4   206     1   216 0.86 -
NW_025965321.1_RagTag:3127613-3129709 -            699 9193at314147         -            624   9.4e-55  182.2  16.9   2   3   3.6e-30   5.1e-28   93.8   8.5   170   548   221   577   213   584 0.85 -
NW_025965321.1_RagTag:3127613-3129709 -            699 9193at314147         -            624   9.4e-55  182.2  16.9   3   3   9.1e-12   1.3e-09   33.1   0.4   429   549   563   684   561   697 0.79 -
NW_025965316.1_RagTag:4884-38332      -            577 9193at314147         -            624   9.5e-25   83.0   4.6   1   2   1.6e-15   2.3e-13   45.4   0.3   156   333    25   197    14   205 0.80 -
NW_025965316.1_RagTag:4884-38332      -            577 9193at314147         -            624   9.5e-25   83.0   4.6   2   2   1.1e-13   1.6e-11   39.4   0.5   250   508   221   471   211   505 0.83 -
NW_025965316.1_RagTag:27121-111821    -            608 9193at314147         -            624   1.8e-21   72.2   3.5   1   2   4.7e-07   6.7e-05   17.5   0.0   463   518    23    78     2    86 0.86 -
NW_025965316.1_RagTag:27121-111821    -            608 9193at314147         -            624   1.8e-21   72.2   3.5   2   2   3.8e-18   5.4e-16   54.1   1.6   116   524   104   512    83   536 0.74 -
NW_025965322.1_RagTag:3590490-3589273 -            406 9193at314147         -            624   3.3e-19   64.7   2.2   1   2   0.00025     0.035    8.5   0.2   457   543    79   161    69   162 0.48 -
NW_025965322.1_RagTag:3590490-3589273 -            406 9193at314147         -            624   3.3e-19   64.7   2.2   2   2   1.9e-15   2.7e-13   45.2   0.4   171   350   236   406   227   406 0.81 -
NW_025965316.1_RagTag:40524-44867     -            646 9193at314147         -            624   1.7e-16   55.8   7.3   1   4     0.022         3    2.1   0.0   288   313   106   131    61   161 0.71 -
NW_025965316.1_RagTag:40524-44867     -            646 9193at314147         -            624   1.7e-16   55.8   7.3   2   4   3.2e-13   4.5e-11   37.9   0.7   394   600   202   410   176   414 0.75 -
NW_025965316.1_RagTag:40524-44867     -            646 9193at314147         -            624   1.7e-16   55.8   7.3   3   4   9.4e-05     0.013    9.9   0.1   427   521   429   516   424   522 0.86 -
NW_025965316.1_RagTag:40524-44867     -            646 9193at314147         -            624   1.7e-16   55.8   7.3   4   4   0.00083      0.12    6.8   0.1   429   510   538   616   531   624 0.80 -
contig_4173_pilon:2500-919            -            464 9193at314147         -            624   4.2e-16   54.5   6.6   1   4    0.0064       0.9    3.8   0.0   291   325    54    88    48    88 0.87 -
contig_4173_pilon:2500-919            -            464 9193at314147         -            624   4.2e-16   54.5   6.6   2   4   1.3e-07   1.8e-05   19.3   0.1   489   545    85   142    80   154 0.86 -
contig_4173_pilon:2500-919            -            464 9193at314147         -            624   4.2e-16   54.5   6.6   3   4   1.7e-07   2.3e-05   19.0   2.1   429   614   133   311   129   317 0.67 -
contig_4173_pilon:2500-919            -            464 9193at314147         -            624   4.2e-16   54.5   6.6   4   4   3.2e-07   4.6e-05   18.0   0.3   286   518   303   428   300   436 0.54 -
NW_025965316.1_RagTag:40527-42647     -            633 9193at314147         -            624   2.2e-15   52.1   1.7   1   4     0.023       3.2    2.0   0.0   288   313   105   130    60   153 0.71 -
NW_025965316.1_RagTag:40527-42647     -            633 9193at314147         -            624   2.2e-15   52.1   1.7   2   4   1.4e-05     0.002   12.6   0.1   197   303   206   295   195   311 0.69 -
NW_025965316.1_RagTag:40527-42647     -            633 9193at314147         -            624   2.2e-15   52.1   1.7   3   4   6.6e-11   9.3e-09   30.2   0.1   469   612   312   460   296   467 0.79 -
NW_025965316.1_RagTag:40527-42647     -            633 9193at314147         -            624   2.2e-15   52.1   1.7   4   4     0.011       1.5    3.1   0.0   429   511   495   574   477   582 0.73 -
NW_025965314.1_RagTag:1537288-1539264 -            659 9193at314147         -            624   2.9e-15   51.7   5.3   1   2     7e-07   9.8e-05   16.9   0.0   466   519    65   114    23   126 0.83 -
NW_025965314.1_RagTag:1537288-1539264 -            659 9193at314147         -            624   2.9e-15   51.7   5.3   2   2     8e-08   1.1e-05   20.0   0.1   426   518   129   217   120   222 0.91 -
contig_79756_pilon:1596-419           -            392 9193at314147         -            624   1.3e-12   43.0   1.2   1   3    0.0029      0.41    5.0   0.0   291   333   107   147    99   171 0.77 -
contig_79756_pilon:1596-419           -            392 9193at314147         -            624   1.3e-12   43.0   1.2   2   3   1.4e-07     2e-05   19.2   0.0   477   525   184   232   167   238 0.81 -
contig_79756_pilon:1596-419           -            392 9193at314147         -            624   1.3e-12   43.0   1.2   3   3   1.3e-06   0.00018   16.1   0.2   427   544   242   357   237   364 0.78 -
NW_025965322.1_RagTag:388506-388174   -            111 9193at314147         -            624   4.3e-10   34.6   0.1   1   1   3.9e-12   5.5e-10   34.3   0.1   281   381    11   107     2   111 0.79 -
#
# Program:         hmmsearch
# Version:         3.1b2 (February 2015)
# Pipeline mode:   SEARCH
# Query file:      /home/bgerda/guppy_SUP/busco_downloads/lineages/glires_odb10/hmms/9193at314147.hmm
# Target file:     /home/bgerda/guppy_SUP/busco_results/run_glires_odb10/metaeuk_output/rerun_results/ragtag.scaffold.fasta.modified.fas
# Option settings: hmmsearch --domtblout /home/bgerda/guppy_SUP/busco_results/run_glires_odb10/hmmer_output/rerun_results/9193at314147.out --cpu 1 /home/bgerda/guppy_SUP/busco_downloads/lineages/glires_odb10/hmms/9193at314147.hmm /home/bgerda/guppy_SUP/busco_results/run_glires_odb10/metaeuk_output/rerun_results/ragtag.scaffold.fasta.modified.fas 
# Current dir:     /home/bgerda/guppy_SUP
# Date:            Sun May 21 15:29:15 2023
# [ok]
