#                                                                                             --- full sequence --- -------------- this domain -------------   hmm coord   ali coord   env coord
# target name                         accession   tlen query name           accession   qlen   E-value  score  bias   #  of  c-Evalue  i-Evalue  score  bias  from    to  from    to  from    to  acc description of target
#                 ------------------- ---------- ----- -------------------- ---------- ----- --------- ------ ----- --- --- --------- --------- ------ ----- ----- ----- ----- ----- ----- ----- ---- ---------------------
NW_025965200.1_RagTag:17855-18731     -            248 10022at314147        -            628   0.00048   14.9   8.2   1   1     1e-05   0.00051   14.8   6.8    30   124   132   227   125   247 0.73 -
NW_025965285.1_RagTag:189204-190355   -            384 10022at314147        -            628   0.00052   14.8  19.7   1   3      0.27        14    0.2   0.1    63   107     2    52     1   100 0.75 -
NW_025965285.1_RagTag:189204-190355   -            384 10022at314147        -            628   0.00052   14.8  19.7   2   3   3.8e-05    0.0019   12.9   5.3    39   123   126   215   118   247 0.76 -
NW_025965285.1_RagTag:189204-190355   -            384 10022at314147        -            628   0.00052   14.8  19.7   3   3   0.00047     0.024    9.3   2.8    54   138   264   350   256   380 0.70 -
NW_025965127.1_RagTag:122616-122107   -            170 10022at314147        -            628   0.00063   14.5  16.0   1   2    0.0002      0.01   10.6   5.8    28   114     8    91     2    96 0.75 -
NW_025965127.1_RagTag:122616-122107   -            170 10022at314147        -            628   0.00063   14.5  16.0   2   2   0.00041     0.021    9.5   3.0    39   105    97   166    91   170 0.78 -
NW_025965341.1_RagTag:41694-41227     -            156 10022at314147        -            628    0.0015   13.3  16.2   1   3   5.1e-05    0.0026   12.5   2.9    43   106     3    69     1    77 0.75 -
NW_025965341.1_RagTag:41694-41227     -            156 10022at314147        -            628    0.0015   13.3  16.2   2   3    0.0057      0.29    5.7   2.1    40    81    56    97    53   113 0.74 -
NW_025965341.1_RagTag:41694-41227     -            156 10022at314147        -            628    0.0015   13.3  16.2   3   3    0.0032      0.16    6.6   1.7    40    81   112   153   103   156 0.88 -
contig_43334_pilon:1190-1762          -            191 10022at314147        -            628    0.0018   13.0  25.0   1   2   0.00047     0.024    9.3   9.1    56   109    30    86    12    96 0.80 -
contig_43334_pilon:1190-1762          -            191 10022at314147        -            628    0.0018   13.0  25.0   2   2   0.00062     0.031    8.9   8.8    40   110    98   171    90   184 0.83 -
NW_025965022.1_RagTag:271580-270999   -            194 10022at314147        -            628      0.01   10.5  22.7   1   3   0.00015    0.0076   11.0   4.6    58   112     5    62     1    90 0.80 -
NW_025965022.1_RagTag:271580-270999   -            194 10022at314147        -            628      0.01   10.5  22.7   2   3     0.019      0.95    4.0   3.6    26    81    90   139    65   153 0.76 -
NW_025965022.1_RagTag:271580-270999   -            194 10022at314147        -            628      0.01   10.5  22.7   3   3    0.0047      0.23    6.0   1.3    40    80   154   194   147   194 0.85 -
NW_025965279.1_RagTag:47883-47464     -            140 10022at314147        -            628     0.016    9.9   2.4   1   1    0.0004      0.02    9.6   2.4    40   115    54   132    45   138 0.77 -
contig_28105_pilon:1448-873           -            192 10022at314147        -            628     0.032    8.9  11.7   1   3     0.026       1.3    3.6   0.4    40    80    39    79    27    94 0.81 -
contig_28105_pilon:1448-873           -            192 10022at314147        -            628     0.032    8.9  11.7   2   3   0.00071     0.036    8.7   3.0    39   104    94   157    86   172 0.70 -
contig_28105_pilon:1448-873           -            192 10022at314147        -            628     0.032    8.9  11.7   3   3     0.025       1.3    3.6   0.7    39    80   150   191   143   192 0.86 -
NW_025965127.1_RagTag:122930-122601   -            110 10022at314147        -            628      0.04    8.6   4.2   1   2    0.0093      0.47    5.0   0.2    40    81     5    46     1    52 0.88 -
NW_025965127.1_RagTag:122930-122601   -            110 10022at314147        -            628      0.04    8.6   4.2   2   2    0.0021      0.11    7.2   3.7    26   105    25   102    15   109 0.69 -
contig_33351_pilon:20-586             -            189 10022at314147        -            628     0.073    7.7  27.0   1   2    0.0031      0.16    6.6   7.5    41   106     6    74     2    87 0.81 -
contig_33351_pilon:20-586             -            189 10022at314147        -            628     0.073    7.7  27.0   2   2    0.0098      0.49    5.0  12.5    40   114    89   166    82   188 0.81 -
NW_025965250.1_RagTag:8956-9588       -            211 10022at314147        -            628     0.098    7.3  26.8   1   3   0.00037     0.019    9.7   5.0    41    89    25    84    13    88 0.69 -
NW_025965250.1_RagTag:8956-9588       -            211 10022at314147        -            628     0.098    7.3  26.8   2   3     0.087       4.4    1.8   9.4    40    97    80   140    74   156 0.79 -
NW_025965250.1_RagTag:8956-9588       -            211 10022at314147        -            628     0.098    7.3  26.8   3   3     0.017      0.87    4.2   2.1    31    81   157   205   144   209 0.80 -
NW_025965328.1_RagTag:1309-710        -            200 10022at314147        -            628      0.11    7.1  35.7   1   5     0.024       1.2    3.7   5.3    60   105     7    55     1    61 0.69 -
NW_025965328.1_RagTag:1309-710        -            200 10022at314147        -            628      0.11    7.1  35.7   2   5     0.029       1.4    3.4  14.4    40   109    43   115    38   125 0.82 -
NW_025965328.1_RagTag:1309-710        -            200 10022at314147        -            628      0.11    7.1  35.7   3   5    0.0056      0.28    5.8  11.4    40   106    71   140    63   145 0.83 -
NW_025965328.1_RagTag:1309-710        -            200 10022at314147        -            628      0.11    7.1  35.7   4   5     0.007      0.35    5.4  12.8    40   108    99   170    94   179 0.83 -
NW_025965328.1_RagTag:1309-710        -            200 10022at314147        -            628      0.11    7.1  35.7   5   5    0.0022      0.11    7.1   9.1    40   105   127   195   123   200 0.86 -
NW_025965235.1_RagTag:119535-118921   -            205 10022at314147        -            628      0.13    6.9  31.0   1   3     0.005      0.25    5.9   6.1    59   112     8    64     2    72 0.79 -
NW_025965235.1_RagTag:119535-118921   -            205 10022at314147        -            628      0.13    6.9  31.0   2   3     0.019      0.97    4.0   9.8    40   105    73   141    66   154 0.76 -
NW_025965235.1_RagTag:119535-118921   -            205 10022at314147        -            628      0.13    6.9  31.0   3   3    0.0049      0.25    6.0   2.8    40    82   157   199   148   203 0.91 -
NW_025965289.1_RagTag:81495-82190     -            232 10022at314147        -            628      0.16    6.6  21.0   1   4     0.011      0.55    4.8   2.4    57   105    39    90     2    98 0.65 -
NW_025965289.1_RagTag:81495-82190     -            232 10022at314147        -            628      0.16    6.6  21.0   2   4      0.05       2.5    2.6   4.7    40    90    78   130    73   134 0.80 -
NW_025965289.1_RagTag:81495-82190     -            232 10022at314147        -            628      0.16    6.6  21.0   3   4   0.00091     0.046    8.4   4.8    39   106   133   203   126   213 0.82 -
NW_025965289.1_RagTag:81495-82190     -            232 10022at314147        -            628      0.16    6.6  21.0   4   4     0.013      0.65    4.6   0.9    42    81   192   231   186   232 0.86 -
NW_025965166.1_RagTag:126554-126123   -            144 10022at314147        -            628      0.21    6.2  16.6   1   2      0.22        11    0.5   4.7    59   102     4    50     2    53 0.67 -
NW_025965166.1_RagTag:126554-126123   -            144 10022at314147        -            628      0.21    6.2  16.6   2   2   0.00023     0.011   10.4   8.1    40   108    41   112    32   141 0.84 -
contig_81532_pilon:2155-1715          -            147 10022at314147        -            628      0.26    5.9  25.0   1   2     0.011      0.56    4.8  11.3    40   105    14    84     6    91 0.75 -
contig_81532_pilon:2155-1715          -            147 10022at314147        -            628      0.26    5.9  25.0   2   2    0.0045      0.22    6.1   8.2    54   103    86   138    73   146 0.70 -
NW_025965039.1_RagTag:294540-268866   -            195 10022at314147        -            628      0.59    4.7   8.0   1   2    0.0014     0.073    7.7   2.5    58   106    77   128    58   141 0.83 -
NW_025965039.1_RagTag:294540-268866   -            195 10022at314147        -            628      0.59    4.7   8.0   2   2      0.49        25   -0.6   0.1    54    90   156   195   143   195 0.72 -
NW_025965317.1_RagTag:1474848-1474279 -            190 10022at314147        -            628      0.65    4.6  24.4   1   2      0.66        34   -1.1  11.7    39   106    34   104    15   118 0.78 -
NW_025965317.1_RagTag:1474848-1474279 -            190 10022at314147        -            628      0.65    4.6  24.4   2   2   0.00036     0.018    9.7   6.8    39   105   118   187   111   190 0.79 -
NW_025965190.1_RagTag:126348-126803   -            152 10022at314147        -            628      0.94    4.1  18.2   1   2      0.37        19   -0.2   5.5    55   106     7    61     1    73 0.69 -
NW_025965190.1_RagTag:126348-126803   -            152 10022at314147        -            628      0.94    4.1  18.2   2   2   0.00037     0.019    9.7   6.0    40   105    76   144    64   152 0.84 -
NW_025965182.1_RagTag:1756006-1757067 -            354 10022at314147        -            628       1.9    3.0  36.1   1   4     0.036       1.8    3.1   9.0    39   105   113   182    91   196 0.75 -
NW_025965182.1_RagTag:1756006-1757067 -            354 10022at314147        -            628       1.9    3.0  36.1   2   4      0.25        13    0.3   6.3    41   105   171   238   164   239 0.71 -
NW_025965182.1_RagTag:1756006-1757067 -            354 10022at314147        -            628       1.9    3.0  36.1   3   4     0.042       2.1    2.9   6.3    41   105   227   294   221   297 0.78 -
NW_025965182.1_RagTag:1756006-1757067 -            354 10022at314147        -            628       1.9    3.0  36.1   4   4    0.0014     0.069    7.8   6.2    41   105   283   350   278   353 0.82 -
NW_025965442.1_RagTag:53303-52854     -            150 10022at314147        -            628       2.1    2.9  20.2   1   2      0.47        24   -0.6   5.9    62    99    23    65    10    75 0.72 -
NW_025965442.1_RagTag:53303-52854     -            150 10022at314147        -            628       2.1    2.9  20.2   2   2    0.0011     0.056    8.1   9.6    42   117    59   137    55   150 0.74 -
contig_18340_pilon:828-2186           -            453 10022at314147        -            628       2.3    2.7 104.7   1   8    0.0091      0.46    5.1   6.3    62   108     1    50     1    60 0.81 -
contig_18340_pilon:828-2186           -            453 10022at314147        -            628       2.3    2.7 104.7   2   8   5.6e-05    0.0028   12.4  12.5    40   109    63   135    56   144 0.84 -
contig_18340_pilon:828-2186           -            453 10022at314147        -            628       2.3    2.7 104.7   3   8       1.3        64   -2.0  16.7    40   109   119   191   117   201 0.84 -
contig_18340_pilon:828-2186           -            453 10022at314147        -            628       2.3    2.7 104.7   4   8   0.00022     0.011   10.4  11.7    40   108   203   274   196   282 0.85 -
contig_18340_pilon:828-2186           -            453 10022at314147        -            628       2.3    2.7 104.7   5   8     0.012      0.63    4.6  15.5    40   108   231   302   225   313 0.84 -
contig_18340_pilon:828-2186           -            453 10022at314147        -            628       2.3    2.7 104.7   6   8     0.043       2.2    2.9   7.1    58   106   277   328   272   336 0.79 -
contig_18340_pilon:828-2186           -            453 10022at314147        -            628       2.3    2.7 104.7   7   8     0.046       2.3    2.7  15.1    40   106   315   384   311   389 0.86 -
contig_18340_pilon:828-2186           -            453 10022at314147        -            628       2.3    2.7 104.7   8   8     0.089       4.5    1.8  13.7    40   108   371   442   367   452 0.83 -
NW_025965230.1_RagTag:919891-919364   -            176 10022at314147        -            628       3.5    2.2  21.6   1   3    0.0047      0.24    6.0   6.3    37   105    27    94     9   101 0.69 -
NW_025965230.1_RagTag:919891-919364   -            176 10022at314147        -            628       3.5    2.2  21.6   2   3    0.0029      0.15    6.7   5.9    42   106    84   151    82   160 0.75 -
NW_025965230.1_RagTag:919891-919364   -            176 10022at314147        -            628       3.5    2.2  21.6   3   3     0.069       3.5    2.2   1.4    40    72   138   170   130   175 0.80 -
NW_025965250.1_RagTag:54855-54238     -            206 10022at314147        -            628       4.2    1.9  20.5   1   3     0.036       1.8    3.1   6.0    39   108    17    89     8   101 0.77 -
NW_025965250.1_RagTag:54855-54238     -            206 10022at314147        -            628       4.2    1.9  20.5   2   3     0.016      0.81    4.3   5.4    39    96   101   161    91   171 0.77 -
NW_025965250.1_RagTag:54855-54238     -            206 10022at314147        -            628       4.2    1.9  20.5   3   3      0.13       6.8    1.2   5.7    41   107   131   200   125   205 0.77 -
contig_37853_pilon:1183-1722          -            180 10022at314147        -            628       4.3    1.9  16.6   1   2       1.7        84   -2.4   1.9    58    90    46    61     4    87 0.55 -
contig_37853_pilon:1183-1722          -            180 10022at314147        -            628       4.3    1.9  16.6   2   2   0.00055     0.028    9.1   7.2    49   112    99   165    83   176 0.75 -
NW_025965375.1_RagTag:160364-159888   -            159 10022at314147        -            628       4.5    1.8  18.5   1   2    0.0073      0.37    5.4   5.5    57   106    28    80    11    93 0.80 -
NW_025965375.1_RagTag:160364-159888   -            159 10022at314147        -            628       4.5    1.8  18.5   2   2      0.09       4.5    1.8   5.8    40    82    95   137    87   145 0.82 -
contig_52188_pilon:1550-468           -            361 10022at314147        -            628       4.6    1.8  71.1   1   5    0.0011     0.057    8.1   8.8    40   106     7    76     2    82 0.84 -
contig_52188_pilon:1550-468           -            361 10022at314147        -            628       4.6    1.8  71.1   2   5   0.00078     0.039    8.6  10.2    41   110    64   136    63   145 0.82 -
contig_52188_pilon:1550-468           -            361 10022at314147        -            628       4.6    1.8  71.1   3   5    0.0059       0.3    5.7  10.8    40   107   147   217   142   226 0.83 -
contig_52188_pilon:1550-468           -            361 10022at314147        -            628       4.6    1.8  71.1   4   5      0.11       5.4    1.5   9.3    41   108   204   274   203   284 0.80 -
contig_52188_pilon:1550-468           -            361 10022at314147        -            628       4.6    1.8  71.1   5   5    0.0044      0.22    6.1   8.5    40   106   287   356   280   361 0.83 -
contig_36320_pilon:1033-1992          -            320 10022at314147        -            628       8.2    0.9  67.4   1   4     0.018      0.92    4.1   9.6    52   107     6    64     1    73 0.78 -
contig_36320_pilon:1033-1992          -            320 10022at314147        -            628       8.2    0.9  67.4   2   4       0.1       5.1    1.6  11.0    58   109    68   122    64   133 0.80 -
contig_36320_pilon:1033-1992          -            320 10022at314147        -            628       8.2    0.9  67.4   3   4     0.001     0.051    8.2  11.0    40   108   134   205   127   215 0.83 -
contig_36320_pilon:1033-1992          -            320 10022at314147        -            628       8.2    0.9  67.4   4   4    0.0091      0.46    5.1   3.5    40    81   274   315   265   318 0.87 -
#
# Program:         hmmsearch
# Version:         3.1b2 (February 2015)
# Pipeline mode:   SEARCH
# Query file:      /home/bgerda/guppy_SUP/busco_downloads/lineages/glires_odb10/hmms/10022at314147.hmm
# Target file:     /home/bgerda/guppy_SUP/busco_results_flye/run_glires_odb10/metaeuk_output/rerun_results/ragtag.scaffold.fasta.modified.fas
# Option settings: hmmsearch --domtblout /home/bgerda/guppy_SUP/busco_results_flye/run_glires_odb10/hmmer_output/rerun_results/10022at314147.out --cpu 1 /home/bgerda/guppy_SUP/busco_downloads/lineages/glires_odb10/hmms/10022at314147.hmm /home/bgerda/guppy_SUP/busco_results_flye/run_glires_odb10/metaeuk_output/rerun_results/ragtag.scaffold.fasta.modified.fas 
# Current dir:     /home/bgerda/guppy_SUP
# Date:            Sun May 21 17:47:58 2023
# [ok]
