#                                                                                             --- full sequence --- -------------- this domain -------------   hmm coord   ali coord   env coord
# target name                         accession   tlen query name           accession   qlen   E-value  score  bias   #  of  c-Evalue  i-Evalue  score  bias  from    to  from    to  from    to  acc description of target
#                 ------------------- ---------- ----- -------------------- ---------- ----- --------- ------ ----- --- --- --------- --------- ------ ----- ----- ----- ----- ----- ----- ----- ---- ---------------------
NW_025965218.1_RagTag:1404150-1401683 -            220 1150at314147         -           2060   2.6e-09   30.9   0.4   1   1   7.6e-11   3.3e-09   30.6   0.4  1604  1662    87   145    79   160 0.89 -
NW_025965341.1_RagTag:41694-41227     -            156 1150at314147         -           2060     1e-08   29.0   5.8   1   2     4e-07   1.7e-05   18.2   1.2   924  1005    12    98     2    99 0.75 -
NW_025965341.1_RagTag:41694-41227     -            156 1150at314147         -           2060     1e-08   29.0   5.8   2   2   2.2e-06   9.5e-05   15.8   1.1   931  1003    75   152    69   155 0.82 -
NW_025965284.1_RagTag:358647-360583   -            161 1150at314147         -           2060   5.3e-07   23.3   0.2   1   1   1.4e-08   5.9e-07   23.1   0.2  1275  1340    96   161    65   161 0.86 -
NW_025965297.1_RagTag:263516-264714   -            299 1150at314147         -           2060   6.1e-07   23.0   4.1   1   2   1.4e-08   6.1e-07   23.0   4.1   293   382    71   161    62   182 0.86 -
NW_025965297.1_RagTag:263516-264714   -            299 1150at314147         -           2060   6.1e-07   23.0   4.1   2   2     0.012       0.5    3.4   3.6   318   373   242   298   235   299 0.85 -
NW_025965300.1_RagTag:1789607-1791559 -            651 1150at314147         -           2060     8e-07   22.6   1.8   1   3   2.9e-06   0.00012   15.4   0.1  1266  1346   311   387   292   397 0.75 -
NW_025965300.1_RagTag:1789607-1791559 -            651 1150at314147         -           2060     8e-07   22.6   1.8   2   3    0.0073      0.31    4.1   0.1  1298  1343   429   473   405   490 0.76 -
NW_025965300.1_RagTag:1789607-1791559 -            651 1150at314147         -           2060     8e-07   22.6   1.8   3   3     0.097       4.1    0.4   0.0  1299  1340   529   570   520   579 0.71 -
NW_025965230.1_RagTag:919891-919364   -            176 1150at314147         -           2060     2e-06   21.3  11.5   1   3   8.8e-07   3.8e-05   17.1   2.7   931  1005    17    96     8   100 0.65 -
NW_025965230.1_RagTag:919891-919364   -            176 1150at314147         -           2060     2e-06   21.3  11.5   2   3     0.015      0.66    3.0   0.1   982  1003   101   122    96   127 0.74 -
NW_025965230.1_RagTag:919891-919364   -            176 1150at314147         -           2060     2e-06   21.3  11.5   3   3    0.0024       0.1    5.7   0.3   981  1006   128   153   124   165 0.90 -
contig_28105_pilon:1448-873           -            192 1150at314147         -           2060   4.3e-06   20.2  13.4   1   2   5.2e-06   0.00022   14.5   0.2   931  1006     2    82     1    88 0.85 -
contig_28105_pilon:1448-873           -            192 1150at314147         -           2060   4.3e-06   20.2  13.4   2   2   0.00023      0.01    9.1   7.9   284   359   105   183    87   192 0.79 -
NW_025965341.1_RagTag:133798-133214   -            195 1150at314147         -           2060   6.8e-06   19.6   3.9   1   2   1.6e-07   6.8e-06   19.6   3.9   292   369     9    87     1    91 0.90 -
NW_025965341.1_RagTag:133798-133214   -            195 1150at314147         -           2060   6.8e-06   19.6   3.9   2   2     0.034       1.5    1.9   6.0   932  1005    93   171    86   177 0.53 -
NW_025965324.1_RagTag:3059154-3059363 -             70 1150at314147         -           2060   1.4e-05   18.5   0.3   1   1   3.7e-07   1.6e-05   18.4   0.3  1285  1346     3    64     1    68 0.88 -
contig_53583_pilon:2130-1585          -            182 1150at314147         -           2060   1.8e-05   18.2  27.3   1   2   1.9e-06   8.2e-05   16.0  11.3   285   370    16   104     3   109 0.84 -
contig_53583_pilon:2130-1585          -            182 1150at314147         -           2060   1.8e-05   18.2  27.3   2   2   0.00042     0.018    8.2   8.4   292   356   109   174   104   180 0.89 -
NW_025965309.1_RagTag:3395110-3394499 -            204 1150at314147         -           2060   1.8e-05   18.1   1.1   1   2   4.3e-07   1.8e-05   18.1   1.1  1274  1348    55   131    25   149 0.72 -
NW_025965309.1_RagTag:3395110-3394499 -            204 1150at314147         -           2060   1.8e-05   18.1   1.1   2   2       1.2        53   -3.3   3.7  1813  1854   141   182   134   191 0.77 -
NW_025965271.1_RagTag:559002-644971   -            204 1150at314147         -           2060   5.5e-05   16.6  30.3   1   2   0.00034     0.015    8.5   5.7   305   369     9    74     1    80 0.86 -
NW_025965271.1_RagTag:559002-644971   -            204 1150at314147         -           2060   5.5e-05   16.6  30.3   2   2   1.5e-05   0.00064   13.0  17.1   292   413    80   199    74   202 0.80 -
NW_025965275.1_RagTag:451509-451318   -             64 1150at314147         -           2060   8.1e-05   16.0   0.3   1   1   1.9e-06   8.2e-05   16.0   0.3  1287  1346     3    62     1    64 0.92 -
contig_43334_pilon:1190-1762          -            191 1150at314147         -           2060    0.0001   15.7  21.5   1   2    0.0012     0.053    6.7   5.3   309   368    23    83    17    88 0.87 -
contig_43334_pilon:1190-1762          -            191 1150at314147         -           2060    0.0001   15.7  21.5   2   2   5.6e-06   0.00024   14.4   9.5   292   371    90   170    81   189 0.88 -
NW_025965324.1_RagTag:3071511-3072352 -            184 1150at314147         -           2060   0.00013   15.3   0.2   1   1   3.5e-06   0.00015   15.1   0.2  1265  1354    62   151    17   160 0.76 -
NW_025965177.1_RagTag:240911-240603   -            103 1150at314147         -           2060   0.00028   14.2   0.0   1   1   6.5e-06   0.00028   14.2   0.0  1283  1342    44   103     9   103 0.84 -
NW_025965190.1_RagTag:126348-126803   -            152 1150at314147         -           2060    0.0006   13.1   9.1   1   3    0.0035      0.15    5.1   1.9   932  1003    12    88     2    90 0.45 -
NW_025965190.1_RagTag:126348-126803   -            152 1150at314147         -           2060    0.0006   13.1   9.1   2   3   0.00015    0.0065    9.7   3.2   931  1005    39   118    25   123 0.65 -
NW_025965190.1_RagTag:126348-126803   -            152 1150at314147         -           2060    0.0006   13.1   9.1   3   3    0.0055      0.24    4.5   0.1   932   953   124   145   120   151 0.54 -
NW_025965250.1_RagTag:54855-54238     -            206 1150at314147         -           2060   0.00078   12.7  15.7   1   2    0.0027      0.12    5.5   5.6   273   369    21   116    13   120 0.79 -
NW_025965250.1_RagTag:54855-54238     -            206 1150at314147         -           2060   0.00078   12.7  15.7   2   2     2e-05   0.00086   12.6   2.6   932  1006   122   201   116   204 0.80 -
NW_025965166.1_RagTag:126554-126123   -            144 1150at314147         -           2060    0.0012   12.2  14.1   1   2   0.00018    0.0077    9.4  13.6   292   413     5   124     3   127 0.81 -
NW_025965166.1_RagTag:126554-126123   -            144 1150at314147         -           2060    0.0012   12.2  14.1   2   2    0.0099      0.42    3.7   0.3  1201  1233    90   121    80   140 0.70 -
NW_025965250.1_RagTag:8956-9588       -            211 1150at314147         -           2060    0.0021   11.3  24.7   1   3    0.0022     0.093    5.8   0.0   978  1006    11    39     1    44 0.80 -
NW_025965250.1_RagTag:8956-9588       -            211 1150at314147         -           2060    0.0021   11.3  24.7   2   3    0.0001    0.0043   10.3  12.4   266   369    20   122    19   131 0.84 -
NW_025965250.1_RagTag:8956-9588       -            211 1150at314147         -           2060    0.0021   11.3  24.7   3   3     0.017      0.72    2.9   4.7   293   368   129   205   124   210 0.71 -
NW_025965317.1_RagTag:1474848-1474279 -            190 1150at314147         -           2060    0.0022   11.2  23.0   1   3    0.0011     0.047    6.8   4.6   295   368     2    76     1    81 0.90 -
NW_025965317.1_RagTag:1474848-1474279 -            190 1150at314147         -           2060    0.0022   11.2  23.0   2   3    0.0015     0.063    6.4   7.2   279   369    69   161    66   164 0.81 -
NW_025965317.1_RagTag:1474848-1474279 -            190 1150at314147         -           2060    0.0022   11.2  23.0   3   3   3.2e-05    0.0014   11.9   4.8   294   370   113   190   109   190 0.64 -
contig_81532_pilon:2155-1715          -            147 1150at314147         -           2060    0.0031   10.7  14.5   1   2      0.12       5.3    0.0   0.5  1200  1229     6    35     2    46 0.61 -
contig_81532_pilon:2155-1715          -            147 1150at314147         -           2060    0.0031   10.7  14.5   2   2     6e-06   0.00026   14.3   7.6   292   370    64   143    49   146 0.90 -
contig_31119_pilon:1895-1227          -            223 1150at314147         -           2060    0.0035   10.6   8.9   1   1   0.00028     0.012    8.8   7.3   287   369    75   158    57   216 0.76 -
NW_025965442.1_RagTag:53303-52854     -            150 1150at314147         -           2060    0.0059    9.8  13.6   1   3   6.4e-05    0.0027   10.9   6.1   293   370    22   100     6   103 0.57 -
NW_025965442.1_RagTag:53303-52854     -            150 1150at314147         -           2060    0.0059    9.8  13.6   2   3     0.015      0.66    3.0   1.2   982  1005   104   127    99   142 0.67 -
NW_025965442.1_RagTag:53303-52854     -            150 1150at314147         -           2060    0.0059    9.8  13.6   3   3      0.26        11   -1.0   0.2   932   946   133   147   115   150 0.79 -
NW_025965228.1_RagTag:17261-16787     -             64 1150at314147         -           2060     0.013    8.7   5.9   1   1   0.00064     0.028    7.6   5.9  1288  1346    13    61     5    64 0.64 -
NW_025965127.1_RagTag:122616-122107   -            170 1150at314147         -           2060     0.016    8.4  10.8   1   2    0.0027      0.12    5.5   2.2   294   367     8    82     3    86 0.86 -
NW_025965127.1_RagTag:122616-122107   -            170 1150at314147         -           2060     0.016    8.4  10.8   2   2   8.4e-05    0.0036   10.5   3.8   292   370    62   141    54   146 0.89 -
NW_025965341.1_RagTag:79117-79728     -            204 1150at314147         -           2060     0.028    7.6  17.5   1   2    0.0031      0.13    5.4  14.9   293   426    38   173    22   175 0.80 -
NW_025965341.1_RagTag:79117-79728     -            204 1150at314147         -           2060     0.028    7.6  17.5   2   2    0.0088      0.38    3.8   0.2   915   952   159   197   148   201 0.77 -
NW_025965279.1_RagTag:90637-77786     -            324 1150at314147         -           2060     0.037    7.2  12.6   1   1    0.0011     0.048    6.8  12.6   279   364   230   316   201   321 0.85 -
NW_025965375.1_RagTag:160364-159888   -            159 1150at314147         -           2060     0.054    6.6  14.0   1   2    0.0043      0.18    4.9   0.3   340   370    24    54    15    59 0.71 -
NW_025965375.1_RagTag:160364-159888   -            159 1150at314147         -           2060     0.054    6.6  14.0   2   2    0.0048      0.21    4.7   9.0   292   368    59   136    53   148 0.82 -
contig_10031_pilon:821-222            -            200 1150at314147         -           2060      0.48    3.5  33.5   1   2       2.5   1.1e+02   -4.3  17.8   315   426     6   111     1   116 0.65 -
contig_10031_pilon:821-222            -            200 1150at314147         -           2060      0.48    3.5  33.5   2   2   0.00012    0.0052   10.0  10.9   286   367   113   195    99   199 0.87 -
NW_025965341.1_RagTag:104619-49768    -            298 1150at314147         -           2060      0.49    3.5  26.4   1   3    0.0017     0.074    6.2  12.5   286   426    20   156     9   161 0.79 -
NW_025965341.1_RagTag:104619-49768    -            298 1150at314147         -           2060      0.49    3.5  26.4   2   3     0.035       1.5    1.9   0.7   927  1004   159   241   152   248 0.76 -
NW_025965341.1_RagTag:104619-49768    -            298 1150at314147         -           2060      0.49    3.5  26.4   3   3      0.11       4.5    0.3   0.1   930   952   274   296   260   298 0.84 -
contig_10836_pilon:33-731             -            233 1150at314147         -           2060      0.53    3.4  36.2   1   2      0.17       7.4   -0.5   9.7   292   368     9    86     4    91 0.84 -
contig_10836_pilon:33-731             -            233 1150at314147         -           2060      0.53    3.4  36.2   2   2    0.0003     0.013    8.7  19.9   291   426    92   229    82   233 0.81 -
NW_025965215.1_RagTag:23669-22371     -            433 1150at314147         -           2060       5.1    0.1  24.6   1   3       0.1       4.4    0.3   0.1  1199  1961   240   264   225   270 0.58 -
NW_025965215.1_RagTag:23669-22371     -            433 1150at314147         -           2060       5.1    0.1  24.6   2   3     0.058       2.5    1.1  18.4   289   426   267   401   246   405 0.87 -
NW_025965215.1_RagTag:23669-22371     -            433 1150at314147         -           2060       5.1    0.1  24.6   3   3     0.019      0.83    2.7  10.0   292   368   353   430   347   433 0.91 -
#
# Program:         hmmsearch
# Version:         3.1b2 (February 2015)
# Pipeline mode:   SEARCH
# Query file:      /home/bgerda/guppy_SUP/busco_downloads/lineages/glires_odb10/hmms/1150at314147.hmm
# Target file:     /home/bgerda/guppy_SUP/busco_results_flye/run_glires_odb10/metaeuk_output/rerun_results/ragtag.scaffold.fasta.modified.fas
# Option settings: hmmsearch --domtblout /home/bgerda/guppy_SUP/busco_results_flye/run_glires_odb10/hmmer_output/rerun_results/1150at314147.out --cpu 1 /home/bgerda/guppy_SUP/busco_downloads/lineages/glires_odb10/hmms/1150at314147.hmm /home/bgerda/guppy_SUP/busco_results_flye/run_glires_odb10/metaeuk_output/rerun_results/ragtag.scaffold.fasta.modified.fas 
# Current dir:     /home/bgerda/guppy_SUP
# Date:            Sun May 21 17:47:53 2023
# [ok]
