#                                                                                             --- full sequence --- -------------- this domain -------------   hmm coord   ali coord   env coord
# target name                         accession   tlen query name           accession   qlen   E-value  score  bias   #  of  c-Evalue  i-Evalue  score  bias  from    to  from    to  from    to  acc description of target
#                 ------------------- ---------- ----- -------------------- ---------- ----- --------- ------ ----- --- --- --------- --------- ------ ----- ----- ----- ----- ----- ----- ----- ---- ---------------------
NW_025965074.1_RagTag:879831-877598   -            295 13722at314147        -            469   8.1e-25   83.9   3.4   1   4   2.5e-05     0.005   12.0   0.1   286   326    31    75    16    84 0.62 -
NW_025965074.1_RagTag:879831-877598   -            295 13722at314147        -            469   8.1e-25   83.9   3.4   2   4   3.1e-07   6.4e-05   18.3   0.1   227   291    70   130    65   142 0.86 -
NW_025965074.1_RagTag:879831-877598   -            295 13722at314147        -            469   8.1e-25   83.9   3.4   3   4   8.3e-06    0.0017   13.6   0.1   282   336   145   201   135   203 0.79 -
NW_025965074.1_RagTag:879831-877598   -            295 13722at314147        -            469   8.1e-25   83.9   3.4   4   4   9.1e-15   1.8e-12   43.1   0.1   226   311   187   272   182   282 0.87 -
NW_025965250.1_RagTag:126300-123371   -            363 13722at314147        -            469   3.5e-24   81.8   0.9   1   2   3.2e-18   6.4e-16   54.5   0.1   198   315   130   249   114   269 0.89 -
NW_025965250.1_RagTag:126300-123371   -            363 13722at314147        -            469   3.5e-24   81.8   0.9   2   2     1e-09   2.1e-07   26.5   0.2   225   334   253   362   249   363 0.62 -
NW_025965321.1_RagTag:1275332-1274637 -            232 13722at314147        -            469   8.2e-21   70.7   0.7   1   2   6.5e-18   1.3e-15   53.5   0.3   256   375     5   130     2   134 0.86 -
NW_025965321.1_RagTag:1275332-1274637 -            232 13722at314147        -            469   8.2e-21   70.7   0.7   2   2   1.3e-06   0.00027   16.2   0.0   247   321   142   222   122   229 0.81 -
NW_025965191.1_RagTag:541814-540291   -            508 13722at314147        -            469   1.2e-15   53.6   0.0   1   1     9e-18   1.8e-15   53.0   0.0   190   337   321   478   315   507 0.84 -
NW_025965317.1_RagTag:3930093-3930803 -            237 13722at314147        -            469   7.5e-14   47.7   0.1   1   1   4.9e-16   9.8e-14   47.3   0.1   194   313    77   209    66   231 0.78 -
NW_025965172.1_RagTag:387348-388469   -            374 13722at314147        -            469   3.4e-10   35.6   0.2   1   2      0.37        76   -1.8   0.0   106   147    72   113    15   127 0.74 -
NW_025965172.1_RagTag:387348-388469   -            374 13722at314147        -            469   3.4e-10   35.6   0.2   2   2   3.9e-12   7.9e-10   34.4   0.0   223   333   251   372   242   374 0.81 -
NW_025965367.1_RagTag:65763-66275     -            171 13722at314147        -            469    0.0052   12.0   0.1   1   2    0.0023      0.47    5.5   0.0   284   338     2    56     1    64 0.78 -
NW_025965367.1_RagTag:65763-66275     -            171 13722at314147        -            469    0.0052   12.0   0.1   2   2     0.003      0.61    5.1   0.0   247   292    58   103    52   126 0.91 -
#
# Program:         hmmsearch
# Version:         3.1b2 (February 2015)
# Pipeline mode:   SEARCH
# Query file:      /home/bgerda/guppy_SUP/busco_downloads/lineages/glires_odb10/hmms/13722at314147.hmm
# Target file:     /home/bgerda/guppy_SUP/busco_results_flye/run_glires_odb10/metaeuk_output/rerun_results/ragtag.scaffold.fasta.modified.fas
# Option settings: hmmsearch --domtblout /home/bgerda/guppy_SUP/busco_results_flye/run_glires_odb10/hmmer_output/rerun_results/13722at314147.out --cpu 1 /home/bgerda/guppy_SUP/busco_downloads/lineages/glires_odb10/hmms/13722at314147.hmm /home/bgerda/guppy_SUP/busco_results_flye/run_glires_odb10/metaeuk_output/rerun_results/ragtag.scaffold.fasta.modified.fas 
# Current dir:     /home/bgerda/guppy_SUP
# Date:            Sun May 21 17:47:48 2023
# [ok]
