#                                                                                             --- full sequence --- -------------- this domain -------------   hmm coord   ali coord   env coord
# target name                         accession   tlen query name           accession   qlen   E-value  score  bias   #  of  c-Evalue  i-Evalue  score  bias  from    to  from    to  from    to  acc description of target
#                 ------------------- ---------- ----- -------------------- ---------- ----- --------- ------ ----- --- --- --------- --------- ------ ----- ----- ----- ----- ----- ----- ----- ---- ---------------------
NW_025965218.1_RagTag:902321-888707   -            159 14636at314147        -            589   1.6e-42  142.0   0.1   1   1   2.4e-44   1.8e-42  141.9   0.1   399   536    18   155     5   159 0.92 -
NW_025965016.1_RagTag:327105-327769   -            169 14636at314147        -            589   4.3e-33  110.9   0.2   1   1   6.6e-35   4.9e-33  110.7   0.2   405   566     1   160     1   168 0.96 -
NW_025965256.1_RagTag:1014355-1014951 -            199 14636at314147        -            589   4.5e-21   71.2   0.1   1   1   7.5e-23   5.6e-21   70.9   0.1   405   572     8   176     3   196 0.91 -
NW_025965066.1_RagTag:302523-304395   -            146 14636at314147        -            589   3.9e-16   54.9   0.1   1   1   1.7e-17   1.3e-15   53.2   0.1   457   563    15   111     4   123 0.86 -
NW_025965233.1_RagTag:140162-141734   -            141 14636at314147        -            589     2e-15   52.5   0.0   1   1   2.9e-17   2.2e-15   52.4   0.0   444   562     3   122     1   135 0.93 -
NW_025965350.1_RagTag:49702-50037     -            112 14636at314147        -            589   2.2e-15   52.4   0.0   1   1   3.1e-17   2.3e-15   52.3   0.0   405   467     9    72     2    94 0.92 -
contig_28026_pilon:2038-2154          -             39 14636at314147        -            589     3e-12   42.0   0.2   1   1   4.1e-14   3.1e-12   42.0   0.2   455   492     2    39     1    39 0.95 -
NW_025965319.1_RagTag:367253-366858   -            132 14636at314147        -            589   5.2e-12   41.3   0.0   1   1   8.3e-14   6.2e-12   41.0   0.0   400   496    27   122    16   129 0.91 -
NW_025965250.1_RagTag:73448-72906     -            181 14636at314147        -            589   1.1e-11   40.2   0.0   1   1   1.6e-13   1.2e-11   40.1   0.0   404   521    11   129     5   179 0.85 -
NW_025965315.1_RagTag:3516887-3517861 -            104 14636at314147        -            589   1.1e-11   40.2   0.1   1   1   1.5e-13   1.1e-11   40.1   0.1   466   561     3   100     1   104 0.85 -
NW_025965080.1_RagTag:530367-529903   -            127 14636at314147        -            589   1.1e-11   40.2   0.0   1   1   1.7e-13   1.3e-11   40.0   0.0   471   553    44   125    34   127 0.85 -
NW_025965152.1_RagTag:101619-101485   -             45 14636at314147        -            589   3.9e-11   38.4   0.0   1   1   5.5e-13   4.1e-11   38.3   0.0   459   502     1    44     1    45 0.97 -
NW_025965045.1_RagTag:7081-6766       -            102 14636at314147        -            589   4.3e-11   38.2   0.0   1   1   6.3e-13   4.7e-11   38.1   0.0   459   565     1   101     1   102 0.90 -
NW_025965318.1_RagTag:2315201-2316606 -            155 14636at314147        -            589   9.5e-09   30.5   0.2   1   1   1.5e-10   1.1e-08   30.3   0.2   450   558    21   130     7   143 0.84 -
NW_025965307.1_RagTag:1481225-1481671 -            149 14636at314147        -            589   7.2e-08   27.6   1.8   1   2     0.001     0.075    7.7   0.2     4    60    14    72    10    83 0.83 -
NW_025965307.1_RagTag:1481225-1481671 -            149 14636at314147        -            589   7.2e-08   27.6   1.8   2   2   2.7e-07     2e-05   19.5   0.1     4    58    87   143    84   147 0.89 -
NW_025965233.1_RagTag:161149-164412   -            174 14636at314147        -            589   9.6e-08   27.2   0.0   1   2   3.9e-09   2.9e-07   25.6   0.0   405   463    14    71     6    80 0.92 -
NW_025965233.1_RagTag:161149-164412   -            174 14636at314147        -            589   9.6e-08   27.2   0.0   2   2      0.51        38   -1.2   0.0   524   564    86   127    72   131 0.81 -
NW_025965240.1_RagTag:128094-126727   -            157 14636at314147        -            589   1.7e-07   26.3   0.0   1   1   2.7e-09     2e-07   26.1   0.0   479   566    15   103     5   119 0.85 -
NW_025965215.1_RagTag:414593-413986   -             62 14636at314147        -            589   4.1e-05   18.5   0.1   1   1   6.2e-07   4.6e-05   18.3   0.1   510   555     7    52     2    58 0.90 -
NW_025965045.1_RagTag:7081-6962       -             40 14636at314147        -            589    0.0013   13.6   0.0   1   1   1.7e-05    0.0013   13.6   0.0   459   490     1    32     1    40 0.92 -
#
# Program:         hmmsearch
# Version:         3.1b2 (February 2015)
# Pipeline mode:   SEARCH
# Query file:      /home/bgerda/guppy_SUP/busco_downloads/lineages/glires_odb10/hmms/14636at314147.hmm
# Target file:     /home/bgerda/guppy_SUP/busco_results_flye/run_glires_odb10/metaeuk_output/rerun_results/ragtag.scaffold.fasta.modified.fas
# Option settings: hmmsearch --domtblout /home/bgerda/guppy_SUP/busco_results_flye/run_glires_odb10/hmmer_output/rerun_results/14636at314147.out --cpu 1 /home/bgerda/guppy_SUP/busco_downloads/lineages/glires_odb10/hmms/14636at314147.hmm /home/bgerda/guppy_SUP/busco_results_flye/run_glires_odb10/metaeuk_output/rerun_results/ragtag.scaffold.fasta.modified.fas 
# Current dir:     /home/bgerda/guppy_SUP
# Date:            Sun May 21 17:47:49 2023
# [ok]
