#                                                                                             --- full sequence --- -------------- this domain -------------   hmm coord   ali coord   env coord
# target name                         accession   tlen query name           accession   qlen   E-value  score  bias   #  of  c-Evalue  i-Evalue  score  bias  from    to  from    to  from    to  acc description of target
#                 ------------------- ---------- ----- -------------------- ---------- ----- --------- ------ ----- --- --- --------- --------- ------ ----- ----- ----- ----- ----- ----- ----- ---- ---------------------
contig_18340_pilon:828-2186           -            453 17113at314147        -            405  1.6e-207  685.7 172.1   1   4   9.1e-63   1.8e-61  204.6  46.3   214   392     1   180     1   181 0.98 -
contig_18340_pilon:828-2186           -            453 17113at314147        -            405  1.6e-207  685.7 172.1   2   4   6.6e-68   1.3e-66  221.6  45.9   213   394    56   238    56   240 0.98 -
contig_18340_pilon:828-2186           -            453 17113at314147        -            405  1.6e-207  685.7 172.1   3   4   2.7e-70   5.4e-69  229.5  47.9   219   394   230   406   230   408 0.98 -
contig_18340_pilon:828-2186           -            453 17113at314147        -            405  1.6e-207  685.7 172.1   4   4   1.9e-22   3.8e-21   71.9   8.1   216   271   395   450   395   452 0.91 -
contig_36320_pilon:1033-1992          -            320 17113at314147        -            405  2.1e-198  655.6 154.8   1   3   3.5e-67   7.2e-66  219.2  48.3   227   399     1   174     1   174 0.98 -
contig_36320_pilon:1033-1992          -            320 17113at314147        -            405  2.1e-198  655.6 154.8   2   3     1e-65   2.1e-64  214.3  42.2   231   390    61   221    59   222 0.97 -
contig_36320_pilon:1033-1992          -            320 17113at314147        -            405  2.1e-198  655.6 154.8   3   3     3e-76   6.2e-75  249.0  48.3   211   404   125   319   125   320 0.98 -
NW_025965071.1_RagTag:3330-4808       -            493 17113at314147        -            405  4.7e-140  463.5 121.3   1   3   6.5e-37   1.3e-35  119.5  29.7   229   403    10   185     4   185 0.90 -
NW_025965071.1_RagTag:3330-4808       -            493 17113at314147        -            405  4.7e-140  463.5 121.3   2   3   2.5e-52     5e-51  170.3  35.5   222   390   171   340   170   342 0.96 -
NW_025965071.1_RagTag:3330-4808       -            493 17113at314147        -            405  4.7e-140  463.5 121.3   3   3   6.5e-62   1.3e-60  201.8  40.2   213   403   302   493   302   493 0.98 -
NW_025965432.1_RagTag:538045-539154   -            370 17113at314147        -            405  1.9e-137  454.9 101.4   1   3   3.2e-46   6.4e-45  150.2  33.0   262   392     2   133     1   136 0.97 -
NW_025965432.1_RagTag:538045-539154   -            370 17113at314147        -            405  1.9e-137  454.9 101.4   2   3   1.2e-71   2.5e-70  233.9  38.5   219   401   127   310   127   310 0.98 -
NW_025965432.1_RagTag:538045-539154   -            370 17113at314147        -            405  1.9e-137  454.9 101.4   3   3   1.9e-30   3.8e-29   98.2  13.8   215   293   291   369   291   370 0.95 -
contig_52188_pilon:1550-468           -            361 17113at314147        -            405  7.7e-134  443.0  96.1   1   2   1.7e-71   3.4e-70  233.4  42.1   214   394     1   182     1   184 0.97 -
contig_52188_pilon:1550-468           -            361 17113at314147        -            405  7.7e-134  443.0  96.1   2   2   1.8e-67   3.7e-66  220.1  48.1   218   403   173   359   173   360 0.98 -
NW_025965341.1_RagTag:10137-11147     -            337 17113at314147        -            405  1.1e-132  439.3  79.3   1   4   1.1e-47   2.2e-46  155.0  26.9   269   403     1   136     1   136 0.98 -
NW_025965341.1_RagTag:10137-11147     -            337 17113at314147        -            405  1.1e-132  439.3  79.3   2   4     1e-30     2e-29   99.1  10.5   310   403   127   221   124   221 0.97 -
NW_025965341.1_RagTag:10137-11147     -            337 17113at314147        -            405  1.1e-132  439.3  79.3   3   4   4.6e-37   9.3e-36  120.0   8.7   209   290   194   275   184   275 0.81 -
NW_025965341.1_RagTag:10137-11147     -            337 17113at314147        -            405  1.1e-132  439.3  79.3   4   4     1e-32     2e-31  105.7   9.2   221   295   262   336   262   337 0.82 -
NW_025965207.1_RagTag:11562-10675     -            296 17113at314147        -            405  7.4e-132  436.5 129.4   1   3     2e-21   4.1e-20   68.5  19.2   321   395     1    74     1    75 0.80 -
NW_025965207.1_RagTag:11562-10675     -            296 17113at314147        -            405  7.4e-132  436.5 129.4   2   3   1.6e-59   3.3e-58  193.9  47.8   216   390    34   208    33   209 0.99 -
NW_025965207.1_RagTag:11562-10675     -            296 17113at314147        -            405  7.4e-132  436.5 129.4   3   3   1.4e-61   2.8e-60  200.8  46.4   211   391   113   293   113   296 0.97 -
contig_18339_pilon:77-1480            -            468 17113at314147        -            405  1.8e-131  435.2 105.1   1   4   4.6e-26   9.4e-25   83.8  11.3   221   292     2    73     1    73 0.98 -
contig_18339_pilon:77-1480            -            468 17113at314147        -            405  1.8e-131  435.2 105.1   2   4   4.9e-27     1e-25   87.0  13.5   213   287    50   124    50   134 0.92 -
contig_18339_pilon:77-1480            -            468 17113at314147        -            405  1.8e-131  435.2 105.1   3   4   8.2e-64   1.7e-62  208.1  39.7   209   390   215   397   193   399 0.94 -
contig_18339_pilon:77-1480            -            468 17113at314147        -            405  1.8e-131  435.2 105.1   4   4   1.7e-30   3.4e-29   98.4  16.5   214   293   388   467   388   468 0.98 -
NW_025965215.1_RagTag:23669-22371     -            433 17113at314147        -            405  4.5e-121  401.0  50.6   1   2   3.5e-98     7e-97  321.3  25.7     8   387     2   389     1   389 0.87 -
NW_025965215.1_RagTag:23669-22371     -            433 17113at314147        -            405  4.5e-121  401.0  50.6   2   2   4.8e-29   9.8e-28   93.6  16.9   214   292   355   433   355   433 0.98 -
NW_025965182.1_RagTag:1756006-1757067 -            354 17113at314147        -            405    2e-119  395.5  89.1   1   4   6.9e-16   1.4e-14   50.3   0.2   219   288     1    70     1    74 0.83 -
NW_025965182.1_RagTag:1756006-1757067 -            354 17113at314147        -            405    2e-119  395.5  89.1   2   4     1e-48   2.1e-47  158.4  26.8   235   393    73   232    67   235 0.95 -
NW_025965182.1_RagTag:1756006-1757067 -            354 17113at314147        -            405    2e-119  395.5  89.1   3   4   7.9e-53   1.6e-51  171.9  32.0   229   403   151   326   147   327 0.96 -
NW_025965182.1_RagTag:1756006-1757067 -            354 17113at314147        -            405    2e-119  395.5  89.1   4   4   1.1e-16   2.2e-15   52.9   8.9   332   403   283   354   283   354 0.88 -
NW_025965328.1_RagTag:1309-710        -            200 17113at314147        -            405  5.4e-116  384.2  84.9   1   2   4.5e-63   9.1e-62  205.6  37.5   234   396     1   164     1   165 0.98 -
NW_025965328.1_RagTag:1309-710        -            200 17113at314147        -            405  5.4e-116  384.2  84.9   2   2   9.6e-59   1.9e-57  191.4  39.4   214   375    37   199    37   199 0.96 -
contig_83186_pilon:3097-2462          -            212 17113at314147        -            405  4.1e-113  374.7  92.3   1   2   1.6e-58   3.2e-57  190.7  42.7   237   401     1   166     1   166 0.97 -
contig_83186_pilon:3097-2462          -            212 17113at314147        -            405  4.1e-113  374.7  92.3   2   2     2e-60   4.1e-59  196.9  41.6   230   390    50   211    49   212 0.97 -
NW_025965341.1_RagTag:104619-49768    -            298 17113at314147        -            405  1.8e-100  333.1  56.6   1   3   1.9e-36   3.8e-35  118.0   7.8   210   285    22    97    16    98 0.92 -
NW_025965341.1_RagTag:104619-49768    -            298 17113at314147        -            405  1.8e-100  333.1  56.6   2   3     3e-27   6.1e-26   87.7   9.3   216   285    84   153    84   154 0.97 -
NW_025965341.1_RagTag:104619-49768    -            298 17113at314147        -            405  1.8e-100  333.1  56.6   3   3     2e-47     4e-46  154.1  23.5   222   372   146   297   145   298 0.96 -
NW_025965071.1_RagTag:28229-29119     -            297 17113at314147        -            405     3e-95  315.9  72.4   1   2   1.5e-33   3.1e-32  108.4  20.3   300   404     1   106     1   107 0.95 -
NW_025965071.1_RagTag:28229-29119     -            297 17113at314147        -            405     3e-95  315.9  72.4   2   2   3.3e-66   6.7e-65  216.0  46.0   204   398   101   296    99   297 0.96 -
NW_025965250.1_RagTag:250628-249804   -            275 17113at314147        -            405   3.8e-92  305.7  68.2   1   2   4.5e-43   9.1e-42  139.8  26.7   268   390     1   124     1   124 0.97 -
NW_025965250.1_RagTag:250628-249804   -            275 17113at314147        -            405   3.8e-92  305.7  68.2   2   2   3.9e-29   7.8e-28   93.9  13.7   211   288   196   273   195   275 0.60 -
NW_025965341.1_RagTag:133798-133214   -            195 17113at314147        -            405   6.2e-88  291.8  51.6   1   2   2.4e-33   4.9e-32  107.7  10.5   315   396     1    82     1    82 0.99 -
NW_025965341.1_RagTag:133798-133214   -            195 17113at314147        -            405   6.2e-88  291.8  51.6   2   2   2.1e-60   4.3e-59  196.8  33.1   218   368    43   194    43   195 0.97 -
NW_025965436.1_RagTag:1629-778        -            284 17113at314147        -            405   3.8e-84  279.3  95.8   1   3   1.5e-08     3e-07   26.1   4.1   266   301     1    36     1    36 0.93 -
NW_025965436.1_RagTag:1629-778        -            284 17113at314147        -            405   3.8e-84  279.3  95.8   2   3   4.5e-55   9.2e-54  179.3  52.8   204   391    23   211    23   212 0.96 -
NW_025965436.1_RagTag:1629-778        -            284 17113at314147        -            405   3.8e-84  279.3  95.8   3   3     4e-31   8.2e-30  100.4  23.0   210   296   197   283   197   284 0.98 -
contig_10836_pilon:33-731             -            233 17113at314147        -            405   1.5e-81  270.8  62.3   1   2   1.3e-60   2.6e-59  197.6  37.4   235   401     4   171     2   171 0.97 -
contig_10836_pilon:33-731             -            233 17113at314147        -            405   1.5e-81  270.8  62.3   2   2     8e-27   1.6e-25   86.3  16.8   221   296   158   233   158   233 0.94 -
NW_025965341.1_RagTag:79117-79728     -            204 17113at314147        -            405   9.3e-74  245.1  40.3   1   1   6.6e-74   1.3e-72  241.3  40.2   205   403     2   201     1   203 0.97 -
NW_025965271.1_RagTag:559002-644971   -            204 17113at314147        -            405   6.7e-73  242.3  53.5   1   2   6.3e-11   1.3e-09   33.9   1.3   357   391     2    36     1    39 0.81 -
NW_025965271.1_RagTag:559002-644971   -            204 17113at314147        -            405   6.7e-73  242.3  53.5   2   2   1.4e-67   2.8e-66  220.5  44.9   216   390    28   203    27   204 0.98 -
NW_025965341.1_RagTag:41694-41227     -            156 17113at314147        -            405   4.8e-71  236.2  36.1   1   3   6.4e-18   1.3e-16   57.0   0.8   362   402     3    43     1    43 0.65 -
NW_025965341.1_RagTag:41694-41227     -            156 17113at314147        -            405   4.8e-71  236.2  36.1   2   3     5e-31     1e-29  100.1   6.9   333   399    30    96    30    96 0.54 -
NW_025965341.1_RagTag:41694-41227     -            156 17113at314147        -            405   4.8e-71  236.2  36.1   3   3   7.8e-32   1.6e-30  102.8  13.6   213   292    77   156    77   156 0.77 -
contig_78026_pilon:1141-2283          -            381 17113at314147        -            405   2.9e-70  233.6  46.3   1   3   3.5e-12     7e-11   38.1   3.7   216   292     1    82     1    86 0.90 -
contig_78026_pilon:1141-2283          -            381 17113at314147        -            405   2.9e-70  233.6  46.3   2   3   1.1e-31   2.2e-30  102.3  14.1   268   404    89   229    87   231 0.86 -
contig_78026_pilon:1141-2283          -            381 17113at314147        -            405   2.9e-70  233.6  46.3   3   3   2.9e-31   5.9e-30  100.9  12.6   299   404   274   380   263   381 0.63 -
contig_43715_pilon:47-619             -            191 17113at314147        -            405   3.2e-70  233.5  56.2   1   3   2.4e-26   4.8e-25   84.7  13.1   238   304     1    67     1    68 0.65 -
contig_43715_pilon:47-619             -            191 17113at314147        -            405   3.2e-70  233.5  56.2   2   3   2.3e-31   4.6e-30  101.3  18.2   211   292    58   139    58   139 0.67 -
contig_43715_pilon:47-619             -            191 17113at314147        -            405   3.2e-70  233.5  56.2   3   3   8.7e-23   1.8e-21   73.0   8.9   231   288   134   191   132   191 0.92 -
NW_025965317.1_RagTag:1474848-1474279 -            190 17113at314147        -            405   7.2e-70  232.3  38.0   1   1   8.7e-71   1.8e-69  231.1  38.0   214   400     1   188     1   190 0.97 -
NW_025965289.1_RagTag:81495-82190     -            232 17113at314147        -            405   5.9e-69  229.3  31.2   1   1     2e-69   4.1e-68  226.6  31.2   202   401    33   232    24   232 0.95 -
NW_025965250.1_RagTag:54855-54238     -            206 17113at314147        -            405   1.1e-68  228.4  33.7   1   2   9.8e-31     2e-29   99.2   9.6   205   294     3    92     1    94 0.90 -
NW_025965250.1_RagTag:54855-54238     -            206 17113at314147        -            405   1.1e-68  228.4  33.7   2   2   9.7e-30     2e-28   95.9  11.4   212   289    94   171    94   172 0.97 -
NW_025965250.1_RagTag:8956-9588       -            211 17113at314147        -            405   5.7e-68  226.1  46.4   1   2   8.5e-20   1.7e-18   63.1   7.2   227   293     3    69     1    69 0.92 -
NW_025965250.1_RagTag:8956-9588       -            211 17113at314147        -            405   5.7e-68  226.1  46.4   2   2   5.2e-54   1.1e-52  175.8  31.2   211   378    43   211    43   211 0.98 -
NW_025965127.1_RagTag:122616-122107   -            170 17113at314147        -            405   1.3e-67  224.9  28.7   1   1   1.6e-28   3.2e-27   91.9   4.4   347   403     2    58     1    59 0.99 -
contig_33351_pilon:20-586             -            189 17113at314147        -            405   7.6e-67  222.4  42.0   1   2     1e-26   2.1e-25   85.9  10.3   221   292    62   133    62   133 0.97 -
contig_33351_pilon:20-586             -            189 17113at314147        -            405   7.6e-67  222.4  42.0   2   2   4.8e-24   9.6e-23   77.1   9.7   231   292   128   189   126   189 0.96 -
contig_10031_pilon:821-222            -            200 17113at314147        -            405   9.6e-66  218.8  52.3   1   1   1.3e-66   2.6e-65  217.3  52.3   207   403     2   199     1   200 0.97 -
contig_28105_pilon:1448-873           -            192 17113at314147        -            405     1e-65  218.7  29.6   1   2   1.5e-21   3.1e-20   68.9   6.0   321   392     1    72     1    72 0.93 -
contig_28105_pilon:1448-873           -            192 17113at314147        -            405     1e-65  218.7  29.6   2   2   1.7e-33   3.5e-32  108.2   8.2   212   292    59   139    57   139 0.93 -
NW_025965235.1_RagTag:119535-118921   -            205 17113at314147        -            405   7.5e-65  215.8  54.0   1   2   3.8e-53   7.7e-52  173.0  36.2   232   400     1   170     1   170 0.97 -
NW_025965235.1_RagTag:119535-118921   -            205 17113at314147        -            405   7.5e-65  215.8  54.0   2   2   1.6e-17   3.1e-16   55.7   9.8   215   268   152   205   151   205 0.77 -
NW_025965230.1_RagTag:919891-919364   -            176 17113at314147        -            405   1.8e-63  211.2  32.4   1   1   4.7e-64   9.5e-63  208.9  32.4   228   396     6   175     3   176 0.97 -
contig_43334_pilon:1190-1762          -            191 17113at314147        -            405   2.6e-63  210.7  31.4   1   1   1.6e-64   3.3e-63  210.4  31.4   218   394    12   189     3   191 0.94 -
contig_53583_pilon:2130-1585          -            182 17113at314147        -            405   1.2e-61  205.3  40.1   1   1   7.4e-63   1.5e-61  204.9  40.1   216   391     1   177     1   182 0.96 -
NW_025965301.1_RagTag:107840-107193   -            216 17113at314147        -            405   6.9e-61  202.8  26.0   1   2   9.4e-11   1.9e-09   33.3   0.3   242   273    30    61    11    65 0.57 -
NW_025965301.1_RagTag:107840-107193   -            216 17113at314147        -            405   6.9e-61  202.8  26.0   2   2   2.7e-53   5.5e-52  173.4  20.0   220   371    65   216    61   216 0.98 -
NW_025965039.1_RagTag:269799-269233   -            189 17113at314147        -            405   1.7e-60  201.4  34.2   1   1   9.7e-62     2e-60  201.3  34.2   214   400     1   188     1   189 0.99 -
NW_025965022.1_RagTag:271580-270999   -            194 17113at314147        -            405   1.2e-57  192.1  31.1   1   1   2.3e-55   4.7e-54  180.2  25.8   234   403     1   170     1   171 0.99 -
contig_31119_pilon:1895-1227          -            223 17113at314147        -            405   5.2e-56  186.7  24.6   1   1   3.7e-57   7.6e-56  186.2  24.6   209   401    20   214     8   218 0.94 -
NW_025965190.1_RagTag:126348-126803   -            152 17113at314147        -            405   1.4e-55  185.2  26.1   1   1   9.1e-57   1.8e-55  184.9  26.1   229   378     1   151     1   152 0.97 -
NW_025965182.1_RagTag:1737866-1738443 -            179 17113at314147        -            405   2.8e-53  177.7  31.3   1   1   4.4e-52     9e-51  169.4  31.3   218   403     1   174     1   176 0.91 -
NW_025965166.1_RagTag:126554-126123   -            144 17113at314147        -            405   1.7e-50  168.5  27.7   1   2   5.5e-30   1.1e-28   96.7  10.7   321   393     3    75     1    78 0.94 -
NW_025965166.1_RagTag:126554-126123   -            144 17113at314147        -            405   1.7e-50  168.5  27.7   2   2   1.3e-25   2.5e-24   82.3  10.8   219   295    68   144    67   144 0.98 -
NW_025965341.1_RagTag:115130-190966   -            257 17113at314147        -            405   3.6e-50  167.4  29.7   1   1   2.3e-51   4.6e-50  167.1  29.7   233   404     9   181     6   182 0.98 -
NW_025965375.1_RagTag:160364-159888   -            159 17113at314147        -            405   2.6e-48  161.4  25.1   1   1   1.7e-49   3.4e-48  161.0  25.1   217   355     8   147     1   155 0.94 -
contig_37853_pilon:1183-1722          -            180 17113at314147        -            405   5.7e-42  140.5  30.9   1   1   3.5e-43   7.1e-42  140.1  30.9   216   392     1   179     1   180 0.94 -
NW_025965442.1_RagTag:53303-52854     -            150 17113at314147        -            405   9.5e-42  139.7  23.8   1   1   6.8e-43   1.4e-41  139.2  23.8   201   340    10   150     5   150 0.92 -
NW_025965233.1_RagTag:197891-200283   -            273 17113at314147        -            405   1.1e-41  139.5  32.8   1   3      0.01      0.21    6.9   0.0   101   153    11    66     4    86 0.75 -
NW_025965233.1_RagTag:197891-200283   -            273 17113at314147        -            405   1.1e-41  139.5  32.8   2   3   8.9e-28   1.8e-26   89.4  15.8   207   306   108   207    99   216 0.94 -
NW_025965233.1_RagTag:197891-200283   -            273 17113at314147        -            405   1.1e-41  139.5  32.8   3   3   5.3e-15   1.1e-13   47.3   9.7   238   292   219   273   208   273 0.92 -
NW_025965279.1_RagTag:47883-47464     -            140 17113at314147        -            405   4.5e-41  137.5  10.7   1   1   3.1e-42   6.2e-41  137.0  10.7   226   356     4   135     1   140 0.94 -
contig_81532_pilon:2155-1715          -            147 17113at314147        -            405   1.5e-39  132.5  31.2   1   1   8.1e-41   1.6e-39  132.4  31.2   236   378     2   147     1   147 0.94 -
NW_025965039.1_RagTag:294540-268866   -            195 17113at314147        -            405   1.4e-37  126.0  18.1   1   2   2.6e-25   5.2e-24   81.3   8.6   204   280    71   147    59   152 0.70 -
NW_025965039.1_RagTag:294540-268866   -            195 17113at314147        -            405   1.4e-37  126.0  18.1   2   2   3.3e-16   6.7e-15   51.3   2.6   223   272   146   195   145   195 0.70 -
contig_43715_pilon:891-1472           -            194 17113at314147        -            405   2.7e-36  121.8  29.1   1   2   1.4e-25   2.8e-24   82.2  18.4   211   307     1    97     1    99 0.95 -
contig_43715_pilon:891-1472           -            194 17113at314147        -            405   2.7e-36  121.8  29.1   2   2     2e-13   4.1e-12   42.1   3.1   232   289   134   190   126   194 0.79 -
NW_025965127.1_RagTag:122930-122601   -            110 17113at314147        -            405   1.8e-35  119.0  10.9   1   1   1.5e-36     3e-35  118.3  10.9   300   404     1   107     1   108 0.95 -
NW_025965279.1_RagTag:90637-77786     -            324 17113at314147        -            405   1.8e-33  112.5  50.9   1   2   1.1e-08   2.3e-07   26.5  17.0   202   340    65   205    33   211 0.85 -
NW_025965279.1_RagTag:90637-77786     -            324 17113at314147        -            405   1.8e-33  112.5  50.9   2   2   8.4e-29   1.7e-27   92.8  25.7   236   340   211   316   205   324 0.95 -
NW_025965374.1_RagTag:84619-82388     -            744 17113at314147        -            405   3.3e-28   95.2  77.5   1   5   2.2e-09   4.5e-08   28.8  11.2   240   297     2    59     1    68 0.85 -
NW_025965374.1_RagTag:84619-82388     -            744 17113at314147        -            405   3.3e-28   95.2  77.5   2   5   8.9e-06   0.00018   17.0  10.6   197   292    58   155    55   168 0.70 -
NW_025965374.1_RagTag:84619-82388     -            744 17113at314147        -            405   3.3e-28   95.2  77.5   3   5    0.0064      0.13    7.5   7.1   241   347   218   350   174   357 0.73 -
NW_025965374.1_RagTag:84619-82388     -            744 17113at314147        -            405   3.3e-28   95.2  77.5   4   5     1e-17   2.1e-16   56.2  27.2   165   400   392   636   380   640 0.84 -
NW_025965374.1_RagTag:84619-82388     -            744 17113at314147        -            405   3.3e-28   95.2  77.5   5   5      0.66        13    0.9   0.0   346   372   689   715   680   725 0.72 -
NW_025965028.1_RagTag:362640-363958   -            372 17113at314147        -            405   5.9e-27   91.0  19.5   1   1   1.7e-27   3.5e-26   88.5  19.0   297   404   262   370   244   372 0.80 -
NW_025965341.1_RagTag:108391-110706   -            772 17113at314147        -            405   8.1e-26   87.3  41.8   1   5   6.4e-15   1.3e-13   47.1   8.0   246   348     8   113     1   120 0.84 -
NW_025965341.1_RagTag:108391-110706   -            772 17113at314147        -            405   8.1e-26   87.3  41.8   2   5   6.8e-09   1.4e-07   27.2   6.3   231   334   162   267   121   289 0.66 -
NW_025965341.1_RagTag:108391-110706   -            772 17113at314147        -            405   8.1e-26   87.3  41.8   3   5      0.17       3.5    2.8   0.0   290   332   384   428   370   434 0.61 -
NW_025965341.1_RagTag:108391-110706   -            772 17113at314147        -            405   8.1e-26   87.3  41.8   4   5      0.63        13    1.0   0.1   217   250   395   429   389   496 0.47 -
NW_025965341.1_RagTag:108391-110706   -            772 17113at314147        -            405   8.1e-26   87.3  41.8   5   5   4.9e-08     1e-06   24.4   6.6   181   279   671   772   606   772 0.75 -
contig_70752_pilon:1401-2117          -            239 17113at314147        -            405   7.8e-25   84.0  17.6   1   2   2.6e-18   5.2e-17   58.2   8.7   228   297     2    71     1   160 0.77 -
contig_70752_pilon:1401-2117          -            239 17113at314147        -            405   7.8e-25   84.0  17.6   2   2   2.9e-10   5.8e-09   31.7   1.5   231   265   202   236   169   239 0.78 -
NW_025965193.1_RagTag:1082514-1080642 -            534 17113at314147        -            405   1.2e-18   63.6  13.2   1   3      0.28       5.6    2.2   0.1   208   238    62    92     3   100 0.66 -
NW_025965193.1_RagTag:1082514-1080642 -            534 17113at314147        -            405   1.2e-18   63.6  13.2   2   3   3.9e-11   7.8e-10   34.6   1.3   325   375   302   352   297   360 0.80 -
NW_025965193.1_RagTag:1082514-1080642 -            534 17113at314147        -            405   1.2e-18   63.6  13.2   3   3   9.9e-11     2e-09   33.3   1.6   351   396   484   529   468   533 0.70 -
NW_025965200.1_RagTag:17855-18731     -            248 17113at314147        -            405   5.8e-18   61.4  16.2   1   1   1.9e-18   3.8e-17   58.7  16.2   110   294    64   243    55   248 0.65 -
NW_025965281.1_RagTag:529347-527455   -            631 17113at314147        -            405   9.7e-17   57.4  15.1   1   2   3.6e-06   7.2e-05   18.3   3.1   242   291   342   392   335   399 0.69 -
NW_025965281.1_RagTag:529347-527455   -            631 17113at314147        -            405   9.7e-17   57.4  15.1   2   2   4.9e-14   9.8e-13   44.2   4.3   318   401   453   536   443   551 0.60 -
NW_025965297.1_RagTag:263516-264714   -            299 17113at314147        -            405   3.7e-14   48.9   9.9   1   2   1.8e-15   3.7e-14   48.9   9.9   325   402    72   149    66   153 0.68 -
NW_025965297.1_RagTag:263516-264714   -            299 17113at314147        -            405   3.7e-14   48.9   9.9   2   2      0.03       0.6    5.3   4.5   243   389   247   282   240   299 0.52 -
NW_025965054.1_RagTag:37686-37276     -            137 17113at314147        -            405   5.2e-13   45.1  12.1   1   1   4.1e-13   8.4e-12   41.1  12.1   269   375    43   137    23   137 0.55 -
NW_025965301.1_RagTag:127168-107747   -            226 17113at314147        -            405   6.6e-13   44.7   1.8   1   2       2.1        42   -0.7   0.1   280   327    44    92    24    95 0.69 -
NW_025965301.1_RagTag:127168-107747   -            226 17113at314147        -            405   6.6e-13   44.7   1.8   2   2   3.3e-14   6.6e-13   44.7   1.8   215   270   171   225   121   226 0.83 -
NW_025965300.1_RagTag:179035-179624   -            188 17113at314147        -            405   2.6e-12   42.8   4.0   1   1   1.7e-13   3.4e-12   42.4   4.0   350   399   138   187   134   188 0.61 -
NW_025965285.1_RagTag:189204-190355   -            384 17113at314147        -            405   2.6e-10   36.2  38.3   1   3    0.0017     0.033    9.5   1.0   214   263     1    53     1    61 0.57 -
NW_025965285.1_RagTag:189204-190355   -            384 17113at314147        -            405   2.6e-10   36.2  38.3   2   3   2.4e-07   4.9e-06   22.1  25.7   200   402   107   322    75   325 0.73 -
NW_025965285.1_RagTag:189204-190355   -            384 17113at314147        -            405   2.6e-10   36.2  38.3   3   3     0.003      0.06    8.6   0.1   243   264   363   384   352   384 0.66 -
NW_025965182.1_RagTag:1737338-1737856 -            173 17113at314147        -            405   2.2e-09   33.1   5.8   1   1   1.4e-10   2.8e-09   32.8   5.3   193   270    95   173    54   173 0.77 -
NW_025965324.1_RagTag:667631-665234   -            506 17113at314147        -            405   3.2e-09   32.6  14.9   1   2   2.8e-10   5.7e-09   31.8   7.4   216   258     1    43     1    51 0.53 -
NW_025965324.1_RagTag:667631-665234   -            506 17113at314147        -            405   3.2e-09   32.6  14.9   2   2     0.026      0.53    5.5   0.8   135   262   193   318   172   332 0.66 -
NW_025965259.1_RagTag:166355-164907   -            483 17113at314147        -            405   1.2e-07   27.4   9.1   1   2      0.35       7.1    1.8   0.4   353   378    21    46    13    55 0.82 -
NW_025965259.1_RagTag:166355-164907   -            483 17113at314147        -            405   1.2e-07   27.4   9.1   2   2   5.9e-09   1.2e-07   27.4   9.1   237   308   410   481   400   483 0.87 -
NW_025965284.1_RagTag:31886-31325     -             98 17113at314147        -            405    0.0041   12.5   2.1   1   1   0.00023    0.0047   12.3   2.1   351   402    25    74    13    82 0.73 -
NW_025965316.1_RagTag:2469646-2475919 -            689 17113at314147        -            405      0.68    5.2  16.5   1   3      0.35         7    1.8   1.3   123   199   177   252   152   279 0.64 -
NW_025965316.1_RagTag:2469646-2475919 -            689 17113at314147        -            405      0.68    5.2  16.5   2   3      0.15       3.1    3.0   0.2   380   390   613   623   610   625 0.85 -
NW_025965316.1_RagTag:2469646-2475919 -            689 17113at314147        -            405      0.68    5.2  16.5   3   3    0.0041     0.082    8.2   3.2   239   289   626   676   623   684 0.63 -
#
# Program:         hmmsearch
# Version:         3.1b2 (February 2015)
# Pipeline mode:   SEARCH
# Query file:      /home/bgerda/guppy_SUP/busco_downloads/lineages/glires_odb10/hmms/17113at314147.hmm
# Target file:     /home/bgerda/guppy_SUP/busco_results_flye/run_glires_odb10/metaeuk_output/rerun_results/ragtag.scaffold.fasta.modified.fas
# Option settings: hmmsearch --domtblout /home/bgerda/guppy_SUP/busco_results_flye/run_glires_odb10/hmmer_output/rerun_results/17113at314147.out --cpu 1 /home/bgerda/guppy_SUP/busco_downloads/lineages/glires_odb10/hmms/17113at314147.hmm /home/bgerda/guppy_SUP/busco_results_flye/run_glires_odb10/metaeuk_output/rerun_results/ragtag.scaffold.fasta.modified.fas 
# Current dir:     /home/bgerda/guppy_SUP
# Date:            Sun May 21 17:47:41 2023
# [ok]
