#                                                                                             --- full sequence --- -------------- this domain -------------   hmm coord   ali coord   env coord
# target name                         accession   tlen query name           accession   qlen   E-value  score  bias   #  of  c-Evalue  i-Evalue  score  bias  from    to  from    to  from    to  acc description of target
#                 ------------------- ---------- ----- -------------------- ---------- ----- --------- ------ ----- --- --- --------- --------- ------ ----- ----- ----- ----- ----- ----- ----- ---- ---------------------
contig_18340_pilon:828-2186           -            453 18232at314147        -            573   1.5e-55  185.3 101.6   1  11   6.3e-06   0.00013   17.1   0.7   380   414     2    36     1    37 0.93 -
contig_18340_pilon:828-2186           -            453 18232at314147        -            573   1.5e-55  185.3 101.6   2  11   3.3e-08   6.9e-07   24.6   6.6   380   432    30    82    30    85 0.94 -
contig_18340_pilon:828-2186           -            453 18232at314147        -            573   1.5e-55  185.3 101.6   3  11   4.9e-07     1e-05   20.7   1.2   380   415    58    93    57    95 0.94 -
contig_18340_pilon:828-2186           -            453 18232at314147        -            573   1.5e-55  185.3 101.6   4  11   5.7e-11   1.2e-09   33.7   5.4   379   432    85   138    80   141 0.89 -
contig_18340_pilon:828-2186           -            453 18232at314147        -            573   1.5e-55  185.3 101.6   5  11   1.8e-07   3.7e-06   22.2   5.3   379   425   141   187   136   187 0.89 -
contig_18340_pilon:828-2186           -            453 18232at314147        -            573   1.5e-55  185.3 101.6   6  11     5e-09   1.1e-07   27.3   4.6   380   432   170   222   169   225 0.93 -
contig_18340_pilon:828-2186           -            453 18232at314147        -            573   1.5e-55  185.3 101.6   7  11   7.4e-10   1.6e-08   30.0   5.5    47   430   222   276   220   281 0.52 -
contig_18340_pilon:828-2186           -            453 18232at314147        -            573   1.5e-55  185.3 101.6   8  11   3.8e-08     8e-07   24.4   1.1   379   412   281   314   276   314 0.93 -
contig_18340_pilon:828-2186           -            453 18232at314147        -            573   1.5e-55  185.3 101.6   9  11   5.8e-08   1.2e-06   23.8   3.6   380   418   310   348   310   349 0.93 -
contig_18340_pilon:828-2186           -            453 18232at314147        -            573   1.5e-55  185.3 101.6  10  11   4.5e-10   9.5e-09   30.7   7.9   380   432   338   390   333   393 0.89 -
contig_18340_pilon:828-2186           -            453 18232at314147        -            573   1.5e-55  185.3 101.6  11  11   2.3e-10   4.8e-09   31.7   4.2   379   436   393   450   388   453 0.90 -
contig_52188_pilon:1550-468           -            361 18232at314147        -            573   8.9e-51  169.5 120.6   1  10     1e-09   2.2e-08   29.6   3.7   380   432     2    54     1    57 0.93 -
contig_52188_pilon:1550-468           -            361 18232at314147        -            573   8.9e-51  169.5 120.6   2  10   1.6e-09   3.5e-08   28.9   5.6    52   101    31    80    30    83 0.64 -
contig_52188_pilon:1550-468           -            361 18232at314147        -            573   8.9e-51  169.5 120.6   3  10   2.4e-10     5e-09   31.7   6.3   380   432    58   110    55   113 0.94 -
contig_52188_pilon:1550-468           -            361 18232at314147        -            573   8.9e-51  169.5 120.6   4  10   2.3e-09   4.8e-08   28.4   4.5    46   101    81   136    81   139 0.77 -
contig_52188_pilon:1550-468           -            361 18232at314147        -            573   8.9e-51  169.5 120.6   5  10   4.6e-10   9.7e-09   30.7   4.7   379   432   113   166   108   169 0.81 -
contig_52188_pilon:1550-468           -            361 18232at314147        -            573   8.9e-51  169.5 120.6   6  10   2.2e-09   4.7e-08   28.4   6.3   379   432   169   222   161   225 0.86 -
contig_52188_pilon:1550-468           -            361 18232at314147        -            573   8.9e-51  169.5 120.6   7  10   3.6e-08   7.6e-07   24.5   6.0   380   427   198   245   197   247 0.52 -
contig_52188_pilon:1550-468           -            361 18232at314147        -            573   8.9e-51  169.5 120.6   8  10   2.9e-10   6.1e-09   31.4   5.5   380   432   226   278   221   279 0.93 -
contig_52188_pilon:1550-468           -            361 18232at314147        -            573   8.9e-51  169.5 120.6   9  10   1.3e-09   2.7e-08   29.3   3.5   380   433   254   307   254   310 0.91 -
contig_52188_pilon:1550-468           -            361 18232at314147        -            573   8.9e-51  169.5 120.6  10  10   1.9e-09   3.9e-08   28.7   3.1   380   429   310   359   307   361 0.62 -
NW_025965432.1_RagTag:538045-539154   -            370 18232at314147        -            573     2e-44  148.5  72.5   1  10   4.2e-07   8.9e-06   20.9   5.9    46   101     6    61     2    66 0.71 -
NW_025965432.1_RagTag:538045-539154   -            370 18232at314147        -            573     2e-44  148.5  72.5   2  10   1.6e-09   3.4e-08   28.9   4.1   380   425    67   112    61   112 0.93 -
NW_025965432.1_RagTag:538045-539154   -            370 18232at314147        -            573     2e-44  148.5  72.5   3  10   9.6e-08     2e-06   23.1   3.0   381   412    96   127    95   129 0.95 -
NW_025965432.1_RagTag:538045-539154   -            370 18232at314147        -            573     2e-44  148.5  72.5   4  10   5.9e-07   1.3e-05   20.4   1.1   381   413   124   156   123   158 0.91 -
NW_025965432.1_RagTag:538045-539154   -            370 18232at314147        -            573     2e-44  148.5  72.5   5  10   2.5e-09   5.4e-08   28.3   4.1   381   432   152   203   151   207 0.92 -
NW_025965432.1_RagTag:538045-539154   -            370 18232at314147        -            573     2e-44  148.5  72.5   6  10   6.9e-08   1.5e-06   23.5   3.6   375   425   199   252   197   252 0.86 -
NW_025965432.1_RagTag:538045-539154   -            370 18232at314147        -            573     2e-44  148.5  72.5   7  10   3.7e-09   7.8e-08   27.7   6.2   381   425   236   280   235   282 0.94 -
NW_025965432.1_RagTag:538045-539154   -            370 18232at314147        -            573     2e-44  148.5  72.5   8  10   2.3e-08   4.9e-07   25.1   5.5   380   429   263   312   262   316 0.86 -
NW_025965432.1_RagTag:538045-539154   -            370 18232at314147        -            573     2e-44  148.5  72.5   9  10   1.3e-06   2.8e-05   19.3   1.0   384   425   295   336   295   338 0.93 -
NW_025965432.1_RagTag:538045-539154   -            370 18232at314147        -            573     2e-44  148.5  72.5  10  10   1.4e-07   2.9e-06   22.6   4.1   381   429   320   368   319   370 0.91 -
contig_18339_pilon:77-1480            -            468 18232at314147        -            573   1.3e-41  139.2  75.1   1  11   2.5e-06   5.2e-05   18.4   2.1   385   432     1    48     1    50 0.91 -
contig_18339_pilon:77-1480            -            468 18232at314147        -            573   1.3e-41  139.2  75.1   2  11   4.6e-09   9.7e-08   27.4   3.1   380   432    24    76    24    78 0.87 -
contig_18339_pilon:77-1480            -            468 18232at314147        -            573   1.3e-41  139.2  75.1   3  11   3.9e-09   8.3e-08   27.6   2.3   379   422    79   122    74   134 0.87 -
contig_18339_pilon:77-1480            -            468 18232at314147        -            573   1.3e-41  139.2  75.1   4  11   1.7e-05   0.00036   15.6   3.2   387   431   228   272   220   275 0.74 -
contig_18339_pilon:77-1480            -            468 18232at314147        -            573   1.3e-41  139.2  75.1   5  11   2.4e-08     5e-07   25.1   5.4    46   100   244   298   238   301 0.57 -
contig_18339_pilon:77-1480            -            468 18232at314147        -            573   1.3e-41  139.2  75.1   6  11     2e-08   4.3e-07   25.3   6.0   378   431   275   324   265   325 0.76 -
contig_18339_pilon:77-1480            -            468 18232at314147        -            573   1.3e-41  139.2  75.1   7  11   5.1e-08   1.1e-06   24.0   7.7   380   432   305   357   304   358 0.91 -
contig_18339_pilon:77-1480            -            468 18232at314147        -            573   1.3e-41  139.2  75.1   8  11   4.6e-08   9.6e-07   24.1   7.0   380   432   333   385   332   388 0.88 -
contig_18339_pilon:77-1480            -            468 18232at314147        -            573   1.3e-41  139.2  75.1   9  11   4.2e-07   8.9e-06   20.9   5.7   380   429   361   410   360   410 0.89 -
contig_18339_pilon:77-1480            -            468 18232at314147        -            573   1.3e-41  139.2  75.1  10  11     6e-08   1.3e-06   23.7   1.5   380   414   389   423   386   424 0.93 -
contig_18339_pilon:77-1480            -            468 18232at314147        -            573   1.3e-41  139.2  75.1  11  11   3.2e-09   6.8e-08   27.9   4.4   380   429   417   466   416   468 0.63 -
contig_36320_pilon:1033-1992          -            320 18232at314147        -            573     8e-41  136.7  69.3   1   9   2.3e-07   4.9e-06   21.8   3.8   377   413    14    50     1    52 0.83 -
contig_36320_pilon:1033-1992          -            320 18232at314147        -            573     8e-41  136.7  69.3   2   9   3.5e-09   7.4e-08   27.8   7.6   380   432    45    97    44   100 0.94 -
contig_36320_pilon:1033-1992          -            320 18232at314147        -            573     8e-41  136.7  69.3   3   9     2e-07   4.2e-06   22.0   2.3   380   416    73   109    73   111 0.92 -
contig_36320_pilon:1033-1992          -            320 18232at314147        -            573     8e-41  136.7  69.3   4   9   4.5e-10   9.5e-09   30.7   5.3   379   432   100   153    95   155 0.90 -
contig_36320_pilon:1033-1992          -            320 18232at314147        -            573     8e-41  136.7  69.3   5   9   4.5e-08   9.5e-07   24.1   1.4   379   412   156   189   151   189 0.93 -
contig_36320_pilon:1033-1992          -            320 18232at314147        -            573     8e-41  136.7  69.3   6   9   3.3e-10     7e-09   31.2   3.6   380   432   185   237   185   239 0.94 -
contig_36320_pilon:1033-1992          -            320 18232at314147        -            573     8e-41  136.7  69.3   7   9   4.5e-08   9.4e-07   24.2   4.0   380   430   213   263   213   265 0.91 -
contig_36320_pilon:1033-1992          -            320 18232at314147        -            573     8e-41  136.7  69.3   8   9   1.3e-09   2.7e-08   29.2   2.9   380   425   241   286   237   286 0.95 -
contig_36320_pilon:1033-1992          -            320 18232at314147        -            573     8e-41  136.7  69.3   9   9   2.5e-08   5.3e-07   25.0   5.9   380   431   269   316   269   320 0.88 -
NW_025965341.1_RagTag:10137-11147     -            337 18232at314147        -            573   8.2e-41  136.6  52.1   1   9       0.1       2.2    3.2   0.6   406   431     1    25     1    29 0.69 -
NW_025965341.1_RagTag:10137-11147     -            337 18232at314147        -            573   8.2e-41  136.6  52.1   2   9   4.5e-08   9.4e-07   24.2   0.8   380   422    31    73    26    73 0.91 -
NW_025965341.1_RagTag:10137-11147     -            337 18232at314147        -            573   8.2e-41  136.6  52.1   3   9   1.1e-06   2.4e-05   19.5   1.7   381   412    60    91    60    91 0.97 -
NW_025965341.1_RagTag:10137-11147     -            337 18232at314147        -            573   8.2e-41  136.6  52.1   4   9   3.7e-07   7.9e-06   21.1   0.6   381   412    88   119    87   120 0.95 -
NW_025965341.1_RagTag:10137-11147     -            337 18232at314147        -            573   8.2e-41  136.6  52.1   5   9     1e-06   2.1e-05   19.7   0.9   380   412   115   147   114   148 0.95 -
NW_025965341.1_RagTag:10137-11147     -            337 18232at314147        -            573   8.2e-41  136.6  52.1   6   9     9e-09   1.9e-07   26.4   0.7   380   414   143   177   143   184 0.93 -
NW_025965341.1_RagTag:10137-11147     -            337 18232at314147        -            573   8.2e-41  136.6  52.1   7   9   3.8e-06     8e-05   17.8   0.3   380   412   200   232   193   232 0.94 -
NW_025965341.1_RagTag:10137-11147     -            337 18232at314147        -            573   8.2e-41  136.6  52.1   8   9   9.3e-13     2e-11   39.6   1.4   380   432   228   280   228   283 0.92 -
NW_025965341.1_RagTag:10137-11147     -            337 18232at314147        -            573   8.2e-41  136.6  52.1   9   9   1.1e-07   2.3e-06   22.9   3.9   379   430   283   334   277   337 0.72 -
NW_025965436.1_RagTag:1629-778        -            284 18232at314147        -            573   1.7e-38  129.0  66.4   1   7    0.0017     0.036    9.0   2.2   380   413     6    39     1    41 0.91 -
NW_025965436.1_RagTag:1629-778        -            284 18232at314147        -            573   1.7e-38  129.0  66.4   2   7   4.3e-09   9.2e-08   27.5   3.3   380   413    34    67    31    69 0.94 -
NW_025965436.1_RagTag:1629-778        -            284 18232at314147        -            573   1.7e-38  129.0  66.4   3   7   2.1e-11   4.4e-10   35.1   5.2   381   433    63   115    63   118 0.93 -
NW_025965436.1_RagTag:1629-778        -            284 18232at314147        -            573   1.7e-38  129.0  66.4   4   7   2.7e-06   5.8e-05   18.3   4.6   373   414   112   152   110   154 0.89 -
NW_025965436.1_RagTag:1629-778        -            284 18232at314147        -            573   1.7e-38  129.0  66.4   5   7   3.1e-12   6.6e-11   37.9   7.3   381   433   147   198   147   202 0.88 -
NW_025965436.1_RagTag:1629-778        -            284 18232at314147        -            573   1.7e-38  129.0  66.4   6   7   5.4e-10   1.1e-08   30.5   5.7   380   425   202   247   199   247 0.94 -
NW_025965436.1_RagTag:1629-778        -            284 18232at314147        -            573   1.7e-38  129.0  66.4   7   7   3.6e-08   7.7e-07   24.5   5.4   384   433   234   283   233   284 0.97 -
contig_28105_pilon:1448-873           -            192 18232at314147        -            573     2e-37  125.4  46.1   1   5   8.6e-10   1.8e-08   29.8   4.6    46   104     1    59     1    62 0.96 -
contig_28105_pilon:1448-873           -            192 18232at314147        -            573     2e-37  125.4  46.1   2   5   1.8e-12   3.7e-11   38.7   2.8   379   432    61   114    57   118 0.88 -
contig_28105_pilon:1448-873           -            192 18232at314147        -            573     2e-37  125.4  46.1   3   5   2.4e-12     5e-11   38.3   2.8   381   426    91   136    90   136 0.98 -
contig_28105_pilon:1448-873           -            192 18232at314147        -            573     2e-37  125.4  46.1   4   5   2.2e-14   4.6e-13   45.0   4.4   381   426   119   164   117   165 0.96 -
contig_28105_pilon:1448-873           -            192 18232at314147        -            573     2e-37  125.4  46.1   5   5   9.4e-08     2e-06   23.1   1.0   384   425   150   191   150   192 0.96 -
NW_025965250.1_RagTag:250628-249804   -            275 18232at314147        -            573   6.4e-35  117.2  56.8   1   8   1.5e-08   3.2e-07   25.7   2.4   380   413     4    37     2    39 0.93 -
NW_025965250.1_RagTag:250628-249804   -            275 18232at314147        -            573   6.4e-35  117.2  56.8   2   8   2.1e-11   4.3e-10   35.2   2.5   380   431    32    83    32    85 0.92 -
NW_025965250.1_RagTag:250628-249804   -            275 18232at314147        -            573   6.4e-35  117.2  56.8   3   8     2e-06   4.2e-05   18.7   1.8   380   414    60    94    60    95 0.93 -
NW_025965250.1_RagTag:250628-249804   -            275 18232at314147        -            573   6.4e-35  117.2  56.8   4   8   2.6e-06   5.5e-05   18.3   4.0   380   412    88   120    86   121 0.95 -
NW_025965250.1_RagTag:250628-249804   -            275 18232at314147        -            573   6.4e-35  117.2  56.8   5   8     1e-06   2.2e-05   19.6   4.0   380   414   116   150   116   152 0.94 -
NW_025965250.1_RagTag:250628-249804   -            275 18232at314147        -            573   6.4e-35  117.2  56.8   6   8   5.7e-07   1.2e-05   20.5   4.1   380   428   144   192   144   193 0.91 -
NW_025965250.1_RagTag:250628-249804   -            275 18232at314147        -            573   6.4e-35  117.2  56.8   7   8   3.1e-07   6.5e-06   21.4   4.1   380   430   172   222   172   226 0.88 -
NW_025965250.1_RagTag:250628-249804   -            275 18232at314147        -            573   6.4e-35  117.2  56.8   8   8   1.4e-07     3e-06   22.5   2.7   380   425   228   273   227   275 0.85 -
NW_025965341.1_RagTag:104619-49768    -            298 18232at314147        -            573   1.9e-33  112.3  39.7   1   6   1.4e-13     3e-12   42.3   2.9   379   432    26    79    14    80 0.89 -
NW_025965341.1_RagTag:104619-49768    -            298 18232at314147        -            573   1.9e-33  112.3  39.7   2   6   1.6e-07   3.3e-06   22.4   0.4   380   412    55    87    55    87 0.96 -
NW_025965341.1_RagTag:104619-49768    -            298 18232at314147        -            573   1.9e-33  112.3  39.7   3   6   1.5e-09   3.2e-08   29.0   3.9   381   435    84   138    83   141 0.89 -
NW_025965341.1_RagTag:104619-49768    -            298 18232at314147        -            573   1.9e-33  112.3  39.7   4   6   0.00042    0.0089   11.0   3.3   377   420   134   179   125   194 0.60 -
NW_025965341.1_RagTag:104619-49768    -            298 18232at314147        -            573   1.9e-33  112.3  39.7   5   6   2.4e-06     5e-05   18.5   2.3    51   426   195   241   184   245 0.52 -
NW_025965341.1_RagTag:104619-49768    -            298 18232at314147        -            573   1.9e-33  112.3  39.7   6   6     8e-10   1.7e-08   29.9   3.7   361   425   232   296   229   298 0.92 -
contig_78026_pilon:1141-2283          -            381 18232at314147        -            573   3.3e-32  108.2  59.7   1   8     0.018      0.39    5.6   0.1    52    75     1    24     1    28 0.84 -
contig_78026_pilon:1141-2283          -            381 18232at314147        -            573   3.3e-32  108.2  59.7   2   8   2.4e-08   5.1e-07   25.0   5.5    49   104    29    85    23    92 0.74 -
contig_78026_pilon:1141-2283          -            381 18232at314147        -            573   3.3e-32  108.2  59.7   3   8     0.011      0.22    6.4   0.2   381   404    93   116    86   123 0.75 -
contig_78026_pilon:1141-2283          -            381 18232at314147        -            573   3.3e-32  108.2  59.7   4   8   5.4e-12   1.1e-10   37.1   5.9    33   101   131   201   121   204 0.85 -
contig_78026_pilon:1141-2283          -            381 18232at314147        -            573   3.3e-32  108.2  59.7   5   8   3.9e-09   8.2e-08   27.7   4.5   380   441   179   241   178   269 0.81 -
contig_78026_pilon:1141-2283          -            381 18232at314147        -            573   3.3e-32  108.2  59.7   6   8   5.6e-09   1.2e-07   27.1   3.4   380   421   274   315   259   323 0.66 -
contig_78026_pilon:1141-2283          -            381 18232at314147        -            573   3.3e-32  108.2  59.7   7   8   9.4e-09     2e-07   26.4   4.5   381   430   303   352   302   355 0.65 -
contig_78026_pilon:1141-2283          -            381 18232at314147        -            573   3.3e-32  108.2  59.7   8   8   2.8e-08   5.8e-07   24.8   5.9    45   100   324   379   321   381 0.95 -
NW_025965071.1_RagTag:3330-4808       -            493 18232at314147        -            573   3.3e-32  108.2  73.0   1  13       1.5        32   -0.7   0.2   390   422     6    39     1    45 0.60 -
NW_025965071.1_RagTag:3330-4808       -            493 18232at314147        -            573   3.3e-32  108.2  73.0   2  13    0.0031     0.064    8.2   1.6   380   430    24    74    15    83 0.80 -
NW_025965071.1_RagTag:3330-4808       -            493 18232at314147        -            573   3.3e-32  108.2  73.0   3  13    0.0011     0.023    9.7   1.1   210   268    51   108    41   129 0.76 -
NW_025965071.1_RagTag:3330-4808       -            493 18232at314147        -            573   3.3e-32  108.2  73.0   4  13   7.6e-06   0.00016   16.8   1.8   384   430   140   186   133   192 0.67 -
NW_025965071.1_RagTag:3330-4808       -            493 18232at314147        -            573   3.3e-32  108.2  73.0   5  13     8e-06   0.00017   16.7   3.1   380   433   192   245   187   248 0.93 -
NW_025965071.1_RagTag:3330-4808       -            493 18232at314147        -            573   3.3e-32  108.2  73.0   6  13     1e-09   2.1e-08   29.6   2.9   380   425   248   293   245   301 0.84 -
NW_025965071.1_RagTag:3330-4808       -            493 18232at314147        -            573   3.3e-32  108.2  73.0   7  13   1.8e-05   0.00038   15.5   0.5   381   412   277   308   277   309 0.96 -
NW_025965071.1_RagTag:3330-4808       -            493 18232at314147        -            573   3.3e-32  108.2  73.0   8  13   1.2e-05   0.00026   16.1   1.8   381   419   305   344   304   348 0.83 -
NW_025965071.1_RagTag:3330-4808       -            493 18232at314147        -            573   3.3e-32  108.2  73.0   9  13   1.8e-05   0.00037   15.6   1.8   381   412   333   364   333   365 0.93 -
NW_025965071.1_RagTag:3330-4808       -            493 18232at314147        -            573   3.3e-32  108.2  73.0  10  13   1.1e-07   2.3e-06   22.9   4.0   381   432   361   412   360   415 0.91 -
NW_025965071.1_RagTag:3330-4808       -            493 18232at314147        -            573   3.3e-32  108.2  73.0  11  13   3.4e-05   0.00072   14.6   2.7   381   416   389   424   389   437 0.86 -
NW_025965071.1_RagTag:3330-4808       -            493 18232at314147        -            573   3.3e-32  108.2  73.0  12  13     1e-05   0.00022   16.3   0.9   380   412   416   448   414   449 0.95 -
NW_025965071.1_RagTag:3330-4808       -            493 18232at314147        -            573   3.3e-32  108.2  73.0  13  13   1.3e-06   2.8e-05   19.3   1.9    45   100   438   493   435   493 0.89 -
NW_025965271.1_RagTag:559002-644971   -            204 18232at314147        -            573   8.4e-32  106.9  38.8   1   6   9.6e-07     2e-05   19.8   0.2   384   414     3    33     1    34 0.93 -
NW_025965271.1_RagTag:559002-644971   -            204 18232at314147        -            573   8.4e-32  106.9  38.8   2   6   7.3e-10   1.5e-08   30.1   6.1   380   432    27    79    27    82 0.94 -
NW_025965271.1_RagTag:559002-644971   -            204 18232at314147        -            573   8.4e-32  106.9  38.8   3   6     1e-09   2.1e-08   29.6   0.9   379   414    82   117    77   118 0.90 -
NW_025965271.1_RagTag:559002-644971   -            204 18232at314147        -            573   8.4e-32  106.9  38.8   4   6   2.1e-08   4.5e-07   25.2   6.2   380   429   111   160   111   160 0.90 -
NW_025965271.1_RagTag:559002-644971   -            204 18232at314147        -            573   8.4e-32  106.9  38.8   5   6   1.3e-08   2.8e-07   25.9   1.4   380   416   139   175   139   177 0.92 -
NW_025965271.1_RagTag:559002-644971   -            204 18232at314147        -            573   8.4e-32  106.9  38.8   6   6   5.9e-09   1.2e-07   27.1   1.7   380   415   167   202   167   204 0.94 -
NW_025965207.1_RagTag:11562-10675     -            296 18232at314147        -            573   1.2e-31  106.4  68.3   1   8   0.00017    0.0036   12.3   8.4   379   432     5    57     1    60 0.86 -
NW_025965207.1_RagTag:11562-10675     -            296 18232at314147        -            573   1.2e-31  106.4  68.3   2   8   9.5e-09     2e-07   26.4   7.4    46   429    28    82    23    83 0.56 -
NW_025965207.1_RagTag:11562-10675     -            296 18232at314147        -            573   1.2e-31  106.4  68.3   3   8   1.5e-09   3.2e-08   29.0   5.5   380   431    61   112    56   117 0.63 -
NW_025965207.1_RagTag:11562-10675     -            296 18232at314147        -            573   1.2e-31  106.4  68.3   4   8   0.00057     0.012   10.6   6.0   382   430   119   166   111   170 0.78 -
NW_025965207.1_RagTag:11562-10675     -            296 18232at314147        -            573   1.2e-31  106.4  68.3   5   8   1.1e-08   2.3e-07   26.2   3.7   379   413   171   205   159   207 0.79 -
NW_025965207.1_RagTag:11562-10675     -            296 18232at314147        -            573   1.2e-31  106.4  68.3   6   8   1.3e-11   2.8e-10   35.8   6.0   380   428   200   248   200   249 0.94 -
NW_025965207.1_RagTag:11562-10675     -            296 18232at314147        -            573   1.2e-31  106.4  68.3   7   8   2.4e-10     5e-09   31.7   2.5   380   415   228   263   228   265 0.94 -
NW_025965207.1_RagTag:11562-10675     -            296 18232at314147        -            573   1.2e-31  106.4  68.3   8   8   4.4e-07   9.3e-06   20.9   4.1   380   415   256   291   255   296 0.92 -
NW_025965182.1_RagTag:1756006-1757067 -            354 18232at314147        -            573     3e-31  105.0  51.3   1   8    0.0013     0.027    9.5   0.2   146   179    12    45     1    67 0.55 -
NW_025965182.1_RagTag:1756006-1757067 -            354 18232at314147        -            573     3e-31  105.0  51.3   2   8   3.1e-10   6.6e-09   31.3   4.2   380   433    81   134    66   137 0.92 -
NW_025965182.1_RagTag:1756006-1757067 -            354 18232at314147        -            573     3e-31  105.0  51.3   3   8     4e-07   8.5e-06   21.0   3.1   211   261   109   159   108   164 0.88 -
NW_025965182.1_RagTag:1756006-1757067 -            354 18232at314147        -            573     3e-31  105.0  51.3   4   8    0.0019      0.04    8.9   1.7   380   417   137   174   134   177 0.85 -
NW_025965182.1_RagTag:1756006-1757067 -            354 18232at314147        -            573     3e-31  105.0  51.3   5   8   1.7e-10   3.5e-09   32.2   3.8   380   432   165   217   159   221 0.92 -
NW_025965182.1_RagTag:1756006-1757067 -            354 18232at314147        -            573     3e-31  105.0  51.3   6   8   2.8e-09   5.9e-08   28.1   2.6    50   430   220   271   215   275 0.53 -
NW_025965182.1_RagTag:1756006-1757067 -            354 18232at314147        -            573     3e-31  105.0  51.3   7   8   2.4e-06   5.1e-05   18.4   1.8   381   432   250   301   250   305 0.91 -
NW_025965182.1_RagTag:1756006-1757067 -            354 18232at314147        -            573     3e-31  105.0  51.3   8   8   5.2e-08   1.1e-06   23.9   3.4   381   425   306   350   302   354 0.83 -
contig_10836_pilon:33-731             -            233 18232at314147        -            573   5.1e-31  104.3  46.1   1   6   1.4e-09   2.9e-08   29.1   1.8   378   412    10    44     2    46 0.89 -
contig_10836_pilon:33-731             -            233 18232at314147        -            573   5.1e-31  104.3  46.1   2   6   4.5e-10   9.5e-09   30.7   6.0   380   433    40    93    40    95 0.97 -
contig_10836_pilon:33-731             -            233 18232at314147        -            573   5.1e-31  104.3  46.1   3   6   2.8e-07   5.9e-06   21.5   4.4   380   414    68   102    67   107 0.94 -
contig_10836_pilon:33-731             -            233 18232at314147        -            573   5.1e-31  104.3  46.1   4   6   3.1e-08   6.5e-07   24.7   4.0   380   432    96   148    94   151 0.85 -
contig_10836_pilon:33-731             -            233 18232at314147        -            573   5.1e-31  104.3  46.1   5   6     1e-08   2.2e-07   26.2   1.5   379   412   151   184   143   185 0.89 -
contig_10836_pilon:33-731             -            233 18232at314147        -            573   5.1e-31  104.3  46.1   6   6   1.7e-08   3.6e-07   25.5   7.4   380   432   180   228   180   233 0.85 -
NW_025965250.1_RagTag:8956-9588       -            211 18232at314147        -            573   5.6e-31  104.1  29.5   1   5   2.4e-13   5.1e-12   41.5   5.9   380   431    19    70     5    72 0.91 -
NW_025965250.1_RagTag:8956-9588       -            211 18232at314147        -            573   5.6e-31  104.1  29.5   2   5   5.5e-06   0.00012   17.3   1.5   384   412    51    79    49    80 0.94 -
NW_025965250.1_RagTag:8956-9588       -            211 18232at314147        -            573   5.6e-31  104.1  29.5   3   5   2.6e-11   5.5e-10   34.8   2.7   380   432    75   127    74   129 0.93 -
NW_025965250.1_RagTag:8956-9588       -            211 18232at314147        -            573   5.6e-31  104.1  29.5   4   5   6.1e-06   0.00013   17.1   0.9    52   101   104   153   104   158 0.93 -
NW_025965250.1_RagTag:8956-9588       -            211 18232at314147        -            573   5.6e-31  104.1  29.5   5   5   2.4e-10   5.1e-09   31.6   2.0   380   432   159   211   155   211 0.94 -
NW_025965328.1_RagTag:1309-710        -            200 18232at314147        -            573   1.7e-30  102.6  65.9   1   6   1.9e-08     4e-07   25.4   6.5   375   431     5    61     2    64 0.73 -
NW_025965328.1_RagTag:1309-710        -            200 18232at314147        -            573   1.7e-30  102.6  65.9   2   6   2.8e-08   5.9e-07   24.8   5.3   380   431    38    89    38    91 0.85 -
NW_025965328.1_RagTag:1309-710        -            200 18232at314147        -            573   1.7e-30  102.6  65.9   3   6   8.8e-10   1.8e-08   29.8   4.2   380   432    66   118    65   120 0.77 -
NW_025965328.1_RagTag:1309-710        -            200 18232at314147        -            573   1.7e-30  102.6  65.9   4   6   1.2e-08   2.6e-07   26.0   4.7   380   429    94   143    94   143 0.85 -
NW_025965328.1_RagTag:1309-710        -            200 18232at314147        -            573   1.7e-30  102.6  65.9   5   6   8.3e-09   1.8e-07   26.6   2.3   379   414   121   156   113   157 0.87 -
NW_025965328.1_RagTag:1309-710        -            200 18232at314147        -            573   1.7e-30  102.6  65.9   6   6   7.4e-11   1.6e-09   33.3   3.6   380   429   150   199   150   200 0.96 -
NW_025965341.1_RagTag:133798-133214   -            195 18232at314147        -            573     4e-30  101.3  33.0   1   5    0.0064      0.13    7.1   0.1   397   412     1    16     1    17 0.94 -
NW_025965341.1_RagTag:133798-133214   -            195 18232at314147        -            573     4e-30  101.3  33.0   2   5   1.6e-09   3.5e-08   28.9   1.2   380   412    12    44     5    44 0.90 -
NW_025965341.1_RagTag:133798-133214   -            195 18232at314147        -            573     4e-30  101.3  33.0   3   5     2e-11   4.3e-10   35.2   2.9   380   432    40    92    40    95 0.94 -
NW_025965341.1_RagTag:133798-133214   -            195 18232at314147        -            573     4e-30  101.3  33.0   4   5     4e-11   8.5e-10   34.2   3.8   380   434    96   149    91   152 0.90 -
NW_025965341.1_RagTag:133798-133214   -            195 18232at314147        -            573     4e-30  101.3  33.0   5   5   1.8e-07   3.7e-06   22.2   4.1   380   420   152   192   147   195 0.85 -
contig_83186_pilon:3097-2462          -            212 18232at314147        -            573   1.7e-29   99.3  41.6   1   7   9.7e-08     2e-06   23.0   1.1   379   412     6    39     1    40 0.92 -
contig_83186_pilon:3097-2462          -            212 18232at314147        -            573   1.7e-29   99.3  41.6   2   7   3.5e-08   7.4e-07   24.5   2.0   380   412    35    67    35    68 0.96 -
contig_83186_pilon:3097-2462          -            212 18232at314147        -            573   1.7e-29   99.3  41.6   3   7     7e-09   1.5e-07   26.8   5.9   380   430    63   113    63   115 0.90 -
contig_83186_pilon:3097-2462          -            212 18232at314147        -            573   1.7e-29   99.3  41.6   4   7     8e-09   1.7e-07   26.6   3.0   381   431    92   142    91   144 0.79 -
contig_83186_pilon:3097-2462          -            212 18232at314147        -            573   1.7e-29   99.3  41.6   5   7   5.2e-07   1.1e-05   20.6   0.4   380   412   119   151   119   151 0.96 -
contig_83186_pilon:3097-2462          -            212 18232at314147        -            573   1.7e-29   99.3  41.6   6   7   1.8e-08   3.8e-07   25.5   1.6   380   414   147   181   146   182 0.94 -
contig_83186_pilon:3097-2462          -            212 18232at314147        -            573   1.7e-29   99.3  41.6   7   7   2.2e-07   4.7e-06   21.9   1.8   380   415   175   210   175   212 0.93 -
NW_025965235.1_RagTag:119535-118921   -            205 18232at314147        -            573   9.2e-29   96.8  35.5   1   5   1.7e-10   3.5e-09   32.2   1.2    47   101     8    62     5    67 0.91 -
NW_025965235.1_RagTag:119535-118921   -            205 18232at314147        -            573   9.2e-29   96.8  35.5   2   5   9.6e-11     2e-09   33.0   4.1   379   432    67   120    62   121 0.93 -
NW_025965235.1_RagTag:119535-118921   -            205 18232at314147        -            573   9.2e-29   96.8  35.5   3   5   5.2e-08   1.1e-06   23.9   0.7   381   412    97   128    96   128 0.96 -
NW_025965235.1_RagTag:119535-118921   -            205 18232at314147        -            573   9.2e-29   96.8  35.5   4   5   1.7e-06   3.5e-05   19.0   3.6   380   412   124   156   122   156 0.94 -
NW_025965235.1_RagTag:119535-118921   -            205 18232at314147        -            573   9.2e-29   96.8  35.5   5   5   5.3e-10   1.1e-08   30.5   7.6   379   432   151   204   149   205 0.93 -
NW_025965071.1_RagTag:28229-29119     -            297 18232at314147        -            573   1.4e-28   96.2  58.4   1   9   0.00065     0.014   10.4   0.5   381   412     1    32     1    33 0.94 -
NW_025965071.1_RagTag:28229-29119     -            297 18232at314147        -            573   1.4e-28   96.2  58.4   2   9   3.3e-07     7e-06   21.3   0.6   381   412    29    60    29    61 0.96 -
NW_025965071.1_RagTag:28229-29119     -            297 18232at314147        -            573   1.4e-28   96.2  58.4   3   9   2.2e-06   4.6e-05   18.6   2.3   381   412    57    88    56    91 0.94 -
NW_025965071.1_RagTag:28229-29119     -            297 18232at314147        -            573   1.4e-28   96.2  58.4   4   9   1.5e-05   0.00032   15.8   0.8   381   413    85   117    84   119 0.95 -
NW_025965071.1_RagTag:28229-29119     -            297 18232at314147        -            573   1.4e-28   96.2  58.4   5   9   1.2e-06   2.6e-05   19.4   2.8   381   412   113   144   112   144 0.96 -
NW_025965071.1_RagTag:28229-29119     -            297 18232at314147        -            573   1.4e-28   96.2  58.4   6   9     2e-06   4.2e-05   18.7   3.5   381   430   141   190   141   195 0.92 -
NW_025965071.1_RagTag:28229-29119     -            297 18232at314147        -            573   1.4e-28   96.2  58.4   7   9   4.7e-07     1e-05   20.8   1.7   380   414   196   230   193   231 0.93 -
NW_025965071.1_RagTag:28229-29119     -            297 18232at314147        -            573   1.4e-28   96.2  58.4   8   9   8.1e-07   1.7e-05   20.0   3.9   381   412   225   256   225   257 0.96 -
NW_025965071.1_RagTag:28229-29119     -            297 18232at314147        -            573   1.4e-28   96.2  58.4   9   9   7.9e-06   0.00017   16.7   1.5   381   423   253   295   253   297 0.89 -
NW_025965317.1_RagTag:1474848-1474279 -            190 18232at314147        -            573   1.6e-28   96.1  30.6   1   6   9.2e-09   1.9e-07   26.4   2.5   381   430     3    52     1    55 0.87 -
NW_025965317.1_RagTag:1474848-1474279 -            190 18232at314147        -            573   1.6e-28   96.1  30.6   2   6   5.7e-09   1.2e-07   27.1   3.3   380   428    30    78    30    79 0.93 -
NW_025965317.1_RagTag:1474848-1474279 -            190 18232at314147        -            573   1.6e-28   96.1  30.6   3   6   2.3e-08   4.9e-07   25.1   0.8   381   412    59    90    58    91 0.96 -
NW_025965317.1_RagTag:1474848-1474279 -            190 18232at314147        -            573   1.6e-28   96.1  30.6   4   6   1.4e-07     3e-06   22.5   1.2   381   413    87   119    87   121 0.93 -
NW_025965317.1_RagTag:1474848-1474279 -            190 18232at314147        -            573   1.6e-28   96.1  30.6   5   6   7.9e-08   1.7e-06   23.3   1.9   381   415   115   149   114   155 0.92 -
NW_025965317.1_RagTag:1474848-1474279 -            190 18232at314147        -            573   1.6e-28   96.1  30.6   6   6   1.6e-08   3.4e-07   25.6   1.8   384   427   146   189   146   190 0.96 -
contig_43715_pilon:47-619             -            191 18232at314147        -            573   1.9e-28   95.8  49.9   1   6   4.6e-08   9.8e-07   24.1   1.4   380   414     6    40     1    41 0.92 -
contig_43715_pilon:47-619             -            191 18232at314147        -            573   1.9e-28   95.8  49.9   2   6   7.1e-09   1.5e-07   26.8   1.2   380   412    34    66    34    67 0.96 -
contig_43715_pilon:47-619             -            191 18232at314147        -            573   1.9e-28   95.8  49.9   3   6   1.3e-09   2.8e-08   29.2   6.1   380   432    62   114    62   115 0.93 -
contig_43715_pilon:47-619             -            191 18232at314147        -            573   1.9e-28   95.8  49.9   4   6   1.3e-07   2.8e-06   22.6   0.7   380   412    90   122    90   123 0.96 -
contig_43715_pilon:47-619             -            191 18232at314147        -            573   1.9e-28   95.8  49.9   5   6   3.3e-09     7e-08   27.9   1.1   379   414   117   152   112   153 0.91 -
contig_43715_pilon:47-619             -            191 18232at314147        -            573   1.9e-28   95.8  49.9   6   6   2.6e-08   5.6e-07   24.9   3.4   380   423   146   189   146   191 0.88 -
NW_025965250.1_RagTag:54855-54238     -            206 18232at314147        -            573   6.3e-28   94.1  24.9   1   5   1.5e-07   3.2e-06   22.4   0.4   381   413    14    46     5    48 0.67 -
NW_025965250.1_RagTag:54855-54238     -            206 18232at314147        -            573   6.3e-28   94.1  24.9   2   5   3.8e-09     8e-08   27.7   1.5   381   429    42    90    41    91 0.95 -
NW_025965250.1_RagTag:54855-54238     -            206 18232at314147        -            573   6.3e-28   94.1  24.9   3   5   8.7e-10   1.8e-08   29.8   1.5   380   432    69   121    69   123 0.94 -
NW_025965250.1_RagTag:54855-54238     -            206 18232at314147        -            573   6.3e-28   94.1  24.9   4   5   1.1e-07   2.4e-06   22.8   1.4    47   412   121   157   119   158 0.51 -
NW_025965250.1_RagTag:54855-54238     -            206 18232at314147        -            573   6.3e-28   94.1  24.9   5   5   2.4e-10   5.1e-09   31.6   2.4   380   432   153   205   147   206 0.92 -
NW_025965230.1_RagTag:919891-919364   -            176 18232at314147        -            573   1.2e-27   93.1  29.9   1   6   4.5e-05   0.00096   14.2   0.6   393   425     6    38     3    39 0.91 -
NW_025965230.1_RagTag:919891-919364   -            176 18232at314147        -            573   1.2e-27   93.1  29.9   2   6   5.3e-08   1.1e-06   23.9   1.7   380   412    21    53    19    54 0.95 -
NW_025965230.1_RagTag:919891-919364   -            176 18232at314147        -            573   1.2e-27   93.1  29.9   3   6   1.1e-08   2.3e-07   26.2   1.2   381   414    50    83    49    87 0.92 -
NW_025965230.1_RagTag:919891-919364   -            176 18232at314147        -            573   1.2e-27   93.1  29.9   4   6   3.9e-11   8.2e-10   34.3   4.6   380   432    77   129    77   130 0.93 -
NW_025965230.1_RagTag:919891-919364   -            176 18232at314147        -            573   1.2e-27   93.1  29.9   5   6   1.4e-06     3e-05   19.2   2.5   381   418   106   143   106   144 0.90 -
NW_025965230.1_RagTag:919891-919364   -            176 18232at314147        -            573   1.2e-27   93.1  29.9   6   6   1.2e-10   2.5e-09   32.7   2.5   380   421   133   174   127   176 0.90 -
contig_33351_pilon:20-586             -            189 18232at314147        -            573   1.2e-26   89.8  30.1   1   5     7e-07   1.5e-05   20.2   0.3   381   412     1    32     1    33 0.96 -
contig_33351_pilon:20-586             -            189 18232at314147        -            573   1.2e-26   89.8  30.1   2   5   1.4e-09     3e-08   29.1   3.3   381   429    29    77    28    84 0.58 -
contig_33351_pilon:20-586             -            189 18232at314147        -            573   1.2e-26   89.8  30.1   3   5   1.8e-09   3.8e-08   28.8   3.9   379   429    83   133    78   133 0.66 -
contig_33351_pilon:20-586             -            189 18232at314147        -            573   1.2e-26   89.8  30.1   4   5   2.2e-10   4.7e-09   31.8   2.4   380   425   112   157   112   158 0.96 -
contig_33351_pilon:20-586             -            189 18232at314147        -            573   1.2e-26   89.8  30.1   5   5     1e-08   2.1e-07   26.3   3.0   380   429   140   189   140   189 0.95 -
NW_025965289.1_RagTag:81495-82190     -            232 18232at314147        -            573   2.6e-26   88.7  57.0   1   5   1.9e-09   3.9e-08   28.7   6.1    47   104    41    98    27   100 0.90 -
NW_025965289.1_RagTag:81495-82190     -            232 18232at314147        -            573   2.6e-26   88.7  57.0   2   5   4.5e-10   9.5e-09   30.7   4.6   381   432    74   125    73   128 0.95 -
NW_025965289.1_RagTag:81495-82190     -            232 18232at314147        -            573   2.6e-26   88.7  57.0   3   5   1.2e-09   2.5e-08   29.4   4.0    47   425    97   146    96   147 0.49 -
NW_025965289.1_RagTag:81495-82190     -            232 18232at314147        -            573   2.6e-26   88.7  57.0   4   5   1.9e-09     4e-08   28.7   4.7   381   430   130   179   129   181 0.90 -
NW_025965289.1_RagTag:81495-82190     -            232 18232at314147        -            573   2.6e-26   88.7  57.0   5   5     1e-07   2.2e-06   23.0   6.0    45    98   179   232   177   232 0.95 -
contig_53583_pilon:2130-1585          -            182 18232at314147        -            573   1.2e-25   86.6  33.1   1   6   1.8e-07   3.8e-06   22.1   0.8   381   414     1    34     1    36 0.93 -
contig_53583_pilon:2130-1585          -            182 18232at314147        -            573   1.2e-25   86.6  33.1   2   6   1.3e-07   2.7e-06   22.7   2.1   380   412    28    60    28    60 0.96 -
contig_53583_pilon:2130-1585          -            182 18232at314147        -            573   1.2e-25   86.6  33.1   3   6   4.7e-08   9.8e-07   24.1   2.3   381   415    57    91    56    93 0.93 -
contig_53583_pilon:2130-1585          -            182 18232at314147        -            573   1.2e-25   86.6  33.1   4   6   7.3e-09   1.5e-07   26.8   2.6   381   414    85   118    84   119 0.95 -
contig_53583_pilon:2130-1585          -            182 18232at314147        -            573   1.2e-25   86.6  33.1   5   6   6.3e-10   1.3e-08   30.3   6.4   381   433   113   165   113   172 0.95 -
contig_53583_pilon:2130-1585          -            182 18232at314147        -            573   1.2e-25   86.6  33.1   6   6   2.8e-06     6e-05   18.2   0.4   380   417   140   177   140   182 0.90 -
contig_31119_pilon:1895-1227          -            223 18232at314147        -            573   3.1e-25   85.2  36.1   1   4   3.3e-08     7e-07   24.6   5.7    51   104    26    80    15    82 0.89 -
contig_31119_pilon:1895-1227          -            223 18232at314147        -            573   3.1e-25   85.2  36.1   2   4   5.2e-06   0.00011   17.3   0.7   381   413   112   144   111   145 0.95 -
contig_31119_pilon:1895-1227          -            223 18232at314147        -            573   3.1e-25   85.2  36.1   3   4   4.4e-09   9.3e-08   27.5   2.1   381   412   140   171   139   172 0.96 -
contig_31119_pilon:1895-1227          -            223 18232at314147        -            573   3.1e-25   85.2  36.1   4   4   1.8e-11   3.8e-10   35.4   6.1   380   430   167   217   167   222 0.94 -
NW_025965341.1_RagTag:41694-41227     -            156 18232at314147        -            573   3.4e-25   85.1  20.1   1   4   2.5e-08   5.4e-07   25.0   0.5   392   429     7    44     1    46 0.86 -
NW_025965341.1_RagTag:41694-41227     -            156 18232at314147        -            573   3.4e-25   85.1  20.1   2   4   5.8e-12   1.2e-10   37.0   3.2   375   429    46   100    42   104 0.90 -
NW_025965341.1_RagTag:41694-41227     -            156 18232at314147        -            573   3.4e-25   85.1  20.1   3   4   4.3e-07     9e-06   20.9   0.4   381   412    80   111    80   111 0.96 -
NW_025965341.1_RagTag:41694-41227     -            156 18232at314147        -            573   3.4e-25   85.1  20.1   4   4   4.3e-10   9.1e-09   30.8   3.7   375   429   102   156   101   156 0.92 -
contig_43334_pilon:1190-1762          -            191 18232at314147        -            573   9.5e-25   83.6  26.9   1   6   9.5e-05     0.002   13.2   0.4   388   412    17    41    10    41 0.88 -
contig_43334_pilon:1190-1762          -            191 18232at314147        -            573   9.5e-25   83.6  26.9   2   6   2.8e-08   5.8e-07   24.8   0.8   380   414    37    71    37    72 0.94 -
contig_43334_pilon:1190-1762          -            191 18232at314147        -            573   9.5e-25   83.6  26.9   3   6   3.8e-09   8.1e-08   27.7   2.1   380   430    65   115    65   117 0.92 -
contig_43334_pilon:1190-1762          -            191 18232at314147        -            573   9.5e-25   83.6  26.9   4   6   1.2e-07   2.5e-06   22.8   0.4   380   412    93   125    93   125 0.97 -
contig_43334_pilon:1190-1762          -            191 18232at314147        -            573   9.5e-25   83.6  26.9   5   6   1.1e-08   2.3e-07   26.2   1.1   380   418   121   159   121   162 0.93 -
contig_43334_pilon:1190-1762          -            191 18232at314147        -            573   9.5e-25   83.6  26.9   6   6   2.9e-08   6.1e-07   24.8   1.4   380   421   149   190   148   191 0.91 -
NW_025965341.1_RagTag:79117-79728     -            204 18232at314147        -            573   1.1e-24   83.4  28.9   1   6     0.002     0.042    8.8   0.4   228   261     1    34     1    39 0.62 -
NW_025965341.1_RagTag:79117-79728     -            204 18232at314147        -            573   1.1e-24   83.4  28.9   2   6   1.8e-08   3.7e-07   25.5   0.6   380   413    40    73    35    75 0.93 -
NW_025965341.1_RagTag:79117-79728     -            204 18232at314147        -            573   1.1e-24   83.4  28.9   3   6   9.6e-08     2e-06   23.1   3.3   381   430    69   118    68   121 0.88 -
NW_025965341.1_RagTag:79117-79728     -            204 18232at314147        -            573   1.1e-24   83.4  28.9   4   6   5.2e-06   0.00011   17.3   1.3   380   413    96   129    95   131 0.93 -
NW_025965341.1_RagTag:79117-79728     -            204 18232at314147        -            573   1.1e-24   83.4  28.9   5   6   6.8e-08   1.4e-06   23.5   1.5   379   412   123   156   119   157 0.92 -
NW_025965341.1_RagTag:79117-79728     -            204 18232at314147        -            573   1.1e-24   83.4  28.9   6   6   2.6e-09   5.5e-08   28.2   1.1   381   429   153   201   152   204 0.91 -
NW_025965166.1_RagTag:126554-126123   -            144 18232at314147        -            573   7.1e-24   80.7  37.0   1   4   6.6e-11   1.4e-09   33.5   3.3   380   414     8    42     2    43 0.91 -
NW_025965166.1_RagTag:126554-126123   -            144 18232at314147        -            573   7.1e-24   80.7  37.0   2   4   3.9e-10   8.3e-09   30.9   2.1   381   429    37    85    36    86 0.90 -
NW_025965166.1_RagTag:126554-126123   -            144 18232at314147        -            573   7.1e-24   80.7  37.0   3   4   1.2e-10   2.5e-09   32.7   2.4   381   433    65   117    64   118 0.96 -
NW_025965166.1_RagTag:126554-126123   -            144 18232at314147        -            573   7.1e-24   80.7  37.0   4   4   9.8e-07   2.1e-05   19.7   6.0    46   101    87   142    85   144 0.95 -
contig_10031_pilon:821-222            -            200 18232at314147        -            573   1.8e-23   79.4  42.0   1   5   5.5e-05    0.0012   13.9   2.8   399   430     1    32     1    36 0.91 -
contig_10031_pilon:821-222            -            200 18232at314147        -            573   1.8e-23   79.4  42.0   2   5     1e-07   2.2e-06   22.9   6.8   378   433    36    91    29    94 0.90 -
contig_10031_pilon:821-222            -            200 18232at314147        -            573   1.8e-23   79.4  42.0   3   5   2.6e-07   5.6e-06   21.6   1.7   380   414    94   128    91   129 0.93 -
contig_10031_pilon:821-222            -            200 18232at314147        -            573   1.8e-23   79.4  42.0   4   5   7.8e-10   1.7e-08   30.0   3.7   380   425   122   167   122   167 0.93 -
contig_10031_pilon:821-222            -            200 18232at314147        -            573   1.8e-23   79.4  42.0   5   5   6.6e-09   1.4e-07   26.9   5.0   380   428   150   198   150   200 0.93 -
NW_025965022.1_RagTag:271580-270999   -            194 18232at314147        -            573   2.9e-23   78.7  28.9   1   6   1.8e-05   0.00038   15.6   0.7   399   415     1    17     1    20 0.90 -
NW_025965022.1_RagTag:271580-270999   -            194 18232at314147        -            573   2.9e-23   78.7  28.9   2   6   5.2e-08   1.1e-06   23.9   2.2   384   432    14    62    13    64 0.94 -
NW_025965022.1_RagTag:271580-270999   -            194 18232at314147        -            573   2.9e-23   78.7  28.9   3   6   6.2e-05    0.0013   13.8   0.3   381   429    39    86    39    91 0.83 -
NW_025965022.1_RagTag:271580-270999   -            194 18232at314147        -            573   2.9e-23   78.7  28.9   4   6   1.8e-07   3.8e-06   22.1   1.2   380   412    93   125    85   126 0.92 -
NW_025965022.1_RagTag:271580-270999   -            194 18232at314147        -            573   2.9e-23   78.7  28.9   5   6   8.5e-11   1.8e-09   33.1   2.1   381   430   122   171   121   175 0.92 -
NW_025965022.1_RagTag:271580-270999   -            194 18232at314147        -            573   2.9e-23   78.7  28.9   6   6    0.0062      0.13    7.2   0.3   380   397   177   194   173   194 0.93 -
NW_025965190.1_RagTag:126348-126803   -            152 18232at314147        -            573   4.3e-22   74.8  22.7   1   4   3.9e-05   0.00082   14.4   1.4   395   429     2    36     1    42 0.77 -
NW_025965190.1_RagTag:126348-126803   -            152 18232at314147        -            573   4.3e-22   74.8  22.7   2   4   1.9e-07     4e-06   22.1   1.9   374   412    34    75    33    75 0.85 -
NW_025965190.1_RagTag:126348-126803   -            152 18232at314147        -            573   4.3e-22   74.8  22.7   3   4   5.4e-09   1.1e-07   27.2   0.6   381   412    72   103    71   104 0.96 -
NW_025965190.1_RagTag:126348-126803   -            152 18232at314147        -            573   4.3e-22   74.8  22.7   4   4   1.2e-10   2.5e-09   32.7   2.7   381   429   100   148   100   152 0.91 -
NW_025965215.1_RagTag:23669-22371     -            433 18232at314147        -            573   5.2e-22   74.5  29.6   1   4   8.9e-10   1.9e-08   29.8   2.6    44   102   238   296   200   303 0.71 -
NW_025965215.1_RagTag:23669-22371     -            433 18232at314147        -            573   5.2e-22   74.5  29.6   2   4   1.4e-06   2.9e-05   19.3   1.7   380   432   301   352   297   355 0.90 -
NW_025965215.1_RagTag:23669-22371     -            433 18232at314147        -            573   5.2e-22   74.5  29.6   3   4   2.5e-08   5.3e-07   25.0   2.0   380   416   356   392   350   396 0.88 -
NW_025965215.1_RagTag:23669-22371     -            433 18232at314147        -            573   5.2e-22   74.5  29.6   4   4   7.6e-07   1.6e-05   20.1   5.7   381   426   385   430   385   433 0.85 -
NW_025965182.1_RagTag:1737866-1738443 -            179 18232at314147        -            573   6.3e-21   71.0  28.1   1   5     1e-05   0.00021   16.4   0.6   384   412     2    30     1    31 0.96 -
NW_025965182.1_RagTag:1737866-1738443 -            179 18232at314147        -            573   6.3e-21   71.0  28.1   2   5   5.2e-10   1.1e-08   30.5   2.7   381   415    27    61    26    77 0.92 -
NW_025965182.1_RagTag:1737866-1738443 -            179 18232at314147        -            573   6.3e-21   71.0  28.1   3   5     6e-05    0.0013   13.8   1.5   386   430    75   119    68   122 0.66 -
NW_025965182.1_RagTag:1737866-1738443 -            179 18232at314147        -            573   6.3e-21   71.0  28.1   4   5   9.6e-08     2e-06   23.1   4.2   379   425    96   142    85   143 0.88 -
NW_025965182.1_RagTag:1737866-1738443 -            179 18232at314147        -            573   6.3e-21   71.0  28.1   5   5   8.4e-09   1.8e-07   26.6   4.9   381   425   126   169   124   178 0.87 -
NW_025965127.1_RagTag:122616-122107   -            170 18232at314147        -            573   2.1e-20   69.2  22.2   1   5   2.8e-07     6e-06   21.5   0.5   380   412     9    41     2    42 0.92 -
NW_025965127.1_RagTag:122616-122107   -            170 18232at314147        -            573   2.1e-20   69.2  22.2   2   5   1.5e-09   3.2e-08   29.0   2.8   381   433    38    89    37    91 0.89 -
NW_025965127.1_RagTag:122616-122107   -            170 18232at314147        -            573   2.1e-20   69.2  22.2   3   5   8.6e-06   0.00018   16.6   2.8   381   430    66   115    66   119 0.82 -
NW_025965127.1_RagTag:122616-122107   -            170 18232at314147        -            573   2.1e-20   69.2  22.2   4   5   2.4e-05   0.00051   15.1   0.8    51    86    93   128    90   131 0.69 -
NW_025965127.1_RagTag:122616-122107   -            170 18232at314147        -            573   2.1e-20   69.2  22.2   5   5   3.4e-09   7.2e-08   27.8   3.4   380   432   121   169   111   170 0.77 -
NW_025965301.1_RagTag:107840-107193   -            216 18232at314147        -            573   7.1e-20   67.5  21.3   1   4   9.2e-07   1.9e-05   19.8   0.2   379   430    30    82    18    87 0.81 -
NW_025965301.1_RagTag:107840-107193   -            216 18232at314147        -            573   7.1e-20   67.5  21.3   2   4   2.7e-10   5.6e-09   31.5   2.0   381   429    89   137    81   142 0.89 -
NW_025965301.1_RagTag:107840-107193   -            216 18232at314147        -            573   7.1e-20   67.5  21.3   3   4   3.5e-05   0.00073   14.6   1.3   381   413   145   177   139   179 0.86 -
NW_025965301.1_RagTag:107840-107193   -            216 18232at314147        -            573   7.1e-20   67.5  21.3   4   4   2.8e-06     6e-05   18.2   1.8   380   418   172   209   170   216 0.82 -
NW_025965039.1_RagTag:269799-269233   -            189 18232at314147        -            573   4.1e-19   65.0  24.2   1   4   2.4e-06     5e-05   18.5   2.4   381   413     3    35     1    52 0.75 -
NW_025965039.1_RagTag:269799-269233   -            189 18232at314147        -            573   4.1e-19   65.0  24.2   2   4     1e-08   2.2e-07   26.3   3.8   378   429    56   107    47   113 0.78 -
NW_025965039.1_RagTag:269799-269233   -            189 18232at314147        -            573   4.1e-19   65.0  24.2   3   4   1.1e-05   0.00023   16.3   0.8   380   413   114   147   108   149 0.85 -
NW_025965039.1_RagTag:269799-269233   -            189 18232at314147        -            573   4.1e-19   65.0  24.2   4   4   9.2e-08   1.9e-06   23.1   0.6   380   425   142   187   137   189 0.85 -
NW_025965039.1_RagTag:294540-268866   -            195 18232at314147        -            573   4.5e-19   64.8   8.3   1   4   1.2e-08   2.6e-07   26.0   0.1    30    85    61   116    54   120 0.89 -
NW_025965039.1_RagTag:294540-268866   -            195 18232at314147        -            573   4.5e-19   64.8   8.3   2   4     1e-07   2.2e-06   22.9   0.9   381   415   111   145   111   159 0.87 -
NW_025965039.1_RagTag:294540-268866   -            195 18232at314147        -            573   4.5e-19   64.8   8.3   3   4   7.5e-06   0.00016   16.8   0.5   381   413   139   171   138   175 0.93 -
NW_025965039.1_RagTag:294540-268866   -            195 18232at314147        -            573   4.5e-19   64.8   8.3   4   4   2.6e-08   5.6e-07   24.9   0.6   378   409   164   195   156   195 0.86 -
NW_025965442.1_RagTag:53303-52854     -            150 18232at314147        -            573   8.2e-19   64.0  20.4   1   3   3.5e-08   7.3e-07   24.5   6.6    46   102    19    75     8    80 0.92 -
NW_025965442.1_RagTag:53303-52854     -            150 18232at314147        -            573   8.2e-19   64.0  20.4   2   3   2.1e-08   4.3e-07   25.3   2.0   384   432    56   104    56   107 0.86 -
NW_025965442.1_RagTag:53303-52854     -            150 18232at314147        -            573   8.2e-19   64.0  20.4   3   3   5.2e-11   1.1e-09   33.8   1.6   380   418   108   146   105   150 0.90 -
NW_025965375.1_RagTag:160364-159888   -            159 18232at314147        -            573   1.6e-18   63.1  25.1   1   3   1.1e-06   2.2e-05   19.6   1.7   386   432    12    58     7    60 0.87 -
NW_025965375.1_RagTag:160364-159888   -            159 18232at314147        -            573   1.6e-18   63.1  25.1   2   3   4.9e-08     1e-06   24.0   1.1   380   412    62    94    59    95 0.95 -
NW_025965375.1_RagTag:160364-159888   -            159 18232at314147        -            573   1.6e-18   63.1  25.1   3   3   9.6e-11     2e-09   33.0   9.8   381   434    91   144    90   155 0.92 -
NW_025965193.1_RagTag:1082514-1080642 -            534 18232at314147        -            573   1.5e-17   59.8   6.1   1   2     1e-10   2.2e-09   32.9   0.9   378   431   300   354   282   362 0.89 -
NW_025965193.1_RagTag:1082514-1080642 -            534 18232at314147        -            573   1.5e-17   59.8   6.1   2   2   1.4e-09   2.9e-08   29.1   0.4   371   426   478   533   467   534 0.90 -
NW_025965341.1_RagTag:115130-190966   -            257 18232at314147        -            573   2.2e-17   59.2  31.0   1   4   6.6e-13   1.4e-11   40.1  11.1    39   150     7   120     4   121 0.88 -
NW_025965341.1_RagTag:115130-190966   -            257 18232at314147        -            573   2.2e-17   59.2  31.0   2   4   2.4e-09   5.2e-08   28.3   5.1   367   430    90   153    83   156 0.85 -
NW_025965341.1_RagTag:115130-190966   -            257 18232at314147        -            573   2.2e-17   59.2  31.0   3   4     0.012      0.26    6.2   0.2    45    76   153   184   151   192 0.79 -
NW_025965341.1_RagTag:115130-190966   -            257 18232at314147        -            573   2.2e-17   59.2  31.0   4   4      0.05       1.1    4.2   3.2   189   224   200   236   188   248 0.81 -
NW_025965233.1_RagTag:197891-200283   -            273 18232at314147        -            573   2.2e-16   55.9  28.3   1   3   6.2e-09   1.3e-07   27.0   6.0   379   434   115   170    96   172 0.86 -
NW_025965233.1_RagTag:197891-200283   -            273 18232at314147        -            573   2.2e-16   55.9  28.3   2   3   1.4e-05    0.0003   15.9   1.2   380   410   172   202   164   216 0.84 -
NW_025965233.1_RagTag:197891-200283   -            273 18232at314147        -            573   2.2e-16   55.9  28.3   3   3   4.7e-08   9.8e-07   24.1   7.4   380   429   224   269   219   273 0.82 -
NW_025965374.1_RagTag:84619-82388     -            744 18232at314147        -            573   5.5e-16   54.6  57.1   1   9   4.6e-08   9.7e-07   24.1   5.8   380   434     5    59     2    66 0.92 -
NW_025965374.1_RagTag:84619-82388     -            744 18232at314147        -            573   5.5e-16   54.6  57.1   2   9     0.023       0.5    5.3   0.4   128   182    69   129    59   132 0.68 -
NW_025965374.1_RagTag:84619-82388     -            744 18232at314147        -            573   5.5e-16   54.6  57.1   3   9      0.02      0.42    5.5   2.2   211   430   106   156   100   200 0.54 -
NW_025965374.1_RagTag:84619-82388     -            744 18232at314147        -            573   5.5e-16   54.6  57.1   4   9    0.0052      0.11    7.4   0.3   380   434   220   274   207   283 0.74 -
NW_025965374.1_RagTag:84619-82388     -            744 18232at314147        -            573   5.5e-16   54.6  57.1   5   9       1.8        38   -0.9   0.0    50   104   373   427   370   437 0.76 -
NW_025965374.1_RagTag:84619-82388     -            744 18232at314147        -            573   5.5e-16   54.6  57.1   6   9    0.0021     0.044    8.7   1.0   379   430   472   525   469   528 0.89 -
NW_025965374.1_RagTag:84619-82388     -            744 18232at314147        -            573   5.5e-16   54.6  57.1   7   9   0.00084     0.018   10.0   1.3   380   431   531   584   527   590 0.87 -
NW_025965374.1_RagTag:84619-82388     -            744 18232at314147        -            573   5.5e-16   54.6  57.1   8   9   2.2e-06   4.6e-05   18.6   1.2   375   452   587   662   583   670 0.90 -
NW_025965374.1_RagTag:84619-82388     -            744 18232at314147        -            573   5.5e-16   54.6  57.1   9   9     0.091       1.9    3.3   0.0   200   232   686   719   669   722 0.69 -
contig_81532_pilon:2155-1715          -            147 18232at314147        -            573   1.4e-15   53.3  17.4   1   3     4e-07   8.5e-06   21.0   0.6    49   101     7    60     2    66 0.83 -
contig_81532_pilon:2155-1715          -            147 18232at314147        -            573   1.4e-15   53.3  17.4   2   3   2.5e-09   5.2e-08   28.3   6.2   380   429    67   116    61   117 0.87 -
contig_81532_pilon:2155-1715          -            147 18232at314147        -            573   1.4e-15   53.3  17.4   3   3   2.8e-05    0.0006   14.9   2.0   384   430    99   145    99   147 0.90 -
NW_025965127.1_RagTag:122930-122601   -            110 18232at314147        -            573   4.5e-15   51.6   7.7   1   2   4.4e-11   9.2e-10   34.1   0.6    52   101     1    50     1    54 0.96 -
NW_025965127.1_RagTag:122930-122601   -            110 18232at314147        -            573   4.5e-15   51.6   7.7   2   2   1.7e-07   3.5e-06   22.3   1.6    46   102    51   108    49   110 0.81 -
NW_025965028.1_RagTag:362640-363958   -            372 18232at314147        -            573   1.6e-14   49.9  15.8   1   3   1.6e-07   3.4e-06   22.3   2.4   211   429   264   313   230   316 0.67 -
NW_025965028.1_RagTag:362640-363958   -            372 18232at314147        -            573   1.6e-14   49.9  15.8   2   3     4e-07   8.5e-06   21.0   0.6   381   412   293   324   292   324 0.97 -
NW_025965028.1_RagTag:362640-363958   -            372 18232at314147        -            573   1.6e-14   49.9  15.8   3   3   3.5e-10   7.3e-09   31.1   5.7   380   431   320   371   317   372 0.95 -
contig_43715_pilon:891-1472           -            194 18232at314147        -            573   3.3e-13   45.5  16.9   1   3   1.9e-06   3.9e-05   18.8   1.8   383   430     8    55     3    59 0.83 -
contig_43715_pilon:891-1472           -            194 18232at314147        -            573   3.3e-13   45.5  16.9   2   3   2.7e-05   0.00058   14.9   2.9   379   415    60    96    52   100 0.87 -
contig_43715_pilon:891-1472           -            194 18232at314147        -            573   3.3e-13   45.5  16.9   3   3   6.1e-07   1.3e-05   20.4   0.2    46    89   140   183   136   193 0.89 -
contig_37853_pilon:1183-1722          -            180 18232at314147        -            573   1.7e-12   43.1  18.5   1   4       0.9        19    0.0   0.5   381   417     1    38     1    58 0.70 -
contig_37853_pilon:1183-1722          -            180 18232at314147        -            573   1.7e-12   43.1  18.5   2   4    0.0016     0.033    9.1   0.5   378   410    55    87    38    94 0.79 -
contig_37853_pilon:1183-1722          -            180 18232at314147        -            573   1.7e-12   43.1  18.5   3   4   9.5e-08     2e-06   23.1   0.8   379   412   112   145   104   145 0.92 -
contig_37853_pilon:1183-1722          -            180 18232at314147        -            573   1.7e-12   43.1  18.5   4   4   9.7e-09     2e-07   26.4   1.3   380   416   141   177   138   180 0.91 -
NW_025965324.1_RagTag:667631-665234   -            506 18232at314147        -            573   6.1e-12   41.3   1.9   1   2   2.9e-13   6.1e-12   41.3   1.9   381   428     1    48     1    81 0.94 -
NW_025965324.1_RagTag:667631-665234   -            506 18232at314147        -            573   6.1e-12   41.3   1.9   2   2         7   1.5e+02   -2.9   0.1   209   221   297   309   287   322 0.55 -
NW_025965297.1_RagTag:263516-264714   -            299 18232at314147        -            573   1.3e-11   40.3  19.5   1   3   1.5e-07   3.1e-06   22.5   1.0   372   417    64   110    54   115 0.88 -
NW_025965297.1_RagTag:263516-264714   -            299 18232at314147        -            573   1.3e-11   40.3  19.5   2   3   1.9e-07     4e-06   22.1   3.6   392   431   113   152   106   162 0.83 -
NW_025965297.1_RagTag:263516-264714   -            299 18232at314147        -            573   1.3e-11   40.3  19.5   3   3    0.0068      0.14    7.0   1.3   211   251   247   287   213   298 0.58 -
NW_025965200.1_RagTag:17855-18731     -            248 18232at314147        -            573   2.2e-11   39.5   6.2   1   2   5.6e-06   0.00012   17.2   0.9   379   410   159   190   145   193 0.88 -
NW_025965200.1_RagTag:17855-18731     -            248 18232at314147        -            573   2.2e-11   39.5   6.2   2   2   2.1e-08   4.4e-07   25.2   0.5   384   432   194   244   189   248 0.88 -
NW_025965279.1_RagTag:47883-47464     -            140 18232at314147        -            573   5.5e-11   38.1   7.2   1   3   2.7e-05   0.00056   15.0   0.7   385   430    26    71     4    74 0.69 -
NW_025965279.1_RagTag:47883-47464     -            140 18232at314147        -            573   5.5e-11   38.1   7.2   2   3   7.7e-07   1.6e-05   20.1   1.2   380   413    49    82    48    84 0.93 -
NW_025965279.1_RagTag:47883-47464     -            140 18232at314147        -            573   5.5e-11   38.1   7.2   3   3     1e-07   2.1e-06   23.0   1.1   380   432    77   129    76   134 0.91 -
NW_025965279.1_RagTag:90637-77786     -            324 18232at314147        -            573   2.7e-09   32.5  20.3   1   2   1.3e-07   2.7e-06   22.6   8.9   373   433   211   271   180   276 0.88 -
NW_025965279.1_RagTag:90637-77786     -            324 18232at314147        -            573   2.7e-09   32.5  20.3   2   2   3.4e-05   0.00072   14.6   4.8   380   415   274   309   271   319 0.91 -
NW_025965285.1_RagTag:189204-190355   -            384 18232at314147        -            573   7.4e-08   27.8  25.3   1   4   0.00026    0.0054   11.7   0.0    51   100     2    54     1    63 0.87 -
NW_025965285.1_RagTag:189204-190355   -            384 18232at314147        -            573   7.4e-08   27.8  25.3   2   4    0.0016     0.034    9.1   8.5   371   430   143   207    94   267 0.66 -
NW_025965285.1_RagTag:189204-190355   -            384 18232at314147        -            573   7.4e-08   27.8  25.3   3   4    0.0087      0.18    6.7   6.9   129   261   178   325   175   340 0.64 -
NW_025965285.1_RagTag:189204-190355   -            384 18232at314147        -            573   7.4e-08   27.8  25.3   4   4    0.0036     0.076    8.0   0.2   188   232   343   384   324   384 0.72 -
NW_025965300.1_RagTag:179035-179624   -            188 18232at314147        -            573   2.3e-07   26.2   2.0   1   1   1.4e-08     3e-07   25.8   2.0   380   424   142   186   126   188 0.81 -
contig_70752_pilon:1401-2117          -            239 18232at314147        -            573   2.6e-07   26.0   9.3   1   3   8.8e-05    0.0019   13.3   0.6   394   413     3    22     1    24 0.91 -
contig_70752_pilon:1401-2117          -            239 18232at314147        -            573   2.6e-07   26.0   9.3   2   3   8.4e-05    0.0018   13.3   2.6   381   417    18    54    17    74 0.70 -
contig_70752_pilon:1401-2117          -            239 18232at314147        -            573   2.6e-07   26.0   9.3   3   3    0.0011     0.024    9.6   0.1   394   415   200   221   182   238 0.74 -
NW_025965054.1_RagTag:37686-37276     -            137 18232at314147        -            573   2.2e-06   23.0   2.7   1   2     0.094         2    3.3   0.6   239   267    45    77    37    86 0.70 -
NW_025965054.1_RagTag:37686-37276     -            137 18232at314147        -            573   2.2e-06   23.0   2.7   2   2     1e-07   2.2e-06   23.0   2.7    47   260    84   137    70   137 0.59 -
NW_025965259.1_RagTag:166355-164907   -            483 18232at314147        -            573   3.5e-06   22.3   7.5   1   2     0.067       1.4    3.8   0.1   507   529    21    43    13    61 0.59 -
NW_025965259.1_RagTag:166355-164907   -            483 18232at314147        -            573   3.5e-06   22.3   7.5   2   2   9.3e-07     2e-05   19.8   3.5   380   431   416   467   386   476 0.80 -
NW_025965281.1_RagTag:529347-527455   -            631 18232at314147        -            573   4.3e-05   18.7  12.6   1   3   7.3e-05    0.0015   13.5   0.8   201   252   332   385   306   414 0.70 -
NW_025965281.1_RagTag:529347-527455   -            631 18232at314147        -            573   4.3e-05   18.7  12.6   2   3     0.025      0.52    5.2   0.6   380   413   461   494   452   496 0.90 -
NW_025965281.1_RagTag:529347-527455   -            631 18232at314147        -            573   4.3e-05   18.7  12.6   3   3   0.00082     0.017   10.1   3.3   380   430   489   539   472   559 0.85 -
NW_025965182.1_RagTag:1737338-1737856 -            173 18232at314147        -            573    0.0013   13.7   1.2   1   2       8.6   1.8e+02   -3.2   0.0   379   408    25    54    18    58 0.70 -
NW_025965182.1_RagTag:1737338-1737856 -            173 18232at314147        -            573    0.0013   13.7   1.2   2   2   7.4e-05    0.0016   13.5   0.6   384   430   122   168   108   172 0.87 -
NW_025965316.1_RagTag:4168270-4168025 -             82 18232at314147        -            573     0.011   10.7   3.2   1   1   0.00055     0.012   10.6   2.0   381   434     1    55     1    62 0.65 -
#
# Program:         hmmsearch
# Version:         3.1b2 (February 2015)
# Pipeline mode:   SEARCH
# Query file:      /home/bgerda/guppy_SUP/busco_downloads/lineages/glires_odb10/hmms/18232at314147.hmm
# Target file:     /home/bgerda/guppy_SUP/busco_results_flye/run_glires_odb10/metaeuk_output/rerun_results/ragtag.scaffold.fasta.modified.fas
# Option settings: hmmsearch --domtblout /home/bgerda/guppy_SUP/busco_results_flye/run_glires_odb10/hmmer_output/rerun_results/18232at314147.out --cpu 1 /home/bgerda/guppy_SUP/busco_downloads/lineages/glires_odb10/hmms/18232at314147.hmm /home/bgerda/guppy_SUP/busco_results_flye/run_glires_odb10/metaeuk_output/rerun_results/ragtag.scaffold.fasta.modified.fas 
# Current dir:     /home/bgerda/guppy_SUP
# Date:            Sun May 21 17:47:50 2023
# [ok]
