#                                                                                             --- full sequence --- -------------- this domain -------------   hmm coord   ali coord   env coord
# target name                         accession   tlen query name           accession   qlen   E-value  score  bias   #  of  c-Evalue  i-Evalue  score  bias  from    to  from    to  from    to  acc description of target
#                 ------------------- ---------- ----- -------------------- ---------- ----- --------- ------ ----- --- --- --------- --------- ------ ----- ----- ----- ----- ----- ----- ----- ---- ---------------------
contig_18340_pilon:828-2186           -            453 22276at314147        -            413  2.7e-144  477.7 155.7   1   6   2.7e-23   5.5e-22   74.9  14.9   248   352     1   103     1   103 0.97 -
contig_18340_pilon:828-2186           -            453 22276at314147        -            413  2.7e-144  477.7 155.7   2   6   2.1e-28   4.5e-27   91.6  20.7   233   352    70   187    69   189 0.97 -
contig_18340_pilon:828-2186           -            453 22276at314147        -            413  2.7e-144  477.7 155.7   3   6   3.7e-31   7.6e-30  100.7  22.5   234   356   155   275   153   275 0.97 -
contig_18340_pilon:828-2186           -            453 22276at314147        -            413  2.7e-144  477.7 155.7   4   6   1.1e-29   2.4e-28   95.8  21.6   233   346   238   349   237   352 0.96 -
contig_18340_pilon:828-2186           -            453 22276at314147        -            413  2.7e-144  477.7 155.7   5   6   3.5e-32   7.2e-31  104.1  23.0   229   352   290   411   289   411 0.97 -
contig_18340_pilon:828-2186           -            453 22276at314147        -            413  2.7e-144  477.7 155.7   6   6     6e-25   1.3e-23   80.3  13.1   238   333   355   448   355   452 0.93 -
NW_025965432.1_RagTag:538045-539154   -            370 22276at314147        -            413  2.1e-112  372.7  95.6   1   4   1.1e-32   2.3e-31  105.7  24.4   218   343     8   131     6   133 0.97 -
NW_025965432.1_RagTag:538045-539154   -            370 22276at314147        -            413  2.1e-112  372.7  95.6   2   4   9.4e-35   1.9e-33  112.6  16.3   222   343    96   215    96   217 0.98 -
NW_025965432.1_RagTag:538045-539154   -            370 22276at314147        -            413  2.1e-112  372.7  95.6   3   4   5.6e-37   1.2e-35  119.9  19.5   220   345   178   301   178   303 0.98 -
NW_025965432.1_RagTag:538045-539154   -            370 22276at314147        -            413  2.1e-112  372.7  95.6   4   4   1.8e-23   3.7e-22   75.4  11.4   246   328   288   368   288   370 0.97 -
contig_52188_pilon:1550-468           -            361 22276at314147        -            413   3.6e-95  315.9  88.8   1   4   9.9e-28   2.1e-26   89.5  16.0   249   352     2   103     1   104 0.95 -
contig_52188_pilon:1550-468           -            361 22276at314147        -            413   3.6e-95  315.9  88.8   2   4   2.6e-33   5.3e-32  107.9  20.2   231   356    96   219    94   219 0.96 -
contig_52188_pilon:1550-468           -            361 22276at314147        -            413   3.6e-95  315.9  88.8   3   4     1e-33   2.1e-32  109.2  20.2   225   352   202   327   202   327 0.97 -
contig_52188_pilon:1550-468           -            361 22276at314147        -            413   3.6e-95  315.9  88.8   4   4   7.4e-16   1.5e-14   50.3   8.4   266   329   299   360   299   361 0.93 -
contig_36320_pilon:1033-1992          -            320 22276at314147        -            413   2.1e-89  296.9  79.8   1   4   1.6e-20   3.3e-19   65.7   9.5   234   307     2    75     1    76 0.81 -
contig_36320_pilon:1033-1992          -            320 22276at314147        -            413   2.1e-89  296.9  79.8   2   4   1.1e-29   2.3e-28   95.9  18.2   233   342    57   164    55   164 0.97 -
contig_36320_pilon:1033-1992          -            320 22276at314147        -            413   2.1e-89  296.9  79.8   3   4   2.3e-31   4.8e-30  101.4  17.7   233   352   141   258   141   258 0.98 -
contig_36320_pilon:1033-1992          -            320 22276at314147        -            413   2.1e-89  296.9  79.8   4   4     4e-23   8.3e-22   74.3  10.5   218   300   238   320   238   320 0.96 -
NW_025965341.1_RagTag:10137-11147     -            337 22276at314147        -            413   3.8e-89  296.1  54.5   1   4   3.1e-30   6.4e-29   97.7  16.2   220   344     2   124     1   124 0.98 -
NW_025965341.1_RagTag:10137-11147     -            337 22276at314147        -            413   3.8e-89  296.1  54.5   2   4   7.5e-24   1.6e-22   76.7   5.0   238   317   104   181   103   192 0.94 -
NW_025965341.1_RagTag:10137-11147     -            337 22276at314147        -            413   3.8e-89  296.1  54.5   3   4   1.5e-33     3e-32  108.7   6.6   244   349   195   298   184   300 0.94 -
NW_025965341.1_RagTag:10137-11147     -            337 22276at314147        -            413   3.8e-89  296.1  54.5   4   4   8.8e-17   1.8e-15   53.4   2.9   242   302   277   337   276   337 0.97 -
contig_18339_pilon:77-1480            -            468 22276at314147        -            413   5.2e-88  292.3  78.8   1   4   2.4e-30     5e-29   98.1  16.1   229   348     4   121     2   131 0.94 -
contig_18339_pilon:77-1480            -            468 22276at314147        -            413   5.2e-88  292.3  78.8   2   4     2e-23   4.2e-22   75.3   9.3   245   343   217   313   205   314 0.92 -
contig_18339_pilon:77-1480            -            468 22276at314147        -            413   5.2e-88  292.3  78.8   3   4   7.7e-29   1.6e-27   93.1  18.9   230   344   286   398   285   400 0.96 -
contig_18339_pilon:77-1480            -            468 22276at314147        -            413   5.2e-88  292.3  78.8   4   4   3.4e-21   7.2e-20   67.9  10.4   220   300   388   468   388   468 0.88 -
NW_025965071.1_RagTag:3330-4808       -            493 22276at314147        -            413   2.1e-85  283.8  93.1   1   5   1.2e-13   2.4e-12   43.1   9.3   241   344    16   117     7   126 0.92 -
NW_025965071.1_RagTag:3330-4808       -            493 22276at314147        -            413   2.1e-85  283.8  93.1   2   5   7.8e-20   1.6e-18   63.4  16.5   223   356   110   241   109   242 0.94 -
NW_025965071.1_RagTag:3330-4808       -            493 22276at314147        -            413   2.1e-85  283.8  93.1   3   5   1.3e-28   2.6e-27   92.4  14.9   220   343   219   340   219   343 0.97 -
NW_025965071.1_RagTag:3330-4808       -            493 22276at314147        -            413   2.1e-85  283.8  93.1   4   5   2.4e-27   4.9e-26   88.2  14.1   222   343   305   424   305   424 0.98 -
NW_025965071.1_RagTag:3330-4808       -            493 22276at314147        -            413   2.1e-85  283.8  93.1   5   5   1.3e-16   2.6e-15   52.9   6.4   220   298   415   493   413   493 0.84 -
NW_025965341.1_RagTag:133798-133214   -            195 22276at314147        -            413   1.1e-81  271.5  49.5   1   3   3.5e-31   7.4e-30  100.8  10.2   238   346     1   107     1   108 0.97 -
NW_025965341.1_RagTag:133798-133214   -            195 22276at314147        -            413   1.1e-81  271.5  49.5   2   3   1.3e-31   2.7e-30  102.3   9.6   246   348    37   137    36   139 0.97 -
NW_025965341.1_RagTag:133798-133214   -            195 22276at314147        -            413   1.1e-81  271.5  49.5   3   3   4.3e-29   8.9e-28   94.0  13.8   238   349    85   194    85   195 0.97 -
NW_025965317.1_RagTag:1474848-1474279 -            190 22276at314147        -            413   7.7e-74  245.7  46.9   1   3   1.9e-26   3.9e-25   85.3   8.3   248   343     1    94     1    96 0.94 -
NW_025965317.1_RagTag:1474848-1474279 -            190 22276at314147        -            413   7.7e-74  245.7  46.9   2   3     6e-28   1.3e-26   90.2   9.8   246   343    55   150    54   151 0.97 -
NW_025965317.1_RagTag:1474848-1474279 -            190 22276at314147        -            413   7.7e-74  245.7  46.9   3   3   1.3e-29   2.6e-28   95.7  12.9   241   354    78   189    77   190 0.98 -
NW_025965436.1_RagTag:1629-778        -            284 22276at314147        -            413   8.6e-70  232.3  70.1   1   3   6.7e-24   1.4e-22   76.8  18.6   247   352     4   107     2   110 0.82 -
NW_025965436.1_RagTag:1629-778        -            284 22276at314147        -            413   8.6e-70  232.3  70.1   2   3   5.4e-29   1.1e-27   93.6  16.8   229   339    98   206    97   207 0.96 -
NW_025965436.1_RagTag:1629-778        -            284 22276at314147        -            413   8.6e-70  232.3  70.1   3   3     2e-27   4.1e-26   88.4  18.7   238   333   191   284   191   284 0.98 -
NW_025965071.1_RagTag:28229-29119     -            297 22276at314147        -            413   2.3e-69  230.9  63.5   1   3   5.6e-31   1.2e-29  100.2  19.6   222   356     1   133     1   134 0.98 -
NW_025965071.1_RagTag:28229-29119     -            297 22276at314147        -            413   2.3e-69  230.9  63.5   2   3     7e-22   1.4e-20   70.2  12.9   249   356    84   189    84   190 0.97 -
NW_025965071.1_RagTag:28229-29119     -            297 22276at314147        -            413   2.3e-69  230.9  63.5   3   3   4.6e-27   9.5e-26   87.3  15.0   238   351   185   296   184   297 0.96 -
NW_025965207.1_RagTag:11562-10675     -            296 22276at314147        -            413   1.7e-67  224.8  76.2   1   3   1.5e-26     3e-25   85.6  27.9   218   343     3   125     1   130 0.95 -
NW_025965207.1_RagTag:11562-10675     -            296 22276at314147        -            413   1.7e-67  224.8  76.2   2   3   1.6e-17   3.3e-16   55.8  11.9   253   341   121   206   120   207 0.84 -
NW_025965207.1_RagTag:11562-10675     -            296 22276at314147        -            413   1.7e-67  224.8  76.2   3   3   5.6e-34   1.2e-32  110.0  20.4   218   344   169   293   169   296 0.97 -
NW_025965250.1_RagTag:250628-249804   -            275 22276at314147        -            413   2.5e-67  224.2  63.7   1   3   3.8e-25     8e-24   80.9  12.3   246   343     1    96     1    96 0.96 -
NW_025965250.1_RagTag:250628-249804   -            275 22276at314147        -            413   2.5e-67  224.2  63.7   2   3   1.1e-31   2.2e-30  102.5  22.9   218   343    85   208    85   212 0.97 -
NW_025965250.1_RagTag:250628-249804   -            275 22276at314147        -            413   2.5e-67  224.2  63.7   3   3   5.3e-21   1.1e-19   67.3  12.5   222   324   173   273   173   275 0.88 -
NW_025965341.1_RagTag:104619-49768    -            298 22276at314147        -            413   9.8e-60  199.2  41.4   1   4   4.4e-14   9.2e-13   44.5   1.0   273   318    23    66    15    69 0.77 -
NW_025965341.1_RagTag:104619-49768    -            298 22276at314147        -            413   9.8e-60  199.2  41.4   2   4   2.3e-21   4.8e-20   68.5   1.7   246   310    52   116    52   119 0.95 -
NW_025965341.1_RagTag:104619-49768    -            298 22276at314147        -            413   9.8e-60  199.2  41.4   3   4   3.1e-15   6.5e-14   48.3   7.2   246   343   108   203   108   207 0.96 -
NW_025965341.1_RagTag:104619-49768    -            298 22276at314147        -            413   9.8e-60  199.2  41.4   4   4   8.8e-24   1.8e-22   76.4   9.1   225   324   199   296   199   298 0.95 -
NW_025965182.1_RagTag:1756006-1757067 -            354 22276at314147        -            413   4.2e-59  197.1  43.3   1   4   5.2e-20   1.1e-18   64.0   5.3   253   387     1   131     1   131 0.96 -
NW_025965182.1_RagTag:1756006-1757067 -            354 22276at314147        -            413   4.2e-59  197.1  43.3   2   4   6.6e-17   1.4e-15   53.8   7.1   235   310   123   198   117   198 0.94 -
NW_025965182.1_RagTag:1756006-1757067 -            354 22276at314147        -            413   4.2e-59  197.1  43.3   3   4     2e-23   4.1e-22   75.3  10.9   246   354   190   296   190   298 0.96 -
NW_025965182.1_RagTag:1756006-1757067 -            354 22276at314147        -            413   4.2e-59  197.1  43.3   4   4     2e-11   4.1e-10   35.8   3.4   229   298   285   354   284   354 0.93 -
contig_43715_pilon:47-619             -            191 22276at314147        -            413   1.7e-57  191.9  50.2   1   2     7e-30   1.5e-28   96.5  18.3   246   356     3   111     1   112 0.97 -
contig_43715_pilon:47-619             -            191 22276at314147        -            413   1.7e-57  191.9  50.2   2   2   2.2e-33   4.6e-32  108.1  23.9   220   352    61   191    61   191 0.99 -
contig_10836_pilon:33-731             -            233 22276at314147        -            413   2.9e-55  184.5  41.1   1   2   9.6e-28     2e-26   89.5  17.3   241   356     4   117     2   117 0.97 -
contig_10836_pilon:33-731             -            233 22276at314147        -            413   2.9e-55  184.5  41.1   2   2   3.7e-33   7.7e-32  107.3  21.8   222   357    97   230    97   233 0.97 -
NW_025965250.1_RagTag:54855-54238     -            206 22276at314147        -            413   4.7e-55  183.8  21.8   1   3   1.1e-23   2.3e-22   76.1   1.2   238   309     2    73     1    74 0.97 -
NW_025965250.1_RagTag:54855-54238     -            206 22276at314147        -            413   4.7e-55  183.8  21.8   2   3   1.7e-25   3.5e-24   82.1   2.9   246   336    66   154    65   154 0.97 -
NW_025965250.1_RagTag:54855-54238     -            206 22276at314147        -            413   4.7e-55  183.8  21.8   3   3   9.1e-16   1.9e-14   50.1   3.0   238   301   142   205   138   206 0.96 -
contig_83186_pilon:3097-2462          -            212 22276at314147        -            413   2.1e-53  178.3  41.2   1   2   5.7e-27   1.2e-25   86.9  18.6   245   350     3   106     1   106 0.93 -
contig_83186_pilon:3097-2462          -            212 22276at314147        -            413   2.1e-53  178.3  41.2   2   2   2.1e-30   4.4e-29   98.2  16.9   229   343    99   211    97   212 0.97 -
contig_43334_pilon:1190-1762          -            191 22276at314147        -            413   7.6e-53  176.5  28.8   1   2   1.5e-26   3.1e-25   85.6   9.9   254   356    14   114     3   115 0.77 -
contig_43334_pilon:1190-1762          -            191 22276at314147        -            413   7.6e-53  176.5  28.8   2   2   4.8e-32     1e-30  103.7  10.9   242   349    86   191    86   191 0.97 -
NW_025965328.1_RagTag:1309-710        -            200 22276at314147        -            413   1.3e-52  175.8  37.3   1   2   1.2e-30   2.5e-29   99.1  20.1   241   356     2   115     1   115 0.97 -
NW_025965328.1_RagTag:1309-710        -            200 22276at314147        -            413   1.3e-52  175.8  37.3   2   2   2.4e-27   4.9e-26   88.2  14.5   225   329    98   200    98   200 0.72 -
NW_025965301.1_RagTag:107840-107193   -            216 22276at314147        -            413   3.4e-52  174.4  29.9   1   3   1.1e-14   2.3e-13   46.5   1.1   276   350    30   103    26   106 0.92 -
NW_025965301.1_RagTag:107840-107193   -            216 22276at314147        -            413   3.4e-52  174.4  29.9   2   3   2.6e-20   5.4e-19   65.0   3.4   254   339    65   148    64   148 0.97 -
NW_025965301.1_RagTag:107840-107193   -            216 22276at314147        -            413   3.4e-52  174.4  29.9   3   3   3.6e-27   7.5e-26   87.6  10.6   222   350    89   214    88   216 0.94 -
NW_025965250.1_RagTag:8956-9588       -            211 22276at314147        -            413   1.2e-50  169.3  34.8   1   3   1.7e-14   3.5e-13   45.9   0.4   261   307     3    49     1    50 0.95 -
NW_025965250.1_RagTag:8956-9588       -            211 22276at314147        -            413   1.2e-50  169.3  34.8   2   3     4e-25   8.2e-24   80.9  12.8   249   359    47   155    47   155 0.98 -
NW_025965250.1_RagTag:8956-9588       -            211 22276at314147        -            413   1.2e-50  169.3  34.8   3   3   1.1e-20   2.3e-19   66.3   7.7   232   330   114   210   114   211 0.97 -
contig_28105_pilon:1448-873           -            192 22276at314147        -            413   1.2e-50  169.3  22.2   1   2   3.7e-39   7.6e-38  127.1  12.5   218   356     3   139     1   140 0.97 -
contig_28105_pilon:1448-873           -            192 22276at314147        -            413   1.2e-50  169.3  22.2   2   2   1.2e-16   2.5e-15   52.9   4.7   233   294   130   191   130   192 0.71 -
NW_025965289.1_RagTag:81495-82190     -            232 22276at314147        -            413   1.4e-50  169.1  26.3   1   2   1.4e-29     3e-28   95.5   8.5   236   341    32   135    19   136 0.93 -
NW_025965289.1_RagTag:81495-82190     -            232 22276at314147        -            413   1.4e-50  169.1  26.3   2   2   7.3e-27   1.5e-25   86.6   9.8   242   351   122   229   122   232 0.95 -
NW_025965271.1_RagTag:559002-644971   -            204 22276at314147        -            413   1.8e-50  168.7  42.1   1   2   7.9e-32   1.6e-30  102.9  20.6   233   356    11   132     1   133 0.95 -
NW_025965271.1_RagTag:559002-644971   -            204 22276at314147        -            413   1.8e-50  168.7  42.1   2   2     2e-24   4.1e-23   78.6  13.5   225   315   115   203   115   204 0.64 -
NW_025965190.1_RagTag:126348-126803   -            152 22276at314147        -            413   3.6e-49  164.4  23.7   1   2   2.9e-32   5.9e-31  104.4  10.8   237   352     3   116     1   116 0.97 -
NW_025965190.1_RagTag:126348-126803   -            152 22276at314147        -            413   3.6e-49  164.4  23.7   2   2   1.5e-22   3.2e-21   72.4   4.9   250   329    72   149    72   152 0.97 -
contig_10031_pilon:821-222            -            200 22276at314147        -            413   4.2e-48  160.9  39.2   1   2   1.5e-20   3.2e-19   65.8  13.0   268   352     1    83     1    84 0.97 -
contig_10031_pilon:821-222            -            200 22276at314147        -            413   4.2e-48  160.9  39.2   2   2   1.7e-32   3.5e-31  105.1  20.2   228   356    73   199    73   200 0.97 -
contig_53583_pilon:2130-1585          -            182 22276at314147        -            413   4.7e-48  160.7  44.1   1   2   2.1e-31   4.5e-30  101.5  22.9   222   352     1   129     1   129 0.98 -
contig_53583_pilon:2130-1585          -            182 22276at314147        -            413   4.7e-48  160.7  44.1   2   2   2.1e-22   4.5e-21   71.9  13.2   225   320    88   181    88   182 0.65 -
NW_025965341.1_RagTag:79117-79728     -            204 22276at314147        -            413   2.1e-47  158.6  24.7   1   2     5e-26     1e-24   83.9   9.8   238   350     1   111     1   113 0.96 -
NW_025965341.1_RagTag:79117-79728     -            204 22276at314147        -            413   2.1e-47  158.6  24.7   2   2   9.9e-26   2.1e-24   82.9   7.5   230   329   104   202   101   204 0.92 -
contig_33351_pilon:20-586             -            189 22276at314147        -            413   3.6e-47  157.8  30.2   1   2   4.9e-27     1e-25   87.2  13.1   250   356     1   105     1   106 0.97 -
contig_33351_pilon:20-586             -            189 22276at314147        -            413   3.6e-47  157.8  30.2   2   2   9.3e-26   1.9e-24   83.0  12.3   231   328    94   189    92   189 0.95 -
NW_025965039.1_RagTag:269799-269233   -            189 22276at314147        -            413     2e-46  155.3  30.6   1   2   2.2e-25   4.5e-24   81.8  14.2   220   339     1   118     1   118 0.98 -
NW_025965039.1_RagTag:269799-269233   -            189 22276at314147        -            413     2e-46  155.3  30.6   2   2     9e-27   1.9e-25   86.3   8.3   220   325    85   188    85   189 0.97 -
contig_78026_pilon:1141-2283          -            381 22276at314147        -            413   2.6e-46  155.0  34.9   1   3   1.4e-11   2.9e-10   36.2   6.0   250   357     1   114     1   122 0.87 -
contig_78026_pilon:1141-2283          -            381 22276at314147        -            413   2.6e-46  155.0  34.9   2   3   2.3e-18   4.7e-17   58.6   7.5   218   302   148   232   119   248 0.87 -
contig_78026_pilon:1141-2283          -            381 22276at314147        -            413   2.6e-46  155.0  34.9   3   3   2.3e-22   4.7e-21   71.8   5.4   247   356   272   379   262   381 0.89 -
NW_025965235.1_RagTag:119535-118921   -            205 22276at314147        -            413   2.8e-46  154.9  38.0   1   2   3.3e-28   6.8e-27   91.0  14.6   238   356     1   117     1   119 0.97 -
NW_025965235.1_RagTag:119535-118921   -            205 22276at314147        -            413   2.8e-46  154.9  38.0   2   2   7.4e-24   1.5e-22   76.7  15.5   222   356    97   201    97   205 0.51 -
NW_025965127.1_RagTag:122616-122107   -            170 22276at314147        -            413   6.1e-43  143.9  22.6   1   2   2.8e-27   5.8e-26   88.0   6.8   242   344     2   102     1   108 0.94 -
NW_025965127.1_RagTag:122616-122107   -            170 22276at314147        -            413   6.1e-43  143.9  22.6   2   2   2.3e-21   4.8e-20   68.5   7.9   235   328    79   170    73   170 0.53 -
NW_025965215.1_RagTag:23669-22371     -            433 22276at314147        -            413   6.6e-43  143.8  29.2   1   2   6.4e-25   1.3e-23   80.2   9.7   245   356   241   349   230   349 0.94 -
NW_025965215.1_RagTag:23669-22371     -            433 22276at314147        -            413   6.6e-43  143.8  29.2   2   2   7.6e-22   1.6e-20   70.1  13.2   238   328   345   433   342   433 0.90 -
NW_025965022.1_RagTag:271580-270999   -            194 22276at314147        -            413   1.2e-42  142.9  21.9   1   2   1.2e-17   2.5e-16   56.2   3.3   268   342     1    73     1    87 0.89 -
NW_025965022.1_RagTag:271580-270999   -            194 22276at314147        -            413   1.2e-42  142.9  21.9   2   2   8.8e-29   1.8e-27   92.9  11.1   241   352    85   194    75   194 0.96 -
NW_025965230.1_RagTag:919891-919364   -            176 22276at314147        -            413   1.9e-42  142.3  20.1   1   2   3.4e-32   7.1e-31  104.1  12.6   235   356     7   126     4   127 0.96 -
NW_025965230.1_RagTag:919891-919364   -            176 22276at314147        -            413   1.9e-42  142.3  20.1   2   2   6.7e-16   1.4e-14   50.5   3.8   231   291   115   175   113   176 0.95 -
contig_31119_pilon:1895-1227          -            223 22276at314147        -            413   3.1e-42  141.6  29.3   1   2   2.3e-20   4.7e-19   65.2   9.1   238   339    15   115    12   117 0.94 -
contig_31119_pilon:1895-1227          -            223 22276at314147        -            413   3.1e-42  141.6  29.3   2   2   1.1e-27   2.3e-26   89.3  12.2   225   354    87   214    87   220 0.95 -
NW_025965341.1_RagTag:41694-41227     -            156 22276at314147        -            413     1e-41  139.9  19.6   1   2   9.7e-25     2e-23   79.6   4.8   229   309     3    83     1    84 0.92 -
NW_025965341.1_RagTag:41694-41227     -            156 22276at314147        -            413     1e-41  139.9  19.6   2   2   2.8e-22   5.8e-21   71.5   8.4   249   328    79   156    79   156 0.97 -
NW_025965182.1_RagTag:1737866-1738443 -            179 22276at314147        -            413   3.6e-34  115.0  21.3   1   2   2.6e-17   5.4e-16   55.1   4.8   253   316     2    63     1    76 0.91 -
NW_025965182.1_RagTag:1737866-1738443 -            179 22276at314147        -            413   3.6e-34  115.0  21.3   2   2   1.4e-20   2.9e-19   65.9   8.7   263   349    83   167    72   176 0.84 -
NW_025965166.1_RagTag:126554-126123   -            144 22276at314147        -            413   1.5e-33  113.0  19.4   1   2   3.7e-12   7.7e-11   38.2   1.8   271   309     2    40     1    41 0.95 -
NW_025965166.1_RagTag:126554-126123   -            144 22276at314147        -            413   1.5e-33  113.0  19.4   2   2   6.9e-27   1.4e-25   86.7  10.2   246   357    33   142    32   144 0.94 -
NW_025965374.1_RagTag:84619-82388     -            744 22276at314147        -            413   1.4e-31  106.5  71.9   1   5   4.1e-11   8.5e-10   34.7  20.7   218   357     2   156     1   167 0.82 -
NW_025965374.1_RagTag:84619-82388     -            744 22276at314147        -            413   1.4e-31  106.5  71.9   2   5    0.0017     0.036    9.6   8.9   220   300   219   315   218   351 0.45 -
NW_025965374.1_RagTag:84619-82388     -            744 22276at314147        -            413   1.4e-31  106.5  71.9   3   5   9.2e-19   1.9e-17   59.9  18.2   188   386   407   613   377   614 0.79 -
NW_025965374.1_RagTag:84619-82388     -            744 22276at314147        -            413   1.4e-31  106.5  71.9   4   5   1.3e-09   2.6e-08   29.8  12.8   212   296   552   637   530   653 0.70 -
NW_025965374.1_RagTag:84619-82388     -            744 22276at314147        -            413   1.4e-31  106.5  71.9   5   5     0.064       1.3    4.4   0.0   363   383   695   715   685   724 0.85 -
NW_025965375.1_RagTag:160364-159888   -            159 22276at314147        -            413   5.7e-31  104.5  22.6   1   2   1.3e-20   2.6e-19   66.0   6.1   230   309    15    94     6    95 0.91 -
NW_025965375.1_RagTag:160364-159888   -            159 22276at314147        -            413   5.7e-31  104.5  22.6   2   2   5.1e-16   1.1e-14   50.9   8.5   246   305    87   146    87   158 0.85 -
NW_025965341.1_RagTag:115130-190966   -            257 22276at314147        -            413   1.1e-30  103.5  31.3   1   3   1.8e-17   3.7e-16   55.7  12.8   240   345    10   113     5   117 0.93 -
NW_025965341.1_RagTag:115130-190966   -            257 22276at314147        -            413   1.1e-30  103.5  31.3   2   3   4.3e-19   8.9e-18   61.0  10.5   221   330    75   182    71   193 0.92 -
NW_025965341.1_RagTag:115130-190966   -            257 22276at314147        -            413   1.1e-30  103.5  31.3   3   3       7.3   1.5e+02   -2.3   0.1    91   108   208   225   181   230 0.65 -
NW_025965442.1_RagTag:53303-52854     -            150 22276at314147        -            413   1.6e-30  103.0  18.8   1   2   1.6e-18   3.3e-17   59.1   9.7   270   352    17    97     4    97 0.85 -
NW_025965442.1_RagTag:53303-52854     -            150 22276at314147        -            413   1.6e-30  103.0  18.8   2   2   2.6e-16   5.4e-15   51.9   1.7   235   291    94   150    90   150 0.96 -
NW_025965279.1_RagTag:47883-47464     -            140 22276at314147        -            413   9.6e-30  100.4   5.3   1   2   4.2e-08   8.7e-07   24.8   0.1   262   307     6    51     1    52 0.90 -
NW_025965279.1_RagTag:47883-47464     -            140 22276at314147        -            413   9.6e-30  100.4   5.3   2   2   7.5e-26   1.6e-24   83.3   1.9   233   338    33   136    28   140 0.65 -
NW_025965039.1_RagTag:294540-268866   -            195 22276at314147        -            413   4.1e-29   98.4  12.4   1   2   7.3e-16   1.5e-14   50.4   2.7   241   310    74   143    57   149 0.83 -
NW_025965039.1_RagTag:294540-268866   -            195 22276at314147        -            413   4.1e-29   98.4  12.4   2   2   7.7e-19   1.6e-17   60.2   2.3   225   306   114   195   112   195 0.76 -
contig_37853_pilon:1183-1722          -            180 22276at314147        -            413   4.4e-29   98.2  22.8   1   2   2.8e-08   5.7e-07   25.4   7.1   250   336     1    86     1    94 0.90 -
contig_37853_pilon:1183-1722          -            180 22276at314147        -            413   4.4e-29   98.2  22.8   2   2   1.3e-24   2.6e-23   79.2   7.7   264   345   100   179    90   180 0.93 -
contig_43715_pilon:891-1472           -            194 22276at314147        -            413   5.4e-26   88.1  18.5   1   2   3.9e-20   8.2e-19   64.4  10.2   246   344     2    98     1   107 0.94 -
contig_43715_pilon:891-1472           -            194 22276at314147        -            413   5.4e-26   88.1  18.5   2   2     2e-09   4.1e-08   29.2   1.2   215   263   139   187   119   194 0.58 -
contig_81532_pilon:2155-1715          -            147 22276at314147        -            413   1.7e-25   86.4  21.1   1   2   9.3e-08   1.9e-06   23.7   3.7   241   298     1    59     1    62 0.87 -
contig_81532_pilon:2155-1715          -            147 22276at314147        -            413   1.7e-25   86.4  21.1   2   2     3e-21   6.2e-20   68.1  10.5   215   301    61   147    59   147 0.97 -
NW_025965233.1_RagTag:197891-200283   -            273 22276at314147        -            413   1.2e-24   83.6  24.1   1   2   1.3e-18   2.8e-17   59.4  11.8   245   337   112   202   100   215 0.94 -
NW_025965233.1_RagTag:197891-200283   -            273 22276at314147        -            413   1.2e-24   83.6  24.1   2   2   1.2e-09   2.6e-08   29.8   4.9   245   296   220   271   210   273 0.92 -
NW_025965028.1_RagTag:362640-363958   -            372 22276at314147        -            413   6.2e-23   78.0  10.1   1   1     4e-24   8.4e-23   77.6  10.1   220   329   263   370   240   372 0.96 -
NW_025965127.1_RagTag:122930-122601   -            110 22276at314147        -            413     1e-22   77.3   2.7   1   1   5.8e-24   1.2e-22   77.0   2.7   250   356     1   106     1   109 0.93 -
NW_025965200.1_RagTag:17855-18731     -            248 22276at314147        -            413   7.3e-20   67.9   4.2   1   1   5.1e-21   1.1e-19   67.3   4.2   217   331   124   244   101   248 0.81 -
NW_025965279.1_RagTag:90637-77786     -            324 22276at314147        -            413   3.1e-18   62.5  21.9   1   2       2.3        49   -0.7   3.9   275   308    76   109    61   164 0.64 -
NW_025965279.1_RagTag:90637-77786     -            324 22276at314147        -            413   3.1e-18   62.5  21.9   2   2   1.5e-19   3.1e-18   62.5  21.9   228   349   197   316   150   321 0.87 -
contig_70752_pilon:1401-2117          -            239 22276at314147        -            413   5.3e-16   55.2   6.4   1   2     1e-12   2.1e-11   40.0   1.6   291   344     3    54     1    97 0.59 -
contig_70752_pilon:1401-2117          -            239 22276at314147        -            413   5.3e-16   55.2   6.4   2   2   4.9e-06    0.0001   18.0   0.2   235   270   200   235   147   238 0.86 -
NW_025965281.1_RagTag:529347-527455   -            631 22276at314147        -            413   1.6e-14   50.2  12.0   1   2   1.9e-07   3.9e-06   22.7   0.8   248   315   342   408   328   414 0.83 -
NW_025965281.1_RagTag:529347-527455   -            631 22276at314147        -            413   1.6e-14   50.2  12.0   2   2     3e-10   6.3e-09   31.8   4.5   219   299   459   540   452   555 0.85 -
NW_025965297.1_RagTag:263516-264714   -            299 22276at314147        -            413   8.2e-13   44.7  15.3   1   2   3.2e-13   6.6e-12   41.7   6.5   249   329    73   152    64   160 0.90 -
NW_025965297.1_RagTag:263516-264714   -            299 22276at314147        -            413   8.2e-13   44.7  15.3   2   2    0.0044     0.092    8.3   1.5   248   283   246   281   208   297 0.68 -
NW_025965341.1_RagTag:108391-110706   -            772 22276at314147        -            413   1.8e-12   43.5  14.5   1   4   1.7e-06   3.5e-05   19.5   0.6   271   356    27   112     9   117 0.90 -
NW_025965341.1_RagTag:108391-110706   -            772 22276at314147        -            413   1.8e-12   43.5  14.5   2   4   1.5e-07   3.2e-06   23.0   0.3   269   346   166   242   132   258 0.83 -
NW_025965341.1_RagTag:108391-110706   -            772 22276at314147        -            413   1.8e-12   43.5  14.5   3   4    0.0031     0.064    8.8   0.4   311   359   684   732   663   746 0.71 -
NW_025965341.1_RagTag:108391-110706   -            772 22276at314147        -            413   1.8e-12   43.5  14.5   4   4       2.7        57   -0.9   0.1   231   257   741   772   734   772 0.64 -
NW_025965193.1_RagTag:1082514-1080642 -            534 22276at314147        -            413   1.7e-11   40.3  16.2   1   4      0.31       6.5    2.2   0.3   217   247    65    95    55   103 0.87 -
NW_025965193.1_RagTag:1082514-1080642 -            534 22276at314147        -            413   1.7e-11   40.3  16.2   2   4       4.6        95   -1.7   0.2   114   171   181   238   160   248 0.72 -
NW_025965193.1_RagTag:1082514-1080642 -            534 22276at314147        -            413   1.7e-11   40.3  16.2   3   4   5.7e-09   1.2e-07   27.7   0.3   246   298   300   352   279   369 0.68 -
NW_025965193.1_RagTag:1082514-1080642 -            534 22276at314147        -            413   1.7e-11   40.3  16.2   4   4   9.6e-07     2e-05   20.3   0.7   273   324   483   532   469   534 0.74 -
NW_025965285.1_RagTag:189204-190355   -            384 22276at314147        -            413   2.1e-09   33.4  23.0   1   4    0.0019      0.04    9.4   0.8   220   269     1    53     1    62 0.71 -
NW_025965285.1_RagTag:189204-190355   -            384 22276at314147        -            413   2.1e-09   33.4  23.0   2   4   1.2e-07   2.6e-06   23.3   4.7   203   297   103   205    76   221 0.66 -
NW_025965285.1_RagTag:189204-190355   -            384 22276at314147        -            413   2.1e-09   33.4  23.0   3   4    0.0082      0.17    7.4   0.6   334   383   272   320   260   337 0.49 -
NW_025965285.1_RagTag:189204-190355   -            384 22276at314147        -            413   2.1e-09   33.4  23.0   4   4     0.051       1.1    4.8   0.1   219   242   361   384   347   384 0.63 -
NW_025965054.1_RagTag:37686-37276     -            137 22276at314147        -            413   4.3e-09   32.4   8.0   1   2     0.092       1.9    3.9   0.6   362   400    42    81    29    86 0.75 -
NW_025965054.1_RagTag:37686-37276     -            137 22276at314147        -            413   4.3e-09   32.4   8.0   2   2   2.1e-10   4.4e-09   32.4   3.3   241   298    80   137    69   137 0.92 -
NW_025965324.1_RagTag:667631-665234   -            506 22276at314147        -            413   5.8e-08   28.7   4.3   1   2   5.9e-09   1.2e-07   27.6   1.8   310   355     3    48     1    58 0.67 -
NW_025965324.1_RagTag:667631-665234   -            506 22276at314147        -            413   5.8e-08   28.7   4.3   2   2      0.94        20    0.6   0.0   271   296   293   318   281   326 0.69 -
NW_025965182.1_RagTag:1737338-1737856 -            173 22276at314147        -            413   2.5e-07   26.6   3.9   1   2       1.2        26    0.2   0.3   266   327    43   104    16   121 0.47 -
NW_025965182.1_RagTag:1737338-1737856 -            173 22276at314147        -            413   2.5e-07   26.6   3.9   2   2   1.6e-08   3.3e-07   26.2   2.8   244   304   113   173    69   173 0.82 -
NW_025965300.1_RagTag:179035-179624   -            188 22276at314147        -            413   1.1e-06   24.4   1.9   1   1   7.5e-08   1.6e-06   24.0   1.9   246   294   139   187   132   188 0.78 -
NW_025965259.1_RagTag:166355-164907   -            483 22276at314147        -            413     2e-06   23.6   7.6   1   2       1.5        32   -0.1   0.1   276   307    21    50    10    66 0.66 -
NW_025965259.1_RagTag:166355-164907   -            483 22276at314147        -            413     2e-06   23.6   7.6   2   2   9.7e-08     2e-06   23.6   7.6   274   341   413   478   399   482 0.81 -
NW_025965301.1_RagTag:127168-107747   -            226 22276at314147        -            413   2.4e-05   20.1   2.9   1   2      0.76        16    0.9   0.1   287   342    45    98    27   104 0.70 -
NW_025965301.1_RagTag:127168-107747   -            226 22276at314147        -            413   2.4e-05   20.1   2.9   2   2   1.6e-06   3.3e-05   19.6   0.4   249   304   174   225   139   226 0.75 -
#
# Program:         hmmsearch
# Version:         3.1b2 (February 2015)
# Pipeline mode:   SEARCH
# Query file:      /home/bgerda/guppy_SUP/busco_downloads/lineages/glires_odb10/hmms/22276at314147.hmm
# Target file:     /home/bgerda/guppy_SUP/busco_results_flye/run_glires_odb10/metaeuk_output/rerun_results/ragtag.scaffold.fasta.modified.fas
# Option settings: hmmsearch --domtblout /home/bgerda/guppy_SUP/busco_results_flye/run_glires_odb10/hmmer_output/rerun_results/22276at314147.out --cpu 1 /home/bgerda/guppy_SUP/busco_downloads/lineages/glires_odb10/hmms/22276at314147.hmm /home/bgerda/guppy_SUP/busco_results_flye/run_glires_odb10/metaeuk_output/rerun_results/ragtag.scaffold.fasta.modified.fas 
# Current dir:     /home/bgerda/guppy_SUP
# Date:            Sun May 21 17:47:57 2023
# [ok]
