#                                                                                             --- full sequence --- -------------- this domain -------------   hmm coord   ali coord   env coord
# target name                         accession   tlen query name           accession   qlen   E-value  score  bias   #  of  c-Evalue  i-Evalue  score  bias  from    to  from    to  from    to  acc description of target
#                 ------------------- ---------- ----- -------------------- ---------- ----- --------- ------ ----- --- --- --------- --------- ------ ----- ----- ----- ----- ----- ----- ----- ---- ---------------------
NW_025965287.1_RagTag:853042-851954   -            363 22851at314147        -            455   3.6e-31  104.7  14.8   1   3   1.4e-19   1.4e-17   59.9   2.0    47   166   102   221    92   227 0.94 -
NW_025965287.1_RagTag:853042-851954   -            363 22851at314147        -            455   3.6e-31  104.7  14.8   2   3   2.3e-17   2.3e-15   52.6   0.8    40   160   215   335   210   339 0.94 -
NW_025965287.1_RagTag:853042-851954   -            363 22851at314147        -            455   3.6e-31  104.7  14.8   3   3    0.0013      0.13    7.3   0.2    55    90   326   361   324   363 0.89 -
NW_025965301.1_RagTag:570707-569203   -            499 22851at314147        -            455   3.2e-17   58.8   4.6   1   1   6.1e-18   6.2e-16   54.5   4.6    16   226     1   227     1   278 0.76 -
NW_025965287.1_RagTag:855182-854643   -            180 22851at314147        -            455   6.9e-16   54.3   1.2   1   1   9.8e-17   9.9e-15   50.5   1.2    25   160    41   180     5   180 0.87 -
NW_025965324.1_RagTag:3279738-3257185 -            664 22851at314147        -            455   5.7e-15   51.3   2.1   1   5   1.4e-07   1.4e-05   20.4   0.0   244   327    12    96     1   113 0.82 -
NW_025965324.1_RagTag:3279738-3257185 -            664 22851at314147        -            455   5.7e-15   51.3   2.1   2   5   0.00023     0.024    9.7   0.0   239   317   143   219   106   231 0.85 -
NW_025965324.1_RagTag:3279738-3257185 -            664 22851at314147        -            455   5.7e-15   51.3   2.1   3   5    0.0015      0.15    7.1   0.0   240   322   286   369   275   398 0.70 -
NW_025965324.1_RagTag:3279738-3257185 -            664 22851at314147        -            455   5.7e-15   51.3   2.1   4   5    0.0037      0.37    5.8   0.0   234   317   365   446   362   455 0.85 -
NW_025965324.1_RagTag:3279738-3257185 -            664 22851at314147        -            455   5.7e-15   51.3   2.1   5   5    0.0053      0.54    5.3   0.0   237   316   456   532   446   546 0.72 -
NW_025965319.1_RagTag:986038-984140   -            629 22851at314147        -            455   1.5e-14   49.9   2.1   1   2   9.8e-07   9.9e-05   17.6   0.1    12   103    48   144    41   147 0.86 -
NW_025965319.1_RagTag:986038-984140   -            629 22851at314147        -            455   1.5e-14   49.9   2.1   2   2   2.6e-11   2.6e-09   32.7   0.3    57   147   146   236   142   254 0.90 -
NW_025965140.1_RagTag:200207-201166   -            320 22851at314147        -            455   8.9e-14   47.4   2.0   1   4    0.0094      0.95    4.5   0.1     9    24    23    38    10    55 0.74 -
NW_025965140.1_RagTag:200207-201166   -            320 22851at314147        -            455   8.9e-14   47.4   2.0   2   4     0.026       2.6    3.0   0.0   141   158    67    84    63    90 0.88 -
NW_025965140.1_RagTag:200207-201166   -            320 22851at314147        -            455   8.9e-14   47.4   2.0   3   4   8.7e-08   8.7e-06   21.1   0.0    92   161    92   160    85   179 0.87 -
NW_025965140.1_RagTag:200207-201166   -            320 22851at314147        -            455   8.9e-14   47.4   2.0   4   4   5.9e-06    0.0006   15.0   0.0    68   171   213   318   209   320 0.85 -
NW_025965324.1_RagTag:3938940-3938380 -            187 22851at314147        -            455   2.3e-10   36.1   0.8   1   1   1.4e-10   1.4e-08   30.3   0.8    15   200     7   178     3   182 0.82 -
NW_025965304.1_RagTag:328604-257147   -            569 22851at314147        -            455   6.3e-09   31.4  18.3   1   3   4.4e-05    0.0044   12.1   1.0    50   146    24   121    12   163 0.81 -
NW_025965304.1_RagTag:328604-257147   -            569 22851at314147        -            455   6.3e-09   31.4  18.3   2   3      0.47        48   -1.2   0.0   129   151   277   299   260   309 0.74 -
NW_025965304.1_RagTag:328604-257147   -            569 22851at314147        -            455   6.3e-09   31.4  18.3   3   3   2.5e-08   2.5e-06   22.8   9.5    12   241   299   553   288   561 0.73 -
NW_025965212.1_RagTag:132792-133915   -            287 22851at314147        -            455     2e-07   26.4   0.6   1   1   2.9e-09   2.9e-07   25.9   0.6    77   161     2    86     1    93 0.93 -
contig_74745_pilon:285-1611           -            442 22851at314147        -            455   4.5e-07   25.3  12.6   1   2   3.4e-05    0.0035   12.5   2.5    70   153    61   140    34   146 0.86 -
contig_74745_pilon:285-1611           -            442 22851at314147        -            455   4.5e-07   25.3  12.6   2   2   1.2e-06   0.00012   17.3   3.0    88   189   146   232   141   249 0.79 -
NW_025965315.1_RagTag:2836546-2836271 -             92 22851at314147        -            455   2.2e-05   19.7   0.0   1   1   2.5e-07   2.5e-05   19.5   0.0   237   316     5    83     1    91 0.75 -
NW_025965321.1_RagTag:3071935-3072925 -            329 22851at314147        -            455   2.6e-05   19.5   0.5   1   1     2e-06    0.0002   16.6   0.5   114   271    11   169     5   211 0.68 -
NW_025965548.1_RagTag:8831-2086       -            436 22851at314147        -            455    0.0074   11.4   0.0   1   2     0.059         6    1.8   0.0   243   267    16    40    11    49 0.85 -
NW_025965548.1_RagTag:8831-2086       -            436 22851at314147        -            455    0.0074   11.4   0.0   2   2    0.0015      0.15    7.1   0.0   288   331   145   191    80   216 0.75 -
NW_025965230.1_RagTag:745185-767016   -             83 22851at314147        -            455    0.0095   11.0   2.0   1   1   5.7e-05    0.0057   11.8   0.4   102   149    27    71    14    76 0.78 -
#
# Program:         hmmsearch
# Version:         3.1b2 (February 2015)
# Pipeline mode:   SEARCH
# Query file:      /home/bgerda/guppy_SUP/busco_downloads/lineages/glires_odb10/hmms/22851at314147.hmm
# Target file:     /home/bgerda/guppy_SUP/busco_results_flye/run_glires_odb10/metaeuk_output/rerun_results/ragtag.scaffold.fasta.modified.fas
# Option settings: hmmsearch --domtblout /home/bgerda/guppy_SUP/busco_results_flye/run_glires_odb10/hmmer_output/rerun_results/22851at314147.out --cpu 1 /home/bgerda/guppy_SUP/busco_downloads/lineages/glires_odb10/hmms/22851at314147.hmm /home/bgerda/guppy_SUP/busco_results_flye/run_glires_odb10/metaeuk_output/rerun_results/ragtag.scaffold.fasta.modified.fas 
# Current dir:     /home/bgerda/guppy_SUP
# Date:            Sun May 21 17:47:48 2023
# [ok]
