#                                                                                             --- full sequence --- -------------- this domain -------------   hmm coord   ali coord   env coord
# target name                         accession   tlen query name           accession   qlen   E-value  score  bias   #  of  c-Evalue  i-Evalue  score  bias  from    to  from    to  from    to  acc description of target
#                 ------------------- ---------- ----- -------------------- ---------- ----- --------- ------ ----- --- --- --------- --------- ------ ----- ----- ----- ----- ----- ----- ----- ---- ---------------------
NW_025965295.1_RagTag:980923-980003   -            307 23215at314147        -            284   1.6e-21   73.2  19.0   1   2   6.5e-16   6.6e-14   48.2   6.3    11   108    20   120    13   145 0.84 -
NW_025965295.1_RagTag:980923-980003   -            307 23215at314147        -            284   1.6e-21   73.2  19.0   2   2   1.1e-10   1.1e-08   31.1   4.8   152   250   194   293   162   304 0.85 -
NW_025965230.1_RagTag:352145-351282   -            288 23215at314147        -            284   1.6e-18   63.3  14.5   1   2   1.8e-13   1.8e-11   40.2   4.4    15   103     5    95     1   106 0.86 -
NW_025965230.1_RagTag:352145-351282   -            288 23215at314147        -            284   1.6e-18   63.3  14.5   2   2   7.5e-10   7.5e-08   28.3   2.5   129   255   150   285   116   288 0.74 -
NW_025965319.1_RagTag:190357-191175   -            273 23215at314147        -            284   2.6e-18   62.6  12.9   1   1   4.4e-18   4.4e-16   55.3  12.9    18   246     1   271     1   273 0.74 -
NW_025965321.1_RagTag:4467400-4468259 -            265 23215at314147        -            284   4.5e-14   48.7  15.9   1   1   9.8e-16   9.9e-14   47.6  15.9    12   229    24   248    14   258 0.74 -
NW_025965108.1_RagTag:146498-147454   -            319 23215at314147        -            284   1.9e-12   43.4   8.3   1   2   9.5e-09   9.5e-07   24.7   1.2    20   104    23   115     9   129 0.76 -
NW_025965108.1_RagTag:146498-147454   -            319 23215at314147        -            284   1.9e-12   43.4   8.3   2   2   5.2e-08   5.3e-06   22.3   1.0   128   247   166   295   155   303 0.77 -
NW_025965266.1_RagTag:245825-244296   -            282 23215at314147        -            284   4.1e-08   29.2   4.0   1   2   4.1e-10   4.1e-08   29.2   4.0     3   103    36   140    34   148 0.81 -
NW_025965266.1_RagTag:245825-244296   -            282 23215at314147        -            284   4.1e-08   29.2   4.0   2   2      0.46        47   -0.5   0.4    90   110   213   234   174   251 0.67 -
NW_025965322.1_RagTag:1960872-1959480 -            250 23215at314147        -            284   3.2e-07   26.2   5.9   1   3   3.2e-09   3.2e-07   26.2   5.9    15   103    47   137    34   144 0.83 -
NW_025965322.1_RagTag:1960872-1959480 -            250 23215at314147        -            284   3.2e-07   26.2   5.9   2   3       4.4   4.5e+02   -3.8   0.1    89   100   158   169   154   178 0.71 -
NW_025965322.1_RagTag:1960872-1959480 -            250 23215at314147        -            284   3.2e-07   26.2   5.9   3   3      0.97        98   -1.6   0.0   235   261   212   238   192   246 0.74 -
contig_67641_pilon:774-58             -            239 23215at314147        -            284   1.3e-06   24.2   7.7   1   2   1.8e-07   1.8e-05   20.5   3.4    22    96    11    81     2   118 0.73 -
contig_67641_pilon:774-58             -            239 23215at314147        -            284   1.3e-06   24.2   7.7   2   2    0.0046      0.46    6.0   0.1   147   210   178   238   147   239 0.73 -
NW_025965278.1_RagTag:275474-274923   -            184 23215at314147        -            284   1.4e-06   24.1   3.5   1   1   1.6e-08   1.7e-06   23.9   3.5   145   255    64   179    42   184 0.76 -
contig_25261_pilon:2046-1063          -            328 23215at314147        -            284   3.4e-05   19.6  11.4   1   2     1e-06    0.0001   18.0   4.3     7    91    21   104    16   141 0.75 -
contig_25261_pilon:2046-1063          -            328 23215at314147        -            284   3.4e-05   19.6  11.4   2   2    0.0053      0.54    5.8   0.6   148   259   202   314   191   325 0.64 -
NW_025965161.1_RagTag:422258-421552   -            235 23215at314147        -            284   3.7e-05   19.5   2.1   1   1     6e-07   6.1e-05   18.8   2.1    14   111    39   139    27   154 0.79 -
NW_025965581.1_RagTag:2793-3714       -            306 23215at314147        -            284   0.00014   17.6   0.7   1   2      0.28        29    0.2   0.4    46    82    57    94    26   126 0.74 -
NW_025965581.1_RagTag:2793-3714       -            306 23215at314147        -            284   0.00014   17.6   0.7   2   2   1.4e-06   0.00014   17.6   0.7   138   261   187   304   142   306 0.80 -
NW_025965316.1_RagTag:3970847-3970154 -            182 23215at314147        -            284   0.00068   15.3   4.7   1   2   0.00047     0.047    9.3   0.1    19    61    41    85    29   107 0.75 -
NW_025965316.1_RagTag:3970847-3970154 -            182 23215at314147        -            284   0.00068   15.3   4.7   2   2    0.0022      0.22    7.1   1.6   128   168   130   170   112   176 0.84 -
NW_025965277.1_RagTag:1826609-1826334 -             92 23215at314147        -            284    0.0033   13.1   4.2   1   1   3.6e-05    0.0037   12.9   4.2    19   101     2    87     1    91 0.83 -
#
# Program:         hmmsearch
# Version:         3.1b2 (February 2015)
# Pipeline mode:   SEARCH
# Query file:      /home/bgerda/guppy_SUP/busco_downloads/lineages/glires_odb10/hmms/23215at314147.hmm
# Target file:     /home/bgerda/guppy_SUP/busco_results_flye/run_glires_odb10/metaeuk_output/rerun_results/ragtag.scaffold.fasta.modified.fas
# Option settings: hmmsearch --domtblout /home/bgerda/guppy_SUP/busco_results_flye/run_glires_odb10/hmmer_output/rerun_results/23215at314147.out --cpu 1 /home/bgerda/guppy_SUP/busco_downloads/lineages/glires_odb10/hmms/23215at314147.hmm /home/bgerda/guppy_SUP/busco_results_flye/run_glires_odb10/metaeuk_output/rerun_results/ragtag.scaffold.fasta.modified.fas 
# Current dir:     /home/bgerda/guppy_SUP
# Date:            Sun May 21 17:47:50 2023
# [ok]
