#                                                                                             --- full sequence --- -------------- this domain -------------   hmm coord   ali coord   env coord
# target name                         accession   tlen query name           accession   qlen   E-value  score  bias   #  of  c-Evalue  i-Evalue  score  bias  from    to  from    to  from    to  acc description of target
#                 ------------------- ---------- ----- -------------------- ---------- ----- --------- ------ ----- --- --- --------- --------- ------ ----- ----- ----- ----- ----- ----- ----- ---- ---------------------
NW_025965218.1_RagTag:1404150-1401683 -            220 23235at314147        -            257  4.4e-110  363.6   4.7   1   2      0.11        23    0.8   1.5     8    41    29    62    24    64 0.89 -
NW_025965218.1_RagTag:1404150-1401683 -            220 23235at314147        -            257  4.4e-110  363.6   4.7   2   2  2.2e-112  4.4e-110  363.6   4.7    66   223    63   220    59   220 0.98 -
NW_025965300.1_RagTag:1789607-1791559 -            651 23235at314147        -            257   4.6e-10   35.9   1.2   1   4       3.1   6.3e+02   -3.9   0.0   132   143   192   203   175   204 0.81 -
NW_025965300.1_RagTag:1789607-1791559 -            651 23235at314147        -            257   4.6e-10   35.9   1.2   2   4   0.00015     0.031   10.2   0.0    98   149   338   389   292   411 0.72 -
NW_025965300.1_RagTag:1789607-1791559 -            651 23235at314147        -            257   4.6e-10   35.9   1.2   3   4     0.026       5.2    2.9   0.0    99   142   429   472   412   490 0.86 -
NW_025965300.1_RagTag:1789607-1791559 -            651 23235at314147        -            257   4.6e-10   35.9   1.2   4   4   2.8e-07   5.7e-05   19.2   0.0    95   163   524   594   519   629 0.80 -
contig_7816_pilon:143-2077            -            194 23235at314147        -            257     2e-07   27.2   8.6   1   3   5.8e-06    0.0012   14.9   0.2     2    54    23    74    22    78 0.76 -
contig_7816_pilon:143-2077            -            194 23235at314147        -            257     2e-07   27.2   8.6   2   3   5.4e-05     0.011   11.7   0.1     1    33    80   111    80   141 0.77 -
contig_7816_pilon:143-2077            -            194 23235at314147        -            257     2e-07   27.2   8.6   3   3    0.0061       1.2    5.0   0.6     3    41   149   190   147   193 0.68 -
NW_025965228.1_RagTag:17261-16787     -             64 23235at314147        -            257   0.00037   16.5   5.0   1   1   3.7e-06   0.00076   15.5   5.0    79   147     3    61     1    64 0.89 -
NW_025965324.1_RagTag:3071511-3072352 -            184 23235at314147        -            257   0.00047   16.2   0.1   1   1   2.9e-06   0.00059   15.8   0.1    90   148    86   144    47   150 0.91 -
NW_025965275.1_RagTag:451509-451318   -             64 23235at314147        -            257     0.002   14.1   0.3   1   1     1e-05     0.002   14.1   0.3   123   147    38    62     4    64 0.78 -
NW_025965324.1_RagTag:3059154-3059363 -             70 23235at314147        -            257    0.0038   13.2   0.2   1   1   1.9e-05    0.0038   13.2   0.2   122   147    39    64     6    69 0.78 -
#
# Program:         hmmsearch
# Version:         3.1b2 (February 2015)
# Pipeline mode:   SEARCH
# Query file:      /home/bgerda/guppy_SUP/busco_downloads/lineages/glires_odb10/hmms/23235at314147.hmm
# Target file:     /home/bgerda/guppy_SUP/busco_results_flye/run_glires_odb10/metaeuk_output/rerun_results/ragtag.scaffold.fasta.modified.fas
# Option settings: hmmsearch --domtblout /home/bgerda/guppy_SUP/busco_results_flye/run_glires_odb10/hmmer_output/rerun_results/23235at314147.out --cpu 1 /home/bgerda/guppy_SUP/busco_downloads/lineages/glires_odb10/hmms/23235at314147.hmm /home/bgerda/guppy_SUP/busco_results_flye/run_glires_odb10/metaeuk_output/rerun_results/ragtag.scaffold.fasta.modified.fas 
# Current dir:     /home/bgerda/guppy_SUP
# Date:            Sun May 21 17:47:55 2023
# [ok]
