#                                                                                             --- full sequence --- -------------- this domain -------------   hmm coord   ali coord   env coord
# target name                         accession   tlen query name           accession   qlen   E-value  score  bias   #  of  c-Evalue  i-Evalue  score  bias  from    to  from    to  from    to  acc description of target
#                 ------------------- ---------- ----- -------------------- ---------- ----- --------- ------ ----- --- --- --------- --------- ------ ----- ----- ----- ----- ----- ----- ----- ---- ---------------------
contig_66008_pilon:1783-2643          -            287 24323at314147        -            369   6.5e-35  117.2   0.0   1   1   1.3e-36   8.8e-35  116.7   0.0    39   254    27   234    14   243 0.91 -
contig_37224_pilon:1729-2460          -            244 24323at314147        -            369   1.2e-28   96.5   0.0   1   1   2.1e-30   1.4e-28   96.4   0.0    34   249    36   243     5   244 0.84 -
NW_025965233.1_RagTag:123560-122163   -            466 24323at314147        -            369   2.8e-26   88.8   0.0   1   1   5.8e-28   3.9e-26   88.3   0.0    42   257    51   258    43   265 0.88 -
NW_025965099.1_RagTag:15123-16034     -            304 24323at314147        -            369   1.3e-24   83.3   0.1   1   1   2.5e-26   1.7e-24   82.9   0.1    41   255    71   277    41   285 0.89 -
NW_025965499.1_RagTag:3947-3072       -            292 24323at314147        -            369   8.2e-23   77.4   0.1   1   1   1.6e-24   1.1e-22   77.0   0.1    41   255    44   250    24   259 0.85 -
NW_025965321.1_RagTag:4471412-4470762 -            217 24323at314147        -            369     1e-22   77.1   0.0   1   1   1.8e-24   1.2e-22   76.8   0.0    11   198    19   202     6   211 0.88 -
contig_31429_pilon:300-887            -            196 24323at314147        -            369   9.6e-21   70.6   0.0   1   1   1.6e-22   1.1e-20   70.4   0.0    42   199    45   195     6   196 0.78 -
contig_34309_pilon:705-58             -            216 24323at314147        -            369   6.9e-18   61.2   0.0   1   1   1.3e-19     9e-18   60.8   0.0    38   202    49   206    36   212 0.86 -
NW_025965279.1_RagTag:87840-88469     -            210 24323at314147        -            369   3.4e-15   52.3   0.0   1   1   6.8e-17   4.6e-15   51.9   0.0   124   212    44   135    27   138 0.89 -
contig_34501_pilon:2315-1617          -            233 24323at314147        -            369   4.3e-14   48.7   0.0   1   1   7.5e-16   5.1e-14   48.4   0.0    71   253     1   177     1   187 0.84 -
NW_025965039.1_RagTag:243302-241628   -            156 24323at314147        -            369     4e-08   29.0   0.0   1   1   7.3e-10   4.9e-08   28.7   0.0   124   205    47   126    26   140 0.79 -
NW_025965256.1_RagTag:50807-50322     -            106 24323at314147        -            369   1.2e-07   27.4   0.0   1   1   2.2e-09   1.4e-07   27.2   0.0   123   158    60    95    41   104 0.87 -
NW_025965218.1_RagTag:1680171-1678010 -            316 24323at314147        -            369   7.1e-07   24.9   0.0   1   1   1.4e-08   9.2e-07   24.6   0.0   143   255    88   205    82   260 0.80 -
NW_025965287.1_RagTag:77543-78792     -            357 24323at314147        -            369   2.1e-06   23.4   0.0   1   1   4.4e-08   2.9e-06   22.9   0.0   125   195    59   138    50   156 0.78 -
NW_025965313.1_RagTag:91187-92660     -            198 24323at314147        -            369   2.4e-06   23.2   0.1   1   2    0.0002     0.013   10.9   0.0   122   153    83   114    32   129 0.88 -
NW_025965313.1_RagTag:91187-92660     -            198 24323at314147        -            369   2.4e-06   23.2   0.1   2   2   0.00024     0.016   10.6   0.0   170   194   156   180   143   188 0.83 -
contig_25238_pilon:345-4              -            114 24323at314147        -            369   2.6e-06   23.0   0.0   1   1   4.2e-08   2.8e-06   23.0   0.0    41    90    56   103    17   113 0.71 -
NW_025965548.1_RagTag:8831-2086       -            436 24323at314147        -            369   3.5e-06   22.6   0.1   1   1   1.2e-07   8.4e-06   21.4   0.1    40   215   252   423   241   435 0.69 -
contig_83342_pilon:1449-964           -            162 24323at314147        -            369   7.8e-06   21.5   0.0   1   1   1.2e-07   7.8e-06   21.5   0.0   118   201    26   108     3   160 0.74 -
NW_025965072.1_RagTag:103895-102523   -            267 24323at314147        -            369    0.0011   14.5   0.1   1   2       1.3        86   -1.7   0.0    69    89    39    59    12    99 0.69 -
NW_025965072.1_RagTag:103895-102523   -            267 24323at314147        -            369    0.0011   14.5   0.1   2   2   4.1e-05    0.0027   13.1   0.1   174   202   213   242   195   249 0.80 -
NW_025965072.1_RagTag:53632-54166     -            103 24323at314147        -            369     0.003   13.0   0.0   1   1   4.4e-05     0.003   13.0   0.0   179   222    50    92    21   103 0.75 -
NW_025965352.1_RagTag:111207-112713   -            273 24323at314147        -            369      0.01   11.2   0.0   1   2       5.9   3.9e+02   -3.9   0.0   229   243    64    78    62    87 0.77 -
NW_025965352.1_RagTag:111207-112713   -            273 24323at314147        -            369      0.01   11.2   0.0   2   2   0.00025     0.017   10.5   0.0   172   212   230   270   198   273 0.87 -
#
# Program:         hmmsearch
# Version:         3.1b2 (February 2015)
# Pipeline mode:   SEARCH
# Query file:      /home/bgerda/guppy_SUP/busco_downloads/lineages/glires_odb10/hmms/24323at314147.hmm
# Target file:     /home/bgerda/guppy_SUP/busco_results_flye/run_glires_odb10/metaeuk_output/rerun_results/ragtag.scaffold.fasta.modified.fas
# Option settings: hmmsearch --domtblout /home/bgerda/guppy_SUP/busco_results_flye/run_glires_odb10/hmmer_output/rerun_results/24323at314147.out --cpu 1 /home/bgerda/guppy_SUP/busco_downloads/lineages/glires_odb10/hmms/24323at314147.hmm /home/bgerda/guppy_SUP/busco_results_flye/run_glires_odb10/metaeuk_output/rerun_results/ragtag.scaffold.fasta.modified.fas 
# Current dir:     /home/bgerda/guppy_SUP
# Date:            Sun May 21 17:47:49 2023
# [ok]
