#                                                                                             --- full sequence --- -------------- this domain -------------   hmm coord   ali coord   env coord
# target name                         accession   tlen query name           accession   qlen   E-value  score  bias   #  of  c-Evalue  i-Evalue  score  bias  from    to  from    to  from    to  acc description of target
#                 ------------------- ---------- ----- -------------------- ---------- ----- --------- ------ ----- --- --- --------- --------- ------ ----- ----- ----- ----- ----- ----- ----- ---- ---------------------
NW_025965314.1_RagTag:122427-124252   -            303 24763at314147        -            329   8.6e-42  140.2  22.1   1   1   2.3e-43   1.1e-41  139.8  22.1    10   287    14   298     7   302 0.87 -
NW_025965307.1_RagTag:989382-990869   -            496 24763at314147        -            329   1.6e-20   70.3  15.9   1   2   4.2e-15   2.1e-13   46.9   8.0     8   206    13   207     7   218 0.82 -
NW_025965307.1_RagTag:989382-990869   -            496 24763at314147        -            329   1.6e-20   70.3  15.9   2   2     2e-09   9.8e-08   28.3   0.9   197   283   414   496   376   496 0.88 -
NW_025965108.1_RagTag:146498-147454   -            319 24763at314147        -            329   1.4e-19   67.2   8.0   1   1   3.7e-21   1.8e-19   66.8   8.0    19   282    24   301    13   314 0.77 -
NW_025965277.1_RagTag:1826609-1826334 -             92 24763at314147        -            329   5.3e-18   62.0   2.9   1   1   1.2e-19   5.7e-18   61.9   2.9    16   107     1    92     1    92 0.97 -
NW_025965321.1_RagTag:4467400-4468259 -            265 24763at314147        -            329   2.8e-17   59.6   9.2   1   2   5.7e-19   2.8e-17   59.6   9.2    16   149    29   162    22   172 0.86 -
NW_025965321.1_RagTag:4467400-4468259 -            265 24763at314147        -            329   2.8e-17   59.6   9.2   2   2     0.051       2.5    3.9   4.6   180   237   173   228   162   246 0.75 -
contig_25261_pilon:2046-1063          -            328 24763at314147        -            329   6.3e-17   58.5  17.6   1   1     2e-18   9.6e-17   57.9  17.6    16   286    32   312    19   319 0.79 -
NW_025965148.1_RagTag:252155-251081   -            358 24763at314147        -            329   2.6e-16   56.4  11.0   1   2   2.4e-17   1.2e-15   54.3   5.1    18   198    53   227    40   249 0.75 -
NW_025965148.1_RagTag:252155-251081   -            358 24763at314147        -            329   2.6e-16   56.4  11.0   2   2     0.017      0.84    5.5   0.3   202   241   295   333   279   352 0.72 -
NW_025965319.1_RagTag:190357-191175   -            273 24763at314147        -            329   1.4e-15   54.1  16.8   1   1   3.2e-17   1.6e-15   53.9  16.8    16   237     1   226     1   273 0.73 -
NW_025965256.1_RagTag:853566-854828   -            421 24763at314147        -            329   1.9e-15   53.6  17.2   1   2   7.2e-16   3.5e-14   49.5   7.4    19   214    11   211     2   219 0.76 -
NW_025965256.1_RagTag:853566-854828   -            421 24763at314147        -            329   1.9e-15   53.6  17.2   2   2   0.00084     0.041    9.8   2.1   219   289   252   323   234   347 0.75 -
NW_025965323.1_RagTag:1326522-1325617 -            302 24763at314147        -            329     3e-15   52.9  17.4   1   1   1.7e-16   8.4e-15   51.5  17.4    21   296     3   291     1   299 0.76 -
NW_025965295.1_RagTag:980923-980003   -            307 24763at314147        -            329   5.8e-15   52.0  24.2   1   1   1.5e-16   7.2e-15   51.7  24.2    15   287    26   301    17   306 0.82 -
contig_67641_pilon:774-58             -            239 24763at314147        -            329     7e-14   48.5  13.9   1   1   1.8e-15     9e-14   48.1  13.9    16   237     7   236     1   239 0.78 -
NW_025965230.1_RagTag:352145-351282   -            288 24763at314147        -            329   2.8e-13   46.5   8.6   1   1   6.8e-15   3.3e-13   46.2   8.6    14   244     6   239     3   288 0.77 -
NW_025965266.1_RagTag:245825-244296   -            282 24763at314147        -            329   5.3e-12   42.3   9.1   1   1   1.6e-13   7.8e-12   41.7   9.1    12   148    47   186    36   243 0.78 -
NW_025965256.1_RagTag:1116893-1115850 -            348 24763at314147        -            329     2e-11   40.4  17.2   1   1   6.2e-13     3e-11   39.8  17.2    24   288    41   297    27   328 0.77 -
NW_025965316.1_RagTag:3970847-3970154 -            182 24763at314147        -            329   3.1e-11   39.8   6.1   1   2   1.4e-06     7e-05   18.9   0.3    12    64    36    90    29    95 0.86 -
NW_025965316.1_RagTag:3970847-3970154 -            182 24763at314147        -            329   3.1e-11   39.8   6.1   2   2   3.8e-08   1.9e-06   24.1   0.9   121   198    99   171    91   176 0.90 -
NW_025965161.1_RagTag:422258-421552   -            235 24763at314147        -            329   3.6e-11   39.6   6.4   1   1   8.7e-13   4.2e-11   39.3   6.4    12   144    40   175    34   235 0.81 -
NW_025965278.1_RagTag:275474-274923   -            184 24763at314147        -            329   4.8e-11   39.2   2.3   1   1   1.3e-12   6.2e-11   38.8   2.3   121   285    17   180     6   183 0.78 -
NW_025965322.1_RagTag:1960872-1959480 -            250 24763at314147        -            329     7e-10   35.3   7.6   1   2   1.3e-10   6.3e-09   32.2   2.9    10   114    44   147    38   180 0.86 -
NW_025965322.1_RagTag:1960872-1959480 -            250 24763at314147        -            329     7e-10   35.3   7.6   2   2     0.013      0.63    5.9   0.2   254   286   202   234   195   250 0.73 -
NW_025965421.1_RagTag:181780-182473   -            214 24763at314147        -            329   1.8e-08   30.7   4.8   1   1     2e-09   9.7e-08   28.3   4.8    72   285    15   212     3   214 0.81 -
NW_025965320.1_RagTag:900507-899674   -            272 24763at314147        -            329   1.3e-06   24.6   1.5   1   2   2.7e-08   1.3e-06   24.6   1.5    21   118     7   104     2   131 0.85 -
NW_025965320.1_RagTag:900507-899674   -            272 24763at314147        -            329   1.3e-06   24.6   1.5   2   2       2.6   1.3e+02   -1.7   0.1   274   303   121   150   105   171 0.69 -
NW_025965209.1_RagTag:638034-638534   -            167 24763at314147        -            329   1.6e-05   21.0  13.2   1   2    0.0066      0.32    6.8   0.2   241   278     2    38     1    42 0.81 -
NW_025965209.1_RagTag:638034-638534   -            167 24763at314147        -            329   1.6e-05   21.0  13.2   2   2   2.3e-05    0.0011   14.9  11.3   185   286    42   148    28   165 0.63 -
NW_025965313.1_RagTag:72632-73156     -            175 24763at314147        -            329   8.4e-05   18.6   9.5   1   1   2.7e-06   0.00013   18.0   9.5    15   115     8   108     2   124 0.92 -
NW_025965008.1_RagTag:233145-252500   -            288 24763at314147        -            329   8.7e-05   18.6   4.0   1   2   1.8e-06   8.7e-05   18.6   4.0    18   128    33   143    24   174 0.85 -
NW_025965008.1_RagTag:233145-252500   -            288 24763at314147        -            329   8.7e-05   18.6   4.0   2   2      0.74        36    0.1   0.2   248   280   247   280   195   286 0.59 -
NW_025965313.1_RagTag:72608-73490     -            294 24763at314147        -            329   0.00037   16.5   9.3   1   3   7.6e-06   0.00037   16.5   9.3    14   115    15   116     8   132 0.92 -
NW_025965313.1_RagTag:72608-73490     -            294 24763at314147        -            329   0.00037   16.5   9.3   2   3       4.4   2.2e+02   -2.4   0.2    69   103   152   186   136   206 0.63 -
NW_025965313.1_RagTag:72608-73490     -            294 24763at314147        -            329   0.00037   16.5   9.3   3   3       9.8   4.8e+02   -3.6   0.0   266   283   267   284   263   288 0.75 -
NW_025965247.1_RagTag:77448-77690     -             81 24763at314147        -            329    0.0016   14.4   0.4   1   1   3.3e-05    0.0016   14.4   0.4   215   278    17    79     2    81 0.74 -
NW_025965182.1_RagTag:1858957-1883835 -            159 24763at314147        -            329    0.0027   13.7   7.1   1   1   6.4e-05    0.0031   13.5   7.1    19   133    35   151    24   157 0.85 -
contig_70120_pilon:673-1560           -            296 24763at314147        -            329     0.024   10.5  10.8   1   1    0.0033      0.16    7.8  10.8    13   117    14   121    10   294 0.79 -
NW_025965331.1_RagTag:109596-117605   -            293 24763at314147        -            329     0.037    9.9   7.8   1   1    0.0002    0.0099   11.8   5.1    16   147    27   151    22   233 0.89 -
#
# Program:         hmmsearch
# Version:         3.1b2 (February 2015)
# Pipeline mode:   SEARCH
# Query file:      /home/bgerda/guppy_SUP/busco_downloads/lineages/glires_odb10/hmms/24763at314147.hmm
# Target file:     /home/bgerda/guppy_SUP/busco_results_flye/run_glires_odb10/metaeuk_output/rerun_results/ragtag.scaffold.fasta.modified.fas
# Option settings: hmmsearch --domtblout /home/bgerda/guppy_SUP/busco_results_flye/run_glires_odb10/hmmer_output/rerun_results/24763at314147.out --cpu 1 /home/bgerda/guppy_SUP/busco_downloads/lineages/glires_odb10/hmms/24763at314147.hmm /home/bgerda/guppy_SUP/busco_results_flye/run_glires_odb10/metaeuk_output/rerun_results/ragtag.scaffold.fasta.modified.fas 
# Current dir:     /home/bgerda/guppy_SUP
# Date:            Sun May 21 17:47:43 2023
# [ok]
