#                                                                                             --- full sequence --- -------------- this domain -------------   hmm coord   ali coord   env coord
# target name                         accession   tlen query name           accession   qlen   E-value  score  bias   #  of  c-Evalue  i-Evalue  score  bias  from    to  from    to  from    to  acc description of target
#                 ------------------- ---------- ----- -------------------- ---------- ----- --------- ------ ----- --- --- --------- --------- ------ ----- ----- ----- ----- ----- ----- ----- ---- ---------------------
NW_025965151.1_RagTag:195801-193831   -            195 25195at314147        -            305   8.9e-25   83.8  12.4   1   1   3.1e-26   9.8e-25   83.6  12.4   109   299     3   193     1   195 0.86 -
NW_025965314.1_RagTag:122427-124252   -            303 25195at314147        -            305   4.1e-20   68.4  21.7   1   1   1.5e-21   4.8e-20   68.2  21.7    14   301     3   292     1   296 0.80 -
NW_025965148.1_RagTag:252155-251081   -            358 25195at314147        -            305   4.4e-14   48.6   9.6   1   2   7.2e-15   2.3e-13   46.3   6.8    18   198    37   220    22   231 0.78 -
NW_025965148.1_RagTag:252155-251081   -            358 25195at314147        -            305   4.4e-14   48.6   9.6   2   2      0.11       3.4    3.0   0.0   235   265   303   333   283   352 0.73 -
NW_025965278.1_RagTag:275474-274923   -            184 25195at314147        -            305   3.5e-13   45.7   2.4   1   1   1.2e-14   3.8e-13   45.6   2.4   141   300    18   175     1   179 0.76 -
NW_025965161.1_RagTag:422258-421552   -            235 25195at314147        -            305   6.2e-10   35.0  12.6   1   1   2.3e-11   7.2e-10   34.8  12.6    34   214    44   229    27   235 0.81 -
NW_025965266.1_RagTag:245825-244296   -            282 25195at314147        -            305   1.8e-09   33.5  12.0   1   1   7.3e-11   2.3e-09   33.1  12.0    23   224    40   234    24   253 0.82 -
NW_025965315.1_RagTag:2533229-2534137 -            303 25195at314147        -            305   1.1e-08   30.9  19.7   1   1   5.2e-10   1.6e-08   30.4  19.7    29   297    21   290    15   297 0.72 -
NW_025965307.1_RagTag:60810-79015     -            239 25195at314147        -            305   1.3e-08   30.7  14.4   1   2   1.1e-09   3.6e-08   29.2   8.6    45   160    43   157    21   180 0.84 -
NW_025965307.1_RagTag:60810-79015     -            239 25195at314147        -            305   1.3e-08   30.7  14.4   2   2     0.024      0.76    5.2   0.3   252   300   182   231   170   235 0.86 -
NW_025965581.1_RagTag:2793-3714       -            306 25195at314147        -            305   1.9e-08   30.1  15.5   1   1     1e-09   3.3e-08   29.4  15.5    37   301    31   295    16   299 0.66 -
contig_26960_pilon:499-1396           -            299 25195at314147        -            305   3.3e-08   29.4  15.7   1   1   1.7e-09   5.3e-08   28.7  15.7    23   301    18   293     1   297 0.71 -
NW_025965323.1_RagTag:1326522-1325617 -            302 25195at314147        -            305   4.7e-08   28.8  18.2   1   1     2e-09   6.2e-08   28.4  18.2    45   263     9   238     2   279 0.80 -
NW_025965277.1_RagTag:1826609-1826334 -             92 25195at314147        -            305   1.1e-07   27.6   5.5   1   1   3.7e-09   1.2e-07   27.5   5.5    35   124     3    91     1    92 0.91 -
NW_025965235.1_RagTag:60616-59771     -            282 25195at314147        -            305   1.3e-07   27.4  12.9   1   1   6.1e-09   1.9e-07   26.8  12.9    31   256    24   255    15   272 0.73 -
NW_025965305.1_RagTag:1655528-1654657 -            283 25195at314147        -            305   1.8e-07   26.9   8.5   1   2   5.8e-09   1.8e-07   26.9   8.5    22   160    14   154     9   168 0.83 -
NW_025965305.1_RagTag:1655528-1654657 -            283 25195at314147        -            305   1.8e-07   26.9   8.5   2   2       1.5        46   -0.7   0.8   251   264   207   220   174   257 0.50 -
NW_025965317.1_RagTag:2643605-2644525 -            307 25195at314147        -            305   2.4e-07   26.5   8.6   1   2     2e-08   6.2e-07   25.2   3.3    27   145    27   142    18   153 0.86 -
NW_025965317.1_RagTag:2643605-2644525 -            307 25195at314147        -            305   2.4e-07   26.5   8.6   2   2     0.039       1.2    4.5   0.2   202   301   208   303   196   307 0.68 -
NW_025965233.1_RagTag:201426-202343   -            306 25195at314147        -            305   4.2e-07   25.7  18.9   1   1   3.2e-08     1e-06   24.5  18.9    29   301    26   295     2   299 0.78 -
NW_025965123.1_RagTag:1758147-1868285 -            279 25195at314147        -            305   6.3e-07   25.1  18.8   1   1     3e-08   9.4e-07   24.6  18.8    44   297    30   269     9   276 0.68 -
NW_025965101.1_RagTag:53784-23313     -            277 25195at314147        -            305   1.2e-06   24.2   6.7   1   2   3.8e-08   1.2e-06   24.2   6.7    33   159    28   155    18   170 0.84 -
NW_025965101.1_RagTag:53784-23313     -            277 25195at314147        -            305   1.2e-06   24.2   6.7   2   2       2.1        65   -1.2   0.1   209   258   191   235   174   273 0.54 -
NW_025965307.1_RagTag:989382-990869   -            496 25195at314147        -            305   1.8e-06   23.6  13.5   1   2   6.2e-08   1.9e-06   23.5   8.2    26   216    12   199     7   229 0.72 -
NW_025965307.1_RagTag:989382-990869   -            496 25195at314147        -            305   1.8e-06   23.6  13.5   2   2      0.11       3.4    3.0   0.2    51   104   426   481   400   494 0.78 -
NW_025965258.1_RagTag:3890-4798       -            303 25195at314147        -            305   3.4e-06   22.7  15.4   1   1   1.7e-07   5.3e-06   22.1  15.4    33   301    26   292    16   296 0.72 -
NW_025965317.1_RagTag:1500660-1501409 -            250 25195at314147        -            305   4.6e-06   22.3  12.1   1   1     2e-07   6.4e-06   21.8  12.1    20   224    26   222     8   249 0.65 -
NW_025965146.1_RagTag:101506-100591   -            292 25195at314147        -            305     1e-05   21.2  16.8   1   1   1.6e-06     5e-05   18.9  16.8    28   236    23   226     4   282 0.75 -
NW_025965331.1_RagTag:109596-117605   -            293 25195at314147        -            305   1.7e-05   20.5  10.1   1   1   9.1e-07   2.9e-05   19.7  10.1    33   303    26   284    19   286 0.72 -
NW_025965316.1_RagTag:3970847-3970154 -            182 25195at314147        -            305   1.7e-05   20.5   7.9   1   2     0.021      0.65    5.4   0.3    32    80    38    88    31    91 0.80 -
NW_025965316.1_RagTag:3970847-3970154 -            182 25195at314147        -            305   1.7e-05   20.5   7.9   2   2   9.5e-07     3e-05   19.6   3.8   125   216    83   171    77   178 0.80 -
NW_025965209.1_RagTag:638034-638534   -            167 25195at314147        -            305   2.3e-05   20.0   7.0   1   1   9.1e-07   2.8e-05   19.7   7.0   163   299     2   141     1   148 0.74 -
NW_025965426.1_RagTag:65725-66621     -            299 25195at314147        -            305   2.3e-05   20.0  16.1   1   1   1.2e-06   3.8e-05   19.3  16.1    45   296    38   289    18   295 0.67 -
NW_025965305.1_RagTag:1658252-1659017 -            255 25195at314147        -            305   3.1e-05   19.6  17.6   1   2   1.1e-06   3.5e-05   19.4  11.2    33   162     8   138     2   149 0.81 -
NW_025965305.1_RagTag:1658252-1659017 -            255 25195at314147        -            305   3.1e-05   19.6  17.6   2   2      0.05       1.6    4.1   0.4   244   298   182   237   163   243 0.78 -
contig_11065_pilon:1208-299           -            298 25195at314147        -            305   4.9e-05   18.9   7.6   1   2   1.6e-06   4.9e-05   18.9   7.6    38   159    35   156    22   164 0.85 -
contig_11065_pilon:1208-299           -            298 25195at314147        -            305   4.9e-05   18.9   7.6   2   2       1.5        48   -0.7   0.0    36   301   269   289   259   294 0.54 -
NW_025965331.1_RagTag:96702-97274     -            191 25195at314147        -            305   5.1e-05   18.9  11.7   1   1   1.9e-06   6.1e-05   18.6  11.7    68   223     4   167     1   188 0.71 -
contig_16391_pilon:1989-1067          -            287 25195at314147        -            305   6.7e-05   18.5  13.1   1   2    0.0013      0.04    9.4   7.9    48   151    45   149    21   170 0.68 -
contig_16391_pilon:1989-1067          -            287 25195at314147        -            305   6.7e-05   18.5  13.1   2   2   0.00018    0.0056   12.2   0.2   255   301   230   277   210   281 0.84 -
NW_025965138.1_RagTag:16325-15471     -            285 25195at314147        -            305   0.00014   17.4  19.4   1   1   1.4e-05   0.00044   15.8  19.4    36   243    16   233     6   278 0.73 -
contig_11065_pilon:1196-711           -            162 25195at314147        -            305   0.00026   16.6   3.8   1   1     1e-05   0.00032   16.3   3.8    38   136    31   129    18   154 0.82 -
NW_025965235.1_RagTag:62409-61518     -            297 25195at314147        -            305   0.00032   16.3  10.4   1   1   4.2e-05    0.0013   14.2  10.4    52   301    40   287    16   291 0.64 -
NW_025965407.1_RagTag:8718-7813       -            302 25195at314147        -            305   0.00042   15.9  15.8   1   1   2.4e-05   0.00076   15.0  15.8    34   300    28   292    18   297 0.68 -
NW_025965250.1_RagTag:33466-32791     -            224 25195at314147        -            305   0.00043   15.9   7.7   1   1   1.8e-05   0.00058   15.4   7.7    37   156    42   162    28   180 0.84 -
contig_75679_pilon:841-1732           -            297 25195at314147        -            305    0.0011   14.5  22.1   1   1   0.00014    0.0043   12.6  22.1    44   301    33   288    14   292 0.69 -
contig_14807_pilon:1552-638           -            291 25195at314147        -            305    0.0012   14.3  19.7   1   1   0.00011    0.0035   12.9  19.7    31   259    17   252     7   288 0.75 -
contig_31446_pilon:626-132            -            165 25195at314147        -            305    0.0013   14.3   8.9   1   1   5.3e-05    0.0016   13.9   8.9    34   155    24   147    10   160 0.82 -
contig_67131_pilon:1249-312           -            306 25195at314147        -            305    0.0015   14.1  15.2   1   1   0.00065      0.02   10.3  15.2    33   154    42   163    37   303 0.83 -
contig_44821_pilon:580-29             -            184 25195at314147        -            305    0.0018   13.8   8.9   1   1   7.9e-05    0.0025   13.3   8.9    34   155    28   150    18   178 0.85 -
NW_025965305.1_RagTag:1658185-1691545 -            198 25195at314147        -            305    0.0021   13.6   9.0   1   1     9e-05    0.0028   13.2   9.0    36   157    34   154    14   169 0.73 -
NW_025965161.1_RagTag:680683-681431   -            245 25195at314147        -            305    0.0057   12.1  10.5   1   1   0.00077     0.024   10.1  10.5    98   301    38   235     1   239 0.64 -
NW_025965431.1_RagTag:7900-8652       -            251 25195at314147        -            305     0.014   10.9  19.4   1   1     0.031      0.98    4.8  19.4    56   301     6   249     1   251 0.73 -
NW_025965431.1_RagTag:15927-16821     -            296 25195at314147        -            305     0.022   10.2  18.3   1   1    0.0021     0.067    8.6  18.3    33   301    18   284     9   288 0.68 -
contig_72985_pilon:1524-2450          -            309 25195at314147        -            305      0.49    5.8  25.7   1   1      0.14       4.3    2.7  25.7    31   301    31   298    19   302 0.68 -
#
# Program:         hmmsearch
# Version:         3.1b2 (February 2015)
# Pipeline mode:   SEARCH
# Query file:      /home/bgerda/guppy_SUP/busco_downloads/lineages/glires_odb10/hmms/25195at314147.hmm
# Target file:     /home/bgerda/guppy_SUP/busco_results_flye/run_glires_odb10/metaeuk_output/rerun_results/ragtag.scaffold.fasta.modified.fas
# Option settings: hmmsearch --domtblout /home/bgerda/guppy_SUP/busco_results_flye/run_glires_odb10/hmmer_output/rerun_results/25195at314147.out --cpu 1 /home/bgerda/guppy_SUP/busco_downloads/lineages/glires_odb10/hmms/25195at314147.hmm /home/bgerda/guppy_SUP/busco_results_flye/run_glires_odb10/metaeuk_output/rerun_results/ragtag.scaffold.fasta.modified.fas 
# Current dir:     /home/bgerda/guppy_SUP
# Date:            Sun May 21 17:47:47 2023
# [ok]
