#                                                                                             --- full sequence --- -------------- this domain -------------   hmm coord   ali coord   env coord
# target name                         accession   tlen query name           accession   qlen   E-value  score  bias   #  of  c-Evalue  i-Evalue  score  bias  from    to  from    to  from    to  acc description of target
#                 ------------------- ---------- ----- -------------------- ---------- ----- --------- ------ ----- --- --- --------- --------- ------ ----- ----- ----- ----- ----- ----- ----- ---- ---------------------
NW_025965323.1_RagTag:1326522-1325617 -            302 26124at314147        -            298   2.4e-91  302.8  19.7   1   1   2.8e-92   3.3e-91  302.4  19.7    22   293     3   287     1   290 0.93 -
NW_025965256.1_RagTag:853566-854828   -            421 26124at314147        -            298   6.8e-37  124.1  19.5   1   2   5.4e-23   6.5e-22   74.9  11.6    19   215    10   215     3   227 0.77 -
NW_025965256.1_RagTag:853566-854828   -            421 26124at314147        -            298   6.8e-37  124.1  19.5   2   2   2.7e-16   3.2e-15   52.9   1.0   204   291   232   324   228   328 0.82 -
NW_025965148.1_RagTag:252155-251081   -            358 26124at314147        -            298     4e-36  121.6  13.2   1   2   2.5e-27     3e-26   89.1   7.8    16   203    51   234    34   251 0.82 -
NW_025965148.1_RagTag:252155-251081   -            358 26124at314147        -            298     4e-36  121.6  13.2   2   2   5.6e-11   6.7e-10   35.5   0.2   209   269   298   358   273   358 0.78 -
NW_025965307.1_RagTag:989382-990869   -            496 26124at314147        -            298   1.7e-27   93.2  15.4   1   2   7.5e-20     9e-19   64.6   7.8    20   208    23   211    14   225 0.79 -
NW_025965307.1_RagTag:989382-990869   -            496 26124at314147        -            298   1.7e-27   93.2  15.4   2   2   3.1e-10   3.7e-09   33.0   0.8   202   280   414   492   399   496 0.90 -
NW_025965161.1_RagTag:422258-421552   -            235 26124at314147        -            298   4.1e-15   52.6  10.2   1   1   4.3e-16   5.2e-15   52.2  10.2    14   141    43   171    34   232 0.80 -
NW_025965314.1_RagTag:122427-124252   -            303 26124at314147        -            298   1.9e-14   50.4  23.3   1   1   1.9e-15   2.3e-14   50.1  23.3    12   291    13   301     6   303 0.78 -
contig_25261_pilon:2046-1063          -            328 26124at314147        -            298   3.4e-12   43.0  21.0   1   1   6.8e-13   8.1e-12   41.7  21.0    25   289    40   314    14   322 0.74 -
NW_025965209.1_RagTag:638034-638534   -            167 26124at314147        -            298   2.9e-10   36.6  11.8   1   1   2.8e-11   3.3e-10   36.4  11.8   148   291     7   152     1   158 0.79 -
NW_025965250.1_RagTag:33466-32791     -            224 26124at314147        -            298   3.4e-10   36.4  12.3   1   1   3.4e-11   4.1e-10   36.1  12.3    16   142    38   166    26   212 0.86 -
NW_025965426.1_RagTag:65725-66621     -            299 26124at314147        -            298   4.2e-10   36.1  20.1   1   1   4.9e-11   5.8e-10   35.6  20.1    20   283    30   295    20   299 0.77 -
contig_27735_pilon:496-1              -            159 26124at314147        -            298   4.3e-10   36.1   9.9   1   1   4.5e-11   5.4e-10   35.8   9.9    20   144    34   152    22   159 0.82 -
NW_025965322.1_RagTag:1960872-1959480 -            250 26124at314147        -            298   5.4e-10   35.8   7.7   1   2   1.4e-09   1.7e-08   30.9   3.6    23   115    56   147    42   160 0.89 -
NW_025965322.1_RagTag:1960872-1959480 -            250 26124at314147        -            298   5.4e-10   35.8   7.7   2   2     0.035      0.42    6.6   0.1   264   288   211   235   198   243 0.82 -
contig_48637_pilon:1312-407           -            302 26124at314147        -            298   5.5e-10   35.7   9.1   1   2   4.6e-11   5.5e-10   35.7   9.1    21   132    31   142    21   163 0.88 -
contig_48637_pilon:1312-407           -            302 26124at314147        -            298   5.5e-10   35.7   9.1   2   2       5.6        67   -0.7   0.5    14    42   190   219   163   252 0.63 -
NW_025965266.1_RagTag:245825-244296   -            282 26124at314147        -            298   1.1e-09   34.7  10.2   1   1   1.2e-10   1.4e-09   34.4  10.2    18   142    53   179    35   240 0.88 -
NW_025965256.1_RagTag:1116893-1115850 -            348 26124at314147        -            298   1.2e-09   34.6  24.3   1   1   2.3e-10   2.7e-09   33.4  24.3    13   288    28   296    23   304 0.78 -
NW_025965321.1_RagTag:4467400-4468259 -            265 26124at314147        -            298   1.7e-09   34.1   7.4   1   2   1.4e-10   1.7e-09   34.1   7.4     4   125    15   134    12   152 0.83 -
NW_025965321.1_RagTag:4467400-4468259 -            265 26124at314147        -            298   1.7e-09   34.1   7.4   2   2      0.27       3.2    3.7   2.2   168   242   156   228   136   239 0.68 -
contig_14807_pilon:1552-638           -            291 26124at314147        -            298   3.2e-09   33.2  13.0   1   1   5.3e-10   6.4e-09   32.2  13.0    23   146    26   151     9   215 0.85 -
contig_68255_pilon:901-37             -            282 26124at314147        -            298   4.3e-09   32.8  14.6   1   1   6.4e-10   7.7e-09   32.0  14.5    20   145    34   154    23   220 0.85 -
NW_025965101.1_RagTag:53784-23313     -            277 26124at314147        -            298   5.5e-09   32.4   7.6   1   2   4.6e-10   5.5e-09   32.4   7.6    17   133    29   147    19   163 0.83 -
NW_025965101.1_RagTag:53784-23313     -            277 26124at314147        -            298   5.5e-09   32.4   7.6   2   2       9.4   1.1e+02   -1.4   0.5    51    71   184   204   152   266 0.66 -
NW_025965140.1_RagTag:853176-852295   -            294 26124at314147        -            298   9.9e-09   31.6  17.9   1   1   1.4e-09   1.7e-08   30.8  17.9    19   140    29   154    15   289 0.80 -
NW_025965230.1_RagTag:352145-351282   -            288 26124at314147        -            298   1.4e-08   31.1  10.5   1   1   4.3e-09   5.1e-08   29.3  10.5    37   287    26   287     2   288 0.75 -
contig_44821_pilon:580-29             -            184 26124at314147        -            298     2e-08   30.6   9.7   1   1   2.1e-09   2.5e-08   30.3   9.7    14   134    27   147    18   164 0.84 -
NW_025965313.1_RagTag:1671674-1667331 -            291 26124at314147        -            298   2.1e-08   30.6  12.1   1   2   1.7e-09   2.1e-08   30.6  12.1    22   127    41   146    32   174 0.85 -
NW_025965313.1_RagTag:1671674-1667331 -            291 26124at314147        -            298   2.1e-08   30.6  12.1   2   2       2.4        29    0.5   0.4    14    43   186   215   172   226 0.84 -
contig_30879_pilon:3566-2666          -            294 26124at314147        -            298   2.2e-08   30.5   9.7   1   2   1.8e-09   2.2e-08   30.5   9.7    16   145    22   151    10   157 0.86 -
contig_30879_pilon:3566-2666          -            294 26124at314147        -            298   2.2e-08   30.5   9.7   2   2       1.3        16    1.4   1.0    14    43   171   200   158   221 0.79 -
NW_025965182.1_RagTag:1858957-1883835 -            159 26124at314147        -            298   3.4e-08   29.9   9.2   1   1   3.5e-09   4.1e-08   29.6   9.2    20   122    35   137    20   154 0.89 -
contig_23379_pilon:2126-1202          -            308 26124at314147        -            298   3.5e-08   29.8  21.3   1   1   4.5e-09   5.3e-08   29.2  21.3    21   257    41   290    31   298 0.75 -
NW_025965146.1_RagTag:101506-100591   -            292 26124at314147        -            298   3.9e-08   29.7  19.9   1   1     3e-08   3.6e-07   26.5  20.0    20   129    33   142    15   288 0.67 -
NW_025965307.1_RagTag:60810-79015     -            239 26124at314147        -            298   4.6e-08   29.4  12.6   1   1   5.8e-09   6.9e-08   28.8  12.6    22   176    36   190    24   198 0.83 -
NW_025965108.1_RagTag:146498-147454   -            319 26124at314147        -            298     7e-08   28.8  10.9   1   1   1.5e-08   1.8e-07   27.5  10.9    43   284    52   302    15   306 0.65 -
NW_025965230.1_RagTag:1057622-1056699 -            308 26124at314147        -            298     7e-08   28.8  16.5   1   1   6.7e-09     8e-08   28.6  14.6    20   195    33   226    25   243 0.72 -
NW_025965054.1_RagTag:8391-7842       -            181 26124at314147        -            298   8.8e-08   28.5   9.5   1   1   9.5e-09   1.1e-07   28.1   9.5    23   145    36   160    25   171 0.77 -
contig_70120_pilon:673-1560           -            296 26124at314147        -            298   1.2e-07   28.1   9.5   1   2   9.7e-09   1.2e-07   28.1   9.5    20   125    23   128    11   153 0.90 -
contig_70120_pilon:673-1560           -            296 26124at314147        -            298   1.2e-07   28.1   9.5   2   2       4.4        52   -0.3   0.5    14    48   170   204   157   248 0.82 -
NW_025965405.1_RagTag:31012-31919     -            302 26124at314147        -            298   1.6e-07   27.7  11.4   1   2   1.3e-08   1.6e-07   27.7  11.4    21   131    35   146    25   165 0.85 -
NW_025965405.1_RagTag:31012-31919     -            302 26124at314147        -            298   1.6e-07   27.7  11.4   2   2       9.7   1.2e+02   -1.5   1.3    81   101   150   170   139   263 0.54 -
NW_025965277.1_RagTag:1826609-1826334 -             92 26124at314147        -            298   1.7e-07   27.6   4.2   1   1   1.5e-08   1.7e-07   27.5   4.2    20   108     4    92     1    92 0.88 -
NW_025965151.1_RagTag:9979-9395       -            195 26124at314147        -            298   1.9e-07   27.4   9.6   1   1   1.5e-08   1.9e-07   27.4   9.6    17   133     6   123     3   133 0.86 -
NW_025965313.1_RagTag:66003-66494     -            164 26124at314147        -            298   2.1e-07   27.2  15.8   1   1   2.1e-08   2.5e-07   27.0  15.8    20   135    30   146    18   161 0.88 -
NW_025965320.1_RagTag:900507-899674   -            272 26124at314147        -            298   2.2e-07   27.2  11.5   1   1   2.7e-08   3.3e-07   26.6  11.4    19   131     4   116     1   203 0.88 -
contig_31446_pilon:626-132            -            165 26124at314147        -            298   2.6e-07   26.9   8.5   1   1   2.6e-08   3.1e-07   26.7   8.5    11   132    18   140     9   160 0.85 -
contig_67131_pilon:1249-312           -            306 26124at314147        -            298   2.9e-07   26.8  20.3   1   1   4.2e-08     5e-07   26.0  20.3    21   255    46   287    34   296 0.76 -
NW_025965203.1_RagTag:474900-475721   -            274 26124at314147        -            298   3.9e-07   26.4  16.1   1   2   9.7e-08   1.2e-06   24.8   8.9    18   125    21   127     9   150 0.87 -
NW_025965203.1_RagTag:474900-475721   -            274 26124at314147        -            298   3.9e-07   26.4  16.1   2   2     0.043      0.52    6.3   0.7    14    61   169   216   156   234 0.78 -
contig_67641_pilon:774-58             -            239 26124at314147        -            298   4.6e-07   26.1  17.2   1   1   1.3e-07   1.6e-06   24.4  17.2    18   244     5   238     1   239 0.76 -
NW_025965313.1_RagTag:1671616-1670725 -            295 26124at314147        -            298   5.3e-07   25.9  23.0   1   1   6.6e-08   7.9e-07   25.4  23.0    22   198    23   208    14   270 0.79 -
NW_025965123.1_RagTag:1816711-1817613 -            301 26124at314147        -            298   7.2e-07   25.5  20.1   1   1   6.8e-07   8.2e-06   22.0  20.1    17   140    30   152    16   287 0.84 -
contig_72985_pilon:1524-2450          -            309 26124at314147        -            298   7.3e-07   25.5  22.5   1   1   9.4e-08   1.1e-06   24.9  22.5    20   233    36   262    27   309 0.75 -
NW_025965320.1_RagTag:848571-847992   -            167 26124at314147        -            298     8e-07   25.4  10.2   1   1   8.5e-08     1e-06   25.0  10.2    18   124    30   134    21   152 0.91 -
NW_025965313.1_RagTag:72632-73156     -            175 26124at314147        -            298   8.1e-07   25.3  16.8   1   1   7.9e-08   9.4e-07   25.1  16.8    18   123    12   115     5   160 0.88 -
NW_025965235.1_RagTag:62409-61518     -            297 26124at314147        -            298   8.8e-07   25.2  13.6   1   1   1.2e-07   1.4e-06   24.5  13.6    18   278    23   283    12   295 0.73 -
NW_025965431.1_RagTag:15927-16821     -            296 26124at314147        -            298   1.1e-06   25.0  18.5   1   1   1.2e-07   1.4e-06   24.6  18.5    14   249    20   265    16   282 0.75 -
NW_025965320.1_RagTag:839989-839099   -            297 26124at314147        -            298   1.1e-06   24.9  10.0   1   1   9.4e-08   1.1e-06   24.9  10.0    18   135    23   139    16   162 0.85 -
NW_025965235.1_RagTag:60616-59771     -            282 26124at314147        -            298   1.1e-06   24.8  12.7   1   1   1.4e-07   1.6e-06   24.3  12.7    17   212    27   234    14   242 0.74 -
NW_025965313.1_RagTag:1712957-1713860 -            301 26124at314147        -            298   1.2e-06   24.7   9.0   1   2     1e-07   1.2e-06   24.7   9.0    21   124    31   134    22   161 0.88 -
NW_025965313.1_RagTag:1712957-1713860 -            301 26124at314147        -            298   1.2e-06   24.7   9.0   2   2         5        60   -0.5   0.7    15    46   178   208   164   221 0.65 -
NW_025965421.1_RagTag:181780-182473   -            214 26124at314147        -            298   1.3e-06   24.7   5.0   1   2   1.2e-06   1.5e-05   21.2   0.1    72   118    14    60     5   100 0.83 -
NW_025965421.1_RagTag:181780-182473   -            214 26124at314147        -            298   1.3e-06   24.7   5.0   2   2     0.091       1.1    5.2   1.3   229   287   150   213   134   214 0.72 -
NW_025965313.1_RagTag:72608-73490     -            294 26124at314147        -            298   1.3e-06   24.7  14.9   1   1     1e-07   1.3e-06   24.7  14.9    18   122    20   122    12   149 0.90 -
NW_025965080.1_RagTag:600360-618320   -            249 26124at314147        -            298   1.3e-06   24.7   6.4   1   2   1.1e-07   1.3e-06   24.7   6.4    22   125    30   133    12   148 0.80 -
NW_025965080.1_RagTag:600360-618320   -            249 26124at314147        -            298   1.3e-06   24.7   6.4   2   2       4.8        57   -0.4   0.5   236   286   198   245   184   249 0.60 -
NW_025965008.1_RagTag:215045-201349   -            285 26124at314147        -            298   1.3e-06   24.6  12.0   1   1   1.1e-07   1.3e-06   24.6  12.0    16   124    33   139    25   156 0.83 -
NW_025965278.1_RagTag:275474-274923   -            184 26124at314147        -            298   1.6e-06   24.3   2.6   1   1   1.8e-07   2.2e-06   23.9   2.6   182   288    74   182    63   184 0.76 -
NW_025965352.1_RagTag:27074-26319     -            252 26124at314147        -            298   1.7e-06   24.3   1.7   1   2   1.4e-07   1.7e-06   24.3   1.7    41   125     1    85     1   117 0.72 -
NW_025965352.1_RagTag:27074-26319     -            252 26124at314147        -            298   1.7e-06   24.3   1.7   2   2       3.7        45   -0.1   0.3   221   285   180   246   144   252 0.56 -
contig_36220_pilon:1250-2170          -            307 26124at314147        -            298   3.1e-06   23.4  18.6   1   1   3.8e-07   4.5e-06   22.9  18.6    20   178    34   195    24   305 0.67 -
contig_26960_pilon:499-1396           -            299 26124at314147        -            298   3.6e-06   23.2  17.0   1   3   2.4e-06   2.9e-05   20.2  16.9     7   198    18   220    12   227 0.72 -
contig_26960_pilon:499-1396           -            299 26124at314147        -            298   3.6e-06   23.2  17.0   2   3         3        36    0.2   0.6    16    65   180   226   174   244 0.66 -
contig_26960_pilon:499-1396           -            299 26124at314147        -            298   3.6e-06   23.2  17.0   3   3       6.3        75   -0.8   0.0   262   287   273   298   265   299 0.78 -
NW_025965431.1_RagTag:38831-37914     -            306 26124at314147        -            298   3.7e-06   23.2  19.9   1   1   6.9e-07   8.3e-06   22.0  19.9    22   202    36   227    27   291 0.71 -
NW_025965324.1_RagTag:3944352-3943433 -            303 26124at314147        -            298   4.1e-06   23.0  16.5   1   1   6.9e-07   8.3e-06   22.0  16.4    17   200    36   226    25   246 0.68 -
contig_81842_pilon:1622-733           -            265 26124at314147        -            298   7.6e-06   22.1  10.6   1   2     5e-06     6e-05   19.2   6.0    38   125    32   119    12   133 0.85 -
contig_81842_pilon:1622-733           -            265 26124at314147        -            298   7.6e-06   22.1  10.6   2   2     0.085         1    5.3   0.2    13    43   142   172   129   192 0.84 -
NW_025965305.1_RagTag:1658185-1691545 -            198 26124at314147        -            298   7.7e-06   22.1   8.9   1   1   7.6e-07   9.1e-06   21.9   8.9    19   139    32   149    18   181 0.81 -
NW_025965161.1_RagTag:680683-681431   -            245 26124at314147        -            298   9.9e-06   21.8   7.4   1   1   9.7e-07   1.2e-05   21.5   7.4    45   214     2   180     1   236 0.76 -
contig_75679_pilon:841-1732           -            297 26124at314147        -            298   1.2e-05   21.5  21.3   1   1   1.3e-06   1.5e-05   21.1  21.3    17   255    25   275    18   285 0.77 -
NW_025965274.1_RagTag:837-1721        -            279 26124at314147        -            298   1.2e-05   21.5  22.8   1   1   4.8e-06   5.8e-05   19.2  22.8     9   141    14   145    10   279 0.81 -
contig_72712_pilon:586-1510           -            303 26124at314147        -            298   1.4e-05   21.3  21.4   1   1   2.1e-06   2.6e-05   20.4  21.4    11   232    30   246    23   303 0.73 -
NW_025965008.1_RagTag:202275-201358   -            299 26124at314147        -            298   1.4e-05   21.3   9.0   1   1   1.1e-06   1.4e-05   21.3   9.0    18   127    34   140    26   147 0.90 -
contig_19626_pilon:1313-2228          -            305 26124at314147        -            298   1.5e-05   21.2  18.6   1   2   1.2e-06   1.5e-05   21.2  18.6    21   133    37   150    23   184 0.85 -
contig_19626_pilon:1313-2228          -            305 26124at314147        -            298   1.5e-05   21.2  18.6   2   2      0.28       3.3    3.6   0.9    14    51   183   221   169   233 0.76 -
NW_025965319.1_RagTag:190357-191175   -            273 26124at314147        -            298   1.6e-05   21.0  19.7   1   1   2.1e-06   2.6e-05   20.4  19.7    24   278     8   273     2   273 0.75 -
contig_16391_pilon:1989-1067          -            287 26124at314147        -            298   1.7e-05   21.0   9.6   1   2   1.4e-06   1.7e-05   21.0   9.6    22   128    36   142    25   167 0.82 -
contig_16391_pilon:1989-1067          -            287 26124at314147        -            298   1.7e-05   21.0   9.6   2   2       5.2        62   -0.6   0.1   268   290   263   285   254   287 0.78 -
NW_025965256.1_RagTag:10422-9625      -            235 26124at314147        -            298   1.8e-05   20.9  13.6   1   1     3e-05   0.00036   16.6  13.6    18   122    28   130    16   212 0.84 -
NW_025965057.1_RagTag:7581-6671       -            299 26124at314147        -            298     2e-05   20.8  12.9   1   2   1.6e-06     2e-05   20.8  12.9    22   127    32   136    20   175 0.85 -
NW_025965057.1_RagTag:7581-6671       -            299 26124at314147        -            298     2e-05   20.8  12.9   2   2      0.46       5.5    2.9   1.9    13    58   173   219   160   249 0.80 -
NW_025965233.1_RagTag:201426-202343   -            306 26124at314147        -            298     2e-05   20.7  19.9   1   1   1.3e-05   0.00016   17.8  19.9    27   284    40   297    17   306 0.69 -
NW_025965331.1_RagTag:92480-91715     -            253 26124at314147        -            298   2.1e-05   20.7  10.5   1   1   1.7e-06   2.1e-05   20.7  10.5    41   197     3   168     1   190 0.72 -
contig_45284_pilon:1200-2107          -            300 26124at314147        -            298   2.5e-05   20.5  23.6   1   1   2.9e-06   3.4e-05   20.0  23.6    20   254    31   276    21   287 0.74 -
NW_025965123.1_RagTag:1711444-1710527 -            306 26124at314147        -            298     3e-05   20.2  21.1   1   1   5.8e-06     7e-05   19.0  21.1    19   146    29   156    21   304 0.75 -
NW_025965431.1_RagTag:7900-8652       -            251 26124at314147        -            298   3.5e-05   20.0  14.8   1   1   3.9e-06   4.7e-05   19.6  14.8    41   254     8   236     4   245 0.69 -
NW_025965140.1_RagTag:1050743-1049943 -            238 26124at314147        -            298     4e-05   19.8   5.7   1   2   3.3e-06     4e-05   19.8   5.7    27   133     1   106     1   146 0.78 -
NW_025965140.1_RagTag:1050743-1049943 -            238 26124at314147        -            298     4e-05   19.8   5.7   2   2       8.3        99   -1.2   0.0   260   281   207   228   141   238 0.56 -
NW_025965407.1_RagTag:8718-7813       -            302 26124at314147        -            298   4.4e-05   19.6   8.9   1   2   3.7e-06   4.4e-05   19.6   8.9    16   126    29   137    16   181 0.78 -
NW_025965407.1_RagTag:8718-7813       -            302 26124at314147        -            298   4.4e-05   19.6   8.9   2   2       2.9        35    0.2   0.0   263   291   274   302   262   302 0.86 -
NW_025965123.1_RagTag:1941086-1843483 -            291 26124at314147        -            298   4.8e-05   19.5  20.8   1   1   1.2e-05   0.00015   17.9  20.8    17   255    20   268    11   289 0.65 -
NW_025965317.1_RagTag:2643605-2644525 -            307 26124at314147        -            298   8.3e-05   18.7  18.2   1   1   1.6e-05   0.00019   17.5  18.1    17   199    30   225    21   245 0.70 -
NW_025965320.1_RagTag:879423-878506   -            306 26124at314147        -            298   8.4e-05   18.7  16.3   1   1   2.3e-05   0.00027   17.0  16.3    17   129    38   149    26   246 0.76 -
NW_025965182.1_RagTag:1842087-1841153 -            311 26124at314147        -            298   8.7e-05   18.7  14.2   1   2   7.2e-06   8.7e-05   18.7  14.2    19   131    33   144    27   181 0.84 -
NW_025965182.1_RagTag:1842087-1841153 -            311 26124at314147        -            298   8.7e-05   18.7  14.2   2   2         2        24    0.8   0.5    16    40   182   206   166   233 0.70 -
NW_025965223.1_RagTag:142315-141397   -            298 26124at314147        -            298     9e-05   18.6  17.6   1   3   7.5e-06     9e-05   18.6  17.6    23   135    33   147    17   165 0.87 -
NW_025965223.1_RagTag:142315-141397   -            298 26124at314147        -            298     9e-05   18.6  17.6   2   3       5.5        66   -0.6   2.1    15    70   178   230   169   257 0.74 -
NW_025965223.1_RagTag:142315-141397   -            298 26124at314147        -            298     9e-05   18.6  17.6   3   3       3.5        42   -0.0   0.1   263   292   265   294   232   296 0.72 -
NW_025965331.1_RagTag:94464-97450     -            300 26124at314147        -            298   9.6e-05   18.5   6.4   1   1     8e-06   9.6e-05   18.5   6.4    20   133    34   154    23   174 0.78 -
contig_30302_pilon:2200-1266          -            268 26124at314147        -            298   0.00018   17.7  19.0   1   1   3.5e-05   0.00042   16.4  18.8    14   135    29   149    18   243 0.74 -
NW_025965251.1_RagTag:397705-396833   -            213 26124at314147        -            298   0.00019   17.5  10.9   1   2   2.4e-05   0.00029   16.9   6.9    18    82    11    74     5   121 0.84 -
NW_025965251.1_RagTag:397705-396833   -            213 26124at314147        -            298   0.00019   17.5  10.9   2   2       1.7        21    1.0   0.1   210   256   137   187   120   206 0.65 -
NW_025965313.1_RagTag:1681515-1681919 -            135 26124at314147        -            298   0.00019   17.5   8.9   1   1     2e-05   0.00024   17.2   8.9    18   118    28   128    16   133 0.80 -
contig_9927_pilon:1818-955            -            288 26124at314147        -            298   0.00024   17.2   4.7   1   2     2e-05   0.00024   17.2   4.7    22   128    21   128     4   153 0.84 -
contig_9927_pilon:1818-955            -            288 26124at314147        -            298   0.00024   17.2   4.7   2   2       7.2        86   -1.0   1.3    14    61   166   210   152   241 0.67 -
NW_025965305.1_RagTag:1658252-1659017 -            255 26124at314147        -            298   0.00025   17.1  14.6   1   1   3.7e-05   0.00045   16.3  14.4    22   198    14   202     5   223 0.67 -
NW_025965080.1_RagTag:598476-601194   -            280 26124at314147        -            298   0.00027   17.0   7.4   1   1   2.3e-05   0.00027   17.0   7.4    17   125    30   136    19   161 0.78 -
contig_11065_pilon:1196-711           -            162 26124at314147        -            298   0.00028   17.0   7.5   1   1   2.7e-05   0.00033   16.8   7.5    22   119    32   129    22   152 0.90 -
contig_79807_pilon:426-37             -            130 26124at314147        -            298   0.00033   16.8   3.7   1   1   3.1e-05   0.00038   16.6   3.7    19   118    29   130    16   130 0.89 -
contig_56588_pilon:2331-1522          -            270 26124at314147        -            298   0.00035   16.7   7.0   1   3   2.9e-05   0.00035   16.7   7.0    24   125     1   102     1   142 0.87 -
contig_56588_pilon:2331-1522          -            270 26124at314147        -            298   0.00035   16.7   7.0   2   3      0.17         2    4.3   1.4     9    43   151   187   147   193 0.77 -
contig_56588_pilon:2331-1522          -            270 26124at314147        -            298   0.00035   16.7   7.0   3   3       1.2        15    1.5   0.0   264   291   241   268   227   270 0.80 -
NW_025965182.1_RagTag:1842054-1841779 -             92 26124at314147        -            298   0.00042   16.4   1.7   1   1   3.8e-05   0.00046   16.3   1.7    18    66    21    69    14    90 0.84 -
NW_025965123.1_RagTag:1722930-1722012 -            302 26124at314147        -            298   0.00043   16.4  17.6   1   1   3.6e-05   0.00043   16.4  17.6    20   132    36   142    28   224 0.83 -
contig_19055_pilon:1689-777           -            302 26124at314147        -            298   0.00043   16.4  18.4   1   3   0.00022    0.0026   13.8   4.0    83   132    94   143    85   161 0.85 -
contig_19055_pilon:1689-777           -            302 26124at314147        -            298   0.00043   16.4  18.4   2   3     0.072      0.87    5.5   2.3    15    57   179   220   169   246 0.85 -
contig_19055_pilon:1689-777           -            302 26124at314147        -            298   0.00043   16.4  18.4   3   3      0.08      0.96    5.4   0.1   260   291   269   300   250   302 0.85 -
NW_025965123.1_RagTag:1929321-1843492 -            299 26124at314147        -            298   0.00066   15.8  22.8   1   1   0.00016    0.0019   14.3  22.8    14   254    27   278    17   296 0.67 -
NW_025965008.1_RagTag:233145-252500   -            288 26124at314147        -            298   0.00067   15.7  12.1   1   1   5.6e-05   0.00067   15.7  12.1    16   137    32   152    22   169 0.86 -
NW_025965274.1_RagTag:27055-27957     -            301 26124at314147        -            298   0.00077   15.6  24.7   1   1   0.00018    0.0021   14.1  24.7    12   212    20   225    13   300 0.70 -
NW_025965426.1_RagTag:16596-71906     -            264 26124at314147        -            298   0.00081   15.5  24.3   1   1   0.00072    0.0087   12.1  24.4    23   137     4   119     1   258 0.71 -
NW_025965352.1_RagTag:124529-3760     -            280 26124at314147        -            298   0.00082   15.5  17.3   1   1   0.00022    0.0027   13.8  17.3    22   128    18   124     8   278 0.66 -
NW_025965274.1_RagTag:6040-6949       -            298 26124at314147        -            298    0.0011   15.1  23.1   1   1   0.00022    0.0026   13.8  23.1    12   193    25   206    18   297 0.73 -
NW_025965123.1_RagTag:1758147-1868285 -            279 26124at314147        -            298    0.0015   14.6  22.7   1   1   0.00042     0.005   12.9  22.7    17   207    21   214    17   279 0.76 -
NW_025965295.1_RagTag:980923-980003   -            307 26124at314147        -            298    0.0021   14.1  27.9   1   1    0.0003    0.0036   13.4  27.9    32   280    41   293    20   306 0.62 -
NW_025965138.1_RagTag:16325-15471     -            285 26124at314147        -            298    0.0023   14.0  22.1   1   1    0.0031     0.037   10.0  22.1    18   133    16   133     5   285 0.75 -
contig_57973_pilon:1283-390           -            298 26124at314147        -            298    0.0027   13.8  11.2   1   1   7.5e-05    0.0009   15.3   8.1    20   122    25   128    11   154 0.77 -
NW_025965581.1_RagTag:2793-3714       -            306 26124at314147        -            298    0.0029   13.7  14.7   1   1   0.00045    0.0054   12.8  14.7    23   196    35   213    22   306 0.72 -
NW_025965426.1_RagTag:28199-27276     -            308 26124at314147        -            298    0.0064   12.5  21.7   1   1    0.0013     0.015   11.3  21.7    20   287    32   301    25   307 0.60 -
NW_025965352.1_RagTag:41240-40296     -            315 26124at314147        -            298     0.008   12.2  14.0   1   1    0.0015     0.018   11.1  14.0    19   132    41   159    28   314 0.63 -
NW_025965305.1_RagTag:1655528-1654657 -            283 26124at314147        -            298     0.011   11.8  18.1   1   1    0.0022     0.026   10.5  18.1    22   161    32   178    19   276 0.67 -
NW_025965123.1_RagTag:1718924-1717977 -            316 26124at314147        -            298     0.012   11.6  19.0   1   1    0.0038     0.046    9.7  17.9    17   142    41   168    35   245 0.81 -
NW_025965331.1_RagTag:109596-117605   -            293 26124at314147        -            298     0.013   11.6  13.9   1   1    0.0052     0.062    9.3  13.9    18   161    30   169    21   293 0.77 -
NW_025965636.1_RagTag:15139-17837     -            286 26124at314147        -            298     0.015   11.4  28.1   1   1    0.0055     0.066    9.2  28.0    18   200    32   211    18   271 0.75 -
NW_025965313.1_RagTag:1668286-1643119 -            165 26124at314147        -            298     0.015   11.3   8.8   1   1    0.0016     0.019   10.9   8.8    22   112    40   131    30   141 0.70 -
contig_45575_pilon:1089-2022          -            293 26124at314147        -            298     0.016   11.2   9.0   1   1    0.0039     0.047    9.7   9.0    39   149    59   158    32   282 0.74 -
contig_59306_pilon:1354-2245          -            287 26124at314147        -            298      0.03   10.3  11.3   1   1    0.0036     0.044    9.8  11.3    23   128    37   142    26   183 0.80 -
#
# Program:         hmmsearch
# Version:         3.1b2 (February 2015)
# Pipeline mode:   SEARCH
# Query file:      /home/bgerda/guppy_SUP/busco_downloads/lineages/glires_odb10/hmms/26124at314147.hmm
# Target file:     /home/bgerda/guppy_SUP/busco_results_flye/run_glires_odb10/metaeuk_output/rerun_results/ragtag.scaffold.fasta.modified.fas
# Option settings: hmmsearch --domtblout /home/bgerda/guppy_SUP/busco_results_flye/run_glires_odb10/hmmer_output/rerun_results/26124at314147.out --cpu 1 /home/bgerda/guppy_SUP/busco_downloads/lineages/glires_odb10/hmms/26124at314147.hmm /home/bgerda/guppy_SUP/busco_results_flye/run_glires_odb10/metaeuk_output/rerun_results/ragtag.scaffold.fasta.modified.fas 
# Current dir:     /home/bgerda/guppy_SUP
# Date:            Sun May 21 17:47:47 2023
# [ok]
