#                                                                                             --- full sequence --- -------------- this domain -------------   hmm coord   ali coord   env coord
# target name                         accession   tlen query name           accession   qlen   E-value  score  bias   #  of  c-Evalue  i-Evalue  score  bias  from    to  from    to  from    to  acc description of target
#                 ------------------- ---------- ----- -------------------- ---------- ----- --------- ------ ----- --- --- --------- --------- ------ ----- ----- ----- ----- ----- ----- ----- ---- ---------------------
NW_025965319.1_RagTag:190357-191175   -            273 26130at314147        -            272   3.9e-24   82.3  15.6   1   1   7.4e-26   5.5e-24   81.8  15.6    24   258     3   273     1   273 0.74 -
NW_025965230.1_RagTag:352145-351282   -            288 26130at314147        -            272   1.6e-22   76.9  14.3   1   1   3.5e-24   2.6e-22   76.3  14.3    25   264    11   284     3   287 0.71 -
NW_025965295.1_RagTag:980923-980003   -            307 26130at314147        -            272     3e-22   76.1  25.5   1   1   5.3e-24     4e-22   75.7  25.5    16   265    21   298     9   304 0.78 -
NW_025965322.1_RagTag:1960872-1959480 -            250 26130at314147        -            272   6.9e-21   71.6   5.9   1   2   1.1e-21   8.5e-20   68.0   4.0    21   142    49   177    26   188 0.78 -
NW_025965322.1_RagTag:1960872-1959480 -            250 26130at314147        -            272   6.9e-21   71.6   5.9   2   2     0.052       3.9    3.6   0.0   237   265   204   232   192   239 0.75 -
contig_25261_pilon:2046-1063          -            328 26130at314147        -            272     5e-18   62.2  19.6   1   1     5e-19   3.7e-17   59.4  19.6    21   263    31   308     9   314 0.69 -
NW_025965321.1_RagTag:4467400-4468259 -            265 26130at314147        -            272   4.1e-17   59.2  18.4   1   1   9.7e-19   7.3e-17   58.4  18.4    15   225    22   237     7   263 0.67 -
NW_025965108.1_RagTag:146498-147454   -            319 26130at314147        -            272   1.3e-16   57.6   8.4   1   1   2.7e-18     2e-16   57.0   8.4    12   260    11   298     3   306 0.73 -
contig_67641_pilon:774-58             -            239 26130at314147        -            272   6.1e-11   39.0   7.1   1   2   8.2e-13   6.1e-11   39.0   7.1    21   120     6   109     2   153 0.79 -
contig_67641_pilon:774-58             -            239 26130at314147        -            272   6.1e-11   39.0   7.1   2   2     0.068       5.1    3.2   1.8   166   217   180   234   172   239 0.73 -
NW_025965161.1_RagTag:422258-421552   -            235 26130at314147        -            272   4.1e-10   36.3   4.7   1   1   8.6e-12   6.4e-10   35.6   4.7    21   131    43   159    27   176 0.75 -
NW_025965421.1_RagTag:181780-182473   -            214 26130at314147        -            272   1.4e-09   34.5   3.1   1   1   2.7e-11     2e-09   34.0   3.1    68   263    10   209     3   213 0.74 -
NW_025965266.1_RagTag:245825-244296   -            282 26130at314147        -            272   1.3e-05   21.6   8.4   1   1   2.4e-07   1.8e-05   21.1   8.4    23   141    53   177    33   246 0.75 -
NW_025965307.1_RagTag:989382-990869   -            496 26130at314147        -            272   1.3e-05   21.5   4.3   1   3   1.7e-07   1.3e-05   21.5   4.3    27   131    25   134     5   211 0.78 -
NW_025965307.1_RagTag:989382-990869   -            496 26130at314147        -            272   1.3e-05   21.5   4.3   2   3       1.5   1.1e+02   -1.2   0.2    38    51   255   268   252   271 0.89 -
NW_025965307.1_RagTag:989382-990869   -            496 26130at314147        -            272   1.3e-05   21.5   4.3   3   3     0.076       5.7    3.0   0.5   191   258   414   490   398   495 0.54 -
NW_025965151.1_RagTag:195801-193831   -            195 26130at314147        -            272   5.3e-05   19.5  13.3   1   1   0.00024     0.018   11.2  13.3    97   258     8   191     3   194 0.56 -
NW_025965278.1_RagTag:275474-274923   -            184 26130at314147        -            272   6.1e-05   19.3   5.1   1   1     1e-06   7.6e-05   19.0   5.1   191   269   105   183     1   184 0.85 -
NW_025965080.1_RagTag:600360-618320   -            249 26130at314147        -            272   7.1e-05   19.1   5.0   1   2   9.5e-07   7.1e-05   19.1   5.0    13   144    16   152     9   164 0.81 -
NW_025965080.1_RagTag:600360-618320   -            249 26130at314147        -            272   7.1e-05   19.1   5.0   2   2     0.027         2    4.5   0.6   232   264   211   243   185   249 0.70 -
NW_025965182.1_RagTag:1858957-1883835 -            159 26130at314147        -            272   0.00017   17.8   5.2   1   1   2.8e-06   0.00021   17.6   5.2    17   139    27   154    17   159 0.77 -
NW_025965316.1_RagTag:3970847-3970154 -            182 26130at314147        -            272   0.00085   15.6   4.6   1   2   5.8e-05    0.0043   13.2   0.4    23    74    41    95    25   123 0.73 -
NW_025965316.1_RagTag:3970847-3970154 -            182 26130at314147        -            272   0.00085   15.6   4.6   2   2     0.028       2.1    4.4   0.9   130   187   109   172    98   176 0.67 -
NW_025965247.1_RagTag:77448-77690     -             81 26130at314147        -            272    0.0013   15.0   0.2   1   1   1.8e-05    0.0013   14.9   0.2   193   259    13    80     4    81 0.77 -
NW_025965230.1_RagTag:1057622-1056699 -            308 26130at314147        -            272    0.0053   12.9  17.2   1   1   0.00089     0.066    9.4  17.2    27   140    35   158    24   303 0.57 -
#
# Program:         hmmsearch
# Version:         3.1b2 (February 2015)
# Pipeline mode:   SEARCH
# Query file:      /home/bgerda/guppy_SUP/busco_downloads/lineages/glires_odb10/hmms/26130at314147.hmm
# Target file:     /home/bgerda/guppy_SUP/busco_results_flye/run_glires_odb10/metaeuk_output/rerun_results/ragtag.scaffold.fasta.modified.fas
# Option settings: hmmsearch --domtblout /home/bgerda/guppy_SUP/busco_results_flye/run_glires_odb10/hmmer_output/rerun_results/26130at314147.out --cpu 1 /home/bgerda/guppy_SUP/busco_downloads/lineages/glires_odb10/hmms/26130at314147.hmm /home/bgerda/guppy_SUP/busco_results_flye/run_glires_odb10/metaeuk_output/rerun_results/ragtag.scaffold.fasta.modified.fas 
# Current dir:     /home/bgerda/guppy_SUP
# Date:            Sun May 21 17:47:43 2023
# [ok]
