#                                                                                             --- full sequence --- -------------- this domain -------------   hmm coord   ali coord   env coord
# target name                         accession   tlen query name           accession   qlen   E-value  score  bias   #  of  c-Evalue  i-Evalue  score  bias  from    to  from    to  from    to  acc description of target
#                 ------------------- ---------- ----- -------------------- ---------- ----- --------- ------ ----- --- --- --------- --------- ------ ----- ----- ----- ----- ----- ----- ----- ---- ---------------------
NW_025965233.1_RagTag:123560-122163   -            466 26534at314147        -            219     2e-34  115.3   0.0   1   1   4.2e-36     3e-34  114.7   0.0    20   212    60   257    53   264 0.92 -
contig_66008_pilon:1783-2643          -            287 26534at314147        -            219     4e-34  114.3   0.0   1   1   7.6e-36   5.4e-34  113.9   0.0    20   216    39   240    31   243 0.92 -
contig_37224_pilon:1729-2460          -            244 26534at314147        -            219   1.9e-30  102.3   0.1   1   1   3.3e-32   2.3e-30  102.0   0.1    20   205    53   243    40   244 0.90 -
NW_025965099.1_RagTag:15123-16034     -            304 26534at314147        -            219   1.5e-29   99.4   0.1   1   1   2.8e-31     2e-29   98.9   0.1    20   211    81   277    71   285 0.89 -
NW_025965499.1_RagTag:3947-3072       -            292 26534at314147        -            219   1.7e-29   99.1   0.0   1   1   3.1e-31   2.2e-29   98.8   0.0    20   212    54   251    42   259 0.88 -
contig_31429_pilon:300-887            -            196 26534at314147        -            219   6.6e-24   80.9   0.3   1   1   1.3e-25   8.9e-24   80.5   0.3    20   163    54   196    47   196 0.93 -
contig_34309_pilon:705-58             -            216 26534at314147        -            219   2.3e-22   75.8   0.0   1   1   4.6e-24   3.2e-22   75.3   0.0    20   164    62   205    53   212 0.92 -
contig_34501_pilon:2315-1617          -            233 26534at314147        -            219   4.2e-22   75.0   0.0   1   1   7.2e-24   5.1e-22   74.7   0.0    45   212     7   180     1   187 0.86 -
contig_83342_pilon:1449-964           -            162 26534at314147        -            219   1.9e-20   69.6   0.0   1   1   2.7e-22   1.9e-20   69.6   0.0    58   169     2   114     1   161 0.85 -
NW_025965218.1_RagTag:1680171-1678010 -            316 26534at314147        -            219   1.8e-15   53.3   0.0   1   1   3.7e-17   2.6e-15   52.8   0.0   114   212   102   206    87   213 0.89 -
NW_025965321.1_RagTag:4471412-4470762 -            217 26534at314147        -            219     5e-15   51.8   0.0   1   1   8.8e-17   6.2e-15   51.5   0.0    20   169    59   209    46   215 0.86 -
NW_025965279.1_RagTag:87840-88469     -            210 26534at314147        -            219   5.4e-11   38.6   0.0   1   1   8.6e-13   6.1e-11   38.5   0.0    48   157     7   117     4   175 0.85 -
NW_025965256.1_RagTag:50807-50322     -            106 26534at314147        -            219   4.8e-10   35.6   0.0   1   1   7.4e-12   5.2e-10   35.4   0.0    22   112     1    89     1   105 0.87 -
NW_025965039.1_RagTag:243302-241628   -            156 26534at314147        -            219   5.8e-08   28.7   0.0   1   1     1e-09   7.3e-08   28.4   0.0    66   176    28   134     4   148 0.76 -
NW_025965072.1_RagTag:103895-102523   -            267 26534at314147        -            219   1.4e-06   24.2   0.3   1   2   2.4e-06   0.00017   17.4   0.0    10    86    15    87    10   108 0.86 -
NW_025965072.1_RagTag:103895-102523   -            267 26534at314147        -            219   1.4e-06   24.2   0.3   2   2     0.016       1.1    4.9   0.0   143   163   220   240   196   244 0.78 -
NW_025965287.1_RagTag:77543-78792     -            357 26534at314147        -            219   3.5e-06   22.9   0.0   1   1   7.5e-08   5.3e-06   22.3   0.0    73   163    48   144    38   160 0.78 -
NW_025965072.1_RagTag:53632-54166     -            103 26534at314147        -            219   0.00063   15.5   0.0   1   1   9.1e-06   0.00064   15.5   0.0   121   167    28    75    13   101 0.82 -
NW_025965313.1_RagTag:91187-92660     -            198 26534at314147        -            219    0.0012   14.6   0.1   1   2    0.0059      0.42    6.3   0.0    70   110    72   111    33   123 0.80 -
NW_025965313.1_RagTag:91187-92660     -            198 26534at314147        -            219    0.0012   14.6   0.1   2   2    0.0055      0.39    6.4   0.0   134   165   157   189   150   197 0.82 -
NW_025965401.1_RagTag:66129-68169     -            216 26534at314147        -            219    0.0053   12.5   0.1   1   2   0.00019     0.014   11.2   0.0    61   165    16   129     4   150 0.63 -
NW_025965401.1_RagTag:66129-68169     -            216 26534at314147        -            219    0.0053   12.5   0.1   2   2       2.8     2e+02   -2.4   0.0   174   198   189   215   183   216 0.71 -
NW_025965301.1_RagTag:74366-72619     -            331 26534at314147        -            219    0.0091   11.8   0.1   1   2    0.0003     0.021   10.6   0.0   102   164   145   205   139   211 0.87 -
NW_025965301.1_RagTag:74366-72619     -            331 26534at314147        -            219    0.0091   11.8   0.1   2   2       3.5   2.5e+02   -2.8   0.0   169   211   287   329   285   330 0.77 -
#
# Program:         hmmsearch
# Version:         3.1b2 (February 2015)
# Pipeline mode:   SEARCH
# Query file:      /home/bgerda/guppy_SUP/busco_downloads/lineages/glires_odb10/hmms/26534at314147.hmm
# Target file:     /home/bgerda/guppy_SUP/busco_results_flye/run_glires_odb10/metaeuk_output/rerun_results/ragtag.scaffold.fasta.modified.fas
# Option settings: hmmsearch --domtblout /home/bgerda/guppy_SUP/busco_results_flye/run_glires_odb10/hmmer_output/rerun_results/26534at314147.out --cpu 1 /home/bgerda/guppy_SUP/busco_downloads/lineages/glires_odb10/hmms/26534at314147.hmm /home/bgerda/guppy_SUP/busco_results_flye/run_glires_odb10/metaeuk_output/rerun_results/ragtag.scaffold.fasta.modified.fas 
# Current dir:     /home/bgerda/guppy_SUP
# Date:            Sun May 21 17:47:49 2023
# [ok]
