#                                                                                             --- full sequence --- -------------- this domain -------------   hmm coord   ali coord   env coord
# target name                         accession   tlen query name           accession   qlen   E-value  score  bias   #  of  c-Evalue  i-Evalue  score  bias  from    to  from    to  from    to  acc description of target
#                 ------------------- ---------- ----- -------------------- ---------- ----- --------- ------ ----- --- --- --------- --------- ------ ----- ----- ----- ----- ----- ----- ----- ---- ---------------------
NW_025965295.1_RagTag:980923-980003   -            307 26940at314147        -            302   2.3e-37  125.3  25.7   1   1     1e-38   2.8e-37  125.0  25.7    16   288    22   304    19   307 0.88 -
NW_025965230.1_RagTag:352145-351282   -            288 26940at314147        -            302   9.8e-35  116.6   7.1   1   1     4e-36   1.1e-34  116.5   7.1    14   282     1   285     1   288 0.82 -
NW_025965319.1_RagTag:190357-191175   -            273 26940at314147        -            302   8.1e-33  110.4  17.7   1   1   3.4e-34   9.3e-33  110.1  17.7    21   275     1   273     1   273 0.78 -
NW_025965108.1_RagTag:146498-147454   -            319 26940at314147        -            302   1.6e-22   76.6   3.2   1   1   6.9e-24   1.9e-22   76.3   3.2    15   291    12   312     1   317 0.76 -
NW_025965322.1_RagTag:1960872-1959480 -            250 26940at314147        -            302   1.4e-19   66.8  10.5   1   2   6.3e-20   1.7e-18   63.3   8.9     8   132    37   161    27   175 0.88 -
NW_025965322.1_RagTag:1960872-1959480 -            250 26940at314147        -            302   1.4e-19   66.8  10.5   2   2      0.13       3.4    3.2   0.0   252   289   202   239   196   248 0.84 -
NW_025965321.1_RagTag:4467400-4468259 -            265 26940at314147        -            302   3.6e-17   59.0  19.2   1   1   6.9e-16   1.9e-14   50.0  19.2    13   238    21   230    12   235 0.78 -
contig_25261_pilon:2046-1063          -            328 26940at314147        -            302   7.4e-14   48.1  11.5   1   1     4e-15   1.1e-13   47.6  11.5    49   284    59   312    16   325 0.75 -
NW_025965161.1_RagTag:422258-421552   -            235 26940at314147        -            302   8.5e-13   44.6   3.8   1   1     5e-14   1.4e-12   43.9   3.8    18   132    41   157    31   178 0.78 -
NW_025965314.1_RagTag:122427-124252   -            303 26940at314147        -            302   1.6e-12   43.7  18.1   1   1   8.2e-14   2.2e-12   43.2  18.1    10   287     9   300     5   303 0.69 -
contig_67641_pilon:774-58             -            239 26940at314147        -            302   4.5e-10   35.6   8.2   1   1   2.4e-11   6.4e-10   35.2   8.2    50   239    35   239     3   239 0.76 -
NW_025965278.1_RagTag:275474-274923   -            184 26940at314147        -            302   5.2e-10   35.5   2.1   1   1   2.2e-11     6e-10   35.3   2.1   111   282     1   179     1   184 0.76 -
contig_57973_pilon:1283-390           -            298 26940at314147        -            302   1.3e-09   34.2   4.0   1   1   5.6e-11   1.5e-09   33.9   4.0    18   213    20   229     9   280 0.75 -
contig_75679_pilon:841-1732           -            297 26940at314147        -            302   3.8e-09   32.6  10.9   1   1   1.4e-10   3.8e-09   32.6  10.9    19   158    21   163    12   173 0.83 -
NW_025965307.1_RagTag:60810-79015     -            239 26940at314147        -            302   1.3e-08   30.9   8.9   1   2   8.5e-10   2.3e-08   30.0   8.3    19   145    29   157    22   183 0.81 -
NW_025965307.1_RagTag:60810-79015     -            239 26940at314147        -            302   1.3e-08   30.9   8.9   2   2       2.5        69   -1.1   0.0   175   222   171   219   159   228 0.71 -
NW_025965057.1_RagTag:7581-6671       -            299 26940at314147        -            302   3.6e-08   29.4   6.8   1   1   2.4e-09   6.6e-08   28.5   6.8    17   131    24   137    12   155 0.82 -
NW_025965407.1_RagTag:8718-7813       -            302 26940at314147        -            302   4.6e-08   29.1   9.5   1   1   2.3e-09   6.3e-08   28.6   8.9    13   159    20   169    15   214 0.68 -
NW_025965161.1_RagTag:680683-681431   -            245 26940at314147        -            302   1.3e-07   27.5   2.7   1   2   4.9e-09   1.3e-07   27.5   2.7    53   146     6   102     2   118 0.80 -
NW_025965161.1_RagTag:680683-681431   -            245 26940at314147        -            302   1.3e-07   27.5   2.7   2   2       4.8   1.3e+02   -2.0   0.1    81    92   179   190   131   225 0.57 -
contig_44821_pilon:580-29             -            184 26940at314147        -            302   1.9e-07   27.1   6.3   1   1   8.6e-09   2.3e-07   26.7   6.3    16   134    23   142    15   165 0.84 -
NW_025965307.1_RagTag:989382-990869   -            496 26940at314147        -            302   2.9e-07   26.4  15.3   1   2   3.3e-06   8.9e-05   18.3   8.9    14   147     8   152     5   162 0.74 -
NW_025965307.1_RagTag:989382-990869   -            496 26940at314147        -            302   2.9e-07   26.4  15.3   2   2   0.00034    0.0091   11.7   0.4   211   274   429   489   409   494 0.71 -
NW_025965313.1_RagTag:66003-66494     -            164 26940at314147        -            302   3.2e-07   26.3  10.2   1   1   1.4e-08   3.8e-07   26.0  10.2     8   125    15   132    10   152 0.81 -
NW_025965256.1_RagTag:10422-9625      -            235 26940at314147        -            302   4.5e-07   25.8   3.4   1   1   2.9e-08   7.9e-07   25.0   3.4    20   123    26   128    19   136 0.85 -
NW_025965421.1_RagTag:181780-182473   -            214 26940at314147        -            302     9e-07   24.8   2.1   1   2   0.00068     0.019   10.7   0.2    76   140    14    81     6    95 0.81 -
NW_025965421.1_RagTag:181780-182473   -            214 26940at314147        -            302     9e-07   24.8   2.1   2   2     6e-05    0.0016   14.1   0.1   214   281   141   210   135   214 0.84 -
NW_025965008.1_RagTag:175847-175059   -            263 26940at314147        -            302     2e-06   23.7   8.1   1   1   7.5e-08     2e-06   23.7   8.1    15   133    18   136     9   169 0.77 -
NW_025965352.1_RagTag:14186-22519     -            218 26940at314147        -            302   2.7e-06   23.3   6.5   1   1   1.2e-07   3.1e-06   23.0   6.5    22   128    34   139    22   200 0.80 -
contig_31446_pilon:626-132            -            165 26940at314147        -            302   3.2e-06   23.0   3.1   1   1   1.5e-07     4e-06   22.7   3.1    17   134    18   139    11   154 0.72 -
NW_025965426.1_RagTag:28199-27276     -            308 26940at314147        -            302   4.4e-06   22.6   8.3   1   1   2.5e-07   6.7e-06   22.0   8.3    23   138    31   148    18   221 0.70 -
NW_025965331.1_RagTag:96702-97274     -            191 26940at314147        -            302   5.6e-06   22.2   4.0   1   1     3e-07   8.1e-06   21.7   4.0    53   135     2    85     1   117 0.70 -
contig_59306_pilon:1354-2245          -            287 26940at314147        -            302   7.6e-06   21.8   3.6   1   1   3.4e-07   9.1e-06   21.5   3.6    18   148    25   161    18   241 0.77 -
NW_025965123.1_RagTag:1718924-1717977 -            316 26940at314147        -            302   1.1e-05   21.2  15.3   1   2   4.2e-07   1.1e-05   21.2  15.3     8   157    30   181    26   263 0.72 -
NW_025965123.1_RagTag:1718924-1717977 -            316 26940at314147        -            302   1.1e-05   21.2  15.3   2   2       2.1        56   -0.8   1.2   107   202   217   313   192   316 0.51 -
NW_025965148.1_RagTag:252155-251081   -            358 26940at314147        -            302   1.6e-05   20.7   6.3   1   2   5.9e-07   1.6e-05   20.7   6.3    42   137    72   172    28   207 0.74 -
NW_025965148.1_RagTag:252155-251081   -            358 26940at314147        -            302   1.6e-05   20.7   6.3   2   2      0.44        12    1.4   0.1   197   243   290   336   278   350 0.75 -
NW_025965266.1_RagTag:245825-244296   -            282 26940at314147        -            302   1.8e-05   20.5   4.3   1   1   6.6e-07   1.8e-05   20.5   4.3    12   127    42   159    32   182 0.71 -
NW_025965008.1_RagTag:202275-201358   -            299 26940at314147        -            302   1.9e-05   20.5  13.1   1   1   6.8e-07   1.9e-05   20.5  13.1    16   156    27   164    15   197 0.82 -
NW_025965008.1_RagTag:223720-234340   -            293 26940at314147        -            302   2.1e-05   20.3   7.0   1   1   1.7e-06   4.6e-05   19.2   7.0     9   163    10   164     5   176 0.82 -
NW_025965101.1_RagTag:64024-64945     -            306 26940at314147        -            302   2.8e-05   19.9   7.6   1   2     1e-06   2.8e-05   19.9   7.6    16   125    22   131    14   147 0.86 -
NW_025965101.1_RagTag:64024-64945     -            306 26940at314147        -            302   2.8e-05   19.9   7.6   2   2       6.9   1.9e+02   -2.5   0.1    98   121   254   277   230   286 0.54 -
NW_025965151.1_RagTag:9979-9395       -            195 26940at314147        -            302   3.7e-05   19.5   7.6   1   1   1.7e-06   4.7e-05   19.2   7.6    16   130     1   116     1   145 0.74 -
contig_11065_pilon:1196-711           -            162 26940at314147        -            302   5.4e-05   19.0   7.2   1   1   2.4e-06   6.4e-05   18.7   7.2    16   124    23   131    13   144 0.77 -
NW_025965313.1_RagTag:1681515-1681919 -            135 26940at314147        -            302   5.4e-05   19.0   4.3   1   1   2.4e-06   6.6e-05   18.7   4.3    14   124    21   131    12   134 0.73 -
NW_025965182.1_RagTag:1858957-1883835 -            159 26940at314147        -            302   5.7e-05   18.9   5.4   1   1   2.6e-06     7e-05   18.6   5.4    14   128    26   140    17   153 0.74 -
contig_79807_pilon:426-37             -            130 26940at314147        -            302   6.3e-05   18.8   1.3   1   1   2.7e-06   7.3e-05   18.6   1.3    15   120    24   129    13   130 0.83 -
contig_70120_pilon:673-1560           -            296 26940at314147        -            302   9.5e-05   18.2   7.8   1   1   3.5e-06   9.5e-05   18.2   7.8    14   125    14   125     8   173 0.79 -
NW_025965203.1_RagTag:474900-475721   -            274 26940at314147        -            302   0.00011   17.9   7.7   1   1   5.3e-06   0.00014   17.6   7.7    17   157    16   158    10   201 0.76 -
NW_025965182.1_RagTag:1828145-1827444 -            234 26940at314147        -            302   0.00033   16.4   0.5   1   1   1.6e-05   0.00045   16.0   0.5    76   139    15    80     2   154 0.77 -
NW_025965256.1_RagTag:853566-854828   -            421 26940at314147        -            302   0.00055   15.7  15.0   1   2   7.3e-05     0.002   13.9   8.2    48   141    36   132     6   215 0.69 -
NW_025965256.1_RagTag:853566-854828   -            421 26940at314147        -            302   0.00055   15.7  15.0   2   2     0.022      0.61    5.7   0.5   211   282   245   319   229   339 0.67 -
contig_26960_pilon:499-1396           -            299 26940at314147        -            302   0.00063   15.5   2.2   1   1   4.5e-05    0.0012   14.5   2.2    16   129    23   137    16   154 0.77 -
NW_025965320.1_RagTag:848571-847992   -            167 26940at314147        -            302    0.0007   15.3   6.2   1   1   3.1e-05   0.00085   15.1   6.2    19   143    25   150    11   161 0.73 -
NW_025965307.1_RagTag:101318-100653   -            222 26940at314147        -            302   0.00094   14.9   0.3   1   3   3.5e-05   0.00094   14.9   0.3    86   145     6    66     3    86 0.68 -
NW_025965307.1_RagTag:101318-100653   -            222 26940at314147        -            302   0.00094   14.9   0.3   2   3       6.7   1.8e+02   -2.5   0.1   272   272   164   164   107   194 0.58 -
NW_025965307.1_RagTag:101318-100653   -            222 26940at314147        -            302   0.00094   14.9   0.3   3   3       8.4   2.3e+02   -2.8   0.0   262   278   183   199   176   219 0.44 -
NW_025965470.1_RagTag:892-166         -            167 26940at314147        -            302    0.0011   14.6   0.9   1   1   5.8e-05    0.0016   14.2   0.9    52   124     2    75     1    91 0.80 -
NW_025965274.1_RagTag:34946-34398     -            173 26940at314147        -            302    0.0012   14.6   2.6   1   1   4.7e-05    0.0013   14.5   2.6    36   126    37   132    10   162 0.68 -
contig_27735_pilon:496-1              -            159 26940at314147        -            302    0.0013   14.5   4.1   1   1   5.7e-05    0.0016   14.2   4.1    44   134    54   139    21   156 0.66 -
NW_025965426.1_RagTag:16724-114309    -            207 26940at314147        -            302    0.0018   14.0   2.9   1   2   7.6e-05    0.0021   13.8   0.2   100   127    15    42     1    78 0.79 -
NW_025965426.1_RagTag:16724-114309    -            207 26940at314147        -            302    0.0018   14.0   2.9   2   2      0.76        21    0.6   0.2   102   146   141   185   108   189 0.81 -
NW_025965054.1_RagTag:8391-7842       -            181 26940at314147        -            302    0.0023   13.7   3.1   1   1   9.3e-05    0.0025   13.5   3.1    50   127    59   137    23   166 0.74 -
NW_025965140.1_RagTag:1050743-1049943 -            238 26940at314147        -            302    0.0032   13.2   5.5   1   1   7.1e-05    0.0019   13.9   3.9    91   158    58   128     9   141 0.68 -
#
# Program:         hmmsearch
# Version:         3.1b2 (February 2015)
# Pipeline mode:   SEARCH
# Query file:      /home/bgerda/guppy_SUP/busco_downloads/lineages/glires_odb10/hmms/26940at314147.hmm
# Target file:     /home/bgerda/guppy_SUP/busco_results_flye/run_glires_odb10/metaeuk_output/rerun_results/ragtag.scaffold.fasta.modified.fas
# Option settings: hmmsearch --domtblout /home/bgerda/guppy_SUP/busco_results_flye/run_glires_odb10/hmmer_output/rerun_results/26940at314147.out --cpu 1 /home/bgerda/guppy_SUP/busco_downloads/lineages/glires_odb10/hmms/26940at314147.hmm /home/bgerda/guppy_SUP/busco_results_flye/run_glires_odb10/metaeuk_output/rerun_results/ragtag.scaffold.fasta.modified.fas 
# Current dir:     /home/bgerda/guppy_SUP
# Date:            Sun May 21 17:47:55 2023
# [ok]
