#                                                                                             --- full sequence --- -------------- this domain -------------   hmm coord   ali coord   env coord
# target name                         accession   tlen query name           accession   qlen   E-value  score  bias   #  of  c-Evalue  i-Evalue  score  bias  from    to  from    to  from    to  acc description of target
#                 ------------------- ---------- ----- -------------------- ---------- ----- --------- ------ ----- --- --- --------- --------- ------ ----- ----- ----- ----- ----- ----- ----- ---- ---------------------
NW_025965279.1_RagTag:87840-88469     -            210 27081at314147        -            274  8.5e-128  421.8   0.0   1   1  1.3e-129  9.7e-128  421.6   0.0    87   273     1   191     1   192 0.99 -
NW_025965321.1_RagTag:4471412-4470762 -            217 27081at314147        -            274   1.1e-54  182.0   0.0   1   1   1.7e-56   1.3e-54  181.8   0.0     6   218     4   212     1   216 0.91 -
NW_025965099.1_RagTag:15123-16034     -            304 27081at314147        -            274   1.2e-23   80.2   0.1   1   1   2.1e-25   1.5e-23   79.8   0.1    10   199    33   213    24   223 0.88 -
NW_025965039.1_RagTag:243302-241628   -            156 27081at314147        -            274     8e-23   77.5   0.0   1   1   1.4e-24     1e-22   77.1   0.0    86   214     1   126     1   132 0.92 -
NW_025965499.1_RagTag:3947-3072       -            292 27081at314147        -            274   5.1e-22   74.8   0.0   1   1   9.3e-24   6.9e-22   74.4   0.0    56   199    48   186     4   200 0.80 -
NW_025965233.1_RagTag:123560-122163   -            466 27081at314147        -            274   7.7e-21   71.0   0.0   1   1   1.5e-22   1.1e-20   70.5   0.0   102   216    94   209    34   224 0.85 -
contig_34309_pilon:705-58             -            216 27081at314147        -            274   1.2e-19   67.0   0.0   1   1   2.2e-21   1.7e-19   66.6   0.0     5   202     9   197     5   212 0.85 -
contig_66008_pilon:1783-2643          -            287 27081at314147        -            274   5.8e-19   64.8   0.0   1   1   1.3e-20   9.5e-19   64.1   0.0    58   216    35   188    20   202 0.86 -
NW_025965256.1_RagTag:50807-50322     -            106 27081at314147        -            274   2.8e-18   62.6   0.0   1   1   4.4e-20   3.3e-18   62.3   0.0    85   161    17    92    11   103 0.94 -
contig_37224_pilon:1729-2460          -            244 27081at314147        -            274   9.2e-18   60.9   0.0   1   1   1.6e-19   1.2e-17   60.5   0.0    50   208    44   194     1   216 0.75 -
contig_34501_pilon:2315-1617          -            233 27081at314147        -            274   1.5e-17   60.1   0.0   1   1   2.9e-19   2.1e-17   59.7   0.0   109   202    24   118     9   136 0.89 -
contig_31429_pilon:300-887            -            196 27081at314147        -            274     1e-15   54.1   0.0   1   1   1.7e-17   1.3e-15   53.8   0.0     9   202     5   189     1   194 0.84 -
contig_83342_pilon:1449-964           -            162 27081at314147        -            274     2e-11   40.1   0.0   1   1   3.6e-13   2.7e-11   39.6   0.0   117   203    14   101     2   114 0.85 -
NW_025965287.1_RagTag:77543-78792     -            357 27081at314147        -            274     1e-09   34.5   0.0   1   1   2.1e-11   1.6e-09   33.8   0.0   113   203    41   137    29   152 0.83 -
NW_025965548.1_RagTag:8831-2086       -            436 27081at314147        -            274     4e-09   32.5   0.1   1   2   1.3e-10   9.9e-09   31.2   0.0   111   159   319   370   305   403 0.78 -
NW_025965548.1_RagTag:8831-2086       -            436 27081at314147        -            274     4e-09   32.5   0.1   2   2       3.4   2.5e+02   -2.9   0.0   100   117   404   421   394   425 0.83 -
NW_025965313.1_RagTag:91187-92660     -            198 27081at314147        -            274   5.6e-07   25.5   0.0   1   2   4.6e-08   3.4e-06   22.9   0.0   121   162    76   117    66   143 0.82 -
NW_025965313.1_RagTag:91187-92660     -            198 27081at314147        -            274   5.6e-07   25.5   0.0   2   2      0.37        27    0.3   0.0   185   203   162   180   147   187 0.81 -
NW_025965066.1_RagTag:88774-90354     -            181 27081at314147        -            274   8.6e-07   24.9   0.2   1   2      0.53        40   -0.3   0.0     9    25    22    38    17    91 0.56 -
NW_025965066.1_RagTag:88774-90354     -            181 27081at314147        -            274   8.6e-07   24.9   0.2   2   2   5.7e-08   4.3e-06   22.6   0.1   119   202    96   171    82   178 0.85 -
NW_025965301.1_RagTag:74366-72619     -            331 27081at314147        -            274   1.6e-06   24.0   0.0   1   2   1.8e-07   1.3e-05   21.0   0.0   148   213   145   208   126   216 0.82 -
NW_025965301.1_RagTag:74366-72619     -            331 27081at314147        -            274   1.6e-06   24.0   0.0   2   2       0.3        22    0.6   0.0   230   263   291   324   272   327 0.87 -
NW_025965401.1_RagTag:66129-68169     -            216 27081at314147        -            274   4.2e-06   22.6   0.0   1   1   9.7e-08   7.2e-06   21.8   0.0   102   202    10   120     3   136 0.68 -
#
# Program:         hmmsearch
# Version:         3.1b2 (February 2015)
# Pipeline mode:   SEARCH
# Query file:      /home/bgerda/guppy_SUP/busco_downloads/lineages/glires_odb10/hmms/27081at314147.hmm
# Target file:     /home/bgerda/guppy_SUP/busco_results_flye/run_glires_odb10/metaeuk_output/rerun_results/ragtag.scaffold.fasta.modified.fas
# Option settings: hmmsearch --domtblout /home/bgerda/guppy_SUP/busco_results_flye/run_glires_odb10/hmmer_output/rerun_results/27081at314147.out --cpu 1 /home/bgerda/guppy_SUP/busco_downloads/lineages/glires_odb10/hmms/27081at314147.hmm /home/bgerda/guppy_SUP/busco_results_flye/run_glires_odb10/metaeuk_output/rerun_results/ragtag.scaffold.fasta.modified.fas 
# Current dir:     /home/bgerda/guppy_SUP
# Date:            Sun May 21 17:47:53 2023
# [ok]
