#                                                                                             --- full sequence --- -------------- this domain -------------   hmm coord   ali coord   env coord
# target name                         accession   tlen query name           accession   qlen   E-value  score  bias   #  of  c-Evalue  i-Evalue  score  bias  from    to  from    to  from    to  acc description of target
#                 ------------------- ---------- ----- -------------------- ---------- ----- --------- ------ ----- --- --- --------- --------- ------ ----- ----- ----- ----- ----- ----- ----- ---- ---------------------
NW_025965426.1_RagTag:110716-40808    -            261 27212at314147        -            237   1.5e-74  247.3  11.3   1   1   2.4e-75   2.3e-74  246.7  11.3     4   228     2   234     1   240 0.87 -
NW_025965426.1_RagTag:123899-78408    -            297 27212at314147        -            237   7.4e-69  228.7  20.4   1   1   1.1e-69   1.1e-68  228.1  20.4     2   228     8   247     7   254 0.92 -
NW_025965426.1_RagTag:65725-66621     -            299 27212at314147        -            237   2.2e-62  207.5  23.2   1   1   3.1e-63   2.9e-62  207.1  23.2     3   228     7   254     5   259 0.89 -
NW_025965352.1_RagTag:41240-40296     -            315 27212at314147        -            237   4.2e-59  196.7  16.2   1   1   8.1e-60   7.6e-59  195.9  16.2     3   225    19   263    17   271 0.87 -
NW_025965426.1_RagTag:115522-109837   -            291 27212at314147        -            237   1.7e-57  191.4  20.8   1   1   1.9e-58   1.7e-57  191.4  20.8    14   227    13   245     1   250 0.83 -
NW_025965426.1_RagTag:28199-27276     -            308 27212at314147        -            237   4.9e-57  190.0  20.4   1   1     7e-58   6.6e-57  189.5  20.4     1   225     7   253     7   259 0.90 -
NW_025965352.1_RagTag:124529-3760     -            280 27212at314147        -            237   1.2e-49  165.8  17.2   1   1   1.7e-50   1.6e-49  165.4  17.2    29   235    22   247    11   249 0.89 -
NW_025965352.1_RagTag:14186-22519     -            218 27212at314147        -            237   1.5e-47  158.9  16.4   1   1   1.9e-48   1.8e-47  158.7  16.4     1   194    11   218    11   218 0.88 -
NW_025965426.1_RagTag:16596-71906     -            264 27212at314147        -            237   7.4e-46  153.4  20.6   1   1   1.1e-46     1e-45  152.9  20.6    36   222    19   219     1   223 0.83 -
NW_025965426.1_RagTag:16724-114309    -            207 27212at314147        -            237   3.3e-42  141.4   7.7   1   1     6e-43   5.6e-42  140.7   7.7    75   226     4   160     2   166 0.94 -
NW_025965317.1_RagTag:2643605-2644525 -            307 27212at314147        -            237   3.5e-37  125.0  17.7   1   1   5.3e-38   4.9e-37  124.5  17.7    30   225    46   256    12   266 0.84 -
NW_025965426.1_RagTag:97760-97172     -            168 27212at314147        -            237   1.7e-36  122.8   8.1   1   2   7.3e-15   6.8e-14   48.7   0.2    75   112     2    39     1    44 0.95 -
NW_025965426.1_RagTag:97760-97172     -            168 27212at314147        -            237   1.7e-36  122.8   8.1   2   2   1.1e-23     1e-22   77.6   3.0   137   223    41   127    40   132 0.98 -
NW_025965352.1_RagTag:27074-26319     -            252 27212at314147        -            237   1.4e-34  116.5  13.5   1   1     2e-35   1.9e-34  116.0  13.5    42   226     4   202     2   212 0.83 -
NW_025965426.1_RagTag:62278-62697     -            140 27212at314147        -            237   4.8e-32  108.2   6.4   1   1   7.1e-33   6.7e-32  107.7   6.4   137   228     1    92     1    98 0.92 -
contig_56588_pilon:2331-1522          -            270 27212at314147        -            237     1e-29  100.6  22.6   1   1   1.5e-30   1.4e-29  100.1  22.6    40   225    19   218     2   223 0.82 -
contig_19055_pilon:1689-777           -            302 27212at314147        -            237   1.4e-28   96.9  14.8   1   1   2.3e-29   2.1e-28   96.2  14.8    69   223    91   250    82   261 0.88 -
NW_025965182.1_RagTag:1842087-1841153 -            311 27212at314147        -            237     3e-28   95.7  20.6   1   1   4.4e-29   4.1e-28   95.3  20.6     3   228    11   257     9   263 0.83 -
contig_45575_pilon:1089-2022          -            293 27212at314147        -            237   4.3e-28   95.2   8.3   1   1   6.3e-29   5.9e-28   94.8   8.3    32   224    49   249    16   265 0.83 -
NW_025965307.1_RagTag:101318-100653   -            222 27212at314147        -            237   1.6e-27   93.4   6.6   1   1   2.5e-28   2.3e-27   92.8   6.6    73   226     6   164     2   169 0.84 -
NW_025965431.1_RagTag:15927-16821     -            296 27212at314147        -            237     1e-26   90.7  22.0   1   1   1.4e-27   1.3e-26   90.4  22.0    31   226    33   244     1   249 0.78 -
contig_68255_pilon:901-37             -            282 27212at314147        -            237     1e-26   90.7  18.7   1   1   1.5e-27   1.4e-26   90.3  18.7    25   227    33   252    10   256 0.78 -
NW_025965057.1_RagTag:7581-6671       -            299 27212at314147        -            237   1.9e-26   89.8  21.2   1   1   2.6e-27   2.4e-26   89.5  21.2    31   226    43   249     8   257 0.81 -
contig_57973_pilon:1283-390           -            298 27212at314147        -            237   2.5e-25   86.2  16.5   1   1   3.7e-26   3.5e-25   85.7  16.5     2   223     2   245     1   252 0.83 -
contig_75679_pilon:841-1732           -            297 27212at314147        -            237   3.1e-25   85.9  21.4   1   1   4.4e-26   4.1e-25   85.5  21.4    30   226    38   248     3   253 0.81 -
contig_23379_pilon:2126-1202          -            308 27212at314147        -            237   3.2e-25   85.8  23.3   1   1   4.7e-26   4.4e-25   85.4  23.3     3   228    17   264    15   269 0.84 -
NW_025965581.1_RagTag:2793-3714       -            306 27212at314147        -            237   6.9e-25   84.7  14.6   1   1   1.1e-25     1e-24   84.2  14.6     4   226    10   253     7   258 0.77 -
NW_025965123.1_RagTag:1941086-1843483 -            291 27212at314147        -            237   7.9e-25   84.5  19.9   1   1   1.2e-25   1.1e-24   84.0  19.9    31   227    36   243    14   257 0.74 -
NW_025965101.1_RagTag:64024-64945     -            306 27212at314147        -            237   8.2e-25   84.5  23.2   1   1   1.2e-25   1.1e-24   84.0  23.2     3   224     7   249     5   255 0.78 -
contig_72712_pilon:586-1510           -            303 27212at314147        -            237   8.3e-25   84.5  21.2   1   1   1.5e-25   1.4e-24   83.7  21.2    32   224    51   252    15   258 0.82 -
NW_025965274.1_RagTag:27055-27957     -            301 27212at314147        -            237   1.3e-24   83.9  22.9   1   1   2.2e-25   2.1e-24   83.2  22.9    32   224    40   246     6   252 0.82 -
NW_025965123.1_RagTag:1929321-1843492 -            299 27212at314147        -            237   1.4e-24   83.7  19.7   1   1     2e-25   1.9e-24   83.3  19.7    27   227    41   254     9   268 0.72 -
NW_025965123.1_RagTag:1722930-1722012 -            302 27212at314147        -            237   1.4e-24   83.7  22.5   1   1   2.2e-25   2.1e-24   83.2  22.5    30   223    46   248    12   254 0.78 -
contig_30879_pilon:3566-2666          -            294 27212at314147        -            237   2.4e-24   83.0  16.5   1   1   4.1e-25   3.9e-24   82.3  16.5    30   222    35   242     6   246 0.76 -
NW_025965331.1_RagTag:92480-91715     -            253 27212at314147        -            237   2.7e-24   82.8  11.3   1   1   4.3e-25     4e-24   82.2  11.3    45   225     9   201     2   208 0.79 -
NW_025965313.1_RagTag:1671616-1670725 -            295 27212at314147        -            237   3.4e-24   82.5  24.2   1   1   5.3e-25     5e-24   81.9  24.2    31   223    34   238    18   244 0.82 -
NW_025965320.1_RagTag:879423-878506   -            306 27212at314147        -            237   4.9e-24   81.9  21.3   1   1   6.9e-25   6.5e-24   81.5  21.3    38   224    54   259    15   265 0.80 -
NW_025965331.1_RagTag:94464-97450     -            300 27212at314147        -            237   8.3e-24   81.2  13.5   1   1   1.4e-24   1.3e-23   80.6  13.5     4   226    13   261    10   270 0.80 -
NW_025965123.1_RagTag:1816711-1817613 -            301 27212at314147        -            237   1.7e-23   80.2  23.0   1   1   2.5e-24   2.3e-23   79.7  23.0     3   226     8   252     6   260 0.73 -
NW_025965138.1_RagTag:16325-15471     -            285 27212at314147        -            237   1.7e-23   80.1  20.2   1   1   2.7e-24   2.5e-23   79.6  20.2    24   226    24   239    11   245 0.76 -
NW_025965274.1_RagTag:6040-6949       -            298 27212at314147        -            237   2.1e-23   79.9  21.6   1   1   3.5e-24   3.3e-23   79.2  21.6    32   224    45   246     9   252 0.81 -
contig_11065_pilon:1208-299           -            298 27212at314147        -            237   2.2e-23   79.8  17.4   1   1   3.6e-24   3.4e-23   79.2  16.7     3   226    11   255     9   264 0.68 -
NW_025965320.1_RagTag:900507-899674   -            272 27212at314147        -            237   2.2e-23   79.8  16.7   1   1   3.2e-24     3e-23   79.4  16.7    46   225    33   221     7   226 0.78 -
NW_025965080.1_RagTag:598476-601194   -            280 27212at314147        -            237   5.2e-23   78.6  19.7   1   1   8.7e-24   8.2e-23   77.9  19.7    35   227    48   252     9   261 0.76 -
NW_025965008.1_RagTag:175847-175059   -            263 27212at314147        -            237   6.7e-23   78.2  21.7   1   1   9.1e-24   8.5e-23   77.9  21.7    33   225    41   248     3   254 0.78 -
NW_025965405.1_RagTag:31012-31919     -            302 27212at314147        -            237   8.9e-23   77.8  20.7   1   1   1.6e-23   1.5e-22   77.1  20.7    32   223    47   253    10   259 0.75 -
contig_72985_pilon:1524-2450          -            309 27212at314147        -            237   1.1e-22   77.5  25.1   1   1   1.2e-23   1.1e-22   77.5  25.1    32   222    50   254    12   260 0.78 -
contig_48637_pilon:1312-407           -            302 27212at314147        -            237   1.6e-22   77.0  18.9   1   1   2.3e-23   2.2e-22   76.5  18.9    43   223    55   249     6   255 0.74 -
contig_19626_pilon:1313-2228          -            305 27212at314147        -            237   1.7e-22   76.9  25.0   1   1   2.9e-23   2.7e-22   76.2  25.0    28   222    47   254    12   263 0.77 -
contig_26960_pilon:499-1396           -            299 27212at314147        -            237   1.8e-22   76.8  17.4   1   1   2.8e-23   2.7e-22   76.3  17.4    34   222    42   249    20   256 0.77 -
NW_025965123.1_RagTag:1718924-1717977 -            316 27212at314147        -            237   2.5e-22   76.4  22.0   1   1   3.6e-23   3.4e-22   75.9  22.0    40   223    67   264    20   270 0.74 -
NW_025965230.1_RagTag:1057622-1056699 -            308 27212at314147        -            237   2.6e-22   76.3  19.2   1   1     4e-23   3.7e-22   75.8  19.2    13   226    18   255     8   262 0.80 -
contig_9927_pilon:1818-955            -            288 27212at314147        -            237   2.7e-22   76.2  17.1   1   1   4.6e-23   4.3e-22   75.6  17.1    66   225    76   240    12   246 0.77 -
NW_025965315.1_RagTag:2533229-2534137 -            303 27212at314147        -            237   3.1e-22   76.0  19.1   1   1   3.3e-23   3.1e-22   76.0  19.1    56   222    80   250    40   263 0.82 -
NW_025965407.1_RagTag:8718-7813       -            302 27212at314147        -            237   4.7e-22   75.5  20.5   1   1   6.9e-23   6.5e-22   75.0  20.5    38   222    50   249     8   258 0.76 -
NW_025965146.1_RagTag:101506-100591   -            292 27212at314147        -            237     5e-22   75.4  18.7   1   1   9.7e-23   9.1e-22   74.5  18.7    30   221    45   235    14   244 0.78 -
contig_67131_pilon:1249-312           -            306 27212at314147        -            237   5.5e-22   75.2  20.5   1   1   8.6e-23   8.1e-22   74.7  20.5     3   228    22   263    20   267 0.81 -
NW_025965431.1_RagTag:7900-8652       -            251 27212at314147        -            237   5.7e-22   75.2  18.7   1   1   8.5e-23     8e-22   74.7  18.7    41   226    10   209     1   214 0.76 -
NW_025965182.1_RagTag:1828145-1827444 -            234 27212at314147        -            237   9.3e-22   74.5  10.3   1   1   1.3e-22   1.2e-21   74.1  10.3    65   225    17   182     3   188 0.87 -
NW_025965235.1_RagTag:60616-59771     -            282 27212at314147        -            237   1.4e-21   73.9  18.5   1   1   2.3e-22   2.2e-21   73.3  18.5    33   226    44   251     8   257 0.76 -
contig_14807_pilon:1552-638           -            291 27212at314147        -            237   1.6e-21   73.7  20.1   1   1   1.7e-22   1.6e-21   73.7  20.1    34   222    34   241     9   245 0.77 -
contig_17327_pilon:1297-574           -            240 27212at314147        -            237   2.1e-21   73.3  15.6   1   1   2.8e-22   2.7e-21   73.0  15.6    64   225    29   193     1   199 0.81 -
NW_025965313.1_RagTag:72608-73490     -            294 27212at314147        -            237   4.1e-21   72.4  23.3   1   1     7e-22   6.5e-21   71.7  23.3    28   222    30   238    13   245 0.85 -
contig_45284_pilon:1200-2107          -            300 27212at314147        -            237   4.8e-21   72.2  27.9   1   1   5.2e-22   4.9e-21   72.1  27.2     3   224     8   248     6   260 0.77 -
NW_025965320.1_RagTag:839989-839099   -            297 27212at314147        -            237   7.6e-21   71.5  19.6   1   1   1.1e-21   9.9e-21   71.1  19.6    46   226    51   245     1   250 0.72 -
contig_78135_pilon:1574-679           -            272 27212at314147        -            237   8.8e-21   71.3  19.2   1   1   1.4e-21   1.3e-20   70.7  19.2    41   227    30   226    21   234 0.77 -
NW_025965324.1_RagTag:3944352-3943433 -            303 27212at314147        -            237   1.3e-20   70.7  22.8   1   1   1.9e-21   1.8e-20   70.3  22.8     3   223    14   252    12   257 0.74 -
NW_025965305.1_RagTag:1658252-1659017 -            255 27212at314147        -            237   1.4e-20   70.6  19.8   1   1   2.1e-21   1.9e-20   70.2  19.8    30   228    19   235     4   239 0.74 -
NW_025965331.1_RagTag:109596-117605   -            293 27212at314147        -            237   1.5e-20   70.5  14.4   1   1   2.3e-21   2.1e-20   70.0  14.4     3   222     7   238     5   243 0.79 -
contig_36220_pilon:1250-2170          -            307 27212at314147        -            237   1.6e-20   70.4  21.4   1   1   2.5e-21   2.3e-20   69.9  21.4     4   227    12   257    10   262 0.80 -
NW_025965151.1_RagTag:9979-9395       -            195 27212at314147        -            237   1.7e-20   70.4  17.9   1   1   2.2e-21     2e-20   70.1  17.9    23   189    18   193     5   195 0.72 -
NW_025965123.1_RagTag:1777286-1697779 -            303 27212at314147        -            237   2.1e-20   70.1  22.8   1   1   3.2e-21     3e-20   69.5  22.8     4   225    12   252    10   257 0.82 -
NW_025965306.1_RagTag:21655-22420     -            246 27212at314147        -            237   2.2e-20   70.0  13.5   1   1   3.4e-21   3.2e-20   69.4  13.5    42   223     7   194     3   203 0.81 -
NW_025965101.1_RagTag:53784-23313     -            277 27212at314147        -            237   2.3e-20   69.9  16.2   1   2   7.8e-17   7.3e-16   55.2  12.3    23   165    29   193    10   195 0.75 -
NW_025965101.1_RagTag:53784-23313     -            277 27212at314147        -            237   2.3e-20   69.9  16.2   2   2   1.3e-05   0.00012   18.5   0.2   184   228   191   234   189   240 0.88 -
NW_025965431.1_RagTag:38831-37914     -            306 27212at314147        -            237   2.6e-20   69.7  20.6   1   1   4.2e-21   3.9e-20   69.2  20.4    36   226    51   256    29   263 0.80 -
NW_025965140.1_RagTag:853176-852295   -            294 27212at314147        -            237   2.8e-20   69.6  19.9   1   1   4.6e-21   4.3e-20   69.0  19.9    26   227    39   253     8   259 0.75 -
NW_025965305.1_RagTag:1655528-1654657 -            283 27212at314147        -            237   3.9e-20   69.2  20.6   1   1   5.6e-21   5.3e-20   68.7  20.6    20   226    24   251     6   254 0.71 -
NW_025965235.1_RagTag:62409-61518     -            297 27212at314147        -            237   4.3e-20   69.0  16.4   1   1   6.7e-21   6.3e-20   68.5  16.4    32   226    34   247     2   254 0.73 -
NW_025965008.1_RagTag:162738-163677   -            295 27212at314147        -            237   4.8e-20   68.9  20.7   1   1   1.2e-20   1.1e-19   67.7  20.7    36   223    47   236    10   243 0.78 -
NW_025965341.1_RagTag:125105-124206   -            295 27212at314147        -            237   5.5e-20   68.7  23.2   1   1   8.9e-21   8.3e-20   68.1  23.2    42   225    55   245    15   258 0.81 -
NW_025965123.1_RagTag:1940778-1940211 -            159 27212at314147        -            237   9.3e-20   67.9   8.3   1   1   1.2e-20   1.1e-19   67.7   8.3    89   220     1   136     1   153 0.75 -
contig_45643_pilon:2034-1115          -            303 27212at314147        -            237   9.5e-20   67.9  20.3   1   1   1.3e-20   1.3e-19   67.5  20.3    43   224    54   251    10   258 0.72 -
NW_025965123.1_RagTag:1755095-1868312 -            247 27212at314147        -            237   1.2e-19   67.5  21.0   1   1     2e-20   1.8e-19   67.0  21.0    41   201     8   182     2   198 0.85 -
NW_025965123.1_RagTag:1758147-1868285 -            279 27212at314147        -            237   1.3e-19   67.5  19.8   1   1   1.9e-20   1.8e-19   67.0  19.8     4   227     2   236     1   243 0.78 -
NW_025965331.1_RagTag:96702-97274     -            191 27212at314147        -            237   1.4e-19   67.4  14.3   1   1   1.6e-20   1.5e-19   67.3  14.3    61   222    25   191     1   191 0.76 -
NW_025965008.1_RagTag:230160-174970   -            285 27212at314147        -            237   1.6e-19   67.2  21.8   1   1   2.4e-20   2.3e-19   66.7  21.8    31   225    34   239    11   246 0.80 -
NW_025965233.1_RagTag:201426-202343   -            306 27212at314147        -            237   1.8e-19   67.0  21.3   1   1   2.6e-20   2.5e-19   66.5  21.3    11   224    18   253     7   259 0.71 -
NW_025965123.1_RagTag:1711444-1710527 -            306 27212at314147        -            237   2.2e-19   66.7  22.5   1   1   3.5e-20   3.3e-19   66.1  22.5    39   226    51   251    14   256 0.75 -
NW_025965203.1_RagTag:474900-475721   -            274 27212at314147        -            237   2.3e-19   66.7  16.9   1   1   3.1e-20   2.9e-19   66.3  16.9    29   224    34   241     1   248 0.72 -
NW_025965023.1_RagTag:902037-902794   -            252 27212at314147        -            237   7.4e-19   65.0  14.8   1   1   1.2e-19   1.1e-18   64.4  14.8    42   228     6   205     3   211 0.77 -
contig_81842_pilon:1622-733           -            265 27212at314147        -            237   8.3e-19   64.8  17.4   1   1   3.6e-19   3.4e-18   62.8  16.4    37   222    33   214     1   221 0.74 -
NW_025965258.1_RagTag:3890-4798       -            303 27212at314147        -            237   1.2e-18   64.3  20.7   1   1   1.9e-19   1.7e-18   63.8  20.7     3   226     7   252     5   257 0.79 -
NW_025965008.1_RagTag:223720-234340   -            293 27212at314147        -            237   1.4e-18   64.1  18.1   1   1   2.4e-19   2.2e-18   63.4  18.1    19   225    17   248     1   253 0.71 -
contig_30302_pilon:2200-1266          -            268 27212at314147        -            237   1.4e-18   64.1  23.2   1   1   2.6e-19   2.5e-18   63.3  23.2    40   226    55   241    12   245 0.71 -
contig_70120_pilon:673-1560           -            296 27212at314147        -            237   2.9e-18   63.0  16.8   1   1   4.3e-19   4.1e-18   62.6  16.8    27   224    32   243     1   251 0.73 -
NW_025965223.1_RagTag:142315-141397   -            298 27212at314147        -            237   3.7e-18   62.7  24.7   1   1   6.1e-19   5.7e-18   62.1  24.7    31   227    43   253     6   258 0.77 -
NW_025965054.1_RagTag:13482-18605     -            293 27212at314147        -            237     4e-18   62.6  14.7   1   1   1.1e-18   9.9e-18   61.3  14.7     4   228    10   246     7   251 0.72 -
NW_025965313.1_RagTag:1712957-1713860 -            301 27212at314147        -            237   5.5e-18   62.1  20.9   1   1   5.9e-19   5.5e-18   62.1  20.9    35   222    47   249     8   255 0.75 -
contig_59306_pilon:1354-2245          -            287 27212at314147        -            237   6.3e-18   61.9  17.5   1   1   4.6e-18   4.4e-17   59.2  17.5     4   223    12   242     9   247 0.74 -
NW_025965636.1_RagTag:15139-17837     -            286 27212at314147        -            237   9.2e-18   61.4  28.9   1   1   1.3e-18   1.2e-17   61.0  28.9     3   226    11   241     9   251 0.77 -
NW_025965149.1_RagTag:1697337-1697908 -            187 27212at314147        -            237   1.3e-17   60.9   6.0   1   1   1.9e-18   1.8e-17   60.5   6.0    99   227    10   140     2   145 0.87 -
NW_025965250.1_RagTag:33466-32791     -            224 27212at314147        -            237   2.3e-17   60.1  13.8   1   1   3.3e-18     3e-17   59.7  13.8     4   159    21   197    19   216 0.82 -
NW_025965313.1_RagTag:87-720          -            182 27212at314147        -            237     4e-17   59.3  18.3   1   2   1.9e-08   1.8e-07   27.7   2.5    72   111     2    41     1    43 0.95 -
NW_025965313.1_RagTag:87-720          -            182 27212at314147        -            237     4e-17   59.3  18.3   2   2   3.4e-11   3.2e-10   36.7  10.2   133   223    39   129    37   141 0.88 -
NW_025965151.1_RagTag:3061-3591       -            177 27212at314147        -            237   5.8e-17   58.8   3.8   1   1   8.4e-18   7.9e-17   58.3   3.8   131   225    33   127     1   137 0.82 -
NW_025965008.1_RagTag:215045-201349   -            285 27212at314147        -            237   6.2e-17   58.7  25.2   1   1   1.8e-15   1.7e-14   50.7  25.2    27   226    48   234    11   240 0.72 -
NW_025965315.1_RagTag:2553425-2554332 -            272 27212at314147        -            237   6.5e-17   58.6  17.6   1   1   8.9e-17   8.3e-16   55.0  17.5    42   226    54   223     7   236 0.77 -
NW_025965274.1_RagTag:837-1721        -            279 27212at314147        -            237   7.2e-17   58.5  20.4   1   1   3.1e-17   2.9e-16   56.5  20.2    31   225    36   229    19   235 0.79 -
NW_025965305.1_RagTag:1658185-1691545 -            198 27212at314147        -            237   1.5e-16   57.4  12.1   1   1     2e-17   1.9e-16   57.1  12.1    14   161    23   190     9   196 0.76 -
NW_025965008.1_RagTag:233145-252500   -            288 27212at314147        -            237   1.7e-16   57.2  19.5   1   1   2.7e-17   2.5e-16   56.7  19.5    31   222    43   251    11   260 0.70 -
NW_025965636.1_RagTag:17275-17852     -            185 27212at314147        -            237   1.7e-16   57.2  13.2   1   1   2.4e-17   2.3e-16   56.9  13.2    89   226     2   135     1   146 0.80 -
NW_025965008.1_RagTag:202275-201358   -            299 27212at314147        -            237   1.9e-16   57.1  24.6   1   1   2.6e-17   2.5e-16   56.7  24.6     3   226    11   251     9   257 0.73 -
contig_17158_pilon:2154-1615          -            180 27212at314147        -            237   2.8e-16   56.5   7.4   1   1   3.9e-17   3.6e-16   56.2   7.4   104   224     1   126     1   133 0.84 -
NW_025965123.1_RagTag:1857972-1805304 -            233 27212at314147        -            237   3.6e-16   56.2  16.3   1   2   2.3e-06   2.1e-05   20.9   3.3    37   104    19    95     2    97 0.72 -
NW_025965123.1_RagTag:1857972-1805304 -            233 27212at314147        -            237   3.6e-16   56.2  16.3   2   2   7.5e-13   7.1e-12   42.1   5.3   127   226    94   192    92   197 0.83 -
NW_025965418.1_RagTag:2486-3066       -            193 27212at314147        -            237   8.8e-16   54.9   4.1   1   1   1.2e-16   1.2e-15   54.5   4.1    90   226     2   142     1   147 0.81 -
NW_025965008.1_RagTag:190757-190121   -            194 27212at314147        -            237   1.3e-15   54.4  16.0   1   2   1.8e-09   1.6e-08   31.1   9.1    69   162     3   101     1   104 0.76 -
NW_025965008.1_RagTag:190757-190121   -            194 27212at314147        -            237   1.3e-15   54.4  16.0   2   2   1.4e-08   1.4e-07   28.1   0.7   182   224   103   145   101   152 0.93 -
NW_025965256.1_RagTag:10422-9625      -            235 27212at314147        -            237   1.6e-15   54.1  18.0   1   2   6.7e-08   6.3e-07   25.9   5.4     4   109     8   128     5   131 0.62 -
NW_025965256.1_RagTag:10422-9625      -            235 27212at314147        -            237   1.6e-15   54.1  18.0   2   2   2.6e-10   2.4e-09   33.9   5.3   139   222   132   215   128   224 0.89 -
NW_025965146.1_RagTag:106091-108871   -            298 27212at314147        -            237   1.6e-15   54.0  16.6   1   1   2.5e-16   2.3e-15   53.5  16.6    15   227    19   248     8   253 0.74 -
contig_16391_pilon:1989-1067          -            287 27212at314147        -            237   1.7e-15   54.0  17.0   1   1   2.7e-16   2.6e-15   53.4  17.0    49   225    68   236    10   241 0.68 -
NW_025965313.1_RagTag:1671674-1667331 -            291 27212at314147        -            237     3e-15   53.2  19.1   1   2   2.2e-13     2e-12   43.9  17.9    31   170    52   205    35   212 0.77 -
NW_025965313.1_RagTag:1671674-1667331 -            291 27212at314147        -            237     3e-15   53.2  19.1   2   2    0.0094     0.088    9.1   0.0   194   222   211   239   201   243 0.79 -
NW_025965101.1_RagTag:83257-84169     -            303 27212at314147        -            237     9e-15   51.6  13.4   1   1   1.1e-14     1e-13   48.2  13.4    28   222    37   247     7   253 0.70 -
NW_025965054.1_RagTag:13789-14400     -            169 27212at314147        -            237   1.2e-14   51.2   2.9   1   2   6.1e-13   5.7e-12   42.4   0.5    86   168     7    90     2    93 0.78 -
NW_025965054.1_RagTag:13789-14400     -            169 27212at314147        -            237   1.2e-14   51.2   2.9   2   2    0.0058     0.054    9.8   0.1   200   227    92   119    88   124 0.85 -
NW_025965140.1_RagTag:1050743-1049943 -            238 27212at314147        -            237     4e-14   49.5  12.5   1   2   5.7e-13   5.3e-12   42.5   9.2    30   164     6   151     2   161 0.80 -
NW_025965140.1_RagTag:1050743-1049943 -            238 27212at314147        -            237     4e-14   49.5  12.5   2   2     0.013      0.12    8.7   0.1   203   226   165   188   150   193 0.78 -
contig_32555_pilon:2206-1306          -            263 27212at314147        -            237   1.8e-13   47.3   4.2   1   2      0.58       5.4    3.2   2.0    16    65    13    70     1    99 0.53 -
contig_32555_pilon:2206-1306          -            263 27212at314147        -            237   1.8e-13   47.3   4.2   2   2   1.9e-14   1.8e-13   47.3   4.2   135   223   121   207   115   216 0.91 -
NW_025965307.1_RagTag:60810-79015     -            239 27212at314147        -            237   2.9e-13   46.7  14.1   1   2   5.2e-12   4.8e-11   39.4  11.2    14   129    18   154    11   163 0.76 -
NW_025965307.1_RagTag:60810-79015     -            239 27212at314147        -            237   2.9e-13   46.7  14.1   2   2     0.017      0.16    8.3   0.1   201   227   167   193   155   198 0.82 -
NW_025965161.1_RagTag:669607-679059   -            309 27212at314147        -            237   3.9e-13   46.2  20.7   1   1   5.9e-14   5.5e-13   45.8  20.7    29   226    45   260    27   265 0.72 -
NW_025965123.1_RagTag:1698432-1698860 -            143 27212at314147        -            237   5.1e-13   45.9   6.0   1   1   7.6e-14   7.1e-13   45.4   6.0   138   225     5    92     2    97 0.93 -
contig_44821_pilon:580-29             -            184 27212at314147        -            237   7.7e-13   45.3   9.9   1   1   1.2e-13   1.1e-12   44.7   9.9    29   149    42   176     7   183 0.70 -
NW_025965161.1_RagTag:680683-681431   -            245 27212at314147        -            237   8.6e-13   45.1  11.5   1   1   1.2e-13   1.1e-12   44.7  11.5    47   226     6   195     1   202 0.72 -
NW_025965182.1_RagTag:1858957-1883835 -            159 27212at314147        -            237   1.5e-12   44.4   8.0   1   1   2.1e-13   1.9e-12   44.0   8.0     4   114    12   140    10   155 0.73 -
contig_27735_pilon:496-1              -            159 27212at314147        -            237     2e-12   44.0   7.5   1   1   2.5e-13   2.3e-12   43.7   7.5    24   135    32   154    10   159 0.67 -
NW_025965352.1_RagTag:30908-30391     -            165 27212at314147        -            237   2.9e-12   43.4   7.2   1   1   3.9e-13   3.7e-12   43.1   7.2    29   170    12   159     2   163 0.74 -
NW_025965574.1_RagTag:1186-283        -            296 27212at314147        -            237   5.9e-12   42.4  20.4   1   1   8.6e-13   8.1e-12   41.9  20.4    33   226    40   246     6   251 0.73 -
NW_025965151.1_RagTag:2674-33200      -            281 27212at314147        -            237   5.2e-11   39.3  19.0   1   2      0.12       1.1    5.5   8.4     3    94    11   119     9   125 0.75 -
NW_025965151.1_RagTag:2674-33200      -            281 27212at314147        -            237   5.2e-11   39.3  19.0   2   2   1.1e-11   9.9e-11   38.4   5.6   129   224   120   215   112   223 0.93 -
NW_025965470.1_RagTag:892-166         -            167 27212at314147        -            237   1.5e-10   37.7   4.3   1   1   3.3e-11   3.1e-10   36.8   4.3    70   167    35   120     1   148 0.85 -
NW_025965080.1_RagTag:600360-618320   -            249 27212at314147        -            237   1.9e-10   37.5   9.4   1   1   2.9e-11   2.8e-10   36.9   9.4    32   175    42   200     5   225 0.68 -
NW_025965008.1_RagTag:183941-179497   -            147 27212at314147        -            237   2.3e-10   37.2   7.0   1   1   2.8e-11   2.7e-10   37.0   7.0     3   111     3   121     1   134 0.71 -
NW_025965080.1_RagTag:598939-599367   -            143 27212at314147        -            237   2.8e-10   36.9   3.8   1   1   4.3e-11     4e-10   36.4   3.8   132   225     5    97     2   101 0.78 -
NW_025965320.1_RagTag:848571-847992   -            167 27212at314147        -            237   2.9e-10   36.9  14.3   1   2   1.2e-08   1.1e-07   28.4   7.3     3   114     7   135     5   136 0.68 -
NW_025965320.1_RagTag:848571-847992   -            167 27212at314147        -            237   2.9e-10   36.9  14.3   2   2   0.00011    0.0011   15.4   1.0   133   165   133   165   131   167 0.91 -
NW_025965313.1_RagTag:1681515-1681919 -            135 27212at314147        -            237   8.2e-10   35.4   6.6   1   1   1.2e-10   1.1e-09   34.9   6.6     4   110     8   131     6   134 0.79 -
NW_025965313.1_RagTag:72632-73156     -            175 27212at314147        -            237   8.7e-10   35.3  16.6   1   1   1.2e-10   1.1e-09   35.0  16.6    28   167    22   175     8   175 0.81 -
NW_025965274.1_RagTag:34946-34398     -            173 27212at314147        -            237   3.6e-09   33.3  11.2   1   1   6.3e-10   5.9e-09   32.6  11.2     4   156     5   173     2   173 0.74 -
NW_025965054.1_RagTag:8391-7842       -            181 27212at314147        -            237   5.7e-09   32.6   4.4   1   1   7.3e-10   6.9e-09   32.4   4.4    40   148    55   175    12   179 0.69 -
contig_38642_pilon:2280-1692          -            180 27212at314147        -            237   1.1e-08   31.7   7.9   1   1   2.6e-09   2.5e-08   30.5   7.9    87   225     5   134     2   139 0.71 -
NW_025965305.1_RagTag:1658676-1659117 -            140 27212at314147        -            237   1.5e-08   31.2   1.5   1   1   2.1e-09     2e-08   30.8   1.5   135   228     2    94     1    98 0.80 -
contig_11065_pilon:1196-711           -            162 27212at314147        -            237   2.1e-08   30.8   8.3   1   1   5.3e-09   4.9e-08   29.6   8.3     3   111     7   132     5   138 0.60 -
NW_025965313.1_RagTag:17016-73481     -            167 27212at314147        -            237   2.2e-08   30.7   7.8   1   1   3.3e-09   3.1e-08   30.2   7.0   133   222    33   114    16   123 0.84 -
contig_31446_pilon:626-132            -            165 27212at314147        -            237   2.4e-08   30.6   7.1   1   1   3.8e-09   3.5e-08   30.0   7.1    24   120    29   141    17   164 0.64 -
contig_79807_pilon:426-37             -            130 27212at314147        -            237   4.5e-08   29.7   4.2   1   1   5.9e-09   5.5e-08   29.4   4.2    41   107    55   130     7   130 0.66 -
NW_025965313.1_RagTag:66003-66494     -            164 27212at314147        -            237     3e-07   27.0  15.3   1   1   4.6e-08   4.3e-07   26.5  15.2    30   114    42   135     6   158 0.71 -
contig_46898_pilon:740-1106           -            111 27212at314147        -            237     3e-05   20.4   7.9   1   1   3.3e-06   3.1e-05   20.4   7.9    30   126    10   107     1   111 0.81 -
NW_025965405.1_RagTag:2483-2934       -            143 27212at314147        -            237   7.7e-05   19.1   2.6   1   1   1.2e-05   0.00011   18.6   2.6   138   228     7    92     3   100 0.82 -
NW_025965131.1_RagTag:183-786         -            196 27212at314147        -            237    0.0003   17.2  11.1   1   1   3.9e-05   0.00036   16.9  11.1    83   212     7   138     1   149 0.74 -
#
# Program:         hmmsearch
# Version:         3.1b2 (February 2015)
# Pipeline mode:   SEARCH
# Query file:      /home/bgerda/guppy_SUP/busco_downloads/lineages/glires_odb10/hmms/27212at314147.hmm
# Target file:     /home/bgerda/guppy_SUP/busco_results_flye/run_glires_odb10/metaeuk_output/rerun_results/ragtag.scaffold.fasta.modified.fas
# Option settings: hmmsearch --domtblout /home/bgerda/guppy_SUP/busco_results_flye/run_glires_odb10/hmmer_output/rerun_results/27212at314147.out --cpu 1 /home/bgerda/guppy_SUP/busco_downloads/lineages/glires_odb10/hmms/27212at314147.hmm /home/bgerda/guppy_SUP/busco_results_flye/run_glires_odb10/metaeuk_output/rerun_results/ragtag.scaffold.fasta.modified.fas 
# Current dir:     /home/bgerda/guppy_SUP
# Date:            Sun May 21 17:47:42 2023
# [ok]
