#                                                                                             --- full sequence --- -------------- this domain -------------   hmm coord   ali coord   env coord
# target name                         accession   tlen query name           accession   qlen   E-value  score  bias   #  of  c-Evalue  i-Evalue  score  bias  from    to  from    to  from    to  acc description of target
#                 ------------------- ---------- ----- -------------------- ---------- ----- --------- ------ ----- --- --- --------- --------- ------ ----- ----- ----- ----- ----- ----- ----- ---- ---------------------
NW_025965352.1_RagTag:41240-40296     -            315 28052at314147        -            289  3.8e-106  351.1  16.9   1   1  4.9e-107  4.4e-106  350.9  16.9     3   288    10   308     8   309 0.92 -
NW_025965426.1_RagTag:28199-27276     -            308 28052at314147        -            289   4.3e-90  298.4  17.3   1   1   5.5e-91   4.8e-90  298.2  17.3     4   289     2   299     1   299 0.93 -
NW_025965352.1_RagTag:124529-3760     -            280 28052at314147        -            289   1.8e-87  289.8  16.5   1   1   2.4e-88   2.2e-87  289.5  16.5    32   287    18   280     9   280 0.94 -
NW_025965426.1_RagTag:115522-109837   -            291 28052at314147        -            289   1.1e-78  260.9  19.3   1   1   1.4e-79   1.2e-78  260.8  19.3    25   288    18   288     1   289 0.91 -
NW_025965426.1_RagTag:123899-78408    -            297 28052at314147        -            289   1.3e-72  241.1  18.9   1   1   1.7e-73   1.5e-72  240.9  18.9     5   288     3   289     1   290 0.94 -
NW_025965426.1_RagTag:16724-114309    -            207 28052at314147        -            289   1.9e-68  227.4   7.9   1   1   2.3e-69   2.1e-68  227.3   7.9    94   289     4   205     1   205 0.95 -
NW_025965426.1_RagTag:65725-66621     -            299 28052at314147        -            289   3.4e-68  226.6  22.1   1   1   4.3e-69   3.8e-68  226.4  22.1     9   288     5   296     1   297 0.92 -
NW_025965426.1_RagTag:16596-71906     -            264 28052at314147        -            289   3.3e-64  213.5  20.0   1   1   4.8e-65   4.3e-64  213.1  20.0    29   288     1   257     1   258 0.93 -
NW_025965352.1_RagTag:27074-26319     -            252 28052at314147        -            289   6.9e-56  186.2  12.5   1   1   8.8e-57   7.7e-56  186.0  12.5    49   288     1   245     1   246 0.93 -
NW_025965426.1_RagTag:110716-40808    -            261 28052at314147        -            289   3.5e-55  183.8  14.3   1   1   6.1e-56   5.4e-55  183.2  14.3    12   273     2   261     1   261 0.92 -
NW_025965352.1_RagTag:14186-22519     -            218 28052at314147        -            289   6.8e-55  182.9  13.9   1   1   8.6e-56   7.6e-55  182.7  13.9     3   212     5   217     3   218 0.90 -
NW_025965317.1_RagTag:2643605-2644525 -            307 28052at314147        -            289   9.5e-52  172.6  15.5   1   1   1.3e-52   1.2e-51  172.3  15.5    15   288    18   305     4   306 0.85 -
NW_025965426.1_RagTag:97760-97172     -            168 28052at314147        -            289     1e-46  156.1   7.1   1   2   2.7e-14   2.3e-13   46.6   0.1    93   131     1    39     1    45 0.95 -
NW_025965426.1_RagTag:97760-97172     -            168 28052at314147        -            289     1e-46  156.1   7.1   2   2     3e-34   2.7e-33  112.0   2.9   162   283    47   168    42   168 0.96 -
NW_025965182.1_RagTag:1842087-1841153 -            311 28052at314147        -            289   1.4e-46  155.6  16.7   1   1   1.9e-47   1.7e-46  155.4  16.7    11   288    11   297     3   298 0.85 -
contig_68255_pilon:901-37             -            282 28052at314147        -            289   1.3e-45  152.4  17.1   1   1   1.8e-46   1.6e-45  152.2  17.1    10   277    10   282     2   282 0.81 -
NW_025965101.1_RagTag:64024-64945     -            306 28052at314147        -            289   1.5e-45  152.2  19.2   1   1     2e-46   1.8e-45  152.0  19.2    24   289    25   294     3   294 0.83 -
contig_36220_pilon:1250-2170          -            307 28052at314147        -            289   1.6e-45  152.1  16.4   1   1   2.2e-46     2e-45  151.8  16.4    25   289    30   299     5   299 0.87 -
contig_26960_pilon:499-1396           -            299 28052at314147        -            289   2.1e-45  151.7  16.2   1   1   2.9e-46   2.5e-45  151.5  16.2    29   288    31   295    16   296 0.89 -
contig_57973_pilon:1283-390           -            298 28052at314147        -            289   5.8e-45  150.3  14.5   1   1   7.3e-46   6.5e-45  150.1  14.5    18   285    13   287     1   291 0.83 -
contig_23379_pilon:2126-1202          -            308 28052at314147        -            289   6.1e-45  150.2  19.8   1   1   8.5e-46   7.5e-45  149.9  19.8    12   287    18   302    10   304 0.81 -
NW_025965230.1_RagTag:1057622-1056699 -            308 28052at314147        -            289   1.3e-44  149.1  18.3   1   1   1.8e-45   1.6e-44  148.8  18.3    25   288    29   297    10   298 0.87 -
contig_67131_pilon:1249-312           -            306 28052at314147        -            289     4e-44  147.5  17.0   1   1   5.8e-45   5.2e-44  147.2  17.0     5   288    16   302    13   303 0.80 -
contig_45284_pilon:1200-2107          -            300 28052at314147        -            289   7.4e-44  146.7  22.3   1   1   9.4e-45   8.3e-44  146.5  22.3    10   287     7   290     1   292 0.85 -
NW_025965431.1_RagTag:15927-16821     -            296 28052at314147        -            289   8.6e-44  146.5  19.1   1   1   1.1e-44   9.4e-44  146.3  19.1    24   288    19   286     1   287 0.87 -
contig_11065_pilon:1208-299           -            298 28052at314147        -            289   8.9e-44  146.4  11.8   1   1   1.4e-44   1.3e-43  145.9  11.8     8   288     8   291     3   292 0.85 -
contig_56588_pilon:2331-1522          -            270 28052at314147        -            289   9.5e-44  146.3  18.0   1   1   1.2e-44   1.1e-43  146.1  18.0    34   288     2   261     1   262 0.86 -
NW_025965581.1_RagTag:2793-3714       -            306 28052at314147        -            289   1.7e-43  145.5  14.4   1   1   2.1e-44   1.9e-43  145.3  14.4     9   288     7   297     1   298 0.82 -
NW_025965235.1_RagTag:62409-61518     -            297 28052at314147        -            289   2.9e-43  144.7  15.0   1   1   3.6e-44   3.2e-43  144.6  15.0    19   287    15   288     1   290 0.85 -
contig_72712_pilon:586-1510           -            303 28052at314147        -            289   7.7e-43  143.3  17.8   1   1     1e-43     9e-43  143.1  17.8    11   288    14   296     6   297 0.82 -
contig_59306_pilon:1354-2245          -            287 28052at314147        -            289   1.4e-42  142.5  15.5   1   1   3.3e-43   2.9e-42  141.4  15.5    10   287    10   286     3   287 0.84 -
NW_025965057.1_RagTag:7581-6671       -            299 28052at314147        -            289   1.5e-42  142.4  19.0   1   1   2.4e-43   2.1e-42  141.9  19.0    21   287    22   287     2   289 0.87 -
NW_025965140.1_RagTag:853176-852295   -            294 28052at314147        -            289   3.5e-42  141.2  18.0   1   1   4.6e-43   4.1e-42  140.9  18.0    25   287    26   293     6   294 0.85 -
NW_025965407.1_RagTag:8718-7813       -            302 28052at314147        -            289   9.6e-42  139.7  16.6   1   1   1.3e-42   1.2e-41  139.4  16.6    29   287    31   294    15   296 0.87 -
NW_025965313.1_RagTag:72608-73490     -            294 28052at314147        -            289   1.1e-41  139.5  19.1   1   1   1.5e-42   1.3e-41  139.3  19.1    25   288    16   284     3   285 0.86 -
NW_025965320.1_RagTag:900507-899674   -            272 28052at314147        -            289   1.1e-41  139.5  15.9   1   1   1.5e-42   1.3e-41  139.3  15.9    26   287     2   263     1   265 0.85 -
contig_30879_pilon:3566-2666          -            294 28052at314147        -            289   1.2e-41  139.4  15.5   1   1   1.6e-42   1.4e-41  139.2  15.5     6   287     2   287     1   289 0.89 -
NW_025965138.1_RagTag:16325-15471     -            285 28052at314147        -            289   1.4e-41  139.2  18.0   1   1   1.9e-42   1.7e-41  138.9  18.0    25   289    14   280     5   280 0.86 -
NW_025965431.1_RagTag:38831-37914     -            306 28052at314147        -            289   1.9e-41  138.8  15.1   1   1   2.6e-42   2.3e-41  138.5  15.1    20   288    25   298    14   299 0.86 -
NW_025965331.1_RagTag:92480-91715     -            253 28052at314147        -            289   2.5e-41  138.4   8.2   1   1   3.1e-42   2.8e-41  138.2   8.2    47   288     1   244     1   245 0.90 -
NW_025965274.1_RagTag:27055-27957     -            301 28052at314147        -            289   5.5e-41  137.3  20.0   1   1   7.5e-42   6.6e-41  137.0  20.0    25   288    22   290     2   291 0.85 -
NW_025965008.1_RagTag:215045-201349   -            285 28052at314147        -            289     1e-40  136.3  17.7   1   2   4.2e-23   3.7e-22   75.5   6.5    11   132    12   139     3   143 0.87 -
NW_025965008.1_RagTag:215045-201349   -            285 28052at314147        -            289     1e-40  136.3  17.7   2   2   1.3e-20   1.2e-19   67.2   4.1   151   289   139   277   136   277 0.86 -
NW_025965146.1_RagTag:101506-100591   -            292 28052at314147        -            289   1.4e-40  135.9  15.8   1   1   2.6e-41   2.3e-40  135.2  15.8    23   287    27   279     5   281 0.88 -
NW_025965405.1_RagTag:31012-31919     -            302 28052at314147        -            289   1.9e-40  135.5  19.2   1   1   2.5e-41   2.2e-40  135.2  19.2     3   256     3   268     1   294 0.79 -
NW_025965258.1_RagTag:3890-4798       -            303 28052at314147        -            289   1.9e-40  135.4  16.7   1   1   2.7e-41   2.4e-40  135.2  16.7    11   288     7   294     2   295 0.79 -
NW_025965223.1_RagTag:142315-141397   -            298 28052at314147        -            289   2.3e-40  135.2  22.0   1   1   3.7e-41   3.3e-40  134.7  22.0    25   288    26   286     7   287 0.89 -
contig_78135_pilon:1574-679           -            272 28052at314147        -            289   2.6e-40  135.0  13.0   1   1   3.7e-41   3.3e-40  134.7  13.0    48   288    27   267    21   268 0.83 -
NW_025965008.1_RagTag:202275-201358   -            299 28052at314147        -            289   3.9e-40  134.4  19.6   1   1   5.5e-41   4.8e-40  134.1  19.6     8   289     8   294     2   294 0.85 -
contig_9927_pilon:1818-955            -            288 28052at314147        -            289   9.7e-40  133.1  17.1   1   1   1.3e-40   1.2e-39  132.9  17.1    24   288    14   283     8   284 0.85 -
NW_025965008.1_RagTag:175847-175059   -            263 28052at314147        -            289   1.1e-39  133.0  20.2   1   1   1.6e-40   1.4e-39  132.6  20.2    12   246     5   251     2   257 0.88 -
contig_19626_pilon:1313-2228          -            305 28052at314147        -            289   1.7e-39  132.3  21.7   1   1   2.4e-40   2.1e-39  132.0  21.7    12   288    14   300     8   301 0.81 -
NW_025965233.1_RagTag:201426-202343   -            306 28052at314147        -            289   2.4e-39  131.8  14.7   1   1   3.3e-40   2.9e-39  131.6  14.7    25   288    29   297     3   298 0.83 -
NW_025965123.1_RagTag:1711444-1710527 -            306 28052at314147        -            289   2.5e-39  131.8  18.7   1   1   3.4e-40     3e-39  131.5  18.7    25   288    26   293    11   294 0.87 -
contig_48637_pilon:1312-407           -            302 28052at314147        -            289   3.2e-39  131.4  17.4   1   1   4.4e-40   3.9e-39  131.2  17.4    24   287    25   293     5   295 0.84 -
NW_025965274.1_RagTag:6040-6949       -            298 28052at314147        -            289     4e-39  131.1  18.4   1   1   5.5e-40   4.8e-39  130.9  18.4    24   288    26   290     2   291 0.83 -
NW_025965146.1_RagTag:106091-108871   -            298 28052at314147        -            289   4.9e-39  130.8  14.5   1   1   6.8e-40     6e-39  130.5  14.5    25   288    26   289    11   290 0.86 -
contig_72985_pilon:1524-2450          -            309 28052at314147        -            289   5.2e-39  130.8  20.6   1   1   7.3e-40   6.4e-39  130.5  20.6    11   287    13   299     4   301 0.83 -
NW_025965313.1_RagTag:1671616-1670725 -            295 28052at314147        -            289   1.4e-38  129.3  20.3   1   1     2e-39   1.7e-38  129.0  20.3    25   287    17   282     5   284 0.87 -
contig_70120_pilon:673-1560           -            296 28052at314147        -            289   1.6e-38  129.1  19.4   1   1     2e-39   1.8e-38  129.0  19.4    23   289    14   288     1   288 0.82 -
NW_025965123.1_RagTag:1929321-1843492 -            299 28052at314147        -            289   2.2e-38  128.7  19.6   1   1     3e-39   2.6e-38  128.5  19.6    25   289    27   294     2   294 0.84 -
NW_025965123.1_RagTag:1941086-1843483 -            291 28052at314147        -            289   2.8e-38  128.4  18.4   1   1   3.8e-39   3.4e-38  128.1  18.4    25   289    19   283     5   283 0.86 -
NW_025965054.1_RagTag:13482-18605     -            293 28052at314147        -            289   5.8e-38  127.3  10.8   1   1   1.2e-38   1.1e-37  126.5  10.8     5   288     3   286     1   287 0.84 -
NW_025965431.1_RagTag:7900-8652       -            251 28052at314147        -            289   7.8e-38  126.9  18.4   1   1   9.8e-39   8.7e-38  126.7  18.4    45   287     4   250     1   251 0.88 -
contig_75679_pilon:841-1732           -            297 28052at314147        -            289     1e-37  126.5  19.6   1   1   1.3e-38   1.1e-37  126.3  19.6    12   288     4   290     1   291 0.85 -
NW_025965008.1_RagTag:162738-163677   -            295 28052at314147        -            289   1.3e-37  126.2  21.3   1   1     6e-38   5.3e-37  124.2  21.3    12   289    12   282     3   282 0.84 -
NW_025965123.1_RagTag:1816711-1817613 -            301 28052at314147        -            289   2.1e-37  125.5  19.1   1   1   2.7e-38   2.4e-37  125.3  19.1     7   288     4   292     1   293 0.85 -
NW_025965305.1_RagTag:1655528-1654657 -            283 28052at314147        -            289   5.2e-37  124.2  19.3   1   1   1.7e-37   1.5e-36  122.7  19.3    24   286    24   282     3   283 0.87 -
NW_025965182.1_RagTag:1828145-1827444 -            234 28052at314147        -            289   5.3e-37  124.2   9.2   1   1   6.9e-38   6.1e-37  124.0   9.2    69   288     2   225     1   226 0.86 -
contig_45643_pilon:2034-1115          -            303 28052at314147        -            289   5.9e-37  124.0  18.2   1   1   8.1e-38   7.1e-37  123.7  18.2    24   287    29   294     8   296 0.85 -
NW_025965123.1_RagTag:1718924-1717977 -            316 28052at314147        -            289   7.4e-37  123.7  18.8   1   1     1e-37   8.9e-37  123.4  18.8    25   289    41   310    16   310 0.83 -
NW_025965331.1_RagTag:94464-97450     -            300 28052at314147        -            289     1e-36  123.2  16.7   1   1   8.4e-37   7.4e-36  120.4  16.7     3   247     5   264     3   290 0.81 -
NW_025965123.1_RagTag:1722930-1722012 -            302 28052at314147        -            289   1.5e-36  122.7  19.1   1   1     2e-37   1.7e-36  122.5  19.1    25   288    30   293     3   294 0.81 -
NW_025965320.1_RagTag:879423-878506   -            306 28052at314147        -            289   1.5e-36  122.7  18.0   1   1     2e-37   1.8e-36  122.4  18.0    24   287    34   302    14   304 0.86 -
NW_025965080.1_RagTag:598476-601194   -            280 28052at314147        -            289   1.9e-36  122.4  19.4   1   1   2.6e-37   2.3e-36  122.1  19.4     8   277     5   280     2   280 0.86 -
contig_14807_pilon:1552-638           -            291 28052at314147        -            289   2.3e-36  122.1  15.2   1   1   3.1e-37   2.8e-36  121.8  15.2    26   287    20   286     8   288 0.87 -
NW_025965305.1_RagTag:1658252-1659017 -            255 28052at314147        -            289   2.5e-36  122.0  17.2   1   1   3.6e-37   3.2e-36  121.6  17.2    24   261     6   250     3   254 0.84 -
contig_19055_pilon:1689-777           -            302 28052at314147        -            289   3.5e-36  121.5  10.4   1   1   4.8e-37   4.3e-36  121.2  10.4    70   287    73   292    54   294 0.85 -
NW_025965008.1_RagTag:230160-174970   -            285 28052at314147        -            289   3.6e-36  121.4  18.7   1   1     5e-37   4.4e-36  121.1  18.7    24   288    17   282     9   283 0.81 -
NW_025965203.1_RagTag:474900-475721   -            274 28052at314147        -            289   4.1e-36  121.3  21.0   1   1     5e-37   4.4e-36  121.1  21.0    25   277    19   274     1   274 0.85 -
NW_025965331.1_RagTag:109596-117605   -            293 28052at314147        -            289   2.6e-35  118.6  13.5   1   1   3.5e-36   3.1e-35  118.3  13.5    19   287    21   283     3   285 0.83 -
contig_81842_pilon:1622-733           -            265 28052at314147        -            289   6.4e-35  117.3  16.8   1   1   8.8e-35   7.8e-34  113.8  16.8    29   288    23   256     1   257 0.83 -
NW_025965320.1_RagTag:839989-839099   -            297 28052at314147        -            289   8.5e-35  116.9  16.7   1   1   1.1e-35   9.6e-35  116.8  16.7    17   288     9   287     1   288 0.78 -
NW_025965008.1_RagTag:223720-234340   -            293 28052at314147        -            289   9.9e-35  116.7  14.7   1   1   1.3e-35   1.2e-34  116.5  14.7    26   288    21   291     2   292 0.80 -
NW_025965123.1_RagTag:1758147-1868285 -            279 28052at314147        -            289   1.5e-34  116.1  17.0   1   1     2e-35   1.7e-34  115.9  17.0    26   288    21   275     1   276 0.87 -
NW_025965123.1_RagTag:1777286-1697779 -            303 28052at314147        -            289   2.8e-34  115.2  18.2   1   1   3.8e-35   3.4e-34  115.0  18.2    11   288    11   295     4   296 0.79 -
NW_025965101.1_RagTag:53784-23313     -            277 28052at314147        -            289   3.2e-34  115.0  13.8   1   2     5e-27   4.4e-26   88.3   7.7    28   180    31   189    12   191 0.85 -
NW_025965101.1_RagTag:53784-23313     -            277 28052at314147        -            289   3.2e-34  115.0  13.8   2   2   1.4e-09   1.2e-08   31.1   0.3   204   287   192   271   188   273 0.86 -
contig_45575_pilon:1089-2022          -            293 28052at314147        -            289   4.5e-34  114.6  13.3   1   1   1.2e-34     1e-33  113.4  13.3    39   285    50   285     9   289 0.85 -
NW_025965123.1_RagTag:1857972-1805304 -            233 28052at314147        -            289   8.1e-34  113.7  12.5   1   2   5.5e-18   4.9e-17   58.6   2.2    32   123     3    95     1    98 0.89 -
NW_025965123.1_RagTag:1857972-1805304 -            233 28052at314147        -            289   8.1e-34  113.7  12.5   2   2     1e-18   8.9e-18   61.1   3.0   151   287    98   231    94   233 0.89 -
NW_025965306.1_RagTag:21655-22420     -            246 28052at314147        -            289   1.1e-33  113.2  12.3   1   1   1.5e-34   1.3e-33  113.1  12.3    47   288     2   239     1   240 0.84 -
NW_025965274.1_RagTag:837-1721        -            279 28052at314147        -            289   1.2e-33  113.2  20.4   1   1   2.4e-34   2.1e-33  112.4  20.4    25   288    19   272     1   273 0.84 -
NW_025965313.1_RagTag:1712957-1713860 -            301 28052at314147        -            289   2.4e-33  112.2  19.7   1   1     3e-34   2.7e-33  112.0  19.7    24   288    25   295     1   296 0.82 -
NW_025965313.1_RagTag:1671674-1667331 -            291 28052at314147        -            289   4.1e-33  111.4  20.9   1   1     9e-32     8e-31  103.9  20.9    24   287    34   278     9   280 0.83 -
NW_025965235.1_RagTag:60616-59771     -            282 28052at314147        -            289   9.3e-33  110.2  12.8   1   1   1.1e-33     1e-32  110.1  12.8     6   273     2   278     1   282 0.77 -
NW_025965341.1_RagTag:125105-124206   -            295 28052at314147        -            289   1.4e-32  109.6  23.4   1   1   1.9e-33   1.7e-32  109.4  23.4    25   287    23   287     2   289 0.82 -
NW_025965324.1_RagTag:3944352-3943433 -            303 28052at314147        -            289   1.7e-32  109.4  17.3   1   1   2.3e-33     2e-32  109.1  17.3    10   287    13   296     5   298 0.78 -
NW_025965636.1_RagTag:15139-17837     -            286 28052at314147        -            289   2.4e-32  108.9  22.1   1   1   3.5e-33   3.1e-32  108.5  22.1     5   288     5   281     2   282 0.84 -
NW_025965161.1_RagTag:680683-681431   -            245 28052at314147        -            289   3.8e-32  108.2   9.8   1   1     5e-33   4.4e-32  108.0   9.8    52   287     1   236     1   238 0.84 -
NW_025965151.1_RagTag:2674-33200      -            281 28052at314147        -            289   7.4e-32  107.3  19.9   1   2   1.9e-14   1.6e-13   47.1   5.6    10   112    10   118     3   121 0.85 -
NW_025965151.1_RagTag:2674-33200      -            281 28052at314147        -            289   7.4e-32  107.3  19.9   2   2   1.2e-20     1e-19   67.4   8.2   144   287   113   258   110   260 0.88 -
NW_025965315.1_RagTag:2533229-2534137 -            303 28052at314147        -            289   7.4e-32  107.3  19.7   1   1   9.6e-33   8.5e-32  107.1  19.7     6   288     4   296     1   297 0.81 -
NW_025965023.1_RagTag:902037-902794   -            252 28052at314147        -            289   9.3e-32  107.0  10.8   1   1   1.2e-32   1.1e-31  106.8  10.8    47   288     1   245     1   246 0.83 -
NW_025965140.1_RagTag:1050743-1049943 -            238 28052at314147        -            289   1.1e-31  106.7  12.0   1   2   3.1e-19   2.7e-18   62.8   7.8    36   183     1   151     1   159 0.81 -
NW_025965140.1_RagTag:1050743-1049943 -            238 28052at314147        -            289   1.1e-31  106.7  12.0   2   2   2.3e-14   2.1e-13   46.7   0.2   217   287   161   230   150   232 0.85 -
NW_025965101.1_RagTag:83257-84169     -            303 28052at314147        -            289   1.2e-31  106.6  13.9   1   1   2.2e-32   1.9e-31  105.9  13.9    18   288    18   293     4   294 0.84 -
NW_025965307.1_RagTag:60810-79015     -            239 28052at314147        -            289   1.8e-31  106.0  10.2   1   2   2.4e-24   2.1e-23   79.5   7.1    24   132    29   138     4   156 0.86 -
NW_025965307.1_RagTag:60810-79015     -            239 28052at314147        -            289   1.8e-31  106.0  10.2   2   2   1.3e-08   1.1e-07   27.9   0.0   221   287   169   233   153   235 0.82 -
NW_025965307.1_RagTag:101318-100653   -            222 28052at314147        -            289   9.4e-31  103.7   6.9   1   1   1.3e-31   1.1e-30  103.4   6.9    92   287     6   205     2   207 0.82 -
contig_17327_pilon:1297-574           -            240 28052at314147        -            289   1.8e-30  102.7  16.0   1   1   2.3e-31     2e-30  102.6  16.0    56   288     2   234     1   235 0.84 -
NW_025965161.1_RagTag:669607-679059   -            309 28052at314147        -            289   3.1e-30  102.0  17.8   1   1   4.4e-31   3.9e-30  101.6  17.8    25   288    30   302    18   303 0.84 -
NW_025965305.1_RagTag:1658185-1691545 -            198 28052at314147        -            289   3.9e-30  101.6   9.3   1   1   5.4e-31   4.8e-30  101.3   9.3     5   183     5   193     2   197 0.81 -
NW_025965315.1_RagTag:2553425-2554332 -            272 28052at314147        -            289   3.9e-30  101.6  14.8   1   1   2.6e-28   2.3e-27   92.5  14.8    24   289    24   266     2   266 0.82 -
contig_16391_pilon:1989-1067          -            287 28052at314147        -            289   8.4e-30  100.5  16.7   1   1   1.3e-30   1.1e-29  100.1  16.7    10   288    10   279     4   280 0.83 -
NW_025965123.1_RagTag:1755095-1868312 -            247 28052at314147        -            289   1.1e-29  100.1  23.1   1   1   6.7e-30   5.9e-29   97.8  23.1    46   288     3   234     2   235 0.90 -
NW_025965574.1_RagTag:1186-283        -            296 28052at314147        -            289   2.1e-29   99.2  16.5   1   1   2.8e-30   2.5e-29   99.0  16.5    24   288    25   289     3   290 0.80 -
NW_025965149.1_RagTag:1697337-1697908 -            187 28052at314147        -            289   6.7e-29   97.6   4.6   1   1   8.3e-30   7.3e-29   97.4   4.6   114   287     6   180     1   182 0.82 -
NW_025965426.1_RagTag:62278-62697     -            140 28052at314147        -            289   1.9e-28   96.1   6.6   1   1   2.4e-29   2.1e-28   96.0   6.6   158   288     2   134     1   135 0.93 -
NW_025965008.1_RagTag:190757-190121   -            194 28052at314147        -            289   2.1e-28   95.9  11.1   1   1   1.4e-26   1.2e-25   86.9  11.1    86   288     1   189     1   190 0.83 -
NW_025965008.1_RagTag:233145-252500   -            288 28052at314147        -            289   4.6e-28   94.8  24.6   1   1   7.2e-27   6.4e-26   87.8  24.6    18   287    21   282     4   284 0.81 -
contig_32555_pilon:2206-1306          -            263 28052at314147        -            289     1e-27   93.7  10.7   1   2   1.1e-10   9.3e-10   34.8   1.9    25    98    19    93     6   106 0.89 -
contig_32555_pilon:2206-1306          -            263 28052at314147        -            289     1e-27   93.7  10.7   2   2   1.1e-19   9.8e-19   64.2   1.8   155   287   121   252   101   254 0.83 -
contig_30302_pilon:2200-1266          -            268 28052at314147        -            289   1.4e-27   93.3  17.7   1   1   2.8e-28   2.4e-27   92.4  17.4     4   244     7   241     4   246 0.83 -
NW_025965331.1_RagTag:96702-97274     -            191 28052at314147        -            289   7.6e-27   90.8  10.9   1   1   9.6e-28   8.5e-27   90.7  10.9    56   240     1   191     1   191 0.86 -
contig_44821_pilon:580-29             -            184 28052at314147        -            289     2e-26   89.4   7.5   1   1   2.8e-27   2.5e-26   89.2   7.5     9   168     6   176     2   183 0.81 -
NW_025965256.1_RagTag:10422-9625      -            235 28052at314147        -            289   5.2e-26   88.1  18.9   1   2   2.1e-20   1.9e-19   66.6   6.6    10   132     6   132     1   137 0.84 -
NW_025965256.1_RagTag:10422-9625      -            235 28052at314147        -            289   5.2e-26   88.1  18.9   2   2   1.5e-08   1.3e-07   27.7   5.0   161   250   135   224   129   229 0.86 -
NW_025965313.1_RagTag:72632-73156     -            175 28052at314147        -            289   6.7e-26   87.7  16.0   1   1   8.7e-27   7.7e-26   87.5  16.0    25   186     8   175     3   175 0.88 -
NW_025965151.1_RagTag:9979-9395       -            195 28052at314147        -            289   1.1e-25   87.0  14.8   1   1   1.4e-26   1.3e-25   86.8  14.8    29   208     9   193     3   195 0.85 -
NW_025965250.1_RagTag:33466-32791     -            224 28052at314147        -            289   1.1e-25   87.0  10.1   1   1   1.6e-26   1.4e-25   86.7  10.1    28   176    41   195    15   208 0.83 -
NW_025965182.1_RagTag:1858957-1883835 -            159 28052at314147        -            289   2.5e-25   85.8   5.8   1   1   3.1e-26   2.7e-25   85.7   5.8    25   131    31   138     4   158 0.85 -
NW_025965054.1_RagTag:8391-7842       -            181 28052at314147        -            289   4.3e-25   85.1   8.0   1   1   5.9e-26   5.2e-25   84.8   8.0    25   169    29   177     3   179 0.86 -
NW_025965313.1_RagTag:1681515-1681919 -            135 28052at314147        -            289   1.7e-24   83.1   7.4   1   1   2.4e-25   2.1e-24   82.8   7.4    11   129     7   131     2   134 0.90 -
contig_27735_pilon:496-1              -            159 28052at314147        -            289   1.2e-23   80.3   7.7   1   1   1.7e-24   1.5e-23   80.0   7.7    10   154    10   153     3   158 0.80 -
NW_025965313.1_RagTag:87-720          -            182 28052at314147        -            289   3.9e-23   78.7  12.7   1   2   3.1e-09   2.7e-08   29.9   1.8    91   131     2    42     1    44 0.94 -
NW_025965313.1_RagTag:87-720          -            182 28052at314147        -            289   3.9e-23   78.7  12.7   2   2   1.1e-16   9.9e-16   54.4   3.8   160   288    47   174    41   175 0.87 -
NW_025965080.1_RagTag:600360-618320   -            249 28052at314147        -            289   1.8e-22   76.5  11.7   1   2   1.2e-21     1e-20   70.7   6.7    25   131    24   131     1   164 0.86 -
NW_025965080.1_RagTag:600360-618320   -            249 28052at314147        -            289   1.8e-22   76.5  11.7   2   2    0.0072     0.064    9.0   0.2   239   287   197   242   179   244 0.69 -
contig_79807_pilon:426-37             -            130 28052at314147        -            289     2e-22   76.3   3.1   1   1   2.4e-23   2.1e-22   76.2   3.1    23   126    26   130     2   130 0.89 -
contig_11065_pilon:1196-711           -            162 28052at314147        -            289   3.6e-22   75.5   6.9   1   1   4.6e-23   4.1e-22   75.3   6.9     9   130     5   132     1   145 0.86 -
NW_025965352.1_RagTag:30908-30391     -            165 28052at314147        -            289   7.6e-22   74.4   6.1   1   1     1e-22   8.8e-22   74.2   6.1    29   186     2   156     1   164 0.82 -
NW_025965320.1_RagTag:848571-847992   -            167 28052at314147        -            289   1.5e-21   73.4   9.5   1   2   8.5e-20   7.5e-19   64.6   5.7    24   130    25   132     5   135 0.86 -
NW_025965320.1_RagTag:848571-847992   -            167 28052at314147        -            289   1.5e-21   73.4   9.5   2   2     0.001    0.0088   11.9   0.1   152   182   132   163   129   167 0.81 -
NW_025965418.1_RagTag:2486-3066       -            193 28052at314147        -            289   2.4e-21   72.8   4.3   1   1     3e-22   2.7e-21   72.6   4.3   109   288     2   184     1   185 0.85 -
NW_025965151.1_RagTag:3061-3591       -            177 28052at314147        -            289     3e-21   72.5   3.8   1   1   3.8e-22   3.4e-21   72.3   3.8   123   288     1   170     1   171 0.84 -
NW_025965636.1_RagTag:17275-17852     -            185 28052at314147        -            289   4.1e-21   72.0  10.9   1   1   5.6e-22     5e-21   71.7  10.9   108   288     2   175     1   176 0.83 -
NW_025965313.1_RagTag:66003-66494     -            164 28052at314147        -            289   1.7e-20   70.0  12.7   1   1   2.2e-21     2e-20   69.8  12.7    12   131     8   133     3   161 0.87 -
NW_025965054.1_RagTag:13789-14400     -            169 28052at314147        -            289   1.8e-20   69.9   1.6   1   2   6.4e-13   5.6e-12   42.0   0.1   105   186     7    89     2    91 0.81 -
NW_025965054.1_RagTag:13789-14400     -            169 28052at314147        -            289   1.8e-20   69.9   1.6   2   2   6.2e-09   5.5e-08   28.9   0.1   215   288    89   160    86   161 0.77 -
contig_31446_pilon:626-132            -            165 28052at314147        -            289   1.2e-18   63.9   6.7   1   1   1.6e-19   1.4e-18   63.7   6.7    26   132    25   132    15   160 0.87 -
NW_025965123.1_RagTag:1698432-1698860 -            143 28052at314147        -            289   7.6e-18   61.3   2.2   1   1   9.6e-19   8.5e-18   61.1   2.2   156   287     3   134     1   136 0.81 -
contig_17158_pilon:2154-1615          -            180 28052at314147        -            289   1.3e-17   60.5   5.5   1   1   1.9e-18   1.7e-17   60.1   5.5   123   288     1   172     1   173 0.79 -
NW_025965470.1_RagTag:892-166         -            167 28052at314147        -            289   8.9e-17   57.8   8.8   1   2   3.3e-16   2.9e-15   52.8   5.0    56   193     2   127     1   145 0.83 -
NW_025965470.1_RagTag:892-166         -            167 28052at314147        -            289   8.9e-17   57.8   8.8   2   2      0.21       1.8    4.2   0.1   267   287   143   163   130   165 0.86 -
NW_025965313.1_RagTag:1668286-1643119 -            165 28052at314147        -            289   2.2e-16   56.5   4.5   1   1   2.9e-17   2.5e-16   56.3   4.5    23   120    32   131     6   143 0.85 -
NW_025965123.1_RagTag:1940778-1940211 -            159 28052at314147        -            289   2.7e-16   56.2  10.8   1   2   6.8e-16     6e-15   51.8   7.4   108   236     1   134     1   135 0.77 -
NW_025965123.1_RagTag:1940778-1940211 -            159 28052at314147        -            289   2.7e-16   56.2  10.8   2   2    0.0061     0.054    9.3   0.2   267   287   131   151   130   153 0.86 -
NW_025965054.1_RagTag:17694-18044     -            117 28052at314147        -            289   3.3e-16   55.9   5.6   1   1     4e-17   3.6e-16   55.8   5.6     5   113     3   117     1   117 0.86 -
NW_025965008.1_RagTag:183941-179497   -            147 28052at314147        -            289   5.2e-16   55.3   7.1   1   1   7.3e-17   6.4e-16   55.0   7.1    12   131     4   122     1   130 0.86 -
NW_025965274.1_RagTag:34946-34398     -            173 28052at314147        -            289   8.6e-16   54.6   7.6   1   1   1.1e-16     1e-15   54.3   7.6    26   175    24   173     3   173 0.76 -
NW_025965313.1_RagTag:17016-73481     -            167 28052at314147        -            289   1.5e-15   53.7   4.3   1   1   2.4e-16   2.1e-15   53.3   4.3   150   288    30   160     9   161 0.80 -
NW_025965080.1_RagTag:598939-599367   -            143 28052at314147        -            289   7.7e-15   51.4   1.6   1   1   1.1e-15   9.8e-15   51.1   1.6   152   288     5   138     2   139 0.82 -
contig_38642_pilon:2280-1692          -            180 28052at314147        -            289   9.8e-15   51.1   4.9   1   1   1.6e-15   1.4e-14   50.5   4.9   105   288     4   174     2   175 0.73 -
NW_025965182.1_RagTag:1842054-1841779 -             92 28052at314147        -            289   2.4e-13   46.5   1.8   1   1   2.8e-14   2.5e-13   46.5   1.8    20    97    12    92     1    92 0.84 -
NW_025965405.1_RagTag:2483-2934       -            143 28052at314147        -            289   6.3e-13   45.2   2.4   1   1   8.9e-14   7.9e-13   44.8   2.4   190   287    35   129     8   131 0.78 -
NW_025965274.1_RagTag:8629-9189       -            187 28052at314147        -            289   2.9e-12   43.0  13.3   1   1   3.8e-13   3.3e-12   42.8  13.3    25   178    29   187     3   187 0.79 -
NW_025965305.1_RagTag:1696100-1695798 -            101 28052at314147        -            289   1.4e-11   40.7   2.1   1   1   1.8e-12   1.6e-11   40.6   2.1   200   286    11    93     1    96 0.85 -
NW_025965331.1_RagTag:86186-85872     -            105 28052at314147        -            289   1.3e-10   37.6   3.7   1   1   1.5e-11   1.4e-10   37.5   3.7    25    99    27   102     6   105 0.88 -
NW_025965305.1_RagTag:1658676-1659117 -            140 28052at314147        -            289   3.5e-10   36.1   2.4   1   1   1.8e-10   1.6e-09   33.9   2.4   156   287     3   124     1   126 0.79 -
NW_025965131.1_RagTag:183-786         -            196 28052at314147        -            289     4e-10   35.9   8.7   1   1   5.6e-11   4.9e-10   35.6   8.7    97   288     2   189     1   190 0.70 -
NW_025965251.1_RagTag:397705-396833   -            213 28052at314147        -            289   5.5e-10   35.5  15.1   1   2   2.5e-06   2.2e-05   20.4   8.1    25   130     9    89     3   142 0.80 -
NW_025965251.1_RagTag:397705-396833   -            213 28052at314147        -            289   5.5e-10   35.5  15.1   2   2   0.00094    0.0083   11.9   1.2   220   287   143   199   124   201 0.78 -
NW_025965305.1_RagTag:1736908-1736606 -            101 28052at314147        -            289   5.7e-07   25.6   0.5   1   1   7.3e-08   6.5e-07   25.4   0.5   222   288    25    87     9    88 0.84 -
NW_025965307.1_RagTag:989382-990869   -            496 28052at314147        -            289   1.8e-05   20.7   5.4   1   1   3.9e-06   3.4e-05   19.8   5.4    23   136    17   131    12   146 0.78 -
contig_46898_pilon:740-1106           -            111 28052at314147        -            289   0.00048   16.0   6.6   1   1     0.001     0.009   11.8   6.6    30   131     4    93     1   110 0.68 -
#
# Program:         hmmsearch
# Version:         3.1b2 (February 2015)
# Pipeline mode:   SEARCH
# Query file:      /home/bgerda/guppy_SUP/busco_downloads/lineages/glires_odb10/hmms/28052at314147.hmm
# Target file:     /home/bgerda/guppy_SUP/busco_results_flye/run_glires_odb10/metaeuk_output/rerun_results/ragtag.scaffold.fasta.modified.fas
# Option settings: hmmsearch --domtblout /home/bgerda/guppy_SUP/busco_results_flye/run_glires_odb10/hmmer_output/rerun_results/28052at314147.out --cpu 1 /home/bgerda/guppy_SUP/busco_downloads/lineages/glires_odb10/hmms/28052at314147.hmm /home/bgerda/guppy_SUP/busco_results_flye/run_glires_odb10/metaeuk_output/rerun_results/ragtag.scaffold.fasta.modified.fas 
# Current dir:     /home/bgerda/guppy_SUP
# Date:            Sun May 21 17:47:54 2023
# [ok]
