#                                                                                             --- full sequence --- -------------- this domain -------------   hmm coord   ali coord   env coord
# target name                         accession   tlen query name           accession   qlen   E-value  score  bias   #  of  c-Evalue  i-Evalue  score  bias  from    to  from    to  from    to  acc description of target
#                 ------------------- ---------- ----- -------------------- ---------- ----- --------- ------ ----- --- --- --------- --------- ------ ----- ----- ----- ----- ----- ----- ----- ---- ---------------------
NW_025965028.1_RagTag:63265-63801     -            179 28936at314147        -            269  2.6e-102  338.3   3.5   1   1    2e-104  2.9e-102  338.2   3.5     1   166    10   178    10   179 0.97 -
NW_025965287.1_RagTag:853042-851954   -            363 28936at314147        -            269   6.2e-19   64.9  12.9   1   4   0.00018     0.025   10.5   0.1    54   172    35   158    31   160 0.77 -
NW_025965287.1_RagTag:853042-851954   -            363 28936at314147        -            269   6.2e-19   64.9  12.9   2   4   5.7e-10   8.1e-08   28.5   1.5    55   176    81   210    71   212 0.81 -
NW_025965287.1_RagTag:853042-851954   -            363 28936at314147        -            269   6.2e-19   64.9  12.9   3   4   1.4e-12   1.9e-10   37.1   1.3    69   176   192   306   190   308 0.88 -
NW_025965287.1_RagTag:853042-851954   -            363 28936at314147        -            269   6.2e-19   64.9  12.9   4   4     6e-06   0.00084   15.3   1.0   117   173   293   351   290   361 0.74 -
NW_025965140.1_RagTag:200207-201166   -            320 28936at314147        -            269   9.5e-13   44.6   1.6   1   3      0.26        37    0.1   0.0   163   178    68    83    56    90 0.82 -
NW_025965140.1_RagTag:200207-201166   -            320 28936at314147        -            269   9.5e-13   44.6   1.6   2   3   2.1e-09   2.9e-07   26.6   0.4    91   158    91   159    66   164 0.82 -
NW_025965140.1_RagTag:200207-201166   -            320 28936at314147        -            269   9.5e-13   44.6   1.6   3   3   4.5e-06   0.00064   15.7   0.0    50   147   166   271   161   300 0.74 -
NW_025965287.1_RagTag:855182-854643   -            180 28936at314147        -            269   1.2e-11   41.1   0.3   1   1   1.5e-13   2.2e-11   40.2   0.3    27   156    41   178    37   180 0.87 -
NW_025965324.1_RagTag:3938940-3938380 -            187 28936at314147        -            269   2.5e-11   40.0   2.0   1   2   2.8e-08   3.9e-06   22.9   0.2    74   156    14    99     6   108 0.82 -
NW_025965324.1_RagTag:3938940-3938380 -            187 28936at314147        -            269   2.5e-11   40.0   2.0   2   2     2e-08   2.8e-06   23.4   0.1    51   153    35   145    32   165 0.66 -
contig_74745_pilon:285-1611           -            442 28936at314147        -            269   2.2e-10   36.9   7.1   1   2   1.3e-08   1.8e-06   24.0   2.1    45   153    54   165    34   170 0.71 -
contig_74745_pilon:285-1611           -            442 28936at314147        -            269   2.2e-10   36.9   7.1   2   2   5.7e-08     8e-06   21.9   1.2    89   163   147   221   143   234 0.78 -
NW_025965301.1_RagTag:570707-569203   -            499 28936at314147        -            269   3.4e-09   33.0   0.8   1   2    0.0016      0.23    7.3   0.0   139   186    35    84     9    96 0.58 -
NW_025965301.1_RagTag:570707-569203   -            499 28936at314147        -            269   3.4e-09   33.0   0.8   2   2   3.5e-10     5e-08   29.1   0.8    49   153    58   168    51   181 0.84 -
NW_025965319.1_RagTag:986038-984140   -            629 28936at314147        -            269     6e-08   28.9   0.3   1   2    0.0033      0.46    6.3   0.0   114   176    57   124    42   134 0.76 -
NW_025965319.1_RagTag:986038-984140   -            629 28936at314147        -            269     6e-08   28.9   0.3   2   2   1.1e-07   1.5e-05   21.0   0.1    66   154   127   220   121   234 0.83 -
NW_025965212.1_RagTag:132792-133915   -            287 28936at314147        -            269     4e-07   26.2   0.5   1   1   4.3e-09     6e-07   25.6   0.5    89   156    14    83     1    91 0.84 -
NW_025965230.1_RagTag:745185-767016   -             83 28936at314147        -            269    0.0011   14.9   0.2   1   1   8.7e-06    0.0012   14.8   0.2   103   147    28    71    15    80 0.79 -
#
# Program:         hmmsearch
# Version:         3.1b2 (February 2015)
# Pipeline mode:   SEARCH
# Query file:      /home/bgerda/guppy_SUP/busco_downloads/lineages/glires_odb10/hmms/28936at314147.hmm
# Target file:     /home/bgerda/guppy_SUP/busco_results_flye/run_glires_odb10/metaeuk_output/rerun_results/ragtag.scaffold.fasta.modified.fas
# Option settings: hmmsearch --domtblout /home/bgerda/guppy_SUP/busco_results_flye/run_glires_odb10/hmmer_output/rerun_results/28936at314147.out --cpu 1 /home/bgerda/guppy_SUP/busco_downloads/lineages/glires_odb10/hmms/28936at314147.hmm /home/bgerda/guppy_SUP/busco_results_flye/run_glires_odb10/metaeuk_output/rerun_results/ragtag.scaffold.fasta.modified.fas 
# Current dir:     /home/bgerda/guppy_SUP
# Date:            Sun May 21 17:47:55 2023
# [ok]
