#                                                                                             --- full sequence --- -------------- this domain -------------   hmm coord   ali coord   env coord
# target name                         accession   tlen query name           accession   qlen   E-value  score  bias   #  of  c-Evalue  i-Evalue  score  bias  from    to  from    to  from    to  acc description of target
#                 ------------------- ---------- ----- -------------------- ---------- ----- --------- ------ ----- --- --- --------- --------- ------ ----- ----- ----- ----- ----- ----- ----- ---- ---------------------
NW_025965230.1_RagTag:919891-919364   -            176 291at314147          -           2987   1.9e-09   31.1   6.3   1   2   6.8e-08     2e-06   21.1   0.8  1135  1209    17    96     6   101 0.80 -
NW_025965230.1_RagTag:919891-919364   -            176 291at314147          -           2987   1.9e-09   31.1   6.3   2   2   3.2e-06   9.2e-05   15.6   2.4  1136  1210    74   153    74   174 0.79 -
NW_025965218.1_RagTag:1404150-1401683 -            220 291at314147          -           2987   4.6e-09   29.8   0.4   1   1     2e-10   5.8e-09   29.5   0.4  2359  2421    87   149    76   165 0.89 -
contig_31119_pilon:1895-1227          -            223 291at314147          -           2987   1.3e-07   25.1   7.2   1   3   0.00042     0.012    8.6   0.1   840   893    49   101    42   106 0.89 -
contig_31119_pilon:1895-1227          -            223 291at314147          -           2987   1.3e-07   25.1   7.2   2   3    0.0034     0.099    5.5   0.1  1104  1157   103   157   101   164 0.79 -
contig_31119_pilon:1895-1227          -            223 291at314147          -           2987   1.3e-07   25.1   7.2   3   3   8.6e-06   0.00025   14.1   0.7   994  1045   166   217   159   220 0.95 -
NW_025965341.1_RagTag:41694-41227     -            156 291at314147          -           2987   1.6e-07   24.8   8.0   1   2   3.3e-07   9.4e-06   18.9   2.1  1133  1209    17    98     4   100 0.81 -
NW_025965341.1_RagTag:41694-41227     -            156 291at314147          -           2987   1.6e-07   24.8   8.0   2   2     9e-07   2.6e-05   17.4   2.1  1135  1208    75   153    69   156 0.72 -
contig_52188_pilon:1550-468           -            361 291at314147          -           2987   3.7e-07   23.5  56.5   1   6   0.00049     0.014    8.3   1.9   994  1043     1    50     1    55 0.93 -
contig_52188_pilon:1550-468           -            361 291at314147          -           2987   3.7e-07   23.5  56.5   2   6     0.004      0.12    5.3   1.0  1948  1971    56    79    52    82 0.87 -
contig_52188_pilon:1550-468           -            361 291at314147          -           2987   3.7e-07   23.5  56.5   3   6   0.00049     0.014    8.3   1.3   994  1043    85   134    81   139 0.90 -
contig_52188_pilon:1550-468           -            361 291at314147          -           2987   3.7e-07   23.5  56.5   4   6     8e-05    0.0023   10.9   6.0  1136  1210   139   218   135   223 0.84 -
contig_52188_pilon:1550-468           -            361 291at314147          -           2987   3.7e-07   23.5  56.5   5   6    0.0081      0.23    4.3   2.5  1948  1972   224   248   220   270 0.78 -
contig_52188_pilon:1550-468           -            361 291at314147          -           2987   3.7e-07   23.5  56.5   6   6   6.8e-05    0.0019   11.2   8.4  1120  1210   262   358   257   360 0.80 -
NW_025965190.1_RagTag:126348-126803   -            152 291at314147          -           2987   7.2e-07   22.6   5.7   1   3   0.00016    0.0047    9.9   0.6  1135  1209    11    90     3    95 0.77 -
NW_025965190.1_RagTag:126348-126803   -            152 291at314147          -           2987   7.2e-07   22.6   5.7   2   3   0.00033    0.0095    8.9   2.0  1136  1209    40   118    39   123 0.72 -
NW_025965190.1_RagTag:126348-126803   -            152 291at314147          -           2987   7.2e-07   22.6   5.7   3   3   0.00039     0.011    8.6   0.0  1186  1209   123   146   119   150 0.86 -
contig_53583_pilon:2130-1585          -            182 291at314147          -           2987   1.7e-05   18.0  22.6   1   2    0.0002    0.0058    9.6  10.5   509   594    15   103     1   107 0.83 -
contig_53583_pilon:2130-1585          -            182 291at314147          -           2987   1.7e-05   18.0  22.6   2   2     1e-05   0.00029   13.9   4.4   994  1044   111   161   105   172 0.92 -
contig_28105_pilon:1448-873           -            192 291at314147          -           2987   2.4e-05   17.5   9.3   1   3   0.00021    0.0059    9.6   0.1  1135  1210     2    82     1    86 0.74 -
contig_28105_pilon:1448-873           -            192 291at314147          -           2987   2.4e-05   17.5   9.3   2   3   1.2e-06   3.4e-05   17.0   0.6  1135  1209    58   137    40   142 0.80 -
contig_28105_pilon:1448-873           -            192 291at314147          -           2987   2.4e-05   17.5   9.3   3   3   0.00026    0.0074    9.3   5.5   489   583    90   182    83   192 0.65 -
NW_025965324.1_RagTag:3071511-3072352 -            184 291at314147          -           2987     4e-05   16.8   0.1   1   1   1.7e-06   4.9e-05   16.5   0.1  1697  1778    61   143    41   149 0.79 -
NW_025965250.1_RagTag:8956-9588       -            211 291at314147          -           2987   4.3e-05   16.7  23.5   1   4    0.0031     0.089    5.7   0.0  1185  1210    14    39     5    42 0.87 -
NW_025965250.1_RagTag:8956-9588       -            211 291at314147          -           2987   4.3e-05   16.7  23.5   2   4    0.0015     0.044    6.7  11.4   490   594    20   122    18   128 0.81 -
NW_025965250.1_RagTag:8956-9588       -            211 291at314147          -           2987   4.3e-05   16.7  23.5   3   4   2.1e-05   0.00061   12.8   2.6   993  1043   129   179   122   183 0.91 -
NW_025965250.1_RagTag:8956-9588       -            211 291at314147          -           2987   4.3e-05   16.7  23.5   4   4     0.098       2.8    0.7   0.0  1184  1208   181   205   178   210 0.77 -
NW_025965039.1_RagTag:269799-269233   -            189 291at314147          -           2987   6.4e-05   16.1   9.5   1   3   0.00042     0.012    8.5   1.0  1777  1826    27    77    17    86 0.88 -
NW_025965039.1_RagTag:269799-269233   -            189 291at314147          -           2987   6.4e-05   16.1   9.5   2   3    0.0017     0.049    6.5   0.1  1792  1825    99   132    82   136 0.86 -
NW_025965039.1_RagTag:269799-269233   -            189 291at314147          -           2987   6.4e-05   16.1   9.5   3   3    0.0028      0.08    5.8   0.3  1777  1825   139   188   133   189 0.79 -
NW_025965328.1_RagTag:1309-710        -            200 291at314147          -           2987   7.5e-05   15.9  26.2   1   3     0.002     0.057    6.3   7.1   993  1043    36    86     8    91 0.74 -
NW_025965328.1_RagTag:1309-710        -            200 291at314147          -           2987   7.5e-05   15.9  26.2   2   3   9.6e-05    0.0028   10.7   1.7   994  1044    93   143    89   147 0.93 -
NW_025965328.1_RagTag:1309-710        -            200 291at314147          -           2987   7.5e-05   15.9  26.2   3   3   0.00017     0.005    9.8   1.9   994  1040   149   195   145   200 0.88 -
NW_025965324.1_RagTag:3059154-3059363 -             70 291at314147          -           2987   8.5e-05   15.7   0.5   1   1   3.1e-06   8.9e-05   15.6   0.5  2061  2120     7    66     2    69 0.83 -
NW_025965297.1_RagTag:263516-264714   -            299 291at314147          -           2987   8.9e-05   15.6   7.6   1   2   4.7e-06   0.00014   15.0   2.6   518   597    71   151    57   161 0.85 -
NW_025965297.1_RagTag:263516-264714   -            299 291at314147          -           2987   8.9e-05   15.6   7.6   2   2     0.014      0.41    3.5   0.2   567   598   266   298   199   299 0.80 -
NW_025965022.1_RagTag:271580-270999   -            194 291at314147          -           2987     9e-05   15.6  18.1   1   2   0.00014    0.0041   10.1   1.0   994  1041     9    56     4    63 0.93 -
NW_025965022.1_RagTag:271580-270999   -            194 291at314147          -           2987     9e-05   15.6  18.1   2   2   0.00011    0.0031   10.5  10.4   459   592    67   194    58   194 0.84 -
NW_025965271.1_RagTag:559002-644971   -            204 291at314147          -           2987   9.4e-05   15.5  25.7   1   4   0.00034    0.0099    8.8   2.9   994  1043    26    75    12    80 0.90 -
NW_025965271.1_RagTag:559002-644971   -            204 291at314147          -           2987   9.4e-05   15.5  25.7   2   4    0.0024     0.069    6.0   8.6  1136  1210    52   131    51   136 0.74 -
NW_025965271.1_RagTag:559002-644971   -            204 291at314147          -           2987   9.4e-05   15.5  25.7   3   4   0.00018    0.0052    9.8   7.7   519   595    82   159    79   164 0.80 -
NW_025965271.1_RagTag:559002-644971   -            204 291at314147          -           2987   9.4e-05   15.5  25.7   4   4    0.0037      0.11    5.4   0.5  1948  1971   165   188   161   198 0.67 -
contig_43334_pilon:1190-1762          -            191 291at314147          -           2987   0.00013   15.1  18.8   1   3    0.0015     0.044    6.7   0.6  1928  1971    14    58     9    61 0.82 -
contig_43334_pilon:1190-1762          -            191 291at314147          -           2987   0.00013   15.1  18.8   2   3   0.00024    0.0068    9.4   2.9   993  1040    91   138    72   145 0.82 -
contig_43334_pilon:1190-1762          -            191 291at314147          -           2987   0.00013   15.1  18.8   3   3     0.003     0.085    5.7   0.9  1186  1211   145   170   136   190 0.70 -
NW_025965275.1_RagTag:451509-451318   -             64 291at314147          -           2987   0.00014   15.0   1.4   1   1   4.9e-06   0.00014   15.0   1.4  2061  2117     5    61     1    64 0.79 -
NW_025965309.1_RagTag:3395110-3394499 -            204 291at314147          -           2987   0.00017   14.7   0.0   1   1   8.3e-06   0.00024   14.2   0.0  1716  1779    66   129    37   137 0.77 -
NW_025965375.1_RagTag:160364-159888   -            159 291at314147          -           2987    0.0003   13.9  10.0   1   2   0.00056     0.016    8.1   0.1  1182  1210    26    54    14    59 0.87 -
NW_025965375.1_RagTag:160364-159888   -            159 291at314147          -           2987    0.0003   13.9  10.0   2   2   0.00065     0.019    7.9   5.6  1135  1210    58   138    55   145 0.77 -
contig_18340_pilon:828-2186           -            453 291at314147          -           2987   0.00048   13.2  72.4   1   9   0.00011    0.0033   10.4   1.5   994  1044    29    79    12    84 0.92 -
contig_18340_pilon:828-2186           -            453 291at314147          -           2987   0.00048   13.2  72.4   2   9    0.0076      0.22    4.4   2.2   994  1043    85   134    79   139 0.80 -
contig_18340_pilon:828-2186           -            453 291at314147          -           2987   0.00048   13.2  72.4   3   9     0.002     0.059    6.3   4.6   994  1043   141   190   135   194 0.93 -
contig_18340_pilon:828-2186           -            453 291at314147          -           2987   0.00048   13.2  72.4   4   9   0.00041     0.012    8.6   3.9   994  1043   169   218   161   223 0.93 -
contig_18340_pilon:828-2186           -            453 291at314147          -           2987   0.00048   13.2  72.4   5   9   0.00092     0.026    7.4   2.4   994  1044   197   247   194   251 0.94 -
contig_18340_pilon:828-2186           -            453 291at314147          -           2987   0.00048   13.2  72.4   6   9    0.0053      0.15    4.9  10.4  1135  1210   222   302   210   307 0.85 -
contig_18340_pilon:828-2186           -            453 291at314147          -           2987   0.00048   13.2  72.4   7   9     0.023      0.66    2.8   0.4  1948  1971   308   331   304   335 0.86 -
contig_18340_pilon:828-2186           -            453 291at314147          -           2987   0.00048   13.2  72.4   8   9     0.011      0.32    3.8   4.2   994  1043   337   386   332   391 0.84 -
contig_18340_pilon:828-2186           -            453 291at314147          -           2987   0.00048   13.2  72.4   9   9   3.1e-05   0.00089   12.3   1.3   994  1044   393   443   389   449 0.94 -
contig_36320_pilon:1033-1992          -            320 291at314147          -           2987   0.00056   13.0  51.2   1   7     0.048       1.4    1.7   0.3  1948  1970    15    37     4    43 0.53 -
contig_36320_pilon:1033-1992          -            320 291at314147          -           2987   0.00056   13.0  51.2   2   7   0.00035      0.01    8.8   3.4   994  1044    44    94    38    98 0.94 -
contig_36320_pilon:1033-1992          -            320 291at314147          -           2987   0.00056   13.0  51.2   3   7   0.00039     0.011    8.7   2.6   994  1044   100   150    97   154 0.93 -
contig_36320_pilon:1033-1992          -            320 291at314147          -           2987   0.00056   13.0  51.2   4   7      0.01      0.29    4.0   0.3  1948  1971   155   178   152   183 0.76 -
contig_36320_pilon:1033-1992          -            320 291at314147          -           2987   0.00056   13.0  51.2   5   7   0.00095     0.027    7.4   1.1   994  1043   184   233   180   237 0.92 -
contig_36320_pilon:1033-1992          -            320 291at314147          -           2987   0.00056   13.0  51.2   6   7   0.00039     0.011    8.6   1.9   994  1043   240   289   237   294 0.92 -
contig_36320_pilon:1033-1992          -            320 291at314147          -           2987   0.00056   13.0  51.2   7   7     0.008      0.23    4.3   0.7  1948  1971   295   318   291   319 0.86 -
NW_025965250.1_RagTag:54855-54238     -            206 291at314147          -           2987   0.00088   12.3  14.4   1   3     0.011      0.31    3.9   0.3   994  1042    12    60     5    68 0.88 -
NW_025965250.1_RagTag:54855-54238     -            206 291at314147          -           2987   0.00088   12.3  14.4   2   3      0.19       5.5   -0.3   0.1  1186  1210    65    89    60    93 0.79 -
NW_025965250.1_RagTag:54855-54238     -            206 291at314147          -           2987   0.00088   12.3  14.4   3   3   2.8e-05   0.00082   12.4   2.9  1135  1210   121   201   117   205 0.69 -
contig_33351_pilon:20-586             -            189 291at314147          -           2987    0.0012   11.8  19.2   1   4   0.00081     0.023    7.6   2.6   993  1043    26    76     1    80 0.87 -
contig_33351_pilon:20-586             -            189 291at314147          -           2987    0.0012   11.8  19.2   2   4    0.0044      0.13    5.2   0.1  1186  1210    80   104    76   108 0.88 -
contig_33351_pilon:20-586             -            189 291at314147          -           2987    0.0012   11.8  19.2   3   4   0.00084     0.024    7.5   1.6   994  1043   111   160   105   166 0.82 -
contig_33351_pilon:20-586             -            189 291at314147          -           2987    0.0012   11.8  19.2   4   4    0.0029     0.082    5.8   1.3   994  1040   139   185   136   189 0.76 -
NW_025965235.1_RagTag:119535-118921   -            205 291at314147          -           2987    0.0017   11.4  21.6   1   4    0.0045      0.13    5.1   0.8   994  1043    11    60     5    64 0.86 -
NW_025965235.1_RagTag:119535-118921   -            205 291at314147          -           2987    0.0017   11.4  21.6   2   4   0.00022    0.0063    9.5   2.0   994  1044    39    89    32    93 0.93 -
NW_025965235.1_RagTag:119535-118921   -            205 291at314147          -           2987    0.0017   11.4  21.6   3   4   9.4e-05    0.0027   10.7   1.8   994  1043    67   116    60   120 0.93 -
NW_025965235.1_RagTag:119535-118921   -            205 291at314147          -           2987    0.0017   11.4  21.6   4   4    0.0032     0.092    5.6   5.1  1135  1210   120   200   115   203 0.77 -
contig_43715_pilon:47-619             -            191 291at314147          -           2987     0.002   11.2  31.1   1   5    0.0098      0.28    4.0   0.1  1186  1210     2    26     1    32 0.91 -
contig_43715_pilon:47-619             -            191 291at314147          -           2987     0.002   11.2  31.1   2   5   0.00025    0.0071    9.3   4.2   994  1045    33    83    26    86 0.91 -
contig_43715_pilon:47-619             -            191 291at314147          -           2987     0.002   11.2  31.1   3   5    0.0015     0.043    6.7   0.3  1183  1210    83   110    80   115 0.87 -
contig_43715_pilon:47-619             -            191 291at314147          -           2987     0.002   11.2  31.1   4   5    0.0051      0.15    4.9   0.6  1948  1971   116   139   111   143 0.88 -
contig_43715_pilon:47-619             -            191 291at314147          -           2987     0.002   11.2  31.1   5   5     0.016      0.46    3.3   2.1   994  1035   145   186   141   191 0.68 -
NW_025965341.1_RagTag:133798-133214   -            195 291at314147          -           2987    0.0026   10.8  20.6   1   3   5.6e-06   0.00016   14.8   5.4   516   595     8    88     1    93 0.91 -
NW_025965341.1_RagTag:133798-133214   -            195 291at314147          -           2987    0.0026   10.8  20.6   2   3    0.0079      0.23    4.3   0.6  1463  1497    94   127    85   135 0.72 -
NW_025965341.1_RagTag:133798-133214   -            195 291at314147          -           2987    0.0026   10.8  20.6   3   3     0.064       1.8    1.3   2.1   994  1037   151   194   138   195 0.85 -
NW_025965442.1_RagTag:53303-52854     -            150 291at314147          -           2987    0.0032   10.5  10.3   1   2   6.3e-05    0.0018   11.3   3.7  1135  1209    20    99    10   105 0.68 -
NW_025965442.1_RagTag:53303-52854     -            150 291at314147          -           2987    0.0032   10.5  10.3   2   2     0.016      0.45    3.3   0.7   994  1029   107   142   100   150 0.45 -
contig_18339_pilon:77-1480            -            468 291at314147          -           2987    0.0045   10.0  50.7   1   6    0.0026     0.076    5.9   1.6   994  1043    23    72    15    77 0.89 -
contig_18339_pilon:77-1480            -            468 291at314147          -           2987    0.0045   10.0  50.7   2   6   0.00047     0.014    8.4   0.4   994  1053    79   138    73   168 0.82 -
contig_18339_pilon:77-1480            -            468 291at314147          -           2987    0.0045   10.0  50.7   3   6     0.009      0.26    4.1   3.0   994  1043   248   297   229   302 0.85 -
contig_18339_pilon:77-1480            -            468 291at314147          -           2987    0.0045   10.0  50.7   4   6   0.00077     0.022    7.7   3.2   994  1044   304   354   301   359 0.94 -
contig_18339_pilon:77-1480            -            468 291at314147          -           2987    0.0045   10.0  50.7   5   6    0.0085      0.24    4.2   2.7   994  1043   360   409   355   413 0.79 -
contig_18339_pilon:77-1480            -            468 291at314147          -           2987    0.0045   10.0  50.7   6   6    0.0025     0.072    6.0   2.4   994  1043   416   465   412   467 0.86 -
NW_025965228.1_RagTag:17261-16787     -             64 291at314147          -           2987    0.0049    9.8   3.3   1   1   0.00025    0.0073    9.3   3.3  2059  2119    12    62     3    64 0.60 -
NW_025965301.1_RagTag:107840-107193   -            216 291at314147          -           2987    0.0073    9.3   7.6   1   3    0.0054      0.16    4.9   0.2  1790  1825    71   106    18   111 0.66 -
NW_025965301.1_RagTag:107840-107193   -            216 291at314147          -           2987    0.0073    9.3   7.6   2   3    0.0059      0.17    4.7   0.1  1792  1826    73   107    53   141 0.63 -
NW_025965301.1_RagTag:107840-107193   -            216 291at314147          -           2987    0.0073    9.3   7.6   3   3    0.0064      0.18    4.6   1.3   994  1035   143   184   134   204 0.85 -
NW_025965341.1_RagTag:10137-11147     -            337 291at314147          -           2987     0.011    8.7  33.5   1   3    0.0085      0.25    4.2   3.1   994  1040     2    48     1    56 0.91 -
NW_025965341.1_RagTag:10137-11147     -            337 291at314147          -           2987     0.011    8.7  33.5   2   3     0.014       0.4    3.5  16.9   994  1209    58   275    51   278 0.73 -
NW_025965341.1_RagTag:10137-11147     -            337 291at314147          -           2987     0.011    8.7  33.5   3   3   1.8e-05   0.00053   13.1   1.7  1134  1210   223   304   218   310 0.82 -
NW_025965279.1_RagTag:47883-47464     -            140 291at314147          -           2987     0.013    8.5   0.9   1   1   0.00082     0.024    7.6   0.8  1134  1204    44   119    28   130 0.59 -
contig_10031_pilon:821-222            -            200 291at314147          -           2987     0.014    8.3  31.5   1   3      0.02      0.59    3.0   5.9   994  1045     9    59     4    63 0.89 -
contig_10031_pilon:821-222            -            200 291at314147          -           2987     0.014    8.3  31.5   2   3   1.5e-05   0.00043   13.4   5.4  1135  1209    62   141    59   147 0.84 -
contig_10031_pilon:821-222            -            200 291at314147          -           2987     0.014    8.3  31.5   3   3     0.015      0.43    3.4   0.5  1948  1971   176   199   171   200 0.68 -
NW_025965182.1_RagTag:1737866-1738443 -            179 291at314147          -           2987     0.019    7.9   9.6   1   2     0.091       2.6    0.8   0.3   994  1030    25    61    14    81 0.63 -
NW_025965182.1_RagTag:1737866-1738443 -            179 291at314147          -           2987     0.019    7.9   9.6   2   2     7e-05     0.002   11.1   3.0  1124  1212    82   175    69   179 0.81 -
NW_025965317.1_RagTag:1474848-1474279 -            190 291at314147          -           2987     0.021    7.7  20.4   1   3    0.0099      0.29    4.0   4.5   520   593     2    76     1    81 0.91 -
NW_025965317.1_RagTag:1474848-1474279 -            190 291at314147          -           2987     0.021    7.7  20.4   2   3      0.13       3.6    0.3   6.4  1136  1209    27   105    26   111 0.63 -
NW_025965317.1_RagTag:1474848-1474279 -            190 291at314147          -           2987     0.021    7.7  20.4   3   3   0.00076     0.022    7.7   5.6  1134  1210   109   190    94   190 0.51 -
NW_025965374.1_RagTag:84619-82388     -            744 291at314147          -           2987     0.032    7.1  61.4   1   6   0.00097     0.028    7.3   4.7   993  1044     3    54     1    70 0.85 -
NW_025965374.1_RagTag:84619-82388     -            744 291at314147          -           2987     0.032    7.1  61.4   2   6     0.066       1.9    1.2   2.0   489   552    74   138    63   157 0.70 -
NW_025965374.1_RagTag:84619-82388     -            744 291at314147          -           2987     0.032    7.1  61.4   3   6     0.095       2.8    0.7   7.0   841   904   215   281   201   394 0.71 -
NW_025965374.1_RagTag:84619-82388     -            744 291at314147          -           2987     0.032    7.1  61.4   4   6    0.0024      0.07    6.0   0.5  1948  1972   441   465   395   469 0.69 -
NW_025965374.1_RagTag:84619-82388     -            744 291at314147          -           2987     0.032    7.1  61.4   5   6     0.023      0.66    2.8   1.5   993  1045   471   525   468   528 0.85 -
NW_025965374.1_RagTag:84619-82388     -            744 291at314147          -           2987     0.032    7.1  61.4   6   6   7.2e-06   0.00021   14.4   9.4   489   608   531   650   526   666 0.77 -
contig_83186_pilon:3097-2462          -            212 291at314147          -           2987     0.037    6.9  34.7   1   4    0.0067      0.19    4.6   4.9   994  1043     6    55     3    60 0.87 -
contig_83186_pilon:3097-2462          -            212 291at314147          -           2987     0.037    6.9  34.7   2   4    0.0094      0.27    4.1   0.8  1948  1971    61    84    58    87 0.89 -
contig_83186_pilon:3097-2462          -            212 291at314147          -           2987     0.037    6.9  34.7   3   4    0.0014     0.041    6.8   1.9   994  1043    90   139    84   144 0.90 -
contig_83186_pilon:3097-2462          -            212 291at314147          -           2987     0.037    6.9  34.7   4   4   0.00078     0.022    7.7   4.9   994  1044   146   196   142   208 0.85 -
contig_81532_pilon:2155-1715          -            147 291at314147          -           2987     0.049    6.5  16.1   1   2     0.037       1.1    2.1  11.7   486   594     6   114     2   118 0.84 -
contig_81532_pilon:2155-1715          -            147 291at314147          -           2987     0.049    6.5  16.1   2   2   9.6e-05    0.0028   10.7   5.9   517   594    64   142    62   146 0.54 -
NW_025965341.1_RagTag:104619-49768    -            298 291at314147          -           2987     0.053    6.4  20.4   1   4     0.093       2.7    0.8   0.1  1186  1209    23    46    17    49 0.87 -
NW_025965341.1_RagTag:104619-49768    -            298 291at314147          -           2987     0.053    6.4  20.4   2   4   5.4e-05    0.0015   11.5   2.6  1134  1221    50   140    34   152 0.73 -
NW_025965341.1_RagTag:104619-49768    -            298 291at314147          -           2987     0.053    6.4  20.4   3   4     0.093       2.7    0.8   6.5   517   592   192   268   142   273 0.79 -
NW_025965341.1_RagTag:104619-49768    -            298 291at314147          -           2987     0.053    6.4  20.4   4   4      0.29       8.3   -0.9   0.0  1135  1156   275   296   266   298 0.86 -
NW_025965341.1_RagTag:79117-79728     -            204 291at314147          -           2987       0.1    5.5  18.4   1   3      0.07         2    1.2   0.1  1800  1826     5    31     2    42 0.85 -
NW_025965341.1_RagTag:79117-79728     -            204 291at314147          -           2987       0.1    5.5  18.4   2   3   0.00094     0.027    7.4   1.3  1789  1826   106   143    91   150 0.84 -
NW_025965341.1_RagTag:79117-79728     -            204 291at314147          -           2987       0.1    5.5  18.4   3   3     0.016      0.47    3.3   0.1  1464  1483   179   198   164   202 0.62 -
NW_025965341.1_RagTag:115130-190966   -            257 291at314147          -           2987      0.23    4.3  18.3   1   3     0.072       2.1    1.1   0.1  1948  1972    17    41     7    44 0.88 -
NW_025965341.1_RagTag:115130-190966   -            257 291at314147          -           2987      0.23    4.3  18.3   2   3    0.0012     0.033    7.1   1.8   991  1042    43    94    37   100 0.91 -
NW_025965341.1_RagTag:115130-190966   -            257 291at314147          -           2987      0.23    4.3  18.3   3   3   0.00081     0.023    7.6   1.3   992  1043   100   151    93   158 0.91 -
contig_10836_pilon:33-731             -            233 291at314147          -           2987      0.26    4.2  34.3   1   5      0.21       6.1   -0.4   0.0  1186  1210     8    32     2    35 0.75 -
contig_10836_pilon:33-731             -            233 291at314147          -           2987      0.26    4.2  34.3   2   5    0.0014     0.041    6.8   3.3   994  1044    39    89    31    94 0.92 -
contig_10836_pilon:33-731             -            233 291at314147          -           2987      0.26    4.2  34.3   3   5     0.029      0.85    2.4   1.0  1186  1209    92   115    88   138 0.81 -
contig_10836_pilon:33-731             -            233 291at314147          -           2987      0.26    4.2  34.3   4   5     0.015      0.44    3.4   0.2  1948  1971   178   201   174   205 0.76 -
contig_10836_pilon:33-731             -            233 291at314147          -           2987      0.26    4.2  34.3   5   5    0.0037      0.11    5.4   1.8  1948  1971   206   229   203   232 0.95 -
NW_025965289.1_RagTag:81495-82190     -            232 291at314147          -           2987      0.26    4.1  16.6   1   3    0.0076      0.22    4.4   2.7   519  1209    44   120    35   132 0.47 -
NW_025965289.1_RagTag:81495-82190     -            232 291at314147          -           2987      0.26    4.1  16.6   2   3    0.0045      0.13    5.1   2.1  1135  1209    69   148    67   153 0.70 -
NW_025965289.1_RagTag:81495-82190     -            232 291at314147          -           2987      0.26    4.1  16.6   3   3     0.012      0.35    3.7   7.1   490   592   130   230   123   232 0.82 -
NW_025965127.1_RagTag:122616-122107   -            170 291at314147          -           2987      0.39    3.5  11.1   1   1     0.011      0.33    3.8   0.5   994  1040     8    54     3    61 0.67 -
contig_43715_pilon:891-1472           -            194 291at314147          -           2987      0.51    3.2  11.6   1   2     0.043       1.3    1.9   3.5   994  1043    32    81    10    94 0.59 -
contig_43715_pilon:891-1472           -            194 291at314147          -           2987      0.51    3.2  11.6   2   2    0.0022     0.063    6.2   0.9   994  1038   144   188   114   194 0.86 -
NW_025965166.1_RagTag:126554-126123   -            144 291at314147          -           2987       1.3    1.8  14.0   1   2    0.0099      0.28    4.0   6.5   517   593     5    82     3    89 0.74 -
NW_025965166.1_RagTag:126554-126123   -            144 291at314147          -           2987       1.3    1.8  14.0   2   2     0.035         1    2.2   1.0   994  1043    91   140    82   144 0.76 -
NW_025965250.1_RagTag:250628-249804   -            275 291at314147          -           2987       2.3    1.0  37.3   1   3     0.085       2.4    0.9   9.6   514   594    26   107     4   111 0.62 -
NW_025965250.1_RagTag:250628-249804   -            275 291at314147          -           2987       2.3    1.0  37.3   2   3     5e-05    0.0014   11.6   4.0  1135  1210   112   192   107   198 0.84 -
NW_025965250.1_RagTag:250628-249804   -            275 291at314147          -           2987       2.3    1.0  37.3   3   3     0.056       1.6    1.5   6.3   994  1044   199   249   196   259 0.91 -
NW_025965182.1_RagTag:1756006-1757067 -            354 291at314147          -           2987         5   -0.1  29.4   1   5     0.018      0.51    3.2   0.0   999  1043     1    45     1    50 0.83 -
NW_025965182.1_RagTag:1756006-1757067 -            354 291at314147          -           2987         5   -0.1  29.4   2   5     0.016      0.46    3.3   2.7   991  1040   105   154    99   160 0.91 -
NW_025965182.1_RagTag:1756006-1757067 -            354 291at314147          -           2987         5   -0.1  29.4   3   5      0.02      0.59    2.9   1.9   991  1044   161   214   155   225 0.88 -
NW_025965182.1_RagTag:1756006-1757067 -            354 291at314147          -           2987         5   -0.1  29.4   4   5     0.016      0.47    3.3   0.6   994  1041   248   295   239   305 0.90 -
NW_025965182.1_RagTag:1756006-1757067 -            354 291at314147          -           2987         5   -0.1  29.4   5   5     0.064       1.9    1.3   0.6   995  1040   305   350   301   353 0.91 -
#
# Program:         hmmsearch
# Version:         3.1b2 (February 2015)
# Pipeline mode:   SEARCH
# Query file:      /home/bgerda/guppy_SUP/busco_downloads/lineages/glires_odb10/hmms/291at314147.hmm
# Target file:     /home/bgerda/guppy_SUP/busco_results_flye/run_glires_odb10/metaeuk_output/rerun_results/ragtag.scaffold.fasta.modified.fas
# Option settings: hmmsearch --domtblout /home/bgerda/guppy_SUP/busco_results_flye/run_glires_odb10/hmmer_output/rerun_results/291at314147.out --cpu 1 /home/bgerda/guppy_SUP/busco_downloads/lineages/glires_odb10/hmms/291at314147.hmm /home/bgerda/guppy_SUP/busco_results_flye/run_glires_odb10/metaeuk_output/rerun_results/ragtag.scaffold.fasta.modified.fas 
# Current dir:     /home/bgerda/guppy_SUP
# Date:            Sun May 21 17:47:52 2023
# [ok]
