#                                                                                             --- full sequence --- -------------- this domain -------------   hmm coord   ali coord   env coord
# target name                         accession   tlen query name           accession   qlen   E-value  score  bias   #  of  c-Evalue  i-Evalue  score  bias  from    to  from    to  from    to  acc description of target
#                 ------------------- ---------- ----- -------------------- ---------- ----- --------- ------ ----- --- --- --------- --------- ------ ----- ----- ----- ----- ----- ----- ----- ---- ---------------------
contig_23379_pilon:2126-1202          -            308 29336at314147        -            268  9.5e-102  336.5  25.7   1   1  1.3e-102  1.2e-101  336.2  25.7    11   267    32   308    15   308 0.94 -
contig_67131_pilon:1249-312           -            306 29336at314147        -            268   7.8e-96  317.2  22.5   1   1   1.1e-96   9.9e-96  316.8  22.5     1   266    20   306    20   306 0.91 -
contig_68255_pilon:901-37             -            282 29336at314147        -            268   1.3e-93  309.9  20.9   1   1   1.8e-94   1.6e-93  309.6  20.9     1   251     9   282     9   282 0.92 -
contig_45284_pilon:1200-2107          -            300 29336at314147        -            268   1.2e-90  300.1  26.5   1   1   1.8e-91   1.5e-90  299.8  26.5     2   266     7   295     6   297 0.93 -
NW_025965405.1_RagTag:31012-31919     -            302 29336at314147        -            268   2.4e-88  292.6  25.4   1   1   3.2e-89   2.8e-88  292.4  25.4     2   267    10   302     9   302 0.91 -
NW_025965123.1_RagTag:1722930-1722012 -            302 29336at314147        -            268   1.9e-82  273.2  25.6   1   1   2.6e-83   2.3e-82  273.0  25.6     2   267    10   298     9   299 0.89 -
contig_9927_pilon:1818-955            -            288 29336at314147        -            268   3.8e-81  269.0  20.4   1   1   5.4e-82   4.7e-81  268.7  20.4    11   267    11   288     7   288 0.90 -
NW_025965313.1_RagTag:1671616-1670725 -            295 29336at314147        -            268   3.4e-79  262.6  27.2   1   1   4.8e-80   4.1e-79  262.3  27.2    11   268    13   289     9   289 0.89 -
contig_26960_pilon:499-1396           -            299 29336at314147        -            268   1.3e-78  260.7  13.7   1   1   1.9e-79   1.6e-78  260.4  13.7    11   266    23   299    19   299 0.93 -
NW_025965182.1_RagTag:1842087-1841153 -            311 29336at314147        -            268   1.4e-78  260.6  23.3   1   1   2.2e-79   1.9e-78  260.1  23.3     4   268    12   303    10   303 0.89 -
NW_025965431.1_RagTag:15927-16821     -            296 29336at314147        -            268   1.7e-77  257.0  24.6   1   1   2.4e-78   2.1e-77  256.7  24.6     4   267     2   291     1   292 0.88 -
contig_19626_pilon:1313-2228          -            305 29336at314147        -            268     2e-77  256.8  27.8   1   1   2.7e-78   2.4e-77  256.5  27.8     1   267    11   305    11   305 0.90 -
contig_30879_pilon:3566-2666          -            294 29336at314147        -            268   2.3e-77  256.6  20.1   1   1   3.1e-78   2.7e-77  256.4  20.1     1   268     5   294     5   294 0.91 -
NW_025965182.1_RagTag:1828145-1827444 -            234 29336at314147        -            268   2.7e-77  256.4   9.5   1   1   4.5e-78   3.9e-77  255.8   9.5    58   268     3   231     1   231 0.93 -
contig_56588_pilon:2331-1522          -            270 29336at314147        -            268   7.7e-77  254.9  22.1   1   1   1.1e-77   9.2e-77  254.6  22.1    24   268     2   267     1   267 0.90 -
contig_14807_pilon:1552-638           -            291 29336at314147        -            268   8.9e-77  254.7  18.6   1   1   1.3e-77   1.1e-76  254.4  18.6    12   266    16   291     6   291 0.91 -
contig_70120_pilon:673-1560           -            296 29336at314147        -            268     2e-76  253.5  18.3   1   1   2.8e-77   2.5e-76  253.2  18.3    11   268    15   293    10   293 0.93 -
contig_72985_pilon:1524-2450          -            309 29336at314147        -            268   2.1e-76  253.5  27.2   1   1   2.8e-77   2.4e-76  253.2  27.2     2   268    12   306    11   306 0.88 -
NW_025965223.1_RagTag:142315-141397   -            298 29336at314147        -            268   1.2e-75  251.0  27.0   1   1   1.7e-76   1.5e-75  250.7  27.0    10   267    21   291     5   292 0.90 -
NW_025965313.1_RagTag:1712957-1713860 -            301 29336at314147        -            268   1.5e-75  250.6  23.9   1   1     2e-76   1.8e-75  250.4  23.9    11   268    22   301     5   301 0.85 -
contig_36220_pilon:1250-2170          -            307 29336at314147        -            268   3.3e-75  249.5  24.7   1   1   4.6e-76   4.1e-75  249.2  24.7     3   268    11   304     9   304 0.91 -
NW_025965057.1_RagTag:7581-6671       -            299 29336at314147        -            268   8.9e-75  248.1  23.7   1   1   1.3e-75   1.1e-74  247.8  23.7     2   267     6   293     5   294 0.88 -
NW_025965258.1_RagTag:3890-4798       -            303 29336at314147        -            268   1.1e-74  247.8  17.7   1   1   1.6e-75   1.4e-74  247.5  17.7    11   268    22   300     6   300 0.93 -
NW_025965313.1_RagTag:72608-73490     -            294 29336at314147        -            268   1.3e-74  247.6  25.0   1   1   1.9e-75   1.7e-74  247.2  25.0    11   267    12   289     8   290 0.92 -
NW_025965123.1_RagTag:1718924-1717977 -            316 29336at314147        -            268     3e-74  246.4  25.2   1   1   4.1e-75   3.6e-74  246.1  25.2     1   267    20   314    20   315 0.90 -
contig_75679_pilon:841-1732           -            297 29336at314147        -            268   1.1e-73  244.6  27.2   1   1   1.5e-74   1.3e-73  244.3  27.2     2   266     2   294     1   296 0.88 -
NW_025965008.1_RagTag:215045-201349   -            285 29336at314147        -            268   1.1e-73  244.6  26.2   1   1     3e-73   2.6e-72  240.0  26.2     3   267    12   281    10   282 0.89 -
contig_57973_pilon:1283-390           -            298 29336at314147        -            268   2.5e-73  243.3  13.6   1   1   3.4e-74     3e-73  243.1  13.6     1   267     1   295     1   296 0.91 -
NW_025965008.1_RagTag:162738-163677   -            295 29336at314147        -            268   2.6e-73  243.3  22.1   1   1   3.7e-74   3.2e-73  243.0  22.1    10   267    25   286     9   287 0.89 -
NW_025965008.1_RagTag:223720-234340   -            293 29336at314147        -            268   1.7e-72  240.6  22.8   1   1   2.8e-73   2.5e-72  240.1  22.8    11   264    16   293     1   293 0.88 -
contig_78135_pilon:1574-679           -            272 29336at314147        -            268   6.7e-72  238.7  17.3   1   1   9.8e-73   8.6e-72  238.3  17.3    35   267    26   272    10   272 0.94 -
NW_025965274.1_RagTag:27055-27957     -            301 29336at314147        -            268   1.3e-71  237.7  25.0   1   1   1.8e-72   1.5e-71  237.5  25.0     2   267     2   295     1   296 0.89 -
NW_025965008.1_RagTag:202275-201358   -            299 29336at314147        -            268   1.7e-71  237.3  27.7   1   1   2.2e-72     2e-71  237.1  27.7     1   267     9   298     9   299 0.90 -
NW_025965431.1_RagTag:38831-37914     -            306 29336at314147        -            268   2.6e-71  236.7  20.9   1   1   3.5e-72   3.1e-71  236.5  20.9    11   265    26   301     9   305 0.87 -
contig_48637_pilon:1312-407           -            302 29336at314147        -            268   4.9e-71  235.8  21.6   1   1   6.8e-72   5.9e-71  235.6  21.6     2   268     6   300     5   300 0.91 -
NW_025965230.1_RagTag:1057622-1056699 -            308 29336at314147        -            268   6.9e-71  235.4  19.1   1   1   9.7e-72   8.4e-71  235.1  19.1     2   268     9   303     8   303 0.89 -
NW_025965123.1_RagTag:1929321-1843492 -            299 29336at314147        -            268   4.2e-70  232.8  25.1   1   1     6e-71   5.2e-70  232.5  25.1     1   267     6   298     6   299 0.92 -
NW_025965146.1_RagTag:101506-100591   -            292 29336at314147        -            268   5.5e-70  232.4  23.3   1   1   7.9e-71   6.9e-70  232.1  23.3    12   268    26   286    18   286 0.92 -
NW_025965203.1_RagTag:474900-475721   -            274 29336at314147        -            268   9.7e-70  231.6  19.0   1   1   1.4e-70   1.2e-69  231.3  19.0    10   251    14   274    10   274 0.92 -
contig_81842_pilon:1622-733           -            265 29336at314147        -            268   1.5e-69  230.9  15.1   1   1   2.8e-70   2.5e-69  230.3  15.1    10   268    14   262    10   262 0.93 -
NW_025965320.1_RagTag:879423-878506   -            306 29336at314147        -            268   1.7e-69  230.8  24.4   1   1   2.2e-70     2e-69  230.6  24.4     2   265    15   306    14   306 0.91 -
contig_72712_pilon:586-1510           -            303 29336at314147        -            268   2.1e-69  230.5  21.8   1   1   2.7e-70   2.4e-69  230.3  21.8     2   267    13   301    12   302 0.91 -
NW_025965306.1_RagTag:21655-22420     -            246 29336at314147        -            268   2.2e-69  230.4  16.8   1   1     3e-70   2.6e-69  230.2  16.8    36   268     3   245     1   245 0.90 -
NW_025965431.1_RagTag:7900-8652       -            251 29336at314147        -            268   2.6e-69  230.2  21.6   1   1   3.4e-70   2.9e-69  230.0  21.6    35   262     6   251     1   251 0.89 -
NW_025965317.1_RagTag:2643605-2644525 -            307 29336at314147        -            268   2.8e-69  230.1  16.9   1   1   3.9e-70   3.4e-69  229.8  16.9    11   264    26   307     9   307 0.83 -
NW_025965138.1_RagTag:16325-15471     -            285 29336at314147        -            268   6.3e-69  228.9  21.5   1   1   9.8e-70   8.5e-69  228.5  21.5    11   268    10   285     7   285 0.93 -
NW_025965123.1_RagTag:1711444-1710527 -            306 29336at314147        -            268   6.4e-69  228.9  28.5   1   1     1e-69   8.8e-69  228.4  28.5    11   267    22   298    18   299 0.87 -
contig_45643_pilon:2034-1115          -            303 29336at314147        -            268   7.6e-69  228.6  24.2   1   1     1e-69   9.1e-69  228.4  24.2     2   268    10   301     9   301 0.89 -
NW_025965274.1_RagTag:6040-6949       -            298 29336at314147        -            268   9.2e-69  228.4  23.5   1   1   1.2e-69   1.1e-68  228.2  23.5     2   267     7   295     6   296 0.90 -
NW_025965123.1_RagTag:1941086-1843483 -            291 29336at314147        -            268   9.7e-69  228.3  23.2   1   1   1.5e-69   1.3e-68  227.9  23.2     8   267    12   287     2   288 0.91 -
NW_025965235.1_RagTag:62409-61518     -            297 29336at314147        -            268     1e-68  228.2  17.4   1   1   1.3e-69   1.2e-68  228.0  17.4     3   266     2   293     1   295 0.90 -
NW_025965140.1_RagTag:853176-852295   -            294 29336at314147        -            268   1.2e-68  228.1  24.4   1   1   1.6e-69   1.4e-68  227.8  24.4     2   262     6   294     5   294 0.87 -
NW_025965101.1_RagTag:64024-64945     -            306 29336at314147        -            268   2.8e-68  226.8  23.5   1   1   3.8e-69   3.3e-68  226.5  23.5     2   268     6   299     5   299 0.85 -
NW_025965313.1_RagTag:1671674-1667331 -            291 29336at314147        -            268     3e-68  226.7  25.6   1   1   2.1e-68   1.9e-67  224.1  25.6    11   268    31   285    15   285 0.86 -
NW_025965581.1_RagTag:2793-3714       -            306 29336at314147        -            268   1.5e-67  224.4  16.4   1   1   2.2e-68     2e-67  224.0  16.4    15   268    28   303     9   303 0.89 -
NW_025965315.1_RagTag:2533229-2534137 -            303 29336at314147        -            268   2.4e-67  223.8  25.0   1   1   3.4e-68     3e-67  223.4  25.0     1   267     7   301     7   302 0.91 -
NW_025965320.1_RagTag:900507-899674   -            272 29336at314147        -            268   2.5e-67  223.7  20.1   1   1   3.5e-68   3.1e-67  223.4  20.1    16   267     2   269     1   270 0.93 -
NW_025965331.1_RagTag:94464-97450     -            300 29336at314147        -            268   4.7e-67  222.8  20.3   1   1   2.2e-66   1.9e-65  217.5  20.3     2   268    11   295    10   295 0.83 -
contig_45575_pilon:1089-2022          -            293 29336at314147        -            268   6.7e-67  222.3   8.8   1   1   9.7e-68   8.5e-67  221.9   8.8     1   267    15   293    15   293 0.86 -
NW_025965149.1_RagTag:1697337-1697908 -            187 29336at314147        -            268   1.3e-66  221.3   8.6   1   1   1.8e-67   1.6e-66  221.1   8.6    93   267     2   186     1   187 0.94 -
contig_16391_pilon:1989-1067          -            287 29336at314147        -            268   2.8e-66  220.3  22.4   1   1   3.7e-67   3.2e-66  220.0  22.4     1   267     9   284     9   285 0.91 -
NW_025965331.1_RagTag:92480-91715     -            253 29336at314147        -            268   4.6e-66  219.5  11.2   1   1   6.2e-67   5.4e-66  219.3  11.2    37   267     3   249     1   250 0.91 -
NW_025965331.1_RagTag:109596-117605   -            293 29336at314147        -            268   1.6e-65  217.8  12.3   1   1   2.1e-66   1.9e-65  217.5  12.3    12   267    23   289     7   290 0.90 -
NW_025965123.1_RagTag:1777286-1697779 -            303 29336at314147        -            268   6.4e-65  215.8  23.4   1   1   8.7e-66   7.6e-65  215.5  23.4     3   267    11   300     9   301 0.86 -
NW_025965320.1_RagTag:839989-839099   -            297 29336at314147        -            268   1.4e-64  214.7  20.0   1   1   1.9e-65   1.7e-64  214.4  20.0    11   267    15   292     1   293 0.87 -
contig_59306_pilon:1354-2245          -            287 29336at314147        -            268   1.5e-64  214.5  10.4   1   1   2.5e-65   2.2e-64  214.0  10.4     9   262    23   287    10   287 0.87 -
NW_025965008.1_RagTag:175847-175059   -            263 29336at314147        -            268   2.8e-64  213.7  25.6   1   1   3.8e-65   3.3e-64  213.4  25.6     1   231     2   260     2   263 0.83 -
NW_025965233.1_RagTag:201426-202343   -            306 29336at314147        -            268   3.1e-64  213.6  19.1   1   1   4.2e-65   3.7e-64  213.3  19.1    10   265    24   300     7   303 0.85 -
NW_025965023.1_RagTag:902037-902794   -            252 29336at314147        -            268   5.1e-64  212.8  17.9   1   1   8.4e-65   7.3e-64  212.3  17.9    36   268     2   251     1   251 0.88 -
NW_025965008.1_RagTag:230160-174970   -            285 29336at314147        -            268   5.8e-64  212.6  23.6   1   1   8.7e-65   7.6e-64  212.3  23.6    11   264    13   284     9   285 0.91 -
NW_025965324.1_RagTag:3944352-3943433 -            303 29336at314147        -            268   6.6e-64  212.5  22.7   1   1     9e-65   7.9e-64  212.2  22.7     1   268    12   303    12   303 0.91 -
NW_025965146.1_RagTag:106091-108871   -            298 29336at314147        -            268   8.6e-64  212.1  20.6   1   1   1.3e-64   1.1e-63  211.7  20.6    11   267    22   294    18   295 0.89 -
contig_11065_pilon:1208-299           -            298 29336at314147        -            268   1.7e-63  211.1  13.3   1   1   2.2e-64     2e-63  210.9  13.3    11   267    26   296    10   297 0.88 -
NW_025965123.1_RagTag:1758147-1868285 -            279 29336at314147        -            268     2e-63  210.9  22.8   1   1   2.5e-64   2.2e-63  210.7  22.8     9   266    13   279     1   279 0.87 -
NW_025965341.1_RagTag:125105-124206   -            295 29336at314147        -            268   7.8e-63  208.9  24.2   1   1   1.1e-63   9.5e-63  208.7  24.2     3   267     4   293     2   294 0.86 -
NW_025965636.1_RagTag:15139-17837     -            286 29336at314147        -            268   4.9e-62  206.3  30.2   1   1   6.5e-63   5.7e-62  206.1  30.2     1   267     9   286     9   286 0.87 -
NW_025965054.1_RagTag:13482-18605     -            293 29336at314147        -            268     4e-61  203.3  10.5   1   1   8.5e-62   7.4e-61  202.5  10.5    11   268    24   292     8   292 0.87 -
NW_025965151.1_RagTag:2674-33200      -            281 29336at314147        -            268   6.2e-61  202.7  23.9   1   2   5.8e-16   5.1e-15   52.2   7.2     1    95     9   118     9   120 0.84 -
NW_025965151.1_RagTag:2674-33200      -            281 29336at314147        -            268   6.2e-61  202.7  23.9   2   2   1.3e-48   1.2e-47  159.2   9.4   117   267   109   264   107   265 0.96 -
NW_025965123.1_RagTag:1816711-1817613 -            301 29336at314147        -            268   7.5e-61  202.5  23.6   1   1   1.1e-61   9.3e-61  202.1  23.6     1   268     6   298     6   298 0.89 -
NW_025965008.1_RagTag:233145-252500   -            288 29336at314147        -            268   7.5e-61  202.4  25.4   1   1   2.1e-60   1.8e-59  197.9  25.4     3   267    11   288     9   288 0.88 -
NW_025965140.1_RagTag:1050743-1049943 -            238 29336at314147        -            268   1.1e-60  201.9  15.1   1   2   1.2e-35     1e-34  116.8   9.5    29   170     4   158     1   162 0.85 -
NW_025965140.1_RagTag:1050743-1049943 -            238 29336at314147        -            268   1.1e-60  201.9  15.1   2   2   1.4e-27   1.3e-26   90.2   0.6   188   267   156   236   154   237 0.93 -
NW_025965407.1_RagTag:8718-7813       -            302 29336at314147        -            268   1.6e-60  201.4  19.3   1   1   2.1e-61   1.8e-60  201.2  19.3    11   267    23   300     6   301 0.89 -
NW_025965101.1_RagTag:53784-23313     -            277 29336at314147        -            268   8.4e-60  199.0  21.0   1   1   9.2e-59     8e-58  192.5  21.0     3   267     9   277     7   277 0.85 -
NW_025965274.1_RagTag:837-1721        -            279 29336at314147        -            268   1.1e-59  198.6  21.0   1   1   1.6e-60   1.4e-59  198.3  21.0    10   267    14   277     1   278 0.89 -
contig_19055_pilon:1689-777           -            302 29336at314147        -            268   5.7e-58  193.0  18.2   1   1   1.1e-58   9.9e-58  192.2  18.1    64   267    84   298     5   299 0.90 -
NW_025965307.1_RagTag:60810-79015     -            239 29336at314147        -            268   6.6e-58  192.8  12.9   1   2   1.4e-33   1.2e-32  109.9   9.4     3   128    11   158     9   169 0.81 -
NW_025965307.1_RagTag:60810-79015     -            239 29336at314147        -            268   6.6e-58  192.8  12.9   2   2   3.3e-26   2.8e-25   85.8   0.1   188   267   161   239   149   239 0.91 -
NW_025965574.1_RagTag:1186-283        -            296 29336at314147        -            268   3.9e-57  190.3  21.8   1   1   5.3e-58   4.6e-57  190.0  21.8    11   267    22   294     5   295 0.84 -
NW_025965161.1_RagTag:669607-679059   -            309 29336at314147        -            268   2.6e-56  187.6  18.4   1   1   4.2e-57   3.7e-56  187.1  18.4    16   268    31   308    24   308 0.86 -
contig_17158_pilon:2154-1615          -            180 29336at314147        -            268     1e-55  185.6   8.6   1   1   1.5e-56   1.3e-55  185.3   8.6   105   267     8   177     3   178 0.94 -
NW_025965123.1_RagTag:1755095-1868312 -            247 29336at314147        -            268   3.3e-55  183.9  27.7   1   1   7.1e-56   6.2e-55  183.0  27.7    37   267     6   239     3   240 0.88 -
NW_025965307.1_RagTag:101318-100653   -            222 29336at314147        -            268   3.8e-55  183.8   6.1   1   1   5.3e-56   4.6e-55  183.5   6.1    74   268     5   212     1   212 0.92 -
NW_025965256.1_RagTag:10422-9625      -            235 29336at314147        -            268   7.7e-55  182.7  21.3   1   2     2e-29   1.8e-28   96.3   5.6     2   111     6   128     5   131 0.83 -
NW_025965256.1_RagTag:10422-9625      -            235 29336at314147        -            268   7.7e-55  182.7  21.3   2   2   2.4e-28   2.1e-27   92.8   8.2   137   233   131   232   127   235 0.93 -
NW_025965080.1_RagTag:598476-601194   -            280 29336at314147        -            268   2.4e-54  181.1  24.8   1   1   3.1e-55   2.7e-54  180.9  24.8     1   251     6   280     6   280 0.86 -
contig_17327_pilon:1297-574           -            240 29336at314147        -            268   3.5e-54  180.6  18.2   1   1   5.1e-55   4.4e-54  180.2  18.2    43   268     1   240     1   240 0.91 -
NW_025965418.1_RagTag:2486-3066       -            193 29336at314147        -            268   1.5e-53  178.5   2.9   1   1     2e-54   1.8e-53  178.3   2.9    91   267     1   189     1   190 0.90 -
NW_025965123.1_RagTag:1857972-1805304 -            233 29336at314147        -            268     2e-53  178.1  16.8   1   2   1.1e-18   9.2e-18   61.2   4.5    20   108     1    97     1   103 0.85 -
NW_025965123.1_RagTag:1857972-1805304 -            233 29336at314147        -            268     2e-53  178.1  16.8   2   2   9.3e-38   8.1e-37  123.6   5.0   131   262    99   232    95   233 0.94 -
NW_025965315.1_RagTag:2553425-2554332 -            272 29336at314147        -            268   6.1e-53  176.5  21.4   1   1   1.6e-53   1.4e-52  175.3  21.4     4   267     8   270     6   271 0.88 -
NW_025965305.1_RagTag:1655528-1654657 -            283 29336at314147        -            268     9e-53  175.9  23.9   1   1   1.6e-53   1.4e-52  175.3  23.9     2   261     6   283     5   283 0.86 -
NW_025965101.1_RagTag:83257-84169     -            303 29336at314147        -            268   1.1e-52  175.6  17.1   1   2   5.7e-15     5e-14   48.9   3.1     2    66     7    80     6   100 0.81 -
NW_025965101.1_RagTag:83257-84169     -            303 29336at314147        -            268   1.1e-52  175.6  17.1   2   2   1.6e-40   1.4e-39  132.7   6.2   123   268   149   299   140   299 0.91 -
NW_025965161.1_RagTag:680683-681431   -            245 29336at314147        -            268   2.3e-52  174.6  10.9   1   1   3.2e-53   2.8e-52  174.3  10.9    40   267     1   242     1   243 0.92 -
NW_025965235.1_RagTag:60616-59771     -            282 29336at314147        -            268   2.4e-51  171.3  19.4   1   1   3.2e-52   2.8e-51  171.1  19.4     2   251     6   282     5   282 0.86 -
contig_32555_pilon:2206-1306          -            263 29336at314147        -            268   2.6e-51  171.2  10.9   1   2   2.9e-18   2.5e-17   59.7   2.2    11    83    15    95     1   100 0.89 -
contig_32555_pilon:2206-1306          -            263 29336at314147        -            268   2.6e-51  171.2  10.9   2   2   1.1e-35   9.3e-35  116.9   1.6   134   267   121   258    97   259 0.91 -
NW_025965151.1_RagTag:3061-3591       -            177 29336at314147        -            268   2.6e-51  171.2   5.0   1   1   3.3e-52   2.9e-51  171.0   5.0   109   267    12   175     1   176 0.94 -
contig_30302_pilon:2200-1266          -            268 29336at314147        -            268   3.6e-51  170.7  28.2   1   2   5.9e-49   5.2e-48  160.3  25.0     2   225    13   245    12   247 0.84 -
contig_30302_pilon:2200-1266          -            268 29336at314147        -            268   3.6e-51  170.7  28.2   2   2   0.00079    0.0069   12.4   0.1   249   267   247   265   240   266 0.88 -
NW_025965305.1_RagTag:1658252-1659017 -            255 29336at314147        -            268   1.3e-48  162.4  25.0   1   1   1.9e-49   1.7e-48  162.0  25.0    11   232     6   245     1   252 0.88 -
NW_025965008.1_RagTag:190757-190121   -            194 29336at314147        -            268   8.2e-48  159.7  20.2   1   1   3.1e-48   2.7e-47  158.0  20.2    70   266     2   193     1   194 0.90 -
NW_025965250.1_RagTag:33466-32791     -            224 29336at314147        -            268   3.3e-47  157.7  17.5   1   1   5.1e-48   4.5e-47  157.3  17.5     3   157    20   196    18   203 0.87 -
NW_025965331.1_RagTag:96702-97274     -            191 29336at314147        -            268   1.9e-45  151.9  16.9   1   1   2.8e-46   2.5e-45  151.6  16.9    44   216     1   191     1   191 0.93 -
NW_025965636.1_RagTag:17275-17852     -            185 29336at314147        -            268   2.6e-44  148.2  15.0   1   1   3.3e-45   2.9e-44  148.1  15.0    91   268     2   181     1   181 0.92 -
NW_025965313.1_RagTag:87-720          -            182 29336at314147        -            268   4.9e-44  147.3  21.0   1   2   3.1e-10   2.7e-09   33.4   4.8    74   113     2    41     1    43 0.95 -
NW_025965313.1_RagTag:87-720          -            182 29336at314147        -            268   4.9e-44  147.3  21.0   2   2   1.3e-36   1.1e-35  119.9   9.1   136   266    43   178    39   180 0.92 -
NW_025965313.1_RagTag:72632-73156     -            175 29336at314147        -            268   2.4e-43  145.1  20.4   1   1   3.5e-44     3e-43  144.7  20.4    11   166     4   175     2   175 0.90 -
NW_025965352.1_RagTag:41240-40296     -            315 29336at314147        -            268   2.7e-43  144.9  16.0   1   1   3.9e-44   3.4e-43  144.6  16.0    16   265    39   311    21   314 0.83 -
NW_025965426.1_RagTag:28199-27276     -            308 29336at314147        -            268   2.8e-43  144.8  22.5   1   1   4.1e-44   3.6e-43  144.5  22.5    11   262    24   298     9   303 0.85 -
NW_025965054.1_RagTag:8391-7842       -            181 29336at314147        -            268   1.3e-40  136.0   7.4   1   1     2e-41   1.7e-40  135.7   7.4     4   153    11   181     9   181 0.82 -
NW_025965352.1_RagTag:27074-26319     -            252 29336at314147        -            268   1.7e-40  135.7  13.4   1   1   2.3e-41     2e-40  135.5  13.4    37   266     1   249     1   251 0.84 -
NW_025965313.1_RagTag:17016-73481     -            167 29336at314147        -            268   5.5e-40  134.0   9.0   1   1   7.1e-41   6.2e-40  133.9   9.0   109   267     9   165     1   166 0.93 -
NW_025965123.1_RagTag:1698432-1698860 -            143 29336at314147        -            268   1.8e-39  132.3   7.7   1   1   2.4e-40   2.1e-39  132.1   7.7   135   267     3   140     1   141 0.88 -
NW_025965426.1_RagTag:16596-71906     -            264 29336at314147        -            268   2.9e-39  131.7  28.0   1   1   7.7e-40   6.7e-39  130.5  28.0    19   267     1   262     1   263 0.82 -
NW_025965426.1_RagTag:115522-109837   -            291 29336at314147        -            268   1.4e-38  129.5  22.8   1   1   1.9e-39   1.6e-38  129.2  22.8     7   265     9   291     3   291 0.78 -
NW_025965080.1_RagTag:598939-599367   -            143 29336at314147        -            268   6.9e-38  127.1   3.1   1   1   8.7e-39   7.6e-38  127.0   3.1   129   267     3   143     1   143 0.90 -
contig_44821_pilon:580-29             -            184 29336at314147        -            268   1.1e-37  126.5  13.6   1   1   1.6e-38   1.4e-37  126.1  13.6     1   155     6   183     6   184 0.88 -
contig_38642_pilon:2280-1692          -            180 29336at314147        -            268   1.3e-37  126.2   8.5   1   1   1.7e-38   1.5e-37  126.1   8.5    88   267     4   179     1   180 0.92 -
NW_025965182.1_RagTag:1858957-1883835 -            159 29336at314147        -            268   1.4e-37  126.2  10.7   1   1   1.9e-38   1.7e-37  125.9  10.7     2   113    10   137     9   156 0.84 -
contig_27735_pilon:496-1              -            159 29336at314147        -            268   1.7e-37  125.8  10.6   1   1   2.5e-38   2.2e-37  125.5  10.6     1   133     9   158     9   159 0.87 -
NW_025965151.1_RagTag:9979-9395       -            195 29336at314147        -            268   2.1e-37  125.5  21.5   1   1   2.8e-38   2.5e-37  125.3  21.5    13   188     3   193     1   195 0.86 -
NW_025965054.1_RagTag:13789-14400     -            169 29336at314147        -            268   4.4e-37  124.5   4.1   1   2   1.3e-18   1.1e-17   60.9   1.1    84   172     3    95     1    96 0.82 -
NW_025965054.1_RagTag:13789-14400     -            169 29336at314147        -            268   4.4e-37  124.5   4.1   2   2   1.4e-20   1.2e-19   67.4   0.1   193   267    91   165    89   166 0.96 -
NW_025965405.1_RagTag:2483-2934       -            143 29336at314147        -            268   9.2e-37  123.5   3.5   1   1   1.3e-37   1.1e-36  123.2   3.5   135   267     5   135     2   136 0.92 -
NW_025965080.1_RagTag:600360-618320   -            249 29336at314147        -            268   1.1e-36  123.2  21.2   1   2   6.9e-26     6e-25   84.7  11.6     2   142     4   166     3   190 0.77 -
NW_025965080.1_RagTag:600360-618320   -            249 29336at314147        -            268   1.1e-36  123.2  21.2   2   2   1.8e-13   1.5e-12   44.0   2.3   212   268   195   249   184   249 0.86 -
NW_025965320.1_RagTag:848571-847992   -            167 29336at314147        -            268   3.2e-36  121.7  14.8   1   2   2.1e-26   1.9e-25   86.4   8.2     2   112     6   131     5   133 0.87 -
NW_025965320.1_RagTag:848571-847992   -            167 29336at314147        -            268   3.2e-36  121.7  14.8   2   2   1.2e-12   1.1e-11   41.3   1.1   129   165   130   166   126   167 0.89 -
NW_025965305.1_RagTag:1658185-1691545 -            198 29336at314147        -            268   4.2e-36  121.3  15.7   1   1   6.6e-37   5.7e-36  120.9  15.7     2   162    10   192     9   198 0.82 -
NW_025965123.1_RagTag:1940778-1940211 -            159 29336at314147        -            268   1.1e-35  119.9  14.6   1   2   2.5e-29   2.2e-28   96.0   9.3    91   209     1   131     1   131 0.89 -
NW_025965123.1_RagTag:1940778-1940211 -            159 29336at314147        -            268   1.1e-35  119.9  14.6   2   2   9.1e-09   7.9e-08   28.6   0.3   241   268   131   158   130   158 0.94 -
NW_025965426.1_RagTag:65725-66621     -            299 29336at314147        -            268   5.9e-35  117.5  24.1   1   1   7.8e-36   6.8e-35  117.3  24.1    12   262    22   296     5   299 0.78 -
NW_025965131.1_RagTag:183-786         -            196 29336at314147        -            268   5.8e-34  114.3  12.6   1   1   8.3e-35   7.3e-34  114.0  12.6    79   267     1   194     1   195 0.88 -
NW_025965313.1_RagTag:66003-66494     -            164 29336at314147        -            268   7.1e-32  107.4  18.7   1   1   9.9e-33   8.6e-32  107.2  18.7     1   137     5   164     5   164 0.86 -
NW_025965274.1_RagTag:34946-34398     -            173 29336at314147        -            268     7e-31  104.2  11.5   1   1   8.9e-32   7.7e-31  104.0  11.5     1   154     2   172     2   173 0.82 -
NW_025965470.1_RagTag:892-166         -            167 29336at314147        -            268   9.7e-31  103.7   8.7   1   2   4.3e-26   3.7e-25   85.4   5.4    43   165     1   119     1   128 0.87 -
NW_025965470.1_RagTag:892-166         -            167 29336at314147        -            268   9.7e-31  103.7   8.7   2   2   6.7e-06   5.9e-05   19.2   0.1   241   265   143   167   134   167 0.92 -
NW_025965426.1_RagTag:110716-40808    -            261 29336at314147        -            268   1.6e-30  103.0  12.0   1   1   2.3e-31     2e-30  102.7  12.0    24   222    28   234     2   256 0.81 -
NW_025965426.1_RagTag:123899-78408    -            297 29336at314147        -            268   2.3e-30  102.5  18.9   1   1   3.1e-31   2.7e-30  102.2  18.9    10   267    23   294     7   295 0.79 -
NW_025965352.1_RagTag:124529-3760     -            280 29336at314147        -            268   3.2e-30  102.0  18.4   1   1   4.6e-31     4e-30  101.7  18.4    21   260    18   279    15   280 0.83 -
NW_025965251.1_RagTag:397705-396833   -            213 29336at314147        -            268   8.3e-30  100.6  21.8   1   2   6.9e-17     6e-16   55.2  14.4    10   172     4   139     2   143 0.84 -
NW_025965251.1_RagTag:397705-396833   -            213 29336at314147        -            268   8.3e-30  100.6  21.8   2   2   9.9e-14   8.6e-13   44.9   0.9   196   268   143   206   135   206 0.89 -
NW_025965426.1_RagTag:16724-114309    -            207 29336at314147        -            268   6.6e-28   94.4  10.2   1   1   9.3e-29   8.1e-28   94.1  10.2    83   262    10   204     2   207 0.73 -
contig_79807_pilon:426-37             -            130 29336at314147        -            268   2.4e-27   92.6   5.4   1   1   3.1e-28   2.7e-27   92.4   5.4     3   109     9   130     7   130 0.85 -
contig_11065_pilon:1196-711           -            162 29336at314147        -            268   2.9e-27   92.3   8.1   1   1   3.9e-28   3.4e-27   92.1   8.1    11   118    22   137     6   145 0.84 -
NW_025965352.1_RagTag:14186-22519     -            218 29336at314147        -            268   1.9e-26   89.6  17.5   1   1   2.7e-27   2.4e-26   89.3  17.5    11   187    28   212    22   218 0.78 -
NW_025965305.1_RagTag:1658676-1659117 -            140 29336at314147        -            268   2.6e-26   89.2   4.5   1   1   4.4e-27   3.8e-26   88.6   4.5   135   267     3   130     1   131 0.91 -
NW_025965313.1_RagTag:1681515-1681919 -            135 29336at314147        -            268     1e-25   87.2   7.1   1   1   1.3e-26   1.1e-25   87.1   7.1     3   113     7   132     5   135 0.85 -
contig_31446_pilon:626-132            -            165 29336at314147        -            268   1.1e-24   83.9   9.1   1   1   1.5e-25   1.3e-24   83.6   9.1    11   137    20   162     5   165 0.82 -
NW_025965008.1_RagTag:183941-179497   -            147 29336at314147        -            268   5.1e-24   81.7   9.4   1   1   6.7e-25   5.9e-24   81.5   9.4     1   113     1   121     1   142 0.82 -
NW_025965054.1_RagTag:17694-18044     -            117 29336at314147        -            268   9.1e-23   77.6   6.4   1   1   1.1e-23     1e-22   77.4   6.4    11    96    24   117     8   117 0.86 -
NW_025965274.1_RagTag:8629-9189       -            187 29336at314147        -            268   4.3e-21   72.1  16.3   1   1   5.8e-22   5.1e-21   71.8  16.3     2   158     9   187     8   187 0.76 -
NW_025965313.1_RagTag:1668286-1643119 -            165 29336at314147        -            268   1.7e-20   70.1   8.2   1   1   2.5e-21   2.2e-20   69.8   8.2     1   103    13   131    13   141 0.74 -
NW_025965182.1_RagTag:1842054-1841779 -             92 29336at314147        -            268     8e-19   64.6   4.3   1   1   9.6e-20   8.4e-19   64.6   4.3    10    80    14    92     1    92 0.84 -
NW_025965331.1_RagTag:86186-85872     -            105 29336at314147        -            268     4e-18   62.3   6.8   1   1   5.1e-19   4.5e-18   62.2   6.8    10    85    22   105     6   105 0.85 -
NW_025965305.1_RagTag:1696100-1695798 -            101 29336at314147        -            268   9.9e-18   61.1   4.4   1   1   1.3e-18   1.2e-17   60.8   4.4   175   268     6   101     2   101 0.83 -
NW_025965352.1_RagTag:30908-30391     -            165 29336at314147        -            268   1.7e-15   53.7   9.0   1   1   2.6e-16   2.3e-15   53.3   9.0    19   166     2   156     1   163 0.78 -
NW_025965305.1_RagTag:1736908-1736606 -            101 29336at314147        -            268   3.1e-15   52.9   2.2   1   1   5.9e-16   5.2e-15   52.1   2.3   199   268    26    93     6    93 0.90 -
NW_025965426.1_RagTag:97760-97172     -            168 29336at314147        -            268   9.4e-15   51.3  10.3   1   2   1.2e-07     1e-06   24.9   0.2    76   113     1    38     1    43 0.92 -
NW_025965426.1_RagTag:97760-97172     -            168 29336at314147        -            268   9.4e-15   51.3  10.3   2   2   3.9e-09   3.4e-08   29.8   5.1   141   256    46   167    41   168 0.80 -
NW_025965426.1_RagTag:62278-62697     -            140 29336at314147        -            268   9.2e-13   44.8   7.4   1   1   1.2e-13     1e-12   44.6   7.4   137   267     2   139     1   140 0.74 -
contig_46898_pilon:740-1106           -            111 29336at314147        -            268   3.5e-08   29.8   8.7   1   1   5.3e-09   4.6e-08   29.3   8.7    18   118     2    94     1   109 0.81 -
NW_025965323.1_RagTag:1326522-1325617 -            302 29336at314147        -            268   2.4e-06   23.7   8.9   1   1   2.7e-07   2.4e-06   23.7   8.9    22   116     4   106     2   132 0.75 -
NW_025965256.1_RagTag:1116893-1115850 -            348 29336at314147        -            268   6.6e-05   19.0  19.1   1   1   1.4e-05   0.00012   18.1  19.1    16   267    33   297    25   298 0.67 -
NW_025965277.1_RagTag:1826609-1826334 -             92 29336at314147        -            268   0.00036   16.6   5.5   1   1   4.4e-05   0.00038   16.5   5.5    16    91     1    80     1    92 0.66 -
#
# Program:         hmmsearch
# Version:         3.1b2 (February 2015)
# Pipeline mode:   SEARCH
# Query file:      /home/bgerda/guppy_SUP/busco_downloads/lineages/glires_odb10/hmms/29336at314147.hmm
# Target file:     /home/bgerda/guppy_SUP/busco_results_flye/run_glires_odb10/metaeuk_output/rerun_results/ragtag.scaffold.fasta.modified.fas
# Option settings: hmmsearch --domtblout /home/bgerda/guppy_SUP/busco_results_flye/run_glires_odb10/hmmer_output/rerun_results/29336at314147.out --cpu 1 /home/bgerda/guppy_SUP/busco_downloads/lineages/glires_odb10/hmms/29336at314147.hmm /home/bgerda/guppy_SUP/busco_results_flye/run_glires_odb10/metaeuk_output/rerun_results/ragtag.scaffold.fasta.modified.fas 
# Current dir:     /home/bgerda/guppy_SUP
# Date:            Sun May 21 17:47:42 2023
# [ok]
