#                                                                                             --- full sequence --- -------------- this domain -------------   hmm coord   ali coord   env coord
# target name                         accession   tlen query name           accession   qlen   E-value  score  bias   #  of  c-Evalue  i-Evalue  score  bias  from    to  from    to  from    to  acc description of target
#                 ------------------- ---------- ----- -------------------- ---------- ----- --------- ------ ----- --- --- --------- --------- ------ ----- ----- ----- ----- ----- ----- ----- ---- ---------------------
contig_52188_pilon:1550-468           -            361 31790at314147        -            246  2.9e-119  393.6 130.2   1   9   3.4e-19     7e-18   61.5   8.8   162   239     2    79     1    80 0.97 -
contig_52188_pilon:1550-468           -            361 31790at314147        -            246  2.9e-119  393.6 130.2   2   9   6.6e-19   1.4e-17   60.5   8.8   163   236    31   104    31   105 0.98 -
contig_52188_pilon:1550-468           -            361 31790at314147        -            246  2.9e-119  393.6 130.2   3   9   3.4e-15     7e-14   48.4   5.5   176   236    72   132    69   133 0.96 -
contig_52188_pilon:1550-468           -            361 31790at314147        -            246  2.9e-119  393.6 130.2   4   9   1.4e-14   2.9e-13   46.4   4.2   176   229   128   181   124   185 0.93 -
contig_52188_pilon:1550-468           -            361 31790at314147        -            246  2.9e-119  393.6 130.2   5   9   2.5e-15   5.1e-14   48.9   8.0   176   239   156   219   153   220 0.95 -
contig_52188_pilon:1550-468           -            361 31790at314147        -            246  2.9e-119  393.6 130.2   6   9   6.2e-17   1.3e-15   54.1   6.3   166   230   174   238   174   242 0.96 -
contig_52188_pilon:1550-468           -            361 31790at314147        -            246  2.9e-119  393.6 130.2   7   9   2.9e-20     6e-19   65.0   9.7   162   240   198   276   197   277 0.97 -
contig_52188_pilon:1550-468           -            361 31790at314147        -            246  2.9e-119  393.6 130.2   8   9   2.2e-17   4.6e-16   55.6   6.8   166   235   230   299   230   300 0.98 -
contig_52188_pilon:1550-468           -            361 31790at314147        -            246  2.9e-119  393.6 130.2   9   9   2.3e-19   4.8e-18   62.0   8.2   159   239   279   359   276   361 0.96 -
contig_18340_pilon:828-2186           -            453 31790at314147        -            246   5.6e-96  317.3  92.3   1   7   3.1e-17   6.3e-16   55.1  10.6   162   240     2    80     1    83 0.95 -
contig_18340_pilon:828-2186           -            453 31790at314147        -            246   5.6e-96  317.3  92.3   2   7   5.1e-19   1.1e-17   60.9  10.7   158   234    82   158    79   159 0.94 -
contig_18340_pilon:828-2186           -            453 31790at314147        -            246   5.6e-96  317.3  92.3   3   7   1.2e-17   2.4e-16   56.5   9.6   163   236   143   216   143   218 0.98 -
contig_18340_pilon:828-2186           -            453 31790at314147        -            246   5.6e-96  317.3  92.3   4   7     1e-13   2.1e-12   43.6   5.9   176   236   212   272   209   272 0.95 -
contig_18340_pilon:828-2186           -            453 31790at314147        -            246   5.6e-96  317.3  92.3   5   7   3.8e-14   7.9e-13   45.0   7.9   176   233   268   325   264   327 0.92 -
contig_18340_pilon:828-2186           -            453 31790at314147        -            246   5.6e-96  317.3  92.3   6   7   2.1e-16   4.3e-15   52.4   9.1   174   236   322   384   318   385 0.94 -
contig_18340_pilon:828-2186           -            453 31790at314147        -            246   5.6e-96  317.3  92.3   7   7   7.6e-16   1.6e-14   50.5   6.8   176   240   380   444   377   449 0.94 -
NW_025965071.1_RagTag:3330-4808       -            493 31790at314147        -            246   2.9e-82  272.4  84.4   1   9    0.0019     0.039    9.9   0.4   204   229    10    35     2    45 0.86 -
NW_025965071.1_RagTag:3330-4808       -            493 31790at314147        -            246   2.9e-82  272.4  84.4   2   9   1.2e-10   2.5e-09   33.5   4.4   161   237    51   127    44   130 0.92 -
NW_025965071.1_RagTag:3330-4808       -            493 31790at314147        -            246   2.9e-82  272.4  84.4   3   9     3e-12   6.3e-11   38.7   5.3   183   246   129   192   120   192 0.93 -
NW_025965071.1_RagTag:3330-4808       -            493 31790at314147        -            246   2.9e-82  272.4  84.4   4   9   2.5e-11   5.2e-10   35.7   7.2   179   241   181   243   179   243 0.97 -
NW_025965071.1_RagTag:3330-4808       -            493 31790at314147        -            246   2.9e-82  272.4  84.4   5   9   6.9e-17   1.4e-15   53.9   5.0   170   237   228   295   227   297 0.94 -
NW_025965071.1_RagTag:3330-4808       -            493 31790at314147        -            246   2.9e-82  272.4  84.4   6   9   1.9e-14     4e-13   45.9   3.8   174   229   289   343   285   349 0.90 -
NW_025965071.1_RagTag:3330-4808       -            493 31790at314147        -            246   2.9e-82  272.4  84.4   7   9   4.8e-16     1e-14   51.2   5.6   179   241   349   411   342   411 0.97 -
NW_025965071.1_RagTag:3330-4808       -            493 31790at314147        -            246   2.9e-82  272.4  84.4   8   9   2.4e-13   4.9e-12   42.4   3.7   177   227   403   453   398   457 0.94 -
NW_025965071.1_RagTag:3330-4808       -            493 31790at314147        -            246   2.9e-82  272.4  84.4   9   9   1.3e-13   2.7e-12   43.2   7.7   171   239   426   493   425   493 0.89 -
contig_18339_pilon:77-1480            -            468 31790at314147        -            246   7.4e-78  257.9  68.0   1   6   9.9e-15     2e-13   46.9   5.2   168   235     2    69     1    69 0.92 -
contig_18339_pilon:77-1480            -            468 31790at314147        -            246   7.4e-78  257.9  68.0   2   6   1.2e-15   2.6e-14   49.8   3.1   176   231    66   121    64   128 0.94 -
contig_18339_pilon:77-1480            -            468 31790at314147        -            246   7.4e-78  257.9  68.0   3   6   7.7e-15   1.6e-13   47.2   3.8   175   228   234   288   225   291 0.90 -
contig_18339_pilon:77-1480            -            468 31790at314147        -            246   7.4e-78  257.9  68.0   4   6   9.1e-17   1.9e-15   53.5   5.2   170   228   285   344   284   347 0.92 -
contig_18339_pilon:77-1480            -            468 31790at314147        -            246   7.4e-78  257.9  68.0   5   6   2.6e-14   5.4e-13   45.5  10.0   173   239   344   410   341   411 0.94 -
contig_18339_pilon:77-1480            -            468 31790at314147        -            246   7.4e-78  257.9  68.0   6   6   4.5e-16   9.3e-15   51.3   7.6   175   239   402   466   399   468 0.95 -
contig_36320_pilon:1033-1992          -            320 31790at314147        -            246   1.5e-74  247.1  79.5   1   6   1.3e-13   2.8e-12   43.2   3.3   176   227     3    54     1    55 0.95 -
contig_36320_pilon:1033-1992          -            320 31790at314147        -            246   1.5e-74  247.1  79.5   2   6   4.6e-19   9.5e-18   61.1   9.7   163   236    18    91    18    91 0.95 -
contig_36320_pilon:1033-1992          -            320 31790at314147        -            246   1.5e-74  247.1  79.5   3   6   8.4e-15   1.7e-13   47.1   7.3   176   236    87   147    83   147 0.94 -
contig_36320_pilon:1033-1992          -            320 31790at314147        -            246   1.5e-74  247.1  79.5   4   6   2.8e-15   5.9e-14   48.7   6.3   176   234   143   201   140   202 0.93 -
contig_36320_pilon:1033-1992          -            320 31790at314147        -            246   1.5e-74  247.1  79.5   5   6   1.4e-15   2.9e-14   49.6   3.9   176   228   199   252   196   255 0.92 -
contig_36320_pilon:1033-1992          -            320 31790at314147        -            246   1.5e-74  247.1  79.5   6   6   4.4e-20   9.2e-19   64.4   9.4   163   240   242   319   242   320 0.98 -
NW_025965432.1_RagTag:538045-539154   -            370 31790at314147        -            246   3.1e-74  246.1  78.3   1   6   2.1e-12   4.4e-11   39.2   9.2   181   241     2    62     1    64 0.96 -
NW_025965432.1_RagTag:538045-539154   -            370 31790at314147        -            246   3.1e-74  246.1  78.3   2   6   1.2e-19   2.5e-18   62.9  11.6   157   235    62   140    60   142 0.96 -
NW_025965432.1_RagTag:538045-539154   -            370 31790at314147        -            246   3.1e-74  246.1  78.3   3   6   7.2e-16   1.5e-14   50.6   4.8   176   236   137   197   132   198 0.94 -
NW_025965432.1_RagTag:538045-539154   -            370 31790at314147        -            246   3.1e-74  246.1  78.3   4   6   1.8e-14   3.7e-13   46.0   5.8   176   239   193   256   189   257 0.96 -
NW_025965432.1_RagTag:538045-539154   -            370 31790at314147        -            246   3.1e-74  246.1  78.3   5   6   7.9e-13   1.6e-11   40.6   6.4   176   228   249   301   246   305 0.93 -
NW_025965432.1_RagTag:538045-539154   -            370 31790at314147        -            246   3.1e-74  246.1  78.3   6   6   4.1e-15   8.4e-14   48.1   6.6   173   240   302   369   299   370 0.92 -
NW_025965300.1_RagTag:179035-179624   -            188 31790at314147        -            246   5.4e-74  245.3   4.8   1   1   4.1e-75   8.6e-74  244.6   4.8    25   208     3   188     1   188 0.92 -
NW_025965071.1_RagTag:28229-29119     -            297 31790at314147        -            246   2.3e-72  240.0  91.6   1   7   2.6e-17   5.4e-16   55.3  11.1   163   239     1    77     1    81 0.96 -
NW_025965071.1_RagTag:28229-29119     -            297 31790at314147        -            246   2.3e-72  240.0  91.6   2   7   1.2e-05   0.00024   17.2   1.4   204   239    70   105    67   106 0.75 -
NW_025965071.1_RagTag:28229-29119     -            297 31790at314147        -            246   2.3e-72  240.0  91.6   3   7   7.3e-21   1.5e-19   67.0  10.5   161   240    83   162    80   163 0.97 -
NW_025965071.1_RagTag:28229-29119     -            297 31790at314147        -            246   2.3e-72  240.0  91.6   4   7   2.1e-16   4.3e-15   52.4   5.8   183   241   133   191   132   196 0.96 -
NW_025965071.1_RagTag:28229-29119     -            297 31790at314147        -            246   2.3e-72  240.0  91.6   5   7   3.7e-13   7.7e-12   41.7   5.6   182   240   160   218   159   219 0.97 -
NW_025965071.1_RagTag:28229-29119     -            297 31790at314147        -            246   2.3e-72  240.0  91.6   6   7   7.3e-21   1.5e-19   67.0  12.5   161   240   195   274   192   275 0.97 -
NW_025965071.1_RagTag:28229-29119     -            297 31790at314147        -            246   2.3e-72  240.0  91.6   7   7   2.6e-05   0.00053   16.0   0.2   204   233   266   295   263   297 0.85 -
NW_025965182.1_RagTag:1756006-1757067 -            354 31790at314147        -            246     9e-66  218.4  58.5   1   6   1.2e-07   2.4e-06   23.7   0.2   194   237     1    44     1    46 0.86 -
NW_025965182.1_RagTag:1756006-1757067 -            354 31790at314147        -            246     9e-66  218.4  58.5   2   6   5.8e-16   1.2e-14   50.9   1.2   158   243    21   106    20   108 0.98 -
NW_025965182.1_RagTag:1756006-1757067 -            354 31790at314147        -            246     9e-66  218.4  58.5   3   6   8.9e-18   1.9e-16   56.9   6.7   159   241   106   188   104   191 0.96 -
NW_025965182.1_RagTag:1756006-1757067 -            354 31790at314147        -            246     9e-66  218.4  58.5   4   6   3.6e-18   7.4e-17   58.2   6.3   158   241   189   272   187   274 0.96 -
NW_025965182.1_RagTag:1756006-1757067 -            354 31790at314147        -            246     9e-66  218.4  58.5   5   6   1.2e-16   2.5e-15   53.2   4.2   161   226   248   313   245   316 0.96 -
NW_025965182.1_RagTag:1756006-1757067 -            354 31790at314147        -            246     9e-66  218.4  58.5   6   6   1.5e-12   3.2e-11   39.7   3.6   159   211   302   354   300   354 0.73 -
NW_025965341.1_RagTag:10137-11147     -            337 31790at314147        -            246   2.9e-63  210.1  50.5   1   6    0.0091      0.19    7.7   0.4   216   239     1    24     1    29 0.88 -
NW_025965341.1_RagTag:10137-11147     -            337 31790at314147        -            246   2.9e-63  210.1  50.5   2   6   3.1e-17   6.4e-16   55.1   8.8   161   228    30    97    26    99 0.95 -
NW_025965341.1_RagTag:10137-11147     -            337 31790at314147        -            246   2.9e-63  210.1  50.5   3   6   4.3e-14   8.9e-13   44.8   2.3   170   229    95   154    95   157 0.94 -
NW_025965341.1_RagTag:10137-11147     -            337 31790at314147        -            246   2.9e-63  210.1  50.5   4   6   3.5e-10   7.4e-09   32.0   0.8   172   228   153   210   150   214 0.85 -
NW_025965341.1_RagTag:10137-11147     -            337 31790at314147        -            246   2.9e-63  210.1  50.5   5   6   7.1e-22   1.5e-20   70.3   4.5   160   239   198   277   193   278 0.96 -
NW_025965341.1_RagTag:10137-11147     -            337 31790at314147        -            246   2.9e-63  210.1  50.5   6   6   1.3e-15   2.7e-14   49.7   2.8   170   240   264   334   264   337 0.96 -
NW_025965341.1_RagTag:104619-49768    -            298 31790at314147        -            246   2.1e-55  184.4  44.3   1   4   5.4e-14   1.1e-12   44.5   3.6   183   235    20    72    16    73 0.95 -
NW_025965341.1_RagTag:104619-49768    -            298 31790at314147        -            246   2.1e-55  184.4  44.3   2   4   2.9e-18     6e-17   58.5   5.4   176   241    69   134    67   137 0.94 -
NW_025965341.1_RagTag:104619-49768    -            298 31790at314147        -            246   2.1e-55  184.4  44.3   3   4     9e-15   1.9e-13   47.0   9.8   150   240   127   217   125   220 0.93 -
NW_025965341.1_RagTag:104619-49768    -            298 31790at314147        -            246   2.1e-55  184.4  44.3   4   4   3.5e-17   7.2e-16   54.9   7.0   158   236   219   297   215   298 0.95 -
NW_025965235.1_RagTag:119535-118921   -            205 31790at314147        -            246   2.3e-54  181.0  51.7   1   4   2.4e-11     5e-10   35.8   2.4   179   227     1    49     1    52 0.95 -
NW_025965235.1_RagTag:119535-118921   -            205 31790at314147        -            246   2.3e-54  181.0  51.7   2   4   1.2e-21   2.4e-20   69.6   8.6   162   243    40   121    39   123 0.97 -
NW_025965235.1_RagTag:119535-118921   -            205 31790at314147        -            246   2.3e-54  181.0  51.7   3   4   1.1e-15   2.2e-14   50.0   4.4   176   227    82   133    80   139 0.92 -
NW_025965235.1_RagTag:119535-118921   -            205 31790at314147        -            246   2.3e-54  181.0  51.7   4   4   7.2e-20   1.5e-18   63.7  12.5   158   240   120   202   118   205 0.92 -
NW_025965250.1_RagTag:250628-249804   -            275 31790at314147        -            246   4.4e-54  180.1  57.4   1   5   2.5e-16   5.2e-15   52.1   9.4   161   236     3    78     1    78 0.96 -
NW_025965250.1_RagTag:250628-249804   -            275 31790at314147        -            246   4.4e-54  180.1  57.4   2   5   2.2e-15   4.6e-14   49.0   7.9   172   235    70   133    68   133 0.93 -
NW_025965250.1_RagTag:250628-249804   -            275 31790at314147        -            246   4.4e-54  180.1  57.4   3   5   4.6e-13   9.5e-12   41.4  10.0   175   229   101   156    96   161 0.89 -
NW_025965250.1_RagTag:250628-249804   -            275 31790at314147        -            246   4.4e-54  180.1  57.4   4   5   1.4e-14     3e-13   46.4   7.5   176   235   158   217   153   218 0.93 -
NW_025965250.1_RagTag:250628-249804   -            275 31790at314147        -            246   4.4e-54  180.1  57.4   5   5   1.1e-13   2.2e-12   43.5   6.2   175   235   213   273   208   275 0.91 -
contig_43715_pilon:47-619             -            191 31790at314147        -            246   5.2e-54  179.8  50.5   1   4   4.8e-18     1e-16   57.7  10.2   159   228     3    73     1    76 0.94 -
contig_43715_pilon:47-619             -            191 31790at314147        -            246   5.2e-54  179.8  50.5   2   4   1.3e-16   2.7e-15   53.0   6.5   171   230    43   102    42   104 0.92 -
contig_43715_pilon:47-619             -            191 31790at314147        -            246   5.2e-54  179.8  50.5   3   4   1.6e-18   3.2e-17   59.3   4.3   166   227    94   155    94   158 0.97 -
contig_43715_pilon:47-619             -            191 31790at314147        -            246   5.2e-54  179.8  50.5   4   4   5.1e-15   1.1e-13   47.8   5.7   176   235   132   191   129   191 0.94 -
NW_025965207.1_RagTag:11562-10675     -            296 31790at314147        -            246   4.8e-52  173.4  64.0   1   5   7.9e-14   1.6e-12   43.9  14.6   159   236     3    79     1    79 0.95 -
NW_025965207.1_RagTag:11562-10675     -            296 31790at314147        -            246   4.8e-52  173.4  64.0   2   5   1.6e-10   3.4e-09   33.1   6.9   169   226    68   125    67   132 0.93 -
NW_025965207.1_RagTag:11562-10675     -            296 31790at314147        -            246   4.8e-52  173.4  64.0   3   5   4.6e-09   9.6e-08   28.3   5.5   178   227   132   181   127   186 0.93 -
NW_025965207.1_RagTag:11562-10675     -            296 31790at314147        -            246   4.8e-52  173.4  64.0   4   5   6.2e-17   1.3e-15   54.1   5.9   176   235   186   245   181   245 0.96 -
NW_025965207.1_RagTag:11562-10675     -            296 31790at314147        -            246   4.8e-52  173.4  64.0   5   5   1.5e-14   3.2e-13   46.3   6.0   170   227   236   293   236   296 0.95 -
contig_10836_pilon:33-731             -            233 31790at314147        -            246   2.8e-51  170.9  44.2   1   4   2.8e-18   5.7e-17   58.5   9.7   158   236     8    86     2    86 0.96 -
contig_10836_pilon:33-731             -            233 31790at314147        -            246   2.8e-51  170.9  44.2   2   4     1e-17   2.1e-16   56.7   9.4   166   236    72   142    72   142 0.98 -
contig_10836_pilon:33-731             -            233 31790at314147        -            246   2.8e-51  170.9  44.2   3   4   2.7e-18   5.6e-17   58.5   4.4   167   230   129   192   129   196 0.93 -
contig_10836_pilon:33-731             -            233 31790at314147        -            246   2.8e-51  170.9  44.2   4   4     5e-09     1e-07   28.2   4.1   175   215   193   233   189   233 0.92 -
NW_025965436.1_RagTag:1629-778        -            284 31790at314147        -            246   4.8e-51  170.1  90.9   1   6   0.00071     0.015   11.3   2.2   214   243     2    31     1    34 0.84 -
NW_025965436.1_RagTag:1629-778        -            284 31790at314147        -            246   4.8e-51  170.1  90.9   2   6   1.1e-14   2.2e-13   46.8  16.2   157   240    29   112    24   113 0.95 -
NW_025965436.1_RagTag:1629-778        -            284 31790at314147        -            246   4.8e-51  170.1  90.9   3   6   4.3e-13   8.9e-12   41.5  10.4   169   239    97   167    96   168 0.97 -
NW_025965436.1_RagTag:1629-778        -            284 31790at314147        -            246   4.8e-51  170.1  90.9   4   6   2.5e-14   5.3e-13   45.5  11.3   169   239   153   223   152   224 0.96 -
NW_025965436.1_RagTag:1629-778        -            284 31790at314147        -            246   4.8e-51  170.1  90.9   5   6   1.9e-16   3.9e-15   52.5  13.6   162   240   174   252   172   253 0.97 -
NW_025965436.1_RagTag:1629-778        -            284 31790at314147        -            246   4.8e-51  170.1  90.9   6   6     1e-11   2.2e-10   37.0   7.4   160   216   228   284   227   284 0.96 -
NW_025965271.1_RagTag:559002-644971   -            204 31790at314147        -            246   1.8e-50  168.3  42.1   1   4   1.3e-16   2.7e-15   53.0   4.8   164   228     1    65     1    70 0.93 -
NW_025965271.1_RagTag:559002-644971   -            204 31790at314147        -            246   1.8e-50  168.3  42.1   2   4   4.2e-19   8.7e-18   61.2   7.8   170   240    63   133    62   137 0.95 -
NW_025965271.1_RagTag:559002-644971   -            204 31790at314147        -            246   1.8e-50  168.3  42.1   3   4   4.2e-08   8.7e-07   25.2   0.5   170   203   119   152   118   154 0.89 -
NW_025965271.1_RagTag:559002-644971   -            204 31790at314147        -            246   1.8e-50  168.3  42.1   4   4     2e-20   4.1e-19   65.6   6.7   159   226   136   203   134   204 0.97 -
contig_78026_pilon:1141-2283          -            381 31790at314147        -            246   3.9e-50  167.2  36.2   1   5       1.1        23    0.9   0.0   219   240     1    22     1    28 0.89 -
contig_78026_pilon:1141-2283          -            381 31790at314147        -            246   3.9e-50  167.2  36.2   2   5   9.4e-14     2e-12   43.7   2.3   161   240    30   114    23   119 0.88 -
contig_78026_pilon:1141-2283          -            381 31790at314147        -            246   3.9e-50  167.2  36.2   3   5   1.3e-18   2.8e-17   59.5   4.6   159   241   148   230   135   234 0.94 -
contig_78026_pilon:1141-2283          -            381 31790at314147        -            246   3.9e-50  167.2  36.2   4   5   1.5e-19   3.1e-18   62.7   6.3   161   239   273   351   245   352 0.91 -
contig_78026_pilon:1141-2283          -            381 31790at314147        -            246   3.9e-50  167.2  36.2   5   5   1.5e-08   3.1e-07   26.6   1.1   167   212   335   380   335   381 0.95 -
contig_83186_pilon:3097-2462          -            212 31790at314147        -            246   4.5e-48  160.4  38.7   1   4   1.2e-18   2.6e-17   59.7  10.3   159   229     4    75     1    79 0.93 -
contig_83186_pilon:3097-2462          -            212 31790at314147        -            246   4.5e-48  160.4  38.7   2   4   2.7e-14   5.7e-13   45.4   5.3   175   228    76   129    71   134 0.91 -
contig_83186_pilon:3097-2462          -            212 31790at314147        -            246   4.5e-48  160.4  38.7   3   4   6.7e-17   1.4e-15   54.0   5.2   173   234   130   191   127   192 0.92 -
contig_83186_pilon:3097-2462          -            212 31790at314147        -            246   4.5e-48  160.4  38.7   4   4   6.4e-06   0.00013   18.0   0.2   176   198   189   211   186   212 0.90 -
contig_43334_pilon:1190-1762          -            191 31790at314147        -            246   4.3e-46  153.9  31.5   1   4     8e-16   1.7e-14   50.5   4.8   175   229    22    77    13    80 0.90 -
contig_43334_pilon:1190-1762          -            191 31790at314147        -            246   4.3e-46  153.9  31.5   2   4   5.7e-15   1.2e-13   47.7   2.1   173   226    76   129    73   130 0.95 -
contig_43334_pilon:1190-1762          -            191 31790at314147        -            246   4.3e-46  153.9  31.5   3   4   3.9e-21   8.1e-20   67.9   4.5   163   231    94   162    94   164 0.97 -
contig_43334_pilon:1190-1762          -            191 31790at314147        -            246   4.3e-46  153.9  31.5   4   4   3.9e-07   8.2e-06   22.0   0.1   175   202   162   189   159   191 0.90 -
NW_025965250.1_RagTag:54855-54238     -            206 31790at314147        -            246   1.4e-44  148.9  25.5   1   3   2.6e-14   5.4e-13   45.5   1.9   179   240     2    63     1    66 0.95 -
NW_025965250.1_RagTag:54855-54238     -            206 31790at314147        -            246   1.4e-44  148.9  25.5   2   3   2.9e-16   5.9e-15   51.9   2.3   177   241    56   120    51   123 0.95 -
NW_025965250.1_RagTag:54855-54238     -            206 31790at314147        -            246   1.4e-44  148.9  25.5   3   3     9e-21   1.9e-19   66.7   7.1   158   240   121   203   119   206 0.96 -
NW_025965341.1_RagTag:133798-133214   -            195 31790at314147        -            246   1.6e-44  148.7  30.6   1   3   2.1e-17   4.3e-16   55.6   2.1   179   240     1    62     1    63 0.98 -
NW_025965341.1_RagTag:133798-133214   -            195 31790at314147        -            246   1.6e-44  148.7  30.6   2   3   4.8e-19     1e-17   61.0   8.6   159   233    65   139    63   142 0.93 -
NW_025965341.1_RagTag:133798-133214   -            195 31790at314147        -            246   1.6e-44  148.7  30.6   3   3   1.9e-12   3.9e-11   39.4   5.4   178   231   140   193   134   195 0.93 -
NW_025965341.1_RagTag:79117-79728     -            204 31790at314147        -            246   3.7e-44  147.6  34.1   1   4   6.5e-14   1.4e-12   44.2   6.6   179   240     1    62     1    63 0.98 -
NW_025965341.1_RagTag:79117-79728     -            204 31790at314147        -            246   3.7e-44  147.6  34.1   2   4   1.2e-05   0.00025   17.1   0.6   176   207    54    85    52    86 0.66 -
NW_025965341.1_RagTag:79117-79728     -            204 31790at314147        -            246   3.7e-44  147.6  34.1   3   4   1.7e-16   3.6e-15   52.6   9.1   161   229    67   135    65   139 0.94 -
NW_025965341.1_RagTag:79117-79728     -            204 31790at314147        -            246   3.7e-44  147.6  34.1   4   4   3.1e-19   6.5e-18   61.6   3.9   170   240   132   202   131   203 0.96 -
NW_025965301.1_RagTag:107840-107193   -            216 31790at314147        -            246   2.8e-43  144.7  21.7   1   3   1.2e-17   2.5e-16   56.4   1.6   159   228    28    98    11    99 0.89 -
NW_025965301.1_RagTag:107840-107193   -            216 31790at314147        -            246   2.8e-43  144.7  21.7   2   3   1.2e-21   2.4e-20   69.6   1.8   161   227    87   153    86   158 0.97 -
NW_025965301.1_RagTag:107840-107193   -            216 31790at314147        -            246   2.8e-43  144.7  21.7   3   3   1.2e-13   2.5e-12   43.3   3.5   175   232   157   213   152   216 0.86 -
NW_025965039.1_RagTag:269799-269233   -            189 31790at314147        -            246   2.8e-43  144.7  28.2   1   3   4.9e-19     1e-17   61.0   8.4   161   227     1    67     1    73 0.96 -
NW_025965039.1_RagTag:269799-269233   -            189 31790at314147        -            246   2.8e-43  144.7  28.2   2   3   3.9e-17     8e-16   54.8   3.6   175   243    71   139    66   139 0.95 -
NW_025965039.1_RagTag:269799-269233   -            189 31790at314147        -            246   2.8e-43  144.7  28.2   3   3     2e-14   4.1e-13   45.9   2.4   178   235   130   187   128   189 0.90 -
NW_025965230.1_RagTag:919891-919364   -            176 31790at314147        -            246   4.5e-43  144.0  22.7   1   3   1.1e-18   2.4e-17   59.8   3.6   175   239     6    70     3    71 0.97 -
NW_025965230.1_RagTag:919891-919364   -            176 31790at314147        -            246   4.5e-43  144.0  22.7   2   3   6.1e-17   1.3e-15   54.1   3.8   175   235    62   122    59   122 0.96 -
NW_025965230.1_RagTag:919891-919364   -            176 31790at314147        -            246   4.5e-43  144.0  22.7   3   3   1.7e-16   3.5e-15   52.7   3.9   172   232   115   175   114   176 0.96 -
NW_025965328.1_RagTag:1309-710        -            200 31790at314147        -            246     1e-42  142.8  33.4   1   3   3.9e-15   8.1e-14   48.2   8.8   159   227     7    75     1    78 0.94 -
NW_025965328.1_RagTag:1309-710        -            200 31790at314147        -            246     1e-42  142.8  33.4   2   3   1.2e-15   2.5e-14   49.9   3.9   172   228    76   132    73   136 0.92 -
NW_025965328.1_RagTag:1309-710        -            200 31790at314147        -            246     1e-42  142.8  33.4   3   3   1.3e-21   2.8e-20   69.4   7.2   159   239   119   199   117   200 0.97 -
contig_33351_pilon:20-586             -            189 31790at314147        -            246   2.7e-42  141.5  28.5   1   3   3.6e-17   7.4e-16   54.9   5.8   163   235     1    73     1    74 0.96 -
contig_33351_pilon:20-586             -            189 31790at314147        -            246   2.7e-42  141.5  28.5   2   3     1e-15   2.2e-14   50.1   4.5   175   236    69   130    64   130 0.94 -
contig_33351_pilon:20-586             -            189 31790at314147        -            246   2.7e-42  141.5  28.5   3   3   1.1e-17   2.2e-16   56.6   4.9   170   239   120   189   119   189 0.96 -
contig_10031_pilon:821-222            -            200 31790at314147        -            246   5.6e-41  137.2  38.9   1   3   5.8e-12   1.2e-10   37.8   8.6   181   241     1    61     1    63 0.96 -
contig_10031_pilon:821-222            -            200 31790at314147        -            246   5.6e-41  137.2  38.9   2   3   2.3e-16   4.8e-15   52.2   8.9   159   228    63   132    60   134 0.95 -
contig_10031_pilon:821-222            -            200 31790at314147        -            246   5.6e-41  137.2  38.9   3   3   8.2e-22   1.7e-20   70.1   9.5   159   239   119   199   118   200 0.97 -
contig_28105_pilon:1448-873           -            192 31790at314147        -            246   6.9e-41  136.9  16.2   1   3   5.4e-11   1.1e-09   34.6   0.6   187   239     3    55     1    58 0.94 -
contig_28105_pilon:1448-873           -            192 31790at314147        -            246   6.9e-41  136.9  16.2   2   3     3e-18   6.3e-17   58.4   1.8   162   235    62   135    57   136 0.96 -
contig_28105_pilon:1448-873           -            192 31790at314147        -            246   6.9e-41  136.9  16.2   3   3   3.9e-20   8.1e-19   64.6   2.6   166   236   122   192   121   192 0.98 -
NW_025965022.1_RagTag:271580-270999   -            194 31790at314147        -            246   8.5e-41  136.6  22.6   1   3   1.7e-16   3.6e-15   52.7   5.4   161   239     9    86     7    87 0.92 -
NW_025965022.1_RagTag:271580-270999   -            194 31790at314147        -            246   8.5e-41  136.6  22.6   2   3     3e-11   6.2e-10   35.5   1.9   181   235    84   138    78   138 0.92 -
NW_025965022.1_RagTag:271580-270999   -            194 31790at314147        -            246   8.5e-41  136.6  22.6   3   3   7.3e-19   1.5e-17   60.4   1.5   170   235   129   194   128   194 0.97 -
NW_025965215.1_RagTag:23669-22371     -            433 31790at314147        -            246   2.4e-40  135.1  26.5   1   3   3.2e-17   6.6e-16   55.1   3.4   147   231   231   313   208   314 0.86 -
NW_025965215.1_RagTag:23669-22371     -            433 31790at314147        -            246   2.4e-40  135.1  26.5   2   3   7.4e-19   1.5e-17   60.4   4.5   166   239   304   377   302   378 0.97 -
NW_025965215.1_RagTag:23669-22371     -            433 31790at314147        -            246   2.4e-40  135.1  26.5   3   3   3.1e-14   6.4e-13   45.3   6.8   177   239   371   433   367   433 0.95 -
NW_025965166.1_RagTag:126554-126123   -            144 31790at314147        -            246   9.1e-40  133.2  30.0   1   3   4.3e-14     9e-13   44.8   5.3   186   240     4    58     1    59 0.96 -
NW_025965166.1_RagTag:126554-126123   -            144 31790at314147        -            246   9.1e-40  133.2  30.0   2   3   2.3e-16   4.8e-15   52.2   1.3   170   228    44   102    44   107 0.92 -
NW_025965166.1_RagTag:126554-126123   -            144 31790at314147        -            246   9.1e-40  133.2  30.0   3   3   9.2e-19   1.9e-17   60.1   8.2   161   240    63   142    60   144 0.96 -
NW_025965250.1_RagTag:8956-9588       -            211 31790at314147        -            246   1.3e-39  132.7  30.7   1   4   5.2e-05    0.0011   15.0   0.1   204   227     5    28     2    34 0.81 -
NW_025965250.1_RagTag:8956-9588       -            211 31790at314147        -            246   1.3e-39  132.7  30.7   2   4   2.6e-18   5.4e-17   58.6   9.6   159   229    16    86    14    92 0.93 -
NW_025965250.1_RagTag:8956-9588       -            211 31790at314147        -            246   1.3e-39  132.7  30.7   3   4   2.9e-12     6e-11   38.8   4.4   176   228    89   141    83   148 0.91 -
NW_025965250.1_RagTag:8956-9588       -            211 31790at314147        -            246   1.3e-39  132.7  30.7   4   4   2.3e-13   4.8e-12   42.4   2.6   179   241   148   210   142   211 0.94 -
contig_53583_pilon:2130-1585          -            182 31790at314147        -            246   1.7e-39  132.3  30.0   1   4   7.1e-11   1.5e-09   34.3   2.6   191   236     1    46     1    46 0.98 -
contig_53583_pilon:2130-1585          -            182 31790at314147        -            246   1.7e-39  132.3  30.0   2   4   2.4e-12   5.1e-11   39.0   6.5   175   227    41    93    39    96 0.95 -
contig_53583_pilon:2130-1585          -            182 31790at314147        -            246   1.7e-39  132.3  30.0   3   4   1.8e-10   3.8e-09   32.9   3.2   163   204    85   126    84   127 0.94 -
contig_53583_pilon:2130-1585          -            182 31790at314147        -            246   1.7e-39  132.3  30.0   4   4   8.9e-17   1.9e-15   53.6   2.1   173   227   123   177   120   182 0.93 -
NW_025965127.1_RagTag:122616-122107   -            170 31790at314147        -            246   6.2e-39  130.5  24.3   1   3   5.7e-21   1.2e-19   67.3   3.8   157   228     4    75     1    79 0.94 -
NW_025965127.1_RagTag:122616-122107   -            170 31790at314147        -            246   6.2e-39  130.5  24.3   2   3   1.4e-16     3e-15   52.9   5.4   161   229    64   132    64   135 0.96 -
NW_025965127.1_RagTag:122616-122107   -            170 31790at314147        -            246   6.2e-39  130.5  24.3   3   3     1e-10   2.1e-09   33.8   0.6   161   208   120   167   120   170 0.91 -
NW_025965317.1_RagTag:1474848-1474279 -            190 31790at314147        -            246   8.2e-39  130.1  29.5   1   3   2.7e-08   5.6e-07   25.8   1.5   189   228     1    40     1    45 0.94 -
NW_025965317.1_RagTag:1474848-1474279 -            190 31790at314147        -            246   8.2e-39  130.1  29.5   2   3   5.2e-21   1.1e-19   67.5  10.7   160   240    28   108    27   111 0.96 -
NW_025965317.1_RagTag:1474848-1474279 -            190 31790at314147        -            246   8.2e-39  130.1  29.5   3   3   1.3e-18   2.7e-17   59.6   7.5   158   235   110   187   107   189 0.96 -
NW_025965182.1_RagTag:1737866-1738443 -            179 31790at314147        -            246   1.5e-38  129.2  33.2   1   3   9.5e-16     2e-14   50.2   4.4   166   228     2    64     1    70 0.94 -
NW_025965182.1_RagTag:1737866-1738443 -            179 31790at314147        -            246   1.5e-38  129.2  33.2   2   3   7.4e-15   1.5e-13   47.3   2.6   164   231    71   138    64   139 0.91 -
NW_025965182.1_RagTag:1737866-1738443 -            179 31790at314147        -            246   1.5e-38  129.2  33.2   3   3     1e-17   2.2e-16   56.6  10.5   163   237    98   172    98   178 0.96 -
contig_31119_pilon:1895-1227          -            223 31790at314147        -            246   7.6e-37  123.6  31.7   1   4   2.4e-15   4.9e-14   48.9   4.2   162   241    26   106     5   109 0.91 -
contig_31119_pilon:1895-1227          -            223 31790at314147        -            246   7.6e-37  123.6  31.7   2   4   3.4e-06     7e-05   18.9   0.1   166   198    87   119    86   122 0.92 -
contig_31119_pilon:1895-1227          -            223 31790at314147        -            246   7.6e-37  123.6  31.7   3   4   4.6e-18   9.5e-17   57.8   5.3   159   231   108   180   106   183 0.94 -
contig_31119_pilon:1895-1227          -            223 31790at314147        -            246   7.6e-37  123.6  31.7   4   4   2.8e-10   5.7e-09   32.3   2.6   166   208   171   213   170   220 0.92 -
NW_025965375.1_RagTag:160364-159888   -            159 31790at314147        -            246   1.2e-36  123.0  27.9   1   3   1.4e-15   2.9e-14   49.7   0.9   173   226    17    70     8    71 0.94 -
NW_025965375.1_RagTag:160364-159888   -            159 31790at314147        -            246   1.2e-36  123.0  27.9   2   3   2.3e-20   4.9e-19   65.3   5.1   163   230    35   102    34   106 0.96 -
NW_025965375.1_RagTag:160364-159888   -            159 31790at314147        -            246   1.2e-36  123.0  27.9   3   3   3.8e-10   7.9e-09   31.9   7.0   172   218   100   146    98   153 0.89 -
NW_025965289.1_RagTag:81495-82190     -            232 31790at314147        -            246   2.5e-36  121.9  27.4   1   3   6.3e-10   1.3e-08   31.1   2.4   186   235    41    90    32    91 0.93 -
NW_025965289.1_RagTag:81495-82190     -            232 31790at314147        -            246   2.5e-36  121.9  27.4   2   3   7.8e-18   1.6e-16   57.0   8.0   166   240    77   151    76   155 0.97 -
NW_025965289.1_RagTag:81495-82190     -            232 31790at314147        -            246   2.5e-36  121.9  27.4   3   3   6.7e-17   1.4e-15   54.0   4.9   158   235   153   230   151   232 0.96 -
NW_025965190.1_RagTag:126348-126803   -            152 31790at314147        -            246   5.3e-36  120.9  19.8   1   3   2.1e-07   4.4e-06   22.9   1.1   205   235     2    32     1    33 0.88 -
NW_025965190.1_RagTag:126348-126803   -            152 31790at314147        -            246   5.3e-36  120.9  19.8   2   3   8.3e-18   1.7e-16   57.0   1.8   170   232    23    85    22    87 0.95 -
NW_025965190.1_RagTag:126348-126803   -            152 31790at314147        -            246   5.3e-36  120.9  19.8   3   3   4.7e-19   9.9e-18   61.0   3.0   174   240    83   149    80   152 0.96 -
NW_025965341.1_RagTag:41694-41227     -            156 31790at314147        -            246   2.8e-34  115.2  25.5   1   3   1.4e-18     3e-17   59.5   2.3   170   240     3    73     1    74 0.95 -
NW_025965341.1_RagTag:41694-41227     -            156 31790at314147        -            246   2.8e-34  115.2  25.5   2   3     7e-08   1.5e-06   24.4   0.8   204   236    65    97    63    99 0.86 -
NW_025965341.1_RagTag:41694-41227     -            156 31790at314147        -            246   2.8e-34  115.2  25.5   3   3   4.3e-17   8.8e-16   54.6   8.1   161   239    78   156    75   156 0.96 -
NW_025965341.1_RagTag:115130-190966   -            257 31790at314147        -            246   3.9e-32  108.2  32.9   1   3   7.3e-17   1.5e-15   53.9   3.8   180   239     9    68     3    75 0.95 -
NW_025965341.1_RagTag:115130-190966   -            257 31790at314147        -            246   3.9e-32  108.2  32.9   2   3   1.1e-13   2.3e-12   43.5  10.0   163   240    76   153    72   156 0.97 -
NW_025965341.1_RagTag:115130-190966   -            257 31790at314147        -            246   3.9e-32  108.2  32.9   3   3   1.1e-11   2.2e-10   36.9   3.4   179   240   120   181   118   185 0.96 -
NW_025965442.1_RagTag:53303-52854     -            150 31790at314147        -            246   1.3e-27   93.4  36.9   1   3   7.1e-09   1.5e-07   27.7   8.0   171   235     5    69     1    70 0.89 -
NW_025965442.1_RagTag:53303-52854     -            150 31790at314147        -            246   1.3e-27   93.4  36.9   2   3   1.7e-17   3.5e-16   56.0  11.0   159   236    49   126    48   127 0.98 -
NW_025965442.1_RagTag:53303-52854     -            150 31790at314147        -            246   1.3e-27   93.4  36.9   3   3   7.4e-11   1.5e-09   34.2   2.3   159   201   105   147   104   150 0.81 -
NW_025965039.1_RagTag:294540-268866   -            195 31790at314147        -            246   5.3e-26   88.1  11.2   1   2   2.1e-15   4.4e-14   49.1   1.9   181   240    73   132    63   136 0.93 -
NW_025965039.1_RagTag:294540-268866   -            195 31790at314147        -            246   5.3e-26   88.1  11.2   2   2   3.9e-14   8.2e-13   44.9   1.9   158   219   134   195   132   195 0.97 -
NW_025965279.1_RagTag:47883-47464     -            140 31790at314147        -            246   9.1e-25   84.1  10.9   1   2   1.7e-12   3.6e-11   39.5   1.5   172   239     3    70     1    71 0.96 -
NW_025965279.1_RagTag:47883-47464     -            140 31790at314147        -            246   9.1e-25   84.1  10.9   2   2   1.8e-17   3.7e-16   55.9   2.4   170   240    57   127    56   132 0.96 -
contig_81532_pilon:2155-1715          -            147 31790at314147        -            246   2.7e-24   82.5  27.8   1   2   7.4e-12   1.5e-10   37.5  13.1   159   235     6    84     1    84 0.91 -
contig_81532_pilon:2155-1715          -            147 31790at314147        -            246   2.7e-24   82.5  27.8   2   2   7.2e-17   1.5e-15   53.9   8.6   171   240    77   145    74   146 0.93 -
NW_025965028.1_RagTag:362640-363958   -            372 31790at314147        -            246   7.4e-24   81.1  20.0   1   2   1.4e-17     3e-16   56.2   5.5   158   229   260   331   251   336 0.93 -
NW_025965028.1_RagTag:362640-363958   -            372 31790at314147        -            246   7.4e-24   81.1  20.0   2   2   3.5e-12   7.2e-11   38.5   6.5   163   212   321   370   321   372 0.96 -
NW_025965233.1_RagTag:197891-200283   -            273 31790at314147        -            246   1.4e-23   80.1  18.7   1   2   3.1e-17   6.4e-16   55.1   9.3   159   243   113   197   107   200 0.94 -
NW_025965233.1_RagTag:197891-200283   -            273 31790at314147        -            246   1.4e-23   80.1  18.7   2   2   8.5e-10   1.8e-08   30.7   1.9   159   209   221   271   202   273 0.90 -
contig_43715_pilon:891-1472           -            194 31790at314147        -            246   2.4e-22   76.1  17.7   1   3   1.4e-12   2.8e-11   39.9   5.7   165   229     8    72     1    77 0.88 -
contig_43715_pilon:891-1472           -            194 31790at314147        -            246   2.4e-22   76.1  17.7   2   3   9.4e-05     0.002   14.2   0.1   176   199    75    98    72   101 0.90 -
contig_43715_pilon:891-1472           -            194 31790at314147        -            246   2.4e-22   76.1  17.7   3   3   1.6e-09   3.3e-08   29.8   1.2   178   232   133   187   122   193 0.90 -
contig_37853_pilon:1183-1722          -            180 31790at314147        -            246   1.3e-21   73.7  22.7   1   3   0.00086     0.018   11.1   4.9   163   238     1    77     1    78 0.80 -
contig_37853_pilon:1183-1722          -            180 31790at314147        -            246   1.3e-21   73.7  22.7   2   3   3.2e-11   6.6e-10   35.4   5.7   163   236    58   131    55   131 0.96 -
contig_37853_pilon:1183-1722          -            180 31790at314147        -            246   1.3e-21   73.7  22.7   3   3   1.7e-15   3.5e-14   49.4   3.6   170   229   121   180   119   180 0.94 -
NW_025965127.1_RagTag:122930-122601   -            110 31790at314147        -            246     1e-18   64.3   6.9   1   2   2.1e-17   4.4e-16   55.6   2.2   163   240     1    78     1    81 0.96 -
NW_025965127.1_RagTag:122930-122601   -            110 31790at314147        -            246     1e-18   64.3   6.9   2   2   0.00016    0.0033   13.5   0.7   179   241    73   108    73   110 0.54 -
NW_025965279.1_RagTag:90637-77786     -            324 31790at314147        -            246     4e-18   62.3  35.6   1   3   0.00027    0.0056   12.7   3.1   176   225    64   113    43   128 0.83 -
NW_025965279.1_RagTag:90637-77786     -            324 31790at314147        -            246     4e-18   62.3  35.6   2   3   3.1e-14   6.5e-13   45.2  18.8   156   230   212   286   203   291 0.91 -
NW_025965279.1_RagTag:90637-77786     -            324 31790at314147        -            246     4e-18   62.3  35.6   3   3   8.5e-05    0.0018   14.3   0.8   205   228   289   312   284   320 0.82 -
NW_025965374.1_RagTag:84619-82388     -            744 31790at314147        -            246   8.7e-18   61.2  62.1   1   8   1.6e-10   3.3e-09   33.1   6.2   187   244     2    59     1    62 0.95 -
NW_025965374.1_RagTag:84619-82388     -            744 31790at314147        -            246   8.7e-18   61.2  62.1   2   8     0.061       1.3    5.0   4.6   157   239    69   155    62   160 0.67 -
NW_025965374.1_RagTag:84619-82388     -            744 31790at314147        -            246   8.7e-18   61.2  62.1   3   8    0.0013     0.027   10.4   2.4   146   211   204   274   178   314 0.66 -
NW_025965374.1_RagTag:84619-82388     -            744 31790at314147        -            246   8.7e-18   61.2  62.1   4   8       2.7        56   -0.4   0.3   189   235   290   345   271   356 0.64 -
NW_025965374.1_RagTag:84619-82388     -            744 31790at314147        -            246   8.7e-18   61.2  62.1   5   8   1.6e-05   0.00034   16.7   1.7   137   235   418   520   393   528 0.85 -
NW_025965374.1_RagTag:84619-82388     -            744 31790at314147        -            246   8.7e-18   61.2  62.1   6   8   0.00057     0.012   11.6   6.6   157   236   498   579   495   588 0.87 -
NW_025965374.1_RagTag:84619-82388     -            744 31790at314147        -            246   8.7e-18   61.2  62.1   7   8    0.0017     0.036   10.0   5.8   159   207   589   639   581   648 0.79 -
NW_025965374.1_RagTag:84619-82388     -            744 31790at314147        -            246   8.7e-18   61.2  62.1   8   8     0.029       0.6    6.0   0.0   146   211   649   718   639   731 0.69 -
contig_70752_pilon:1401-2117          -            239 31790at314147        -            246   3.6e-14   49.3   7.9   1   2   9.8e-11     2e-09   33.8   3.8   176   230     3    57     1    71 0.88 -
contig_70752_pilon:1401-2117          -            239 31790at314147        -            246   3.6e-14   49.3   7.9   2   2   8.3e-06   0.00017   17.7   0.1   173   204   199   228   182   237 0.77 -
NW_025965200.1_RagTag:17855-18731     -            248 31790at314147        -            246   3.8e-13   46.0   4.9   1   1   2.5e-14   5.1e-13   45.6   4.9   114   241   107   243    96   247 0.83 -
NW_025965193.1_RagTag:1082514-1080642 -            534 31790at314147        -            246   8.8e-13   44.8  12.2   1   2   4.8e-08     1e-06   25.0   1.2   161   215   302   356   258   367 0.81 -
NW_025965193.1_RagTag:1082514-1080642 -            534 31790at314147        -            246   8.8e-13   44.8  12.2   2   2   9.5e-09     2e-07   27.3   0.3   180   234   477   531   465   533 0.69 -
NW_025965341.1_RagTag:108391-110706   -            772 31790at314147        -            246   9.3e-09   31.6  19.6   1   4   0.00035    0.0072   12.3   0.3   214   241    29    56    12    63 0.86 -
NW_025965341.1_RagTag:108391-110706   -            772 31790at314147        -            246   9.3e-09   31.6  19.6   2   4     0.045      0.93    5.4   0.5   158   186    87   115    67   140 0.75 -
NW_025965341.1_RagTag:108391-110706   -            772 31790at314147        -            246   9.3e-09   31.6  19.6   3   4   5.7e-05    0.0012   14.9   2.1   176   232   160   218   127   231 0.81 -
NW_025965341.1_RagTag:108391-110706   -            772 31790at314147        -            246   9.3e-09   31.6  19.6   4   4    0.0042     0.087    8.8   0.1   207   241   697   731   679   736 0.85 -
NW_025965297.1_RagTag:263516-264714   -            299 31790at314147        -            246   2.8e-08   30.1  15.7   1   2   3.9e-09   8.1e-08   28.5   6.4   161   231    72   141    64   154 0.86 -
NW_025965297.1_RagTag:263516-264714   -            299 31790at314147        -            246   2.8e-08   30.1  15.7   2   2     0.017      0.35    6.8   1.8   162   198   247   283   230   295 0.82 -
NW_025965324.1_RagTag:667631-665234   -            506 31790at314147        -            246   1.1e-07   28.2   9.5   1   2   3.5e-08   7.3e-07   25.4   4.6   191   235     1    45     1    52 0.92 -
NW_025965324.1_RagTag:667631-665234   -            506 31790at314147        -            246   1.1e-07   28.2   9.5   2   2     0.078       1.6    4.6   0.2   183   233   261   314   254   327 0.77 -
NW_025965054.1_RagTag:37686-37276     -            137 31790at314147        -            246   2.4e-07   27.0   3.8   1   1   1.1e-08   2.4e-07   27.0   3.8   155   211    81   137    65   137 0.83 -
NW_025965281.1_RagTag:529347-527455   -            631 31790at314147        -            246   1.2e-06   24.7  13.6   1   2   0.00082     0.017   11.1   0.9   189   237   342   391   335   398 0.85 -
NW_025965281.1_RagTag:529347-527455   -            631 31790at314147        -            246   1.2e-06   24.7  13.6   2   2     9e-06   0.00019   17.5   5.8   161   237   460   536   452   545 0.90 -
NW_025965301.1_RagTag:127168-107747   -            226 31790at314147        -            246   4.2e-06   22.9   0.2   1   1     3e-07   6.2e-06   22.4   0.2   152   189   188   225   113   226 0.71 -
NW_025965182.1_RagTag:1737338-1737856 -            173 31790at314147        -            246   0.00012   18.2   4.1   1   1   5.6e-06   0.00012   18.2   4.1   175   240    97   168    79   172 0.78 -
NW_025965259.1_RagTag:166355-164907   -            483 31790at314147        -            246   0.00038   16.5   5.2   1   1   1.8e-05   0.00038   16.5   5.2   184   241   410   467   402   471 0.91 -
NW_025965316.1_RagTag:4168270-4168025 -             82 31790at314147        -            246     0.042    9.8   4.0   1   1    0.0021     0.044    9.8   4.0   163   223     1    65     1    79 0.76 -
#
# Program:         hmmsearch
# Version:         3.1b2 (February 2015)
# Pipeline mode:   SEARCH
# Query file:      /home/bgerda/guppy_SUP/busco_downloads/lineages/glires_odb10/hmms/31790at314147.hmm
# Target file:     /home/bgerda/guppy_SUP/busco_results_flye/run_glires_odb10/metaeuk_output/rerun_results/ragtag.scaffold.fasta.modified.fas
# Option settings: hmmsearch --domtblout /home/bgerda/guppy_SUP/busco_results_flye/run_glires_odb10/hmmer_output/rerun_results/31790at314147.out --cpu 1 /home/bgerda/guppy_SUP/busco_downloads/lineages/glires_odb10/hmms/31790at314147.hmm /home/bgerda/guppy_SUP/busco_results_flye/run_glires_odb10/metaeuk_output/rerun_results/ragtag.scaffold.fasta.modified.fas 
# Current dir:     /home/bgerda/guppy_SUP
# Date:            Sun May 21 17:47:51 2023
# [ok]
