#                                                                                             --- full sequence --- -------------- this domain -------------   hmm coord   ali coord   env coord
# target name                         accession   tlen query name           accession   qlen   E-value  score  bias   #  of  c-Evalue  i-Evalue  score  bias  from    to  from    to  from    to  acc description of target
#                 ------------------- ---------- ----- -------------------- ---------- ----- --------- ------ ----- --- --- --------- --------- ------ ----- ----- ----- ----- ----- ----- ----- ---- ---------------------
contig_11998_pilon:1321-121           -            250 32889at314147        -            212   1.2e-12   43.9   0.1   1   2   3.8e-11   4.2e-09   32.4   0.0     6    87     9   102     5   125 0.82 -
contig_11998_pilon:1321-121           -            250 32889at314147        -            212   1.2e-12   43.9   0.1   2   2   0.00034     0.037    9.7   0.1    79   154   163   238   152   246 0.73 -
NW_025965072.1_RagTag:29968-117922    -            265 32889at314147        -            212   1.1e-11   40.8   0.5   1   2   3.4e-05    0.0037   13.0   0.0     6    43    17    55    13    60 0.83 -
NW_025965072.1_RagTag:29968-117922    -            265 32889at314147        -            212   1.1e-11   40.8   0.5   2   2   3.8e-09   4.1e-07   25.9   0.1    75   155   125   209   121   217 0.82 -
NW_025965072.1_RagTag:30497-31073     -            138 32889at314147        -            212   3.8e-11   39.1   0.1   1   1   4.2e-13   4.6e-11   38.8   0.1    99   210    20   134     4   136 0.80 -
contig_5431_pilon:2421-752            -            168 32889at314147        -            212   3.1e-10   36.1   0.7   1   1   1.4e-11   1.6e-09   33.8   0.7    44   210     2   166     1   168 0.76 -
NW_025965096.1_RagTag:905-2067        -            130 32889at314147        -            212     2e-08   30.2   0.1   1   2   0.00029     0.032    9.9   0.1     8    43    11    43     5    53 0.78 -
NW_025965096.1_RagTag:905-2067        -            130 32889at314147        -            212     2e-08   30.2   0.1   2   2   4.6e-07     5e-05   19.1   0.0    91   149    53   112    42   120 0.75 -
NW_025965321.1_RagTag:3251503-3254512 -            206 32889at314147        -            212   1.2e-05   21.0   0.3   1   2   1.1e-07   1.2e-05   21.0   0.3    19   116    11   119     2   128 0.63 -
NW_025965321.1_RagTag:3251503-3254512 -            206 32889at314147        -            212   1.2e-05   21.0   0.3   2   2       1.1   1.2e+02   -1.7   0.2   189   207   185   203   168   205 0.77 -
NW_025965412.1_RagTag:89930-87096     -            291 32889at314147        -            212   0.00017   17.4   0.1   1   2   8.5e-06   0.00092   14.9   0.1    11    40   120   150   116   159 0.87 -
NW_025965412.1_RagTag:89930-87096     -            291 32889at314147        -            212   0.00017   17.4   0.1   2   2      0.34        37   -0.1   0.0    76   143   166   234   157   250 0.65 -
NW_025965103.1_RagTag:995047-997171   -            135 32889at314147        -            212    0.0013   14.4   0.0   1   1   1.4e-05    0.0015   14.3   0.0    72   144    38   112    10   129 0.79 -
NW_025965297.1_RagTag:1311606-1312343 -            133 32889at314147        -            212    0.0021   13.8   0.0   1   1   2.5e-05    0.0027   13.4   0.0    23    43    46    66    30    85 0.84 -
NW_025965183.1_RagTag:84382-82132     -            221 32889at314147        -            212    0.0036   13.0   0.1   1   1   5.6e-05    0.0061   12.2   0.1    11    45    24    59    19    76 0.84 -
NW_025965072.1_RagTag:30858-31067     -             70 32889at314147        -            212    0.0051   12.5   0.1   1   1   5.5e-05     0.006   12.3   0.1   173   210    27    68    23    70 0.77 -
NW_025965163.1_RagTag:43443-47723     -            498 32889at314147        -            212    0.0057   12.3   0.0   1   1   0.00011     0.012   11.4   0.0     8    41   212   246   205   252 0.78 -
NW_025965367.1_RagTag:128773-126430   -            360 32889at314147        -            212     0.014   11.1   0.3   1   1   0.00023     0.025   10.3   0.3    22   154   200   358   181   360 0.59 -
#
# Program:         hmmsearch
# Version:         3.1b2 (February 2015)
# Pipeline mode:   SEARCH
# Query file:      /home/bgerda/guppy_SUP/busco_downloads/lineages/glires_odb10/hmms/32889at314147.hmm
# Target file:     /home/bgerda/guppy_SUP/busco_results_flye/run_glires_odb10/metaeuk_output/rerun_results/ragtag.scaffold.fasta.modified.fas
# Option settings: hmmsearch --domtblout /home/bgerda/guppy_SUP/busco_results_flye/run_glires_odb10/hmmer_output/rerun_results/32889at314147.out --cpu 1 /home/bgerda/guppy_SUP/busco_downloads/lineages/glires_odb10/hmms/32889at314147.hmm /home/bgerda/guppy_SUP/busco_results_flye/run_glires_odb10/metaeuk_output/rerun_results/ragtag.scaffold.fasta.modified.fas 
# Current dir:     /home/bgerda/guppy_SUP
# Date:            Sun May 21 17:47:55 2023
# [ok]
