#                                                                                             --- full sequence --- -------------- this domain -------------   hmm coord   ali coord   env coord
# target name                         accession   tlen query name           accession   qlen   E-value  score  bias   #  of  c-Evalue  i-Evalue  score  bias  from    to  from    to  from    to  acc description of target
#                 ------------------- ---------- ----- -------------------- ---------- ----- --------- ------ ----- --- --- --------- --------- ------ ----- ----- ----- ----- ----- ----- ----- ---- ---------------------
contig_52188_pilon:1550-468           -            361 33012at314147        -            249  3.7e-112  370.5 109.9   1   9   2.8e-17   5.8e-16   55.4   4.4   163   222     3    60     1    61 0.96 -
contig_52188_pilon:1550-468           -            361 33012at314147        -            249  3.7e-112  370.5 109.9   2   9   5.7e-17   1.2e-15   54.4   6.3   163   222    59   116    57   117 0.96 -
contig_52188_pilon:1550-468           -            361 33012at314147        -            249  3.7e-112  370.5 109.9   3   9   1.9e-16     4e-15   52.7   5.5   163   221    87   143    86   144 0.97 -
contig_52188_pilon:1550-468           -            361 33012at314147        -            249  3.7e-112  370.5 109.9   4   9   2.2e-16   4.6e-15   52.5   5.6   163   221   115   171   113   172 0.96 -
contig_52188_pilon:1550-468           -            361 33012at314147        -            249  3.7e-112  370.5 109.9   5   9   1.2e-17   2.5e-16   56.6   5.3   162   222   142   200   140   201 0.96 -
contig_52188_pilon:1550-468           -            361 33012at314147        -            249  3.7e-112  370.5 109.9   6   9   1.7e-17   3.7e-16   56.1   5.7   163   221   171   227   169   228 0.96 -
contig_52188_pilon:1550-468           -            361 33012at314147        -            249  3.7e-112  370.5 109.9   7   9   3.6e-16   7.6e-15   51.8   7.3   163   222   199   256   198   257 0.97 -
contig_52188_pilon:1550-468           -            361 33012at314147        -            249  3.7e-112  370.5 109.9   8   9   2.1e-16   4.4e-15   52.5   4.3   163   222   255   312   253   313 0.96 -
contig_52188_pilon:1550-468           -            361 33012at314147        -            249  3.7e-112  370.5 109.9   9   9   1.1e-14   2.3e-13   46.9   2.2   163   215   311   361   309   361 0.97 -
contig_18340_pilon:828-2186           -            453 33012at314147        -            249  6.3e-112  369.8 121.4   1   9   9.8e-16   2.1e-14   50.3   6.5   163   222     3    60     1    61 0.96 -
contig_18340_pilon:828-2186           -            453 33012at314147        -            249  6.3e-112  369.8 121.4   2   9   3.7e-19   7.8e-18   61.6   5.3   163   222    59   116    57   117 0.96 -
contig_18340_pilon:828-2186           -            453 33012at314147        -            249  6.3e-112  369.8 121.4   3   9   2.6e-15   5.5e-14   48.9   9.1   163   222   115   172   113   173 0.96 -
contig_18340_pilon:828-2186           -            453 33012at314147        -            249  6.3e-112  369.8 121.4   4   9   8.3e-16   1.8e-14   50.6   7.4   163   222   171   228   169   228 0.97 -
contig_18340_pilon:828-2186           -            453 33012at314147        -            249  6.3e-112  369.8 121.4   5   9   1.9e-17     4e-16   56.0   4.8   163   221   199   255   198   255 0.98 -
contig_18340_pilon:828-2186           -            453 33012at314147        -            249  6.3e-112  369.8 121.4   6   9   5.4e-17   1.1e-15   54.5   6.2   163   222   227   284   227   285 0.97 -
contig_18340_pilon:828-2186           -            453 33012at314147        -            249  6.3e-112  369.8 121.4   7   9   1.8e-16   3.8e-15   52.7   7.2   162   222   282   340   280   341 0.96 -
contig_18340_pilon:828-2186           -            453 33012at314147        -            249  6.3e-112  369.8 121.4   8   9   1.1e-17   2.3e-16   56.7   8.2   163   222   339   396   337   397 0.96 -
contig_18340_pilon:828-2186           -            453 33012at314147        -            249  6.3e-112  369.8 121.4   9   9   1.5e-15   3.1e-14   49.8   3.1   163   219   395   449   393   452 0.95 -
NW_025965200.1_RagTag:17855-18731     -            248 33012at314147        -            249  6.2e-111  366.5  14.4   1   1  5.6e-112  1.2e-110  365.6  14.4    29   249    36   247     9   247 0.88 -
NW_025965071.1_RagTag:3330-4808       -            493 33012at314147        -            249   5.6e-90  297.9 136.8   1  10   1.7e-09   3.6e-08   29.9   6.2   149   245    10   103     4   107 0.88 -
NW_025965071.1_RagTag:3330-4808       -            493 33012at314147        -            249   5.6e-90  297.9 136.8   2  10   2.5e-07   5.4e-06   22.8   7.9   166   246   112   188   105   190 0.83 -
NW_025965071.1_RagTag:3330-4808       -            493 33012at314147        -            249   5.6e-90  297.9 136.8   3  10   1.4e-09     3e-08   30.1   8.4   160   221   162   221   161   222 0.95 -
NW_025965071.1_RagTag:3330-4808       -            493 33012at314147        -            249   5.6e-90  297.9 136.8   4  10   3.1e-17   6.5e-16   55.3   4.6   162   221   220   277   218   278 0.96 -
NW_025965071.1_RagTag:3330-4808       -            493 33012at314147        -            249   5.6e-90  297.9 136.8   5  10   1.3e-16   2.8e-15   53.2   3.1   162   221   276   333   274   334 0.97 -
NW_025965071.1_RagTag:3330-4808       -            493 33012at314147        -            249   5.6e-90  297.9 136.8   6  10   2.7e-15   5.7e-14   48.9   6.5   163   221   305   361   304   363 0.97 -
NW_025965071.1_RagTag:3330-4808       -            493 33012at314147        -            249   5.6e-90  297.9 136.8   7  10   2.9e-16   6.2e-15   52.1   7.8   163   221   333   389   332   390 0.98 -
NW_025965071.1_RagTag:3330-4808       -            493 33012at314147        -            249   5.6e-90  297.9 136.8   8  10   2.3e-15   4.9e-14   49.1   4.4   163   222   361   418   360   419 0.97 -
NW_025965071.1_RagTag:3330-4808       -            493 33012at314147        -            249   5.6e-90  297.9 136.8   9  10   4.4e-12   9.2e-11   38.4   5.3   163   221   389   445   387   446 0.96 -
NW_025965071.1_RagTag:3330-4808       -            493 33012at314147        -            249   5.6e-90  297.9 136.8  10  10   6.4e-14   1.3e-12   44.4  10.8   163   239   417   489   415   493 0.90 -
NW_025965432.1_RagTag:538045-539154   -            370 33012at314147        -            249   2.1e-87  289.4  77.7   1   8   5.4e-08   1.1e-06   25.0   4.6   183   221     4    40     2    41 0.93 -
NW_025965432.1_RagTag:538045-539154   -            370 33012at314147        -            249   2.1e-87  289.4  77.7   2   8   5.8e-16   1.2e-14   51.1  10.5   159   221    36    96    34    97 0.97 -
NW_025965432.1_RagTag:538045-539154   -            370 33012at314147        -            249   2.1e-87  289.4  77.7   3   8   5.6e-18   1.2e-16   57.7   6.6   159   221    92   152    92   153 0.96 -
NW_025965432.1_RagTag:538045-539154   -            370 33012at314147        -            249   2.1e-87  289.4  77.7   4   8   3.6e-18   7.6e-17   58.3   4.6   163   221   124   180   124   182 0.98 -
NW_025965432.1_RagTag:538045-539154   -            370 33012at314147        -            249   2.1e-87  289.4  77.7   5   8   5.5e-16   1.2e-14   51.2   5.5   161   221   178   236   177   237 0.96 -
NW_025965432.1_RagTag:538045-539154   -            370 33012at314147        -            249   2.1e-87  289.4  77.7   6   8   1.6e-09   3.4e-08   30.0   1.4   162   192   235   265   233   266 0.94 -
NW_025965432.1_RagTag:538045-539154   -            370 33012at314147        -            249   2.1e-87  289.4  77.7   7   8   5.1e-18   1.1e-16   57.8   5.3   163   221   264   320   263   321 0.97 -
NW_025965432.1_RagTag:538045-539154   -            370 33012at314147        -            249   2.1e-87  289.4  77.7   8   8   7.8e-13   1.6e-11   40.8   5.6   163   215   320   370   318   370 0.96 -
contig_18339_pilon:77-1480            -            468 33012at314147        -            249   5.6e-84  278.2  79.1   1   7   1.9e-14     4e-13   46.1   2.6   167   222     1    54     1    55 0.96 -
contig_18339_pilon:77-1480            -            468 33012at314147        -            249   5.6e-84  278.2  79.1   2   7   4.1e-18   8.7e-17   58.1   8.3   163   235    53   121    51   128 0.94 -
contig_18339_pilon:77-1480            -            468 33012at314147        -            249   5.6e-84  278.2  79.1   3   7   5.5e-14   1.2e-12   44.6   4.1   170   221   229   278   222   279 0.93 -
contig_18339_pilon:77-1480            -            468 33012at314147        -            249   5.6e-84  278.2  79.1   4   7   4.4e-18   9.2e-17   58.0   5.3   163   222   250   307   249   308 0.97 -
contig_18339_pilon:77-1480            -            468 33012at314147        -            249   5.6e-84  278.2  79.1   5   7   1.9e-18   3.9e-17   59.2   9.4   163   222   306   363   305   364 0.97 -
contig_18339_pilon:77-1480            -            468 33012at314147        -            249   5.6e-84  278.2  79.1   6   7   4.3e-16   9.2e-15   51.5   7.1   162   222   361   419   359   420 0.96 -
contig_18339_pilon:77-1480            -            468 33012at314147        -            249   5.6e-84  278.2  79.1   7   7   2.1e-12   4.5e-11   39.4   5.4   163   215   418   468   416   468 0.97 -
NW_025965341.1_RagTag:10137-11147     -            337 33012at314147        -            249   6.5e-81  268.2  92.0   1   8   2.2e-11   4.5e-10   36.1   6.0   162   221     3    60     1    61 0.95 -
NW_025965341.1_RagTag:10137-11147     -            337 33012at314147        -            249   6.5e-81  268.2  92.0   2   8   2.2e-15   4.6e-14   49.2   9.1   160   221    29    88    19    88 0.92 -
NW_025965341.1_RagTag:10137-11147     -            337 33012at314147        -            249   6.5e-81  268.2  92.0   3   8   1.9e-16     4e-15   52.7   6.5   159   221    56   116    56   117 0.95 -
NW_025965341.1_RagTag:10137-11147     -            337 33012at314147        -            249   6.5e-81  268.2  92.0   4   8   1.5e-16   3.2e-15   53.0   9.1   161   231   114   180   112   183 0.95 -
NW_025965341.1_RagTag:10137-11147     -            337 33012at314147        -            249   6.5e-81  268.2  92.0   5   8   5.1e-10   1.1e-08   31.6   2.7   163   204   144   183   143   196 0.92 -
NW_025965341.1_RagTag:10137-11147     -            337 33012at314147        -            249   6.5e-81  268.2  92.0   6   8   1.1e-17   2.4e-16   56.7   3.2   161   221   199   257   181   258 0.94 -
NW_025965341.1_RagTag:10137-11147     -            337 33012at314147        -            249   6.5e-81  268.2  92.0   7   8   5.4e-10   1.1e-08   31.5   0.2   163   191   257   285   255   286 0.96 -
NW_025965341.1_RagTag:10137-11147     -            337 33012at314147        -            249   6.5e-81  268.2  92.0   8   8   3.3e-15   6.9e-14   48.6   2.6   163   217   285   337   283   337 0.97 -
contig_36320_pilon:1033-1992          -            320 33012at314147        -            249   7.4e-81  268.0  69.6   1   6   1.8e-13   3.8e-12   42.9   2.8   174   222     1    47     1    48 0.95 -
contig_36320_pilon:1033-1992          -            320 33012at314147        -            249   7.4e-81  268.0  69.6   2   6   4.6e-17   9.7e-16   54.7   7.9   162   222    45   103    43   104 0.96 -
contig_36320_pilon:1033-1992          -            320 33012at314147        -            249   7.4e-81  268.0  69.6   3   6   5.2e-18   1.1e-16   57.8   6.0   163   222   102   159   100   160 0.96 -
contig_36320_pilon:1033-1992          -            320 33012at314147        -            249   7.4e-81  268.0  69.6   4   6   4.2e-19   8.9e-18   61.4   4.9   162   222   157   215   155   216 0.96 -
contig_36320_pilon:1033-1992          -            320 33012at314147        -            249   7.4e-81  268.0  69.6   5   6   2.2e-17   4.7e-16   55.7   6.8   163   222   214   271   213   272 0.97 -
contig_36320_pilon:1033-1992          -            320 33012at314147        -            249   7.4e-81  268.0  69.6   6   6   1.4e-13   2.9e-12   43.3   5.5   163   215   270   320   268   320 0.97 -
NW_025965271.1_RagTag:559002-644971   -            204 33012at314147        -            249   3.9e-71  236.1  71.9   1   6   6.9e-14   1.5e-12   44.3   2.4   165   222     2    57     1    58 0.96 -
NW_025965271.1_RagTag:559002-644971   -            204 33012at314147        -            249   3.9e-71  236.1  71.9   2   6   1.7e-16   3.7e-15   52.8   7.5   163   222    28    85    27    86 0.97 -
NW_025965271.1_RagTag:559002-644971   -            204 33012at314147        -            249   3.9e-71  236.1  71.9   3   6     1e-16   2.1e-15   53.6   6.6   163   222    56   113    54   114 0.96 -
NW_025965271.1_RagTag:559002-644971   -            204 33012at314147        -            249   3.9e-71  236.1  71.9   4   6   5.2e-18   1.1e-16   57.8   5.7   163   222    84   141    82   142 0.96 -
NW_025965271.1_RagTag:559002-644971   -            204 33012at314147        -            249   3.9e-71  236.1  71.9   5   6   7.8e-18   1.6e-16   57.2   6.9   163   222   112   169   110   170 0.96 -
NW_025965271.1_RagTag:559002-644971   -            204 33012at314147        -            249   3.9e-71  236.1  71.9   6   6   9.3e-11     2e-09   34.0   3.3   162   201   167   204   165   204 0.93 -
NW_025965250.1_RagTag:54855-54238     -            206 33012at314147        -            249   3.2e-70  233.1  56.7   1   5   5.5e-18   1.2e-16   57.7   4.1   158   221     9    70     1    71 0.91 -
NW_025965250.1_RagTag:54855-54238     -            206 33012at314147        -            249   3.2e-70  233.1  56.7   2   5   4.2e-19   8.9e-18   61.4   4.3   160   221    39    98    38    99 0.96 -
NW_025965250.1_RagTag:54855-54238     -            206 33012at314147        -            249   3.2e-70  233.1  56.7   3   5   1.5e-18   3.1e-17   59.6   5.3   163   221    70   126    68   127 0.97 -
NW_025965250.1_RagTag:54855-54238     -            206 33012at314147        -            249   3.2e-70  233.1  56.7   4   5   1.9e-18   4.1e-17   59.2   6.5   162   221    97   154    95   156 0.96 -
NW_025965250.1_RagTag:54855-54238     -            206 33012at314147        -            249   3.2e-70  233.1  56.7   5   5   1.6e-14   3.4e-13   46.3   4.8   163   217   154   206   153   206 0.97 -
contig_83186_pilon:3097-2462          -            212 33012at314147        -            249   6.4e-66  219.1  75.2   1   6   1.7e-10   3.7e-09   33.1   1.3   184   222     1    37     1    38 0.87 -
contig_83186_pilon:3097-2462          -            212 33012at314147        -            249   6.4e-66  219.1  75.2   2   6   2.2e-15   4.7e-14   49.2  10.7   163   222    36    93    35    94 0.97 -
contig_83186_pilon:3097-2462          -            212 33012at314147        -            249   6.4e-66  219.1  75.2   3   6   2.2e-17   4.5e-16   55.8   8.5   162   222    63   121    61   122 0.96 -
contig_83186_pilon:3097-2462          -            212 33012at314147        -            249   6.4e-66  219.1  75.2   4   6   1.4e-18     3e-17   59.7   5.0   161   222    90   149    88   150 0.95 -
contig_83186_pilon:3097-2462          -            212 33012at314147        -            249   6.4e-66  219.1  75.2   5   6   4.3e-17   9.1e-16   54.8   5.1   163   221   120   176   118   177 0.96 -
contig_83186_pilon:3097-2462          -            212 33012at314147        -            249   6.4e-66  219.1  75.2   6   6   1.5e-09   3.2e-08   30.1   5.4   163   201   176   212   175   212 0.95 -
NW_025965250.1_RagTag:250628-249804   -            275 33012at314147        -            249   4.3e-63  209.8  59.8   1   5   5.5e-19   1.2e-17   61.0   6.9   160   221     2    61     1    62 0.97 -
NW_025965250.1_RagTag:250628-249804   -            275 33012at314147        -            249   4.3e-63  209.8  59.8   2   5   5.7e-14   1.2e-12   44.5   8.2   163   222    61   118    59   119 0.96 -
NW_025965250.1_RagTag:250628-249804   -            275 33012at314147        -            249   4.3e-63  209.8  59.8   3   5   2.3e-07   4.8e-06   22.9   2.9   163   191   117   145   116   146 0.96 -
NW_025965250.1_RagTag:250628-249804   -            275 33012at314147        -            249   4.3e-63  209.8  59.8   4   5   3.2e-16   6.8e-15   51.9   6.6   163   221   145   201   143   202 0.97 -
NW_025965250.1_RagTag:250628-249804   -            275 33012at314147        -            249   4.3e-63  209.8  59.8   5   5   2.7e-18   5.6e-17   58.7  10.4   162   240   200   274   199   275 0.95 -
NW_025965071.1_RagTag:28229-29119     -            297 33012at314147        -            249   1.4e-62  208.1  87.8   1   6   3.5e-12   7.4e-11   38.7   4.3   163   221     1    57     1    58 0.95 -
NW_025965071.1_RagTag:28229-29119     -            297 33012at314147        -            249   1.4e-62  208.1  87.8   2   6   3.2e-14   6.8e-13   45.4   7.0   162   221    28    85    26    85 0.97 -
NW_025965071.1_RagTag:28229-29119     -            297 33012at314147        -            249   1.4e-62  208.1  87.8   3   6   1.5e-12   3.1e-11   39.9   7.7   163   221    57   113    55   114 0.97 -
NW_025965071.1_RagTag:28229-29119     -            297 33012at314147        -            249   1.4e-62  208.1  87.8   4   6   3.1e-13   6.5e-12   42.1   6.6   161   221   111   169   109   170 0.96 -
NW_025965071.1_RagTag:28229-29119     -            297 33012at314147        -            249   1.4e-62  208.1  87.8   5   6   2.4e-19   5.1e-18   62.2   9.0   148   221   153   225   151   226 0.94 -
NW_025965071.1_RagTag:28229-29119     -            297 33012at314147        -            249   1.4e-62  208.1  87.8   6   6   1.5e-14   3.1e-13   46.5  13.1   163   237   225   295   223   297 0.92 -
NW_025965182.1_RagTag:1756006-1757067 -            354 33012at314147        -            249   1.4e-62  208.1  55.6   1   5   1.1e-09   2.3e-08   30.5   0.3   166   220     1    53     1    57 0.96 -
NW_025965182.1_RagTag:1756006-1757067 -            354 33012at314147        -            249   1.4e-62  208.1  55.6   2   5   2.8e-16   5.8e-15   52.1   3.3   167   247    58   134    54   135 0.94 -
NW_025965182.1_RagTag:1756006-1757067 -            354 33012at314147        -            249   1.4e-62  208.1  55.6   3   5   3.8e-19   8.1e-18   61.5  10.5   159   244   134   215   131   218 0.95 -
NW_025965182.1_RagTag:1756006-1757067 -            354 33012at314147        -            249   1.4e-62  208.1  55.6   4   5   8.9e-14   1.9e-12   43.9   5.6   158   222   217   279   215   285 0.92 -
NW_025965182.1_RagTag:1756006-1757067 -            354 33012at314147        -            249   1.4e-62  208.1  55.6   5   5     2e-13   4.3e-12   42.7   9.2   139   213   281   354   279   354 0.53 -
NW_025965207.1_RagTag:11562-10675     -            296 33012at314147        -            249   5.2e-62  206.2  90.3   1   6   1.9e-09     4e-08   29.7  10.0   159   222     3    63     1    64 0.92 -
NW_025965207.1_RagTag:11562-10675     -            296 33012at314147        -            249   5.2e-62  206.2  90.3   2   6     4e-17   8.4e-16   54.9   7.9   162   230    61   125    59   129 0.92 -
NW_025965207.1_RagTag:11562-10675     -            296 33012at314147        -            249   5.2e-62  206.2  90.3   3   6   1.1e-08   2.4e-07   27.2   8.7   166   221   121   173   119   175 0.89 -
NW_025965207.1_RagTag:11562-10675     -            296 33012at314147        -            249   5.2e-62  206.2  90.3   4   6   2.5e-21   5.2e-20   68.7  10.3   163   239   173   245   171   245 0.96 -
NW_025965207.1_RagTag:11562-10675     -            296 33012at314147        -            249   5.2e-62  206.2  90.3   5   6   4.2e-19   8.9e-18   61.4   7.1   163   222   201   258   200   259 0.97 -
NW_025965207.1_RagTag:11562-10675     -            296 33012at314147        -            249   5.2e-62  206.2  90.3   6   6   7.3e-10   1.5e-08   31.1   6.4   163   200   257   292   255   295 0.93 -
NW_025965341.1_RagTag:104619-49768    -            298 33012at314147        -            249   6.9e-62  205.8  72.1   1   5   8.3e-18   1.8e-16   57.1   3.5   159   219    24    82    16    82 0.93 -
NW_025965341.1_RagTag:104619-49768    -            298 33012at314147        -            249   6.9e-62  205.8  72.1   2   5   3.7e-19   7.9e-18   61.5   3.2   163   221    56   112    55   113 0.98 -
NW_025965341.1_RagTag:104619-49768    -            298 33012at314147        -            249   6.9e-62  205.8  72.1   3   5   7.3e-12   1.5e-10   37.6  10.6   161   240   110   189   108   192 0.86 -
NW_025965341.1_RagTag:104619-49768    -            298 33012at314147        -            249   6.9e-62  205.8  72.1   4   5   1.1e-17   2.4e-16   56.7  10.7   134   221   168   252   167   253 0.86 -
NW_025965341.1_RagTag:104619-49768    -            298 33012at314147        -            249   6.9e-62  205.8  72.1   5   5   2.1e-14   4.4e-13   46.0  12.5   163   237   224   294   223   297 0.93 -
contig_43715_pilon:47-619             -            191 33012at314147        -            249   7.2e-58  192.7  55.5   1   4   9.7e-18     2e-16   56.9   7.6   159   222     3    64     1    65 0.95 -
contig_43715_pilon:47-619             -            191 33012at314147        -            249   7.2e-58  192.7  55.5   2   4   1.1e-17   2.4e-16   56.7   8.4   163   222    63   120    61   121 0.96 -
contig_43715_pilon:47-619             -            191 33012at314147        -            249   7.2e-58  192.7  55.5   3   4   6.2e-18   1.3e-16   57.5   6.2   163   222    91   148    91   149 0.97 -
contig_43715_pilon:47-619             -            191 33012at314147        -            249   7.2e-58  192.7  55.5   4   4   1.4e-18   2.9e-17   59.7   9.3   162   239   118   191   116   191 0.95 -
contig_10836_pilon:33-731             -            233 33012at314147        -            249   7.3e-54  179.6  51.3   1   4   2.9e-17   6.2e-16   55.3   8.5   158   222     8    70     5    71 0.94 -
contig_10836_pilon:33-731             -            233 33012at314147        -            249   7.3e-54  179.6  51.3   2   4   1.2e-15   2.4e-14   50.1   6.7   163   221    69   125    67   126 0.96 -
contig_10836_pilon:33-731             -            233 33012at314147        -            249   7.3e-54  179.6  51.3   3   4   2.5e-17   5.3e-16   55.6   6.8   163   222   125   182   123   183 0.96 -
contig_10836_pilon:33-731             -            233 33012at314147        -            249   7.3e-54  179.6  51.3   4   4   4.9e-14     1e-12   44.8   8.5   163   217   181   233   179   233 0.97 -
NW_025965215.1_RagTag:23669-22371     -            433 33012at314147        -            249   8.3e-52  172.8  32.1   1   4   1.6e-20   3.4e-19   66.0   3.5   154   221   237   302   201   303 0.90 -
NW_025965215.1_RagTag:23669-22371     -            433 33012at314147        -            249   8.3e-52  172.8  32.1   2   4   7.8e-07   1.6e-05   21.2   0.2   165   191   303   329   302   330 0.96 -
NW_025965215.1_RagTag:23669-22371     -            433 33012at314147        -            249   8.3e-52  172.8  32.1   3   4   1.3e-19   2.8e-18   63.0   4.5   163   221   329   385   329   386 0.98 -
NW_025965215.1_RagTag:23669-22371     -            433 33012at314147        -            249   8.3e-52  172.8  32.1   4   4   8.1e-13   1.7e-11   40.8   7.9   163   213   385   433   383   433 0.96 -
NW_025965289.1_RagTag:81495-82190     -            232 33012at314147        -            249   6.3e-51  169.9  35.5   1   4   6.4e-12   1.3e-10   37.8   1.4   155   192    38    75    28    75 0.93 -
NW_025965289.1_RagTag:81495-82190     -            232 33012at314147        -            249   6.3e-51  169.9  35.5   2   4   1.3e-22   2.8e-21   72.8   8.4   163   235    74   142    73   143 0.96 -
NW_025965289.1_RagTag:81495-82190     -            232 33012at314147        -            249   6.3e-51  169.9  35.5   3   4   2.1e-10   4.5e-09   32.8   0.4   162   191   129   158   128   160 0.95 -
NW_025965289.1_RagTag:81495-82190     -            232 33012at314147        -            249   6.3e-51  169.9  35.5   4   4   2.4e-18   5.1e-17   58.9  10.0   162   239   157   230   156   231 0.95 -
contig_33351_pilon:20-586             -            189 33012at314147        -            249   5.4e-50  166.9  32.3   1   4     4e-09   8.3e-08   28.7   0.4   163   191     1    29     1    31 0.97 -
contig_33351_pilon:20-586             -            189 33012at314147        -            249   5.4e-50  166.9  32.3   2   4   1.4e-19     3e-18   62.9   5.3   163   222    29    86    28    87 0.97 -
contig_33351_pilon:20-586             -            189 33012at314147        -            249   5.4e-50  166.9  32.3   3   4   1.7e-17   3.6e-16   56.1   5.6   163   221    85   141    83   142 0.96 -
contig_33351_pilon:20-586             -            189 33012at314147        -            249   5.4e-50  166.9  32.3   4   4   3.6e-13   7.5e-12   42.0   3.6   163   213   141   189   140   189 0.95 -
NW_025965230.1_RagTag:919891-919364   -            176 33012at314147        -            249   4.1e-49  164.0  39.0   1   3   1.7e-18   3.6e-17   59.4   7.2   152   221    10    78     4    78 0.91 -
NW_025965230.1_RagTag:919891-919364   -            176 33012at314147        -            249   4.1e-49  164.0  39.0   2   3   2.6e-18   5.4e-17   58.8   5.2   163   221    50   106    50   107 0.98 -
NW_025965230.1_RagTag:919891-919364   -            176 33012at314147        -            249   4.1e-49  164.0  39.0   3   3   4.7e-22     1e-20   71.0  10.6   159   236   102   175   102   176 0.95 -
NW_025965436.1_RagTag:1629-778        -            284 33012at314147        -            249   1.9e-48  161.8  73.8   1   5   4.6e-13   9.7e-12   41.6  17.2   161   239     5    79     2    80 0.96 -
NW_025965436.1_RagTag:1629-778        -            284 33012at314147        -            249   1.9e-48  161.8  73.8   2   5   1.7e-09   3.5e-08   29.9   6.7   196   247    66   115    64   118 0.86 -
NW_025965436.1_RagTag:1629-778        -            284 33012at314147        -            249   1.9e-48  161.8  73.8   3   5   3.1e-18   6.6e-17   58.5  21.8   139   244    94   196    94   198 0.93 -
NW_025965436.1_RagTag:1629-778        -            284 33012at314147        -            249   1.9e-48  161.8  73.8   4   5   1.2e-17   2.6e-16   56.6  15.0   159   246   171   254   171   257 0.94 -
NW_025965436.1_RagTag:1629-778        -            284 33012at314147        -            249   1.9e-48  161.8  73.8   5   5   9.5e-09     2e-07   27.5   3.0   157   188   253   284   249   284 0.91 -
NW_025965328.1_RagTag:1309-710        -            200 33012at314147        -            249   3.7e-48  160.9  37.3   1   4   1.5e-08   3.2e-07   26.8   2.0   157   191     5    39     1    41 0.79 -
NW_025965328.1_RagTag:1309-710        -            200 33012at314147        -            249   3.7e-48  160.9  37.3   2   4   5.6e-19   1.2e-17   61.0   6.6   163   222    39    96    38    97 0.97 -
NW_025965328.1_RagTag:1309-710        -            200 33012at314147        -            249   3.7e-48  160.9  37.3   3   4     2e-19   4.1e-18   62.5   5.6   163   222    95   152    93   153 0.96 -
NW_025965328.1_RagTag:1309-710        -            200 33012at314147        -            249   3.7e-48  160.9  37.3   4   4   1.3e-11   2.7e-10   36.8   3.3   163   213   151   199   150   200 0.95 -
NW_025965341.1_RagTag:133798-133214   -            195 33012at314147        -            249   8.1e-48  159.8  38.5   1   4   7.4e-22   1.6e-20   70.4   6.1   155   222     4    70     1    71 0.91 -
NW_025965341.1_RagTag:133798-133214   -            195 33012at314147        -            249   8.1e-48  159.8  38.5   2   4   1.3e-16   2.7e-15   53.2   5.8   163   221    69   125    69   126 0.97 -
NW_025965341.1_RagTag:133798-133214   -            195 33012at314147        -            249   8.1e-48  159.8  38.5   3   4     8e-08   1.7e-06   24.4   0.8   163   191   125   153   124   154 0.97 -
NW_025965341.1_RagTag:133798-133214   -            195 33012at314147        -            249   8.1e-48  159.8  38.5   4   4   6.6e-10   1.4e-08   31.3   7.4   163   201   153   189   151   194 0.93 -
NW_025965317.1_RagTag:1474848-1474279 -            190 33012at314147        -            249   1.2e-46  155.9  45.2   1   4   2.1e-15   4.5e-14   49.2   5.1   163   221     3    59     1    60 0.96 -
NW_025965317.1_RagTag:1474848-1474279 -            190 33012at314147        -            249   1.2e-46  155.9  45.2   2   4   2.4e-17     5e-16   55.6   6.2   163   221    31    87    30    89 0.97 -
NW_025965317.1_RagTag:1474848-1474279 -            190 33012at314147        -            249   1.2e-46  155.9  45.2   3   4   7.2e-18   1.5e-16   57.3   5.0   162   222    86   144    84   145 0.96 -
NW_025965317.1_RagTag:1474848-1474279 -            190 33012at314147        -            249   1.2e-46  155.9  45.2   4   4   4.8e-10     1e-08   31.7   5.0   163   211   143   189   142   190 0.90 -
NW_025965341.1_RagTag:79117-79728     -            204 33012at314147        -            249   1.4e-46  155.7  34.6   1   4   6.2e-07   1.3e-05   21.5   2.5   179   221     1    41     1    43 0.93 -
NW_025965341.1_RagTag:79117-79728     -            204 33012at314147        -            249   1.4e-46  155.7  34.6   2   4   4.8e-09     1e-07   28.4   0.7   163   191    41    69    38    70 0.96 -
NW_025965341.1_RagTag:79117-79728     -            204 33012at314147        -            249   1.4e-46  155.7  34.6   3   4   1.4e-17     3e-16   56.4   5.4   163   221    69   125    68   127 0.97 -
NW_025965341.1_RagTag:79117-79728     -            204 33012at314147        -            249   1.4e-46  155.7  34.6   4   4   1.3e-22   2.8e-21   72.8   8.1   161   244   123   202   121   204 0.96 -
contig_43334_pilon:1190-1762          -            191 33012at314147        -            249   1.5e-45  152.3  39.3   1   4   4.7e-14     1e-12   44.8   2.9   174   222    21    67    13    68 0.92 -
contig_43334_pilon:1190-1762          -            191 33012at314147        -            249   1.5e-45  152.3  39.3   2   4   6.7e-16   1.4e-14   50.9   5.8   163   221    66   122    64   122 0.97 -
contig_43334_pilon:1190-1762          -            191 33012at314147        -            249   1.5e-45  152.3  39.3   3   4     8e-19   1.7e-17   60.4   4.5   163   222    94   151    93   152 0.97 -
contig_43334_pilon:1190-1762          -            191 33012at314147        -            249   1.5e-45  152.3  39.3   4   4   1.1e-10   2.3e-09   33.8   2.7   163   201   150   186   148   191 0.92 -
NW_025965235.1_RagTag:119535-118921   -            205 33012at314147        -            249   2.4e-45  151.7  51.3   1   4   3.5e-16   7.4e-15   51.8   5.8   159   221     9    69     1    70 0.94 -
NW_025965235.1_RagTag:119535-118921   -            205 33012at314147        -            249   2.4e-45  151.7  51.3   2   4   1.1e-14   2.3e-13   46.9   7.0   163   222    41    98    39    99 0.96 -
NW_025965235.1_RagTag:119535-118921   -            205 33012at314147        -            249   2.4e-45  151.7  51.3   3   4   1.6e-14   3.5e-13   46.3   7.8   163   222    97   154    95   155 0.96 -
NW_025965235.1_RagTag:119535-118921   -            205 33012at314147        -            249   2.4e-45  151.7  51.3   4   4   3.9e-14   8.2e-13   45.1   6.7   161   217   151   205   150   205 0.96 -
contig_10031_pilon:821-222            -            200 33012at314147        -            249   1.3e-43  146.0  43.2   1   4   9.4e-08     2e-06   24.2   5.0   182   222     2    40     1    41 0.79 -
contig_10031_pilon:821-222            -            200 33012at314147        -            249   1.3e-43  146.0  43.2   2   4   4.9e-14     1e-12   44.8   5.6   163   222    39    96    38    97 0.97 -
contig_10031_pilon:821-222            -            200 33012at314147        -            249   1.3e-43  146.0  43.2   3   4   4.8e-19     1e-17   61.2   6.4   163   222    95   152    93   153 0.96 -
contig_10031_pilon:821-222            -            200 33012at314147        -            249   1.3e-43  146.0  43.2   4   4   1.6e-13   3.3e-12   43.1   5.5   163   214   151   200   149   200 0.96 -
contig_78026_pilon:1141-2283          -            381 33012at314147        -            249   3.2e-43  144.7  52.6   1   6   4.2e-07   8.9e-06   22.1   3.5   163   240     1    78     1    83 0.89 -
contig_78026_pilon:1141-2283          -            381 33012at314147        -            249   3.2e-43  144.7  52.6   2   6   0.00088     0.019   11.2   0.3   155   186    85   116    79   127 0.88 -
contig_78026_pilon:1141-2283          -            381 33012at314147        -            249   3.2e-43  144.7  52.6   3   6   6.1e-09   1.3e-07   28.1   2.5   186   222   147   181   144   182 0.90 -
contig_78026_pilon:1141-2283          -            381 33012at314147        -            249   3.2e-43  144.7  52.6   4   6   1.1e-13   2.3e-12   43.6   3.7   159   214   176   229   176   235 0.95 -
contig_78026_pilon:1141-2283          -            381 33012at314147        -            249   3.2e-43  144.7  52.6   5   6   2.8e-15     6e-14   48.8  10.9   161   239   273   347   268   347 0.96 -
contig_78026_pilon:1141-2283          -            381 33012at314147        -            249   3.2e-43  144.7  52.6   6   6   7.8e-11   1.7e-09   34.3   3.0   159   215   327   381   327   381 0.97 -
NW_025965039.1_RagTag:269799-269233   -            189 33012at314147        -            249   6.2e-43  143.8  46.3   1   4   1.3e-12   2.7e-11   40.1   5.0   163   221     3    59     1    60 0.96 -
NW_025965039.1_RagTag:269799-269233   -            189 33012at314147        -            249   6.2e-43  143.8  46.3   2   4   1.4e-16   2.9e-15   53.1  10.3   163   244    59   136    57   136 0.96 -
NW_025965039.1_RagTag:269799-269233   -            189 33012at314147        -            249   6.2e-43  143.8  46.3   3   4   2.3e-15   4.8e-14   49.1   4.6   163   221   115   171   114   172 0.97 -
NW_025965039.1_RagTag:269799-269233   -            189 33012at314147        -            249   6.2e-43  143.8  46.3   4   4   2.5e-12   5.3e-11   39.2   2.7   163   209   143   187   142   188 0.91 -
NW_025965250.1_RagTag:8956-9588       -            211 33012at314147        -            249   7.4e-42  140.2  33.2   1   3   1.3e-16   2.7e-15   53.3   6.6   147   221     3    76     1    78 0.94 -
NW_025965250.1_RagTag:8956-9588       -            211 33012at314147        -            249   7.4e-42  140.2  33.2   2   3   8.9e-14   1.9e-12   43.9   6.8   163   230    76   139    74   141 0.93 -
NW_025965250.1_RagTag:8956-9588       -            211 33012at314147        -            249   7.4e-42  140.2  33.2   3   3   2.4e-18     5e-17   58.9   6.7   139   216   135   211   133   211 0.94 -
NW_025965022.1_RagTag:271580-270999   -            194 33012at314147        -            249   9.5e-42  139.9  29.0   1   4   1.3e-12   2.7e-11   40.1   1.9   182   222     2    40     1    40 0.96 -
NW_025965022.1_RagTag:271580-270999   -            194 33012at314147        -            249   9.5e-42  139.9  29.0   2   4     3e-11   6.3e-10   35.7   2.2   159   222    35    95    35    95 0.85 -
NW_025965022.1_RagTag:271580-270999   -            194 33012at314147        -            249   9.5e-42  139.9  29.0   3   4   4.9e-20     1e-18   64.4   3.8   153   222    84   151    67   152 0.86 -
NW_025965022.1_RagTag:271580-270999   -            194 33012at314147        -            249   9.5e-42  139.9  29.0   4   4   1.7e-11   3.6e-10   36.4   3.2   159   209   146   194   146   194 0.92 -
contig_28105_pilon:1448-873           -            192 33012at314147        -            249   1.1e-41  139.7  28.0   1   3   9.2e-16   1.9e-14   50.4   9.8   158   244     2    84     1    84 0.96 -
contig_28105_pilon:1448-873           -            192 33012at314147        -            249   1.1e-41  139.7  28.0   2   3     6e-20   1.3e-18   64.1   2.9   160   222    88   148    87   149 0.95 -
contig_28105_pilon:1448-873           -            192 33012at314147        -            249   1.1e-41  139.7  28.0   3   3   6.7e-10   1.4e-08   31.2   1.0   166   209   150   191   149   192 0.89 -
contig_53583_pilon:2130-1585          -            182 33012at314147        -            249   5.1e-41  137.5  36.8   1   4     1e-09   2.2e-08   30.6   1.5   163   191     1    29     1    31 0.97 -
contig_53583_pilon:2130-1585          -            182 33012at314147        -            249   5.1e-41  137.5  36.8   2   4   2.5e-19   5.3e-18   62.1  13.9   163   244    29   106    28   106 0.97 -
contig_53583_pilon:2130-1585          -            182 33012at314147        -            249   5.1e-41  137.5  36.8   3   4   2.6e-14   5.4e-13   45.7   8.7   163   222    85   142    85   143 0.97 -
contig_53583_pilon:2130-1585          -            182 33012at314147        -            249   5.1e-41  137.5  36.8   4   4   1.3e-10   2.8e-09   33.5   1.3   163   202   141   178   139   182 0.92 -
NW_025965127.1_RagTag:122616-122107   -            170 33012at314147        -            249   1.1e-40  136.4  28.5   1   4   1.2e-12   2.6e-11   40.2   1.1   183   222     2    39     1    40 0.96 -
NW_025965127.1_RagTag:122616-122107   -            170 33012at314147        -            249   1.1e-40  136.4  28.5   2   4   1.7e-10   3.6e-09   33.2   0.3   161   191    36    66    35    66 0.97 -
NW_025965127.1_RagTag:122616-122107   -            170 33012at314147        -            249   1.1e-40  136.4  28.5   3   4   6.7e-08   1.4e-06   24.7   1.6   162   191    65    94    64    95 0.96 -
NW_025965127.1_RagTag:122616-122107   -            170 33012at314147        -            249   1.1e-40  136.4  28.5   4   4   1.8e-20   3.8e-19   65.9   8.5   163   231    94   158    92   170 0.89 -
contig_31119_pilon:1895-1227          -            223 33012at314147        -            249   6.8e-38  127.3  37.7   1   3   1.5e-15   3.1e-14   49.8   9.0   133   223    26   114    16   116 0.89 -
contig_31119_pilon:1895-1227          -            223 33012at314147        -            249   6.8e-38  127.3  37.7   2   3   2.8e-15   5.9e-14   48.9   3.0   163   222   112   169   112   170 0.98 -
contig_31119_pilon:1895-1227          -            223 33012at314147        -            249   6.8e-38  127.3  37.7   3   3   5.9e-17   1.2e-15   54.3   9.9   163   242   140   215   138   220 0.93 -
NW_025965301.1_RagTag:107840-107193   -            216 33012at314147        -            249   1.3e-37  126.3  38.6   1   4     5e-08     1e-06   25.1   0.4   161   192    30    61    12    65 0.81 -
NW_025965301.1_RagTag:107840-107193   -            216 33012at314147        -            249   1.3e-37  126.3  38.6   2   4   3.5e-17   7.4e-16   55.1   3.5   167   243    65   137    61   138 0.95 -
NW_025965301.1_RagTag:107840-107193   -            216 33012at314147        -            249   1.3e-37  126.3  38.6   3   4   1.3e-13   2.7e-12   43.4   3.8   162   221   116   173   114   174 0.96 -
NW_025965301.1_RagTag:107840-107193   -            216 33012at314147        -            249   1.3e-37  126.3  38.6   4   4   2.6e-12   5.4e-11   39.1   9.2   159   239   141   216   139   216 0.90 -
NW_025965341.1_RagTag:41694-41227     -            156 33012at314147        -            249     2e-37  125.8  19.4   1   3   3.8e-14   8.1e-13   45.1   0.6   170   221     3    52     1    53 0.93 -
NW_025965341.1_RagTag:41694-41227     -            156 33012at314147        -            249     2e-37  125.8  19.4   2   3     6e-19   1.3e-17   60.9   2.4   162   221    51   108    49   110 0.96 -
NW_025965341.1_RagTag:41694-41227     -            156 33012at314147        -            249     2e-37  125.8  19.4   3   3     6e-12   1.3e-10   37.9   3.7   160   213   105   156   104   156 0.90 -
NW_025965190.1_RagTag:126348-126803   -            152 33012at314147        -            249   9.2e-34  113.7  26.5   1   3    0.0091      0.19    7.9   0.3   177   191     2    16     1    17 0.81 -
NW_025965190.1_RagTag:126348-126803   -            152 33012at314147        -            249   9.2e-34  113.7  26.5   2   3   9.5e-17     2e-15   53.7   5.9   159   221    12    72    10    73 0.95 -
NW_025965190.1_RagTag:126348-126803   -            152 33012at314147        -            249   9.2e-34  113.7  26.5   3   3   1.5e-21   3.1e-20   69.4   9.2   161   244    70   149    69   152 0.96 -
NW_025965166.1_RagTag:126554-126123   -            144 33012at314147        -            249   1.3e-33  113.3  21.7   1   2   2.9e-19   6.2e-18   61.9   7.0   159   222     5    66     2    66 0.95 -
NW_025965166.1_RagTag:126554-126123   -            144 33012at314147        -            249   1.3e-33  113.3  21.7   2   2   1.4e-19   2.9e-18   63.0   7.7   159   244    61   142    61   144 0.96 -
NW_025965039.1_RagTag:294540-268866   -            195 33012at314147        -            249   5.6e-33  111.1  26.6   1   3   5.4e-10   1.1e-08   31.5   0.9   150   221    44   111    36   112 0.76 -
NW_025965039.1_RagTag:294540-268866   -            195 33012at314147        -            249   5.6e-33  111.1  26.6   2   3   7.4e-17   1.6e-15   54.0   5.6   161   222   109   168   107   169 0.96 -
NW_025965039.1_RagTag:294540-268866   -            195 33012at314147        -            249   5.6e-33  111.1  26.6   3   3   1.3e-15   2.8e-14   49.9   5.4   163   221   139   195   139   195 0.98 -
NW_025965182.1_RagTag:1737866-1738443 -            179 33012at314147        -            249   7.9e-30  100.8  27.2   1   3   6.7e-16   1.4e-14   50.9   4.9   166   241     2    73     1    79 0.92 -
NW_025965182.1_RagTag:1737866-1738443 -            179 33012at314147        -            249   7.9e-30  100.8  27.2   2   3   1.1e-07   2.3e-06   24.0   1.9   206   244    83   119    73   120 0.88 -
NW_025965182.1_RagTag:1737866-1738443 -            179 33012at314147        -            249   7.9e-30  100.8  27.2   3   3   3.8e-15   8.1e-14   48.4  11.7   162   239    97   170    96   178 0.92 -
NW_025965375.1_RagTag:160364-159888   -            159 33012at314147        -            249   2.6e-28   95.9  23.2   1   2   5.1e-14   1.1e-12   44.7   1.4   170   222    14    64     7    65 0.92 -
NW_025965375.1_RagTag:160364-159888   -            159 33012at314147        -            249   2.6e-28   95.9  23.2   2   2   5.5e-17   1.2e-15   54.4  15.7   163   247    63   143    63   144 0.95 -
NW_025965127.1_RagTag:122930-122601   -            110 33012at314147        -            249   1.4e-27   93.5  19.2   1   2   9.9e-22   2.1e-20   70.0   7.9   163   244     1    78     1    78 0.97 -
NW_025965127.1_RagTag:122930-122601   -            110 33012at314147        -            249   1.4e-27   93.5  19.2   2   2   3.9e-11   8.2e-10   35.3   3.4   161   215    55   108    54   110 0.92 -
NW_025965442.1_RagTag:53303-52854     -            150 33012at314147        -            249   2.8e-27   92.5  25.2   1   2   8.8e-12   1.9e-10   37.4   8.8   182   245    16    75     1    78 0.70 -
NW_025965442.1_RagTag:53303-52854     -            150 33012at314147        -            249   2.8e-27   92.5  25.2   2   2     5e-19   1.1e-17   61.1   8.4   159   236    77   150    74   150 0.95 -
contig_37853_pilon:1183-1722          -            180 33012at314147        -            249     2e-25   86.4  18.8   1   3      0.05       1.1    5.4   1.0   163   217     1    54     1    59 0.91 -
contig_37853_pilon:1183-1722          -            180 33012at314147        -            249     2e-25   86.4  18.8   2   3   3.2e-08   6.7e-07   25.7   0.5   165   222    60   115    54   116 0.92 -
contig_37853_pilon:1183-1722          -            180 33012at314147        -            249     2e-25   86.4  18.8   3   3   9.1e-21   1.9e-19   66.8   6.6   163   233   114   180   112   180 0.94 -
NW_025965279.1_RagTag:47883-47464     -            140 33012at314147        -            249   1.3e-24   83.8   9.7   1   3   4.8e-08     1e-06   25.1   0.1   174   221     5    50     1    51 0.91 -
NW_025965279.1_RagTag:47883-47464     -            140 33012at314147        -            249   1.3e-24   83.8   9.7   2   3     2e-11   4.2e-10   36.2   2.5   163   219    50   104    49   104 0.97 -
NW_025965279.1_RagTag:47883-47464     -            140 33012at314147        -            249   1.3e-24   83.8   9.7   3   3     3e-13   6.3e-12   42.2   1.7   161   218    76   131    76   135 0.95 -
contig_81532_pilon:2155-1715          -            147 33012at314147        -            249   4.7e-24   81.9  30.1   1   3   1.1e-07   2.2e-06   24.0   8.4   161   221     8    68     3    68 0.86 -
contig_81532_pilon:2155-1715          -            147 33012at314147        -            249   4.7e-24   81.9  30.1   2   3   7.8e-10   1.6e-08   31.0   5.5   158   192    63    97    49    98 0.84 -
contig_81532_pilon:2155-1715          -            147 33012at314147        -            249   4.7e-24   81.9  30.1   3   3   4.4e-13   9.2e-12   41.7   6.8   161   216    94   147    94   147 0.97 -
NW_025965341.1_RagTag:115130-190966   -            257 33012at314147        -            249   2.2e-22   76.5  26.5   1   3   2.9e-09   6.2e-08   29.1   3.1   182   243    11    68     8    70 0.93 -
NW_025965341.1_RagTag:115130-190966   -            257 33012at314147        -            249   2.2e-22   76.5  26.5   2   3   5.5e-13   1.2e-11   41.3  15.5   138   230    50   139    48   140 0.95 -
NW_025965341.1_RagTag:115130-190966   -            257 33012at314147        -            249   2.2e-22   76.5  26.5   3   3   6.6e-07   1.4e-05   21.4   0.6   138   183   134   180   133   186 0.81 -
contig_43715_pilon:891-1472           -            194 33012at314147        -            249   3.6e-22   75.8  23.2   1   3   1.3e-11   2.8e-10   36.8   2.3   165   222     8    63     2    64 0.95 -
contig_43715_pilon:891-1472           -            194 33012at314147        -            249   3.6e-22   75.8  23.2   2   3     4e-08   8.4e-07   25.4   3.6   163   201    62    98    60   103 0.94 -
contig_43715_pilon:891-1472           -            194 33012at314147        -            249   3.6e-22   75.8  23.2   3   3     1e-08   2.1e-07   27.4   3.0   155   207   138   188   129   193 0.81 -
NW_025965233.1_RagTag:197891-200283   -            273 33012at314147        -            249   4.6e-21   72.1  34.0   1   2     2e-10   4.3e-09   32.9  14.0   159   244   113   194   109   194 0.94 -
NW_025965233.1_RagTag:197891-200283   -            273 33012at314147        -            249   4.6e-21   72.1  34.0   2   2     6e-12   1.3e-10   37.9  11.7   157   213   219   273   206   273 0.87 -
NW_025965028.1_RagTag:362640-363958   -            372 33012at314147        -            249   6.6e-19   65.1  17.8   1   1   2.8e-17     6e-16   55.4   8.8   156   243   258   341   199   341 0.91 -
NW_025965193.1_RagTag:1082514-1080642 -            534 33012at314147        -            249   1.3e-16   57.6  20.3   1   3       1.2        25    0.9   0.6    98   179     6    86     1    97 0.59 -
NW_025965193.1_RagTag:1082514-1080642 -            534 33012at314147        -            249   1.3e-16   57.6  20.3   2   3   8.4e-10   1.8e-08   30.9   1.6   161   213   302   352   297   359 0.58 -
NW_025965193.1_RagTag:1082514-1080642 -            534 33012at314147        -            249   1.3e-16   57.6  20.3   3   3     4e-12   8.4e-11   38.5   1.0   163   210   488   533   472   534 0.93 -
NW_025965279.1_RagTag:90637-77786     -            324 33012at314147        -            249   2.7e-14   50.0  35.8   1   4      0.52        11    2.1   1.0   158   191    74   107    62   112 0.88 -
NW_025965279.1_RagTag:90637-77786     -            324 33012at314147        -            249   2.7e-14   50.0  35.8   2   4      0.08       1.7    4.8   0.2   168   218   141   189   136   214 0.84 -
NW_025965279.1_RagTag:90637-77786     -            324 33012at314147        -            249   2.7e-14   50.0  35.8   3   4   3.4e-09   7.3e-08   28.9  11.6   157   221   213   275   210   276 0.92 -
NW_025965279.1_RagTag:90637-77786     -            324 33012at314147        -            249   2.7e-14   50.0  35.8   4   4   3.1e-10   6.6e-09   32.3   4.3   161   208   273   318   270   321 0.92 -
contig_70752_pilon:1401-2117          -            239 33012at314147        -            249   2.1e-13   47.1   8.5   1   2     4e-11   8.5e-10   35.2   3.2   174   233     1    56     1    72 0.80 -
contig_70752_pilon:1401-2117          -            239 33012at314147        -            249   2.1e-13   47.1   8.5   2   2   5.5e-05    0.0012   15.1   0.2   177   203   201   225   174   239 0.81 -
NW_025965281.1_RagTag:529347-527455   -            631 33012at314147        -            249   2.4e-13   46.9  10.4   1   2   2.1e-05   0.00045   16.5   0.5   137   179   345   389   307   398 0.89 -
NW_025965281.1_RagTag:529347-527455   -            631 33012at314147        -            249   2.4e-13   46.9  10.4   2   2   1.3e-10   2.7e-09   33.6   3.9   154   239   453   534   443   544 0.85 -
NW_025965374.1_RagTag:84619-82388     -            744 33012at314147        -            249   2.2e-10   37.1  66.3   1   7   7.2e-09   1.5e-07   27.9   9.5   159   242     2    94     1    98 0.80 -
NW_025965374.1_RagTag:84619-82388     -            744 33012at314147        -            249   2.2e-10   37.1  66.3   2   7      0.26       5.4    3.1   6.2   157   244    69   156    56   161 0.77 -
NW_025965374.1_RagTag:84619-82388     -            744 33012at314147        -            249   2.2e-10   37.1  66.3   3   7      0.45       9.5    2.3   1.3   160   240   218   309   174   319 0.70 -
NW_025965374.1_RagTag:84619-82388     -            744 33012at314147        -            249   2.2e-10   37.1  66.3   4   7         2        42    0.2   0.4   158   180   324   346   286   352 0.69 -
NW_025965374.1_RagTag:84619-82388     -            744 33012at314147        -            249   2.2e-10   37.1  66.3   5   7   3.6e-05   0.00076   15.7   9.7   106   245   412   554   385   558 0.74 -
NW_025965374.1_RagTag:84619-82388     -            744 33012at314147        -            249   2.2e-10   37.1  66.3   6   7   2.6e-05   0.00054   16.2   4.5   159   241   500   580   495   585 0.85 -
NW_025965374.1_RagTag:84619-82388     -            744 33012at314147        -            249   2.2e-10   37.1  66.3   7   7   0.00034    0.0072   12.5  15.1   139   240   535   636   526   642 0.82 -
NW_025965324.1_RagTag:667631-665234   -            506 33012at314147        -            249   1.2e-09   34.7   4.6   1   1   1.3e-10   2.7e-09   33.6   4.6   163   210     1    46     1    50 0.86 -
NW_025965301.1_RagTag:127168-107747   -            226 33012at314147        -            249   6.7e-09   32.3   0.6   1   1   4.2e-10     9e-09   31.9   0.6   141   189   177   225   120   226 0.76 -
NW_025965297.1_RagTag:263516-264714   -            299 33012at314147        -            249   6.9e-08   29.0  16.4   1   2   6.5e-09   1.4e-07   28.0   6.7   163   239    74   146    70   153 0.80 -
NW_025965297.1_RagTag:263516-264714   -            299 33012at314147        -            249   6.9e-08   29.0  16.4   2   2     0.026      0.55    6.4   2.1   160   202   245   287   229   294 0.80 -
NW_025965300.1_RagTag:179035-179624   -            188 33012at314147        -            249   7.2e-08   28.9   0.9   1   1   4.1e-09   8.6e-08   28.7   0.9   141   209   121   187   100   188 0.75 -
NW_025965054.1_RagTag:37686-37276     -            137 33012at314147        -            249   9.5e-07   25.2   5.7   1   2         1        22    1.1   0.2   144   179    27    62     5    69 0.74 -
NW_025965054.1_RagTag:37686-37276     -            137 33012at314147        -            249   9.5e-07   25.2   5.7   2   2   4.5e-08   9.5e-07   25.2   5.7   125   183    80   137    60   137 0.51 -
NW_025965182.1_RagTag:1737338-1737856 -            173 33012at314147        -            249   3.3e-05   20.2   4.0   1   2       6.7   1.4e+02   -1.5   0.0   176   190    40    54    16    56 0.69 -
NW_025965182.1_RagTag:1737338-1737856 -            173 33012at314147        -            249   3.3e-05   20.2   4.0   2   2   4.2e-06   8.9e-05   18.8   2.1   121   187   103   171    82   173 0.56 -
NW_025965341.1_RagTag:108391-110706   -            772 33012at314147        -            249   0.00016   18.0  15.5   1   3     0.013      0.28    7.3   5.7   158   243    29   112    26   118 0.76 -
NW_025965341.1_RagTag:108391-110706   -            772 33012at314147        -            249   0.00016   18.0  15.5   2   3   0.00075     0.016   11.4   1.2   185   237   169   219   126   228 0.78 -
NW_025965341.1_RagTag:108391-110706   -            772 33012at314147        -            249   0.00016   18.0  15.5   3   3      0.54        11    2.0   0.0   162   184   708   730   675   735 0.90 -
NW_025965259.1_RagTag:166355-164907   -            483 33012at314147        -            249     0.032   10.4   6.5   1   1   0.00031    0.0066   12.6   2.3   185   247   411   469   404   474 0.82 -
#
# Program:         hmmsearch
# Version:         3.1b2 (February 2015)
# Pipeline mode:   SEARCH
# Query file:      /home/bgerda/guppy_SUP/busco_downloads/lineages/glires_odb10/hmms/33012at314147.hmm
# Target file:     /home/bgerda/guppy_SUP/busco_results_flye/run_glires_odb10/metaeuk_output/rerun_results/ragtag.scaffold.fasta.modified.fas
# Option settings: hmmsearch --domtblout /home/bgerda/guppy_SUP/busco_results_flye/run_glires_odb10/hmmer_output/rerun_results/33012at314147.out --cpu 1 /home/bgerda/guppy_SUP/busco_downloads/lineages/glires_odb10/hmms/33012at314147.hmm /home/bgerda/guppy_SUP/busco_results_flye/run_glires_odb10/metaeuk_output/rerun_results/ragtag.scaffold.fasta.modified.fas 
# Current dir:     /home/bgerda/guppy_SUP
# Date:            Sun May 21 17:47:56 2023
# [ok]
