#                                                                                             --- full sequence --- -------------- this domain -------------   hmm coord   ali coord   env coord
# target name                         accession   tlen query name           accession   qlen   E-value  score  bias   #  of  c-Evalue  i-Evalue  score  bias  from    to  from    to  from    to  acc description of target
#                 ------------------- ---------- ----- -------------------- ---------- ----- --------- ------ ----- --- --- --------- --------- ------ ----- ----- ----- ----- ----- ----- ----- ---- ---------------------
contig_18340_pilon:828-2186           -            453 34290at314147        -            207  5.5e-168  551.9 158.0   1  13   9.7e-20     2e-18   63.3   8.2    98   183     1    88     1    89 0.96 -
contig_18340_pilon:828-2186           -            453 34290at314147        -            207  5.5e-168  551.9 158.0   2  13   1.5e-16     3e-15   52.9   2.9   123   183    84   144    82   144 0.93 -
contig_18340_pilon:828-2186           -            453 34290at314147        -            207  5.5e-168  551.9 158.0   3  13   1.4e-19   2.9e-18   62.8   7.8   113   183   100   172   100   173 0.96 -
contig_18340_pilon:828-2186           -            453 34290at314147        -            207  5.5e-168  551.9 158.0   4  13   3.7e-16   7.5e-15   51.6   5.8   126   182   143   199   142   200 0.98 -
contig_18340_pilon:828-2186           -            453 34290at314147        -            207  5.5e-168  551.9 158.0   5  13   3.7e-17   7.5e-16   54.9   3.1   123   182   168   227   167   228 0.97 -
contig_18340_pilon:828-2186           -            453 34290at314147        -            207  5.5e-168  551.9 158.0   6  13   8.1e-17   1.7e-15   53.8   2.2   124   183   197   256   196   257 0.97 -
contig_18340_pilon:828-2186           -            453 34290at314147        -            207  5.5e-168  551.9 158.0   7  13   3.7e-17   7.6e-16   54.9   4.5   123   183   224   284   223   285 0.97 -
contig_18340_pilon:828-2186           -            453 34290at314147        -            207  5.5e-168  551.9 158.0   8  13   4.6e-17   9.5e-16   54.5   5.7   126   183   255   312   254   313 0.98 -
contig_18340_pilon:828-2186           -            453 34290at314147        -            207  5.5e-168  551.9 158.0   9  13   3.5e-17   7.2e-16   54.9   6.2   124   183   281   340   280   342 0.95 -
contig_18340_pilon:828-2186           -            453 34290at314147        -            207  5.5e-168  551.9 158.0  10  13   5.8e-17   1.2e-15   54.2   5.7   124   183   309   368   308   369 0.96 -
contig_18340_pilon:828-2186           -            453 34290at314147        -            207  5.5e-168  551.9 158.0  11  13   1.5e-16   3.1e-15   52.9   5.8   124   183   337   396   336   397 0.96 -
contig_18340_pilon:828-2186           -            453 34290at314147        -            207  5.5e-168  551.9 158.0  12  13   8.8e-18   1.8e-16   56.9   3.7   123   182   364   423   362   424 0.97 -
contig_18340_pilon:828-2186           -            453 34290at314147        -            207  5.5e-168  551.9 158.0  13  13     9e-16   1.8e-14   50.3   2.1   124   176   393   445   392   452 0.94 -
contig_52188_pilon:1550-468           -            361 34290at314147        -            207  5.8e-139  457.1 112.0   1  11   2.6e-16   5.4e-15   52.1   2.5   126   183     3    60     1    61 0.98 -
contig_52188_pilon:1550-468           -            361 34290at314147        -            207  5.8e-139  457.1 112.0   2  11   9.9e-17     2e-15   53.5   4.7   126   183    31    88    30    89 0.98 -
contig_52188_pilon:1550-468           -            361 34290at314147        -            207  5.8e-139  457.1 112.0   3  11   1.1e-17   2.3e-16   56.5   4.3   124   183    57   116    56   116 0.97 -
contig_52188_pilon:1550-468           -            361 34290at314147        -            207  5.8e-139  457.1 112.0   4  11   9.3e-18   1.9e-16   56.8   3.6   123   183    84   144    83   145 0.97 -
contig_52188_pilon:1550-468           -            361 34290at314147        -            207  5.8e-139  457.1 112.0   5  11   4.7e-13   9.6e-12   41.5   1.3   124   167   113   156   112   158 0.93 -
contig_52188_pilon:1550-468           -            361 34290at314147        -            207  5.8e-139  457.1 112.0   6  11   1.4e-19   2.9e-18   62.8   3.7   123   183   140   200   139   201 0.97 -
contig_52188_pilon:1550-468           -            361 34290at314147        -            207  5.8e-139  457.1 112.0   7  11   1.7e-18   3.5e-17   59.2   3.9   123   183   196   256   193   256 0.97 -
contig_52188_pilon:1550-468           -            361 34290at314147        -            207  5.8e-139  457.1 112.0   8  11   1.3e-16   2.7e-15   53.0   4.5   126   183   227   284   226   285 0.98 -
contig_52188_pilon:1550-468           -            361 34290at314147        -            207  5.8e-139  457.1 112.0   9  11   1.2e-16   2.5e-15   53.2   1.5   123   183   252   312   250   313 0.73 -
contig_52188_pilon:1550-468           -            361 34290at314147        -            207  5.8e-139  457.1 112.0  10  11     3e-17   6.2e-16   55.2   1.7   113   170   268   327   268   329 0.95 -
contig_52188_pilon:1550-468           -            361 34290at314147        -            207  5.8e-139  457.1 112.0  11  11   1.1e-14   2.3e-13   46.7   3.3   126   175   311   360   311   361 0.98 -
contig_36320_pilon:1033-1992          -            320 34290at314147        -            207  1.4e-107  354.5  90.0   1   9   1.6e-13   3.2e-12   43.0   2.4   139   183     3    47     1    48 0.97 -
contig_36320_pilon:1033-1992          -            320 34290at314147        -            207  1.4e-107  354.5  90.0   2   9   1.6e-18   3.2e-17   59.3   5.5   123   183    43   103    42   104 0.97 -
contig_36320_pilon:1033-1992          -            320 34290at314147        -            207  1.4e-107  354.5  90.0   3   9   2.3e-17   4.7e-16   55.5   3.7   123   183    99   159    98   159 0.97 -
contig_36320_pilon:1033-1992          -            320 34290at314147        -            207  1.4e-107  354.5  90.0   4   9   3.7e-16   7.6e-15   51.6   5.3   126   183   130   187   130   188 0.98 -
contig_36320_pilon:1033-1992          -            320 34290at314147        -            207  1.4e-107  354.5  90.0   5   9   4.8e-17   9.8e-16   54.5   3.0   124   183   156   215   155   215 0.97 -
contig_36320_pilon:1033-1992          -            320 34290at314147        -            207  1.4e-107  354.5  90.0   6   9   3.4e-19     7e-18   61.5   2.2   123   183   183   243   181   243 0.97 -
contig_36320_pilon:1033-1992          -            320 34290at314147        -            207  1.4e-107  354.5  90.0   7   9   5.1e-13   1.1e-11   41.3   1.5   139   183   227   271   226   272 0.96 -
contig_36320_pilon:1033-1992          -            320 34290at314147        -            207  1.4e-107  354.5  90.0   8   9   3.1e-13   6.4e-12   42.0   1.5   123   168   239   284   237   285 0.95 -
contig_36320_pilon:1033-1992          -            320 34290at314147        -            207  1.4e-107  354.5  90.0   9   9   6.1e-16   1.3e-14   50.9   3.3   123   175   267   319   265   320 0.94 -
contig_18339_pilon:77-1480            -            468 34290at314147        -            207   4.3e-89  294.1  63.8   1   6   9.7e-13     2e-11   40.4   1.4   130   183     1    54     1    55 0.93 -
contig_18339_pilon:77-1480            -            468 34290at314147        -            207   4.3e-89  294.1  63.8   2   6   1.5e-19   3.1e-18   62.7   5.6   123   190    50   118    48   125 0.94 -
contig_18339_pilon:77-1480            -            468 34290at314147        -            207   4.3e-89  294.1  63.8   3   6   2.1e-20   4.4e-19   65.4   6.8   105   183   227   307   217   308 0.91 -
contig_18339_pilon:77-1480            -            468 34290at314147        -            207   4.3e-89  294.1  63.8   4   6   6.8e-19   1.4e-17   60.5   5.6   123   183   303   363   302   364 0.97 -
contig_18339_pilon:77-1480            -            468 34290at314147        -            207   4.3e-89  294.1  63.8   5   6     1e-16   2.1e-15   53.4   5.9   123   183   359   419   358   421 0.96 -
contig_18339_pilon:77-1480            -            468 34290at314147        -            207   4.3e-89  294.1  63.8   6   6   2.9e-16   5.9e-15   52.0   2.7   123   175   415   467   412   468 0.96 -
NW_025965432.1_RagTag:538045-539154   -            370 34290at314147        -            207   3.7e-85  281.3  99.4   1   9   2.9e-13     6e-12   42.1   7.1   144   199     2    58     1    64 0.94 -
NW_025965432.1_RagTag:538045-539154   -            370 34290at314147        -            207   3.7e-85  281.3  99.4   2   9   3.9e-10     8e-09   31.9   4.5   126   174    40    88    39    88 0.96 -
NW_025965432.1_RagTag:538045-539154   -            370 34290at314147        -            207   3.7e-85  281.3  99.4   3   9   3.5e-18   7.2e-17   58.2   9.1   121   198    63   141    58   142 0.94 -
NW_025965432.1_RagTag:538045-539154   -            370 34290at314147        -            207   3.7e-85  281.3  99.4   4   9   2.1e-14   4.2e-13   45.9   2.1   116   170   112   168   111   169 0.91 -
NW_025965432.1_RagTag:538045-539154   -            370 34290at314147        -            207   3.7e-85  281.3  99.4   5   9   1.2e-14   2.5e-13   46.7   2.9   123   182   149   208   149   209 0.95 -
NW_025965432.1_RagTag:538045-539154   -            370 34290at314147        -            207   3.7e-85  281.3  99.4   6   9   2.7e-14   5.5e-13   45.5   3.4   113   174   193   256   192   256 0.94 -
NW_025965432.1_RagTag:538045-539154   -            370 34290at314147        -            207   3.7e-85  281.3  99.4   7   9   1.1e-13   2.2e-12   43.6   7.2   126   183   236   293   236   295 0.97 -
NW_025965432.1_RagTag:538045-539154   -            370 34290at314147        -            207   3.7e-85  281.3  99.4   8   9   7.3e-15   1.5e-13   47.4   0.5   123   171   289   337   289   339 0.94 -
NW_025965432.1_RagTag:538045-539154   -            370 34290at314147        -            207   3.7e-85  281.3  99.4   9   9   2.1e-08   4.2e-07   26.3   1.6   139   175   333   369   332   370 0.92 -
NW_025965271.1_RagTag:559002-644971   -            204 34290at314147        -            207   1.2e-75  250.2  58.8   1   6   6.4e-16   1.3e-14   50.8   1.9   128   183     2    57     1    58 0.97 -
NW_025965271.1_RagTag:559002-644971   -            204 34290at314147        -            207   1.2e-75  250.2  58.8   2   6   6.8e-16   1.4e-14   50.7   5.2   126   183    28    85    28    86 0.98 -
NW_025965271.1_RagTag:559002-644971   -            204 34290at314147        -            207   1.2e-75  250.2  58.8   3   6   2.6e-17   5.4e-16   55.3   3.5   123   183    53   113    52   113 0.97 -
NW_025965271.1_RagTag:559002-644971   -            204 34290at314147        -            207   1.2e-75  250.2  58.8   4   6   8.2e-18   1.7e-16   57.0   3.4   126   182    84   140    83   140 0.99 -
NW_025965271.1_RagTag:559002-644971   -            204 34290at314147        -            207   1.2e-75  250.2  58.8   5   6   2.1e-18   4.3e-17   58.9   4.5   124   183   110   169   109   170 0.97 -
NW_025965271.1_RagTag:559002-644971   -            204 34290at314147        -            207   1.2e-75  250.2  58.8   6   6   1.2e-12   2.5e-11   40.1   1.7   123   162   165   204   164   204 0.96 -
contig_83186_pilon:3097-2462          -            212 34290at314147        -            207   3.7e-75  248.6  69.8   1   6   8.3e-17   1.7e-15   53.7   6.3   123   183     5    65     1    65 0.96 -
contig_83186_pilon:3097-2462          -            212 34290at314147        -            207   3.7e-75  248.6  69.8   2   6   1.4e-16   2.8e-15   53.0   6.6   124   183    34    93    33    93 0.97 -
contig_83186_pilon:3097-2462          -            212 34290at314147        -            207   3.7e-75  248.6  69.8   3   6     8e-18   1.6e-16   57.0   5.8   124   183    62   121    61   122 0.96 -
contig_83186_pilon:3097-2462          -            212 34290at314147        -            207   3.7e-75  248.6  69.8   4   6   2.2e-17   4.6e-16   55.6   5.0   126   183    92   149    92   150 0.98 -
contig_83186_pilon:3097-2462          -            212 34290at314147        -            207   3.7e-75  248.6  69.8   5   6   2.4e-17   4.8e-16   55.5   4.7   124   183   118   177   117   179 0.95 -
contig_83186_pilon:3097-2462          -            212 34290at314147        -            207   3.7e-75  248.6  69.8   6   6   7.1e-12   1.4e-10   37.6   2.0   124   162   174   212   173   212 0.96 -
contig_10836_pilon:33-731             -            233 34290at314147        -            207   1.7e-68  226.9  65.7   1   6   4.6e-17   9.4e-16   54.6   5.5   122   188     9    76     2    77 0.94 -
contig_10836_pilon:33-731             -            233 34290at314147        -            207   1.7e-68  226.9  65.7   2   6   8.5e-19   1.7e-17   60.2   9.0   110   197    51   141    50   141 0.93 -
contig_10836_pilon:33-731             -            233 34290at314147        -            207   1.7e-68  226.9  65.7   3   6   5.1e-10   1.1e-08   31.5   1.0   140   183   111   154   110   155 0.94 -
contig_10836_pilon:33-731             -            233 34290at314147        -            207   1.7e-68  226.9  65.7   4   6   8.7e-15   1.8e-13   47.1   4.3   124   183   123   182   122   183 0.96 -
contig_10836_pilon:33-731             -            233 34290at314147        -            207   1.7e-68  226.9  65.7   5   6     3e-15     6e-14   48.6   2.3   124   170   151   197   150   197 0.95 -
contig_10836_pilon:33-731             -            233 34290at314147        -            207   1.7e-68  226.9  65.7   6   6   3.6e-15   7.4e-14   48.4   5.1   124   175   179   230   178   233 0.93 -
NW_025965328.1_RagTag:1309-710        -            200 34290at314147        -            207   5.6e-67  221.9  50.8   1   5   4.4e-16     9e-15   51.3   5.8   120   183     5    68     1    69 0.93 -
NW_025965328.1_RagTag:1309-710        -            200 34290at314147        -            207   5.6e-67  221.9  50.8   2   5   1.9e-17     4e-16   55.8   4.8   126   183    39    96    39    97 0.98 -
NW_025965328.1_RagTag:1309-710        -            200 34290at314147        -            207   5.6e-67  221.9  50.8   3   5   4.5e-15   9.2e-14   48.1   2.0   124   170    65   111    64   112 0.96 -
NW_025965328.1_RagTag:1309-710        -            200 34290at314147        -            207   5.6e-67  221.9  50.8   4   5   2.2e-21   4.5e-20   68.7   6.0   124   192    93   162    92   162 0.96 -
NW_025965328.1_RagTag:1309-710        -            200 34290at314147        -            207   5.6e-67  221.9  50.8   5   5   4.6e-15   9.4e-14   48.0   1.4   123   174   148   199   147   200 0.95 -
NW_025965071.1_RagTag:3330-4808       -            493 34290at314147        -            207   2.1e-66  220.0  57.1   1   8   1.2e-07   2.5e-06   23.7   4.7    96   198    21   126     9   134 0.73 -
NW_025965071.1_RagTag:3330-4808       -            493 34290at314147        -            207   2.1e-66  220.0  57.1   2   8   5.3e-06   0.00011   18.4   0.1   128   197    83   153    81   153 0.90 -
NW_025965071.1_RagTag:3330-4808       -            493 34290at314147        -            207   2.1e-66  220.0  57.1   3   8   4.7e-12   9.6e-11   38.2   2.5   127   183   138   194   130   195 0.94 -
NW_025965071.1_RagTag:3330-4808       -            493 34290at314147        -            207   2.1e-66  220.0  57.1   4   8   1.5e-12     3e-11   39.8   1.5   126   183   193   250   192   251 0.96 -
NW_025965071.1_RagTag:3330-4808       -            493 34290at314147        -            207   2.1e-66  220.0  57.1   5   8   1.6e-17   3.2e-16   56.1   1.8   123   198   246   322   246   323 0.96 -
NW_025965071.1_RagTag:3330-4808       -            493 34290at314147        -            207   2.1e-66  220.0  57.1   6   8   2.3e-12   4.7e-11   39.2   1.5   123   183   302   362   301   363 0.97 -
NW_025965071.1_RagTag:3330-4808       -            493 34290at314147        -            207   2.1e-66  220.0  57.1   7   8     7e-14   1.4e-12   44.2   2.0   118   183   351   418   349   419 0.91 -
NW_025965071.1_RagTag:3330-4808       -            493 34290at314147        -            207   2.1e-66  220.0  57.1   8   8   3.8e-14   7.9e-13   45.0   5.0   117   198   408   490   407   493 0.93 -
contig_43715_pilon:47-619             -            191 34290at314147        -            207   7.3e-64  211.7  50.1   1   5   6.4e-17   1.3e-15   54.1   3.3   123   183     4    64     2    64 0.96 -
contig_43715_pilon:47-619             -            191 34290at314147        -            207   7.3e-64  211.7  50.1   2   5   1.3e-16   2.6e-15   53.1   5.3   126   183    35    92    33    93 0.98 -
contig_43715_pilon:47-619             -            191 34290at314147        -            207   7.3e-64  211.7  50.1   3   5   1.1e-15   2.3e-14   50.0   5.0   124   183    61   120    60   121 0.96 -
contig_43715_pilon:47-619             -            191 34290at314147        -            207   7.3e-64  211.7  50.1   4   5   2.7e-17   5.6e-16   55.3   5.0   116   183    79   148    78   149 0.95 -
contig_43715_pilon:47-619             -            191 34290at314147        -            207   7.3e-64  211.7  50.1   5   5   2.7e-15   5.6e-14   48.8   0.9   124   170   145   191   144   191 0.95 -
NW_025965207.1_RagTag:11562-10675     -            296 34290at314147        -            207   2.2e-61  203.6  79.4   1   7     4e-10   8.1e-09   31.9   8.0   126   182     7    62     3    63 0.94 -
NW_025965207.1_RagTag:11562-10675     -            296 34290at314147        -            207   2.2e-61  203.6  79.4   2   7   3.4e-10     7e-09   32.1   0.6   139   170    47    78    46    79 0.96 -
NW_025965207.1_RagTag:11562-10675     -            296 34290at314147        -            207   2.2e-61  203.6  79.4   3   7   2.2e-17   4.5e-16   55.6  10.7   124   190    60   127    59   139 0.88 -
NW_025965207.1_RagTag:11562-10675     -            296 34290at314147        -            207   2.2e-61  203.6  79.4   4   7   2.6e-08   5.2e-07   26.0   5.7   129   182   121   173   119   176 0.88 -
NW_025965207.1_RagTag:11562-10675     -            296 34290at314147        -            207   2.2e-61  203.6  79.4   5   7   1.3e-18   2.6e-17   59.7   5.6   100   170   145   217   145   220 0.94 -
NW_025965207.1_RagTag:11562-10675     -            296 34290at314147        -            207   2.2e-61  203.6  79.4   6   7   6.4e-13   1.3e-11   41.0   0.7   139   183   214   258   214   259 0.95 -
NW_025965207.1_RagTag:11562-10675     -            296 34290at314147        -            207   2.2e-61  203.6  79.4   7   7   7.3e-11   1.5e-09   34.3   3.3   124   162   255   293   254   296 0.94 -
NW_025965250.1_RagTag:54855-54238     -            206 34290at314147        -            207   8.1e-60  198.5  37.2   1   6   2.6e-11   5.4e-10   35.7   0.3   142   182     2    42     1    44 0.97 -
NW_025965250.1_RagTag:54855-54238     -            206 34290at314147        -            207   8.1e-60  198.5  37.2   2   6   5.5e-16   1.1e-14   51.0   1.4   126   183    42    99    41    99 0.98 -
NW_025965250.1_RagTag:54855-54238     -            206 34290at314147        -            207   8.1e-60  198.5  37.2   3   6   1.7e-16   3.5e-15   52.7   1.2   126   183    70   127    69   128 0.98 -
NW_025965250.1_RagTag:54855-54238     -            206 34290at314147        -            207   8.1e-60  198.5  37.2   4   6   2.9e-11     6e-10   35.6   0.4   126   166    98   138    97   139 0.94 -
NW_025965250.1_RagTag:54855-54238     -            206 34290at314147        -            207   8.1e-60  198.5  37.2   5   6   8.8e-17   1.8e-15   53.6   3.7   123   183   123   183   120   184 0.96 -
NW_025965250.1_RagTag:54855-54238     -            206 34290at314147        -            207   8.1e-60  198.5  37.2   6   6     1e-07   2.1e-06   24.0   0.1   116   150   172   206   171   206 0.72 -
NW_025965250.1_RagTag:250628-249804   -            275 34290at314147        -            207   1.8e-59  197.4  65.4   1   6     1e-16   2.1e-15   53.4   4.6   123   192     2    72     1    74 0.94 -
NW_025965250.1_RagTag:250628-249804   -            275 34290at314147        -            207   1.8e-59  197.4  65.4   2   6   4.1e-14   8.5e-13   44.9   4.6   124   183    59   118    58   119 0.96 -
NW_025965250.1_RagTag:250628-249804   -            275 34290at314147        -            207   1.8e-59  197.4  65.4   3   6   2.3e-08   4.6e-07   26.2   4.3   129   170    92   133    91   135 0.95 -
NW_025965250.1_RagTag:250628-249804   -            275 34290at314147        -            207   1.8e-59  197.4  65.4   4   6   7.9e-16   1.6e-14   50.5   8.7   124   198   115   190   114   190 0.95 -
NW_025965250.1_RagTag:250628-249804   -            275 34290at314147        -            207   1.8e-59  197.4  65.4   5   6   2.7e-14   5.5e-13   45.5   4.4   123   184   170   231   168   232 0.96 -
NW_025965250.1_RagTag:250628-249804   -            275 34290at314147        -            207   1.8e-59  197.4  65.4   6   6   5.8e-13   1.2e-11   41.2   0.6   123   171   226   274   225   275 0.96 -
contig_43334_pilon:1190-1762          -            191 34290at314147        -            207   2.6e-57  190.3  39.8   1   5   6.4e-10   1.3e-08   31.2   0.7   137   170    21    54     7    55 0.89 -
contig_43334_pilon:1190-1762          -            191 34290at314147        -            207   2.6e-57  190.3  39.8   2   5   7.9e-18   1.6e-16   57.1   4.6   126   183    38    95    37    96 0.98 -
contig_43334_pilon:1190-1762          -            191 34290at314147        -            207   2.6e-57  190.3  39.8   3   5   7.7e-16   1.6e-14   50.6   2.5   129   183    69   123    69   124 0.98 -
contig_43334_pilon:1190-1762          -            191 34290at314147        -            207   2.6e-57  190.3  39.8   4   5   3.3e-18   6.8e-17   58.3   1.6   124   183    92   151    91   152 0.96 -
contig_43334_pilon:1190-1762          -            191 34290at314147        -            207   2.6e-57  190.3  39.8   5   5   5.9e-13   1.2e-11   41.1   1.4   124   167   148   191   147   191 0.94 -
NW_025965071.1_RagTag:28229-29119     -            297 34290at314147        -            207   1.6e-56  187.7  76.3   1   6   9.6e-17     2e-15   53.5  11.1   100   193     1    97     1   102 0.92 -
NW_025965071.1_RagTag:28229-29119     -            297 34290at314147        -            207   1.6e-56  187.7  76.3   2   6   5.3e-13   1.1e-11   41.3   6.9   117   197    48   129    47   130 0.92 -
NW_025965071.1_RagTag:28229-29119     -            297 34290at314147        -            207   1.6e-56  187.7  76.3   3   6   2.1e-13   4.4e-12   42.6   4.6   123   198    82   158    80   158 0.96 -
NW_025965071.1_RagTag:28229-29119     -            297 34290at314147        -            207   1.6e-56  187.7  76.3   4   6   3.3e-12   6.7e-11   38.7   3.8   123   182   138   197   136   199 0.96 -
NW_025965071.1_RagTag:28229-29119     -            297 34290at314147        -            207   1.6e-56  187.7  76.3   5   6   2.8e-17   5.8e-16   55.2   9.7   117   198   188   270   187   271 0.95 -
NW_025965071.1_RagTag:28229-29119     -            297 34290at314147        -            207   1.6e-56  187.7  76.3   6   6   3.7e-07   7.6e-06   22.2   1.2   123   168   250   295   250   297 0.90 -
NW_025965182.1_RagTag:1756006-1757067 -            354 34290at314147        -            207   8.4e-56  185.4  44.2   1   6   3.4e-09     7e-08   28.8   0.3   129   194     1    67     1    70 0.82 -
NW_025965182.1_RagTag:1756006-1757067 -            354 34290at314147        -            207   8.4e-56  185.4  44.2   2   6   9.9e-10     2e-08   30.6   0.5   127   183    55   111    47   112 0.91 -
NW_025965182.1_RagTag:1756006-1757067 -            354 34290at314147        -            207   8.4e-56  185.4  44.2   3   6   9.3e-15   1.9e-13   47.0   7.0   114   198    70   155    64   163 0.91 -
NW_025965182.1_RagTag:1756006-1757067 -            354 34290at314147        -            207   8.4e-56  185.4  44.2   4   6   2.2e-16   4.5e-15   52.3   7.2   117   198   157   239   154   245 0.90 -
NW_025965182.1_RagTag:1756006-1757067 -            354 34290at314147        -            207   8.4e-56  185.4  44.2   5   6   5.3e-15   1.1e-13   47.8   7.3    98   183   220   307   218   307 0.88 -
NW_025965182.1_RagTag:1756006-1757067 -            354 34290at314147        -            207   8.4e-56  185.4  44.2   6   6   3.9e-11   7.9e-10   35.2   3.2   118   173   298   353   296   354 0.93 -
NW_025965230.1_RagTag:919891-919364   -            176 34290at314147        -            207   1.9e-53  177.7  45.7   1   4   4.3e-17   8.9e-16   54.6   6.1   121   198    17    95     4    95 0.90 -
NW_025965230.1_RagTag:919891-919364   -            176 34290at314147        -            207   1.9e-53  177.7  45.7   2   4   3.5e-18   7.2e-17   58.2   4.8   126   197    50   122    48   123 0.97 -
NW_025965230.1_RagTag:919891-919364   -            176 34290at314147        -            207   1.9e-53  177.7  45.7   3   4   1.3e-14   2.7e-13   46.5   5.8   129   197    81   150    81   150 0.93 -
NW_025965230.1_RagTag:919891-919364   -            176 34290at314147        -            207   1.9e-53  177.7  45.7   4   4   1.6e-17   3.2e-16   56.1   5.1   123   194   103   175   101   176 0.95 -
contig_33351_pilon:20-586             -            189 34290at314147        -            207   1.8e-52  174.5  35.1   1   4   5.3e-17   1.1e-15   54.4   3.4   126   183     1    58     1    59 0.98 -
contig_33351_pilon:20-586             -            189 34290at314147        -            207   1.8e-52  174.5  35.1   2   4   9.1e-20   1.9e-18   63.4   5.5   123   192    54   124    54   125 0.96 -
contig_33351_pilon:20-586             -            189 34290at314147        -            207   1.8e-52  174.5  35.1   3   4   4.3e-15   8.7e-14   48.1   1.4   124   170   111   157   110   157 0.96 -
contig_33351_pilon:20-586             -            189 34290at314147        -            207   1.8e-52  174.5  35.1   4   4   2.7e-14   5.5e-13   45.5   2.0   126   174   141   189   141   189 0.97 -
NW_025965341.1_RagTag:10137-11147     -            337 34290at314147        -            207   1.1e-51  172.0  60.6   1   6   9.4e-11   1.9e-09   33.9   6.8   124   198     2    77     1    78 0.87 -
NW_025965341.1_RagTag:10137-11147     -            337 34290at314147        -            207   1.1e-51  172.0  60.6   2   6   8.8e-08   1.8e-06   24.2   2.5   126   175    60   109    60   112 0.95 -
NW_025965341.1_RagTag:10137-11147     -            337 34290at314147        -            207   1.1e-51  172.0  60.6   3   6   1.4e-11   2.9e-10   36.6   3.3   121   182    83   144    77   144 0.93 -
NW_025965341.1_RagTag:10137-11147     -            337 34290at314147        -            207   1.1e-51  172.0  60.6   4   6   4.2e-15   8.6e-14   48.2   5.4   115   191   103   182   100   198 0.90 -
NW_025965341.1_RagTag:10137-11147     -            337 34290at314147        -            207   1.1e-51  172.0  60.6   5   6     2e-12   4.1e-11   39.4   0.9   123   182   198   257   188   259 0.95 -
NW_025965341.1_RagTag:10137-11147     -            337 34290at314147        -            207   1.1e-51  172.0  60.6   6   6   2.2e-17   4.6e-16   55.6   3.4   123   199   254   331   253   332 0.95 -
contig_10031_pilon:821-222            -            200 34290at314147        -            207   5.4e-51  169.7  49.7   1   5   1.1e-09   2.2e-08   30.5   3.2   144   182     1    39     1    40 0.97 -
contig_10031_pilon:821-222            -            200 34290at314147        -            207   5.4e-51  169.7  49.7   2   5   8.1e-15   1.7e-13   47.2   4.2   139   198    24    84    23    86 0.94 -
contig_10031_pilon:821-222            -            200 34290at314147        -            207   5.4e-51  169.7  49.7   3   5   2.3e-12   4.7e-11   39.2   3.5   124   182    65   123    64   123 0.96 -
contig_10031_pilon:821-222            -            200 34290at314147        -            207   5.4e-51  169.7  49.7   4   5   8.4e-18   1.7e-16   57.0   4.6   113   183    80   152    78   153 0.94 -
contig_10031_pilon:821-222            -            200 34290at314147        -            207   5.4e-51  169.7  49.7   5   5   1.5e-14   3.1e-13   46.3   2.9   123   174   148   199   145   200 0.94 -
NW_025965235.1_RagTag:119535-118921   -            205 34290at314147        -            207   1.6e-48  161.6  28.8   1   3     9e-20   1.8e-18   63.4   2.1   122   183     9    70     1    71 0.92 -
NW_025965235.1_RagTag:119535-118921   -            205 34290at314147        -            207   1.6e-48  161.6  28.8   2   3   4.2e-17   8.6e-16   54.7   2.3   123   183    66   126    64   127 0.96 -
NW_025965235.1_RagTag:119535-118921   -            205 34290at314147        -            207   1.6e-48  161.6  28.8   3   3   5.8e-19   1.2e-17   60.8  10.6    96   175   121   202   121   205 0.95 -
contig_28105_pilon:1448-873           -            192 34290at314147        -            207   7.1e-48  159.5  40.0   1   4   1.3e-13   2.6e-12   43.3   6.2   123   197     4    79     1    79 0.94 -
contig_28105_pilon:1448-873           -            192 34290at314147        -            207   7.1e-48  159.5  40.0   2   4   1.3e-13   2.6e-12   43.3   2.7   123   182    60   119    58   121 0.96 -
contig_28105_pilon:1448-873           -            192 34290at314147        -            207   7.1e-48  159.5  40.0   3   4   6.1e-14   1.3e-12   44.4   1.6   123   172    88   137    86   138 0.94 -
contig_28105_pilon:1448-873           -            192 34290at314147        -            207   7.1e-48  159.5  40.0   4   4   1.6e-20   3.3e-19   65.8   6.3   123   198   116   192   115   192 0.97 -
NW_025965250.1_RagTag:8956-9588       -            211 34290at314147        -            207   4.8e-47  156.8  35.6   1   4   2.9e-10   5.9e-09   32.4   0.8   136   182     2    48     1    48 0.95 -
NW_025965250.1_RagTag:8956-9588       -            211 34290at314147        -            207   4.8e-47  156.8  35.6   2   4   3.4e-12     7e-11   38.6   2.2   109   157    29    79    27    79 0.93 -
NW_025965250.1_RagTag:8956-9588       -            211 34290at314147        -            207   4.8e-47  156.8  35.6   3   4   4.5e-19   9.1e-18   61.1   4.3   124   196    74   147    73   148 0.92 -
NW_025965250.1_RagTag:8956-9588       -            211 34290at314147        -            207   4.8e-47  156.8  35.6   4   4   3.2e-19   6.6e-18   61.6   6.0    92   175   124   209   122   211 0.93 -
NW_025965341.1_RagTag:104619-49768    -            298 34290at314147        -            207   1.3e-43  145.6  33.3   1   5   4.3e-14   8.7e-13   44.9   1.4   123   182    25    84     7    85 0.88 -
NW_025965341.1_RagTag:104619-49768    -            298 34290at314147        -            207   1.3e-43  145.6  33.3   2   5     2e-14   4.2e-13   45.9   4.3   116   183    72   141    71   142 0.94 -
NW_025965341.1_RagTag:104619-49768    -            298 34290at314147        -            207   1.3e-43  145.6  33.3   3   5   1.7e-05   0.00035   16.8   1.1   125   174   139   188   136   192 0.89 -
NW_025965341.1_RagTag:104619-49768    -            298 34290at314147        -            207   1.3e-43  145.6  33.3   4   5   1.3e-13   2.6e-12   43.3   2.2   121   182   191   252   183   254 0.92 -
NW_025965341.1_RagTag:104619-49768    -            298 34290at314147        -            207   1.3e-43  145.6  33.3   5   5   1.9e-08   3.9e-07   26.4   1.6   123   170   249   296   248   298 0.83 -
contig_53583_pilon:2130-1585          -            182 34290at314147        -            207   5.9e-43  143.4  27.0   1   4   9.6e-16     2e-14   50.2   3.1   126   182     1    57     1    59 0.98 -
contig_53583_pilon:2130-1585          -            182 34290at314147        -            207   5.9e-43  143.4  27.0   2   4   3.3e-11   6.8e-10   35.4   2.7   123   170    54   101    52   102 0.95 -
contig_53583_pilon:2130-1585          -            182 34290at314147        -            207   5.9e-43  143.4  27.0   3   4   2.9e-16   5.9e-15   51.9   5.3   123   183    82   142    81   143 0.96 -
contig_53583_pilon:2130-1585          -            182 34290at314147        -            207   5.9e-43  143.4  27.0   4   4   1.9e-12   3.9e-11   39.5   0.6   123   166   138   181   137   182 0.93 -
NW_025965436.1_RagTag:1629-778        -            284 34290at314147        -            207   1.2e-42  142.4  56.5   1   5   2.1e-05   0.00043   16.5   0.7   148   183     1    36     1    37 0.97 -
NW_025965436.1_RagTag:1629-778        -            284 34290at314147        -            207   1.2e-42  142.4  56.5   2   5   3.8e-09   7.8e-08   28.7   3.3   126   170    35    79    33    81 0.95 -
NW_025965436.1_RagTag:1629-778        -            284 34290at314147        -            207   1.2e-42  142.4  56.5   3   5   1.9e-11   3.9e-10   36.2  11.3   126   197    63   135    63   144 0.91 -
NW_025965436.1_RagTag:1629-778        -            284 34290at314147        -            207   1.2e-42  142.4  56.5   4   5     2e-16   4.1e-15   52.5  17.0    96   198   115   220   114   220 0.92 -
NW_025965436.1_RagTag:1629-778        -            284 34290at314147        -            207   1.2e-42  142.4  56.5   5   5   4.8e-14   9.7e-13   44.7  12.7   123   200   200   278   200   284 0.93 -
NW_025965215.1_RagTag:23669-22371     -            433 34290at314147        -            207   1.2e-41  139.2  25.9   1   3   7.2e-22   1.5e-20   70.3   5.2   125   200   245   320   236   326 0.95 -
NW_025965215.1_RagTag:23669-22371     -            433 34290at314147        -            207   1.2e-41  139.2  25.9   2   3   2.6e-14   5.3e-13   45.6   1.8   121   183   324   386   319   387 0.93 -
NW_025965215.1_RagTag:23669-22371     -            433 34290at314147        -            207   1.2e-41  139.2  25.9   3   3   5.5e-12   1.1e-10   38.0   4.6   123   174   382   433   382   433 0.95 -
NW_025965289.1_RagTag:81495-82190     -            232 34290at314147        -            207   2.2e-41  138.3  47.3   1   4   2.4e-18   4.9e-17   58.8  10.1   122   197    42   118    24   119 0.94 -
NW_025965289.1_RagTag:81495-82190     -            232 34290at314147        -            207   2.2e-41  138.3  47.3   2   4   2.1e-14   4.4e-13   45.8   4.8   126   182   102   158   102   159 0.98 -
NW_025965289.1_RagTag:81495-82190     -            232 34290at314147        -            207   2.2e-41  138.3  47.3   3   4   6.1e-12   1.2e-10   37.8   4.5   142   197   146   202   146   203 0.77 -
NW_025965289.1_RagTag:81495-82190     -            232 34290at314147        -            207   2.2e-41  138.3  47.3   4   4   5.5e-11   1.1e-09   34.7   4.1   123   170   183   230   179   232 0.95 -
NW_025965375.1_RagTag:160364-159888   -            159 34290at314147        -            207   2.3e-41  138.2  31.4   1   3   6.6e-12   1.4e-10   37.7   0.4   139   183    20    64     4    65 0.83 -
NW_025965375.1_RagTag:160364-159888   -            159 34290at314147        -            207   2.3e-41  138.2  31.4   2   3   4.3e-23   8.7e-22   74.3  10.0   113   198    48   136    47   137 0.96 -
NW_025965375.1_RagTag:160364-159888   -            159 34290at314147        -            207   2.3e-41  138.2  31.4   3   3   1.9e-15   3.9e-14   49.3   6.9   123   185    88   150    86   158 0.92 -
NW_025965341.1_RagTag:133798-133214   -            195 34290at314147        -            207   8.7e-41  136.3  27.9   1   4   9.5e-13   1.9e-11   40.5   2.2   117   170     4    57     1    57 0.88 -
NW_025965341.1_RagTag:133798-133214   -            195 34290at314147        -            207   8.7e-41  136.3  27.9   2   4   6.5e-16   1.3e-14   50.8   2.8   124   183    39    98    38    99 0.97 -
NW_025965341.1_RagTag:133798-133214   -            195 34290at314147        -            207   8.7e-41  136.3  27.9   3   4   1.4e-14   2.9e-13   46.4   2.0   124   182    95   153    94   155 0.96 -
NW_025965341.1_RagTag:133798-133214   -            195 34290at314147        -            207   8.7e-41  136.3  27.9   4   4   4.2e-11   8.6e-10   35.1   4.7   117   167   142   194   140   195 0.87 -
NW_025965317.1_RagTag:1474848-1474279 -            190 34290at314147        -            207     4e-40  134.2  34.1   1   3   1.2e-17   2.4e-16   56.5   3.4   126   198     3    76     1    77 0.97 -
NW_025965317.1_RagTag:1474848-1474279 -            190 34290at314147        -            207     4e-40  134.2  34.1   2   3   4.2e-15   8.5e-14   48.2   5.9   123   198    56   132    55   132 0.94 -
NW_025965317.1_RagTag:1474848-1474279 -            190 34290at314147        -            207     4e-40  134.2  34.1   3   3   3.9e-17   7.9e-16   54.8   9.0   116   198   103   188   102   190 0.91 -
NW_025965127.1_RagTag:122616-122107   -            170 34290at314147        -            207   7.3e-40  133.3  16.9   1   3   2.3e-17   4.8e-16   55.5   1.6   122   182     6    66     2    67 0.96 -
NW_025965127.1_RagTag:122616-122107   -            170 34290at314147        -            207   7.3e-40  133.3  16.9   2   3   7.1e-14   1.5e-12   44.1   3.1   118   182    56   122    54   122 0.71 -
NW_025965127.1_RagTag:122616-122107   -            170 34290at314147        -            207   7.3e-40  133.3  16.9   3   3   5.8e-16   1.2e-14   51.0   1.9   122   173   118   169   112   170 0.89 -
contig_78026_pilon:1141-2283          -            381 34290at314147        -            207   7.5e-39  130.0  44.3   1   5     1e-08   2.1e-07   27.3   4.5   100   173     1    80     1    85 0.82 -
contig_78026_pilon:1141-2283          -            381 34290at314147        -            207   7.5e-39  130.0  44.3   2   5   5.5e-09   1.1e-07   28.2   6.5    98   175    30   114    30   122 0.86 -
contig_78026_pilon:1141-2283          -            381 34290at314147        -            207   7.5e-39  130.0  44.3   3   5   5.2e-14   1.1e-12   44.6   7.8    94   175   146   229   118   239 0.82 -
contig_78026_pilon:1141-2283          -            381 34290at314147        -            207   7.5e-39  130.0  44.3   4   5   6.7e-12   1.4e-10   37.7   3.1   125   182   274   331   259   332 0.94 -
contig_78026_pilon:1141-2283          -            381 34290at314147        -            207   7.5e-39  130.0  44.3   5   5   7.7e-10   1.6e-08   31.0   3.0   120   175   325   380   322   381 0.93 -
NW_025965341.1_RagTag:79117-79728     -            204 34290at314147        -            207   1.3e-38  129.3  32.9   1   3   2.4e-08   4.9e-07   26.1   2.2   142   199     1    59     1    60 0.92 -
NW_025965341.1_RagTag:79117-79728     -            204 34290at314147        -            207   1.3e-38  129.3  32.9   2   3   2.9e-22     6e-21   71.5   9.5    98   200    39   144    37   150 0.94 -
NW_025965341.1_RagTag:79117-79728     -            204 34290at314147        -            207   1.3e-38  129.3  32.9   3   3   8.7e-18   1.8e-16   56.9   5.7   123   198   122   198   122   203 0.96 -
NW_025965341.1_RagTag:41694-41227     -            156 34290at314147        -            207   2.8e-38  128.2  28.2   1   3   3.1e-14   6.3e-13   45.3   1.9   132   199     2    70     1    71 0.93 -
NW_025965341.1_RagTag:41694-41227     -            156 34290at314147        -            207   2.8e-38  128.2  28.2   2   3     2e-17   4.1e-16   55.7   3.6   124   198    50   125    49   125 0.97 -
NW_025965341.1_RagTag:41694-41227     -            156 34290at314147        -            207   2.8e-38  128.2  28.2   3   3   4.2e-16   8.7e-15   51.4   7.3   122   199    76   154    70   156 0.92 -
NW_025965301.1_RagTag:107840-107193   -            216 34290at314147        -            207     1e-37  126.3  18.0   1   3     2e-09     4e-08   29.6   0.2   125   175    31    82    23    85 0.89 -
NW_025965301.1_RagTag:107840-107193   -            216 34290at314147        -            207     1e-37  126.3  18.0   2   3   9.9e-22     2e-20   69.8   3.6   117   200    80   164    77   164 0.96 -
NW_025965301.1_RagTag:107840-107193   -            216 34290at314147        -            207     1e-37  126.3  18.0   3   3   6.7e-08   1.4e-06   24.6   0.2   142   170   188   216   185   216 0.93 -
NW_025965166.1_RagTag:126554-126123   -            144 34290at314147        -            207   2.6e-35  118.5  25.5   1   3   1.5e-13   3.1e-12   43.1   4.2   123   174     6    57     3    57 0.95 -
NW_025965166.1_RagTag:126554-126123   -            144 34290at314147        -            207   2.6e-35  118.5  25.5   2   3   1.4e-14   2.9e-13   46.4   1.3   125   180    36    91    35    91 0.95 -
NW_025965166.1_RagTag:126554-126123   -            144 34290at314147        -            207   2.6e-35  118.5  25.5   3   3   1.6e-16   3.3e-15   52.8   4.8   116   175    81   142    78   144 0.89 -
NW_025965022.1_RagTag:271580-270999   -            194 34290at314147        -            207   7.1e-35  117.0  20.3   1   3   6.4e-15   1.3e-13   47.6   5.1   122   180     7    65     1    73 0.87 -
NW_025965022.1_RagTag:271580-270999   -            194 34290at314147        -            207   7.1e-35  117.0  20.3   2   3     2e-07   4.1e-06   23.1   0.0   120   175    61   115    57   118 0.86 -
NW_025965022.1_RagTag:271580-270999   -            194 34290at314147        -            207   7.1e-35  117.0  20.3   3   3   2.1e-16   4.4e-15   52.4   6.2   122   196   118   193   115   194 0.94 -
NW_025965039.1_RagTag:269799-269233   -            189 34290at314147        -            207   2.8e-34  115.1  24.6   1   3   3.1e-12   6.4e-11   38.8   1.9   126   183     3    60     1    61 0.97 -
NW_025965039.1_RagTag:269799-269233   -            189 34290at314147        -            207   2.8e-34  115.1  24.6   2   3   9.5e-15     2e-13   47.0   3.3   123   198    56   132    54   134 0.94 -
NW_025965039.1_RagTag:269799-269233   -            189 34290at314147        -            207   2.8e-34  115.1  24.6   3   3   6.4e-17   1.3e-15   54.1   4.1   121   199   110   189   106   189 0.94 -
NW_025965182.1_RagTag:1737866-1738443 -            179 34290at314147        -            207   9.2e-34  113.4  20.9   1   3   1.7e-15   3.5e-14   49.4   2.0   103   169     2    70     2    79 0.84 -
NW_025965182.1_RagTag:1737866-1738443 -            179 34290at314147        -            207   9.2e-34  113.4  20.9   2   3   6.1e-10   1.3e-08   31.3   0.9   139   183    83   127    66   127 0.84 -
NW_025965182.1_RagTag:1737866-1738443 -            179 34290at314147        -            207   9.2e-34  113.4  20.9   3   3     4e-14   8.3e-13   44.9   6.8   116   170   114   170   114   178 0.88 -
contig_37853_pilon:1183-1722          -            180 34290at314147        -            207   2.4e-32  108.8  28.1   1   4   2.7e-06   5.5e-05   19.4   2.0   125   181    29    85     1    99 0.89 -
contig_37853_pilon:1183-1722          -            180 34290at314147        -            207   2.4e-32  108.8  28.1   2   4   1.2e-06   2.4e-05   20.5   0.5   127   183    59   115    50   115 0.94 -
contig_37853_pilon:1183-1722          -            180 34290at314147        -            207   2.4e-32  108.8  28.1   3   4   3.9e-12     8e-11   38.4   0.4   139   183    99   143    87   143 0.91 -
contig_37853_pilon:1183-1722          -            180 34290at314147        -            207   2.4e-32  108.8  28.1   4   4     6e-20   1.2e-18   64.0   5.6   126   190   114   179   114   180 0.97 -
contig_31119_pilon:1895-1227          -            223 34290at314147        -            207   7.8e-31  103.8  36.1   1   4   8.9e-13   1.8e-11   40.5   7.3   122   194    23    98    15   101 0.89 -
contig_31119_pilon:1895-1227          -            223 34290at314147        -            207   7.8e-31  103.8  36.1   2   4   9.3e-10   1.9e-08   30.7   1.3   123   182    81   140    77   142 0.94 -
contig_31119_pilon:1895-1227          -            223 34290at314147        -            207   7.8e-31  103.8  36.1   3   4   2.5e-10     5e-09   32.6   2.5   122   168   136   182   130   184 0.87 -
contig_31119_pilon:1895-1227          -            223 34290at314147        -            207   7.8e-31  103.8  36.1   4   4   7.6e-12   1.6e-10   37.5   2.4   123   173   165   215   165   220 0.93 -
NW_025965374.1_RagTag:84619-82388     -            744 34290at314147        -            207   1.1e-30  103.3  64.7   1   8   2.3e-12   4.8e-11   39.2   4.4   126   182     6    62     3    70 0.92 -
NW_025965374.1_RagTag:84619-82388     -            744 34290at314147        -            207   1.1e-30  103.3  64.7   2   8     6e-07   1.2e-05   21.5   2.5   125   200    74   154    66   158 0.81 -
NW_025965374.1_RagTag:84619-82388     -            744 34290at314147        -            207   1.1e-30  103.3  64.7   3   8   4.5e-06   9.1e-05   18.7   6.2    43   172   153   310   144   314 0.65 -
NW_025965374.1_RagTag:84619-82388     -            744 34290at314147        -            207   1.1e-30  103.3  64.7   4   8     0.048      0.99    5.5   0.2   148   178   323   354   315   382 0.82 -
NW_025965374.1_RagTag:84619-82388     -            744 34290at314147        -            207   1.1e-30  103.3  64.7   5   8   0.00019    0.0039   13.3   9.2    58   192   406   544   374   556 0.67 -
NW_025965374.1_RagTag:84619-82388     -            744 34290at314147        -            207   1.1e-30  103.3  64.7   6   8   7.4e-07   1.5e-05   21.2   7.6    99   200   473   581   468   587 0.74 -
NW_025965374.1_RagTag:84619-82388     -            744 34290at314147        -            207   1.1e-30  103.3  64.7   7   8   4.3e-08   8.9e-07   25.2  12.9    97   198   529   636   523   645 0.81 -
NW_025965374.1_RagTag:84619-82388     -            744 34290at314147        -            207   1.1e-30  103.3  64.7   8   8       1.2        24    1.0   0.0   126   146   698   719   691   727 0.84 -
NW_025965190.1_RagTag:126348-126803   -            152 34290at314147        -            207   2.9e-30  102.0  18.5   1   3   3.1e-09   6.3e-08   29.0   1.8   140   183     2    45     1    47 0.76 -
NW_025965190.1_RagTag:126348-126803   -            152 34290at314147        -            207   2.9e-30  102.0  18.5   2   3   4.2e-15   8.6e-14   48.2   5.8   126   192    44   111    44   111 0.97 -
NW_025965190.1_RagTag:126348-126803   -            152 34290at314147        -            207   2.9e-30  102.0  18.5   3   3   3.4e-14   6.9e-13   45.2   1.4   123   175    97   149    97   152 0.96 -
NW_025965442.1_RagTag:53303-52854     -            150 34290at314147        -            207   8.5e-28   93.9  16.1   1   3   4.7e-13   9.7e-12   41.4   4.1   116   176    15    75     4    77 0.92 -
NW_025965442.1_RagTag:53303-52854     -            150 34290at314147        -            207   8.5e-28   93.9  16.1   2   3   8.7e-11   1.8e-09   34.1   0.8   140   182    67   109    66   110 0.95 -
NW_025965442.1_RagTag:53303-52854     -            150 34290at314147        -            207   8.5e-28   93.9  16.1   3   3   2.5e-12   5.1e-11   39.1   1.2   123   167   106   150   103   150 0.95 -
contig_81532_pilon:2155-1715          -            147 34290at314147        -            207   2.8e-27   92.2  18.7   1   3   6.5e-11   1.3e-09   34.5   4.3   126   183    10    69     5    70 0.90 -
contig_81532_pilon:2155-1715          -            147 34290at314147        -            207   2.8e-27   92.2  18.7   2   3   9.6e-14     2e-12   43.7   3.1   126   174    68   116    64   117 0.97 -
contig_81532_pilon:2155-1715          -            147 34290at314147        -            207   2.8e-27   92.2  18.7   3   3   6.9e-10   1.4e-08   31.1   0.4   140   175   110   145   108   146 0.94 -
NW_025965127.1_RagTag:122930-122601   -            110 34290at314147        -            207   1.4e-26   89.9   8.0   1   2   3.7e-12   7.7e-11   38.5   0.4   126   170     1    45     1    45 0.96 -
NW_025965127.1_RagTag:122930-122601   -            110 34290at314147        -            207   1.4e-26   89.9   8.0   2   2     5e-19     1e-17   61.0   1.9   129   201    32   106    32   110 0.93 -
NW_025965341.1_RagTag:115130-190966   -            257 34290at314147        -            207   2.7e-25   85.8  39.4   1   4   2.5e-12   5.1e-11   39.1   2.5   140   203     6    70     1    74 0.92 -
NW_025965341.1_RagTag:115130-190966   -            257 34290at314147        -            207   2.7e-25   85.8  39.4   2   4   1.1e-05   0.00023   17.3   9.8   126   197    48   120    48   120 0.95 -
NW_025965341.1_RagTag:115130-190966   -            257 34290at314147        -            207   2.7e-25   85.8  39.4   3   4   2.7e-17   5.4e-16   55.3  11.3    98   200    74   179    71   186 0.88 -
NW_025965341.1_RagTag:115130-190966   -            257 34290at314147        -            207   2.7e-25   85.8  39.4   4   4       6.3   1.3e+02   -1.4   1.4    53    73   210   229   198   243 0.58 -
contig_43715_pilon:891-1472           -            194 34290at314147        -            207   9.3e-25   84.0  14.8   1   3   2.8e-11   5.8e-10   35.6   0.6   128   183     8    63     2    64 0.95 -
contig_43715_pilon:891-1472           -            194 34290at314147        -            207   9.3e-25   84.0  14.8   2   3   1.6e-09   3.2e-08   29.9   1.9   123   162    59    98    58   105 0.94 -
contig_43715_pilon:891-1472           -            194 34290at314147        -            207   9.3e-25   84.0  14.8   3   3   1.5e-09     3e-08   30.0   0.5   138   195   130   188   117   193 0.74 -
NW_025965279.1_RagTag:47883-47464     -            140 34290at314147        -            207   1.1e-23   80.5  10.4   1   3   1.6e-05   0.00033   16.9   0.1   129   161    25    57    13    57 0.86 -
NW_025965279.1_RagTag:47883-47464     -            140 34290at314147        -            207   1.1e-23   80.5  10.4   2   3   4.6e-17   9.4e-16   54.6   2.8   124   198    48   123    47   125 0.94 -
NW_025965279.1_RagTag:47883-47464     -            140 34290at314147        -            207   1.1e-23   80.5  10.4   3   3   4.5e-08   9.2e-07   25.2   0.1   139   175    91   127    86   136 0.91 -
NW_025965233.1_RagTag:197891-200283   -            273 34290at314147        -            207   7.6e-23   77.7  21.5   1   2   6.2e-14   1.3e-12   44.3   8.5   118   203   109   195    94   202 0.90 -
NW_025965233.1_RagTag:197891-200283   -            273 34290at314147        -            207   7.6e-23   77.7  21.5   2   2   2.2e-12   4.5e-11   39.3   5.1   124   174   223   273   207   273 0.93 -
NW_025965039.1_RagTag:294540-268866   -            195 34290at314147        -            207   1.7e-22   76.6  12.1   1   2   1.6e-12   3.2e-11   39.7   5.0    51   183     4   140     2   140 0.84 -
NW_025965039.1_RagTag:294540-268866   -            195 34290at314147        -            207   1.7e-22   76.6  12.1   2   2   6.7e-12   1.4e-10   37.7   1.0   126   182   111   167   111   168 0.87 -
NW_025965193.1_RagTag:1082514-1080642 -            534 34290at314147        -            207   6.4e-21   71.4  13.6   1   3     0.013      0.27    7.3   0.1    49   121    15    91     9    99 0.81 -
NW_025965193.1_RagTag:1082514-1080642 -            534 34290at314147        -            207   6.4e-21   71.4  13.6   2   3   5.7e-11   1.2e-09   34.6   1.3   126   179   304   357   287   365 0.95 -
NW_025965193.1_RagTag:1082514-1080642 -            534 34290at314147        -            207   6.4e-21   71.4  13.6   3   3   1.6e-11   3.3e-10   36.4   0.5   119   171   481   533   464   534 0.84 -
NW_025965200.1_RagTag:17855-18731     -            248 34290at314147        -            207     1e-19   67.5   6.8   1   2   4.3e-10   8.8e-09   31.8   1.2    50   155    72   190    57   193 0.70 -
NW_025965200.1_RagTag:17855-18731     -            248 34290at314147        -            207     1e-19   67.5   6.8   2   2   5.4e-13   1.1e-11   41.3   0.8   124   178   189   245   188   248 0.91 -
NW_025965028.1_RagTag:362640-363958   -            372 34290at314147        -            207   2.4e-19   66.3  14.2   1   2   3.5e-13   7.1e-12   41.9   2.0   120   183   259   322   249   323 0.94 -
NW_025965028.1_RagTag:362640-363958   -            372 34290at314147        -            207   2.4e-19   66.3  14.2   2   2   1.2e-11   2.4e-10   36.9   2.2   123   174   318   369   315   371 0.95 -
contig_70752_pilon:1401-2117          -            239 34290at314147        -            207   3.1e-17   59.4   4.0   1   2   2.4e-12   4.9e-11   39.1   1.5   139   190     3    55     1    70 0.87 -
contig_70752_pilon:1401-2117          -            239 34290at314147        -            207   3.1e-17   59.4   4.0   2   2   1.1e-06   2.3e-05   20.6   0.0   137   167   198   228   170   236 0.81 -
NW_025965279.1_RagTag:90637-77786     -            324 34290at314147        -            207   1.1e-12   44.5  21.6   1   4       1.1        23    1.0   0.6   142   182    67   107    57   114 0.83 -
NW_025965279.1_RagTag:90637-77786     -            324 34290at314147        -            207   1.1e-12   44.5  21.6   2   4       6.6   1.4e+02   -1.5   0.0   131   156   169   194   128   212 0.72 -
NW_025965279.1_RagTag:90637-77786     -            324 34290at314147        -            207   1.1e-12   44.5  21.6   3   4   1.1e-10   2.2e-09   33.8  12.7   123   197   216   291   202   291 0.93 -
NW_025965279.1_RagTag:90637-77786     -            324 34290at314147        -            207   1.1e-12   44.5  21.6   4   4   1.4e-07   2.9e-06   23.6   1.5   126   169   275   318   274   322 0.95 -
NW_025965281.1_RagTag:529347-527455   -            631 34290at314147        -            207   1.7e-12   43.9   6.8   1   2     4e-05   0.00082   15.6   1.5   125   172   343   391   335   399 0.84 -
NW_025965281.1_RagTag:529347-527455   -            631 34290at314147        -            207   1.7e-12   43.9   6.8   2   2   8.1e-10   1.7e-08   30.9   0.3    75   174   436   538   405   550 0.82 -
NW_025965297.1_RagTag:263516-264714   -            299 34290at314147        -            207   5.6e-10   35.7  21.0   1   3   9.5e-11   1.9e-09   33.9   6.3   125   198    73   147    65   150 0.87 -
NW_025965297.1_RagTag:263516-264714   -            299 34290at314147        -            207   5.6e-10   35.7  21.0   2   3      0.88        18    1.4   0.2    53    79   218   244   203   247 0.83 -
NW_025965297.1_RagTag:263516-264714   -            299 34290at314147        -            207   5.6e-10   35.7  21.0   3   3     0.023      0.47    6.5   4.2   107   170   229   292   224   297 0.84 -
NW_025965300.1_RagTag:179035-179624   -            188 34290at314147        -            207   1.8e-09   34.1   1.2   1   1   1.2e-10   2.5e-09   33.6   1.2   124   170   141   187   130   188 0.93 -
NW_025965324.1_RagTag:667631-665234   -            506 34290at314147        -            207   3.2e-09   33.2   5.5   1   2   6.6e-10   1.3e-08   31.2   1.4   126   173     1    48     1    54 0.93 -
NW_025965324.1_RagTag:667631-665234   -            506 34290at314147        -            207   3.2e-09   33.2   5.5   2   2       0.4       8.3    2.5   0.0   144   165   290   311   283   325 0.78 -
NW_025965054.1_RagTag:37686-37276     -            137 34290at314147        -            207   1.2e-08   31.4   8.1   1   2     0.019      0.38    6.8   1.7   145   165    80   100    23   102 0.69 -
NW_025965054.1_RagTag:37686-37276     -            137 34290at314147        -            207   1.2e-08   31.4   8.1   2   2   1.2e-09   2.4e-08   30.3   6.5   109   174    73   137    47   137 0.83 -
NW_025965182.1_RagTag:1737338-1737856 -            173 34290at314147        -            207   7.4e-06   22.2   0.6   1   2       3.6        74   -0.6   0.0   141   153    42    54    17    72 0.70 -
NW_025965182.1_RagTag:1737338-1737856 -            173 34290at314147        -            207   7.4e-06   22.2   0.6   2   2   1.3e-06   2.7e-05   20.4   0.3   130   176   123   169    73   173 0.88 -
NW_025965341.1_RagTag:108391-110706   -            772 34290at314147        -            207   3.2e-05   20.2  14.7   1   4     0.021      0.43    6.7   0.1   146   177    26    57    10    69 0.71 -
NW_025965341.1_RagTag:108391-110706   -            772 34290at314147        -            207   3.2e-05   20.2  14.7   2   4    0.0013     0.027   10.6   1.6   126   202    34   113    29   118 0.81 -
NW_025965341.1_RagTag:108391-110706   -            772 34290at314147        -            207   3.2e-05   20.2  14.7   3   4     0.004     0.082    9.0   0.1    94   122   169   197   156   249 0.71 -
NW_025965341.1_RagTag:108391-110706   -            772 34290at314147        -            207   3.2e-05   20.2  14.7   4   4     0.015      0.31    7.1   0.1    88   161   697   772   682   772 0.83 -
NW_025965316.1_RagTag:4168270-4168025 -             82 34290at314147        -            207   0.00011   18.4   4.3   1   1   9.3e-06   0.00019   17.6   4.3   126   178     1    56     1    80 0.79 -
NW_025965301.1_RagTag:127168-107747   -            226 34290at314147        -            207   0.00019   17.6   0.1   1   2       6.5   1.3e+02   -1.5   0.5   121   154    61    92    54   105 0.62 -
NW_025965301.1_RagTag:127168-107747   -            226 34290at314147        -            207   0.00019   17.6   0.1   2   2   9.5e-06   0.00019   17.6   0.1   124   153   197   226   174   226 0.90 -
NW_025965285.1_RagTag:189204-190355   -            384 34290at314147        -            207   0.00024   17.3  27.1   1   4     0.014      0.29    7.2   0.1   126   173     3    53     1    63 0.74 -
NW_025965285.1_RagTag:189204-190355   -            384 34290at314147        -            207   0.00024   17.3  27.1   2   4   0.00025    0.0051   13.0   9.1    90   178   109   210    70   218 0.67 -
NW_025965285.1_RagTag:189204-190355   -            384 34290at314147        -            207   0.00024   17.3  27.1   3   4       0.3       6.1    2.9   1.5   125   178   273   327   255   336 0.70 -
NW_025965285.1_RagTag:189204-190355   -            384 34290at314147        -            207   0.00024   17.3  27.1   4   4     0.076       1.6    4.8   0.1    99   120   363   384   333   384 0.77 -
NW_025965259.1_RagTag:166355-164907   -            483 34290at314147        -            207   0.00028   17.1   3.0   1   1   1.4e-05   0.00028   17.1   3.0   122   187   413   479   383   482 0.84 -
#
# Program:         hmmsearch
# Version:         3.1b2 (February 2015)
# Pipeline mode:   SEARCH
# Query file:      /home/bgerda/guppy_SUP/busco_downloads/lineages/glires_odb10/hmms/34290at314147.hmm
# Target file:     /home/bgerda/guppy_SUP/busco_results_flye/run_glires_odb10/metaeuk_output/rerun_results/ragtag.scaffold.fasta.modified.fas
# Option settings: hmmsearch --domtblout /home/bgerda/guppy_SUP/busco_results_flye/run_glires_odb10/hmmer_output/rerun_results/34290at314147.out --cpu 1 /home/bgerda/guppy_SUP/busco_downloads/lineages/glires_odb10/hmms/34290at314147.hmm /home/bgerda/guppy_SUP/busco_results_flye/run_glires_odb10/metaeuk_output/rerun_results/ragtag.scaffold.fasta.modified.fas 
# Current dir:     /home/bgerda/guppy_SUP
# Date:            Sun May 21 17:47:42 2023
# [ok]
