#                                                                                             --- full sequence --- -------------- this domain -------------   hmm coord   ali coord   env coord
# target name                         accession   tlen query name           accession   qlen   E-value  score  bias   #  of  c-Evalue  i-Evalue  score  bias  from    to  from    to  from    to  acc description of target
#                 ------------------- ---------- ----- -------------------- ---------- ----- --------- ------ ----- --- --- --------- --------- ------ ----- ----- ----- ----- ----- ----- ----- ---- ---------------------
NW_025965218.1_RagTag:902321-888707   -            159 35823at314147        -            169   2.2e-33  112.0   0.4   1   1   3.5e-35   2.9e-33  111.6   0.4     1   102    57   158    57   159 0.98 -
NW_025965016.1_RagTag:327105-327769   -            169 35823at314147        -            169   4.7e-27   91.4   0.2   1   1   6.6e-29   5.5e-27   91.2   0.2     6   127    37   157    32   167 0.93 -
NW_025965066.1_RagTag:302523-304395   -            146 35823at314147        -            169   3.6e-23   78.8   0.4   1   1   4.9e-23     4e-21   72.1   0.4    20   132    15   116     5   119 0.83 -
NW_025965315.1_RagTag:3516887-3517861 -            104 35823at314147        -            169   1.6e-17   60.4   0.1   1   1   2.2e-19   1.8e-17   60.2   0.1    27   122     1    97     1   103 0.92 -
NW_025965152.1_RagTag:101619-101485   -             45 35823at314147        -            169   4.2e-16   55.8   0.1   1   1   5.3e-18   4.4e-16   55.7   0.1    22    66     1    45     1    45 0.98 -
NW_025965233.1_RagTag:140162-141734   -            141 35823at314147        -            169   4.4e-16   55.7   0.0   1   1   6.2e-18   5.2e-16   55.5   0.0     7   130     3   126     1   130 0.93 -
NW_025965080.1_RagTag:530367-529903   -            127 35823at314147        -            169     6e-15   52.0   0.0   1   1   8.6e-17   7.2e-15   51.8   0.0    29   119    39   127    29   127 0.91 -
contig_28026_pilon:2038-2154          -             39 35823at314147        -            169   3.7e-14   49.4   0.2   1   1   4.7e-16   3.9e-14   49.4   0.2    18    55     2    39     1    39 0.97 -
NW_025965256.1_RagTag:1014355-1014951 -            199 35823at314147        -            169   2.5e-12   43.5   0.1   1   1     4e-14   3.3e-12   43.1   0.1    16   127    55   167    41   185 0.86 -
NW_025965045.1_RagTag:7081-6766       -            102 35823at314147        -            169   1.5e-11   41.0   0.1   1   1     2e-13   1.6e-11   40.8   0.1    22   126     1    98     1   102 0.88 -
NW_025965215.1_RagTag:414593-413986   -             62 35823at314147        -            169     8e-11   38.6   0.1   1   1   9.9e-13   8.2e-11   38.5   0.1    68   128     2    61     1    62 0.92 -
NW_025965318.1_RagTag:2315201-2316606 -            155 35823at314147        -            169   2.9e-10   36.8   0.1   1   1   4.1e-12   3.4e-10   36.5   0.1     8   101    15   110     9   138 0.85 -
NW_025965319.1_RagTag:367253-366858   -            132 35823at314147        -            169   3.5e-08   30.0   0.0   1   1   5.5e-10   4.6e-08   29.6   0.0     3    59    66   122    64   130 0.92 -
NW_025965350.1_RagTag:49702-50037     -            112 35823at314147        -            169   3.8e-08   29.9   0.0   1   1   5.1e-10   4.2e-08   29.7   0.0     1    35    42    77    42   102 0.87 -
NW_025965240.1_RagTag:128094-126727   -            157 35823at314147        -            169   2.3e-07   27.3   0.0   1   1   3.8e-09   3.2e-07   26.9   0.0    41   129    14   102     5   120 0.84 -
NW_025965045.1_RagTag:7081-6962       -             40 35823at314147        -            169   6.5e-07   25.9   0.0   1   1   8.3e-09   6.9e-07   25.8   0.0    22    61     1    40     1    40 0.99 -
NW_025965250.1_RagTag:73448-72906     -            181 35823at314147        -            169   6.9e-07   25.8   0.0   1   1   1.3e-08   1.1e-06   25.2   0.0     5    84    49   129    45   136 0.88 -
#
# Program:         hmmsearch
# Version:         3.1b2 (February 2015)
# Pipeline mode:   SEARCH
# Query file:      /home/bgerda/guppy_SUP/busco_downloads/lineages/glires_odb10/hmms/35823at314147.hmm
# Target file:     /home/bgerda/guppy_SUP/busco_results_flye/run_glires_odb10/metaeuk_output/rerun_results/ragtag.scaffold.fasta.modified.fas
# Option settings: hmmsearch --domtblout /home/bgerda/guppy_SUP/busco_results_flye/run_glires_odb10/hmmer_output/rerun_results/35823at314147.out --cpu 1 /home/bgerda/guppy_SUP/busco_downloads/lineages/glires_odb10/hmms/35823at314147.hmm /home/bgerda/guppy_SUP/busco_results_flye/run_glires_odb10/metaeuk_output/rerun_results/ragtag.scaffold.fasta.modified.fas 
# Current dir:     /home/bgerda/guppy_SUP
# Date:            Sun May 21 17:47:41 2023
# [ok]
