#                                                                                             --- full sequence --- -------------- this domain -------------   hmm coord   ali coord   env coord
# target name                         accession   tlen query name           accession   qlen   E-value  score  bias   #  of  c-Evalue  i-Evalue  score  bias  from    to  from    to  from    to  acc description of target
#                 ------------------- ---------- ----- -------------------- ---------- ----- --------- ------ ----- --- --- --------- --------- ------ ----- ----- ----- ----- ----- ----- ----- ---- ---------------------
contig_50121_pilon:804-1229           -            142 40376at314147        -            167   4.6e-06   22.8   1.5   1   1     3e-08   4.8e-06   22.8   1.5    20    68     1    48     1   101 0.89 -
contig_4568_pilon:1333-1584           -             84 40376at314147        -            167   1.7e-05   21.0   1.6   1   1   1.2e-07   1.9e-05   20.8   1.6    18    62     4    48     1    62 0.91 -
NW_025965309.1_RagTag:3486659-3486297 -            121 40376at314147        -            167   4.3e-05   19.7   0.4   1   1   3.8e-07     6e-05   19.2   0.4    13    66    56   113    45   121 0.68 -
NW_025965319.1_RagTag:4368574-4368218 -            119 40376at314147        -            167    0.0001   18.5   3.8   1   1   9.2e-07   0.00014   18.0   3.8    20    62     4    45     1    54 0.89 -
NW_025965075.1_RagTag:74487-67481     -            353 40376at314147        -            167    0.0025   13.9   0.2   1   1   3.9e-05    0.0061   12.7   0.2    15    51    46    82    35   100 0.84 -
NW_025965316.1_RagTag:426278-426604   -            109 40376at314147        -            167     0.003   13.7   3.0   1   1   2.6e-05    0.0041   13.2   3.0    19    64     1    46     1    56 0.80 -
NW_025965118.1_RagTag:431045-433195   -            717 40376at314147        -            167    0.0038   13.3   0.3   1   2   2.4e-05    0.0038   13.3   0.3    19    62     3    44     1    78 0.85 -
NW_025965118.1_RagTag:431045-433195   -            717 40376at314147        -            167    0.0038   13.3   0.3   2   2       4.6   7.2e+02   -3.8   0.2    55    96   426   467   417   479 0.63 -
NW_025965040.1_RagTag:266331-266095   -             79 40376at314147        -            167    0.0063   12.6   0.5   1   1   4.6e-05    0.0072   12.4   0.5    13    63    23    73    15    78 0.74 -
NW_025965225.1_RagTag:634263-633982   -             94 40376at314147        -            167      0.29    7.2   5.3   1   1    0.0024      0.37    6.9   5.3    18    61     3    44     1    50 0.87 -
#
# Program:         hmmsearch
# Version:         3.1b2 (February 2015)
# Pipeline mode:   SEARCH
# Query file:      /home/bgerda/guppy_SUP/busco_downloads/lineages/glires_odb10/hmms/40376at314147.hmm
# Target file:     /home/bgerda/guppy_SUP/busco_results_flye/run_glires_odb10/metaeuk_output/rerun_results/ragtag.scaffold.fasta.modified.fas
# Option settings: hmmsearch --domtblout /home/bgerda/guppy_SUP/busco_results_flye/run_glires_odb10/hmmer_output/rerun_results/40376at314147.out --cpu 1 /home/bgerda/guppy_SUP/busco_downloads/lineages/glires_odb10/hmms/40376at314147.hmm /home/bgerda/guppy_SUP/busco_results_flye/run_glires_odb10/metaeuk_output/rerun_results/ragtag.scaffold.fasta.modified.fas 
# Current dir:     /home/bgerda/guppy_SUP
# Date:            Sun May 21 17:47:54 2023
# [ok]
