#                                                                                             --- full sequence --- -------------- this domain -------------   hmm coord   ali coord   env coord
# target name                         accession   tlen query name           accession   qlen   E-value  score  bias   #  of  c-Evalue  i-Evalue  score  bias  from    to  from    to  from    to  acc description of target
#                 ------------------- ---------- ----- -------------------- ---------- ----- --------- ------ ----- --- --- --------- --------- ------ ----- ----- ----- ----- ----- ----- ----- ---- ---------------------
NW_025965309.1_RagTag:3395110-3394499 -            204 42455at314147        -            158   3.9e-13   46.0   1.1   1   2   2.5e-15   3.9e-13   46.0   1.1    50   142    41   132     9   146 0.81 -
NW_025965309.1_RagTag:3395110-3394499 -            204 42455at314147        -            158   3.9e-13   46.0   1.1   2   2      0.79   1.2e+02   -1.1   0.4    49    69   158   176   150   186 0.71 -
NW_025965228.1_RagTag:17261-16787     -             64 42455at314147        -            158   8.1e-13   45.0   9.6   1   1   2.3e-14   3.6e-12   42.9   9.6    75   140     7    63     2    64 0.90 -
NW_025965300.1_RagTag:1789607-1791559 -            651 42455at314147        -            158   2.5e-09   33.6   0.7   1   4       2.4   3.8e+02   -2.7   0.0   118   134   187   203   171   207 0.78 -
NW_025965300.1_RagTag:1789607-1791559 -            651 42455at314147        -            158   2.5e-09   33.6   0.7   2   4    0.0008      0.13    8.6   0.0    90   136   339   385   301   402 0.85 -
NW_025965300.1_RagTag:1789607-1791559 -            651 42455at314147        -            158   2.5e-09   33.6   0.7   3   4   1.3e-05     0.002   14.5   0.1    88   140   427   479   423   493 0.86 -
NW_025965300.1_RagTag:1789607-1791559 -            651 42455at314147        -            158   2.5e-09   33.6   0.7   4   4    0.0045       0.7    6.2   0.1    86   134   524   572   520   584 0.89 -
NW_025965218.1_RagTag:1404150-1401683 -            220 42455at314147        -            158     4e-09   33.0   1.1   1   1   3.2e-11   5.1e-09   32.6   1.1    43   141    46   145    18   162 0.73 -
NW_025965324.1_RagTag:3071511-3072352 -            184 42455at314147        -            158   6.3e-09   32.3   0.1   1   1     5e-11   7.8e-09   32.0   0.1    67   141    72   146    15   163 0.75 -
NW_025965284.1_RagTag:358647-360583   -            161 42455at314147        -            158   3.1e-08   30.1   4.6   1   2      0.46        72   -0.4   0.1     9    42    54    83    46   102 0.52 -
NW_025965284.1_RagTag:358647-360583   -            161 42455at314147        -            158   3.1e-08   30.1   4.6   2   2   3.3e-10   5.1e-08   29.4   4.1    54   132    79   161    64   161 0.73 -
NW_025965324.1_RagTag:3059154-3059363 -             70 42455at314147        -            158   2.9e-07   26.9   2.5   1   1   1.9e-09     3e-07   26.9   2.5    81   139     7    65     1    69 0.91 -
NW_025965177.1_RagTag:240911-240603   -            103 42455at314147        -            158   1.2e-06   25.0   0.1   1   1   8.5e-09   1.3e-06   24.8   0.1    58   134    24   103     5   103 0.76 -
NW_025965275.1_RagTag:451509-451318   -             64 42455at314147        -            158   4.7e-06   23.0   4.2   1   1     3e-08   4.8e-06   23.0   4.2    81   139     5    63     1    64 0.91 -
#
# Program:         hmmsearch
# Version:         3.1b2 (February 2015)
# Pipeline mode:   SEARCH
# Query file:      /home/bgerda/guppy_SUP/busco_downloads/lineages/glires_odb10/hmms/42455at314147.hmm
# Target file:     /home/bgerda/guppy_SUP/busco_results_flye/run_glires_odb10/metaeuk_output/rerun_results/ragtag.scaffold.fasta.modified.fas
# Option settings: hmmsearch --domtblout /home/bgerda/guppy_SUP/busco_results_flye/run_glires_odb10/hmmer_output/rerun_results/42455at314147.out --cpu 1 /home/bgerda/guppy_SUP/busco_downloads/lineages/glires_odb10/hmms/42455at314147.hmm /home/bgerda/guppy_SUP/busco_results_flye/run_glires_odb10/metaeuk_output/rerun_results/ragtag.scaffold.fasta.modified.fas 
# Current dir:     /home/bgerda/guppy_SUP
# Date:            Sun May 21 17:47:52 2023
# [ok]
