#                                                                                             --- full sequence --- -------------- this domain -------------   hmm coord   ali coord   env coord
# target name                         accession   tlen query name           accession   qlen   E-value  score  bias   #  of  c-Evalue  i-Evalue  score  bias  from    to  from    to  from    to  acc description of target
#                 ------------------- ---------- ----- -------------------- ---------- ----- --------- ------ ----- --- --- --------- --------- ------ ----- ----- ----- ----- ----- ----- ----- ---- ---------------------
NW_025965315.1_RagTag:2836546-2836271 -             92 4604at314147         -            895   6.9e-56  185.7   0.1   1   1     1e-57   7.5e-56  185.6   0.1   529   620     1    92     1    92 0.99 -
NW_025965324.1_RagTag:3279738-3257185 -            664 4604at314147         -            895   2.3e-45  151.0   3.9   1   4     8e-15   5.9e-13   43.7   0.0   627   710     5    90     1   113 0.88 -
NW_025965324.1_RagTag:3279738-3257185 -            664 4604at314147         -            895   2.3e-45  151.0   3.9   2   4   2.1e-08   1.6e-06   22.4   0.0   622   709   136   225   106   233 0.81 -
NW_025965324.1_RagTag:3279738-3257185 -            664 4604at314147         -            895   2.3e-45  151.0   3.9   3   4     7e-18   5.2e-16   53.8   0.2   530   711   280   454   278   465 0.90 -
NW_025965324.1_RagTag:3279738-3257185 -            664 4604at314147         -            895   2.3e-45  151.0   3.9   4   4     7e-10   5.2e-08   27.3   0.0   642   716   470   546   458   552 0.88 -
NW_025965287.1_RagTag:853042-851954   -            363 4604at314147         -            895   8.5e-23   76.3  16.0   1   2   3.6e-20   2.7e-18   61.4   5.4    83   297    62   276    50   282 0.91 -
NW_025965287.1_RagTag:853042-851954   -            363 4604at314147         -            895   8.5e-23   76.3  16.0   2   2   6.7e-08     5e-06   20.8   2.5   241   299   292   350   285   353 0.93 -
NW_025965319.1_RagTag:986038-984140   -            629 4604at314147         -            895   4.6e-16   54.0   0.6   1   1   9.1e-18   6.7e-16   53.4   0.6    50   223    64   236    50   246 0.91 -
NW_025965304.1_RagTag:328604-257147   -            569 4604at314147         -            895   1.2e-15   52.5  23.5   1   4   1.1e-08   8.2e-07   23.4   0.5   262   370    16   122     5   126 0.85 -
NW_025965304.1_RagTag:328604-257147   -            569 4604at314147         -            895   1.2e-15   52.5  23.5   2   4   1.6e-07   1.2e-05   19.5   2.5   122   371   120   370   111   377 0.76 -
NW_025965304.1_RagTag:328604-257147   -            569 4604at314147         -            895   1.2e-15   52.5  23.5   3   4   2.5e-07   1.8e-05   18.9   5.6   183   304   377   499   370   501 0.83 -
NW_025965304.1_RagTag:328604-257147   -            569 4604at314147         -            895   1.2e-15   52.5  23.5   4   4   0.00036     0.027    8.4   0.2   361   410   481   533   473   541 0.87 -
NW_025965287.1_RagTag:855182-854643   -            180 4604at314147         -            895   3.2e-13   44.6   0.0   1   1   5.1e-15   3.8e-13   44.3   0.0   172   297    44   169    22   178 0.86 -
NW_025965301.1_RagTag:570707-569203   -            499 4604at314147         -            895   7.4e-12   40.0   3.5   1   2   1.3e-11   9.4e-10   33.1   0.5   242   354    36   145    32   150 0.90 -
NW_025965301.1_RagTag:570707-569203   -            499 4604at314147         -            895   7.4e-12   40.0   3.5   2   2     2e-06   0.00015   15.9   0.1    70   152   104   186    96   194 0.69 -
NW_025965140.1_RagTag:200207-201166   -            320 4604at314147         -            895   2.2e-11   38.5   1.2   1   2     2e-09   1.5e-07   25.8   0.8   243   350    69   176    64   182 0.75 -
NW_025965140.1_RagTag:200207-201166   -            320 4604at314147         -            895   2.2e-11   38.5   1.2   2   2   5.7e-05    0.0042   11.1   0.0    93   174   210   293   163   316 0.48 -
NW_025965324.1_RagTag:3938940-3938380 -            187 4604at314147         -            895   7.3e-11   36.8   0.0   1   2   1.4e-08     1e-06   23.0   0.0    50   127    35   111    13   115 0.86 -
NW_025965324.1_RagTag:3938940-3938380 -            187 4604at314147         -            895   7.3e-11   36.8   0.0   2   2   2.2e-05    0.0016   12.4   0.0   325   392   116   183    96   187 0.89 -
NW_025965212.1_RagTag:132792-133915   -            287 4604at314147         -            895   3.8e-09   31.1   1.5   1   1   6.5e-11   4.8e-09   30.7   1.5   176   265     1    90     1    98 0.91 -
NW_025965548.1_RagTag:8831-2086       -            436 4604at314147         -            895   6.6e-09   30.3   0.0   1   2   4.2e-05    0.0031   11.5   0.0   634   662    17    45    10    52 0.82 -
NW_025965548.1_RagTag:8831-2086       -            436 4604at314147         -            895   6.6e-09   30.3   0.0   2   2   1.3e-06   9.4e-05   16.5   0.0   431   710    86   181    69   195 0.53 -
contig_74745_pilon:285-1611           -            442 4604at314147         -            895   1.4e-08   29.2   7.4   1   2   1.9e-10   1.4e-08   29.2   7.4    75   247    62   226    45   228 0.83 -
contig_74745_pilon:285-1611           -            442 4604at314147         -            895   1.4e-08   29.2   7.4   2   2   0.00087     0.065    7.1   0.2   356   414   212   273   207   329 0.79 -
NW_025965324.1_RagTag:3286322-3285366 -            319 4604at314147         -            895   4.9e-08   27.4   0.0   1   2   2.7e-06    0.0002   15.5   0.0   542   617     5    78     1    87 0.81 -
NW_025965324.1_RagTag:3286322-3285366 -            319 4604at314147         -            895   4.9e-08   27.4   0.0   2   2   0.00011    0.0081   10.1   0.0   623   707   229   316   222   319 0.58 -
NW_025965028.1_RagTag:63265-63801     -            179 4604at314147         -            895     1e-06   23.0   0.4   1   1     2e-08   1.5e-06   22.5   0.4   186   297    52   159    34   170 0.66 -
NW_025965131.1_RagTag:176823-176545   -             93 4604at314147         -            895   1.4e-05   19.3   0.0   1   1   1.9e-07   1.4e-05   19.2   0.0   339   409     2    73     1    90 0.90 -
NW_025965321.1_RagTag:3071935-3072925 -            329 4604at314147         -            895   8.2e-05   16.7   0.2   1   1     4e-06   0.00029   14.9   0.2   308   389     6    92     3   208 0.83 -
NW_025965291.1_RagTag:211544-210891   -            218 4604at314147         -            895   0.00052   14.1   0.1   1   1   8.2e-06   0.00061   13.8   0.1   581   623    11    53     6    96 0.83 -
NW_025965166.1_RagTag:67000-68733     -            208 4604at314147         -            895   0.00073   13.6   0.0   1   1   1.2e-05   0.00089   13.3   0.0   634   693    33    93    10   125 0.58 -
NW_025965324.1_RagTag:3255671-3254736 -            279 4604at314147         -            895     0.013    9.4   0.0   1   1    0.0002     0.015    9.3   0.0   538   623   114   196    52   212 0.69 -
#
# Program:         hmmsearch
# Version:         3.1b2 (February 2015)
# Pipeline mode:   SEARCH
# Query file:      /home/bgerda/guppy_SUP/busco_downloads/lineages/glires_odb10/hmms/4604at314147.hmm
# Target file:     /home/bgerda/guppy_SUP/busco_results_flye/run_glires_odb10/metaeuk_output/rerun_results/ragtag.scaffold.fasta.modified.fas
# Option settings: hmmsearch --domtblout /home/bgerda/guppy_SUP/busco_results_flye/run_glires_odb10/hmmer_output/rerun_results/4604at314147.out --cpu 1 /home/bgerda/guppy_SUP/busco_downloads/lineages/glires_odb10/hmms/4604at314147.hmm /home/bgerda/guppy_SUP/busco_results_flye/run_glires_odb10/metaeuk_output/rerun_results/ragtag.scaffold.fasta.modified.fas 
# Current dir:     /home/bgerda/guppy_SUP
# Date:            Sun May 21 17:47:54 2023
# [ok]
