#                                                                                             --- full sequence --- -------------- this domain -------------   hmm coord   ali coord   env coord
# target name                         accession   tlen query name           accession   qlen   E-value  score  bias   #  of  c-Evalue  i-Evalue  score  bias  from    to  from    to  from    to  acc description of target
#                 ------------------- ---------- ----- -------------------- ---------- ----- --------- ------ ----- --- --- --------- --------- ------ ----- ----- ----- ----- ----- ----- ----- ---- ---------------------
NW_025965499.1_RagTag:3947-3072       -            292 4987at314147         -            781   5.6e-36  120.1   0.0   1   1     1e-37   6.9e-36  119.8   0.0   492   746     8   254     4   279 0.90 -
NW_025965099.1_RagTag:15123-16034     -            304 4987at314147         -            781   2.8e-35  117.8   0.1   1   1   5.1e-37   3.5e-35  117.5   0.1   492   744    35   279    27   301 0.90 -
contig_37224_pilon:1729-2460          -            244 4987at314147         -            781     6e-33  110.1   0.1   1   1     1e-34   6.9e-33  109.9   0.1   491   718     6   229     1   233 0.89 -
contig_34309_pilon:705-58             -            216 4987at314147         -            781   4.6e-32  107.2   0.0   1   1   8.4e-34   5.7e-32  106.9   0.0   491   687    15   205     4   210 0.94 -
contig_66008_pilon:1783-2643          -            287 4987at314147         -            781   3.8e-29   97.5   0.0   1   1   7.5e-31     5e-29   97.1   0.0   506   743     8   236     3   241 0.84 -
NW_025965321.1_RagTag:4471412-4470762 -            217 4987at314147         -            781   2.6e-25   84.8   0.0   1   1   4.8e-27   3.3e-25   84.5   0.0   490   693     8   210     3   215 0.86 -
NW_025965233.1_RagTag:123560-122163   -            466 4987at314147         -            781   2.6e-24   81.5   0.0   1   1   5.3e-26   3.6e-24   81.1   0.0   485   746    10   260     3   265 0.86 -
contig_31429_pilon:300-887            -            196 4987at314147         -            781   6.3e-22   73.6   0.0   1   1   1.1e-23   7.2e-22   73.4   0.0   491   686     7   196     2   196 0.92 -
contig_34501_pilon:2315-1617          -            233 4987at314147         -            781   6.9e-20   66.9   0.0   1   1   1.1e-21   7.3e-20   66.8   0.0   559   687     1   126     1   187 0.88 -
NW_025965279.1_RagTag:87840-88469     -            210 4987at314147         -            781   2.3e-18   61.8   0.0   1   1   4.1e-20   2.8e-18   61.6   0.0   580   677    20   114     1   153 0.81 -
contig_83342_pilon:1449-964           -            162 4987at314147         -            781   3.2e-17   58.1   0.0   1   1   4.8e-19   3.2e-17   58.1   0.0   583   689     6   110     2   161 0.87 -
NW_025965039.1_RagTag:243302-241628   -            156 4987at314147         -            781   1.1e-10   36.5   0.0   1   1   1.7e-12   1.1e-10   36.4   0.0   582   682    23   117     1   130 0.76 -
NW_025965256.1_RagTag:50807-50322     -            106 4987at314147         -            781   5.1e-08   27.6   0.0   1   1   8.3e-10   5.6e-08   27.5   0.0   543   638     1    92     1   103 0.87 -
NW_025965218.1_RagTag:1680171-1678010 -            316 4987at314147         -            781     1e-07   26.7   0.0   1   1     2e-09   1.3e-07   26.3   0.0   622   743    84   206    79   216 0.75 -
NW_025965072.1_RagTag:103895-102523   -            267 4987at314147         -            781   1.1e-07   26.6   0.2   1   2   0.00077     0.052    7.8   0.1   530   612    11    92     3   100 0.75 -
NW_025965072.1_RagTag:103895-102523   -            267 4987at314147         -            781   1.1e-07   26.6   0.2   2   2   1.4e-06   9.2e-05   16.9   0.0   648   687   197   241   192   247 0.82 -
contig_25238_pilon:345-4              -            114 4987at314147         -            781     3e-06   21.8   0.1   1   1   4.8e-08   3.3e-06   21.7   0.1   490   573    18    99     1   104 0.86 -
NW_025965287.1_RagTag:77543-78792     -            357 4987at314147         -            781   0.00018   15.9   0.0   1   1   3.7e-06   0.00025   15.4   0.0   590   685    44   143    32   155 0.78 -
NW_025965240.1_RagTag:98599-94629     -            305 4987at314147         -            781   0.00065   14.1   2.0   1   1   1.2e-05   0.00083   13.7   2.0   526   611   222   305   212   305 0.91 -
NW_025965352.1_RagTag:111207-112713   -            273 4987at314147         -            781   0.00075   13.8   0.0   1   2       0.1       6.7    0.8   0.0   504   547    58   101    46   112 0.86 -
NW_025965352.1_RagTag:111207-112713   -            273 4987at314147         -            781   0.00075   13.8   0.0   2   2   8.8e-05     0.006   10.9   0.0   648   688   217   260   187   270 0.83 -
NW_025965072.1_RagTag:53632-54166     -            103 4987at314147         -            781   0.00093   13.5   0.0   1   1   1.5e-05     0.001   13.4   0.0   644   690    27    75    19    97 0.77 -
NW_025965401.1_RagTag:66129-68169     -            216 4987at314147         -            781    0.0029   11.9   0.0   1   1     5e-05    0.0034   11.7   0.0   646   690    85   131     5   148 0.61 -
#
# Program:         hmmsearch
# Version:         3.1b2 (February 2015)
# Pipeline mode:   SEARCH
# Query file:      /home/bgerda/guppy_SUP/busco_downloads/lineages/glires_odb10/hmms/4987at314147.hmm
# Target file:     /home/bgerda/guppy_SUP/busco_results_flye/run_glires_odb10/metaeuk_output/rerun_results/ragtag.scaffold.fasta.modified.fas
# Option settings: hmmsearch --domtblout /home/bgerda/guppy_SUP/busco_results_flye/run_glires_odb10/hmmer_output/rerun_results/4987at314147.out --cpu 1 /home/bgerda/guppy_SUP/busco_downloads/lineages/glires_odb10/hmms/4987at314147.hmm /home/bgerda/guppy_SUP/busco_results_flye/run_glires_odb10/metaeuk_output/rerun_results/ragtag.scaffold.fasta.modified.fas 
# Current dir:     /home/bgerda/guppy_SUP
# Date:            Sun May 21 17:47:55 2023
# [ok]
