#                                                                                             --- full sequence --- -------------- this domain -------------   hmm coord   ali coord   env coord
# target name                         accession   tlen query name           accession   qlen   E-value  score  bias   #  of  c-Evalue  i-Evalue  score  bias  from    to  from    to  from    to  acc description of target
#                 ------------------- ---------- ----- -------------------- ---------- ----- --------- ------ ----- --- --- --------- --------- ------ ----- ----- ----- ----- ----- ----- ----- ---- ---------------------
NW_025965548.1_RagTag:8831-2086       -            436 5012at314147         -            819   2.5e-48  161.2   0.9   1   3     0.013      0.87    4.0   0.0   197   222   147   172   135   188 0.80 -
NW_025965548.1_RagTag:8831-2086       -            436 5012at314147         -            819   2.5e-48  161.2   0.9   2   3   3.3e-16   2.2e-14   49.0   0.1   483   532   251   300   238   312 0.88 -
NW_025965548.1_RagTag:8831-2086       -            436 5012at314147         -            819   2.5e-48  161.2   0.9   3   3     6e-32   4.1e-30  101.0   0.2   601   735   315   432   304   436 0.87 -
NW_025965066.1_RagTag:88774-90354     -            181 5012at314147         -            819   7.8e-32  106.7   0.4   1   2   2.1e-09   1.4e-07   26.4   0.0   427   498    10    81     4    86 0.93 -
NW_025965066.1_RagTag:88774-90354     -            181 5012at314147         -            819   7.8e-32  106.7   0.4   2   2     4e-25   2.7e-23   78.5   0.2   607   712    87   181    78   181 0.90 -
NW_025965287.1_RagTag:77543-78792     -            357 5012at314147         -            819     1e-25   86.4   0.1   1   1     2e-27   1.4e-25   86.0   0.1   610   711    41   145    29   152 0.89 -
NW_025965313.1_RagTag:91187-92660     -            198 5012at314147         -            819   2.2e-22   75.4   0.3   1   2   9.2e-15   6.2e-13   44.2   0.0   615   683    73   136    63   142 0.89 -
NW_025965313.1_RagTag:91187-92660     -            198 5012at314147         -            819   2.2e-22   75.4   0.3   2   2   2.9e-10   1.9e-08   29.3   0.3   687   714   164   191   157   194 0.92 -
NW_025965222.1_RagTag:194675-192692   -            116 5012at314147         -            819   3.2e-16   55.0   0.0   1   1   5.1e-18   3.5e-16   54.9   0.0   673   772     1    99     1   115 0.88 -
contig_34309_pilon:705-58             -            216 5012at314147         -            819   1.3e-13   46.4   0.1   1   2   5.6e-07   3.8e-05   18.4   0.1   433   531     7    97     2   107 0.86 -
contig_34309_pilon:705-58             -            216 5012at314147         -            819   1.3e-13   46.4   0.1   2   2   2.4e-09   1.6e-07   26.3   0.0   614   710   111   204   101   214 0.86 -
NW_025965233.1_RagTag:123560-122163   -            466 5012at314147         -            819     5e-12   41.2   0.1   1   2    0.0035      0.24    5.9   0.0   437   531    10    95     5   105 0.83 -
NW_025965233.1_RagTag:123560-122163   -            466 5012at314147         -            819     5e-12   41.2   0.1   2   2     2e-11   1.4e-09   33.1   0.1   615   761   110   251    98   274 0.79 -
NW_025965334.1_RagTag:180570-180424   -             49 5012at314147         -            819   1.2e-11   39.9   0.3   1   1   1.9e-13   1.3e-11   39.8   0.3   670   711     1    42     1    47 0.95 -
NW_025965321.1_RagTag:3058981-3059130 -             50 5012at314147         -            819   2.4e-11   38.9   0.0   1   1   3.8e-13   2.6e-11   38.8   0.0   646   692     2    50     1    50 0.92 -
NW_025965279.1_RagTag:87840-88469     -            210 5012at314147         -            819   3.1e-10   35.2   0.0   1   1   5.7e-12   3.9e-10   34.9   0.0   605   703    22   117     4   122 0.83 -
NW_025965099.1_RagTag:15123-16034     -            304 5012at314147         -            819   1.1e-09   33.4   0.6   1   2    0.0022      0.15    6.5   0.0   465   530    53   115    30   123 0.82 -
NW_025965099.1_RagTag:15123-16034     -            304 5012at314147         -            819   1.1e-09   33.4   0.6   2   2   4.2e-09   2.8e-07   25.5   0.1   614   743   130   254   120   285 0.73 -
contig_31429_pilon:300-887            -            196 5012at314147         -            819   1.1e-08   30.2   1.7   1   2   0.00048     0.032    8.7   0.1   440   531     6    89     3    92 0.87 -
contig_31429_pilon:300-887            -            196 5012at314147         -            819   1.1e-08   30.2   1.7   2   2   5.1e-08   3.4e-06   21.9   0.1   600   702    89   189    85   194 0.88 -
NW_025965499.1_RagTag:3947-3072       -            292 5012at314147         -            819   4.4e-08   28.1   0.3   1   2     0.011      0.76    4.2   0.1   443   530     9    88     4    98 0.80 -
NW_025965499.1_RagTag:3947-3072       -            292 5012at314147         -            819   4.4e-08   28.1   0.3   2   2   4.2e-08   2.8e-06   22.2   0.0   614   710   103   196    99   225 0.83 -
contig_34501_pilon:2315-1617          -            233 5012at314147         -            819   1.3e-07   26.6   0.0   1   1   2.4e-09   1.6e-07   26.2   0.0   614   710    32   125    23   139 0.85 -
contig_37224_pilon:1729-2460          -            244 5012at314147         -            819   1.7e-07   26.2   0.7   1   2   0.00088     0.059    7.9   0.2   440   526     5    83     1    92 0.83 -
contig_37224_pilon:1729-2460          -            244 5012at314147         -            819   1.7e-07   26.2   0.7   2   2   1.1e-06   7.1e-05   17.5   0.0   609   704    97   190    83   244 0.76 -
NW_025965256.1_RagTag:50807-50322     -            106 5012at314147         -            819   3.5e-07   25.1   0.0   1   1     6e-09   4.1e-07   24.9   0.0   597   658    31    92    22   100 0.89 -
NW_025965321.1_RagTag:4471412-4470762 -            217 5012at314147         -            819   8.7e-07   23.8   0.0   1   1   1.7e-08   1.2e-06   23.4   0.0   613   702   109   197    95   201 0.83 -
contig_66008_pilon:1783-2643          -            287 5012at314147         -            819   2.4e-05   19.1   0.1   1   2     0.015         1    3.8   0.1   466   527    13    70     9    75 0.82 -
contig_66008_pilon:1783-2643          -            287 5012at314147         -            819   2.4e-05   19.1   0.1   2   2     2e-05    0.0013   13.3   0.0   612   760    86   229    78   242 0.78 -
NW_025965352.1_RagTag:111207-112713   -            273 5012at314147         -            819   3.9e-05   18.4   0.0   1   2    0.0045       0.3    5.5   0.0   468   535    67   136    62   145 0.68 -
NW_025965352.1_RagTag:111207-112713   -            273 5012at314147         -            819   3.9e-05   18.4   0.0   2   2   7.3e-05    0.0049   11.4   0.0   609   703   143   252   132   259 0.70 -
contig_25238_pilon:345-4              -            114 5012at314147         -            819   0.00068   14.3   0.1   1   1   1.2e-05   0.00079   14.0   0.1   440   531    18   101     7   107 0.88 -
NW_025965039.1_RagTag:243302-241628   -            156 5012at314147         -            819     0.014    9.9   0.0   1   1   0.00033     0.022    9.3   0.0   610   702    28   114    11   119 0.76 -
#
# Program:         hmmsearch
# Version:         3.1b2 (February 2015)
# Pipeline mode:   SEARCH
# Query file:      /home/bgerda/guppy_SUP/busco_downloads/lineages/glires_odb10/hmms/5012at314147.hmm
# Target file:     /home/bgerda/guppy_SUP/busco_results_flye/run_glires_odb10/metaeuk_output/rerun_results/ragtag.scaffold.fasta.modified.fas
# Option settings: hmmsearch --domtblout /home/bgerda/guppy_SUP/busco_results_flye/run_glires_odb10/hmmer_output/rerun_results/5012at314147.out --cpu 1 /home/bgerda/guppy_SUP/busco_downloads/lineages/glires_odb10/hmms/5012at314147.hmm /home/bgerda/guppy_SUP/busco_results_flye/run_glires_odb10/metaeuk_output/rerun_results/ragtag.scaffold.fasta.modified.fas 
# Current dir:     /home/bgerda/guppy_SUP
# Date:            Sun May 21 17:47:47 2023
# [ok]
