#                                                                                             --- full sequence --- -------------- this domain -------------   hmm coord   ali coord   env coord
# target name                         accession   tlen query name           accession   qlen   E-value  score  bias   #  of  c-Evalue  i-Evalue  score  bias  from    to  from    to  from    to  acc description of target
#                 ------------------- ---------- ----- -------------------- ---------- ----- --------- ------ ----- --- --- --------- --------- ------ ----- ----- ----- ----- ----- ----- ----- ---- ---------------------
NW_025965287.1_RagTag:853042-851954   -            363 5945at314147         -            794   4.2e-36  120.5  29.7   1   2   1.4e-29   1.7e-27   92.0  14.7    11   244    85   319    76   322 0.96 -
NW_025965287.1_RagTag:853042-851954   -            363 5945at314147         -            794   4.2e-36  120.5  29.7   2   2   1.8e-14   2.1e-12   42.1   6.9    73   183   243   353   240   363 0.94 -
NW_025965287.1_RagTag:855182-854643   -            180 5945at314147         -            794   2.2e-20   68.5   1.0   1   1     2e-22   2.4e-20   68.4   1.0   104   228    47   172    28   180 0.89 -
NW_025965319.1_RagTag:986038-984140   -            629 5945at314147         -            794   2.8e-15   51.6   0.5   1   1   3.9e-17   4.6e-15   50.9   0.5    99   222    87   210    79   232 0.90 -
NW_025965301.1_RagTag:570707-569203   -            499 5945at314147         -            794   6.4e-15   50.4   2.9   1   1   8.5e-17     1e-14   49.8   2.9    98   227    35   164    32   178 0.91 -
NW_025965304.1_RagTag:328604-257147   -            569 5945at314147         -            794   8.8e-15   50.0  25.2   1   2   1.5e-09   1.8e-07   25.8   2.6    71   169    16   115    11   121 0.90 -
NW_025965304.1_RagTag:328604-257147   -            569 5945at314147         -            794   8.8e-15   50.0  25.2   2   2   3.5e-09   4.1e-07   24.6  15.6    18   376   111   454   108   468 0.78 -
NW_025965140.1_RagTag:200207-201166   -            320 5945at314147         -            794   4.5e-14   47.6   7.2   1   2   1.6e-10   1.9e-08   29.0   1.2     3   137    68   208    66   214 0.85 -
NW_025965140.1_RagTag:200207-201166   -            320 5945at314147         -            794   4.5e-14   47.6   7.2   2   2   2.4e-08   2.8e-06   21.9   0.6    25   125   213   315   208   319 0.87 -
NW_025965324.1_RagTag:3938940-3938380 -            187 5945at314147         -            794   1.5e-12   42.6   2.5   1   2      0.03       3.5    1.7   0.5   727   749     2    24     1    32 0.88 -
NW_025965324.1_RagTag:3938940-3938380 -            187 5945at314147         -            794   1.5e-12   42.6   2.5   2   2   4.1e-14   4.9e-12   40.9   0.1    75   197    35   159    31   166 0.71 -
NW_025965212.1_RagTag:132792-133915   -            287 5945at314147         -            794   1.5e-12   42.6   0.2   1   1   1.8e-14   2.2e-12   42.0   0.2    33   120     1    88     1    98 0.92 -
NW_025965028.1_RagTag:63265-63801     -            179 5945at314147         -            794   7.4e-11   37.0   1.4   1   1   8.1e-13   9.6e-11   36.6   1.4    40   158    49   163    43   171 0.90 -
contig_74745_pilon:285-1611           -            442 5945at314147         -            794     7e-10   33.8   6.9   1   2   6.3e-07   7.5e-05   17.1   1.1   277   373    73   166    57   172 0.84 -
contig_74745_pilon:285-1611           -            442 5945at314147         -            794     7e-10   33.8   6.9   2   2     2e-07   2.4e-05   18.8   0.6    48   106   170   228   168   238 0.92 -
NW_025965230.1_RagTag:745185-767016   -             83 5945at314147         -            794   0.00035   14.9   0.1   1   1     3e-06   0.00035   14.9   0.1    91   154     9    71     1    80 0.77 -
NW_025965321.1_RagTag:3071935-3072925 -            329 5945at314147         -            794    0.0021   12.4   0.0   1   1   2.7e-05    0.0031   11.8   0.0   299   356     3    62     1    76 0.74 -
#
# Program:         hmmsearch
# Version:         3.1b2 (February 2015)
# Pipeline mode:   SEARCH
# Query file:      /home/bgerda/guppy_SUP/busco_downloads/lineages/glires_odb10/hmms/5945at314147.hmm
# Target file:     /home/bgerda/guppy_SUP/busco_results_flye/run_glires_odb10/metaeuk_output/rerun_results/ragtag.scaffold.fasta.modified.fas
# Option settings: hmmsearch --domtblout /home/bgerda/guppy_SUP/busco_results_flye/run_glires_odb10/hmmer_output/rerun_results/5945at314147.out --cpu 1 /home/bgerda/guppy_SUP/busco_downloads/lineages/glires_odb10/hmms/5945at314147.hmm /home/bgerda/guppy_SUP/busco_results_flye/run_glires_odb10/metaeuk_output/rerun_results/ragtag.scaffold.fasta.modified.fas 
# Current dir:     /home/bgerda/guppy_SUP
# Date:            Sun May 21 17:47:55 2023
# [ok]
