#                                                                                             --- full sequence --- -------------- this domain -------------   hmm coord   ali coord   env coord
# target name                         accession   tlen query name           accession   qlen   E-value  score  bias   #  of  c-Evalue  i-Evalue  score  bias  from    to  from    to  from    to  acc description of target
#                 ------------------- ---------- ----- -------------------- ---------- ----- --------- ------ ----- --- --- --------- --------- ------ ----- ----- ----- ----- ----- ----- ----- ---- ---------------------
NW_025965135.1_RagTag:475871-476245   -            125 5974at314147         -            660     3e-07   25.3   0.1   1   2     0.062        22   -0.7   0.0     9    76     7    73     3    78 0.67 -
NW_025965135.1_RagTag:475871-476245   -            125 5974at314147         -            660     3e-07   25.3   0.1   2   2   1.8e-09   6.2e-07   24.2   0.0   115   161    78   124    61   125 0.86 -
NW_025965307.1_RagTag:1481225-1481671 -            149 5974at314147         -            660   9.9e-07   23.6   2.1   1   2   0.00023     0.082    7.3   0.0   141   204    16    70     4    77 0.78 -
NW_025965307.1_RagTag:1481225-1481671 -            149 5974at314147         -            660   9.9e-07   23.6   2.1   2   2     6e-07   0.00021   15.8   0.7   134   205    82   144    69   148 0.79 -
NW_025965190.1_RagTag:123877-124569   -            231 5974at314147         -            660   0.00081   13.9   0.0   1   1   3.2e-06    0.0011   13.4   0.0   135   193   126   186   117   201 0.85 -
NW_025965318.1_RagTag:3881537-3882604 -            128 5974at314147         -            660     0.006   11.0   5.2   1   2    0.0015      0.51    4.7   0.3   183   204    34    55    24    63 0.88 -
NW_025965318.1_RagTag:3881537-3882604 -            128 5974at314147         -            660     0.006   11.0   5.2   2   2   7.2e-05     0.026    9.0   1.0   130   163    66    99    57   128 0.79 -
#
# Program:         hmmsearch
# Version:         3.1b2 (February 2015)
# Pipeline mode:   SEARCH
# Query file:      /home/bgerda/guppy_SUP/busco_downloads/lineages/glires_odb10/hmms/5974at314147.hmm
# Target file:     /home/bgerda/guppy_SUP/busco_results_flye/run_glires_odb10/metaeuk_output/rerun_results/ragtag.scaffold.fasta.modified.fas
# Option settings: hmmsearch --domtblout /home/bgerda/guppy_SUP/busco_results_flye/run_glires_odb10/hmmer_output/rerun_results/5974at314147.out --cpu 1 /home/bgerda/guppy_SUP/busco_downloads/lineages/glires_odb10/hmms/5974at314147.hmm /home/bgerda/guppy_SUP/busco_results_flye/run_glires_odb10/metaeuk_output/rerun_results/ragtag.scaffold.fasta.modified.fas 
# Current dir:     /home/bgerda/guppy_SUP
# Date:            Sun May 21 17:47:52 2023
# [ok]
