#                                                                                             --- full sequence --- -------------- this domain -------------   hmm coord   ali coord   env coord
# target name                         accession   tlen query name           accession   qlen   E-value  score  bias   #  of  c-Evalue  i-Evalue  score  bias  from    to  from    to  from    to  acc description of target
#                 ------------------- ---------- ----- -------------------- ---------- ----- --------- ------ ----- --- --- --------- --------- ------ ----- ----- ----- ----- ----- ----- ----- ---- ---------------------
NW_025965066.1_RagTag:88774-90354     -            181 6770at314147         -            740   6.6e-29   96.8   0.3   1   2   6.5e-06   0.00042   14.8   0.0   399   467    14    84    10    88 0.84 -
NW_025965066.1_RagTag:88774-90354     -            181 6770at314147         -            740   6.6e-29   96.8   0.3   2   2   1.3e-25   8.4e-24   79.9   0.1   518   620    90   181    85   181 0.90 -
NW_025965287.1_RagTag:77543-78792     -            357 6770at314147         -            740   8.6e-28   93.1   0.1   1   1   1.9e-29   1.2e-27   92.7   0.1   516   626    39   152    29   156 0.90 -
NW_025965548.1_RagTag:8831-2086       -            436 6770at314147         -            740   1.4e-27   92.4   0.8   1   2       3.3   2.1e+02   -4.0   0.0   205   258    78   126    76   138 0.53 -
NW_025965548.1_RagTag:8831-2086       -            436 6770at314147         -            740   1.4e-27   92.4   0.8   2   2     1e-27   6.5e-26   86.9   0.2   445   644   247   434   226   436 0.81 -
NW_025965313.1_RagTag:91187-92660     -            198 6770at314147         -            740     2e-19   65.5   0.0   1   2   8.1e-14   5.2e-12   41.0   0.0   523   595    73   140    63   161 0.83 -
NW_025965313.1_RagTag:91187-92660     -            198 6770at314147         -            740     2e-19   65.5   0.0   2   2   2.8e-08   1.8e-06   22.6   0.1   594   621   163   190   154   195 0.90 -
NW_025965222.1_RagTag:194675-192692   -            116 6770at314147         -            740   3.8e-18   61.2   0.0   1   1   6.7e-20   4.3e-18   61.1   0.0   581   676     1    96     1   109 0.91 -
NW_025965334.1_RagTag:180570-180424   -             49 6770at314147         -            740     4e-13   44.6   1.0   1   1   6.6e-15   4.2e-13   44.6   1.0   578   626     1    49     1    49 0.97 -
NW_025965321.1_RagTag:3058981-3059130 -             50 6770at314147         -            740   5.6e-12   40.9   0.0   1   1   9.1e-14   5.9e-12   40.8   0.0   554   600     2    50     1    50 0.96 -
NW_025965352.1_RagTag:111207-112713   -            273 6770at314147         -            740   5.8e-11   37.5   0.0   1   1   1.7e-12   1.1e-10   36.6   0.0   432   626    66   266    58   270 0.75 -
NW_025965321.1_RagTag:4471412-4470762 -            217 6770at314147         -            740     5e-10   34.4   0.0   1   1   1.3e-11   8.1e-10   33.7   0.0   409   613     9   200     3   214 0.81 -
NW_025965279.1_RagTag:87840-88469     -            210 6770at314147         -            740   3.9e-09   31.5   0.0   1   1   7.7e-11     5e-09   31.1   0.0   511   613    20   119     9   134 0.85 -
contig_66008_pilon:1783-2643          -            287 6770at314147         -            740   5.5e-09   31.0   0.0   1   1   1.9e-10   1.2e-08   29.8   0.0   439   665    16   227     7   232 0.77 -
contig_31429_pilon:300-887            -            196 6770at314147         -            740   7.2e-09   30.6   0.1   1   1   1.4e-10   8.7e-09   30.3   0.1   408   612     6   191     1   195 0.76 -
contig_34309_pilon:705-58             -            216 6770at314147         -            740     9e-09   30.2   0.0   1   1     2e-10   1.3e-08   29.8   0.0   519   625   108   211     4   216 0.73 -
contig_34501_pilon:2315-1617          -            233 6770at314147         -            740   2.2e-08   28.9   0.0   1   1   4.4e-10   2.8e-08   28.6   0.0   521   628    31   135    26   160 0.86 -
NW_025965099.1_RagTag:15123-16034     -            304 6770at314147         -            740   4.8e-07   24.5   0.2   1   1   1.1e-08   6.9e-07   24.0   0.2   443   619    63   224    35   232 0.79 -
NW_025965499.1_RagTag:3947-3072       -            292 6770at314147         -            740   1.1e-06   23.3   0.0   1   1   2.2e-08   1.4e-06   23.0   0.0   446   619    39   197    11   229 0.80 -
contig_37224_pilon:1729-2460          -            244 6770at314147         -            740   2.5e-06   22.2   0.0   1   1   4.2e-08   2.7e-06   22.1   0.0   451   613    43   191     2   238 0.82 -
NW_025965233.1_RagTag:123560-122163   -            466 6770at314147         -            740   2.9e-06   22.0   0.0   1   1     6e-08   3.8e-06   21.6   0.0   518   669   105   252    49   263 0.79 -
contig_83342_pilon:1449-964           -            162 6770at314147         -            740     7e-05   17.4   0.0   1   1   1.2e-06   7.8e-05   17.2   0.0   522   624    14   113     8   143 0.85 -
NW_025965072.1_RagTag:53632-54166     -            103 6770at314147         -            740     0.006   11.0   0.0   1   1   0.00012    0.0076   10.7   0.0   595   642    49    94    39   102 0.77 -
NW_025965256.1_RagTag:50807-50322     -            106 6770at314147         -            740     0.011   10.1   0.0   1   1   0.00018     0.011   10.1   0.0   513   563    40    89    16   102 0.83 -
NW_025965401.1_RagTag:66129-68169     -            216 6770at314147         -            740     0.012   10.0   0.0   1   1   0.00023     0.015    9.7   0.0   525   624    28   133     9   142 0.71 -
#
# Program:         hmmsearch
# Version:         3.1b2 (February 2015)
# Pipeline mode:   SEARCH
# Query file:      /home/bgerda/guppy_SUP/busco_downloads/lineages/glires_odb10/hmms/6770at314147.hmm
# Target file:     /home/bgerda/guppy_SUP/busco_results_flye/run_glires_odb10/metaeuk_output/rerun_results/ragtag.scaffold.fasta.modified.fas
# Option settings: hmmsearch --domtblout /home/bgerda/guppy_SUP/busco_results_flye/run_glires_odb10/hmmer_output/rerun_results/6770at314147.out --cpu 1 /home/bgerda/guppy_SUP/busco_downloads/lineages/glires_odb10/hmms/6770at314147.hmm /home/bgerda/guppy_SUP/busco_results_flye/run_glires_odb10/metaeuk_output/rerun_results/ragtag.scaffold.fasta.modified.fas 
# Current dir:     /home/bgerda/guppy_SUP
# Date:            Sun May 21 17:47:44 2023
# [ok]
