#                                                                                             --- full sequence --- -------------- this domain -------------   hmm coord   ali coord   env coord
# target name                         accession   tlen query name           accession   qlen   E-value  score  bias   #  of  c-Evalue  i-Evalue  score  bias  from    to  from    to  from    to  acc description of target
#                 ------------------- ---------- ----- -------------------- ---------- ----- --------- ------ ----- --- --- --------- --------- ------ ----- ----- ----- ----- ----- ----- ----- ---- ---------------------
contig_34309_pilon:705-58             -            216 8803at314147         -            773   5.1e-21   71.1   0.0   1   1   7.1e-23   5.9e-21   70.9   0.0   324   485    49   204     4   209 0.81 -
NW_025965099.1_RagTag:15123-16034     -            304 8803at314147         -            773   2.6e-18   62.2   0.1   1   1   4.1e-20   3.4e-18   61.8   0.1   313   516    53   255    31   265 0.80 -
contig_34501_pilon:2315-1617          -            233 8803at314147         -            773   4.4e-18   61.4   0.1   1   1   6.6e-20   5.5e-18   61.1   0.1   356   487     2   127     1   158 0.88 -
NW_025965233.1_RagTag:123560-122163   -            466 8803at314147         -            773   1.8e-17   59.4   0.0   1   1   2.7e-19   2.3e-17   59.1   0.0   329   486    52   203    13   254 0.89 -
contig_66008_pilon:1783-2643          -            287 8803at314147         -            773   5.6e-17   57.8   0.1   1   1   8.8e-19   7.3e-17   57.4   0.1   323   491    25   187     9   201 0.85 -
NW_025965499.1_RagTag:3947-3072       -            292 8803at314147         -            773     5e-16   54.6   0.1   1   1   7.1e-18   5.9e-16   54.4   0.1   334   489    51   200     8   234 0.84 -
contig_31429_pilon:300-887            -            196 8803at314147         -            773   1.6e-13   46.3   0.3   1   1   2.1e-15   1.8e-13   46.2   0.3   326   484    43   195     5   196 0.86 -
contig_37224_pilon:1729-2460          -            244 8803at314147         -            773   2.1e-13   46.0   0.0   1   1   2.9e-15   2.4e-13   45.7   0.0   334   487    50   197    39   241 0.85 -
NW_025965279.1_RagTag:87840-88469     -            210 8803at314147         -            773   9.8e-10   33.8   0.0   1   2   2.4e-11     2e-09   32.8   0.0   384   479    29   117    19   123 0.85 -
NW_025965279.1_RagTag:87840-88469     -            210 8803at314147         -            773   9.8e-10   33.8   0.0   2   2       1.5   1.3e+02   -3.0   0.0   500   534   162   196   159   201 0.83 -
NW_025965321.1_RagTag:4471412-4470762 -            217 8803at314147         -            773   1.3e-09   33.4   0.0   1   1   1.9e-11   1.6e-09   33.2   0.0   309   473    24   192     7   203 0.74 -
contig_83342_pilon:1449-964           -            162 8803at314147         -            773   1.6e-09   33.1   0.1   1   1   2.3e-11   1.9e-09   32.9   0.1   374   491     2   113     1   131 0.83 -
NW_025965256.1_RagTag:50807-50322     -            106 8803at314147         -            773   1.5e-06   23.3   0.0   1   1   1.8e-08   1.5e-06   23.3   0.0   379   434    41    95     1   102 0.83 -
NW_025965039.1_RagTag:243302-241628   -            156 8803at314147         -            773   8.1e-05   17.5   0.0   1   1   4.9e-06   0.00041   15.2   0.0   444   481    81   117    29   142 0.73 -
NW_025965401.1_RagTag:66129-68169     -            216 8803at314147         -            773   0.00011   17.1   0.0   1   1   1.4e-06   0.00012   17.0   0.0   383   502    22   144     1   171 0.76 -
NW_025965240.1_RagTag:98599-94629     -            305 8803at314147         -            773   0.00013   16.9   0.0   1   1   2.2e-06   0.00018   16.4   0.0   333   406   232   305   221   305 0.87 -
NW_025965548.1_RagTag:8831-2086       -            436 8803at314147         -            773   0.00014   16.8   0.0   1   1   2.2e-06   0.00019   16.4   0.0   330   427   258   368   245   388 0.75 -
NW_025965313.1_RagTag:91187-92660     -            198 8803at314147         -            773    0.0056   11.5   0.0   1   1     8e-05    0.0066   11.2   0.0   388   426    74   111    32   123 0.82 -
#
# Program:         hmmsearch
# Version:         3.1b2 (February 2015)
# Pipeline mode:   SEARCH
# Query file:      /home/bgerda/guppy_SUP/busco_downloads/lineages/glires_odb10/hmms/8803at314147.hmm
# Target file:     /home/bgerda/guppy_SUP/busco_results_flye/run_glires_odb10/metaeuk_output/rerun_results/ragtag.scaffold.fasta.modified.fas
# Option settings: hmmsearch --domtblout /home/bgerda/guppy_SUP/busco_results_flye/run_glires_odb10/hmmer_output/rerun_results/8803at314147.out --cpu 1 /home/bgerda/guppy_SUP/busco_downloads/lineages/glires_odb10/hmms/8803at314147.hmm /home/bgerda/guppy_SUP/busco_results_flye/run_glires_odb10/metaeuk_output/rerun_results/ragtag.scaffold.fasta.modified.fas 
# Current dir:     /home/bgerda/guppy_SUP
# Date:            Sun May 21 17:47:48 2023
# [ok]
