#                                                                                             --- full sequence --- -------------- this domain -------------   hmm coord   ali coord   env coord
# target name                         accession   tlen query name           accession   qlen   E-value  score  bias   #  of  c-Evalue  i-Evalue  score  bias  from    to  from    to  from    to  acc description of target
#                 ------------------- ---------- ----- -------------------- ---------- ----- --------- ------ ----- --- --- --------- --------- ------ ----- ----- ----- ----- ----- ----- ----- ---- ---------------------
NW_025965321.1_RagTag:3125694-3127790 -            699 9518at314147         -            718   1.1e-28   96.0  13.2   1   6      0.25        35   -1.6   0.0   497   550     2    54     1    73 0.77 -
NW_025965321.1_RagTag:3125694-3127790 -            699 9518at314147         -            718   1.1e-28   96.0  13.2   2   6   8.5e-08   1.2e-05   19.8   0.0   461   566    68   182    48   188 0.74 -
NW_025965321.1_RagTag:3125694-3127790 -            699 9518at314147         -            718   1.1e-28   96.0  13.2   3   6   2.3e-07   3.2e-05   18.4   0.0   163   266   183   303   179   305 0.80 -
NW_025965321.1_RagTag:3125694-3127790 -            699 9518at314147         -            718   1.1e-28   96.0  13.2   4   6   6.7e-10   9.5e-08   26.7   0.1   493   581   321   404   309   421 0.84 -
NW_025965321.1_RagTag:3125694-3127790 -            699 9518at314147         -            718   1.1e-28   96.0  13.2   5   6   5.1e-08   7.2e-06   20.5   1.8    95   265   420   613   406   627 0.74 -
NW_025965321.1_RagTag:3125694-3127790 -            699 9518at314147         -            718   1.1e-28   96.0  13.2   6   6   3.7e-06   0.00053   14.3   0.3   190   241   630   689   620   694 0.77 -
contig_79756_pilon:1648-46            -            499 9518at314147         -            718   2.6e-17   58.3   1.1   1   2   2.8e-14     4e-12   41.2   0.1    74   308    94   338    76   353 0.75 -
contig_79756_pilon:1648-46            -            499 9518at314147         -            718   2.6e-17   58.3   1.1   2   2   1.3e-06   0.00019   15.8   0.1    73   177   372   490   354   497 0.71 -
NW_025965316.1_RagTag:4900-38359      -            544 9518at314147         -            718   8.9e-15   50.0   0.5   1   2   3.9e-08   5.6e-06   20.9   0.1   290   381    32   121     9   129 0.87 -
NW_025965316.1_RagTag:4900-38359      -            544 9518at314147         -            718   8.9e-15   50.0   0.5   2   2   6.4e-10   9.1e-08   26.8   0.0   101   274   218   416   183   437 0.74 -
contig_4173_pilon:2502-383            -            689 9518at314147         -            718   1.3e-14   49.4   6.5   1   3     0.002      0.28    5.3   0.1   192   234   140   186   116   195 0.80 -
contig_4173_pilon:2502-383            -            689 9518at314147         -            718   1.3e-14   49.4   6.5   2   3   3.8e-09   5.4e-07   24.2   0.9   103   234   145   288   142   301 0.79 -
contig_4173_pilon:2502-383            -            689 9518at314147         -            718   1.3e-14   49.4   6.5   3   3   1.9e-09   2.7e-07   25.2   0.5    83   214   330   479   295   517 0.72 -
NW_025965316.1_RagTag:27137-28973     -            602 9518at314147         -            718   1.6e-14   49.1   5.8   1   2   9.9e-10   1.4e-07   26.2   0.4   105   235    67   211    61   225 0.76 -
NW_025965316.1_RagTag:27137-28973     -            602 9518at314147         -            718   1.6e-14   49.1   5.8   2   2   3.3e-09   4.6e-07   24.4   0.8    84   214   250   398   235   430 0.71 -
NW_025965322.1_RagTag:3583669-3582712 -            315 9518at314147         -            718   2.2e-13   45.3   2.5   1   2   1.3e-08   1.8e-06   22.5   0.4   159   328    13   196     1   197 0.79 -
NW_025965322.1_RagTag:3583669-3582712 -            315 9518at314147         -            718   2.2e-13   45.3   2.5   2   2   5.8e-11   8.2e-09   30.2   0.1    75   234   133   311   130   314 0.70 -
NW_025965314.1_RagTag:1537800-1539776 -            659 9518at314147         -            718   2.3e-12   42.0   7.9   1   2   1.8e-09   2.5e-07   25.3   0.7    99   263    96   281    59   284 0.68 -
NW_025965314.1_RagTag:1537800-1539776 -            659 9518at314147         -            718   2.3e-12   42.0   7.9   2   2   3.2e-08   4.5e-06   21.2   2.4   459   569   260   379   250   481 0.84 -
NW_025965316.1_RagTag:40544-44819     -            540 9518at314147         -            718   4.4e-10   34.4   0.3   1   4   6.5e-05    0.0092   10.2   0.0   213   326    17   137     8   192 0.77 -
NW_025965316.1_RagTag:40544-44819     -            540 9518at314147         -            718   4.4e-10   34.4   0.3   2   4   0.00049     0.069    7.3   0.1   190   234   302   346   296   358 0.85 -
NW_025965316.1_RagTag:40544-44819     -            540 9518at314147         -            718   4.4e-10   34.4   0.3   3   4      0.14        20   -0.8   0.0   459   523   384   444   369   452 0.75 -
NW_025965316.1_RagTag:40544-44819     -            540 9518at314147         -            718   4.4e-10   34.4   0.3   4   4      0.12        17   -0.5   0.0   125   199   456   537   442   540 0.63 -
NW_025965316.1_RagTag:27865-28497     -            211 9518at314147         -            718   2.5e-08   28.6   0.2   1   1   2.1e-10   2.9e-08   28.4   0.2    85   215    12   160     2   196 0.70 -
NW_025965322.1_RagTag:388840-388481   -            120 9518at314147         -            718   3.3e-05   18.3   0.4   1   2   0.00016     0.022    9.0   0.2   190   236    11    58     5    66 0.75 -
NW_025965322.1_RagTag:388840-388481   -            120 9518at314147         -            718   3.3e-05   18.3   0.4   2   2   0.00036     0.051    7.8   0.0   447   491    65   113    62   119 0.71 -
#
# Program:         hmmsearch
# Version:         3.1b2 (February 2015)
# Pipeline mode:   SEARCH
# Query file:      /home/bgerda/guppy_SUP/busco_downloads/lineages/glires_odb10/hmms/9518at314147.hmm
# Target file:     /home/bgerda/guppy_SUP/busco_results_flye/run_glires_odb10/metaeuk_output/rerun_results/ragtag.scaffold.fasta.modified.fas
# Option settings: hmmsearch --domtblout /home/bgerda/guppy_SUP/busco_results_flye/run_glires_odb10/hmmer_output/rerun_results/9518at314147.out --cpu 1 /home/bgerda/guppy_SUP/busco_downloads/lineages/glires_odb10/hmms/9518at314147.hmm /home/bgerda/guppy_SUP/busco_results_flye/run_glires_odb10/metaeuk_output/rerun_results/ragtag.scaffold.fasta.modified.fas 
# Current dir:     /home/bgerda/guppy_SUP
# Date:            Sun May 21 17:47:49 2023
# [ok]
