#                                                                                             --- full sequence --- -------------- this domain -------------   hmm coord   ali coord   env coord
# target name                         accession   tlen query name           accession   qlen   E-value  score  bias   #  of  c-Evalue  i-Evalue  score  bias  from    to  from    to  from    to  acc description of target
#                 ------------------- ---------- ----- -------------------- ---------- ----- --------- ------ ----- --- --- --------- --------- ------ ----- ----- ----- ----- ----- ----- ----- ---- ---------------------
contig_18340_pilon:996-2162           -            389 11663at314147        -            424     8e-59  195.7  58.2   1   7   2.2e-12   4.1e-11   38.5   0.8   373   423     1    51     1    52 0.97 -
contig_18340_pilon:996-2162           -            389 11663at314147        -            424     8e-59  195.7  58.2   2   7   1.6e-09     3e-08   29.1   3.4   370   423    54   107    50   108 0.94 -
contig_18340_pilon:996-2162           -            389 11663at314147        -            424     8e-59  195.7  58.2   3   7   1.1e-10   2.1e-09   32.9   2.6   369   423   109   163   105   166 0.95 -
contig_18340_pilon:996-2162           -            389 11663at314147        -            424     8e-59  195.7  58.2   4   7     1e-10   1.9e-09   33.0   2.7   370   423   166   219   163   220 0.95 -
contig_18340_pilon:996-2162           -            389 11663at314147        -            424     8e-59  195.7  58.2   5   7     3e-09   5.5e-08   28.2   2.0   369   423   221   275   216   276 0.93 -
contig_18340_pilon:996-2162           -            389 11663at314147        -            424     8e-59  195.7  58.2   6   7   6.2e-11   1.1e-09   33.7   3.7   369   423   277   331   272   332 0.94 -
contig_18340_pilon:996-2162           -            389 11663at314147        -            424     8e-59  195.7  58.2   7   7   3.3e-11     6e-10   34.6   1.9   369   423   333   387   329   388 0.94 -
NW_025965039.1_RagTag:272612-271716   -            299 11663at314147        -            424   1.4e-49  165.2  51.8   1   7   2.3e-09   4.1e-08   28.6   0.5   359   423    40   104    28   105 0.89 -
NW_025965039.1_RagTag:272612-271716   -            299 11663at314147        -            424   1.4e-49  165.2  51.8   2   7     3e-11   5.6e-10   34.8   2.7   366   420   103   157    97   160 0.88 -
NW_025965039.1_RagTag:272612-271716   -            299 11663at314147        -            424   1.4e-49  165.2  51.8   3   7   2.7e-10     5e-09   31.6   2.7   371   420   136   185   133   189 0.89 -
NW_025965039.1_RagTag:272612-271716   -            299 11663at314147        -            424   1.4e-49  165.2  51.8   4   7     2e-09   3.6e-08   28.8   2.0   361   423   154   216   151   217 0.92 -
NW_025965039.1_RagTag:272612-271716   -            299 11663at314147        -            424   1.4e-49  165.2  51.8   5   7   8.3e-12   1.5e-10   36.6   1.3   369   423   190   244   183   245 0.95 -
NW_025965039.1_RagTag:272612-271716   -            299 11663at314147        -            424   1.4e-49  165.2  51.8   6   7   2.3e-12   4.1e-11   38.5   0.5   370   412   219   261   214   263 0.95 -
NW_025965039.1_RagTag:272612-271716   -            299 11663at314147        -            424   1.4e-49  165.2  51.8   7   7     8e-13   1.5e-11   40.0   0.8   371   419   248   296   245   298 0.93 -
NW_025965432.1_RagTag:532065-533174   -            370 11663at314147        -            424   1.5e-49  165.1  60.4   1   7   1.4e-10   2.5e-09   32.6   3.3   368   421     5    58     1    61 0.89 -
NW_025965432.1_RagTag:532065-533174   -            370 11663at314147        -            424   1.5e-49  165.1  60.4   2   7   7.4e-09   1.4e-07   26.9   5.2   362   423    55   116    50   117 0.91 -
NW_025965432.1_RagTag:532065-533174   -            370 11663at314147        -            424   1.5e-49  165.1  60.4   3   7   1.2e-10   2.1e-09   32.9   2.0   370   419   119   168   114   169 0.95 -
NW_025965432.1_RagTag:532065-533174   -            370 11663at314147        -            424   1.5e-49  165.1  60.4   4   7   5.1e-11   9.3e-10   34.0   1.6   370   423   147   200   145   201 0.95 -
NW_025965432.1_RagTag:532065-533174   -            370 11663at314147        -            424   1.5e-49  165.1  60.4   5   7     7e-10   1.3e-08   30.3   2.8   370   423   203   256   198   257 0.93 -
NW_025965432.1_RagTag:532065-533174   -            370 11663at314147        -            424   1.5e-49  165.1  60.4   6   7   2.4e-09   4.3e-08   28.5   3.3   369   422   258   311   254   313 0.92 -
NW_025965432.1_RagTag:532065-533174   -            370 11663at314147        -            424   1.5e-49  165.1  60.4   7   7   7.1e-10   1.3e-08   30.3   4.0   370   423   315   368   310   369 0.93 -
NW_025965182.1_RagTag:1758025-1759086 -            354 11663at314147        -            424   2.3e-45  151.3  37.9   1   7   1.9e-06   3.5e-05   19.0   0.1   378   420     1    43     1    47 0.92 -
NW_025965182.1_RagTag:1758025-1759086 -            354 11663at314147        -            424   2.3e-45  151.3  37.9   2   7   1.8e-07   3.2e-06   22.4   1.0   369   423    48   102    41   102 0.90 -
NW_025965182.1_RagTag:1758025-1759086 -            354 11663at314147        -            424   2.3e-45  151.3  37.9   3   7   1.5e-07   2.7e-06   22.6   0.3   389   423    96   130    92   131 0.93 -
NW_025965182.1_RagTag:1758025-1759086 -            354 11663at314147        -            424   2.3e-45  151.3  37.9   4   7   2.9e-11   5.3e-10   34.8   0.9   371   423   134   186   131   187 0.92 -
NW_025965182.1_RagTag:1758025-1759086 -            354 11663at314147        -            424   2.3e-45  151.3  37.9   5   7   5.2e-08   9.5e-07   24.1   1.7   370   423   189   242   185   243 0.94 -
NW_025965182.1_RagTag:1758025-1759086 -            354 11663at314147        -            424   2.3e-45  151.3  37.9   6   7   5.3e-10   9.7e-09   30.7   0.5   369   423   244   298   241   300 0.96 -
NW_025965182.1_RagTag:1758025-1759086 -            354 11663at314147        -            424   2.3e-45  151.3  37.9   7   7     2e-08   3.6e-07   25.5   1.4   370   420   301   351   298   354 0.94 -
contig_36320_pilon:1246-2160          -            305 11663at314147        -            424   4.6e-42  140.5  44.4   1   6   1.2e-07   2.2e-06   22.9   2.3   373   423     1    51     1    52 0.94 -
contig_36320_pilon:1246-2160          -            305 11663at314147        -            424   4.6e-42  140.5  44.4   2   6   1.5e-10   2.8e-09   32.5   2.1   369   423    53   107    46   108 0.93 -
contig_36320_pilon:1246-2160          -            305 11663at314147        -            424   4.6e-42  140.5  44.4   3   6   1.6e-10   2.9e-09   32.4   1.2   369   423   109   163   105   164 0.94 -
contig_36320_pilon:1246-2160          -            305 11663at314147        -            424   4.6e-42  140.5  44.4   4   6   3.7e-11   6.8e-10   34.5   2.1   369   423   165   219   161   220 0.94 -
contig_36320_pilon:1246-2160          -            305 11663at314147        -            424   4.6e-42  140.5  44.4   5   6   5.1e-11   9.4e-10   34.0   3.6   369   423   221   275   217   276 0.95 -
contig_36320_pilon:1246-2160          -            305 11663at314147        -            424   4.6e-42  140.5  44.4   6   6   1.6e-05    0.0003   15.9   1.4   388   423   268   303   266   304 0.93 -
NW_025965341.1_RagTag:10217-11053     -            279 11663at314147        -            424   6.1e-42  140.1  28.0   1   5   1.1e-09     2e-08   29.6   1.1   375   421     2    48     1    52 0.90 -
NW_025965341.1_RagTag:10217-11053     -            279 11663at314147        -            424   6.1e-42  140.1  28.0   2   5   1.5e-09   2.8e-08   29.2   1.4   369   420    52   103    49   107 0.91 -
NW_025965341.1_RagTag:10217-11053     -            279 11663at314147        -            424   6.1e-42  140.1  28.0   3   5   5.9e-09   1.1e-07   27.2   0.9   368   414   107   153   100   160 0.92 -
NW_025965341.1_RagTag:10217-11053     -            279 11663at314147        -            424   6.1e-42  140.1  28.0   4   5   2.7e-12     5e-11   38.2   0.9   365   423   163   219   153   220 0.85 -
NW_025965341.1_RagTag:10217-11053     -            279 11663at314147        -            424   6.1e-42  140.1  28.0   5   5   4.5e-11   8.4e-10   34.2   0.3   370   423   222   275   217   276 0.94 -
contig_70752_pilon:952-1602           -            217 11663at314147        -            424   1.6e-39  132.1  46.7   1   6   9.3e-11   1.7e-09   33.2   1.5   369   423    20    74    14    75 0.93 -
contig_70752_pilon:952-1602           -            217 11663at314147        -            424   1.6e-39  132.1  46.7   2   6   1.3e-11   2.3e-10   36.0   2.0   370   423    49   102    46   103 0.96 -
contig_70752_pilon:952-1602           -            217 11663at314147        -            424   1.6e-39  132.1  46.7   3   6   1.6e-10   2.9e-09   32.4   2.2   370   423    77   130    74   131 0.95 -
contig_70752_pilon:952-1602           -            217 11663at314147        -            424   1.6e-39  132.1  46.7   4   6     1e-09   1.9e-08   29.7   1.8   370   423   105   158   101   159 0.94 -
contig_70752_pilon:952-1602           -            217 11663at314147        -            424   1.6e-39  132.1  46.7   5   6   6.6e-11   1.2e-09   33.6   1.2   370   423   133   186   131   187 0.96 -
contig_70752_pilon:952-1602           -            217 11663at314147        -            424   1.6e-39  132.1  46.7   6   6   2.8e-09   5.1e-08   28.3   1.5   369   417   160   208   156   215 0.91 -
contig_52188_pilon:1058-384           -            225 11663at314147        -            424   2.3e-39  131.6  30.8   1   4   1.6e-13     3e-12   42.2   1.7   370   423     3    56     1    57 0.96 -
contig_52188_pilon:1058-384           -            225 11663at314147        -            424   2.3e-39  131.6  30.8   2   4   6.1e-11   1.1e-09   33.8   3.3   370   423    59   112    55   113 0.95 -
contig_52188_pilon:1058-384           -            225 11663at314147        -            424   2.3e-39  131.6  30.8   3   4   5.4e-10   9.8e-09   30.7   2.9   369   423   114   168   110   169 0.95 -
contig_52188_pilon:1058-384           -            225 11663at314147        -            424   2.3e-39  131.6  30.8   4   4   1.6e-13     3e-12   42.2   2.3   369   423   170   224   166   225 0.95 -
NW_025965071.1_RagTag:3226-4467       -            414 11663at314147        -            424     7e-38  126.7  39.9   1  10     0.038      0.69    4.8   0.1   374   419     2    46     1    51 0.77 -
NW_025965071.1_RagTag:3226-4467       -            414 11663at314147        -            424     7e-38  126.7  39.9   2  10     0.042      0.77    4.6   0.1   370   408    25    63    13    74 0.76 -
NW_025965071.1_RagTag:3226-4467       -            414 11663at314147        -            424     7e-38  126.7  39.9   3  10   1.2e-05   0.00021   16.4   0.3   370   419    81   130    64   136 0.85 -
NW_025965071.1_RagTag:3226-4467       -            414 11663at314147        -            424     7e-38  126.7  39.9   4  10     3e-05   0.00056   15.0   0.5   368   419   163   214   128   214 0.86 -
NW_025965071.1_RagTag:3226-4467       -            414 11663at314147        -            424     7e-38  126.7  39.9   5  10   3.8e-10   7.1e-09   31.1   2.8   360   423   183   246   156   247 0.80 -
NW_025965071.1_RagTag:3226-4467       -            414 11663at314147        -            424     7e-38  126.7  39.9   6  10   4.7e-11   8.6e-10   34.1   3.2   370   420   249   299   245   303 0.92 -
NW_025965071.1_RagTag:3226-4467       -            414 11663at314147        -            424     7e-38  126.7  39.9   7  10   6.1e-07   1.1e-05   20.6   0.4   387   423   294   330   289   331 0.89 -
NW_025965071.1_RagTag:3226-4467       -            414 11663at314147        -            424     7e-38  126.7  39.9   8  10     2e-10   3.6e-09   32.1   0.5   370   421   305   356   301   358 0.93 -
NW_025965071.1_RagTag:3226-4467       -            414 11663at314147        -            424     7e-38  126.7  39.9   9  10   9.5e-10   1.7e-08   29.8   0.3   370   411   333   374   329   380 0.92 -
NW_025965071.1_RagTag:3226-4467       -            414 11663at314147        -            424     7e-38  126.7  39.9  10  10   3.1e-05   0.00057   15.0   0.6   390   423   381   414   375   414 0.89 -
contig_33351_pilon:8-595              -            196 11663at314147        -            424   1.4e-37  125.7  37.3   1   5   9.1e-10   1.7e-08   29.9   1.2   371   423     1    53     1    54 0.95 -
contig_33351_pilon:8-595              -            196 11663at314147        -            424   1.4e-37  125.7  37.3   2   5   3.7e-12   6.8e-11   37.8   1.7   369   423    55   109    51   110 0.95 -
contig_33351_pilon:8-595              -            196 11663at314147        -            424   1.4e-37  125.7  37.3   3   5   4.9e-11     9e-10   34.1   1.4   370   423    84   137    80   138 0.95 -
contig_33351_pilon:8-595              -            196 11663at314147        -            424   1.4e-37  125.7  37.3   4   5   2.2e-11   4.1e-10   35.2   1.8   370   423   112   165   108   166 0.95 -
contig_33351_pilon:8-595              -            196 11663at314147        -            424   1.4e-37  125.7  37.3   5   5   6.6e-12   1.2e-10   36.9   2.1   370   423   140   193   136   194 0.96 -
contig_43334_pilon:1277-1996          -            240 11663at314147        -            424   5.2e-37  123.8  28.9   1   5   5.8e-10   1.1e-08   30.5   1.4   370   423     3    56     1    57 0.94 -
contig_43334_pilon:1277-1996          -            240 11663at314147        -            424   5.2e-37  123.8  28.9   2   5   2.7e-11     5e-10   34.9   1.7   369   423    58   112    54   113 0.93 -
contig_43334_pilon:1277-1996          -            240 11663at314147        -            424   5.2e-37  123.8  28.9   3   5   9.8e-11   1.8e-09   33.1   1.4   369   423   114   168   109   168 0.93 -
contig_43334_pilon:1277-1996          -            240 11663at314147        -            424   5.2e-37  123.8  28.9   4   5   1.8e-10   3.3e-09   32.2   1.6   369   423   142   196   138   197 0.94 -
contig_43334_pilon:1277-1996          -            240 11663at314147        -            424   5.2e-37  123.8  28.9   5   5   1.2e-09   2.2e-08   29.5   1.3   369   410   198   239   193   240 0.94 -
NW_025965250.1_RagTag:151698-54140    -            212 11663at314147        -            424   6.3e-37  123.5  16.8   1   4   8.8e-12   1.6e-10   36.5   0.3   361   419     6    64     2    69 0.89 -
NW_025965250.1_RagTag:151698-54140    -            212 11663at314147        -            424   6.3e-37  123.5  16.8   2   4   3.5e-12   6.4e-11   37.9   0.5   367   417    68   118    60   120 0.88 -
NW_025965250.1_RagTag:151698-54140    -            212 11663at314147        -            424   6.3e-37  123.5  16.8   3   4   5.6e-13     1e-11   40.5   0.7   371   421   100   150    97   153 0.92 -
NW_025965250.1_RagTag:151698-54140    -            212 11663at314147        -            424   6.3e-37  123.5  16.8   4   4   7.2e-12   1.3e-10   36.8   1.5   369   423   154   208   149   209 0.94 -
NW_025965022.1_RagTag:266833-265871   -            321 11663at314147        -            424   9.1e-36  119.7  35.6   1   7   0.00033    0.0061   11.6   0.3   387   423     6    42     4    43 0.92 -
NW_025965022.1_RagTag:266833-265871   -            321 11663at314147        -            424   9.1e-36  119.7  35.6   2   7   1.2e-10   2.1e-09   32.8   1.3   369   423    44    98    40    99 0.95 -
NW_025965022.1_RagTag:266833-265871   -            321 11663at314147        -            424   9.1e-36  119.7  35.6   3   7   6.1e-11   1.1e-09   33.8   1.5   370   422   128   180   117   182 0.93 -
NW_025965022.1_RagTag:266833-265871   -            321 11663at314147        -            424   9.1e-36  119.7  35.6   4   7   4.1e-10   7.5e-09   31.0   1.2   369   423   183   237   178   238 0.95 -
NW_025965022.1_RagTag:266833-265871   -            321 11663at314147        -            424   9.1e-36  119.7  35.6   5   7   2.4e-09   4.3e-08   28.5   1.6   370   421   212   263   211   266 0.93 -
NW_025965022.1_RagTag:266833-265871   -            321 11663at314147        -            424   9.1e-36  119.7  35.6   6   7   6.5e-08   1.2e-06   23.8   2.6   370   423   240   293   237   294 0.91 -
NW_025965022.1_RagTag:266833-265871   -            321 11663at314147        -            424   9.1e-36  119.7  35.6   7   7   1.1e-07   2.1e-06   23.0   1.3   370   420   268   318   265   321 0.91 -
NW_025965341.1_RagTag:50520-49825     -            232 11663at314147        -            424   1.7e-33  112.2  20.4   1   4   3.5e-12   6.4e-11   37.9   0.6   367   420     8    61     2    65 0.88 -
NW_025965341.1_RagTag:50520-49825     -            232 11663at314147        -            424   1.7e-33  112.2  20.4   2   4   2.9e-13   5.3e-12   41.4   1.2   370   423    67   120    63   121 0.95 -
NW_025965341.1_RagTag:50520-49825     -            232 11663at314147        -            424   1.7e-33  112.2  20.4   3   4   9.2e-08   1.7e-06   23.3   0.4   370   413   123   166   118   177 0.86 -
NW_025965341.1_RagTag:50520-49825     -            232 11663at314147        -            424   1.7e-33  112.2  20.4   4   4   1.3e-07   2.3e-06   22.8   1.2   369   420   178   229   167   232 0.90 -
contig_10836_pilon:117-731            -            205 11663at314147        -            424   6.8e-33  110.3  41.2   1   5   7.7e-13   1.4e-11   40.0   3.1   369   423     7    61     2    62 0.94 -
contig_10836_pilon:117-731            -            205 11663at314147        -            424   6.8e-33  110.3  41.2   2   5   3.1e-08   5.7e-07   24.8   1.7   370   423    64   117    60   118 0.91 -
contig_10836_pilon:117-731            -            205 11663at314147        -            424   6.8e-33  110.3  41.2   3   5     8e-10   1.5e-08   30.1   1.0   370   423    92   145    91   146 0.95 -
contig_10836_pilon:117-731            -            205 11663at314147        -            424   6.8e-33  110.3  41.2   4   5   2.2e-11   4.1e-10   35.2   2.5   367   423   117   173   105   174 0.88 -
contig_10836_pilon:117-731            -            205 11663at314147        -            424   6.8e-33  110.3  41.2   5   5   1.4e-09   2.6e-08   29.3   3.1   370   421   148   199   144   202 0.90 -
NW_025965289.1_RagTag:81543-82196     -            218 11663at314147        -            424   2.1e-32  108.6  18.8   1   4   5.6e-11     1e-09   33.9   1.7   362   423    10    72     4    73 0.88 -
NW_025965289.1_RagTag:81543-82196     -            218 11663at314147        -            424   2.1e-32  108.6  18.8   2   4   3.1e-12   5.6e-11   38.0   0.8   367   412    72   117    63   120 0.90 -
NW_025965289.1_RagTag:81543-82196     -            218 11663at314147        -            424   2.1e-32  108.6  18.8   3   4   6.8e-11   1.3e-09   33.6   0.5   371   423   104   156   104   157 0.97 -
NW_025965289.1_RagTag:81543-82196     -            218 11663at314147        -            424   2.1e-32  108.6  18.8   4   4   2.2e-10   4.1e-09   31.9   1.0   369   422   158   211   154   213 0.91 -
contig_59446_pilon:2-793              -            208 11663at314147        -            424   3.1e-32  108.1  27.4   1   4   5.8e-07   1.1e-05   20.6   2.0   387   423     3    39     1    40 0.94 -
contig_59446_pilon:2-793              -            208 11663at314147        -            424   3.1e-32  108.1  27.4   2   4   2.3e-11   4.3e-10   35.1   1.7   369   423    41    95    37    96 0.95 -
contig_59446_pilon:2-793              -            208 11663at314147        -            424   3.1e-32  108.1  27.4   3   4   4.3e-10     8e-09   31.0   3.1   369   423    97   151    93   152 0.94 -
contig_59446_pilon:2-793              -            208 11663at314147        -            424   3.1e-32  108.1  27.4   4   4   3.9e-12   7.2e-11   37.7   0.9   370   422   154   206   150   208 0.93 -
contig_36320_pilon:558-1202           -            215 11663at314147        -            424   3.9e-32  107.8  24.9   1   4   8.1e-09   1.5e-07   26.8   0.6   370   423     3    56     1    57 0.93 -
contig_36320_pilon:558-1202           -            215 11663at314147        -            424   3.9e-32  107.8  24.9   2   4   8.6e-11   1.6e-09   33.3   3.0   369   423    58   112    51   113 0.93 -
contig_36320_pilon:558-1202           -            215 11663at314147        -            424   3.9e-32  107.8  24.9   3   4   8.4e-11   1.5e-09   33.3   2.1   369   423   114   168   110   169 0.94 -
contig_36320_pilon:558-1202           -            215 11663at314147        -            424   3.9e-32  107.8  24.9   4   4     1e-09   1.8e-08   29.8   1.1   369   412   170   213   165   215 0.94 -
NW_025965375.1_RagTag:158129-157515   -            205 11663at314147        -            424   4.3e-31  104.3  24.0   1   5   5.3e-05   0.00098   14.2   0.1   394   423     4    33     1    34 0.88 -
NW_025965375.1_RagTag:158129-157515   -            205 11663at314147        -            424   4.3e-31  104.3  24.0   2   5   2.4e-10   4.3e-09   31.8   0.7   370   422    36    88    32    90 0.93 -
NW_025965375.1_RagTag:158129-157515   -            205 11663at314147        -            424   4.3e-31  104.3  24.0   3   5     4e-11   7.3e-10   34.4   0.5   370   420    64   114    60   117 0.92 -
NW_025965375.1_RagTag:158129-157515   -            205 11663at314147        -            424   4.3e-31  104.3  24.0   4   5     9e-11   1.6e-09   33.2   0.4   370   423    92   145    89   146 0.92 -
NW_025965375.1_RagTag:158129-157515   -            205 11663at314147        -            424   4.3e-31  104.3  24.0   5   5   2.8e-10   5.1e-09   31.6   0.7   369   422   147   200   140   202 0.89 -
NW_025965341.1_RagTag:79016-79627     -            204 11663at314147        -            424   8.4e-31  103.4  18.3   1   4     5e-08   9.2e-07   24.2   1.0   369   423     7    61     2    62 0.92 -
NW_025965341.1_RagTag:79016-79627     -            204 11663at314147        -            424   8.4e-31  103.4  18.3   2   4   0.00015    0.0027   12.8   0.2   383   423    49    89    48    90 0.85 -
NW_025965341.1_RagTag:79016-79627     -            204 11663at314147        -            424   8.4e-31  103.4  18.3   3   4   2.2e-11   4.1e-10   35.2   2.3   369   422    91   144    86   146 0.90 -
NW_025965341.1_RagTag:79016-79627     -            204 11663at314147        -            424   8.4e-31  103.4  18.3   4   4   1.4e-14   2.5e-13   45.8   0.6   369   423   147   201   143   202 0.96 -
NW_025965028.1_RagTag:357538-358857   -            372 11663at314147        -            424   1.2e-30  102.9  17.9   1   4   1.3e-17   2.4e-16   55.8   0.2     6   109    11   114     7   140 0.86 -
NW_025965028.1_RagTag:357538-358857   -            372 11663at314147        -            424   1.2e-30  102.9  17.9   2   4       2.4        43   -1.1   0.0   399   420   261   282   243   286 0.70 -
NW_025965028.1_RagTag:357538-358857   -            372 11663at314147        -            424   1.2e-30  102.9  17.9   3   4   6.8e-14   1.2e-12   43.5   1.8   368   421   286   339   279   341 0.93 -
NW_025965028.1_RagTag:357538-358857   -            372 11663at314147        -            424   1.2e-30  102.9  17.9   4   4   5.5e-09     1e-07   27.3   3.6   371   423   317   369   315   370 0.96 -
contig_78026_pilon:1141-2283          -            381 11663at314147        -            424     4e-30  101.1  31.7   1   6     0.043      0.79    4.6   0.1   375   421     1    50     1    53 0.86 -
contig_78026_pilon:1141-2283          -            381 11663at314147        -            424     4e-30  101.1  31.7   2   6   1.1e-05   0.00021   16.4   1.1   369   422    55   112    50   114 0.82 -
contig_78026_pilon:1141-2283          -            381 11663at314147        -            424     4e-30  101.1  31.7   3   6   8.9e-14   1.6e-12   43.1   3.9   361   423   138   200   133   201 0.92 -
contig_78026_pilon:1141-2283          -            381 11663at314147        -            424     4e-30  101.1  31.7   4   6   9.8e-11   1.8e-09   33.1   1.4   370   420   175   225   174   230 0.90 -
contig_78026_pilon:1141-2283          -            381 11663at314147        -            424     4e-30  101.1  31.7   5   6   2.2e-12     4e-11   38.5   0.8   369   423   297   351   290   352 0.95 -
contig_78026_pilon:1141-2283          -            381 11663at314147        -            424     4e-30  101.1  31.7   6   6    0.0014     0.026    9.5   0.1   368   397   352   381   349   381 0.93 -
NW_025965301.1_RagTag:107837-107190   -            216 11663at314147        -            424   3.4e-29   98.1  15.2   1   4   4.6e-08   8.4e-07   24.3   0.2   367   412    19    70    10    71 0.78 -
NW_025965301.1_RagTag:107837-107190   -            216 11663at314147        -            424   3.4e-29   98.1  15.2   2   4   1.6e-08   2.9e-07   25.8   0.3   381   421    67   107    63   110 0.91 -
NW_025965301.1_RagTag:107837-107190   -            216 11663at314147        -            424   3.4e-29   98.1  15.2   3   4   3.4e-11   6.3e-10   34.6   0.7   368   423   110   165   103   166 0.89 -
NW_025965301.1_RagTag:107837-107190   -            216 11663at314147        -            424   3.4e-29   98.1  15.2   4   4   9.4e-09   1.7e-07   26.6   1.2   369   416   167   213   156   216 0.85 -
NW_025965190.1_RagTag:125753-126253   -            167 11663at314147        -            424   5.2e-29   97.5  20.0   1   4     2e-06   3.6e-05   18.9   0.1   389   423     2    36     1    37 0.87 -
NW_025965190.1_RagTag:125753-126253   -            167 11663at314147        -            424   5.2e-29   97.5  20.0   2   4     4e-10   7.4e-09   31.1   1.1   369   423    38    92    32    93 0.92 -
NW_025965190.1_RagTag:125753-126253   -            167 11663at314147        -            424   5.2e-29   97.5  20.0   3   4   1.6e-13   2.8e-12   42.3   1.7   369   422    94   147    89   148 0.93 -
NW_025965190.1_RagTag:125753-126253   -            167 11663at314147        -            424   5.2e-29   97.5  20.0   4   4   1.7e-11   3.2e-10   35.6   0.3   370   411   123   164   121   166 0.96 -
NW_025965436.1_RagTag:1617-781        -            279 11663at314147        -            424   5.9e-29   97.3  51.3   1   5   0.00096     0.018   10.1   6.4   373   423     1    51     1    52 0.94 -
NW_025965436.1_RagTag:1617-781        -            279 11663at314147        -            424   5.9e-29   97.3  51.3   2   5   7.6e-07   1.4e-05   20.3   3.2   370   423    54   107    50   108 0.95 -
NW_025965436.1_RagTag:1617-781        -            279 11663at314147        -            424   5.9e-29   97.3  51.3   3   5     6e-09   1.1e-07   27.2   4.9   374   423   114   163   109   164 0.94 -
NW_025965436.1_RagTag:1617-781        -            279 11663at314147        -            424   5.9e-29   97.3  51.3   4   5   2.4e-08   4.3e-07   25.2   2.7   369   423   165   219   162   220 0.93 -
NW_025965436.1_RagTag:1617-781        -            279 11663at314147        -            424   5.9e-29   97.3  51.3   5   5   1.7e-12   3.2e-11   38.8   4.3   370   423   222   275   217   276 0.94 -
NW_025965230.1_RagTag:917436-916915   -            174 11663at314147        -            424     6e-29   97.2  18.1   1   3   1.3e-12   2.4e-11   39.3   1.9   370   423    15    68    10    69 0.94 -
NW_025965230.1_RagTag:917436-916915   -            174 11663at314147        -            424     6e-29   97.2  18.1   2   3   1.1e-11     2e-10   36.2   1.8   370   423    71   124    66   125 0.96 -
NW_025965230.1_RagTag:917436-916915   -            174 11663at314147        -            424     6e-29   97.2  18.1   3   3   2.8e-10   5.2e-09   31.6   1.2   370   413   127   170   123   174 0.92 -
contig_28105_pilon:1448-873           -            192 11663at314147        -            424   8.3e-29   96.8  17.4   1   4     9e-09   1.6e-07   26.6   0.3   371   419     3    51     1    56 0.90 -
contig_28105_pilon:1448-873           -            192 11663at314147        -            424   8.3e-29   96.8  17.4   2   4   6.3e-09   1.2e-07   27.1   1.1   367   423    55   111    49   112 0.92 -
contig_28105_pilon:1448-873           -            192 11663at314147        -            424   8.3e-29   96.8  17.4   3   4   1.1e-10     2e-09   32.9   0.8   369   413   113   157   109   160 0.92 -
contig_28105_pilon:1448-873           -            192 11663at314147        -            424   8.3e-29   96.8  17.4   4   4   3.5e-12   6.4e-11   37.9   0.7   370   420   142   192   140   192 0.96 -
NW_025965235.1_RagTag:121831-121217   -            205 11663at314147        -            424   9.5e-29   96.6  25.5   1   4   5.3e-10   9.7e-09   30.7   1.3   366   423     4    61     1    62 0.92 -
NW_025965235.1_RagTag:121831-121217   -            205 11663at314147        -            424   9.5e-29   96.6  25.5   2   4   4.5e-08   8.3e-07   24.3   0.8   386   423    52    89    48    90 0.92 -
NW_025965235.1_RagTag:121831-121217   -            205 11663at314147        -            424   9.5e-29   96.6  25.5   3   4   2.5e-09   4.6e-08   28.4   2.1   370   423    92   145    88   146 0.94 -
NW_025965235.1_RagTag:121831-121217   -            205 11663at314147        -            424   9.5e-29   96.6  25.5   4   4   4.2e-10   7.7e-09   31.0   3.2   369   423   147   201   143   202 0.94 -
NW_025965279.1_RagTag:157181-156552   -            210 11663at314147        -            424   1.7e-28   95.8  39.7   1   5   2.8e-07   5.2e-06   21.7   0.2   387   423     3    39     2    40 0.92 -
NW_025965279.1_RagTag:157181-156552   -            210 11663at314147        -            424   1.7e-28   95.8  39.7   2   5   3.1e-11   5.8e-10   34.7   2.4   370   422    42    94    39    95 0.94 -
NW_025965279.1_RagTag:157181-156552   -            210 11663at314147        -            424   1.7e-28   95.8  39.7   3   5   1.2e-09   2.2e-08   29.5   2.1   370   423    70   123    68   124 0.94 -
NW_025965279.1_RagTag:157181-156552   -            210 11663at314147        -            424   1.7e-28   95.8  39.7   4   5   8.2e-10   1.5e-08   30.0   3.9   370   420   126   176   121   177 0.94 -
NW_025965279.1_RagTag:157181-156552   -            210 11663at314147        -            424   1.7e-28   95.8  39.7   5   5   5.2e-09   9.6e-08   27.4   3.0   370   422   154   206   152   208 0.93 -
NW_025965250.1_RagTag:8965-9597       -            211 11663at314147        -            424   2.4e-28   95.3  22.1   1   4   2.7e-12   4.9e-11   38.2   2.0   369   423    14    68     3    69 0.93 -
NW_025965250.1_RagTag:8965-9597       -            211 11663at314147        -            424   2.4e-28   95.3  22.1   2   4   2.6e-09   4.8e-08   28.4   1.3   369   423    70   124    66   126 0.94 -
NW_025965250.1_RagTag:8965-9597       -            211 11663at314147        -            424   2.4e-28   95.3  22.1   3   4   3.7e-07   6.8e-06   21.3   3.0   370   419   127   176   122   176 0.93 -
NW_025965250.1_RagTag:8965-9597       -            211 11663at314147        -            424   2.4e-28   95.3  22.1   4   4   1.6e-07     3e-06   22.5   0.1   387   423   172   208   167   209 0.90 -
NW_025965358.1_RagTag:7314-6859       -            152 11663at314147        -            424   6.4e-28   93.9  33.4   1   5   1.4e-10   2.6e-09   32.5   1.3   373   423     3    53     1    54 0.94 -
NW_025965358.1_RagTag:7314-6859       -            152 11663at314147        -            424   6.4e-28   93.9  33.4   2   5     2e-07   3.7e-06   22.2   0.3   387   420    45    78    40    83 0.79 -
NW_025965358.1_RagTag:7314-6859       -            152 11663at314147        -            424   6.4e-28   93.9  33.4   3   5   6.5e-10   1.2e-08   30.4   0.5   370   423    56   109    52   112 0.95 -
NW_025965358.1_RagTag:7314-6859       -            152 11663at314147        -            424   6.4e-28   93.9  33.4   4   5   1.8e-10   3.4e-09   32.2   2.6   368   423    82   137    74   138 0.92 -
NW_025965358.1_RagTag:7314-6859       -            152 11663at314147        -            424   6.4e-28   93.9  33.4   5   5   5.9e-07   1.1e-05   20.6   2.4   370   410   112   152   109   152 0.94 -
NW_025965207.1_RagTag:11397-10729     -            223 11663at314147        -            424   6.4e-27   90.6  26.9   1   4   7.4e-11   1.4e-09   33.5   2.0   370   423     3    56     1    57 0.95 -
NW_025965207.1_RagTag:11397-10729     -            223 11663at314147        -            424   6.4e-27   90.6  26.9   2   4   4.4e-07   8.1e-06   21.1   4.3   367   423    83   139    59   140 0.88 -
NW_025965207.1_RagTag:11397-10729     -            223 11663at314147        -            424   6.4e-27   90.6  26.9   3   4   1.7e-12   3.1e-11   38.9   0.8   370   419   142   191   138   193 0.95 -
NW_025965207.1_RagTag:11397-10729     -            223 11663at314147        -            424   6.4e-27   90.6  26.9   4   4   1.2e-10   2.3e-09   32.7   1.9   370   423   170   223   169   223 0.95 -
NW_025965442.1_RagTag:53274-52825     -            150 11663at314147        -            424   1.1e-26   89.8  38.1   1   4   1.1e-07     2e-06   23.0   6.0   369   423    19    73     4    74 0.89 -
NW_025965442.1_RagTag:53274-52825     -            150 11663at314147        -            424   1.1e-26   89.8  38.1   2   4   1.1e-10   2.1e-09   32.9   3.2   370   423    48   101    45   102 0.95 -
NW_025965442.1_RagTag:53274-52825     -            150 11663at314147        -            424   1.1e-26   89.8  38.1   3   4   3.3e-13   6.1e-12   41.2   3.4   370   423    76   129    72   130 0.95 -
NW_025965442.1_RagTag:53274-52825     -            150 11663at314147        -            424   1.1e-26   89.8  38.1   4   4   1.6e-09   2.9e-08   29.1   2.2   370   412   104   146   101   150 0.92 -
NW_025965341.1_RagTag:136335-135751   -            195 11663at314147        -            424   1.4e-26   89.5  22.2   1   4   5.4e-11   9.9e-10   33.9   1.7   369   423     7    61     1    62 0.92 -
NW_025965341.1_RagTag:136335-135751   -            195 11663at314147        -            424   1.4e-26   89.5  22.2   2   4   2.1e-10   3.9e-09   32.0   1.3   370   423    36    89    33    90 0.94 -
NW_025965341.1_RagTag:136335-135751   -            195 11663at314147        -            424   1.4e-26   89.5  22.2   3   4   9.3e-10   1.7e-08   29.9   1.8   369   421    91   143    87   146 0.91 -
NW_025965341.1_RagTag:136335-135751   -            195 11663at314147        -            424   1.4e-26   89.5  22.2   4   4   4.4e-08   8.1e-07   24.3   3.0   359   416   137   194   135   195 0.89 -
contig_31119_pilon:1895-1227          -            223 11663at314147        -            424   2.9e-26   88.4  22.2   1   4      0.22         4    2.3   0.1   368   396    20    48     6    51 0.82 -
contig_31119_pilon:1895-1227          -            223 11663at314147        -            424   2.9e-26   88.4  22.2   2   4   5.2e-10   9.6e-09   30.7   2.2   362   423    43   104    30   105 0.88 -
contig_31119_pilon:1895-1227          -            223 11663at314147        -            424   2.9e-26   88.4  22.2   3   4   2.3e-11   4.2e-10   35.2   1.3   369   423   106   160   101   161 0.93 -
contig_31119_pilon:1895-1227          -            223 11663at314147        -            424   2.9e-26   88.4  22.2   4   4   5.3e-11   9.7e-10   34.0   3.1   370   419   163   212   160   217 0.94 -
NW_025965317.1_RagTag:1470246-1469449 -            266 11663at314147        -            424   1.1e-25   86.4  47.3   1   7       3.4        63   -1.6   0.3   118   162     3    50     1    60 0.63 -
NW_025965317.1_RagTag:1470246-1469449 -            266 11663at314147        -            424   1.1e-25   86.4  47.3   2   7   1.3e-09   2.4e-08   29.4   1.4   366   421    65   120    51   123 0.87 -
NW_025965317.1_RagTag:1470246-1469449 -            266 11663at314147        -            424   1.1e-25   86.4  47.3   3   7     1e-06   1.9e-05   19.9   0.3   388   423   115   150   108   151 0.88 -
NW_025965317.1_RagTag:1470246-1469449 -            266 11663at314147        -            424   1.1e-25   86.4  47.3   4   7   1.3e-09   2.4e-08   29.4   3.6   369   422   124   177   118   179 0.92 -
NW_025965317.1_RagTag:1470246-1469449 -            266 11663at314147        -            424   1.1e-25   86.4  47.3   5   7   1.5e-07   2.8e-06   22.6   1.8   370   419   153   202   148   208 0.87 -
NW_025965317.1_RagTag:1470246-1469449 -            266 11663at314147        -            424   1.1e-25   86.4  47.3   6   7     2e-06   3.7e-05   18.9   1.7   369   413   180   224   172   232 0.89 -
NW_025965317.1_RagTag:1470246-1469449 -            266 11663at314147        -            424   1.1e-25   86.4  47.3   7   7   3.8e-09     7e-08   27.8   3.1   369   423   208   262   203   263 0.94 -
contig_83186_pilon:3012-2101          -            304 11663at314147        -            424   1.3e-25   86.2  25.8   1   5   1.5e-08   2.7e-07   25.9   2.3   370   423     3    56     1    57 0.93 -
contig_83186_pilon:3012-2101          -            304 11663at314147        -            424   1.3e-25   86.2  25.8   2   5   6.6e-10   1.2e-08   30.4   2.0   368   423    57   112    50   113 0.91 -
contig_83186_pilon:3012-2101          -            304 11663at314147        -            424   1.3e-25   86.2  25.8   3   5   2.5e-08   4.5e-07   25.2   1.9   368   416   113   161   106   166 0.88 -
contig_83186_pilon:3012-2101          -            304 11663at314147        -            424   1.3e-25   86.2  25.8   4   5   1.1e-05    0.0002   16.4   0.1   391   423   247   279   235   280 0.88 -
contig_83186_pilon:3012-2101          -            304 11663at314147        -            424   1.3e-25   86.2  25.8   5   5   9.4e-07   1.7e-05   20.0   0.5   369   415   253   299   246   304 0.87 -
NW_025965182.1_RagTag:1739884-1740459 -            192 11663at314147        -            424     4e-25   84.6  41.7   1   5   2.3e-07   4.2e-06   22.0   0.5   378   422     2    46     1    48 0.92 -
NW_025965182.1_RagTag:1739884-1740459 -            192 11663at314147        -            424     4e-25   84.6  41.7   2   5   6.9e-09   1.3e-07   27.0   3.2   369   422    21    74    14    76 0.89 -
NW_025965182.1_RagTag:1739884-1740459 -            192 11663at314147        -            424     4e-25   84.6  41.7   3   5   5.2e-09   9.5e-08   27.4   3.7   370   422    50   102    47   104 0.94 -
NW_025965182.1_RagTag:1739884-1740459 -            192 11663at314147        -            424     4e-25   84.6  41.7   4   5   2.5e-09   4.6e-08   28.4   2.6   370   418    78   126    75   132 0.88 -
NW_025965182.1_RagTag:1739884-1740459 -            192 11663at314147        -            424     4e-25   84.6  41.7   5   5   3.3e-09   6.1e-08   28.0   2.4   368   415   132   179   121   190 0.86 -
NW_025965341.1_RagTag:41589-41122     -            156 11663at314147        -            424   4.3e-25   84.6  16.1   1   3   1.3e-12   2.4e-11   39.2   0.7   368   422    17    71     3    73 0.88 -
NW_025965341.1_RagTag:41589-41122     -            156 11663at314147        -            424   4.3e-25   84.6  16.1   2   3   2.8e-10   5.1e-09   31.6   1.1   369   413    74   118    66   122 0.92 -
NW_025965341.1_RagTag:41589-41122     -            156 11663at314147        -            424   4.3e-25   84.6  16.1   3   3   1.7e-11   3.1e-10   35.6   1.4   371   421   104   154   102   156 0.94 -
NW_025965071.1_RagTag:28250-28834     -            195 11663at314147        -            424     6e-25   84.1  20.2   1   5   7.2e-11   1.3e-09   33.5   2.1   369   423     8    62     3    63 0.92 -
NW_025965071.1_RagTag:28250-28834     -            195 11663at314147        -            424     6e-25   84.1  20.2   2   5   0.00014    0.0025   12.8   0.5   388   414    55    81    50    91 0.86 -
NW_025965071.1_RagTag:28250-28834     -            195 11663at314147        -            424     6e-25   84.1  20.2   3   5   7.4e-08   1.4e-06   23.6   0.8   370   423    65   118    61   119 0.94 -
NW_025965071.1_RagTag:28250-28834     -            195 11663at314147        -            424     6e-25   84.1  20.2   4   5   1.7e-08   3.1e-07   25.7   0.9   369   423    92   146    85   148 0.92 -
NW_025965071.1_RagTag:28250-28834     -            195 11663at314147        -            424     6e-25   84.1  20.2   5   5     8e-09   1.5e-07   26.8   1.4   369   416   148   195   144   195 0.93 -
NW_025965207.1_RagTag:15963-15268     -            232 11663at314147        -            424   1.4e-24   82.8  36.2   1   5   8.6e-07   1.6e-05   20.1   1.4   375   420     1    46     1    50 0.92 -
NW_025965207.1_RagTag:15963-15268     -            232 11663at314147        -            424   1.4e-24   82.8  36.2   2   5   0.00012    0.0023   13.0   5.0   370   423    52   104    46   105 0.89 -
NW_025965207.1_RagTag:15963-15268     -            232 11663at314147        -            424   1.4e-24   82.8  36.2   3   5   1.4e-07   2.5e-06   22.7   4.9   368   423    77   132    66   133 0.91 -
NW_025965207.1_RagTag:15963-15268     -            232 11663at314147        -            424   1.4e-24   82.8  36.2   4   5   2.9e-11   5.3e-10   34.8   4.4   368   423   133   188   127   189 0.93 -
NW_025965207.1_RagTag:15963-15268     -            232 11663at314147        -            424   1.4e-24   82.8  36.2   5   5   6.3e-08   1.2e-06   23.8   0.9   370   410   191   231   187   232 0.94 -
NW_025965215.1_RagTag:23670-22372     -            433 11663at314147        -            424   3.3e-24   81.6  20.2   1   4   5.5e-09     1e-07   27.3   0.6   370   423   241   294   226   295 0.91 -
NW_025965215.1_RagTag:23670-22372     -            433 11663at314147        -            424   3.3e-24   81.6  20.2   2   4   4.7e-07   8.7e-06   20.9   0.8   370   419   297   345   292   347 0.91 -
NW_025965215.1_RagTag:23670-22372     -            433 11663at314147        -            424   3.3e-24   81.6  20.2   3   4   5.5e-06    0.0001   17.4   0.2   388   422   342   376   339   378 0.88 -
NW_025965215.1_RagTag:23670-22372     -            433 11663at314147        -            424   3.3e-24   81.6  20.2   4   4   2.2e-09   4.1e-08   28.6   2.8   370   421   380   431   375   433 0.92 -
NW_025965299.1_RagTag:2295-1810       -            162 11663at314147        -            424   8.9e-24   80.2  15.3   1   4   1.4e-06   2.5e-05   19.4   0.1   375   419     1    45     1    46 0.95 -
NW_025965299.1_RagTag:2295-1810       -            162 11663at314147        -            424   8.9e-24   80.2  15.3   2   4   6.1e-07   1.1e-05   20.6   0.1   388   423    42    77    40    78 0.92 -
NW_025965299.1_RagTag:2295-1810       -            162 11663at314147        -            424   8.9e-24   80.2  15.3   3   4   3.1e-12   5.6e-11   38.0   2.0   364   415    74   124    71   130 0.87 -
NW_025965299.1_RagTag:2295-1810       -            162 11663at314147        -            424   8.9e-24   80.2  15.3   4   4   3.6e-05   0.00067   14.7   0.9   390   423   128   161   123   162 0.90 -
NW_025965271.1_RagTag:643750-644226   -            159 11663at314147        -            424   1.2e-23   79.8  23.5   1   4   0.00026    0.0048   11.9   0.3   363   412    10    60     7    72 0.75 -
NW_025965271.1_RagTag:643750-644226   -            159 11663at314147        -            424   1.2e-23   79.8  23.5   2   4   1.2e-10   2.2e-09   32.8   1.2   369   423    45    99    36   100 0.94 -
NW_025965271.1_RagTag:643750-644226   -            159 11663at314147        -            424   1.2e-23   79.8  23.5   3   4   2.3e-12   4.2e-11   38.5   1.8   369   423    73   127    62   128 0.93 -
NW_025965271.1_RagTag:643750-644226   -            159 11663at314147        -            424   1.2e-23   79.8  23.5   4   4   1.5e-09   2.7e-08   29.2   1.0   370   416   102   148    99   159 0.84 -
NW_025965250.1_RagTag:247730-246879   -            284 11663at314147        -            424   9.7e-23   76.8  81.5   1   9   1.5e-06   2.8e-05   19.3   2.2   370   420     5    55     2    59 0.92 -
NW_025965250.1_RagTag:247730-246879   -            284 11663at314147        -            424   9.7e-23   76.8  81.5   2   9   1.9e-09   3.5e-08   28.8   0.6   370   423    33    86    32    87 0.96 -
NW_025965250.1_RagTag:247730-246879   -            284 11663at314147        -            424   9.7e-23   76.8  81.5   3   9   1.3e-06   2.4e-05   19.5   2.8   370   423    61   114    56   115 0.93 -
NW_025965250.1_RagTag:247730-246879   -            284 11663at314147        -            424   9.7e-23   76.8  81.5   4   9   2.8e-05   0.00051   15.1   4.4   370   423    89   142    85   143 0.92 -
NW_025965250.1_RagTag:247730-246879   -            284 11663at314147        -            424   9.7e-23   76.8  81.5   5   9   4.2e-05   0.00077   14.5   3.0   370   420   117   167   113   171 0.89 -
NW_025965250.1_RagTag:247730-246879   -            284 11663at314147        -            424   9.7e-23   76.8  81.5   6   9   5.2e-07   9.5e-06   20.8   1.4   370   423   145   198   142   199 0.95 -
NW_025965250.1_RagTag:247730-246879   -            284 11663at314147        -            424   9.7e-23   76.8  81.5   7   9     2e-07   3.7e-06   22.2   1.7   368   423   171   226   161   227 0.91 -
NW_025965250.1_RagTag:247730-246879   -            284 11663at314147        -            424   9.7e-23   76.8  81.5   8   9   3.7e-07   6.8e-06   21.3   3.7   369   423   200   254   196   255 0.94 -
NW_025965250.1_RagTag:247730-246879   -            284 11663at314147        -            424   9.7e-23   76.8  81.5   9   9   5.7e-06    0.0001   17.4   1.8   370   420   229   279   226   283 0.88 -
contig_53583_pilon:2102-1623          -            160 11663at314147        -            424   1.1e-22   76.6  35.8   1   4   1.5e-06   2.8e-05   19.3   0.6   388   423     5    40     2    41 0.92 -
contig_53583_pilon:2102-1623          -            160 11663at314147        -            424   1.1e-22   76.6  35.8   2   4   1.2e-08   2.3e-07   26.2   3.9   369   423    42    96    38    97 0.95 -
contig_53583_pilon:2102-1623          -            160 11663at314147        -            424   1.1e-22   76.6  35.8   3   4   1.1e-09   2.1e-08   29.6   5.3   367   423    68   124    65   124 0.93 -
contig_53583_pilon:2102-1623          -            160 11663at314147        -            424   1.1e-22   76.6  35.8   4   4   5.2e-12   9.6e-11   37.3   3.8   369   423    98   152    94   153 0.95 -
NW_025965039.1_RagTag:271870-271352   -            173 11663at314147        -            424   7.6e-22   73.9   9.0   1   2     1e-13   1.9e-12   42.9   0.7   360   423    46   109    28   110 0.89 -
NW_025965039.1_RagTag:271870-271352   -            173 11663at314147        -            424   7.6e-22   73.9   9.0   2   2   2.1e-11   3.9e-10   35.3   2.0   370   423   112   165   107   166 0.93 -
NW_025965341.1_RagTag:91734-92261     -            176 11663at314147        -            424   2.3e-21   72.3  21.0   1   4   2.8e-08   5.1e-07   25.0   0.4   378   422     2    46     1    48 0.88 -
NW_025965341.1_RagTag:91734-92261     -            176 11663at314147        -            424   2.3e-21   72.3  21.0   2   4   9.4e-10   1.7e-08   29.9   0.4   369   422    49   102    46   104 0.93 -
NW_025965341.1_RagTag:91734-92261     -            176 11663at314147        -            424   2.3e-21   72.3  21.0   3   4   5.8e-09   1.1e-07   27.2   6.2   370   422   106   158   103   165 0.93 -
NW_025965341.1_RagTag:91734-92261     -            176 11663at314147        -            424   2.3e-21   72.3  21.0   4   4   6.1e-06   0.00011   17.3   2.9   371   411   135   175   132   176 0.95 -
contig_18339_pilon:770-1369           -            200 11663at314147        -            424   3.2e-21   71.8  11.8   1   3   5.2e-12   9.6e-11   37.3   1.5   369   423    13    67     2    68 0.91 -
contig_18339_pilon:770-1369           -            200 11663at314147        -            424   3.2e-21   71.8  11.8   2   3   2.5e-10   4.5e-09   31.8   1.0   369   417    69   117    62   123 0.90 -
contig_18339_pilon:770-1369           -            200 11663at314147        -            424   3.2e-21   71.8  11.8   3   3    0.0015     0.027    9.5   0.1   390   411   174   195   161   200 0.86 -
contig_44617_pilon:698-207            -            164 11663at314147        -            424   7.7e-20   67.2  11.6   1   3   2.2e-06     4e-05   18.8   0.5   386   423    42    79    31    80 0.89 -
contig_44617_pilon:698-207            -            164 11663at314147        -            424   7.7e-20   67.2  11.6   2   3   3.2e-12   5.9e-11   38.0   2.0   370   423    54   107    52   108 0.96 -
contig_44617_pilon:698-207            -            164 11663at314147        -            424   7.7e-20   67.2  11.6   3   3   1.3e-10   2.4e-09   32.7   1.4   369   419   109   160   105   164 0.87 -
NW_025965166.1_RagTag:131393-130962   -            144 11663at314147        -            424   1.3e-19   66.5  13.8   1   3   5.1e-10   9.3e-09   30.7   2.1   370   423     4    57     1    58 0.93 -
NW_025965166.1_RagTag:131393-130962   -            144 11663at314147        -            424   1.3e-19   66.5  13.8   2   3   1.3e-11   2.3e-10   36.0   0.6   369   423    59   113    56   114 0.96 -
NW_025965166.1_RagTag:131393-130962   -            144 11663at314147        -            424   1.3e-19   66.5  13.8   3   3    0.0031     0.057    8.4   0.3   395   423   113   141   112   142 0.86 -
NW_025965344.1_RagTag:2075-1647       -            143 11663at314147        -            424   4.5e-19   64.7  11.3   1   3   0.00068     0.013   10.5   0.2   388   423     9    44     3    45 0.87 -
NW_025965344.1_RagTag:2075-1647       -            143 11663at314147        -            424   4.5e-19   64.7  11.3   2   3   6.6e-11   1.2e-09   33.7   0.3   370   423    47   100    42   102 0.93 -
NW_025965344.1_RagTag:2075-1647       -            143 11663at314147        -            424   4.5e-19   64.7  11.3   3   3   5.5e-09     1e-07   27.3   1.4   369   410   102   143    99   143 0.95 -
NW_025965127.1_RagTag:122624-122115   -            170 11663at314147        -            424   7.6e-19   64.0  17.7   1   4   2.5e-09   4.7e-08   28.4   2.9   367   423     2    58     1    59 0.92 -
NW_025965127.1_RagTag:122624-122115   -            170 11663at314147        -            424   7.6e-19   64.0  17.7   2   4   7.2e-06   0.00013   17.0   0.5   384   423    47    86    44    87 0.89 -
NW_025965127.1_RagTag:122624-122115   -            170 11663at314147        -            424   7.6e-19   64.0  17.7   3   4   4.8e-08   8.8e-07   24.2   1.0   367   422    86   141    83   142 0.93 -
NW_025965127.1_RagTag:122624-122115   -            170 11663at314147        -            424   7.6e-19   64.0  17.7   4   4   1.3e-08   2.3e-07   26.1   1.3   370   423   117   170   116   170 0.96 -
NW_025965279.1_RagTag:80294-79764     -            177 11663at314147        -            424   8.6e-19   63.8   6.8   1   2   4.6e-10   8.4e-09   30.9   0.3   369   416     7    54     2    60 0.92 -
NW_025965279.1_RagTag:80294-79764     -            177 11663at314147        -            424   8.6e-19   63.8   6.8   2   2   1.4e-11   2.5e-10   35.9   1.4   369   423   113   167    93   168 0.91 -
contig_43715_pilon:300-1181           -            294 11663at314147        -            424   4.1e-18   61.5  16.1   1   4   8.7e-10   1.6e-08   30.0   1.5   370   423     2    55     1    56 0.94 -
contig_43715_pilon:300-1181           -            294 11663at314147        -            424   4.1e-18   61.5  16.1   2   4   5.5e-08     1e-06   24.0   1.3   370   411    58    99    53   108 0.92 -
contig_43715_pilon:300-1181           -            294 11663at314147        -            424   4.1e-18   61.5  16.1   3   4   3.7e-05   0.00067   14.7   0.4   382   423   237   278   225   279 0.83 -
contig_43715_pilon:300-1181           -            294 11663at314147        -            424   4.1e-18   61.5  16.1   4   4   1.6e-05    0.0003   15.9   0.7   369   410   252   293   245   294 0.90 -
NW_025965281.1_RagTag:529223-527331   -            631 11663at314147        -            424   1.3e-17   59.9   9.7   1   3   4.1e-13   7.5e-12   40.9   0.4    12   108    16   113     7   126 0.90 -
NW_025965281.1_RagTag:529223-527331   -            631 11663at314147        -            424   1.3e-17   59.9   9.7   2   3   0.00075     0.014   10.4   0.2   368   418   337   388   323   392 0.81 -
NW_025965281.1_RagTag:529223-527331   -            631 11663at314147        -            424   1.3e-17   59.9   9.7   3   3   0.00017    0.0032   12.5   0.4   334   420   442   535   396   539 0.65 -
NW_025965279.1_RagTag:111843-48065    -            321 11663at314147        -            424   7.2e-17   57.5  18.4   1   5   5.3e-05   0.00097   14.2   0.1   394   423    59    88    25    96 0.84 -
NW_025965279.1_RagTag:111843-48065    -            321 11663at314147        -            424   7.2e-17   57.5  18.4   2   5   2.5e-06   4.6e-05   18.6   0.7   385   420   135   170   124   171 0.88 -
NW_025965279.1_RagTag:111843-48065    -            321 11663at314147        -            424   7.2e-17   57.5  18.4   3   5     5e-09   9.2e-08   27.5   1.3   370   417   148   195   145   199 0.93 -
NW_025965279.1_RagTag:111843-48065    -            321 11663at314147        -            424   7.2e-17   57.5  18.4   4   5   3.8e-06     7e-05   18.0   0.6   368   411   253   296   245   302 0.90 -
NW_025965279.1_RagTag:111843-48065    -            321 11663at314147        -            424   7.2e-17   57.5  18.4   5   5     0.007      0.13    7.2   0.4   386   408   299   321   295   321 0.89 -
NW_025965191.1_RagTag:541275-539223   -            619 11663at314147        -            424   7.7e-17   57.4   0.0   1   1     6e-18   1.1e-16   56.8   0.0    10   124     8   123     2   133 0.91 -
NW_025965341.1_RagTag:115056-115571   -            172 11663at314147        -            424   5.6e-16   54.5  20.1   1   3   5.3e-09   9.7e-08   27.4   1.5   370   423     6    59     2    60 0.93 -
NW_025965341.1_RagTag:115056-115571   -            172 11663at314147        -            424   5.6e-16   54.5  20.1   2   3   0.00076     0.014   10.4   3.4   357   421    49   113    47   116 0.87 -
NW_025965341.1_RagTag:115056-115571   -            172 11663at314147        -            424   5.6e-16   54.5  20.1   3   3   1.2e-09   2.2e-08   29.5   1.6   369   423   117   171   113   172 0.96 -
NW_025965215.1_RagTag:353527-352538   -            180 11663at314147        -            424   1.5e-15   53.2  16.3   1   3   5.1e-09   9.4e-08   27.4   4.5   368   423    47   102    20   103 0.89 -
NW_025965215.1_RagTag:353527-352538   -            180 11663at314147        -            424   1.5e-15   53.2  16.3   2   3   7.4e-08   1.4e-06   23.6   1.0   370   412   105   147   102   150 0.94 -
NW_025965215.1_RagTag:353527-352538   -            180 11663at314147        -            424   1.5e-15   53.2  16.3   3   3   0.00066     0.012   10.6   0.1   391   416   147   172   146   179 0.83 -
NW_025965271.1_RagTag:644682-645221   -            180 11663at314147        -            424   2.4e-14   49.2   7.8   1   2   0.00019    0.0035   12.4   0.3   386   413     2    29     1    41 0.84 -
NW_025965271.1_RagTag:644682-645221   -            180 11663at314147        -            424   2.4e-14   49.2   7.8   2   2   7.2e-13   1.3e-11   40.1   2.4   369   423   123   177   114   178 0.94 -
NW_025965277.1_RagTag:46400-46999     -            200 11663at314147        -            424   4.1e-14   48.4  14.8   1   4   2.2e-06     4e-05   18.8   4.0   371   423    35    87    21    88 0.94 -
NW_025965277.1_RagTag:46400-46999     -            200 11663at314147        -            424   4.1e-14   48.4  14.8   2   4   6.6e-08   1.2e-06   23.8   3.1   370   422    62   114    57   115 0.92 -
NW_025965277.1_RagTag:46400-46999     -            200 11663at314147        -            424   4.1e-14   48.4  14.8   3   4   2.7e-07     5e-06   21.7   0.4   372   418    92   138    88   141 0.92 -
NW_025965277.1_RagTag:46400-46999     -            200 11663at314147        -            424   4.1e-14   48.4  14.8   4   4   5.9e-05    0.0011   14.1   0.1   387   423   163   199   155   200 0.89 -
NW_025965233.1_RagTag:201413-205146   -            387 11663at314147        -            424   9.7e-12   40.6  16.5   1   4   4.9e-07     9e-06   20.9   2.2   371   423   211   263   202   264 0.93 -
NW_025965233.1_RagTag:201413-205146   -            387 11663at314147        -            424   9.7e-12   40.6  16.5   2   4   0.00018    0.0034   12.4   1.6   370   422   238   290   237   292 0.92 -
NW_025965233.1_RagTag:201413-205146   -            387 11663at314147        -            424   9.7e-12   40.6  16.5   3   4       1.7        31   -0.6   0.1   371   397   267   293   263   309 0.63 -
NW_025965233.1_RagTag:201413-205146   -            387 11663at314147        -            424   9.7e-12   40.6  16.5   4   4   5.5e-09     1e-07   27.3   3.0   372   423   320   371   302   372 0.91 -
NW_025965071.1_RagTag:28831-29067     -             79 11663at314147        -            424   5.4e-10   34.8   9.8   1   2   2.6e-09   4.7e-08   28.4   3.7   367   423     8    64     2    67 0.90 -
NW_025965071.1_RagTag:28831-29067     -             79 11663at314147        -            424   5.4e-10   34.8   9.8   2   2     2e-05   0.00036   15.6   0.4   370   405    39    74    35    77 0.80 -
contig_81532_pilon:2154-1714          -            147 11663at314147        -            424   6.8e-10   34.5  17.3   1   4   0.00026    0.0048   11.9   2.2   372   423     7    59     2    60 0.86 -
contig_81532_pilon:2154-1714          -            147 11663at314147        -            424   6.8e-10   34.5  17.3   2   4   2.5e-05   0.00047   15.2   2.3   369   423    33    88    21    89 0.88 -
contig_81532_pilon:2154-1714          -            147 11663at314147        -            424   6.8e-10   34.5  17.3   3   4   1.9e-06   3.5e-05   19.0   2.8   364   422    57   115    49   116 0.88 -
contig_81532_pilon:2154-1714          -            147 11663at314147        -            424   6.8e-10   34.5  17.3   4   4   7.3e-08   1.3e-06   23.6   4.2   369   423    90   144    86   145 0.95 -
contig_52188_pilon:2135-1716          -            140 11663at314147        -            424   9.2e-09   30.7   1.0   1   2      0.15       2.7    2.8   1.0   374   423     2    51     1    52 0.80 -
contig_52188_pilon:2135-1716          -            140 11663at314147        -            424   9.2e-09   30.7   1.0   2   2     5e-10   9.2e-09   30.7   1.0   369   423    81   135    57   136 0.88 -
NW_025965200.1_RagTag:17859-18600     -            178 11663at314147        -            424   3.2e-08   29.0   1.7   1   2   0.00054      0.01   10.9   0.2   373   417   105   150    86   150 0.80 -
NW_025965200.1_RagTag:17859-18600     -            178 11663at314147        -            424   3.2e-08   29.0   1.7   2   2   3.6e-09   6.6e-08   27.9   0.9   371   411   132   174   124   178 0.88 -
NW_025965468.1_RagTag:9888-9637       -             84 11663at314147        -            424   5.8e-07   24.8   0.7   1   1   5.9e-08   1.1e-06   23.9   0.6   367   416    18    67     7    76 0.88 -
NW_025965297.1_RagTag:263440-264639   -            299 11663at314147        -            424     8e-07   24.4   9.4   1   3     3e-05   0.00056   15.0   0.1   370   413    69   110    65   116 0.88 -
NW_025965297.1_RagTag:263440-264639   -            299 11663at314147        -            424     8e-07   24.4   9.4   2   3    0.0071      0.13    7.2   0.3   387   419   114   146   108   152 0.80 -
NW_025965297.1_RagTag:263440-264639   -            299 11663at314147        -            424     8e-07   24.4   9.4   3   3    0.0057       0.1    7.5   0.5   369   419   242   292   226   298 0.86 -
NW_025965374.1_RagTag:84617-82386     -            744 11663at314147        -            424   8.7e-07   24.2   2.0   1   9   4.7e-08   8.7e-07   24.2   2.0   370   423     1    54     1    55 0.95 -
NW_025965374.1_RagTag:84617-82386     -            744 11663at314147        -            424   8.7e-07   24.2   2.0   2   9      0.75        14    0.5   0.2   371   416    71   120    62   151 0.77 -
NW_025965374.1_RagTag:84617-82386     -            744 11663at314147        -            424   8.7e-07   24.2   2.0   3   9      0.54       9.9    1.0   0.2   373   419   219   269   208   276 0.74 -
NW_025965374.1_RagTag:84617-82386     -            744 11663at314147        -            424   8.7e-07   24.2   2.0   4   9      0.77        14    0.5   0.1   371   418   288   344   279   350 0.63 -
NW_025965374.1_RagTag:84617-82386     -            744 11663at314147        -            424   8.7e-07   24.2   2.0   5   9      0.23       4.2    2.2   0.1   371   420   440   491   413   495 0.80 -
NW_025965374.1_RagTag:84617-82386     -            744 11663at314147        -            424   8.7e-07   24.2   2.0   6   9    0.0022     0.041    8.8   0.3   372   421   471   522   468   525 0.85 -
NW_025965374.1_RagTag:84617-82386     -            744 11663at314147        -            424   8.7e-07   24.2   2.0   7   9    0.0046     0.085    7.8   0.5   372   420   501   549   495   554 0.89 -
NW_025965374.1_RagTag:84617-82386     -            744 11663at314147        -            424   8.7e-07   24.2   2.0   8   9      0.02      0.36    5.7   2.2   368   419   586   635   577   641 0.86 -
NW_025965374.1_RagTag:84617-82386     -            744 11663at314147        -            424   8.7e-07   24.2   2.0   9   9      0.43       7.9    1.3   0.0   401   422   696   717   675   735 0.72 -
NW_025965324.1_RagTag:667565-665169   -            506 11663at314147        -            424   1.9e-06   23.1   0.8   1   2     1e-07   1.9e-06   23.1   0.8   375   419     1    45     1    50 0.91 -
NW_025965324.1_RagTag:667565-665169   -            506 11663at314147        -            424   1.9e-06   23.1   0.8   2   2       4.5        83   -2.0   0.2   183   218   445   480   433   497 0.83 -
NW_025965054.1_RagTag:37673-36246     -            327 11663at314147        -            424     9e-06   20.9  19.6   1   3   8.5e-06   0.00016   16.8   1.3   367   424    76   133    48   133 0.82 -
NW_025965054.1_RagTag:37673-36246     -            327 11663at314147        -            424     9e-06   20.9  19.6   2   3   0.00032    0.0059   11.6   2.0   369   408   196   235   176   243 0.87 -
NW_025965054.1_RagTag:37673-36246     -            327 11663at314147        -            424     9e-06   20.9  19.6   3   3      0.12       2.3    3.1   0.9   371   403   254   286   236   294 0.84 -
NW_025965341.1_RagTag:108306-108962   -            219 11663at314147        -            424   1.1e-05   20.7   1.5   1   3    0.0019     0.036    9.0   0.0   365   395    18    48     1    61 0.61 -
NW_025965341.1_RagTag:108306-108962   -            219 11663at314147        -            424   1.1e-05   20.7   1.5   2   3      0.85        16    0.3   0.0   354   395    65   106    62   112 0.83 -
NW_025965341.1_RagTag:108306-108962   -            219 11663at314147        -            424   1.1e-05   20.7   1.5   3   3    0.0022      0.04    8.9   0.2   370   416   164   212   153   218 0.82 -
NW_025965259.1_RagTag:163961-162513   -            483 11663at314147        -            424   4.2e-05   18.7   1.0   1   2   2.3e-06   4.2e-05   18.7   1.0   311   423   346   465   319   466 0.76 -
NW_025965259.1_RagTag:163961-162513   -            483 11663at314147        -            424   4.2e-05   18.7   1.0   2   2   0.00024    0.0044   12.0   0.6   371   410   441   480   438   482 0.93 -
NW_025965359.1_RagTag:203699-204637   -            310 11663at314147        -            424   5.5e-05   18.3   0.1   1   1   4.7e-06   8.6e-05   17.7   0.1    21   124   141   245   135   256 0.80 -
NW_025965359.1_RagTag:203589-206496   -            349 11663at314147        -            424   0.00091   14.3   0.0   1   1   7.3e-05    0.0013   13.7   0.0    21    94   170   244   164   274 0.79 -
NW_025965172.1_RagTag:387106-388227   -            374 11663at314147        -            424    0.0021   13.1   0.1   1   1   0.00016    0.0029   12.7   0.1    64   126    11    73     1    79 0.82 -
#
# Program:         hmmsearch
# Version:         3.1b2 (February 2015)
# Pipeline mode:   SEARCH
# Query file:      /home/bgerda/guppy_SUP/busco_downloads/lineages/glires_odb10/hmms/11663at314147.hmm
# Target file:     /home/bgerda/guppy_SUP/busco_results/run_glires_odb10/metaeuk_output/initial_results/ragtag.scaffold.fasta.modified.fas
# Option settings: hmmsearch --domtblout /home/bgerda/guppy_SUP/busco_results/run_glires_odb10/hmmer_output/initial_run_results/11663at314147.out --cpu 1 /home/bgerda/guppy_SUP/busco_downloads/lineages/glires_odb10/hmms/11663at314147.hmm /home/bgerda/guppy_SUP/busco_results/run_glires_odb10/metaeuk_output/initial_results/ragtag.scaffold.fasta.modified.fas 
# Current dir:     /home/bgerda/guppy_SUP
# Date:            Sun May 21 15:02:14 2023
# [ok]
