#                                                                                             --- full sequence --- -------------- this domain -------------   hmm coord   ali coord   env coord
# target name                         accession   tlen query name           accession   qlen   E-value  score  bias   #  of  c-Evalue  i-Evalue  score  bias  from    to  from    to  from    to  acc description of target
#                 ------------------- ---------- ----- -------------------- ---------- ----- --------- ------ ----- --- --- --------- --------- ------ ----- ----- ----- ----- ----- ----- ----- ---- ---------------------
contig_18340_pilon:996-2162           -            389 12152at314147        -            564  5.3e-148  490.3 121.7   1   3   2.7e-56   4.8e-55  183.4  36.2   219   404     2   187     1   188 0.92 -
contig_18340_pilon:996-2162           -            389 12152at314147        -            564  5.3e-148  490.3 121.7   2   3   2.1e-56   3.8e-55  183.8  38.2   220   397   171   348   171   354 0.95 -
contig_18340_pilon:996-2162           -            389 12152at314147        -            564  5.3e-148  490.3 121.7   3   3   2.5e-46   4.4e-45  150.6  31.3   232   382   239   389   235   389 0.97 -
NW_025965432.1_RagTag:532065-533174   -            370 12152at314147        -            564    3e-113  375.6  90.0   1   3   1.1e-20   1.9e-19   65.9   8.5   220   283    68   131    68   132 0.98 -
NW_025965432.1_RagTag:532065-533174   -            370 12152at314147        -            564    3e-113  375.6  90.0   2   3   1.3e-49   2.3e-48  161.4  30.3   219   386   123   290   123   290 0.99 -
NW_025965432.1_RagTag:532065-533174   -            370 12152at314147        -            564    3e-113  375.6  90.0   3   3   6.6e-54   1.2e-52  175.6  35.2   220   410   180   370   179   370 0.99 -
contig_36320_pilon:1246-2160          -            305 12152at314147        -            564   3.3e-99  329.2  75.0   1   2     7e-58   1.3e-56  188.7  34.8   219   398     2   181     1   183 0.98 -
contig_36320_pilon:1246-2160          -            305 12152at314147        -            564   3.3e-99  329.2  75.0   2   2   2.3e-47   4.2e-46  153.9  32.1   233   382   156   305   153   305 0.98 -
NW_025965341.1_RagTag:10217-11053     -            279 12152at314147        -            564   9.4e-96  317.8  57.7   1   3   4.2e-42   7.5e-41  136.6  20.0   220   367     2   149     1   150 0.99 -
NW_025965341.1_RagTag:10217-11053     -            279 12152at314147        -            564   9.4e-96  317.8  57.7   2   3   1.7e-42   3.1e-41  137.9  18.0   240   399    50   210    50   212 0.94 -
NW_025965341.1_RagTag:10217-11053     -            279 12152at314147        -            564   9.4e-96  317.8  57.7   3   3   7.2e-22   1.3e-20   69.8   3.8   233   300   212   279   211   279 0.93 -
NW_025965436.1_RagTag:1617-781        -            279 12152at314147        -            564     3e-86  286.5 102.0   1   2   2.3e-37   4.1e-36  120.9  42.2   246   423     1   178     1   178 0.99 -
NW_025965436.1_RagTag:1617-781        -            279 12152at314147        -            564     3e-86  286.5 102.0   2   2     7e-55   1.3e-53  178.8  51.9   219   440    58   279    58   279 0.99 -
NW_025965022.1_RagTag:266833-265871   -            321 12152at314147        -            564   2.8e-83  276.6  47.2   1   3   1.6e-19   2.8e-18   62.1   5.0   231   296     5    70     1    70 0.93 -
NW_025965022.1_RagTag:266833-265871   -            321 12152at314147        -            564   2.8e-83  276.6  47.2   2   3   2.2e-48   3.9e-47  157.4  20.5   236   408    66   237    63   237 0.97 -
NW_025965022.1_RagTag:266833-265871   -            321 12152at314147        -            564   2.8e-83  276.6  47.2   3   3   6.4e-24   1.1e-22   76.6   8.1   343   436   228   321   226   321 0.91 -
contig_52188_pilon:1058-384           -            225 12152at314147        -            564   2.1e-79  263.8  55.1   1   2   2.9e-52   5.1e-51  170.1  29.2   241   399     1   159     1   160 0.99 -
contig_52188_pilon:1058-384           -            225 12152at314147        -            564   2.1e-79  263.8  55.1   2   2   4.9e-33   8.8e-32  106.7  17.9   220   325   120   225   119   225 0.98 -
NW_025965071.1_RagTag:3226-4467       -            414 12152at314147        -            564     5e-78  259.3  67.3   1   3   5.8e-21     1e-19   66.8  16.6   246   396     1   150     1   162 0.90 -
NW_025965071.1_RagTag:3226-4467       -            414 12152at314147        -            564     5e-78  259.3  67.3   2   3   2.7e-47   4.8e-46  153.7  33.0   221   437   143   359   139   359 0.98 -
NW_025965071.1_RagTag:3226-4467       -            414 12152at314147        -            564     5e-78  259.3  67.3   3   3   8.5e-19   1.5e-17   59.6   7.5   335   408   341   414   341   414 0.79 -
NW_025965250.1_RagTag:247730-246879   -            284 12152at314147        -            564   1.1e-76  254.9  64.9   1   3   2.8e-45     5e-44  147.1  30.9   242   404     4   166     2   167 0.98 -
NW_025965250.1_RagTag:247730-246879   -            284 12152at314147        -            564   1.1e-76  254.9  64.9   2   3   6.1e-20   1.1e-18   63.4   7.8   219   283   149   213   149   216 0.96 -
NW_025965250.1_RagTag:247730-246879   -            284 12152at314147        -            564   1.1e-76  254.9  64.9   3   3   3.2e-22   5.8e-21   70.9  10.2   220   298   206   284   205   284 0.98 -
NW_025965182.1_RagTag:1758025-1759086 -            354 12152at314147        -            564   4.2e-76  253.0  51.4   1   3   3.6e-08   6.4e-07   24.6   0.0   363   396     1    34     1    41 0.95 -
NW_025965182.1_RagTag:1758025-1759086 -            354 12152at314147        -            564   4.2e-76  253.0  51.4   2   3   9.2e-40   1.6e-38  128.9  20.6   235   410    41   216    37   216 0.98 -
NW_025965182.1_RagTag:1758025-1759086 -            354 12152at314147        -            564   4.2e-76  253.0  51.4   3   3   3.7e-33   6.7e-32  107.0  21.8   236   380   210   354   207   354 0.97 -
contig_43334_pilon:1277-1996          -            240 12152at314147        -            564   2.5e-75  250.4  44.8   1   2   1.2e-15   2.1e-14   49.3   3.3   353   399     1    47     1    51 0.68 -
contig_43334_pilon:1277-1996          -            240 12152at314147        -            564   2.5e-75  250.4  44.8   2   2   1.1e-19     2e-18   62.5   4.7   343   395   187   239   184   240 0.73 -
contig_59446_pilon:2-793              -            208 12152at314147        -            564     1e-72  241.8  47.3   1   2   1.2e-20   2.1e-19   65.8   7.0   343   402     2    61     1    63 0.92 -
contig_59446_pilon:2-793              -            208 12152at314147        -            564     1e-72  241.8  47.3   2   2   6.2e-58   1.1e-56  188.9  32.3   232   409    31   208    28   208 0.98 -
contig_36320_pilon:558-1202           -            215 12152at314147        -            564   1.2e-70  235.0  47.1   1   2   9.8e-22   1.7e-20   69.4   8.1   325   397     1    73     1    75 0.94 -
contig_36320_pilon:558-1202           -            215 12152at314147        -            564   1.2e-70  235.0  47.1   2   2   8.2e-55   1.5e-53  178.5  31.0   236   397    52   213    51   215 0.99 -
NW_025965375.1_RagTag:158129-157515   -            205 12152at314147        -            564   1.4e-68  228.1  26.9   1   2   1.6e-58   2.9e-57  190.8  19.5   236   397     1   162     1   165 0.99 -
NW_025965375.1_RagTag:158129-157515   -            205 12152at314147        -            564   1.4e-68  228.1  26.9   2   2   4.2e-13   7.4e-12   40.9   1.0   233   272   166   205   163   205 0.94 -
NW_025965235.1_RagTag:121831-121217   -            205 12152at314147        -            564   9.2e-68  225.4  51.4   1   3   1.8e-27   3.2e-26   88.3  10.1   236   326     1    91     1    91 0.99 -
NW_025965235.1_RagTag:121831-121217   -            205 12152at314147        -            564   9.2e-68  225.4  51.4   2   3   1.3e-28   2.4e-27   92.0  13.6   304   397    41   134    41   137 0.98 -
NW_025965235.1_RagTag:121831-121217   -            205 12152at314147        -            564   9.2e-68  225.4  51.4   3   3   3.7e-22   6.6e-21   70.8  11.7   335   412   128   205   128   205 0.83 -
NW_025965039.1_RagTag:272612-271716   -            299 12152at314147        -            564   2.9e-66  220.5  38.3   1   2   3.1e-39   5.6e-38  127.1  17.1   273   419    25   171    11   172 0.94 -
NW_025965039.1_RagTag:272612-271716   -            299 12152at314147        -            564   2.9e-66  220.5  38.3   2   2   3.8e-32   6.9e-31  103.7  15.7   220   348   168   296   167   298 0.99 -
contig_70752_pilon:952-1602           -            217 12152at314147        -            564   2.7e-64  214.0  42.6   1   3   7.8e-27   1.4e-25   86.2   8.8   307   397     1    91     1    94 0.91 -
contig_70752_pilon:952-1602           -            217 12152at314147        -            564   2.7e-64  214.0  42.6   2   3   4.3e-24   7.8e-23   77.1   8.5   220   283    82   145    81   146 0.97 -
contig_70752_pilon:952-1602           -            217 12152at314147        -            564   2.7e-64  214.0  42.6   3   3   6.8e-24   1.2e-22   76.5   9.3   220   289   138   207   137   215 0.93 -
contig_78026_pilon:1141-2283          -            381 12152at314147        -            564   2.9e-64  213.9  33.0   1   3   3.7e-16   6.7e-15   50.9   2.1   220   332     1   121     1   130 0.72 -
contig_78026_pilon:1141-2283          -            381 12152at314147        -            564   2.9e-64  213.9  33.0   2   3   2.2e-22   3.9e-21   71.5   4.5   218   297   150   229   140   238 0.78 -
contig_78026_pilon:1141-2283          -            381 12152at314147        -            564   2.9e-64  213.9  33.0   3   3   1.8e-31   3.2e-30  101.5  10.8   216   326   271   381   267   381 0.98 -
NW_025965207.1_RagTag:15963-15268     -            232 12152at314147        -            564   4.9e-64  213.1  48.7   1   2   2.4e-15   4.2e-14   48.3  11.0   332   400     1    69     1    72 0.80 -
NW_025965207.1_RagTag:15963-15268     -            232 12152at314147        -            564   4.9e-64  213.1  48.7   2   2   5.6e-52     1e-50  169.2  32.4   234   395    70   231    65   232 0.97 -
NW_025965317.1_RagTag:1470246-1469449 -            266 12152at314147        -            564     1e-63  212.0  51.4   1   2   2.4e-40   4.3e-39  130.8  27.5   236   423    19   193     1   194 0.77 -
NW_025965317.1_RagTag:1470246-1469449 -            266 12152at314147        -            564     1e-63  212.0  51.4   2   2   2.4e-29   4.3e-28   94.5  15.9   219   327   157   265   157   266 0.99 -
contig_83186_pilon:3012-2101          -            304 12152at314147        -            564   3.3e-63  210.4  37.9   1   2     1e-49   1.8e-48  161.7  31.1   241   400     1   160     1   170 0.97 -
contig_83186_pilon:3012-2101          -            304 12152at314147        -            564   3.3e-63  210.4  37.9   2   2   8.9e-17   1.6e-15   53.0   0.5   237   287   248   298   231   303 0.83 -
NW_025965341.1_RagTag:136335-135751   -            195 12152at314147        -            564   2.1e-61  204.4  38.3   1   2   5.1e-13   9.1e-12   40.6   1.4   236   273     1    38     1    38 0.98 -
NW_025965341.1_RagTag:136335-135751   -            195 12152at314147        -            564   2.1e-61  204.4  38.3   2   2   5.1e-54   9.2e-53  175.9  29.7   227   397    20   190    19   194 0.98 -
contig_10836_pilon:117-731            -            205 12152at314147        -            564   1.1e-59  198.8  38.9   1   2   1.1e-41   2.1e-40  135.1  22.3   292   432     1   141     1   141 0.94 -
contig_10836_pilon:117-731            -            205 12152at314147        -            564   1.1e-59  198.8  38.9   2   2   5.5e-15   9.9e-14   47.1   7.4   220   272   153   205   152   205 0.65 -
NW_025965207.1_RagTag:11397-10729     -            223 12152at314147        -            564     2e-59  197.9  44.8   1   2   2.4e-42   4.4e-41  137.4  30.9   241   399     1   158     1   161 0.97 -
NW_025965207.1_RagTag:11397-10729     -            223 12152at314147        -            564     2e-59  197.9  44.8   2   2   3.1e-20   5.5e-19   64.4   7.9   233   293   160   220   156   223 0.71 -
contig_33351_pilon:8-595              -            196 12152at314147        -            564   2.2e-59  197.7  32.3   1   1   8.1e-60   1.5e-58  195.1  32.3   219   410     4   195     1   196 0.58 -
NW_025965341.1_RagTag:79016-79627     -            204 12152at314147        -            564   2.3e-59  197.7  36.1   1   3   3.1e-14   5.6e-13   44.6   4.1   236   292     1    57     1    57 0.98 -
NW_025965341.1_RagTag:79016-79627     -            204 12152at314147        -            564   2.3e-59  197.7  36.1   2   3   1.2e-32   2.2e-31  105.3  13.7   220   326    41   147    40   147 0.99 -
NW_025965341.1_RagTag:79016-79627     -            204 12152at314147        -            564   2.3e-59  197.7  36.1   3   3   7.1e-23   1.3e-21   73.1   2.7   344   410   137   203   135   204 0.96 -
NW_025965279.1_RagTag:157181-156552   -            210 12152at314147        -            564   4.1e-57  190.3  37.5   1   3   2.3e-21   4.1e-20   68.1   3.2   343   404     2    63     1    63 0.89 -
NW_025965279.1_RagTag:157181-156552   -            210 12152at314147        -            564   4.1e-57  190.3  37.5   2   3   3.1e-29   5.6e-28   94.1  14.1   340   440    55   155    54   158 0.97 -
NW_025965279.1_RagTag:157181-156552   -            210 12152at314147        -            564   4.1e-57  190.3  37.5   3   3   5.7e-14     1e-12   43.7   5.2   220   271   159   210   156   210 0.90 -
NW_025965341.1_RagTag:50520-49825     -            232 12152at314147        -            564   5.8e-57  189.8  36.8   1   2   1.5e-15   2.6e-14   49.0   2.1   350   397     6    53     2    56 0.88 -
NW_025965341.1_RagTag:50520-49825     -            232 12152at314147        -            564   5.8e-57  189.8  36.8   2   2   3.3e-47   5.9e-46  153.4  27.1   220   408    44   232    43   232 0.98 -
NW_025965250.1_RagTag:151698-54140    -            212 12152at314147        -            564     1e-56  188.9  27.7   1   1   3.2e-16   5.8e-15   51.1   4.1   331   384   159   212   159   212 0.99 -
NW_025965250.1_RagTag:8965-9597       -            211 12152at314147        -            564     2e-55  184.7  29.3   1   2   1.3e-16   2.4e-15   52.4   2.1   342   398     2    58     1    60 0.86 -
NW_025965250.1_RagTag:8965-9597       -            211 12152at314147        -            564     2e-55  184.7  29.3   2   2   2.3e-42   4.1e-41  137.5  20.9   232   382    60   210    55   211 0.97 -
NW_025965289.1_RagTag:81543-82196     -            218 12152at314147        -            564   4.8e-55  183.5  28.4   1   1     1e-55   1.8e-54  181.6  28.4   219   414    23   218    16   218 0.98 -
NW_025965182.1_RagTag:1739884-1740459 -            192 12152at314147        -            564   3.9e-51  170.6  39.1   1   3   1.1e-25   1.9e-24   82.4  11.7   335   419     2    86     1    86 0.98 -
NW_025965182.1_RagTag:1739884-1740459 -            192 12152at314147        -            564   3.9e-51  170.6  39.1   2   3   4.8e-17   8.6e-16   53.9   4.1   352   400    75   123    73   127 0.92 -
NW_025965182.1_RagTag:1739884-1740459 -            192 12152at314147        -            564   3.9e-51  170.6  39.1   3   3   8.7e-19   1.6e-17   59.6   7.4   347   404   126   183   121   190 0.94 -
contig_28105_pilon:1448-873           -            192 12152at314147        -            564   1.2e-50  169.0  23.8   1   2   1.1e-17     2e-16   56.0   0.8   343   403    46   106    43   107 0.73 -
contig_28105_pilon:1448-873           -            192 12152at314147        -            564   1.2e-50  169.0  23.8   2   2   3.1e-28   5.5e-27   90.8   9.5   233   320   104   191   101   192 0.96 -
contig_53583_pilon:2102-1623          -            160 12152at314147        -            564   1.8e-50  168.4  37.0   1   3   1.4e-18   2.6e-17   58.9   5.1   233   283     5    55     1    58 0.85 -
contig_53583_pilon:2102-1623          -            160 12152at314147        -            564   1.8e-50  168.4  37.0   2   3   1.5e-19   2.7e-18   62.1   9.1   220   282    48   110    47   111 0.97 -
contig_53583_pilon:2102-1623          -            160 12152at314147        -            564   1.8e-50  168.4  37.0   3   3   1.3e-22   2.4e-21   72.2   6.8   219   276   103   160   102   160 0.98 -
NW_025965215.1_RagTag:23670-22372     -            433 12152at314147        -            564   2.2e-50  168.1  33.9   1   3       4.6        82   -2.2   0.0   503   548   150   195   145   205 0.74 -
NW_025965215.1_RagTag:23670-22372     -            433 12152at314147        -            564   2.2e-50  168.1  33.9   2   3   1.5e-13   2.8e-12   42.3   3.7   353   400   239   286   233   290 0.90 -
NW_025965215.1_RagTag:23670-22372     -            433 12152at314147        -            564   2.2e-50  168.1  33.9   3   3   6.3e-41   1.1e-39  132.7  21.4   233   380   287   433   285   433 0.99 -
NW_025965190.1_RagTag:125753-126253   -            167 12152at314147        -            564   3.2e-50  167.5  24.0   1   1   4.2e-51   7.4e-50  166.3  24.0   234   396     2   164     1   167 0.98 -
NW_025965230.1_RagTag:917436-916915   -            174 12152at314147        -            564   2.2e-49  164.8  28.3   1   1   6.3e-50   1.1e-48  162.4  28.3   233   399     5   171     3   173 0.99 -
contig_31119_pilon:1895-1227          -            223 12152at314147        -            564   2.7e-47  157.9  24.1   1   3   2.4e-16   4.4e-15   51.5   3.7   324   396    19    92    13    96 0.93 -
contig_31119_pilon:1895-1227          -            223 12152at314147        -            564   2.7e-47  157.9  24.1   2   3   2.6e-18   4.7e-17   58.0   1.9   233   296    97   160    93   160 0.96 -
contig_31119_pilon:1895-1227          -            223 12152at314147        -            564   2.7e-47  157.9  24.1   3   3   2.4e-22   4.3e-21   71.4   6.9   222   298   142   219   142   222 0.94 -
NW_025965301.1_RagTag:107837-107190   -            216 12152at314147        -            564   7.3e-46  153.1  18.9   1   1   4.9e-47   8.8e-46  152.9  18.9   245   430    29   214    10   216 0.66 -
NW_025965341.1_RagTag:41589-41122     -            156 12152at314147        -            564   1.4e-45  152.2  25.4   1   2   1.9e-20   3.4e-19   65.1   3.1   226   292     2    68     1    69 0.94 -
NW_025965341.1_RagTag:41589-41122     -            156 12152at314147        -            564   1.4e-45  152.2  25.4   2   2     8e-31   1.4e-29   99.4  14.5   220   324    52   156    51   156 0.97 -
NW_025965341.1_RagTag:91734-92261     -            176 12152at314147        -            564   1.7e-45  152.0  31.1   1   1     1e-46   1.8e-45  151.8  31.1   222   396     1   175     1   176 0.99 -
NW_025965127.1_RagTag:122624-122115   -            170 12152at314147        -            564   4.8e-45  150.5  22.2   1   1   1.4e-45   2.5e-44  148.1  22.2   240   404     2   166     1   170 0.96 -
NW_025965071.1_RagTag:28250-28834     -            195 12152at314147        -            564   5.8e-45  150.2  35.5   1   1   2.6e-16   4.7e-15   51.4   8.7   219   281    41   103    41   104 0.98 -
contig_18339_pilon:770-1369           -            200 12152at314147        -            564     4e-43  144.1  22.5   1   3   7.6e-20   1.4e-18   63.1   5.5   233   290     4    60     1    62 0.87 -
contig_18339_pilon:770-1369           -            200 12152at314147        -            564     4e-43  144.1  22.5   2   3   7.2e-23   1.3e-21   73.1   8.5   331   401    46   116    46   130 0.52 -
contig_18339_pilon:770-1369           -            200 12152at314147        -            564     4e-43  144.1  22.5   3   3   7.4e-09   1.3e-07   26.8   0.1   232   258   171   197   155   200 0.79 -
contig_43715_pilon:300-1181           -            294 12152at314147        -            564   9.9e-43  142.8  24.3   1   2   3.4e-29     6e-28   94.0  16.6   218   312     5    99     1   105 0.87 -
contig_43715_pilon:300-1181           -            294 12152at314147        -            564   9.9e-43  142.8  24.3   2   2   1.6e-16   2.8e-15   52.2   0.9   338   395   236   293   227   294 0.90 -
NW_025965279.1_RagTag:80294-79764     -            177 12152at314147        -            564   1.6e-42  142.1  23.0   1   3   2.9e-20   5.2e-19   64.5   2.8   236   293     1    57     1    68 0.63 -
NW_025965279.1_RagTag:80294-79764     -            177 12152at314147        -            564   1.6e-42  142.1  23.0   2   3   2.8e-17     5e-16   54.7   2.2   225   276    96   147    89   147 0.86 -
NW_025965279.1_RagTag:80294-79764     -            177 12152at314147        -            564   1.6e-42  142.1  23.0   3   3   4.5e-15     8e-14   47.4   2.7   233   276   132   175   131   177 0.95 -
NW_025965028.1_RagTag:357538-358857   -            372 12152at314147        -            564     3e-42  141.2  19.5   1   3   1.4e-16   2.4e-15   52.4   0.1     5   107    15   118    11   138 0.90 -
NW_025965028.1_RagTag:357538-358857   -            372 12152at314147        -            564     3e-42  141.2  19.5   2   3   1.9e-21   3.5e-20   68.4   5.5   317   396   249   329   230   333 0.88 -
NW_025965028.1_RagTag:357538-358857   -            372 12152at314147        -            564     3e-42  141.2  19.5   3   3   6.5e-10   1.2e-08   30.3   1.7   341   383   330   372   328   372 0.94 -
NW_025965166.1_RagTag:131393-130962   -            144 12152at314147        -            564   4.4e-42  140.7  25.8   1   2   1.7e-14     3e-13   45.5   2.7   242   282     3    43     1    43 0.87 -
NW_025965166.1_RagTag:131393-130962   -            144 12152at314147        -            564   4.4e-42  140.7  25.8   2   2   3.1e-33   5.6e-32  107.3  15.3   220   326    37   143    36   144 0.99 -
NW_025965358.1_RagTag:7314-6859       -            152 12152at314147        -            564   6.3e-42  140.1  24.7   1   3   4.1e-14   7.4e-13   44.2   0.9   357   396     2    41     1    45 0.88 -
NW_025965358.1_RagTag:7314-6859       -            152 12152at314147        -            564   6.3e-42  140.1  24.7   2   3     4e-27   7.2e-26   87.1   9.7   339   429    40   130    39   131 0.95 -
NW_025965358.1_RagTag:7314-6859       -            152 12152at314147        -            564   6.3e-42  140.1  24.7   3   3   1.7e-09     3e-08   29.0   4.1   220   255   117   152   116   152 0.95 -
NW_025965279.1_RagTag:111843-48065    -            321 12152at314147        -            564   1.1e-39  132.7  36.8   1   2   1.1e-28     2e-27   92.3  22.6   213   447     7   241     2   254 0.89 -
NW_025965279.1_RagTag:111843-48065    -            321 12152at314147        -            564   1.1e-39  132.7  36.8   2   2     5e-14     9e-13   43.9   6.1   243   309   255   321   246   321 0.54 -
NW_025965299.1_RagTag:2295-1810       -            162 12152at314147        -            564   2.5e-38  128.3  25.2   1   2   3.3e-17   5.9e-16   54.4   4.0   360   419     1    60     1    61 0.95 -
NW_025965299.1_RagTag:2295-1810       -            162 12152at314147        -            564   2.5e-38  128.3  25.2   2   2   1.1e-24     2e-23   79.1  14.3   222   324    59   161    59   162 0.97 -
NW_025965215.1_RagTag:353527-352538   -            180 12152at314147        -            564   3.6e-38  127.7  31.4   1   2   4.3e-18   7.8e-17   57.3  10.7   217   286    23    92     7    95 0.90 -
NW_025965215.1_RagTag:353527-352538   -            180 12152at314147        -            564   3.6e-38  127.7  31.4   2   2   8.7e-26   1.6e-24   82.7  16.5   219   322    81   177    81   180 0.90 -
NW_025965442.1_RagTag:53274-52825     -            150 12152at314147        -            564   1.2e-37  126.0  22.2   1   1   1.2e-38   2.1e-37  125.2  22.2   296   429    17   150     8   150 0.98 -
NW_025965344.1_RagTag:2075-1647       -            143 12152at314147        -            564   1.4e-37  125.8  15.9   1   2     1e-22   1.8e-21   72.6   4.5   343   419     7    83     2    83 0.97 -
NW_025965344.1_RagTag:2075-1647       -            143 12152at314147        -            564   1.4e-37  125.8  15.9   2   2   3.4e-20   6.1e-19   64.3   6.2   219   282    79   142    78   143 0.97 -
NW_025965341.1_RagTag:115056-115571   -            172 12152at314147        -            564   1.5e-37  125.7  22.1   1   2   1.5e-15   2.6e-14   49.0   1.6   350   404     1    55     1    64 0.90 -
NW_025965341.1_RagTag:115056-115571   -            172 12152at314147        -            564   1.5e-37  125.7  22.1   2   2   1.2e-25   2.2e-24   82.2  13.7   218   324    65   171    52   172 0.94 -
NW_025965281.1_RagTag:529223-527331   -            631 12152at314147        -            564     1e-35  119.7  13.2   1   3   5.1e-20   9.2e-19   63.7   0.0     4   128    13   143    11   177 0.75 -
NW_025965281.1_RagTag:529223-527331   -            631 12152at314147        -            564     1e-35  119.7  13.2   2   3   3.7e-07   6.6e-06   21.2   1.4   386   439   342   396   336   400 0.89 -
NW_025965281.1_RagTag:529223-527331   -            631 12152at314147        -            564     1e-35  119.7  13.2   3   3   5.1e-13   9.1e-12   40.6   1.8   352   436   454   538   446   549 0.90 -
NW_025965374.1_RagTag:84617-82386     -            744 12152at314147        -            564     3e-34  114.8  63.2   1   4   1.7e-12     3e-11   38.9  18.6   220   385     6   160     6   183 0.68 -
NW_025965374.1_RagTag:84617-82386     -            744 12152at314147        -            564     3e-34  114.8  63.2   2   4   1.8e-07   3.2e-06   22.3   5.4   273   378   218   347   213   356 0.79 -
NW_025965374.1_RagTag:84617-82386     -            744 12152at314147        -            564     3e-34  114.8  63.2   3   4   5.3e-16   9.4e-15   50.4  24.4   246   434   442   637   433   646 0.85 -
NW_025965374.1_RagTag:84617-82386     -            744 12152at314147        -            564     3e-34  114.8  63.2   4   4       0.2       3.6    2.3   0.0   355   377   693   715   688   729 0.80 -
NW_025965271.1_RagTag:643750-644226   -            159 12152at314147        -            564   3.4e-34  114.6  14.8   1   1   6.6e-35   1.2e-33  112.8  14.8   266   397    13   144     9   156 0.96 -
contig_44617_pilon:698-207            -            164 12152at314147        -            564   5.7e-34  113.9  18.9   1   2     6e-18   1.1e-16   56.8   4.7   227   288    37    99    27   101 0.66 -
contig_44617_pilon:698-207            -            164 12152at314147        -            564   5.7e-34  113.9  18.9   2   2   5.2e-20   9.3e-19   63.7   6.1   233   290   100   157    97   163 0.89 -
NW_025965039.1_RagTag:271870-271352   -            173 12152at314147        -            564   1.2e-33  112.8  14.5   1   1   4.7e-34   8.4e-33  110.0  14.5   273   416    30   173    15   173 0.93 -
NW_025965277.1_RagTag:46400-46999     -            200 12152at314147        -            564     1e-32  109.7  29.7   1   1   1.9e-10   3.5e-09   32.1   1.1   232   269   163   200   145   200 0.76 -
contig_81532_pilon:2154-1714          -            147 12152at314147        -            564   2.9e-29   98.4  26.1   1   2   7.7e-11   1.4e-09   33.4   5.7   326   381     4    60     1    63 0.88 -
contig_81532_pilon:2154-1714          -            147 12152at314147        -            564   2.9e-29   98.4  26.1   2   2   1.3e-22   2.2e-21   72.3  14.7   234   326    53   146    52   147 0.95 -
NW_025965271.1_RagTag:644682-645221   -            180 12152at314147        -            564   1.1e-28   96.5  15.5   1   2   8.8e-11   1.6e-09   33.2   0.5   231   277     2    48     1    73 0.75 -
NW_025965271.1_RagTag:644682-645221   -            180 12152at314147        -            564   1.1e-28   96.5  15.5   2   2   1.9e-13   3.4e-12   42.0   2.3   234   271   143   180   142   180 0.95 -
contig_52188_pilon:2135-1716          -            140 12152at314147        -            564   4.9e-27   91.0  14.0   1   1   8.9e-28   1.6e-26   89.3  14.0   279   413     6   140     2   140 0.78 -
NW_025965233.1_RagTag:201413-205146   -            387 12152at314147        -            564   1.8e-25   85.8  23.5   1   2   1.3e-17   2.3e-16   55.7  10.7   244   325   211   292   204   301 0.95 -
NW_025965233.1_RagTag:201413-205146   -            387 12152at314147        -            564   1.8e-25   85.8  23.5   2   2   1.3e-11   2.3e-10   36.0   4.9   247   300   322   375   310   383 0.66 -
NW_025965071.1_RagTag:28831-29067     -             79 12152at314147        -            564   9.5e-22   73.5   8.0   1   1   6.5e-23   1.2e-21   73.2   8.0   348   417     4    73     2    76 0.96 -
NW_025965297.1_RagTag:263440-264639   -            299 12152at314147        -            564   3.8e-16   55.1  13.2   1   2   2.5e-13   4.5e-12   41.6   4.4   331   407    73   154    65   168 0.75 -
NW_025965297.1_RagTag:263440-264639   -            299 12152at314147        -            564   3.8e-16   55.1  13.2   2   2   2.1e-06   3.8e-05   18.7   1.5   211   264   237   292   229   297 0.77 -
NW_025965468.1_RagTag:9888-9637       -             84 12152at314147        -            564   6.4e-16   54.3   4.1   1   1   3.8e-17   6.8e-16   54.2   4.1   223   301     1    78     1    84 0.72 -
NW_025965191.1_RagTag:541275-539223   -            619 12152at314147        -            564   9.1e-15   50.5   0.0   1   1   6.6e-16   1.2e-14   50.1   0.0     5   108     8   113     4   125 0.88 -
NW_025965054.1_RagTag:37673-36246     -            327 12152at314147        -            564   3.6e-13   45.2  24.0   1   3       1.7        31   -0.8   0.2   263   292    28    57    21    77 0.65 -
NW_025965054.1_RagTag:37673-36246     -            327 12152at314147        -            564   3.6e-13   45.2  24.0   2   3     6e-14   1.1e-12   43.7   5.7   351   416    75   140    42   152 0.85 -
NW_025965054.1_RagTag:37673-36246     -            327 12152at314147        -            564   3.6e-13   45.2  24.0   3   3      0.02      0.36    5.6   9.2   356   433   198   275   186   282 0.70 -
NW_025965200.1_RagTag:17859-18600     -            178 12152at314147        -            564   2.2e-12   42.6   1.6   1   1   1.5e-13   2.7e-12   42.3   1.6   328   396   103   174    78   177 0.85 -
NW_025965341.1_RagTag:108306-108962   -            219 12152at314147        -            564   1.7e-11   39.7  13.7   1   2   2.8e-08     5e-07   24.9   4.1   296   380    20   106     5   115 0.82 -
NW_025965341.1_RagTag:108306-108962   -            219 12152at314147        -            564   1.7e-11   39.7  13.7   2   2   3.2e-07   5.7e-06   21.5   9.3   266   403    76   214    75   218 0.80 -
NW_025965359.1_RagTag:203699-204637   -            310 12152at314147        -            564   7.2e-10   34.3   0.0   1   1   5.2e-11   9.3e-10   33.9   0.0    24   103   149   230   134   261 0.85 -
NW_025965324.1_RagTag:667565-665169   -            506 12152at314147        -            564   1.3e-09   33.5   8.8   1   2   4.4e-10   7.9e-09   30.9   4.8   360   404     1    45     1    54 0.53 -
NW_025965324.1_RagTag:667565-665169   -            506 12152at314147        -            564   1.3e-09   33.5   8.8   2   2     0.046      0.82    4.4   0.1   337   378   277   318   253   333 0.84 -
NW_025965182.1_RagTag:1739377-1739874 -            166 12152at314147        -            564   1.9e-09   32.9   6.2   1   2     0.076       1.4    3.7   1.1   248   352    20   122    10   123 0.66 -
NW_025965182.1_RagTag:1739377-1739874 -            166 12152at314147        -            564   1.9e-09   32.9   6.2   2   2   1.6e-10   2.9e-09   32.3   3.6   199   274    92   166    82   166 0.85 -
NW_025965259.1_RagTag:163961-162513   -            483 12152at314147        -            564   2.4e-09   32.6   3.6   1   2       3.1        55   -1.6   0.3   303   327    22    46    15    53 0.55 -
NW_025965259.1_RagTag:163961-162513   -            483 12152at314147        -            564   2.4e-09   32.6   3.6   2   2   1.3e-10   2.4e-09   32.6   3.6   354   423   411   480   387   483 0.95 -
NW_025965375.1_RagTag:140298-139846   -            151 12152at314147        -            564     5e-08   28.2  10.5   1   1   3.3e-09     6e-08   28.0  10.5   234   382     7   149     4   151 0.89 -
NW_025965359.1_RagTag:203589-206496   -            349 12152at314147        -            564   6.8e-07   24.5   0.0   1   1   5.3e-08   9.5e-07   24.0   0.0    25   102   179   258   163   269 0.82 -
NW_025965316.1_RagTag:2470718-2476964 -            637 12152at314147        -            564      0.14    7.0  10.8   1   3       9.6   1.7e+02   -3.2   0.9   485   537   490   546   451   555 0.50 -
NW_025965316.1_RagTag:2470718-2476964 -            637 12152at314147        -            564      0.14    7.0  10.8   2   3      0.39       6.9    1.4   0.1   244   262   568   586   564   588 0.89 -
NW_025965316.1_RagTag:2470718-2476964 -            637 12152at314147        -            564      0.14    7.0  10.8   3   3    0.0001    0.0018   13.2   1.2   331   376   586   631   582   636 0.89 -
#
# Program:         hmmsearch
# Version:         3.1b2 (February 2015)
# Pipeline mode:   SEARCH
# Query file:      /home/bgerda/guppy_SUP/busco_downloads/lineages/glires_odb10/hmms/12152at314147.hmm
# Target file:     /home/bgerda/guppy_SUP/busco_results/run_glires_odb10/metaeuk_output/initial_results/ragtag.scaffold.fasta.modified.fas
# Option settings: hmmsearch --domtblout /home/bgerda/guppy_SUP/busco_results/run_glires_odb10/hmmer_output/initial_run_results/12152at314147.out --cpu 1 /home/bgerda/guppy_SUP/busco_downloads/lineages/glires_odb10/hmms/12152at314147.hmm /home/bgerda/guppy_SUP/busco_results/run_glires_odb10/metaeuk_output/initial_results/ragtag.scaffold.fasta.modified.fas 
# Current dir:     /home/bgerda/guppy_SUP
# Date:            Sun May 21 15:02:20 2023
# [ok]
