#                                                                                             --- full sequence --- -------------- this domain -------------   hmm coord   ali coord   env coord
# target name                         accession   tlen query name           accession   qlen   E-value  score  bias   #  of  c-Evalue  i-Evalue  score  bias  from    to  from    to  from    to  acc description of target
#                 ------------------- ---------- ----- -------------------- ---------- ----- --------- ------ ----- --- --- --------- --------- ------ ----- ----- ----- ----- ----- ----- ----- ---- ---------------------
NW_025965191.1_RagTag:541275-539223   -            619 12202at314147        -            670   2.2e-37  125.0   7.9   1   4   1.9e-19     3e-17   58.5   1.3   109   332    19   254    11   273 0.86 -
NW_025965191.1_RagTag:541275-539223   -            619 12202at314147        -            670   2.2e-37  125.0   7.9   2   4    0.0005     0.079    7.5   0.0   567   611   334   375   331   387 0.71 -
NW_025965191.1_RagTag:541275-539223   -            619 12202at314147        -            670   2.2e-37  125.0   7.9   3   4   1.3e-15   2.1e-13   45.7   0.3   387   525   346   493   346   518 0.76 -
NW_025965191.1_RagTag:541275-539223   -            619 12202at314147        -            670   2.2e-37  125.0   7.9   4   4   3.3e-07   5.2e-05   18.0   0.0   574   652   518   599   514   605 0.84 -
NW_025965321.1_RagTag:1275193-1274498 -            232 12202at314147        -            670   1.9e-36  121.9   1.1   1   1   1.3e-38   2.1e-36  121.8   1.1   429   653     3   230     1   232 0.94 -
NW_025965172.1_RagTag:387106-388227   -            374 12202at314147        -            670   2.8e-20   68.5   0.0   1   2   5.6e-14   8.8e-12   40.4   0.0   143   312     1   175     1   184 0.89 -
NW_025965172.1_RagTag:387106-388227   -            374 12202at314147        -            670   2.8e-20   68.5   0.0   2   2     1e-09   1.6e-07   26.3   0.0   431   510   289   372   242   374 0.82 -
NW_025965317.1_RagTag:3922280-3922990 -            237 12202at314147        -            670   6.5e-17   57.3   0.4   1   1   5.4e-19   8.5e-17   57.0   0.4   380   513    95   230     2   233 0.81 -
NW_025965250.1_RagTag:126197-122783   -            306 12202at314147        -            670   7.7e-17   57.1   6.5   1   3   2.4e-06   0.00038   15.1   0.3   247   308     5    66     3    76 0.90 -
NW_025965250.1_RagTag:126197-122783   -            306 12202at314147        -            670   7.7e-17   57.1   6.5   2   3   1.3e-07     2e-05   19.3   0.1   553   610   115   171   108   174 0.87 -
NW_025965250.1_RagTag:126197-122783   -            306 12202at314147        -            670   7.7e-17   57.1   6.5   3   3   9.1e-13   1.4e-10   36.4   0.7   433   599   137   290   136   293 0.85 -
NW_025965312.1_RagTag:1416735-1411126 -            331 12202at314147        -            670   7.4e-12   40.6   0.1   1   2   3.5e-10   5.5e-08   27.8   0.1   202   316     6   123     2   133 0.90 -
NW_025965312.1_RagTag:1416735-1411126 -            331 12202at314147        -            670   7.4e-12   40.6   0.1   2   2   5.1e-05     0.008   10.8   0.0   439   506   257   327   237   331 0.78 -
NW_025965367.1_RagTag:65760-66272     -            171 12202at314147        -            670   1.5e-09   33.0   0.0   1   1   9.7e-12   1.5e-09   33.0   0.0   432   585    18   171     1   171 0.81 -
NW_025965359.1_RagTag:203699-204637   -            310 12202at314147        -            670   0.00033   15.3   0.1   1   1   2.8e-06   0.00044   14.9   0.1   111   208   143   246   134   291 0.73 -
NW_025965359.1_RagTag:203589-206496   -            349 12202at314147        -            670   0.00087   14.0   0.1   1   1   7.4e-06    0.0012   13.5   0.1   113   212   174   274   165   321 0.80 -
#
# Program:         hmmsearch
# Version:         3.1b2 (February 2015)
# Pipeline mode:   SEARCH
# Query file:      /home/bgerda/guppy_SUP/busco_downloads/lineages/glires_odb10/hmms/12202at314147.hmm
# Target file:     /home/bgerda/guppy_SUP/busco_results/run_glires_odb10/metaeuk_output/initial_results/ragtag.scaffold.fasta.modified.fas
# Option settings: hmmsearch --domtblout /home/bgerda/guppy_SUP/busco_results/run_glires_odb10/hmmer_output/initial_run_results/12202at314147.out --cpu 1 /home/bgerda/guppy_SUP/busco_downloads/lineages/glires_odb10/hmms/12202at314147.hmm /home/bgerda/guppy_SUP/busco_results/run_glires_odb10/metaeuk_output/initial_results/ragtag.scaffold.fasta.modified.fas 
# Current dir:     /home/bgerda/guppy_SUP
# Date:            Sun May 21 15:02:12 2023
# [ok]
