#                                                                                             --- full sequence --- -------------- this domain -------------   hmm coord   ali coord   env coord
# target name                         accession   tlen query name           accession   qlen   E-value  score  bias   #  of  c-Evalue  i-Evalue  score  bias  from    to  from    to  from    to  acc description of target
#                 ------------------- ---------- ----- -------------------- ---------- ----- --------- ------ ----- --- --- --------- --------- ------ ----- ----- ----- ----- ----- ----- ----- ---- ---------------------
contig_18340_pilon:996-2162           -            389 12630at314147        -            468   2.4e-61  204.3  71.5   1   9   2.2e-11     4e-10   35.4   4.1   322   385     7    71     2    73 0.90 -
contig_18340_pilon:996-2162           -            389 12630at314147        -            468   2.4e-61  204.3  71.5   2   9   3.7e-10   6.5e-09   31.4   4.3   332   385    46    99    41   101 0.93 -
contig_18340_pilon:996-2162           -            389 12630at314147        -            468   2.4e-61  204.3  71.5   3   9   8.4e-10   1.5e-08   30.2   4.8   329   381    71   123    68   125 0.92 -
contig_18340_pilon:996-2162           -            389 12630at314147        -            468   2.4e-61  204.3  71.5   4   9   7.3e-12   1.3e-10   37.0   2.2   331   385   129   183   123   185 0.91 -
contig_18340_pilon:996-2162           -            389 12630at314147        -            468   2.4e-61  204.3  71.5   5   9   3.4e-07   6.1e-06   21.6   0.7   323   361   176   215   175   216 0.82 -
contig_18340_pilon:996-2162           -            389 12630at314147        -            468   2.4e-61  204.3  71.5   6   9   1.7e-11   3.1e-10   35.8   5.9   329   383   211   265   207   268 0.91 -
contig_18340_pilon:996-2162           -            389 12630at314147        -            468   2.4e-61  204.3  71.5   7   9   2.6e-13   4.7e-12   41.8   4.0   332   385   270   323   268   325 0.94 -
contig_18340_pilon:996-2162           -            389 12630at314147        -            468   2.4e-61  204.3  71.5   8   9   5.2e-10   9.2e-09   30.9   4.1   332   381   298   347   297   348 0.96 -
contig_18340_pilon:996-2162           -            389 12630at314147        -            468   2.4e-61  204.3  71.5   9   9   1.3e-10   2.4e-09   32.9   6.2   329   386   323   380   319   387 0.89 -
NW_025965432.1_RagTag:532065-533174   -            370 12630at314147        -            468   3.7e-60  200.4  94.5   1   9   4.6e-09   8.3e-08   27.8   7.0   335   384     2    51     1    58 0.93 -
NW_025965432.1_RagTag:532065-533174   -            370 12630at314147        -            468   3.7e-60  200.4  94.5   2   9   8.6e-10   1.5e-08   30.2   4.7   332   389    55   112    50   113 0.93 -
NW_025965432.1_RagTag:532065-533174   -            370 12630at314147        -            468   3.7e-60  200.4  94.5   3   9     1e-11   1.8e-10   36.6   3.3   331   382    82   133    79   138 0.93 -
NW_025965432.1_RagTag:532065-533174   -            370 12630at314147        -            468   3.7e-60  200.4  94.5   4   9   1.9e-11   3.4e-10   35.6   2.8   332   385   111   164   106   166 0.93 -
NW_025965432.1_RagTag:532065-533174   -            370 12630at314147        -            468   3.7e-60  200.4  94.5   5   9   4.7e-12   8.4e-11   37.7   2.2   332   388   139   195   137   197 0.95 -
NW_025965432.1_RagTag:532065-533174   -            370 12630at314147        -            468   3.7e-60  200.4  94.5   6   9   8.3e-11   1.5e-09   33.5   1.7   332   386   195   249   192   253 0.93 -
NW_025965432.1_RagTag:532065-533174   -            370 12630at314147        -            468   3.7e-60  200.4  94.5   7   9   8.9e-12   1.6e-10   36.8   4.2   329   381   248   300   246   305 0.94 -
NW_025965432.1_RagTag:532065-533174   -            370 12630at314147        -            468   3.7e-60  200.4  94.5   8   9   1.4e-10   2.6e-09   32.8   2.6   329   385   276   332   274   333 0.94 -
NW_025965432.1_RagTag:532065-533174   -            370 12630at314147        -            468   3.7e-60  200.4  94.5   9   9   7.6e-12   1.4e-10   37.0   3.8   331   386   306   361   302   366 0.93 -
contig_36320_pilon:1246-2160          -            305 12630at314147        -            468   9.3e-51  169.4  56.0   1   7   9.6e-13   1.7e-11   39.9   4.6   323   384     8    70     3    73 0.86 -
contig_36320_pilon:1246-2160          -            305 12630at314147        -            468   9.3e-51  169.4  56.0   2   7   1.9e-08   3.4e-07   25.8   0.8   329   361    71   103    67   104 0.92 -
contig_36320_pilon:1246-2160          -            305 12630at314147        -            468   9.3e-51  169.4  56.0   3   7   3.3e-12   5.9e-11   38.2   1.8   333   384   103   154   102   157 0.94 -
contig_36320_pilon:1246-2160          -            305 12630at314147        -            468   9.3e-51  169.4  56.0   4   7   2.6e-10   4.6e-09   31.9   3.8   332   384   130   182   126   186 0.92 -
contig_36320_pilon:1246-2160          -            305 12630at314147        -            468   9.3e-51  169.4  56.0   5   7   1.6e-11   2.9e-10   35.9   4.0   327   385   152   211   148   213 0.88 -
contig_36320_pilon:1246-2160          -            305 12630at314147        -            468   9.3e-51  169.4  56.0   6   7   3.3e-13     6e-12   41.4   4.0   331   384   213   266   204   268 0.88 -
contig_36320_pilon:1246-2160          -            305 12630at314147        -            468   9.3e-51  169.4  56.0   7   7   1.3e-06   2.3e-05   19.7   5.2   326   365   264   303   260   305 0.84 -
contig_43334_pilon:1277-1996          -            240 12630at314147        -            468   1.9e-50  168.4  81.9   1   8   1.8e-07   3.3e-06   22.5   3.2   338   382     1    45     1    49 0.93 -
contig_43334_pilon:1277-1996          -            240 12630at314147        -            468   1.9e-50  168.4  81.9   2   8   3.4e-10     6e-09   31.5   3.1   329   380    20    71    16    71 0.91 -
contig_43334_pilon:1277-1996          -            240 12630at314147        -            468   1.9e-50  168.4  81.9   3   8   5.7e-12     1e-10   37.4   3.8   329   384    48   103    44   107 0.90 -
contig_43334_pilon:1277-1996          -            240 12630at314147        -            468   1.9e-50  168.4  81.9   4   8   3.1e-11   5.5e-10   35.0   3.0   326   383    73   130    72   133 0.91 -
contig_43334_pilon:1277-1996          -            240 12630at314147        -            468   1.9e-50  168.4  81.9   5   8   5.1e-12   9.2e-11   37.5   3.4   332   388   107   163   101   165 0.92 -
contig_43334_pilon:1277-1996          -            240 12630at314147        -            468   1.9e-50  168.4  81.9   6   8   1.7e-10     3e-09   32.6   2.9   332   385   135   188   129   190 0.92 -
contig_43334_pilon:1277-1996          -            240 12630at314147        -            468   1.9e-50  168.4  81.9   7   8   2.4e-10   4.4e-09   32.0   4.2   330   382   161   213   156   218 0.89 -
contig_43334_pilon:1277-1996          -            240 12630at314147        -            468   1.9e-50  168.4  81.9   8   8   9.9e-10   1.8e-08   30.0   3.6   331   380   190   239   185   240 0.93 -
NW_025965182.1_RagTag:1758025-1759086 -            354 12630at314147        -            468   8.9e-45  149.7  46.7   1   8   0.00014    0.0026   13.0   0.1   348   381     1    34     1    39 0.74 -
NW_025965182.1_RagTag:1758025-1759086 -            354 12630at314147        -            468   8.9e-45  149.7  46.7   2   8   1.5e-06   2.7e-05   19.5   0.2   331   385    40    94    31    99 0.89 -
NW_025965182.1_RagTag:1758025-1759086 -            354 12630at314147        -            468   8.9e-45  149.7  46.7   3   8   3.4e-11   6.2e-10   34.8   2.6   333   380    98   145    92   150 0.93 -
NW_025965182.1_RagTag:1758025-1759086 -            354 12630at314147        -            468   8.9e-45  149.7  46.7   4   8   1.1e-09     2e-08   29.9   2.3   331   385   152   206   146   212 0.88 -
NW_025965182.1_RagTag:1758025-1759086 -            354 12630at314147        -            468   8.9e-45  149.7  46.7   5   8   1.1e-12   1.9e-11   39.8   2.7   323   386   171   235   170   239 0.87 -
NW_025965182.1_RagTag:1758025-1759086 -            354 12630at314147        -            468   8.9e-45  149.7  46.7   6   8     2e-09   3.6e-08   29.0   1.2   331   385   208   262   202   264 0.92 -
NW_025965182.1_RagTag:1758025-1759086 -            354 12630at314147        -            468   8.9e-45  149.7  46.7   7   8   7.3e-11   1.3e-09   33.7   2.6   327   385   260   318   258   323 0.89 -
NW_025965182.1_RagTag:1758025-1759086 -            354 12630at314147        -            468   8.9e-45  149.7  46.7   8   8   8.2e-07   1.5e-05   20.4   1.7   331   365   320   354   315   354 0.88 -
NW_025965022.1_RagTag:266833-265871   -            321 12630at314147        -            468   2.2e-43  145.1  43.1   1   7   6.1e-09   1.1e-07   27.4   3.7   333   384    10    61     5    64 0.92 -
NW_025965022.1_RagTag:266833-265871   -            321 12630at314147        -            468   2.2e-43  145.1  43.1   2   7   1.1e-10   1.9e-09   33.2   0.8   332   378    65   111    62   123 0.91 -
NW_025965022.1_RagTag:266833-265871   -            321 12630at314147        -            468   2.2e-43  145.1  43.1   3   7   2.2e-06   3.9e-05   19.0   1.1   335   384   123   172   116   177 0.90 -
NW_025965022.1_RagTag:266833-265871   -            321 12630at314147        -            468   2.2e-43  145.1  43.1   4   7   2.4e-10   4.3e-09   32.0   1.7   332   382   148   198   142   203 0.92 -
NW_025965022.1_RagTag:266833-265871   -            321 12630at314147        -            468   2.2e-43  145.1  43.1   5   7   1.6e-11   2.9e-10   35.9   2.6   332   385   176   229   167   233 0.88 -
NW_025965022.1_RagTag:266833-265871   -            321 12630at314147        -            468   2.2e-43  145.1  43.1   6   7   1.9e-06   3.3e-05   19.2   0.5   320   361   219   261   218   262 0.89 -
NW_025965022.1_RagTag:266833-265871   -            321 12630at314147        -            468   2.2e-43  145.1  43.1   7   7     9e-13   1.6e-11   40.0   3.5   325   386   252   314   250   319 0.88 -
NW_025965071.1_RagTag:3226-4467       -            414 12630at314147        -            468   4.7e-42  140.7  54.7   1   9   7.2e-07   1.3e-05   20.6   0.3   326   382    10    67     4    75 0.87 -
NW_025965071.1_RagTag:3226-4467       -            414 12630at314147        -            468   4.7e-42  140.7  54.7   2   9   1.7e-06     3e-05   19.4   1.9   332   381    73   122    65   131 0.87 -
NW_025965071.1_RagTag:3226-4467       -            414 12630at314147        -            468   4.7e-42  140.7  54.7   3   9   7.3e-05    0.0013   14.0   0.3   332   383   101   152    94   161 0.91 -
NW_025965071.1_RagTag:3226-4467       -            414 12630at314147        -            468   4.7e-42  140.7  54.7   4   9      0.19       3.3    2.7   0.2   332   381   129   178   122   183 0.79 -
NW_025965071.1_RagTag:3226-4467       -            414 12630at314147        -            468   4.7e-42  140.7  54.7   5   9   5.8e-07     1e-05   20.9   5.1   331   383   184   236   168   239 0.85 -
NW_025965071.1_RagTag:3226-4467       -            414 12630at314147        -            468   4.7e-42  140.7  54.7   6   9     2e-11   3.5e-10   35.6   2.9   328   382   237   291   234   294 0.94 -
NW_025965071.1_RagTag:3226-4467       -            414 12630at314147        -            468   4.7e-42  140.7  54.7   7   9   3.9e-11   6.9e-10   34.6   2.1   328   381   293   346   290   350 0.93 -
NW_025965071.1_RagTag:3226-4467       -            414 12630at314147        -            468   4.7e-42  140.7  54.7   8   9   1.3e-09   2.3e-08   29.6   2.9   332   382   325   375   318   380 0.90 -
NW_025965071.1_RagTag:3226-4467       -            414 12630at314147        -            468   4.7e-42  140.7  54.7   9   9   1.4e-08   2.6e-07   26.2   3.3   322   365   370   414   367   414 0.90 -
NW_025965375.1_RagTag:158129-157515   -            205 12630at314147        -            468   2.3e-39  131.9  26.7   1   5   1.3e-11   2.4e-10   36.2   2.1   333   383     1    51     1    55 0.95 -
NW_025965375.1_RagTag:158129-157515   -            205 12630at314147        -            468   2.3e-39  131.9  26.7   2   5   7.7e-13   1.4e-11   40.2   2.0   332   387    56   111    51   114 0.92 -
NW_025965375.1_RagTag:158129-157515   -            205 12630at314147        -            468   2.3e-39  131.9  26.7   3   5   3.9e-06   7.1e-05   18.1   0.1   332   358   112   138   108   141 0.87 -
NW_025965375.1_RagTag:158129-157515   -            205 12630at314147        -            468   2.3e-39  131.9  26.7   4   5   1.9e-07   3.4e-06   22.5   0.2   331   359   139   167   136   170 0.88 -
NW_025965375.1_RagTag:158129-157515   -            205 12630at314147        -            468   2.3e-39  131.9  26.7   5   5   4.5e-10   8.1e-09   31.1   0.6   332   368   168   204   165   205 0.90 -
NW_025965250.1_RagTag:247730-246879   -            284 12630at314147        -            468   6.3e-39  130.4  54.8   1   5   2.8e-07     5e-06   21.9   3.4   339   387     4    52     2    54 0.90 -
NW_025965250.1_RagTag:247730-246879   -            284 12630at314147        -            468   6.3e-39  130.4  54.8   2   5   8.8e-11   1.6e-09   33.5   4.9   332   390    53   111    47   111 0.94 -
NW_025965250.1_RagTag:247730-246879   -            284 12630at314147        -            468   6.3e-39  130.4  54.8   3   5   4.7e-09   8.5e-08   27.8   8.6   325   383   102   160   102   164 0.93 -
NW_025965250.1_RagTag:247730-246879   -            284 12630at314147        -            468   6.3e-39  130.4  54.8   4   5   8.6e-12   1.5e-10   36.8   5.4   326   388   159   221   158   223 0.91 -
NW_025965250.1_RagTag:247730-246879   -            284 12630at314147        -            468   6.3e-39  130.4  54.8   5   5   5.1e-12   9.2e-11   37.5   6.0   325   384   214   273   211   284 0.92 -
contig_36320_pilon:558-1202           -            215 12630at314147        -            468   9.5e-38  126.5  63.8   1   6   5.8e-12     1e-10   37.4   5.3   325   382    15    73     8    78 0.86 -
contig_36320_pilon:558-1202           -            215 12630at314147        -            468   9.5e-38  126.5  63.8   2   6   3.1e-10   5.5e-09   31.7   4.1   332   384    51   103    50   105 0.94 -
contig_36320_pilon:558-1202           -            215 12630at314147        -            468   9.5e-38  126.5  63.8   3   6   4.4e-10   7.9e-09   31.2   6.5   329   381    76   128    72   131 0.91 -
contig_36320_pilon:558-1202           -            215 12630at314147        -            468   9.5e-38  126.5  63.8   4   6   2.5e-11   4.5e-10   35.3   4.7   326   383   101   158   100   161 0.94 -
contig_36320_pilon:558-1202           -            215 12630at314147        -            468   9.5e-38  126.5  63.8   5   6   7.3e-11   1.3e-09   33.7   4.6   328   382   131   185   127   190 0.89 -
contig_36320_pilon:558-1202           -            215 12630at314147        -            468   9.5e-38  126.5  63.8   6   6   1.2e-06   2.1e-05   19.9   0.5   329   355   188   214   184   215 0.86 -
contig_52188_pilon:1058-384           -            225 12630at314147        -            468   2.9e-37  124.9  38.1   1   6   9.6e-08   1.7e-06   23.5   1.7   338   380     1    43     1    43 0.96 -
contig_52188_pilon:1058-384           -            225 12630at314147        -            468   2.9e-37  124.9  38.1   2   6   2.4e-07   4.3e-06   22.1   0.9   332   361    23    52    18    54 0.90 -
contig_52188_pilon:1058-384           -            225 12630at314147        -            468   2.9e-37  124.9  38.1   3   6   5.7e-12     1e-10   37.4   6.5   331   386    50   105    45   109 0.91 -
contig_52188_pilon:1058-384           -            225 12630at314147        -            468   2.9e-37  124.9  38.1   4   6   9.1e-12   1.6e-10   36.7   2.9   332   388   107   163   102   165 0.92 -
contig_52188_pilon:1058-384           -            225 12630at314147        -            468   2.9e-37  124.9  38.1   5   6   6.4e-07   1.1e-05   20.7   0.4   331   361   162   192   158   193 0.88 -
contig_52188_pilon:1058-384           -            225 12630at314147        -            468   2.9e-37  124.9  38.1   6   6   1.1e-07     2e-06   23.2   1.6   332   365   191   224   186   225 0.89 -
contig_10836_pilon:117-731            -            205 12630at314147        -            468   5.1e-37  124.1  40.1   1   6   2.2e-05   0.00039   15.7   0.7   333   359     1    27     1    30 0.84 -
contig_10836_pilon:117-731            -            205 12630at314147        -            468   5.1e-37  124.1  40.1   2   6   2.3e-12   4.1e-11   38.7   5.8   332   388    28    84    21    86 0.90 -
contig_10836_pilon:117-731            -            205 12630at314147        -            468   5.1e-37  124.1  40.1   3   6   4.9e-06   8.7e-05   17.8   1.0   324   361    75   113    73   114 0.87 -
contig_10836_pilon:117-731            -            205 12630at314147        -            468   5.1e-37  124.1  40.1   4   6   1.5e-09   2.8e-08   29.4   1.2   329   361   109   141   105   143 0.91 -
contig_10836_pilon:117-731            -            205 12630at314147        -            468   5.1e-37  124.1  40.1   5   6   1.7e-08     3e-07   26.0   0.7   332   361   140   169   139   172 0.93 -
contig_10836_pilon:117-731            -            205 12630at314147        -            468   5.1e-37  124.1  40.1   6   6   3.6e-09   6.4e-08   28.2   3.4   332   368   168   204   167   205 0.93 -
contig_59446_pilon:2-793              -            208 12630at314147        -            468     6e-37  123.9  55.8   1   6   2.3e-12   4.1e-11   38.7   5.6   331   385     5    59     1    62 0.93 -
contig_59446_pilon:2-793              -            208 12630at314147        -            468     6e-37  123.9  55.8   2   6     1e-10   1.9e-09   33.2   4.1   333   385    35    87    33    88 0.94 -
contig_59446_pilon:2-793              -            208 12630at314147        -            468     6e-37  123.9  55.8   3   6     3e-11   5.4e-10   35.0   4.5   331   382    61   112    57   114 0.93 -
contig_59446_pilon:2-793              -            208 12630at314147        -            468     6e-37  123.9  55.8   4   6   6.2e-11   1.1e-09   34.0   3.6   331   384    89   142    85   144 0.92 -
contig_59446_pilon:2-793              -            208 12630at314147        -            468     6e-37  123.9  55.8   5   6   5.2e-07   9.3e-06   21.0   1.0   329   361   143   175   139   177 0.87 -
contig_59446_pilon:2-793              -            208 12630at314147        -            468     6e-37  123.9  55.8   6   6   1.6e-07   2.8e-06   22.7   0.4   332   365   174   207   169   208 0.90 -
NW_025965341.1_RagTag:10217-11053     -            279 12630at314147        -            468   3.2e-36  121.5  37.2   1   7   1.3e-10   2.3e-09   32.9   3.7   331   381    16    66     5    68 0.91 -
NW_025965341.1_RagTag:10217-11053     -            279 12630at314147        -            468   3.2e-36  121.5  37.2   2   7   1.4e-08   2.5e-07   26.2   3.2   329   380    42    93    39    93 0.93 -
NW_025965341.1_RagTag:10217-11053     -            279 12630at314147        -            468   3.2e-36  121.5  37.2   3   7   1.3e-09   2.2e-08   29.7   1.3   328   382    69   123    67   127 0.94 -
NW_025965341.1_RagTag:10217-11053     -            279 12630at314147        -            468   3.2e-36  121.5  37.2   4   7   7.1e-10   1.3e-08   30.5   3.1   327   381    96   150    94   156 0.91 -
NW_025965341.1_RagTag:10217-11053     -            279 12630at314147        -            468   3.2e-36  121.5  37.2   5   7     0.042      0.75    4.9   0.3   337   361   162   187   152   189 0.78 -
NW_025965341.1_RagTag:10217-11053     -            279 12630at314147        -            468   3.2e-36  121.5  37.2   6   7   7.1e-12   1.3e-10   37.1   0.7   331   385   185   239   182   240 0.95 -
NW_025965341.1_RagTag:10217-11053     -            279 12630at314147        -            468   3.2e-36  121.5  37.2   7   7     1e-07   1.9e-06   23.3   0.2   327   368   237   278   235   279 0.92 -
NW_025965207.1_RagTag:15963-15268     -            232 12630at314147        -            468   8.1e-36  120.1  42.5   1   5     3e-09   5.3e-08   28.4   5.9   326   381    10    65     3    69 0.91 -
NW_025965207.1_RagTag:15963-15268     -            232 12630at314147        -            468   8.1e-36  120.1  42.5   2   5   1.3e-06   2.3e-05   19.8   2.9   325   361    64   100    62   101 0.90 -
NW_025965207.1_RagTag:15963-15268     -            232 12630at314147        -            468   8.1e-36  120.1  42.5   3   5   3.3e-09   5.9e-08   28.3   0.8   329   361    96   128    90   129 0.91 -
NW_025965207.1_RagTag:15963-15268     -            232 12630at314147        -            468   8.1e-36  120.1  42.5   4   5   7.9e-11   1.4e-09   33.6   4.7   332   385   127   180   126   182 0.94 -
NW_025965207.1_RagTag:15963-15268     -            232 12630at314147        -            468   8.1e-36  120.1  42.5   5   5   6.3e-12   1.1e-10   37.2   3.4   326   380   177   231   174   232 0.94 -
NW_025965341.1_RagTag:136335-135751   -            195 12630at314147        -            468   3.6e-35  118.0  45.9   1   6   2.1e-08   3.7e-07   25.7   1.8   333   381     1    49     1    53 0.94 -
NW_025965341.1_RagTag:136335-135751   -            195 12630at314147        -            468   3.6e-35  118.0  45.9   2   6   1.2e-11   2.1e-10   36.4   1.3   332   383    28    79    23    80 0.94 -
NW_025965341.1_RagTag:136335-135751   -            195 12630at314147        -            468   3.6e-35  118.0  45.9   3   6   7.2e-14   1.3e-12   43.7   2.2   331   382    55   106    49   108 0.92 -
NW_025965341.1_RagTag:136335-135751   -            195 12630at314147        -            468   3.6e-35  118.0  45.9   4   6   1.5e-11   2.6e-10   36.1   2.3   332   385    84   137    82   139 0.93 -
NW_025965341.1_RagTag:136335-135751   -            195 12630at314147        -            468   3.6e-35  118.0  45.9   5   6   1.3e-05   0.00023   16.4   0.7   329   358   137   166   133   170 0.86 -
NW_025965341.1_RagTag:136335-135751   -            195 12630at314147        -            468   3.6e-35  118.0  45.9   6   6   1.3e-06   2.3e-05   19.7   1.5   329   357   165   193   162   195 0.89 -
NW_025965028.1_RagTag:357538-358857   -            372 12630at314147        -            468   8.7e-34  113.4  16.0   1   3   3.3e-18   5.9e-17   57.9   0.4    13   114    18   117    11   128 0.91 -
NW_025965028.1_RagTag:357538-358857   -            372 12630at314147        -            468   8.7e-34  113.4  16.0   2   3   2.5e-07   4.5e-06   22.1   0.1   256   384   171   304   149   308 0.75 -
NW_025965028.1_RagTag:357538-358857   -            372 12630at314147        -            468   8.7e-34  113.4  16.0   3   3   9.9e-13   1.8e-11   39.9   5.5   332   395   308   369   303   371 0.91 -
NW_025965341.1_RagTag:79016-79627     -            204 12630at314147        -            468   3.5e-33  111.4  30.7   1   5   3.5e-08   6.3e-07   24.9   2.3   333   385     1    53     1    55 0.94 -
NW_025965341.1_RagTag:79016-79627     -            204 12630at314147        -            468   3.5e-33  111.4  30.7   2   5   1.5e-07   2.6e-06   22.9   0.8   331   361    55    85    53    87 0.94 -
NW_025965341.1_RagTag:79016-79627     -            204 12630at314147        -            468   3.5e-33  111.4  30.7   3   5   1.7e-11   3.1e-10   35.8   3.1   332   384    84   136    80   139 0.94 -
NW_025965341.1_RagTag:79016-79627     -            204 12630at314147        -            468   3.5e-33  111.4  30.7   4   5   1.5e-07   2.8e-06   22.8   0.7   331   361   139   169   135   170 0.91 -
NW_025965341.1_RagTag:79016-79627     -            204 12630at314147        -            468   3.5e-33  111.4  30.7   5   5   2.2e-09     4e-08   28.8   0.2   331   366   167   202   163   204 0.93 -
NW_025965039.1_RagTag:272612-271716   -            299 12630at314147        -            468   4.9e-33  111.0  33.1   1   6   5.3e-09   9.5e-08   27.6   0.6   328   381    39    92    32    95 0.94 -
NW_025965039.1_RagTag:272612-271716   -            299 12630at314147        -            468   4.9e-33  111.0  33.1   2   6   6.5e-10   1.2e-08   30.6   1.5   331   381    70   120    65   126 0.93 -
NW_025965039.1_RagTag:272612-271716   -            299 12630at314147        -            468   4.9e-33  111.0  33.1   3   6   1.9e-08   3.4e-07   25.8   3.8   332   381    99   148    97   150 0.94 -
NW_025965039.1_RagTag:272612-271716   -            299 12630at314147        -            468   4.9e-33  111.0  33.1   4   6   3.2e-09   5.8e-08   28.3   3.4   331   381   126   176   121   181 0.93 -
NW_025965039.1_RagTag:272612-271716   -            299 12630at314147        -            468   4.9e-33  111.0  33.1   5   6   4.9e-10   8.8e-09   31.0   1.9   331   385   182   236   177   242 0.93 -
NW_025965039.1_RagTag:272612-271716   -            299 12630at314147        -            468   4.9e-33  111.0  33.1   6   6   6.9e-10   1.2e-08   30.5   2.0   330   385   237   292   233   298 0.90 -
NW_025965279.1_RagTag:157181-156552   -            210 12630at314147        -            468   8.5e-33  110.2  38.1   1   4   1.8e-13   3.2e-12   42.4   2.7   332   381     6    55     2    60 0.93 -
NW_025965279.1_RagTag:157181-156552   -            210 12630at314147        -            468   8.5e-33  110.2  38.1   2   4   5.6e-14     1e-12   44.0   4.8   327   384    56   114    51   118 0.87 -
NW_025965279.1_RagTag:157181-156552   -            210 12630at314147        -            468   8.5e-33  110.2  38.1   3   4   2.3e-09   4.1e-08   28.8   5.3   332   386   118   172   113   176 0.92 -
NW_025965279.1_RagTag:157181-156552   -            210 12630at314147        -            468   8.5e-33  110.2  38.1   4   4   2.5e-05   0.00046   15.5   2.3   333   367   175   209   168   210 0.89 -
contig_83186_pilon:3012-2101          -            304 12630at314147        -            468   2.2e-32  108.8  34.5   1   7   0.00029    0.0051   12.0   0.3   338   361     1    24     1    25 0.95 -
contig_83186_pilon:3012-2101          -            304 12630at314147        -            468   2.2e-32  108.8  34.5   2   7   1.3e-10   2.4e-09   32.9   6.4   331   382    22    73    17    77 0.91 -
contig_83186_pilon:3012-2101          -            304 12630at314147        -            468   2.2e-32  108.8  34.5   3   7   4.1e-09   7.4e-08   28.0   5.7   331   380    50    99    45    99 0.92 -
contig_83186_pilon:3012-2101          -            304 12630at314147        -            468   2.2e-32  108.8  34.5   4   7   2.3e-06   4.1e-05   18.9   0.9   329   361    76   108    72   109 0.85 -
contig_83186_pilon:3012-2101          -            304 12630at314147        -            468   2.2e-32  108.8  34.5   5   7     4e-11   7.1e-10   34.6   5.6   329   384   104   159   100   166 0.89 -
contig_83186_pilon:3012-2101          -            304 12630at314147        -            468   2.2e-32  108.8  34.5   6   7     8e-06   0.00014   17.1   1.2   331   356   134   159   129   180 0.83 -
contig_83186_pilon:3012-2101          -            304 12630at314147        -            468   2.2e-32  108.8  34.5   7   7   3.3e-09   5.9e-08   28.3   0.3   336   382   250   296   235   303 0.91 -
contig_70752_pilon:952-1602           -            217 12630at314147        -            468   2.8e-32  108.5  30.9   1   5   2.4e-10   4.3e-09   32.0   2.0   334   382    15    63     4    66 0.92 -
contig_70752_pilon:952-1602           -            217 12630at314147        -            468   2.8e-32  108.5  30.9   2   5   1.3e-11   2.3e-10   36.2   3.3   325   386    61   123    59   125 0.89 -
contig_70752_pilon:952-1602           -            217 12630at314147        -            468   2.8e-32  108.5  30.9   3   5   5.1e-10   9.1e-09   31.0   4.4   332   381    97   146    92   150 0.93 -
contig_70752_pilon:952-1602           -            217 12630at314147        -            468   2.8e-32  108.5  30.9   4   5   1.3e-10   2.3e-09   32.9   3.8   332   381   125   174   120   175 0.93 -
contig_70752_pilon:952-1602           -            217 12630at314147        -            468   2.8e-32  108.5  30.9   5   5   1.3e-07   2.3e-06   23.0   0.4   323   359   171   208   170   216 0.81 -
contig_33351_pilon:8-595              -            196 12630at314147        -            468   2.3e-31  105.5  27.6   1   4   5.5e-07   9.8e-06   21.0   0.7   329   361    17    49     7    50 0.81 -
contig_33351_pilon:8-595              -            196 12630at314147        -            468   2.3e-31  105.5  27.6   2   4   2.3e-12   4.1e-11   38.7   2.9   332   388    48   104    42   106 0.92 -
contig_33351_pilon:8-595              -            196 12630at314147        -            468   2.3e-31  105.5  27.6   3   4     5e-12     9e-11   37.6   3.7   326   385    97   157    94   158 0.89 -
contig_33351_pilon:8-595              -            196 12630at314147        -            468   2.3e-31  105.5  27.6   4   4   6.7e-08   1.2e-06   24.0   0.6   330   365   158   193   154   196 0.88 -
NW_025965190.1_RagTag:125753-126253   -            167 12630at314147        -            468   2.6e-31  105.3  21.3   1   4   8.9e-12   1.6e-10   36.8   2.0   333   383     4    54     2    58 0.94 -
NW_025965190.1_RagTag:125753-126253   -            167 12630at314147        -            468   2.6e-31  105.3  21.3   2   4     3e-08   5.3e-07   25.1   0.5   324   361    50    88    49    89 0.85 -
NW_025965190.1_RagTag:125753-126253   -            167 12630at314147        -            468   2.6e-31  105.3  21.3   3   4   5.6e-07     1e-05   20.9   0.6   332   361    87   116    85   118 0.91 -
NW_025965190.1_RagTag:125753-126253   -            167 12630at314147        -            468   2.6e-31  105.3  21.3   4   4   1.5e-12   2.6e-11   39.3   1.4   332   381   115   164   110   167 0.93 -
NW_025965207.1_RagTag:11397-10729     -            223 12630at314147        -            468   3.8e-31  104.7  40.7   1   5   0.00021    0.0037   12.4   0.2   338   361     1    24     1    25 0.96 -
NW_025965207.1_RagTag:11397-10729     -            223 12630at314147        -            468   3.8e-31  104.7  40.7   2   5     6e-10   1.1e-08   30.7   4.5   331   380    22    71    18    76 0.93 -
NW_025965207.1_RagTag:11397-10729     -            223 12630at314147        -            468   3.8e-31  104.7  40.7   3   5   1.7e-09     3e-08   29.3   8.1   327   387    73   133    68   136 0.89 -
NW_025965207.1_RagTag:11397-10729     -            223 12630at314147        -            468   3.8e-31  104.7  40.7   4   5   4.8e-11   8.5e-10   34.4   4.6   332   383   134   185   127   189 0.90 -
NW_025965207.1_RagTag:11397-10729     -            223 12630at314147        -            468   3.8e-31  104.7  40.7   5   5   1.7e-10     3e-09   32.6   5.7   333   384   163   214   158   223 0.89 -
NW_025965341.1_RagTag:50520-49825     -            232 12630at314147        -            468   4.4e-31  104.5  32.1   1   5    0.0026     0.046    8.9   0.4   335   361     6    32     2    33 0.92 -
NW_025965341.1_RagTag:50520-49825     -            232 12630at314147        -            468   4.4e-31  104.5  32.1   2   5   2.4e-14   4.2e-13   45.2   0.8   332   383    31    82    29    86 0.94 -
NW_025965341.1_RagTag:50520-49825     -            232 12630at314147        -            468   4.4e-31  104.5  32.1   3   5   2.7e-10   4.9e-09   31.9   4.4   332   383    87   138    81   141 0.93 -
NW_025965341.1_RagTag:50520-49825     -            232 12630at314147        -            468   4.4e-31  104.5  32.1   4   5   5.3e-07   9.6e-06   21.0   0.6   331   383   142   194   137   198 0.91 -
NW_025965341.1_RagTag:50520-49825     -            232 12630at314147        -            468   4.4e-31  104.5  32.1   5   5   1.2e-06   2.2e-05   19.8   0.6   331   362   198   229   193   232 0.86 -
NW_025965235.1_RagTag:121831-121217   -            205 12630at314147        -            468   1.6e-30  102.7  35.4   1   5   1.8e-08   3.2e-07   25.9   1.8   334   381     2    49     1    54 0.93 -
NW_025965235.1_RagTag:121831-121217   -            205 12630at314147        -            468   1.6e-30  102.7  35.4   2   5   1.8e-06   3.2e-05   19.3   1.3   332   362    56    86    50    88 0.91 -
NW_025965235.1_RagTag:121831-121217   -            205 12630at314147        -            468   1.6e-30  102.7  35.4   3   5   1.1e-12     2e-11   39.7   3.4   331   387    83   139    80   142 0.91 -
NW_025965235.1_RagTag:121831-121217   -            205 12630at314147        -            468   1.6e-30  102.7  35.4   4   5   3.7e-07   6.7e-06   21.5   1.9   331   361   138   169   132   170 0.87 -
NW_025965235.1_RagTag:121831-121217   -            205 12630at314147        -            468   1.6e-30  102.7  35.4   5   5   5.2e-07   9.3e-06   21.0   2.3   332   368   168   204   167   205 0.92 -
NW_025965250.1_RagTag:151698-54140    -            212 12630at314147        -            468   3.2e-30  101.7  26.4   1   4   3.4e-06   6.1e-05   18.4   0.8   335   382    10    57     4    62 0.89 -
NW_025965250.1_RagTag:151698-54140    -            212 12630at314147        -            468   3.2e-30  101.7  26.4   2   4   7.8e-12   1.4e-10   36.9   2.3   331   382    62   113    56   116 0.93 -
NW_025965250.1_RagTag:151698-54140    -            212 12630at314147        -            468   3.2e-30  101.7  26.4   3   4   4.8e-11   8.6e-10   34.3   1.9   331   383    90   142    86   145 0.93 -
NW_025965250.1_RagTag:151698-54140    -            212 12630at314147        -            468   3.2e-30  101.7  26.4   4   4   1.3e-13   2.4e-12   42.8   3.5   331   390   146   205   142   211 0.93 -
NW_025965182.1_RagTag:1739884-1740459 -            192 12630at314147        -            468   9.4e-30  100.2  32.7   1   4   2.2e-06     4e-05   18.9   0.4   325   359     6    41     1    44 0.55 -
NW_025965182.1_RagTag:1739884-1740459 -            192 12630at314147        -            468   9.4e-30  100.2  32.7   2   4   2.7e-12   4.8e-11   38.5   6.7   331   385    41    95    35    96 0.92 -
NW_025965182.1_RagTag:1739884-1740459 -            192 12630at314147        -            468   9.4e-30  100.2  32.7   3   4   2.2e-13     4e-12   42.0   4.8   325   382    91   148    88   153 0.94 -
NW_025965182.1_RagTag:1739884-1740459 -            192 12630at314147        -            468   9.4e-30  100.2  32.7   4   4   2.1e-06   3.8e-05   19.0   2.2   332   357   154   179   147   190 0.81 -
NW_025965301.1_RagTag:107837-107190   -            216 12630at314147        -            468   1.7e-29   99.3  16.6   1   3   8.1e-12   1.5e-10   36.9   0.5   327   381    42    97    32    99 0.90 -
NW_025965301.1_RagTag:107837-107190   -            216 12630at314147        -            468   1.7e-29   99.3  16.6   2   3   6.7e-13   1.2e-11   40.5   0.5   327   381    99   153    97   158 0.95 -
NW_025965301.1_RagTag:107837-107190   -            216 12630at314147        -            468   1.7e-29   99.3  16.6   3   3   4.9e-09   8.8e-08   27.7   3.7   331   385   159   212   153   216 0.87 -
contig_28105_pilon:1448-873           -            192 12630at314147        -            468   8.1e-29   97.1  23.0   1   5   4.5e-07   8.1e-06   21.2   0.5   339   382     1    44     1    49 0.94 -
contig_28105_pilon:1448-873           -            192 12630at314147        -            468   8.1e-29   97.1  23.0   2   5    0.0016     0.029    9.5   0.2   331   353    49    71    43    76 0.88 -
contig_28105_pilon:1448-873           -            192 12630at314147        -            468   8.1e-29   97.1  23.0   3   5   7.5e-09   1.3e-07   27.1   0.2   329   361    74   107    68   108 0.79 -
contig_28105_pilon:1448-873           -            192 12630at314147        -            468   8.1e-29   97.1  23.0   4   5   3.1e-11   5.5e-10   35.0   1.5   329   383   103   157    99   160 0.91 -
contig_28105_pilon:1448-873           -            192 12630at314147        -            468   8.1e-29   97.1  23.0   5   5   4.5e-07     8e-06   21.3   0.1   329   361   159   191   155   192 0.88 -
NW_025965230.1_RagTag:917436-916915   -            174 12630at314147        -            468   3.8e-28   94.9  40.0   1   5   4.1e-09   7.4e-08   28.0   2.8   333   386     8    61     4    64 0.90 -
NW_025965230.1_RagTag:917436-916915   -            174 12630at314147        -            468   3.8e-28   94.9  40.0   2   5   3.7e-11   6.6e-10   34.7   2.2   329   389    32    92    30    93 0.91 -
NW_025965230.1_RagTag:917436-916915   -            174 12630at314147        -            468   3.8e-28   94.9  40.0   3   5   2.1e-09   3.8e-08   28.9   2.4   324   377    54   108    52   109 0.87 -
NW_025965230.1_RagTag:917436-916915   -            174 12630at314147        -            468   3.8e-28   94.9  40.0   4   5   9.6e-10   1.7e-08   30.0   3.9   333   386    92   145    87   148 0.91 -
NW_025965230.1_RagTag:917436-916915   -            174 12630at314147        -            468   3.8e-28   94.9  40.0   5   5   1.1e-06     2e-05   20.0   0.2   323   355   137   170   136   174 0.86 -
NW_025965250.1_RagTag:8965-9597       -            211 12630at314147        -            468   2.1e-27   92.4  32.7   1   6   2.6e-07   4.6e-06   22.0   2.7   332   380     7    55     2    57 0.86 -
NW_025965250.1_RagTag:8965-9597       -            211 12630at314147        -            468   2.1e-27   92.4  32.7   2   6   1.5e-07   2.7e-06   22.8   1.4   330   361    32    64    29    65 0.87 -
NW_025965250.1_RagTag:8965-9597       -            211 12630at314147        -            468   2.1e-27   92.4  32.7   3   6   4.8e-08   8.7e-07   24.4   1.9   331   362    62    93    58    94 0.92 -
NW_025965250.1_RagTag:8965-9597       -            211 12630at314147        -            468   2.1e-27   92.4  32.7   4   6     4e-09   7.1e-08   28.0   2.7   332   381    91   140    90   145 0.95 -
NW_025965250.1_RagTag:8965-9597       -            211 12630at314147        -            468   2.1e-27   92.4  32.7   5   6   0.00089     0.016   10.4   1.1   329   361   144   176   139   177 0.92 -
NW_025965250.1_RagTag:8965-9597       -            211 12630at314147        -            468   2.1e-27   92.4  32.7   6   6   9.7e-09   1.7e-07   26.7   0.1   332   366   175   209   170   211 0.90 -
NW_025965289.1_RagTag:81543-82196     -            218 12630at314147        -            468   8.1e-27   90.5  55.1   1   6   1.5e-06   2.8e-05   19.5   2.8   340   385    19    64     6    69 0.76 -
NW_025965289.1_RagTag:81543-82196     -            218 12630at314147        -            468   8.1e-27   90.5  55.1   2   6   1.9e-09   3.4e-08   29.1   3.8   331   383    38    90    36    92 0.94 -
NW_025965289.1_RagTag:81543-82196     -            218 12630at314147        -            468   8.1e-27   90.5  55.1   3   6   5.6e-10     1e-08   30.8   4.4   331   383    66   118    62   122 0.92 -
NW_025965289.1_RagTag:81543-82196     -            218 12630at314147        -            468   8.1e-27   90.5  55.1   4   6   1.9e-10   3.3e-09   32.4   2.5   332   381    95   144    90   149 0.92 -
NW_025965289.1_RagTag:81543-82196     -            218 12630at314147        -            468   8.1e-27   90.5  55.1   5   6   9.2e-07   1.7e-05   20.2   1.1   330   361   149   180   145   181 0.88 -
NW_025965289.1_RagTag:81543-82196     -            218 12630at314147        -            468   8.1e-27   90.5  55.1   6   6   4.7e-07   8.4e-06   21.2   2.6   330   367   177   214   172   218 0.88 -
NW_025965127.1_RagTag:122624-122115   -            170 12630at314147        -            468   1.7e-26   89.4  19.7   1   4     5e-09   8.9e-08   27.7   0.6   337   382     2    47     1    50 0.96 -
NW_025965127.1_RagTag:122624-122115   -            170 12630at314147        -            468   1.7e-26   89.4  19.7   2   4   2.4e-11   4.3e-10   35.3   2.2   328   381    49   102    46   107 0.94 -
NW_025965127.1_RagTag:122624-122115   -            170 12630at314147        -            468   1.7e-26   89.4  19.7   3   4   2.3e-06   4.2e-05   18.9   0.2   331   356   108   133   103   138 0.88 -
NW_025965127.1_RagTag:122624-122115   -            170 12630at314147        -            468   1.7e-26   89.4  19.7   4   4   6.1e-07   1.1e-05   20.8   0.3   328   362   133   167   131   170 0.89 -
contig_18339_pilon:770-1369           -            200 12630at314147        -            468   8.2e-26   87.2  23.0   1   5   3.2e-07   5.8e-06   21.7   0.7   332   361     6    35     1    36 0.88 -
contig_18339_pilon:770-1369           -            200 12630at314147        -            468   8.2e-26   87.2  23.0   2   5   1.8e-07   3.3e-06   22.5   1.4   332   361    34    63    29    66 0.91 -
contig_18339_pilon:770-1369           -            200 12630at314147        -            468   8.2e-26   87.2  23.0   3   5   1.7e-12     3e-11   39.2   5.5   332   385    62   115    57   122 0.91 -
contig_18339_pilon:770-1369           -            200 12630at314147        -            468   8.2e-26   87.2  23.0   4   5   2.6e-06   4.6e-05   18.8   0.5   332   359    90   117    89   147 0.78 -
contig_18339_pilon:770-1369           -            200 12630at314147        -            468   8.2e-26   87.2  23.0   5   5   8.4e-06   0.00015   17.1   0.2   333   354   175   196   167   200 0.88 -
NW_025965071.1_RagTag:28250-28834     -            195 12630at314147        -            468   2.5e-25   85.6  32.6   1   4   6.1e-08   1.1e-06   24.1   3.1   333   381     2    50     1    55 0.94 -
NW_025965071.1_RagTag:28250-28834     -            195 12630at314147        -            468   2.5e-25   85.6  32.6   2   4   7.3e-11   1.3e-09   33.7   5.2   324   389    48   114    46   117 0.87 -
NW_025965071.1_RagTag:28250-28834     -            195 12630at314147        -            468   2.5e-25   85.6  32.6   3   4   6.2e-12   1.1e-10   37.3   5.3   329   385   109   166   106   167 0.91 -
NW_025965071.1_RagTag:28250-28834     -            195 12630at314147        -            468   2.5e-25   85.6  32.6   4   4   1.2e-07   2.1e-06   23.2   3.4   337   385   146   194   146   195 0.94 -
NW_025965317.1_RagTag:1470246-1469449 -            266 12630at314147        -            468   2.9e-25   85.3  32.6   1   5       6.2   1.1e+02   -2.3   0.0   392   407    41    55    29    69 0.67 -
NW_025965317.1_RagTag:1470246-1469449 -            266 12630at314147        -            468   2.9e-25   85.3  32.6   2   5   7.6e-06   0.00014   17.2   1.7   341   384    70   113    61   115 0.86 -
NW_025965317.1_RagTag:1470246-1469449 -            266 12630at314147        -            468   2.9e-25   85.3  32.6   3   5     9e-07   1.6e-05   20.3   0.4   329   361   114   146   111   147 0.89 -
NW_025965317.1_RagTag:1470246-1469449 -            266 12630at314147        -            468   2.9e-25   85.3  32.6   4   5   3.4e-12   6.1e-11   38.1   2.9   328   380   141   193   139   199 0.92 -
NW_025965317.1_RagTag:1470246-1469449 -            266 12630at314147        -            468   2.9e-25   85.3  32.6   5   5   3.2e-10   5.7e-09   31.6   3.8   328   391   196   260   190   266 0.88 -
contig_53583_pilon:2102-1623          -            160 12630at314147        -            468   7.5e-25   84.0  23.7   1   3   2.6e-10   4.6e-09   31.9   4.6   331   386     6    61     1    65 0.88 -
contig_53583_pilon:2102-1623          -            160 12630at314147        -            468   7.5e-25   84.0  23.7   2   3   3.7e-12   6.7e-11   38.0   4.1   333   388    64   119    59   121 0.91 -
contig_53583_pilon:2102-1623          -            160 12630at314147        -            468   7.5e-25   84.0  23.7   3   3   6.7e-08   1.2e-06   24.0   1.8   333   371   120   158   112   160 0.89 -
NW_025965436.1_RagTag:1617-781        -            279 12630at314147        -            468   7.9e-25   83.9  64.9   1   7    0.0033     0.059    8.5   6.5   343   383     1    41     1    46 0.94 -
NW_025965436.1_RagTag:1617-781        -            279 12630at314147        -            468   7.9e-25   83.9  64.9   2   7   0.00035    0.0063   11.7   2.1   326   361    40    75    38    76 0.95 -
NW_025965436.1_RagTag:1617-781        -            279 12630at314147        -            468   7.9e-25   83.9  64.9   3   7   1.6e-08   2.8e-07   26.0   2.1   333   373    75   115    73   116 0.92 -
NW_025965436.1_RagTag:1617-781        -            279 12630at314147        -            468   7.9e-25   83.9  64.9   4   7   7.1e-06   0.00013   17.3   7.3   333   386   103   156   102   160 0.91 -
NW_025965436.1_RagTag:1617-781        -            279 12630at314147        -            468   7.9e-25   83.9  64.9   5   7   3.3e-08   5.8e-07   25.0   5.9   333   384   159   210   154   215 0.93 -
NW_025965436.1_RagTag:1617-781        -            279 12630at314147        -            468   7.9e-25   83.9  64.9   6   7   0.00013    0.0023   13.2   1.9   332   361   214   243   207   244 0.85 -
NW_025965436.1_RagTag:1617-781        -            279 12630at314147        -            468   7.9e-25   83.9  64.9   7   7   2.8e-07     5e-06   21.9   4.0   331   369   241   279   236   279 0.91 -
NW_025965281.1_RagTag:529223-527331   -            631 12630at314147        -            468   8.7e-25   83.8  11.0   1   3   1.5e-17   2.6e-16   55.8   0.4    13   109    17   112     8   121 0.88 -
NW_025965281.1_RagTag:529223-527331   -            631 12630at314147        -            468   8.7e-25   83.8  11.0   2   3     0.015      0.27    6.3   0.1   343   390   342   390   335   419 0.74 -
NW_025965281.1_RagTag:529223-527331   -            631 12630at314147        -            468   8.7e-25   83.8  11.0   3   3   1.4e-08   2.5e-07   26.2   2.0   323   382   467   527   443   545 0.88 -
NW_025965299.1_RagTag:2295-1810       -            162 12630at314147        -            468   8.8e-25   83.8  22.3   1   4   2.6e-08   4.7e-07   25.3   0.3   345   382     1    38     1    41 0.96 -
NW_025965299.1_RagTag:2295-1810       -            162 12630at314147        -            468   8.8e-25   83.8  22.3   2   4   1.9e-12   3.5e-11   38.9   2.2   327   381    39    93    37    95 0.95 -
NW_025965299.1_RagTag:2295-1810       -            162 12630at314147        -            468   8.8e-25   83.8  22.3   3   4   4.1e-10   7.3e-09   31.3   3.6   333   382    73   122    70   127 0.91 -
NW_025965299.1_RagTag:2295-1810       -            162 12630at314147        -            468   8.8e-25   83.8  22.3   4   4     3e-06   5.3e-05   18.5   1.5   330   365   126   161   117   162 0.86 -
NW_025965215.1_RagTag:23670-22372     -            433 12630at314147        -            468   1.5e-24   83.0  26.6   1   4   4.4e-07   7.9e-06   21.3   1.8   338   387   239   288   230   291 0.87 -
NW_025965215.1_RagTag:23670-22372     -            433 12630at314147        -            468   1.5e-24   83.0  26.6   2   4   1.4e-07   2.5e-06   22.9   0.6   332   382   289   338   282   342 0.90 -
NW_025965215.1_RagTag:23670-22372     -            433 12630at314147        -            468   1.5e-24   83.0  26.6   3   4   2.4e-11   4.3e-10   35.3   3.5   329   385   341   397   338   402 0.92 -
NW_025965215.1_RagTag:23670-22372     -            433 12630at314147        -            468   1.5e-24   83.0  26.6   4   4   1.7e-06   3.1e-05   19.3   2.4   331   365   399   433   394   433 0.92 -
NW_025965358.1_RagTag:7314-6859       -            152 12630at314147        -            468   2.1e-24   82.5  26.0   1   4   1.5e-06   2.7e-05   19.5   1.8   343   381     3    41     1    47 0.57 -
NW_025965358.1_RagTag:7314-6859       -            152 12630at314147        -            468   2.1e-24   82.5  26.0   2   4   1.1e-12   1.9e-11   39.8   2.7   332   382    48    98    42   102 0.91 -
NW_025965358.1_RagTag:7314-6859       -            152 12630at314147        -            468   2.1e-24   82.5  26.0   3   4   1.5e-07   2.8e-06   22.8   0.9   331   365    75   109    72   110 0.94 -
NW_025965358.1_RagTag:7314-6859       -            152 12630at314147        -            468   2.1e-24   82.5  26.0   4   4   6.4e-11   1.1e-09   33.9   6.1   327   380    98   152    93   152 0.89 -
NW_025965341.1_RagTag:41589-41122     -            156 12630at314147        -            468   2.7e-24   82.1  17.1   1   3   2.3e-11   4.1e-10   35.4   1.9   331   385    10    64     4    68 0.92 -
NW_025965341.1_RagTag:41589-41122     -            156 12630at314147        -            468   2.7e-24   82.1  17.1   2   3   7.5e-07   1.3e-05   20.5   0.3   331   356    66    91    63    96 0.86 -
NW_025965341.1_RagTag:41589-41122     -            156 12630at314147        -            468   2.7e-24   82.1  17.1   3   3     2e-11   3.5e-10   35.6   2.7   331   386    94   149    89   156 0.89 -
contig_31119_pilon:1895-1227          -            223 12630at314147        -            468   1.4e-23   79.8  28.5   1   6    0.0014     0.025    9.8   0.4   335   384    17    67     3    70 0.85 -
contig_31119_pilon:1895-1227          -            223 12630at314147        -            468   1.4e-23   79.8  28.5   2   6     6e-06   0.00011   17.5   0.6   332   380    71   119    68   125 0.92 -
contig_31119_pilon:1895-1227          -            223 12630at314147        -            468   1.4e-23   79.8  28.5   3   6     7e-05    0.0013   14.0   0.1   329   366    96   133    92   134 0.92 -
contig_31119_pilon:1895-1227          -            223 12630at314147        -            468   1.4e-23   79.8  28.5   4   6   9.7e-09   1.7e-07   26.7   1.2   330   361   125   156   119   159 0.88 -
contig_31119_pilon:1895-1227          -            223 12630at314147        -            468   1.4e-23   79.8  28.5   5   6   2.3e-07   4.1e-06   22.2   1.9   332   362   155   185   153   187 0.92 -
contig_31119_pilon:1895-1227          -            223 12630at314147        -            468   1.4e-23   79.8  28.5   6   6   1.7e-08     3e-07   26.0   1.3   331   362   182   213   179   220 0.89 -
contig_44617_pilon:698-207            -            164 12630at314147        -            468   1.9e-23   79.3  19.6   1   3   5.3e-12   9.4e-11   37.5   6.0   331   386    45   100    38   102 0.94 -
contig_44617_pilon:698-207            -            164 12630at314147        -            468   1.9e-23   79.3  19.6   2   3   1.6e-13   2.8e-12   42.5   5.1   331   381   101   151    97   152 0.92 -
contig_44617_pilon:698-207            -            164 12630at314147        -            468   1.9e-23   79.3  19.6   3   3     4e-07   7.2e-06   21.4   0.5   332   363   130   162   129   164 0.86 -
NW_025965344.1_RagTag:2075-1647       -            143 12630at314147        -            468   3.9e-23   78.3  28.8   1   4     6e-08   1.1e-06   24.1   0.7   328   382     7    61     2    67 0.88 -
NW_025965344.1_RagTag:2075-1647       -            143 12630at314147        -            468   3.9e-23   78.3  28.8   2   4   9.5e-11   1.7e-09   33.4   0.7   333   382    40    89    33    94 0.91 -
NW_025965344.1_RagTag:2075-1647       -            143 12630at314147        -            468   3.9e-23   78.3  28.8   3   4     3e-09   5.4e-08   28.4   2.7   333   382    68   117    61   121 0.91 -
NW_025965344.1_RagTag:2075-1647       -            143 12630at314147        -            468   3.9e-23   78.3  28.8   4   4   1.4e-08   2.4e-07   26.3   3.9   332   380    95   143    88   143 0.91 -
NW_025965341.1_RagTag:91734-92261     -            176 12630at314147        -            468   9.6e-23   77.0  29.0   1   3   8.7e-09   1.6e-07   26.9   2.4   332   384    14    66     4    67 0.93 -
NW_025965341.1_RagTag:91734-92261     -            176 12630at314147        -            468   9.6e-23   77.0  29.0   2   3   1.9e-11   3.4e-10   35.7   2.6   329   385    39    95    36    97 0.93 -
NW_025965341.1_RagTag:91734-92261     -            176 12630at314147        -            468   9.6e-23   77.0  29.0   3   3     2e-11   3.6e-10   35.6  13.7   330   402    96   171    94   176 0.89 -
NW_025965166.1_RagTag:131393-130962   -            144 12630at314147        -            468   3.1e-22   75.4  20.1   1   3   5.5e-10   9.9e-09   30.8   3.9   339   385     3    49     1    54 0.92 -
NW_025965166.1_RagTag:131393-130962   -            144 12630at314147        -            468   3.1e-22   75.4  20.1   2   3   8.4e-13   1.5e-11   40.1   1.6   331   385    51   105    44   109 0.90 -
NW_025965166.1_RagTag:131393-130962   -            144 12630at314147        -            468   3.1e-22   75.4  20.1   3   3   1.4e-05   0.00024   16.4   1.5   331   366   107   142   101   144 0.88 -
contig_78026_pilon:1141-2283          -            381 12630at314147        -            468   4.5e-22   74.8  39.7   1   7    0.0026     0.047    8.8   0.7   331   380    46   100    29   102 0.74 -
contig_78026_pilon:1141-2283          -            381 12630at314147        -            468   4.5e-22   74.8  39.7   2   7     0.021      0.38    5.8   0.0   340   367    88   115    80   125 0.89 -
contig_78026_pilon:1141-2283          -            381 12630at314147        -            468   4.5e-22   74.8  39.7   3   7      0.19       3.5    2.7   0.8   339   358   146   165   130   169 0.84 -
contig_78026_pilon:1141-2283          -            381 12630at314147        -            468   4.5e-22   74.8  39.7   4   7     9e-06   0.00016   17.0   1.2   331   361   166   196   164   197 0.90 -
contig_78026_pilon:1141-2283          -            381 12630at314147        -            468   4.5e-22   74.8  39.7   5   7   8.5e-07   1.5e-05   20.3   1.8   332   368   195   231   192   238 0.89 -
contig_78026_pilon:1141-2283          -            381 12630at314147        -            468   4.5e-22   74.8  39.7   6   7   3.8e-11   6.9e-10   34.7   2.9   333   382   291   340   280   343 0.93 -
contig_78026_pilon:1141-2283          -            381 12630at314147        -            468   4.5e-22   74.8  39.7   7   7   1.2e-09   2.1e-08   29.7   1.8   332   384   318   370   316   381 0.91 -
NW_025965341.1_RagTag:115056-115571   -            172 12630at314147        -            468   3.6e-21   71.8  20.1   1   3   6.6e-13   1.2e-11   40.5   5.0   335   402     1    68     1    72 0.94 -
NW_025965341.1_RagTag:115056-115571   -            172 12630at314147        -            468   3.6e-21   71.8  20.1   2   3    0.0002    0.0036   12.5   4.3   332   386    54   108    48   109 0.91 -
NW_025965341.1_RagTag:115056-115571   -            172 12630at314147        -            468   3.6e-21   71.8  20.1   3   3   1.4e-10   2.6e-09   32.8   1.0   326   388   104   166   103   172 0.92 -
contig_43715_pilon:300-1181           -            294 12630at314147        -            468   1.9e-20   69.5  25.8   1   4     0.015      0.27    6.3   0.7   339   361     1    23     1    24 0.92 -
contig_43715_pilon:300-1181           -            294 12630at314147        -            468   1.9e-20   69.5  25.8   2   4   2.1e-12   3.7e-11   38.8   5.8   325   381    15    71     8    76 0.91 -
contig_43715_pilon:300-1181           -            294 12630at314147        -            468   1.9e-20   69.5  25.8   3   4   2.7e-06   4.8e-05   18.7   0.5   331   355    77   101    70   123 0.81 -
contig_43715_pilon:300-1181           -            294 12630at314147        -            468   1.9e-20   69.5  25.8   4   4   3.3e-06   5.9e-05   18.4   2.7   333   380   246   293   240   294 0.93 -
NW_025965191.1_RagTag:541275-539223   -            619 12630at314147        -            468   6.4e-19   64.4   0.0   1   1   3.6e-20   6.4e-19   64.4   0.0    13   126    11   123     7   136 0.92 -
NW_025965271.1_RagTag:643750-644226   -            159 12630at314147        -            468   9.1e-19   63.9  16.6   1   3   0.00024    0.0044   12.2   0.9   332   381    10    59     3    63 0.87 -
NW_025965271.1_RagTag:643750-644226   -            159 12630at314147        -            468   9.1e-19   63.9  16.6   2   3   7.7e-13   1.4e-11   40.3   4.1   331   382    65   116    59   122 0.90 -
NW_025965271.1_RagTag:643750-644226   -            159 12630at314147        -            468   9.1e-19   63.9  16.6   3   3   2.5e-06   4.5e-05   18.8   0.2   332   355   122   145   116   158 0.80 -
NW_025965279.1_RagTag:80294-79764     -            177 12630at314147        -            468   1.9e-18   62.9  19.8   1   4   6.4e-09   1.1e-07   27.3   4.3   333   381     1    49     1    52 0.95 -
NW_025965279.1_RagTag:80294-79764     -            177 12630at314147        -            468   1.9e-18   62.9  19.8   2   4   1.2e-06   2.1e-05   19.8   0.6   331   358    27    54    22    74 0.80 -
NW_025965279.1_RagTag:80294-79764     -            177 12630at314147        -            468   1.9e-18   62.9  19.8   3   4   5.6e-12     1e-10   37.4   4.0   331   388   105   162    98   166 0.94 -
NW_025965279.1_RagTag:80294-79764     -            177 12630at314147        -            468   1.9e-18   62.9  19.8   4   4      0.16       2.8    3.0   0.1   334   345   164   175   159   177 0.85 -
NW_025965215.1_RagTag:353527-352538   -            180 12630at314147        -            468   4.3e-18   61.7  26.5   1   4    0.0022     0.039    9.1   3.4   333   384    14    65     4    70 0.60 -
NW_025965215.1_RagTag:353527-352538   -            180 12630at314147        -            468   4.3e-18   61.7  26.5   2   4   2.6e-12   4.7e-11   38.5   4.5   323   388    59   125    58   127 0.88 -
NW_025965215.1_RagTag:353527-352538   -            180 12630at314147        -            468   4.3e-18   61.7  26.5   3   4   5.1e-05   0.00092   14.5   0.5   332   354   125   147   115   149 0.81 -
NW_025965215.1_RagTag:353527-352538   -            180 12630at314147        -            468   4.3e-18   61.7  26.5   4   4   2.9e-06   5.2e-05   18.6   0.5   330   364   144   178   143   180 0.89 -
NW_025965277.1_RagTag:46400-46999     -            200 12630at314147        -            468   1.2e-16   57.0  24.4   1   4     0.028      0.49    5.5   1.0   331   361    25    55     3    56 0.84 -
NW_025965277.1_RagTag:46400-46999     -            200 12630at314147        -            468   1.2e-16   57.0  24.4   2   4   6.8e-09   1.2e-07   27.2   6.3   332   385    54   107    49   112 0.90 -
NW_025965277.1_RagTag:46400-46999     -            200 12630at314147        -            468   1.2e-16   57.0  24.4   3   4   8.4e-07   1.5e-05   20.3   0.3   333   359   111   137   104   145 0.87 -
NW_025965277.1_RagTag:46400-46999     -            200 12630at314147        -            468   1.2e-16   57.0  24.4   4   4   2.8e-06   5.1e-05   18.6   0.5   332   362   166   196   150   200 0.81 -
NW_025965271.1_RagTag:644682-645221   -            180 12630at314147        -            468   1.6e-16   56.6  10.9   1   2   1.4e-06   2.5e-05   19.6   0.3   333   364     7    41     3    65 0.78 -
NW_025965271.1_RagTag:644682-645221   -            180 12630at314147        -            468   1.6e-16   56.6  10.9   2   2   3.3e-12     6e-11   38.2   5.1   330   394   114   176   104   179 0.90 -
NW_025965039.1_RagTag:271870-271352   -            173 12630at314147        -            468   6.5e-16   54.5  13.9   1   3   5.3e-07   9.5e-06   21.0   0.7   334   387    50   103    40   106 0.87 -
NW_025965039.1_RagTag:271870-271352   -            173 12630at314147        -            468   6.5e-16   54.5  13.9   2   3   1.1e-08   1.9e-07   26.6   1.0   329   381    73   125    69   129 0.93 -
NW_025965039.1_RagTag:271870-271352   -            173 12630at314147        -            468   6.5e-16   54.5  13.9   3   3   4.5e-09   8.1e-08   27.8   0.5   329   373   129   173   125   173 0.93 -
NW_025965279.1_RagTag:111843-48065    -            321 12630at314147        -            468     1e-15   53.8  22.7   1   3    0.0097      0.17    7.0   0.5   317   366    41    89     4   101 0.77 -
NW_025965279.1_RagTag:111843-48065    -            321 12630at314147        -            468     1e-15   53.8  22.7   2   3   5.5e-12   9.9e-11   37.4   5.2   331   384   135   192   111   205 0.84 -
NW_025965279.1_RagTag:111843-48065    -            321 12630at314147        -            468     1e-15   53.8  22.7   3   3   1.5e-06   2.7e-05   19.5   3.2   328   377   271   320   253   321 0.87 -
NW_025965233.1_RagTag:201413-205146   -            387 12630at314147        -            468   4.5e-14   48.5  25.1   1   4       0.1       1.9    3.5   0.0   341   362   211   232   196   234 0.86 -
NW_025965233.1_RagTag:201413-205146   -            387 12630at314147        -            468   4.5e-14   48.5  25.1   2   4     1e-10   1.8e-09   33.3   6.8   331   386   229   284   226   308 0.88 -
NW_025965233.1_RagTag:201413-205146   -            387 12630at314147        -            468   4.5e-14   48.5  25.1   3   4    0.0025     0.044    8.9   1.2   343   365   321   343   310   344 0.88 -
NW_025965233.1_RagTag:201413-205146   -            387 12630at314147        -            468   4.5e-14   48.5  25.1   4   4   3.7e-07   6.6e-06   21.5   2.2   332   367   338   373   337   376 0.93 -
NW_025965442.1_RagTag:53274-52825     -            150 12630at314147        -            468   3.6e-13   45.5  23.4   1   3   6.4e-06   0.00011   17.4   5.4   327   385     7    65     1    70 0.87 -
NW_025965442.1_RagTag:53274-52825     -            150 12630at314147        -            468   3.6e-13   45.5  23.4   2   3   1.4e-08   2.5e-07   26.2   4.6   332   383    67   119    60   122 0.91 -
NW_025965442.1_RagTag:53274-52825     -            150 12630at314147        -            468   3.6e-13   45.5  23.4   3   3   1.1e-07   1.9e-06   23.3   5.1   333   384    97   148    93   150 0.94 -
contig_81532_pilon:2154-1714          -            147 12630at314147        -            468   8.1e-13   44.3  33.6   1   3   6.1e-07   1.1e-05   20.8   8.5   322   387    14    82     3    85 0.86 -
contig_81532_pilon:2154-1714          -            147 12630at314147        -            468   8.1e-13   44.3  33.6   2   3   4.4e-07   7.8e-06   21.3   3.7   333   383    55   106    49   110 0.87 -
contig_81532_pilon:2154-1714          -            147 12630at314147        -            468   8.1e-13   44.3  33.6   3   3   9.4e-09   1.7e-07   26.8   5.6   333   390    84   141    79   146 0.93 -
NW_025965071.1_RagTag:28831-29067     -             79 12630at314147        -            468     7e-12   41.2  10.1   1   2   1.8e-05   0.00032   16.0   2.4   333   362     4    33     2    35 0.90 -
NW_025965071.1_RagTag:28831-29067     -             79 12630at314147        -            468     7e-12   41.2  10.1   2   2   1.4e-10   2.6e-09   32.8   3.7   331   374    30    73    24    77 0.90 -
NW_025965374.1_RagTag:84617-82386     -            744 12630at314147        -            468   1.2e-10   37.2  37.5   1   7     7e-06   0.00013   17.3   4.0   341   389     2    50     1    72 0.87 -
NW_025965374.1_RagTag:84617-82386     -            744 12630at314147        -            468   1.2e-10   37.2  37.5   2   7      0.09       1.6    3.8   0.3   342   386    72   120    59   146 0.72 -
NW_025965374.1_RagTag:84617-82386     -            744 12630at314147        -            468   1.2e-10   37.2  37.5   3   7       5.5        98   -2.1   0.1   292   376   168   256   153   264 0.67 -
NW_025965374.1_RagTag:84617-82386     -            744 12630at314147        -            468   1.2e-10   37.2  37.5   4   7      0.12       2.1    3.4   0.0   341   384   440   485   429   490 0.82 -
NW_025965374.1_RagTag:84617-82386     -            744 12630at314147        -            468   1.2e-10   37.2  37.5   5   7   5.4e-06   9.6e-05   17.7   2.0   332   401   489   565   484   575 0.76 -
NW_025965374.1_RagTag:84617-82386     -            744 12630at314147        -            468   1.2e-10   37.2  37.5   6   7   0.00045    0.0081   11.3   3.5   335   402   581   647   573   668 0.77 -
NW_025965374.1_RagTag:84617-82386     -            744 12630at314147        -            468   1.2e-10   37.2  37.5   7   7      0.35       6.3    1.8   0.0   339   365   692   718   681   723 0.85 -
contig_52188_pilon:2135-1716          -            140 12630at314147        -            468   4.8e-10   35.2   8.1   1   3      0.25       4.5    2.3   0.1   321   344    34    58     9    68 0.55 -
contig_52188_pilon:2135-1716          -            140 12630at314147        -            468   4.8e-10   35.2   8.1   2   3   4.7e-06   8.4e-05   17.9   0.9   322   383    35    97    24   101 0.80 -
contig_52188_pilon:2135-1716          -            140 12630at314147        -            468   4.8e-10   35.2   8.1   3   3   8.6e-07   1.5e-05   20.3   0.7   332   366   102   136    99   139 0.91 -
NW_025965468.1_RagTag:9888-9637       -             84 12630at314147        -            468   2.3e-08   29.6   2.3   1   1   2.6e-09   4.7e-08   28.6   2.3   332   384    13    65     1    84 0.83 -
NW_025965054.1_RagTag:37673-36246     -            327 12630at314147        -            468   1.7e-06   23.5   3.4   1   3         2        37   -0.7   0.0   336   352    75    91    57    98 0.84 -
NW_025965054.1_RagTag:37673-36246     -            327 12630at314147        -            468   1.7e-06   23.5   3.4   2   3   9.2e-08   1.7e-06   23.5   3.4   331   374    98   141    85   174 0.81 -
NW_025965054.1_RagTag:37673-36246     -            327 12630at314147        -            468   1.7e-06   23.5   3.4   3   3       1.9        34   -0.6   2.7   339   389   196   246   186   270 0.75 -
NW_025965297.1_RagTag:263440-264639   -            299 12630at314147        -            468   3.4e-06   22.5  16.3   1   3    0.0018     0.032    9.4   0.7   319   349    70   106    59   117 0.74 -
NW_025965297.1_RagTag:263440-264639   -            299 12630at314147        -            468   3.4e-06   22.5  16.3   2   3   7.6e-07   1.4e-05   20.5   2.7   332   362   117   147   109   170 0.76 -
NW_025965297.1_RagTag:263440-264639   -            299 12630at314147        -            468   3.4e-06   22.5  16.3   3   3      0.43       7.7    1.5   0.6   332   354   263   285   248   296 0.83 -
NW_025965200.1_RagTag:17859-18600     -            178 12630at314147        -            468   1.8e-05   20.1   0.9   1   1   1.5e-06   2.6e-05   19.5   0.9   332   375   124   166   100   175 0.86 -
NW_025965359.1_RagTag:203699-204637   -            310 12630at314147        -            468   2.5e-05   19.6   0.1   1   1   1.9e-06   3.4e-05   19.2   0.1    17   123   137   242   130   284 0.80 -
NW_025965324.1_RagTag:667565-665169   -            506 12630at314147        -            468   0.00024   16.4   2.3   1   1   2.6e-05   0.00046   15.4   2.3   345   393     1    49     1    68 0.87 -
NW_025965259.1_RagTag:163961-162513   -            483 12630at314147        -            468   0.00035   15.9   4.5   1   1   1.9e-05   0.00035   15.9   4.5   339   402   411   477   402   483 0.76 -
NW_025965341.1_RagTag:108306-108962   -            219 12630at314147        -            468    0.0012   14.1  11.9   1   3     0.024      0.43    5.7   0.1   335   374    18    57     3    68 0.83 -
NW_025965341.1_RagTag:108306-108962   -            219 12630at314147        -            468    0.0012   14.1  11.9   2   3     0.024      0.43    5.7   0.8   365   418    78   131    70   147 0.63 -
NW_025965341.1_RagTag:108306-108962   -            219 12630at314147        -            468    0.0012   14.1  11.9   3   3    0.0018     0.032    9.4   1.2   327   371   153   195   145   216 0.70 -
NW_025965359.1_RagTag:203589-206496   -            349 12630at314147        -            468    0.0013   14.0   0.0   1   1    0.0001    0.0018   13.5   0.0    17    92   166   240   156   272 0.84 -
NW_025965182.1_RagTag:1739377-1739874 -            166 12630at314147        -            468    0.0045   12.2   1.6   1   2         3        54   -1.3   0.0   333   363    36    67    28   112 0.62 -
NW_025965182.1_RagTag:1739377-1739874 -            166 12630at314147        -            468    0.0045   12.2   1.6   2   2   0.00029    0.0052   12.0   0.4   334   368   129   163   112   166 0.81 -
NW_025965172.1_RagTag:387106-388227   -            374 12630at314147        -            468    0.0093   11.2   0.7   1   2    0.0012     0.021   10.0   0.2    78   130    23    75     4    88 0.89 -
NW_025965172.1_RagTag:387106-388227   -            374 12630at314147        -            468    0.0093   11.2   0.7   2   2         4        71   -1.7   0.0    66    84   225   243   215   245 0.82 -
NW_025965375.1_RagTag:140298-139846   -            151 12630at314147        -            468     0.038    9.1   5.3   1   2      0.02      0.35    5.9   3.3   335   373    39    77    22    78 0.85 -
NW_025965375.1_RagTag:140298-139846   -            151 12630at314147        -            468     0.038    9.1   5.3   2   2   0.00056      0.01   11.0   0.7   327   380    59   108    54   131 0.86 -
#
# Program:         hmmsearch
# Version:         3.1b2 (February 2015)
# Pipeline mode:   SEARCH
# Query file:      /home/bgerda/guppy_SUP/busco_downloads/lineages/glires_odb10/hmms/12630at314147.hmm
# Target file:     /home/bgerda/guppy_SUP/busco_results/run_glires_odb10/metaeuk_output/initial_results/ragtag.scaffold.fasta.modified.fas
# Option settings: hmmsearch --domtblout /home/bgerda/guppy_SUP/busco_results/run_glires_odb10/hmmer_output/initial_run_results/12630at314147.out --cpu 1 /home/bgerda/guppy_SUP/busco_downloads/lineages/glires_odb10/hmms/12630at314147.hmm /home/bgerda/guppy_SUP/busco_results/run_glires_odb10/metaeuk_output/initial_results/ragtag.scaffold.fasta.modified.fas 
# Current dir:     /home/bgerda/guppy_SUP
# Date:            Sun May 21 15:02:13 2023
# [ok]
