#                                                                                             --- full sequence --- -------------- this domain -------------   hmm coord   ali coord   env coord
# target name                         accession   tlen query name           accession   qlen   E-value  score  bias   #  of  c-Evalue  i-Evalue  score  bias  from    to  from    to  from    to  acc description of target
#                 ------------------- ---------- ----- -------------------- ---------- ----- --------- ------ ----- --- --- --------- --------- ------ ----- ----- ----- ----- ----- ----- ----- ---- ---------------------
NW_025965182.1_RagTag:1758025-1759086 -            354 1345at314147         -           3175   2.1e-15   51.2  45.6   1   6   8.4e-06   0.00019   14.8   0.6  2637  2679     1    43     1    54 0.91 -
NW_025965182.1_RagTag:1758025-1759086 -            354 1345at314147         -           3175   2.1e-15   51.2  45.6   2   6   0.00046     0.011    9.0   3.4  2634  2684    82   131    75   136 0.88 -
NW_025965182.1_RagTag:1758025-1759086 -            354 1345at314147         -           3175   2.1e-15   51.2  45.6   3   6   2.7e-05   0.00063   13.1   2.0  2628  2679   132   183   129   192 0.90 -
NW_025965182.1_RagTag:1758025-1759086 -            354 1345at314147         -           3175   2.1e-15   51.2  45.6   4   6   3.1e-08   7.1e-07   22.9   0.7  2634  2679   194   239   188   246 0.93 -
NW_025965182.1_RagTag:1758025-1759086 -            354 1345at314147         -           3175   2.1e-15   51.2  45.6   5   6     0.003      0.07    6.3   2.8  2443  2490   248   294   239   305 0.73 -
NW_025965182.1_RagTag:1758025-1759086 -            354 1345at314147         -           3175   2.1e-15   51.2  45.6   6   6   0.00017    0.0039   10.5   4.2  2634  2678   306   350   297   353 0.94 -
contig_18340_pilon:996-2162           -            389 1345at314147         -           3175   1.7e-14   48.2  87.1   1   7   3.9e-05   0.00091   12.6   2.5  2633  2680     2    49     1    56 0.91 -
contig_18340_pilon:996-2162           -            389 1345at314147         -           3175   1.7e-14   48.2  87.1   2   7   0.00021    0.0049   10.2   9.2  2633  2683    58   107    54   114 0.90 -
contig_18340_pilon:996-2162           -            389 1345at314147         -           3175   1.7e-14   48.2  87.1   3   7   0.00023    0.0053   10.1   4.5  2633  2679   114   160   110   170 0.91 -
contig_18340_pilon:996-2162           -            389 1345at314147         -           3175   1.7e-14   48.2  87.1   4   7   1.1e-05   0.00025   14.4   6.2  2633  2682   170   219   163   226 0.91 -
contig_18340_pilon:996-2162           -            389 1345at314147         -           3175   1.7e-14   48.2  87.1   5   7   0.00042    0.0097    9.2   8.1  2633  2683   226   275   223   282 0.90 -
contig_18340_pilon:996-2162           -            389 1345at314147         -           3175   1.7e-14   48.2  87.1   6   7   3.2e-06   7.5e-05   16.2   9.0  2633  2682   282   331   278   338 0.91 -
contig_18340_pilon:996-2162           -            389 1345at314147         -           3175   1.7e-14   48.2  87.1   7   7   3.3e-05   0.00076   12.9   2.0  2633  2679   338   384   333   389 0.93 -
contig_52188_pilon:1058-384           -            225 1345at314147         -           3175   4.6e-10   33.5  39.4   1   4   1.7e-05   0.00038   13.8   3.5  2633  2682     7    56     3    63 0.91 -
contig_52188_pilon:1058-384           -            225 1345at314147         -           3175   4.6e-10   33.5  39.4   2   4   2.4e-05   0.00055   13.3   6.7  2633  2682    63   112    59   119 0.91 -
contig_52188_pilon:1058-384           -            225 1345at314147         -           3175   4.6e-10   33.5  39.4   3   4   5.5e-05    0.0013   12.1   2.8  2633  2682   119   168   115   175 0.91 -
contig_52188_pilon:1058-384           -            225 1345at314147         -           3175   4.6e-10   33.5  39.4   4   4     2e-05   0.00045   13.6   3.0  2633  2679   175   221   169   225 0.94 -
contig_33351_pilon:8-595              -            196 1345at314147         -           3175   6.4e-10   33.0  28.0   1   3    0.0001    0.0024   11.2   3.0  2633  2681     4    52     2    59 0.91 -
contig_33351_pilon:8-595              -            196 1345at314147         -           3175   6.4e-10   33.0  28.0   2   3   1.1e-06   2.6e-05   17.7   5.1  2633  2682    60   109    56   120 0.89 -
contig_33351_pilon:8-595              -            196 1345at314147         -           3175   6.4e-10   33.0  28.0   3   3   5.2e-06   0.00012   15.5   2.9  2633  2679   144   190   140   195 0.94 -
contig_43334_pilon:1277-1996          -            240 1345at314147         -           3175   2.5e-09   31.1  43.0   1   4   0.00014    0.0033   10.7   5.1  2633  2683     7    56     3    63 0.90 -
contig_43334_pilon:1277-1996          -            240 1345at314147         -           3175   2.5e-09   31.1  43.0   2   4   1.2e-06   2.8e-05   17.6   5.6  2633  2681    63   111    59   119 0.91 -
contig_43334_pilon:1277-1996          -            240 1345at314147         -           3175   2.5e-09   31.1  43.0   3   4    0.0001    0.0024   11.2   3.9  2633  2680   119   166   115   174 0.91 -
contig_43334_pilon:1277-1996          -            240 1345at314147         -           3175   2.5e-09   31.1  43.0   4   4   0.00017     0.004   10.5   5.2  2633  2680   175   222   171   235 0.90 -
contig_36320_pilon:1246-2160          -            305 1345at314147         -           3175   3.7e-09   30.5  64.7   1   6    0.0021     0.048    6.9   6.6  2633  2683     2    51     1    58 0.91 -
contig_36320_pilon:1246-2160          -            305 1345at314147         -           3175   3.7e-09   30.5  64.7   2   6   2.8e-05   0.00066   13.1   5.5  2633  2683    58   107    54   114 0.90 -
contig_36320_pilon:1246-2160          -            305 1345at314147         -           3175   3.7e-09   30.5  64.7   3   6   8.1e-06   0.00019   14.9   2.8  2633  2682   114   163   110   170 0.91 -
contig_36320_pilon:1246-2160          -            305 1345at314147         -           3175   3.7e-09   30.5  64.7   4   6   5.6e-05    0.0013   12.1   3.5  2633  2682   170   219   165   226 0.91 -
contig_36320_pilon:1246-2160          -            305 1345at314147         -           3175   3.7e-09   30.5  64.7   5   6   8.4e-05    0.0019   11.5  11.7  2633  2682   226   275   222   286 0.89 -
contig_36320_pilon:1246-2160          -            305 1345at314147         -           3175   3.7e-09   30.5  64.7   6   6   0.00058     0.014    8.7   5.9  2633  2679   254   300   254   304 0.95 -
contig_59446_pilon:2-793              -            208 1345at314147         -           3175   1.8e-08   28.2  38.2   1   4   9.9e-05    0.0023   11.3   7.7  2633  2683    18    67    13    74 0.90 -
contig_59446_pilon:2-793              -            208 1345at314147         -           3175   1.8e-08   28.2  38.2   2   4   1.9e-06   4.4e-05   17.0   5.2  2633  2683    74   124    69   130 0.91 -
contig_59446_pilon:2-793              -            208 1345at314147         -           3175   1.8e-08   28.2  38.2   3   4   2.2e-05   0.00052   13.4   8.2  2633  2680   130   177   126   191 0.90 -
contig_59446_pilon:2-793              -            208 1345at314147         -           3175   1.8e-08   28.2  38.2   4   4      0.84        19   -1.8   0.1  2633  2654   186   207   182   208 0.85 -
NW_025965250.1_RagTag:151698-54140    -            212 1345at314147         -           3175   4.5e-08   26.9  10.8   1   2   1.2e-05   0.00028   14.3   3.9  2631  2736    45   153    26   158 0.86 -
NW_025965250.1_RagTag:151698-54140    -            212 1345at314147         -           3175   4.5e-08   26.9  10.8   2   2   1.7e-05   0.00039   13.8   0.5  2633  2682   159   208   154   212 0.90 -
NW_025965279.1_RagTag:157181-156552   -            210 1345at314147         -           3175   1.1e-07   25.6  25.4   1   3   1.2e-05   0.00027   14.3   1.3  2634  2682    19    67    12    73 0.90 -
NW_025965279.1_RagTag:157181-156552   -            210 1345at314147         -           3175   1.1e-07   25.6  25.4   2   3   2.2e-05   0.00052   13.4   6.0  2634  2686    75   127    70   139 0.89 -
NW_025965279.1_RagTag:157181-156552   -            210 1345at314147         -           3175   1.1e-07   25.6  25.4   3   3   0.00034     0.008    9.5   3.2  2632  2680   157   205   140   210 0.89 -
NW_025965375.1_RagTag:158129-157515   -            205 1345at314147         -           3175   1.5e-07   25.1  20.7   1   3   1.5e-06   3.5e-05   17.3   3.1  2633  2681    12    60     8    68 0.91 -
NW_025965375.1_RagTag:158129-157515   -            205 1345at314147         -           3175   1.5e-07   25.1  20.7   2   3   7.8e-05    0.0018   11.6   0.5  2633  2679    68   114    64   124 0.91 -
NW_025965375.1_RagTag:158129-157515   -            205 1345at314147         -           3175   1.5e-07   25.1  20.7   3   3    0.0027     0.063    6.5   3.8  2633  2705   124   187   117   196 0.82 -
NW_025965341.1_RagTag:79016-79627     -            204 1345at314147         -           3175   6.1e-07   23.1  23.5   1   4   8.4e-05    0.0019   11.5   2.1  2633  2679    12    58     5    68 0.89 -
NW_025965341.1_RagTag:79016-79627     -            204 1345at314147         -           3175   6.1e-07   23.1  23.5   2   4     3e-05   0.00071   13.0   1.4  2634  2679    69   114    64   122 0.92 -
NW_025965341.1_RagTag:79016-79627     -            204 1345at314147         -           3175   6.1e-07   23.1  23.5   3   4   0.00011    0.0026   11.1   3.3  2633  2679   124   170   114   180 0.89 -
NW_025965341.1_RagTag:79016-79627     -            204 1345at314147         -           3175   6.1e-07   23.1  23.5   4   4   0.00015    0.0036   10.6   0.2  2634  2678   153   197   147   203 0.93 -
NW_025965299.1_RagTag:2295-1810       -            162 1345at314147         -           3175   6.4e-07   23.1   0.2   1   2   2.7e-08   6.4e-07   23.1   0.2  2634  2684     1    51     1    56 0.93 -
NW_025965299.1_RagTag:2295-1810       -            162 1345at314147         -           3175   6.4e-07   23.1   0.2   2   2      0.15       3.5    0.7  12.6  2633  2736    56   162    50   162 0.79 -
contig_70752_pilon:952-1602           -            217 1345at314147         -           3175   6.6e-07   23.0  28.6   1   3   3.5e-05   0.00081   12.8   2.3  2633  2682    25    74    19    81 0.91 -
contig_70752_pilon:952-1602           -            217 1345at314147         -           3175   6.6e-07   23.0  28.6   2   3   2.1e-05   0.00048   13.5   4.2  2633  2682    81   130    77   137 0.91 -
contig_70752_pilon:952-1602           -            217 1345at314147         -           3175   6.6e-07   23.0  28.6   3   3   0.00043    0.0099    9.2   6.8  2633  2684   137   188   133   209 0.87 -
NW_025965022.1_RagTag:266833-265871   -            321 1345at314147         -           3175   1.5e-06   21.9  45.4   1   2   0.00058     0.013    8.7  35.2  2442  2679    19   262     8   271 0.79 -
NW_025965022.1_RagTag:266833-265871   -            321 1345at314147         -           3175   1.5e-06   21.9  45.4   2   2    0.0028     0.065    6.4   2.6  2634  2680   273   319   268   321 0.95 -
NW_025965207.1_RagTag:11397-10729     -            223 1345at314147         -           3175   1.5e-06   21.8  51.5   1   3   0.00019    0.0043   10.3  23.8  2633  2736     7   112     3   117 0.88 -
NW_025965207.1_RagTag:11397-10729     -            223 1345at314147         -           3175   1.5e-06   21.8  51.5   2   3   0.00021    0.0048   10.2   5.9  2633  2679   118   164   114   172 0.92 -
NW_025965207.1_RagTag:11397-10729     -            223 1345at314147         -           3175   1.5e-06   21.8  51.5   3   3   1.9e-05   0.00044   13.6   6.1  2633  2678   174   219   170   223 0.95 -
contig_28105_pilon:1448-873           -            192 1345at314147         -           3175   2.3e-06   21.2  36.0   1   3    0.0018     0.042    7.1   8.4  2443  2526     5    84     2    86 0.92 -
contig_28105_pilon:1448-873           -            192 1345at314147         -           3175   2.3e-06   21.2  36.0   2   3    0.0014     0.032    7.5   4.5  2634  2679    63   108    58   117 0.88 -
contig_28105_pilon:1448-873           -            192 1345at314147         -           3175   2.3e-06   21.2  36.0   3   3   1.6e-07   3.6e-06   20.6  13.6  2633  2685   118   170   100   182 0.84 -
NW_025965235.1_RagTag:121831-121217   -            205 1345at314147         -           3175   4.8e-06   20.1  35.6   1   3   7.2e-07   1.7e-05   18.4   5.0  2632  2687    11    65     3    72 0.88 -
NW_025965235.1_RagTag:121831-121217   -            205 1345at314147         -           3175   4.8e-06   20.1  35.6   2   3     0.077       1.8    1.7   9.2  2633  2684    68   118    64   137 0.59 -
NW_025965235.1_RagTag:121831-121217   -            205 1345at314147         -           3175   4.8e-06   20.1  35.6   3   3   0.00044      0.01    9.1   7.0  2633  2680   152   199   146   205 0.90 -
contig_36320_pilon:558-1202           -            215 1345at314147         -           3175   1.2e-05   18.9  39.2   1   5   0.00033    0.0076    9.5   8.7  2633  2683    35    84    11    91 0.88 -
contig_36320_pilon:558-1202           -            215 1345at314147         -           3175   1.2e-05   18.9  39.2   2   5    0.0014     0.031    7.5   7.3  2633  2682    63   112    59   119 0.91 -
contig_36320_pilon:558-1202           -            215 1345at314147         -           3175   1.2e-05   18.9  39.2   3   5   0.00016    0.0038   10.5   7.2  2633  2683    91   140    87   147 0.90 -
contig_36320_pilon:558-1202           -            215 1345at314147         -           3175   1.2e-05   18.9  39.2   4   5   3.7e-05   0.00086   12.7   5.2  2633  2681   119   167   115   174 0.91 -
contig_36320_pilon:558-1202           -            215 1345at314147         -           3175   1.2e-05   18.9  39.2   5   5   8.7e-05     0.002   11.5   6.8  2633  2684   147   197   142   208 0.88 -
NW_025965127.1_RagTag:122624-122115   -            170 1345at314147         -           3175   1.3e-05   18.7  20.8   1   3      0.32       7.5   -0.4   0.1  2656  2680     4    28     2    35 0.78 -
NW_025965127.1_RagTag:122624-122115   -            170 1345at314147         -           3175   1.3e-05   18.7  20.8   2   3   0.00015    0.0035   10.6   6.5  2634  2685    38    88    34    99 0.90 -
NW_025965127.1_RagTag:122624-122115   -            170 1345at314147         -           3175   1.3e-05   18.7  20.8   3   3   3.5e-06   8.1e-05   16.1   2.5  2634  2678   122   166   115   170 0.92 -
NW_025965375.1_RagTag:140298-139846   -            151 1345at314147         -           3175   1.6e-05   18.4   2.7   1   1   8.7e-07     2e-05   18.1   2.7  2686  2740    19    74     9    79 0.86 -
contig_31119_pilon:1895-1227          -            223 1345at314147         -           3175   1.7e-05   18.3  10.1   1   3   7.5e-07   1.7e-05   18.3  10.1  2634  2679    27    73    18    87 0.90 -
contig_31119_pilon:1895-1227          -            223 1345at314147         -           3175   1.7e-05   18.3  10.1   2   3       0.3       6.9   -0.3   4.1  2634  2679   112   157   100   165 0.86 -
contig_31119_pilon:1895-1227          -            223 1345at314147         -           3175   1.7e-05   18.3  10.1   3   3   0.00035     0.008    9.5   9.5  2633  2684   167   218   163   221 0.96 -
contig_78026_pilon:1141-2283          -            381 1345at314147         -           3175   3.2e-05   17.4  13.7   1   4   1.4e-06   3.2e-05   17.4  13.7  2443  2544    30   131    26   141 0.89 -
contig_78026_pilon:1141-2283          -            381 1345at314147         -           3175   3.2e-05   17.4  13.7   2   4       1.6        36   -2.7  12.1  2633  2679   151   197   139   219 0.85 -
contig_78026_pilon:1141-2283          -            381 1345at314147         -           3175   3.2e-05   17.4  13.7   3   4     0.033      0.77    2.9   5.2  2586  2680   236   321   216   330 0.58 -
contig_78026_pilon:1141-2283          -            381 1345at314147         -           3175   3.2e-05   17.4  13.7   4   4    0.0058      0.13    5.4   6.4  2634  2678   331   375   325   380 0.93 -
contig_18339_pilon:770-1369           -            200 1345at314147         -           3175   4.6e-05   16.9  16.8   1   2   3.4e-05   0.00078   12.8   5.7  2633  2683    18    67     9    74 0.90 -
contig_18339_pilon:770-1369           -            200 1345at314147         -           3175   4.6e-05   16.9  16.8   2   2   0.00023    0.0054   10.0   3.4  2633  2676    74   117    70   121 0.96 -
contig_53583_pilon:2102-1623          -            160 1345at314147         -           3175   8.6e-05   16.0  21.8   1   2   0.00013     0.003   10.9   8.1  2633  2682    47    96    29   103 0.90 -
contig_53583_pilon:2102-1623          -            160 1345at314147         -           3175   8.6e-05   16.0  21.8   2   2   4.9e-05    0.0011   12.3   4.8  2633  2682   103   152    98   159 0.91 -
NW_025965230.1_RagTag:917436-916915   -            174 1345at314147         -           3175   8.8e-05   16.0  23.2   1   3   7.3e-05    0.0017   11.7   3.6  2633  2681    19    67     7    75 0.86 -
NW_025965230.1_RagTag:917436-916915   -            174 1345at314147         -           3175   8.8e-05   16.0  23.2   2   3    0.0018     0.041    7.1   3.6  2633  2681    75   123    67   131 0.91 -
NW_025965230.1_RagTag:917436-916915   -            174 1345at314147         -           3175   8.8e-05   16.0  23.2   3   3   0.00063     0.015    8.6   1.8  2633  2673   131   171   127   174 0.90 -
NW_025965289.1_RagTag:81543-82196     -            218 1345at314147         -           3175   8.8e-05   16.0  35.3   1   3    0.0086       0.2    4.8   9.3  2633  2680    51    98     6   107 0.78 -
NW_025965289.1_RagTag:81543-82196     -            218 1345at314147         -           3175   8.8e-05   16.0  35.3   2   3   2.2e-05   0.00051   13.4   4.5  2634  2678   108   152   103   159 0.87 -
NW_025965289.1_RagTag:81543-82196     -            218 1345at314147         -           3175   8.8e-05   16.0  35.3   3   3   0.00074     0.017    8.4   8.5  2432  2492   151   210   145   218 0.88 -
NW_025965250.1_RagTag:8965-9597       -            211 1345at314147         -           3175   8.9e-05   15.9  28.9   1   2     1e-05   0.00024   14.5   4.5  2628  2681    14    67     6    75 0.89 -
NW_025965250.1_RagTag:8965-9597       -            211 1345at314147         -           3175   8.9e-05   15.9  28.9   2   2    0.0064      0.15    5.3  16.5  2633  2737    75   182    72   192 0.83 -
NW_025965071.1_RagTag:28250-28834     -            195 1345at314147         -           3175   9.2e-05   15.9  32.2   1   3     0.013       0.3    4.2   7.4  2633  2679    13    59     3    67 0.86 -
NW_025965071.1_RagTag:28250-28834     -            195 1345at314147         -           3175   9.2e-05   15.9  32.2   2   3    0.0038     0.087    6.0   7.8  2626  2682    62   118    56   125 0.89 -
NW_025965071.1_RagTag:28250-28834     -            195 1345at314147         -           3175   9.2e-05   15.9  32.2   3   3   7.3e-06   0.00017   15.0   5.9  2633  2680   125   172   117   191 0.91 -
contig_44617_pilon:698-207            -            164 1345at314147         -           3175   0.00011   15.6  16.6   1   2   0.00018    0.0041   10.4   6.2  2633  2682    58   107    50   114 0.90 -
contig_44617_pilon:698-207            -            164 1345at314147         -           3175   0.00011   15.6  16.6   2   2    0.0001    0.0024   11.2   2.7  2633  2671   114   152   110   162 0.90 -
NW_025965317.1_RagTag:1470246-1469449 -            266 1345at314147         -           3175    0.0002   14.8   6.9   1   3      0.96        22   -2.0  11.1  2433  2510    64   135    36   153 0.72 -
NW_025965317.1_RagTag:1470246-1469449 -            266 1345at314147         -           3175    0.0002   14.8   6.9   2   3     0.026       0.6    3.3   3.1  2633  2667   157   191   152   211 0.89 -
NW_025965317.1_RagTag:1470246-1469449 -            266 1345at314147         -           3175    0.0002   14.8   6.9   3   3   8.4e-06    0.0002   14.8   6.9  2633  2684   213   264   206   266 0.93 -
NW_025965301.1_RagTag:107837-107190   -            216 1345at314147         -           3175   0.00027   14.3   0.4   1   3      0.23       5.3    0.1   1.1  2631  2662    29    60     9    77 0.77 -
NW_025965301.1_RagTag:107837-107190   -            216 1345at314147         -           3175   0.00027   14.3   0.4   2   3   1.2e-05   0.00027   14.3   0.4  2634  2679    89   134    83   141 0.91 -
NW_025965301.1_RagTag:107837-107190   -            216 1345at314147         -           3175   0.00027   14.3   0.4   3   3      0.12       2.9    1.0   8.0  2435  2494   135   196   131   209 0.80 -
NW_025965271.1_RagTag:644682-645221   -            180 1345at314147         -           3175   0.00035   14.0   3.3   1   1   1.9e-05   0.00045   13.6   3.3  2633  2683   128   177   120   180 0.92 -
NW_025965207.1_RagTag:15963-15268     -            232 1345at314147         -           3175   0.00045   13.6   2.1   1   3       1.4        32   -2.5  25.0  2634  2736     1   105     1   111 0.93 -
NW_025965207.1_RagTag:15963-15268     -            232 1345at314147         -           3175   0.00045   13.6   2.1   2   3    0.0011     0.026    7.8  15.5  2633  2694   111   171   107   182 0.84 -
NW_025965207.1_RagTag:15963-15268     -            232 1345at314147         -           3175   0.00045   13.6   2.1   3   3   1.9e-05   0.00045   13.6   2.1  2633  2669   195   231   191   232 0.93 -
NW_025965271.1_RagTag:643750-644226   -            159 1345at314147         -           3175   0.00076   12.9  13.2   1   2   0.00025    0.0057   10.0   6.1  2633  2682    50    99    46   106 0.91 -
NW_025965271.1_RagTag:643750-644226   -            159 1345at314147         -           3175   0.00076   12.9  13.2   2   2   0.00098     0.023    8.0   0.6  2633  2671   106   144   101   155 0.91 -
NW_025965054.1_RagTag:37673-36246     -            327 1345at314147         -           3175   0.00097   12.5   9.7   1   1   5.8e-05    0.0013   12.0   9.7  1905  2022    58   165    54   239 0.80 -
NW_025965341.1_RagTag:41589-41122     -            156 1345at314147         -           3175   0.00097   12.5  14.6   1   2   0.00059     0.014    8.7   5.5  2445  2678    24    96     4   105 0.54 -
NW_025965341.1_RagTag:41589-41122     -            156 1345at314147         -           3175   0.00097   12.5  14.6   2   2   0.00059     0.014    8.7   1.8  2633  2678   107   152   103   156 0.91 -
NW_025965358.1_RagTag:7314-6859       -            152 1345at314147         -           3175     0.001   12.4  21.3   1   3   0.00025    0.0059    9.9   1.7  2634  2684     5    55     2    65 0.88 -
NW_025965358.1_RagTag:7314-6859       -            152 1345at314147         -           3175     0.001   12.4  21.3   2   3     0.015      0.35    4.0   3.3  2633  2678    60   105    56   114 0.78 -
NW_025965358.1_RagTag:7314-6859       -            152 1345at314147         -           3175     0.001   12.4  21.3   3   3   0.00075     0.017    8.3   3.5  2634  2668   117   151   111   152 0.94 -
NW_025965028.1_RagTag:357538-358857   -            372 1345at314147         -           3175    0.0016   11.8  14.8   1   1    0.0032     0.074    6.3  15.0  2634  2735   265   369   260   370 0.82 -
NW_025965215.1_RagTag:23670-22372     -            433 1345at314147         -           3175     0.003   10.9  24.1   1   2   0.00043      0.01    9.1   2.8  2599  2679   209   291   142   301 0.65 -
NW_025965215.1_RagTag:23670-22372     -            433 1345at314147         -           3175     0.003   10.9  24.1   2   2    0.0079      0.18    5.0  12.3  2633  2735   328   433   318   433 0.83 -
contig_83186_pilon:3012-2101          -            304 1345at314147         -           3175    0.0032   10.8  40.7   1   4     0.007      0.16    5.1   9.7  2633  2683     7    56     3    63 0.90 -
contig_83186_pilon:3012-2101          -            304 1345at314147         -           3175    0.0032   10.8  40.7   2   4   0.00025    0.0058    9.9   5.3  2633  2683    63   112    59   119 0.90 -
contig_83186_pilon:3012-2101          -            304 1345at314147         -           3175    0.0032   10.8  40.7   3   4    0.0086       0.2    4.8   4.7  2633  2676   119   162   115   166 0.95 -
contig_83186_pilon:3012-2101          -            304 1345at314147         -           3175    0.0032   10.8  40.7   4   4    0.0018     0.043    7.1   0.2  2633  2675   258   300   253   303 0.92 -
contig_10836_pilon:117-731            -            205 1345at314147         -           3175    0.0042   10.4  43.5   1   2   2.9e-05   0.00067   13.0  19.2  2633  2736    12   118     7   123 0.87 -
contig_10836_pilon:117-731            -            205 1345at314147         -           3175    0.0042   10.4  43.5   2   2      0.11       2.5    1.2  16.5  2633  2684   124   174   119   202 0.81 -
NW_025965468.1_RagTag:9888-9637       -             84 1345at314147         -           3175    0.0048   10.2   1.0   1   1   0.00023    0.0053   10.1   1.0  2633  2676    25    68    17    79 0.88 -
NW_025965200.1_RagTag:17859-18600     -            178 1345at314147         -           3175     0.014    8.6   0.5   1   1   0.00063     0.015    8.6   0.5  2646  2682   121   156    73   165 0.69 -
NW_025965215.1_RagTag:353527-352538   -            180 1345at314147         -           3175     0.042    7.1  23.7   1   2   0.00032    0.0074    9.6   5.4  2632  2682    52   102    44   107 0.90 -
NW_025965215.1_RagTag:353527-352538   -            180 1345at314147         -           3175     0.042    7.1  23.7   2   2    0.0032     0.074    6.3  17.7  2634  2735    82   179    81   180 0.81 -
NW_025965071.1_RagTag:3226-4467       -            414 1345at314147         -           3175     0.087    6.0  40.0   1   7      0.46        11   -0.9   0.0  1923  1948    22    47    18    50 0.90 -
NW_025965071.1_RagTag:3226-4467       -            414 1345at314147         -           3175     0.087    6.0  40.0   2   7      0.02      0.45    3.6   5.8  2633  2678   197   242   180   251 0.90 -
NW_025965071.1_RagTag:3226-4467       -            414 1345at314147         -           3175     0.087    6.0  40.0   3   7      0.01      0.24    4.6  12.2  2624  2705   216   288   203   288 0.84 -
NW_025965071.1_RagTag:3226-4467       -            414 1345at314147         -           3175     0.087    6.0  40.0   4   7   0.00071     0.017    8.4   7.9  2633  2685   253   305   245   314 0.89 -
NW_025965071.1_RagTag:3226-4467       -            414 1345at314147         -           3175     0.087    6.0  40.0   5   7    0.0059      0.14    5.4   1.2  2442  2490   307   354   301   356 0.85 -
NW_025965071.1_RagTag:3226-4467       -            414 1345at314147         -           3175     0.087    6.0  40.0   6   7      0.01      0.24    4.6   6.0  2634  2669   338   373   333   398 0.86 -
NW_025965071.1_RagTag:3226-4467       -            414 1345at314147         -           3175     0.087    6.0  40.0   7   7     0.064       1.5    1.9   4.6  2634  2678   366   410   353   413 0.90 -
NW_025965190.1_RagTag:125753-126253   -            167 1345at314147         -           3175     0.089    6.0  16.4   1   2      0.24       5.7    0.0   9.1  2633  2682    43    92     7   121 0.66 -
NW_025965190.1_RagTag:125753-126253   -            167 1345at314147         -           3175     0.089    6.0  16.4   2   2   0.00054     0.013    8.8   0.8  2634  2667   128   161   123   165 0.88 -
NW_025965166.1_RagTag:131393-130962   -            144 1345at314147         -           3175      0.16    5.2  17.9   1   2    0.0037     0.087    6.0   6.2  2443  2525     7    85     4    89 0.67 -
NW_025965166.1_RagTag:131393-130962   -            144 1345at314147         -           3175      0.16    5.2  17.9   2   2     0.011      0.27    4.4   3.9  2634  2682    93   140    89   144 0.90 -
NW_025965341.1_RagTag:10217-11053     -            279 1345at314147         -           3175      0.23    4.6  33.6   1   8      0.15       3.4    0.7   2.1  2634  2678     2    46     1    57 0.70 -
NW_025965341.1_RagTag:10217-11053     -            279 1345at314147         -           3175      0.23    4.6  33.6   2   8    0.0044       0.1    5.8   5.8  2633  2678    29    74    13    85 0.85 -
NW_025965341.1_RagTag:10217-11053     -            279 1345at314147         -           3175      0.23    4.6  33.6   3   8   0.00038    0.0088    9.3   2.6  2634  2678    58   102    53   110 0.92 -
NW_025965341.1_RagTag:10217-11053     -            279 1345at314147         -           3175      0.23    4.6  33.6   4   8   0.00066     0.015    8.5   1.9  2633  2678    85   130    80   138 0.89 -
NW_025965341.1_RagTag:10217-11053     -            279 1345at314147         -           3175      0.23    4.6  33.6   5   8    0.0049      0.11    5.7   1.7  2633  2669   113   149   106   154 0.91 -
NW_025965341.1_RagTag:10217-11053     -            279 1345at314147         -           3175      0.23    4.6  33.6   6   8     0.031      0.71    3.0   0.4  2634  2680   171   217   165   226 0.87 -
NW_025965341.1_RagTag:10217-11053     -            279 1345at314147         -           3175      0.23    4.6  33.6   7   8    0.0042     0.097    5.9   3.5  2633  2684   198   249   183   264 0.88 -
NW_025965341.1_RagTag:10217-11053     -            279 1345at314147         -           3175      0.23    4.6  33.6   8   8     0.013      0.31    4.2   0.9  2633  2680   226   273   218   279 0.90 -
NW_025965442.1_RagTag:53274-52825     -            150 1345at314147         -           3175      0.25    4.5  17.4   1   2      0.07       1.6    1.8  10.1  2633  2684    52   102    14   108 0.82 -
NW_025965442.1_RagTag:53274-52825     -            150 1345at314147         -           3175      0.25    4.5  17.4   2   2     0.002     0.046    7.0   0.9  2634  2672   109   147   104   150 0.90 -
contig_43715_pilon:300-1181           -            294 1345at314147         -           3175      0.31    4.2  26.7   1   3   0.00046     0.011    9.1   4.9  2633  2680     6    53     3    62 0.91 -
contig_43715_pilon:300-1181           -            294 1345at314147         -           3175      0.31    4.2  26.7   2   3   0.00053     0.012    8.8   3.7  2633  2672    62   101    58   103 0.93 -
contig_43715_pilon:300-1181           -            294 1345at314147         -           3175      0.31    4.2  26.7   3   3      0.96        22   -2.0   2.7  2647  2683   243   278   236   288 0.84 -
NW_025965341.1_RagTag:50520-49825     -            232 1345at314147         -           3175      0.35    4.0  27.5   1   1       1.7        40   -2.8  14.1  2633  2743    99   210    94   217 0.80 -
NW_025965344.1_RagTag:2075-1647       -            143 1345at314147         -           3175      0.43    3.7  17.2   1   2   0.00075     0.017    8.3   1.8  2634  2678    24    68    19    76 0.88 -
NW_025965344.1_RagTag:2075-1647       -            143 1345at314147         -           3175      0.43    3.7  17.2   2   2      0.29       6.6   -0.2   9.4  2442  2508    77   139    68   142 0.67 -
NW_025965341.1_RagTag:91734-92261     -            176 1345at314147         -           3175      0.45    3.7  25.5   1   2    0.0035     0.082    6.1   4.0  2634  2680    27    73    13    91 0.85 -
NW_025965341.1_RagTag:91734-92261     -            176 1345at314147         -           3175      0.45    3.7  25.5   2   2     0.011      0.26    4.5  12.1  2633  2689   110   165   104   175 0.85 -
NW_025965182.1_RagTag:1739884-1740459 -            192 1345at314147         -           3175      0.62    3.2  33.5   1   3     0.001     0.024    7.9   2.4  2637  2678     2    43     1    53 0.91 -
NW_025965182.1_RagTag:1739884-1740459 -            192 1345at314147         -           3175      0.62    3.2  33.5   2   3   0.00022     0.005   10.1   7.8  2633  2679    54   100    49   108 0.92 -
NW_025965182.1_RagTag:1739884-1740459 -            192 1345at314147         -           3175      0.62    3.2  33.5   3   3       1.7        40   -2.8   7.7  2634  2684   111   160   106   175 0.80 -
NW_025965039.1_RagTag:271870-271352   -            173 1345at314147         -           3175      0.72    3.0   9.1   1   2      0.13       2.9    1.0   1.4  2630  2678    57   105    44   116 0.78 -
NW_025965039.1_RagTag:271870-271352   -            173 1345at314147         -           3175      0.72    3.0   9.1   2   2    0.0031     0.072    6.3   1.7  2633  2679   116   162   109   169 0.93 -
NW_025965341.1_RagTag:115056-115571   -            172 1345at314147         -           3175      0.86    2.7  19.9   1   2       4.5     1e+02   -4.2   9.5  2443  2498     9    62     2    90 0.69 -
NW_025965341.1_RagTag:115056-115571   -            172 1345at314147         -           3175      0.86    2.7  19.9   2   2   4.2e-05   0.00096   12.5   2.3  2633  2683    94   144    85   152 0.91 -
NW_025965277.1_RagTag:46400-46999     -            200 1345at314147         -           3175         1    2.5  18.4   1   2     0.028      0.64    3.1   6.3  2637  2682    42    87    39    94 0.90 -
NW_025965277.1_RagTag:46400-46999     -            200 1345at314147         -           3175         1    2.5  18.4   2   2    0.0087       0.2    4.8   5.0  2633  2677    94   138    87   199 0.91 -
NW_025965250.1_RagTag:247730-246879   -            284 1345at314147         -           3175       2.6    1.1  49.8   1   4   0.00073     0.017    8.4   2.8  2633  2681    37    85    19    90 0.89 -
NW_025965250.1_RagTag:247730-246879   -            284 1345at314147         -           3175       2.6    1.1  49.8   2   4       0.1       2.3    1.3  14.0  2442  2508    91   153    83   156 0.76 -
NW_025965250.1_RagTag:247730-246879   -            284 1345at314147         -           3175       2.6    1.1  49.8   3   4      0.21       4.9    0.2   8.3  2633  2684   149   200   145   218 0.85 -
NW_025965250.1_RagTag:247730-246879   -            284 1345at314147         -           3175       2.6    1.1  49.8   4   4    0.0014     0.032    7.5   5.3  2633  2681   233   281   217   284 0.87 -
NW_025965071.1_RagTag:28831-29067     -             79 1345at314147         -           3175       2.6    1.1  11.0   1   2     0.041      0.96    2.6   2.0  1925  1952    10    36     3    42 0.81 -
NW_025965071.1_RagTag:28831-29067     -             79 1345at314147         -           3175       2.6    1.1  11.0   2   2     0.016      0.36    4.0   2.2  2633  2663    43    73    35    77 0.70 -
NW_025965039.1_RagTag:272612-271716   -            299 1345at314147         -           3175       2.7    1.1  37.2   1   6     0.023      0.54    3.4   4.7  2630  2702    52   115    37   120 0.75 -
NW_025965039.1_RagTag:272612-271716   -            299 1345at314147         -           3175       2.7    1.1  37.2   2   6       1.4        33   -2.5   5.9  2633  2673   111   151    97   166 0.57 -
NW_025965039.1_RagTag:272612-271716   -            299 1345at314147         -           3175       2.7    1.1  37.2   3   6       1.4        33   -2.5   7.1  2618  2678   126   184   116   193 0.76 -
NW_025965039.1_RagTag:272612-271716   -            299 1345at314147         -           3175       2.7    1.1  37.2   4   6     0.024      0.57    3.3   9.3  2633  2685   167   218   155   227 0.87 -
NW_025965039.1_RagTag:272612-271716   -            299 1345at314147         -           3175       2.7    1.1  37.2   5   6     0.019      0.44    3.7   5.0  2633  2678   195   240   184   251 0.88 -
NW_025965039.1_RagTag:272612-271716   -            299 1345at314147         -           3175       2.7    1.1  37.2   6   6   0.00044      0.01    9.1   1.2  2633  2678   251   296   243   299 0.94 -
NW_025965341.1_RagTag:136335-135751   -            195 1345at314147         -           3175       6.5   -0.2  29.5   1   3   0.00033    0.0076    9.5   3.0  2634  2685    13    64     7    74 0.86 -
NW_025965341.1_RagTag:136335-135751   -            195 1345at314147         -           3175       6.5   -0.2  29.5   2   3     0.068       1.6    1.9   0.7  1926  1948    64    86    58    94 0.83 -
NW_025965341.1_RagTag:136335-135751   -            195 1345at314147         -           3175       6.5   -0.2  29.5   3   3       5.3   1.2e+02   -4.4  16.3  2633  2725    96   191    86   194 0.79 -
#
# Program:         hmmsearch
# Version:         3.1b2 (February 2015)
# Pipeline mode:   SEARCH
# Query file:      /home/bgerda/guppy_SUP/busco_downloads/lineages/glires_odb10/hmms/1345at314147.hmm
# Target file:     /home/bgerda/guppy_SUP/busco_results/run_glires_odb10/metaeuk_output/initial_results/ragtag.scaffold.fasta.modified.fas
# Option settings: hmmsearch --domtblout /home/bgerda/guppy_SUP/busco_results/run_glires_odb10/hmmer_output/initial_run_results/1345at314147.out --cpu 1 /home/bgerda/guppy_SUP/busco_downloads/lineages/glires_odb10/hmms/1345at314147.hmm /home/bgerda/guppy_SUP/busco_results/run_glires_odb10/metaeuk_output/initial_results/ragtag.scaffold.fasta.modified.fas 
# Current dir:     /home/bgerda/guppy_SUP
# Date:            Sun May 21 15:02:21 2023
# [ok]
