#                                                                                             --- full sequence --- -------------- this domain -------------   hmm coord   ali coord   env coord
# target name                         accession   tlen query name           accession   qlen   E-value  score  bias   #  of  c-Evalue  i-Evalue  score  bias  from    to  from    to  from    to  acc description of target
#                 ------------------- ---------- ----- -------------------- ---------- ----- --------- ------ ----- --- --- --------- --------- ------ ----- ----- ----- ----- ----- ----- ----- ---- ---------------------
contig_18340_pilon:996-2162           -            389 13744at314147        -            466  6.4e-111  367.8  89.4   1   3   9.6e-54   1.8e-52  175.1  35.2   124   319     4   189     1   190 0.96 -
contig_18340_pilon:996-2162           -            389 13744at314147        -            466  6.4e-111  367.8  89.4   2   3   3.3e-22   6.2e-21   71.1   9.2   136   212   184   256   182   257 0.95 -
contig_18340_pilon:996-2162           -            389 13744at314147        -            466  6.4e-111  367.8  89.4   3   3   7.2e-46   1.4e-44  149.1  29.0   125   294   229   388   228   389 0.96 -
NW_025965432.1_RagTag:532065-533174   -            370 13744at314147        -            466   9.3e-85  281.5  81.0   1   3   1.6e-16     3e-15   52.4  15.8   231   319     2    86     1    86 0.97 -
NW_025965432.1_RagTag:532065-533174   -            370 13744at314147        -            466   9.3e-85  281.5  81.0   2   3   9.6e-38   1.8e-36  122.3  23.2   156   319    43   198    43   199 0.98 -
NW_025965432.1_RagTag:532065-533174   -            370 13744at314147        -            466   9.3e-85  281.5  81.0   3   3   2.4e-41   4.5e-40  134.2  26.0   136   320   193   367   192   370 0.96 -
contig_36320_pilon:1246-2160          -            305 13744at314147        -            466   2.2e-84  280.3  69.9   1   3   1.4e-32   2.6e-31  105.3  17.4   125   242     5   116     1   117 0.91 -
contig_36320_pilon:1246-2160          -            305 13744at314147        -            466   2.2e-84  280.3  69.9   2   3   2.8e-42   5.2e-41  137.3  23.1   125   280    89   234    88   234 0.79 -
contig_36320_pilon:1246-2160          -            305 13744at314147        -            466   2.2e-84  280.3  69.9   3   3   3.3e-20   6.3e-19   64.5  13.5   125   205   229   305   228   305 0.96 -
NW_025965022.1_RagTag:266833-265871   -            321 13744at314147        -            466   1.4e-79  264.4  55.5   1   3   6.1e-30   1.1e-28   96.6  12.8   165   307     6   139     1   140 0.83 -
NW_025965022.1_RagTag:266833-265871   -            321 13744at314147        -            466   1.4e-79  264.4  55.5   2   3   1.4e-17   2.7e-16   55.8   3.9   168   241   120   189   117   189 0.82 -
NW_025965022.1_RagTag:266833-265871   -            321 13744at314147        -            466   1.4e-79  264.4  55.5   3   3   9.2e-43   1.7e-41  138.8  22.9   126   318   136   318   135   321 0.96 -
NW_025965039.1_RagTag:272612-271716   -            299 13744at314147        -            466   3.4e-76  253.3  60.6   1   3     6e-33   1.1e-31  106.5  17.8   138   317    43   212    36   212 0.95 -
NW_025965039.1_RagTag:272612-271716   -            299 13744at314147        -            466   3.4e-76  253.3  60.6   2   3   9.4e-32   1.8e-30  102.5  16.5   156   318   115   269   113   270 0.94 -
NW_025965039.1_RagTag:272612-271716   -            299 13744at314147        -            466   3.4e-76  253.3  60.6   3   3   3.6e-22   6.7e-21   71.0  10.3   186   317   171   296   171   298 0.54 -
NW_025965250.1_RagTag:247730-246879   -            284 13744at314147        -            466   3.9e-71  236.6  69.9   1   3   6.1e-29   1.2e-27   93.3  18.8   125   241    12   122     3   124 0.95 -
NW_025965250.1_RagTag:247730-246879   -            284 13744at314147        -            466   3.9e-71  236.6  69.9   2   3   8.1e-34   1.5e-32  109.4  25.7   125   273    96   236    95   236 0.95 -
NW_025965250.1_RagTag:247730-246879   -            284 13744at314147        -            466   3.9e-71  236.6  69.9   3   3   5.1e-19   9.7e-18   60.6   9.4   125   205   208   284   207   284 0.95 -
contig_43334_pilon:1277-1996          -            240 13744at314147        -            466   2.8e-69  230.5  47.1   1   2   7.6e-34   1.4e-32  109.4  17.4   144   271     1   120     1   121 0.94 -
contig_43334_pilon:1277-1996          -            240 13744at314147        -            466   2.8e-69  230.5  47.1   2   2   2.6e-41   4.9e-40  134.1  21.7   125   280    94   239    93   240 0.87 -
NW_025965182.1_RagTag:1758025-1759086 -            354 13744at314147        -            466   2.3e-68  227.4  52.5   1   3   1.6e-28     3e-27   91.9  13.0   156   308     1   145     1   149 0.96 -
NW_025965182.1_RagTag:1758025-1759086 -            354 13744at314147        -            466   2.3e-68  227.4  52.5   2   3   1.4e-39   2.7e-38  128.3  26.0   126   319   141   324   141   324 0.96 -
NW_025965182.1_RagTag:1758025-1759086 -            354 13744at314147        -            466   2.3e-68  227.4  52.5   3   3     3e-07   5.7e-06   21.8   1.3   227   263   320   354   316   354 0.92 -
contig_70752_pilon:952-1602           -            217 13744at314147        -            466   2.7e-68  227.2  45.3   1   2   2.9e-31   5.4e-30  100.9  12.2   126   242     1   111     1   112 0.94 -
contig_70752_pilon:952-1602           -            217 13744at314147        -            466   2.7e-68  227.2  45.3   2   2   7.2e-43   1.3e-41  139.2  25.1   155   314    56   207    55   214 0.95 -
NW_025965207.1_RagTag:11397-10729     -            223 13744at314147        -            466   3.4e-63  210.4  66.6   1   2   7.2e-33   1.4e-31  106.2  27.7   144   308     1   154     1   154 0.95 -
NW_025965207.1_RagTag:11397-10729     -            223 13744at314147        -            466   3.4e-63  210.4  66.6   2   2   3.6e-36   6.7e-35  117.1  30.9   123   293    64   223    63   223 0.92 -
NW_025965215.1_RagTag:23670-22372     -            433 13744at314147        -            466   3.8e-62  206.9  43.6   1   2   3.6e-31   6.8e-30  100.6  14.4   174   319   239   375   232   375 0.96 -
NW_025965215.1_RagTag:23670-22372     -            433 13744at314147        -            466   3.8e-62  206.9  43.6   2   2   4.1e-37   7.8e-36  120.2  21.2   126   293   277   433   275   433 0.65 -
NW_025965071.1_RagTag:3226-4467       -            414 13744at314147        -            466   5.1e-62  206.5  59.9   1   3   1.8e-06   3.5e-05   19.2   3.5   257   324    16    81     1    82 0.79 -
NW_025965071.1_RagTag:3226-4467       -            414 13744at314147        -            466   5.1e-62  206.5  59.9   2   3   2.6e-26   4.9e-25   84.6  20.8   117   317    82   270    79   271 0.95 -
NW_025965071.1_RagTag:3226-4467       -            414 13744at314147        -            466   5.1e-62  206.5  59.9   3   3   1.2e-36   2.3e-35  118.7  22.3   126   293   257   414   257   414 0.89 -
NW_025965182.1_RagTag:1739884-1740459 -            192 13744at314147        -            466   4.6e-61  203.4  59.1   1   2   1.1e-28   2.1e-27   92.4  19.3   186   311     2   121     1   124 0.95 -
NW_025965182.1_RagTag:1739884-1740459 -            192 13744at314147        -            466   4.6e-61  203.4  59.1   2   2   3.6e-38   6.7e-37  123.7  31.8   124   292    28   186    28   191 0.95 -
contig_52188_pilon:1058-384           -            225 13744at314147        -            466   2.9e-60  200.8  36.0   1   2   2.2e-19   4.1e-18   61.8   4.8   144   211     1    64     1    66 0.93 -
contig_52188_pilon:1058-384           -            225 13744at314147        -            466   2.9e-60  200.8  36.0   2   2   1.2e-44   2.2e-43  145.1  24.1   155   320    66   223    63   225 0.96 -
NW_025965341.1_RagTag:10217-11053     -            279 13744at314147        -            466   4.7e-60  200.1  35.1   1   3   5.2e-21   9.9e-20   67.1   6.0   245   325     4    82     1    82 0.96 -
NW_025965341.1_RagTag:10217-11053     -            279 13744at314147        -            466   4.7e-60  200.1  35.1   2   3   2.3e-18   4.3e-17   58.4   6.0   229   309    74   150    72   161 0.90 -
NW_025965341.1_RagTag:10217-11053     -            279 13744at314147        -            466   4.7e-60  200.1  35.1   3   3   1.1e-28     2e-27   92.5   9.0   208   324   168   278   156   279 0.92 -
NW_025965436.1_RagTag:1617-781        -            279 13744at314147        -            466   9.1e-60  199.1  71.8   1   3     0.012      0.23    6.6   0.4   299   320     1    22     1    28 0.92 -
NW_025965436.1_RagTag:1617-781        -            279 13744at314147        -            466   9.1e-60  199.1  71.8   2   3   4.4e-35   8.3e-34  113.5  34.4   119   311    29   209    24   210 0.95 -
NW_025965436.1_RagTag:1617-781        -            279 13744at314147        -            466   9.1e-60  199.1  71.8   3   3   1.2e-30   2.3e-29   98.9  29.4   126   295   118   277   118   279 0.96 -
contig_36320_pilon:558-1202           -            215 13744at314147        -            466   2.4e-59  197.7  46.8   1   2   1.1e-15   2.1e-14   49.6   5.2   144   211     1    64     1    65 0.85 -
contig_36320_pilon:558-1202           -            215 13744at314147        -            466   2.4e-59  197.7  46.8   2   2   1.8e-49   3.3e-48  161.0  33.6   125   310    38   213    37   215 0.96 -
NW_025965289.1_RagTag:81543-82196     -            218 13744at314147        -            466   2.9e-58  194.2  44.0   1   2   8.7e-45   1.6e-43  145.5  26.7   147   319    20   182    13   183 0.93 -
NW_025965289.1_RagTag:81543-82196     -            218 13744at314147        -            466   2.9e-58  194.2  44.0   2   2   2.5e-19   4.8e-18   61.6   9.4   154   239   137   218   137   218 0.92 -
contig_59446_pilon:2-793              -            208 13744at314147        -            466   5.2e-58  193.3  43.2   1   2   1.1e-28     2e-27   92.5  16.5   136   241     4   103     1   105 0.66 -
contig_59446_pilon:2-793              -            208 13744at314147        -            466   5.2e-58  193.3  43.2   2   2   3.9e-35   7.3e-34  113.7  18.7   155   294    77   208    76   208 0.70 -
NW_025965250.1_RagTag:151698-54140    -            212 13744at314147        -            466   4.5e-57  190.2  35.0   1   2   1.5e-30   2.8e-29   98.6  10.7   146   271    15   132     4   134 0.89 -
NW_025965250.1_RagTag:151698-54140    -            212 13744at314147        -            466   4.5e-57  190.2  35.0   2   2   2.4e-32   4.5e-31  104.5  16.3   139   267    92   212    92   212 0.95 -
contig_33351_pilon:8-595              -            196 13744at314147        -            466   2.3e-56  187.9  33.2   1   2   8.5e-34   1.6e-32  109.3  13.5   148   272     2   118     1   119 0.95 -
contig_33351_pilon:8-595              -            196 13744at314147        -            466   2.3e-56  187.9  33.2   2   2   2.3e-28   4.3e-27   91.4  11.7   126   236    92   196    90   196 0.56 -
NW_025965375.1_RagTag:158129-157515   -            205 13744at314147        -            466   3.4e-54  180.7  24.4   1   2   4.6e-47   8.6e-46  153.0  16.6   139   314     1   166     1   168 0.96 -
NW_025965375.1_RagTag:158129-157515   -            205 13744at314147        -            466   3.4e-54  180.7  24.4   2   2   1.7e-12   3.2e-11   39.1   1.3   126   177   156   205   156   205 0.84 -
NW_025965341.1_RagTag:136335-135751   -            195 13744at314147        -            466   4.5e-51  170.4  35.8   1   2   2.9e-19   5.5e-18   61.4   3.8   169   241     1    69     1    69 0.82 -
NW_025965341.1_RagTag:136335-135751   -            195 13744at314147        -            466   4.5e-51  170.4  35.8   2   2   1.4e-37   2.7e-36  121.7  24.1   155   311    43   191    42   195 0.94 -
NW_025965207.1_RagTag:15963-15268     -            232 13744at314147        -            466   1.1e-50  169.2  47.4   1   2   6.9e-23   1.3e-21   73.3  22.1   126   250     4   119     1   121 0.54 -
NW_025965207.1_RagTag:15963-15268     -            232 13744at314147        -            466   1.1e-50  169.2  47.4   2   2   2.6e-32   4.8e-31  104.4  18.4   125   250   114   231   113   232 0.94 -
contig_83186_pilon:3012-2101          -            304 13744at314147        -            466   4.6e-50  167.1  37.1   1   2   1.6e-42   2.9e-41  138.1  31.2   144   318     1   165     1   170 0.94 -
contig_83186_pilon:3012-2101          -            304 13744at314147        -            466   4.6e-50  167.1  37.1   2   2   2.3e-10   4.3e-09   32.1   0.3   141   194   249   298   234   303 0.55 -
NW_025965235.1_RagTag:121831-121217   -            205 13744at314147        -            466   1.7e-49  165.3  34.2   1   2     5e-35   9.4e-34  113.4  18.4   139   286     1   138     1   139 0.95 -
NW_025965235.1_RagTag:121831-121217   -            205 13744at314147        -            466   1.7e-49  165.3  34.2   2   2   9.3e-19   1.8e-17   59.7  11.1   126   207   128   205   128   205 0.95 -
contig_10836_pilon:117-731            -            205 13744at314147        -            466   6.2e-49  163.4  41.5   1   2   2.4e-22   4.5e-21   71.5  13.4   229   319     1    87     1    88 0.97 -
contig_10836_pilon:117-731            -            205 13744at314147        -            466   6.2e-49  163.4  41.5   2   2   5.7e-22   1.1e-20   70.3  10.2   126   207   128   205   127   205 0.96 -
contig_28105_pilon:1448-873           -            192 13744at314147        -            466   1.1e-48  162.6  24.8   1   1   3.7e-49   7.1e-48  159.9  24.8   117   318     3   192     1   192 0.96 -
NW_025965279.1_RagTag:157181-156552   -            210 13744at314147        -            466   1.2e-47  159.1  35.7   1   2   9.7e-24   1.8e-22   76.1   7.7   136   223     4    85     2    87 0.95 -
NW_025965279.1_RagTag:157181-156552   -            210 13744at314147        -            466   1.2e-47  159.1  35.7   2   2   7.8e-29   1.5e-27   92.9  22.1   155   295    77   209    76   210 0.95 -
NW_025965317.1_RagTag:1470246-1469449 -            266 13744at314147        -            466   2.3e-46  155.0  34.1   1   2   3.2e-29   6.1e-28   94.2  13.0   206   319    67   176    60   177 0.94 -
NW_025965317.1_RagTag:1470246-1469449 -            266 13744at314147        -            466   2.3e-46  155.0  34.1   2   2     2e-22   3.8e-21   71.8  11.0   229   324   174   265   172   266 0.95 -
contig_78026_pilon:1141-2283          -            381 13744at314147        -            466   3.2e-45  151.2  33.4   1   3     2e-09   3.7e-08   29.0   1.5   186   294     4   114     1   127 0.47 -
contig_78026_pilon:1141-2283          -            381 13744at314147        -            466   3.2e-45  151.2  33.4   2   3   1.4e-17   2.7e-16   55.8   8.7   205   317   146   252   142   269 0.89 -
contig_78026_pilon:1141-2283          -            381 13744at314147        -            466   3.2e-45  151.2  33.4   3   3   2.2e-24   4.1e-23   78.3   7.8   215   321   277   379   268   381 0.95 -
NW_025965250.1_RagTag:8965-9597       -            211 13744at314147        -            466   9.2e-45  149.6  29.0   1   2   3.4e-40   6.4e-39  130.4  23.6   136   319     5   178     2   179 0.96 -
NW_025965250.1_RagTag:8965-9597       -            211 13744at314147        -            466   9.2e-45  149.6  29.0   2   2     8e-09   1.5e-07   27.0   0.4   166   206   173   211   172   211 0.88 -
NW_025965341.1_RagTag:50520-49825     -            232 13744at314147        -            466   1.4e-44  149.0  33.2   1   2   5.1e-24   9.6e-23   77.0   7.2   231   319     6    90     2    91 0.96 -
NW_025965341.1_RagTag:50520-49825     -            232 13744at314147        -            466   1.4e-44  149.0  33.2   2   2   1.5e-25   2.7e-24   82.1  18.7   168   318    87   229    85   232 0.53 -
NW_025965127.1_RagTag:122624-122115   -            170 13744at314147        -            466     5e-44  147.2  25.1   1   2   1.3e-21   2.4e-20   69.1   5.3   233   312     2    77     1    79 0.95 -
NW_025965127.1_RagTag:122624-122115   -            170 13744at314147        -            466     5e-44  147.2  25.1   2   2   3.9e-28   7.4e-27   90.6  11.9   155   289    40   166    39   170 0.92 -
NW_025965341.1_RagTag:79016-79627     -            204 13744at314147        -            466   1.1e-43  146.1  31.7   1   2   2.9e-12   5.4e-11   38.3   5.1   259   319     1    59     1    60 0.97 -
NW_025965341.1_RagTag:79016-79627     -            204 13744at314147        -            466   1.1e-43  146.1  31.7   2   2   1.7e-36   3.2e-35  118.2  19.1   138   294    56   202    54   203 0.93 -
NW_025965190.1_RagTag:125753-126253   -            167 13744at314147        -            466   7.1e-42  140.1  23.8   1   1   5.6e-43     1e-41  139.6  23.8   136   309     1   164     1   167 0.96 -
NW_025965230.1_RagTag:917436-916915   -            174 13744at314147        -            466   1.3e-40  135.9  25.0   1   1   9.4e-42   1.8e-40  135.5  25.0   136   314     5   173     2   174 0.96 -
contig_53583_pilon:2102-1623          -            160 13744at314147        -            466   3.1e-40  134.7  22.3   1   1   3.3e-40   6.2e-39  130.4  22.3   135   301     4   160     1   160 0.92 -
NW_025965299.1_RagTag:2295-1810       -            162 13744at314147        -            466     2e-38  128.8  24.4   1   1   1.2e-39   2.3e-38  128.5  24.4   155   319     3   159     1   161 0.97 -
NW_025965341.1_RagTag:41589-41122     -            156 13744at314147        -            466   2.8e-37  125.0  17.6   1   1   1.8e-38   3.4e-37  124.7  17.6   160   319     3   154     1   156 0.91 -
NW_025965166.1_RagTag:131393-130962   -            144 13744at314147        -            466   5.6e-37  124.0  19.4   1   1   3.2e-38   6.1e-37  123.9  19.4   175   321     3   141     1   144 0.96 -
NW_025965301.1_RagTag:107837-107190   -            216 13744at314147        -            466     2e-36  122.1  17.1   1   2   4.3e-16     8e-15   50.9   0.5   236   319    25   107    12   107 0.90 -
NW_025965301.1_RagTag:107837-107190   -            216 13744at314147        -            466     2e-36  122.1  17.1   2   2   2.2e-24   4.2e-23   78.2  10.3   136   257   102   214    98   216 0.90 -
contig_43715_pilon:300-1181           -            294 13744at314147        -            466   2.6e-36  121.8  20.4   1   2   4.9e-26   9.3e-25   83.7  13.6   121   221     7    99     1   107 0.91 -
contig_43715_pilon:300-1181           -            294 13744at314147        -            466   2.6e-36  121.8  20.4   2   2   2.1e-13   3.9e-12   42.1   0.5   154   220   231   293   224   294 0.90 -
contig_31119_pilon:1895-1227          -            223 13744at314147        -            466   4.8e-36  120.9  24.0   1   2   5.4e-08     1e-06   24.2   2.5   231   289    17    72    12    72 0.89 -
contig_31119_pilon:1895-1227          -            223 13744at314147        -            466   4.8e-36  120.9  24.0   2   2   7.5e-26   1.4e-24   83.1  10.3   138   321    99   216    96   222 0.66 -
NW_025965071.1_RagTag:28250-28834     -            195 13744at314147        -            466   6.4e-36  120.5  34.4   1   1   7.3e-36   1.4e-34  116.1  30.4   126   311    17   192    17   195 0.96 -
contig_18339_pilon:770-1369           -            200 13744at314147        -            466   1.5e-35  119.3  21.1   1   2     1e-31   1.9e-30  102.4  17.1   135   262     3   122     1   134 0.91 -
contig_18339_pilon:770-1369           -            200 13744at314147        -            466   1.5e-35  119.3  21.1   2   2   5.1e-06   9.6e-05   17.7   0.1   137   162   173   196   157   200 0.55 -
NW_025965341.1_RagTag:91734-92261     -            176 13744at314147        -            466   1.6e-34  115.9  29.0   1   2   1.7e-32   3.2e-31  105.0  14.6   186   319     2   129     1   133 0.96 -
NW_025965341.1_RagTag:91734-92261     -            176 13744at314147        -            466   1.6e-34  115.9  29.0   2   2   3.2e-06   5.9e-05   18.4   9.1   258   308   126   174   123   176 0.94 -
NW_025965358.1_RagTag:7314-6859       -            152 13744at314147        -            466   1.5e-33  112.7  27.3   1   2   1.7e-31   3.2e-30  101.7  16.8   177   309     1   125     1   127 0.96 -
NW_025965358.1_RagTag:7314-6859       -            152 13744at314147        -            466   1.5e-33  112.7  27.3   2   2   1.2e-07   2.2e-06   23.1   2.7   126   160   120   152   119   152 0.93 -
NW_025965279.1_RagTag:80294-79764     -            177 13744at314147        -            466   7.5e-33  110.4  18.0   1   2   1.4e-15   2.6e-14   49.3   2.8   169   240     1    67     1    74 0.65 -
NW_025965279.1_RagTag:80294-79764     -            177 13744at314147        -            466   7.5e-33  110.4  18.0   2   2   5.2e-21   9.9e-20   67.1   7.5   166   243   104   177    94   177 0.94 -
NW_025965344.1_RagTag:2075-1647       -            143 13744at314147        -            466   2.7e-31  105.3  13.9   1   1   1.6e-32   3.1e-31  105.0  13.9   132   280     5   143     1   143 0.93 -
contig_44617_pilon:698-207            -            164 13744at314147        -            466   1.5e-30  102.8  14.2   1   1     8e-32   1.5e-30  102.8  14.2   134   259    42   160    29   163 0.90 -
NW_025965215.1_RagTag:353527-352538   -            180 13744at314147        -            466   3.5e-30  101.6  27.9   1   1   1.6e-30   3.1e-29   98.5  28.2   120   291    23   177    12   180 0.93 -
NW_025965279.1_RagTag:111843-48065    -            321 13744at314147        -            466   1.5e-29   99.5  28.6   1   3   1.9e-07   3.6e-06   22.4   2.5   171   272     3    97     1   103 0.84 -
NW_025965279.1_RagTag:111843-48065    -            321 13744at314147        -            466   1.5e-29   99.5  28.6   2   3     2e-15   3.7e-14   48.7   5.2   128   206   129   203   121   248 0.75 -
NW_025965279.1_RagTag:111843-48065    -            321 13744at314147        -            466   1.5e-29   99.5  28.6   3   3   5.8e-13   1.1e-11   40.6   5.2   147   216   256   319   246   321 0.87 -
NW_025965271.1_RagTag:643750-644226   -            159 13744at314147        -            466   2.8e-28   95.3  16.4   1   1   4.4e-19   8.3e-18   60.8   4.4   126   204    82   155    81   159 0.52 -
NW_025965341.1_RagTag:115056-115571   -            172 13744at314147        -            466   4.7e-28   94.6  21.2   1   2   1.4e-14   2.6e-13   46.0   4.2   261   321     1    59     1    69 0.95 -
NW_025965341.1_RagTag:115056-115571   -            172 13744at314147        -            466   4.7e-28   94.6  21.2   2   2   6.4e-17   1.2e-15   53.6   9.6   186   291    70   169    63   172 0.70 -
NW_025965277.1_RagTag:46400-46999     -            200 13744at314147        -            466   2.2e-27   92.3  25.1   1   1     2e-27   3.9e-26   88.2  24.7   123   320    13   198     2   199 0.88 -
NW_025965442.1_RagTag:53274-52825     -            150 13744at314147        -            466   1.1e-26   90.1  21.4   1   1   6.9e-28   1.3e-26   89.8  21.4   157   312     1   148     1   150 0.74 -
NW_025965039.1_RagTag:271870-271352   -            173 13744at314147        -            466   5.6e-26   87.7  10.0   1   1   4.3e-27   8.1e-26   87.2  10.0   142   271    52   173    41   173 0.54 -
NW_025965271.1_RagTag:644682-645221   -            180 13744at314147        -            466   1.9e-24   82.7   9.6   1   2   2.1e-07     4e-06   22.3   0.1   136   207     4    42     1    74 0.54 -
NW_025965271.1_RagTag:644682-645221   -            180 13744at314147        -            466   1.9e-24   82.7   9.6   2   2   7.5e-20   1.4e-18   63.3   4.9   138   206   116   180   107   180 0.93 -
contig_52188_pilon:2135-1716          -            140 13744at314147        -            466   4.5e-23   78.1  10.9   1   1   1.2e-19   2.3e-18   62.6   3.5   137   208    73   140    64   140 0.76 -
contig_81532_pilon:2154-1714          -            147 13744at314147        -            466   2.4e-22   75.7  24.5   1   2   1.8e-08   3.3e-07   25.8   7.3   267   331     6    68     1    70 0.85 -
contig_81532_pilon:2154-1714          -            147 13744at314147        -            466   2.4e-22   75.7  24.5   2   2   6.6e-18   1.2e-16   56.9  10.6   119   206    66   147    62   147 0.65 -
NW_025965028.1_RagTag:357538-358857   -            372 13744at314147        -            466   2.5e-20   69.1  12.2   1   1   2.1e-21     4e-20   68.4  12.2   123   236   265   372   255   372 0.83 -
NW_025965233.1_RagTag:201413-205146   -            387 13744at314147        -            466   1.9e-17   59.6  21.7   1   2   1.8e-12   3.3e-11   39.0   9.8   237   323   211   292   205   317 0.79 -
NW_025965233.1_RagTag:201413-205146   -            387 13744at314147        -            466   1.9e-17   59.6  21.7   2   2   1.1e-08   2.2e-07   26.4   4.1   154   208   324   376   311   384 0.89 -
NW_025965071.1_RagTag:28831-29067     -             79 13744at314147        -            466   1.1e-16   57.0   7.8   1   1   7.1e-18   1.3e-16   56.8   7.8   169   242     4    73     2    78 0.85 -
NW_025965468.1_RagTag:9888-9637       -             84 13744at314147        -            466   8.5e-14   47.6   2.6   1   2     7e-10   1.3e-08   30.4   0.4   276   320     1    45     1    46 0.97 -
NW_025965468.1_RagTag:9888-9637       -             84 13744at314147        -            466   8.5e-14   47.6   2.6   2   2   5.9e-08   1.1e-06   24.1   0.3   139   181    42    81    42    84 0.91 -
NW_025965200.1_RagTag:17859-18600     -            178 13744at314147        -            466   2.5e-13   46.0   0.1   1   1   1.6e-14   3.1e-13   45.7   0.1   180   281    74   174    64   177 0.82 -
NW_025965297.1_RagTag:263440-264639   -            299 13744at314147        -            466   2.2e-11   39.6   0.6   1   2   1.2e-12   2.2e-11   39.6   0.6   121   202    74   149    60   202 0.78 -
NW_025965297.1_RagTag:263440-264639   -            299 13744at314147        -            466   2.2e-11   39.6   0.6   2   2      0.19       3.5    2.6   1.3   244   276   249   281   237   297 0.70 -
NW_025965374.1_RagTag:84617-82386     -            744 13744at314147        -            466     6e-11   38.2  47.0   1   4   8.2e-06   0.00015   17.0  10.0   155   272     8    63     1   157 0.36 -
NW_025965374.1_RagTag:84617-82386     -            744 13744at314147        -            466     6e-11   38.2  47.0   2   4     0.053         1    4.5   5.7   208   330   218   358   202   420 0.68 -
NW_025965374.1_RagTag:84617-82386     -            744 13744at314147        -            466     6e-11   38.2  47.0   3   4   8.5e-05    0.0016   13.7   1.1   242   319   443   522   372   528 0.85 -
NW_025965374.1_RagTag:84617-82386     -            744 13744at314147        -            466     6e-11   38.2  47.0   4   4   1.9e-05   0.00036   15.8   7.1   118   203   559   639   536   652 0.77 -
NW_025965324.1_RagTag:667565-665169   -            506 13744at314147        -            466   3.3e-08   29.1   3.6   1   1   2.9e-09   5.4e-08   28.4   3.6   155   202     3    48     1    54 0.89 -
NW_025965281.1_RagTag:529223-527331   -            631 13744at314147        -            466   1.1e-06   24.1  13.1   1   3       4.1        77   -1.7   0.0    73   118    65   110    36   119 0.77 -
NW_025965281.1_RagTag:529223-527331   -            631 13744at314147        -            466   1.1e-06   24.1  13.1   2   3   1.3e-05   0.00025   16.3   5.4   150   308   343   497   334   502 0.83 -
NW_025965281.1_RagTag:529223-527331   -            631 13744at314147        -            466   1.1e-06   24.1  13.1   3   3   7.6e-05    0.0014   13.8   0.6   126   172   493   537   492   558 0.91 -
NW_025965054.1_RagTag:37673-36246     -            327 13744at314147        -            466   1.5e-06   23.7  18.3   1   2      0.69        13    0.8   0.4   299   320    39    60    32    67 0.78 -
NW_025965054.1_RagTag:37673-36246     -            327 13744at314147        -            466   1.5e-06   23.7  18.3   2   2   7.8e-08   1.5e-06   23.7  18.3   102   317    65   274    57   282 0.79 -
NW_025965341.1_RagTag:108306-108962   -            219 13744at314147        -            466   2.1e-06   23.2  10.0   1   2    0.0014     0.027    9.6   3.7   219   330     6   114     2   139 0.70 -
NW_025965341.1_RagTag:108306-108962   -            219 13744at314147        -            466   2.1e-06   23.2  10.0   2   2   9.7e-06   0.00018   16.8   4.4   177   308    82   206    80   216 0.76 -
NW_025965259.1_RagTag:163961-162513   -            483 13744at314147        -            466   1.4e-05   20.5   2.5   1   1   7.4e-07   1.4e-05   20.5   2.5   142   216   408   476   400   482 0.81 -
NW_025965182.1_RagTag:1739377-1739874 -            166 13744at314147        -            466   3.2e-05   19.3   6.0   1   1     2e-06   3.7e-05   19.1   6.0   169   297    36   164    15   166 0.71 -
NW_025965375.1_RagTag:140298-139846   -            151 13744at314147        -            466    0.0072   11.5  10.8   1   2   0.00069     0.013   10.7   6.1   285   320    33    68    10    95 0.62 -
NW_025965375.1_RagTag:140298-139846   -            151 13744at314147        -            466    0.0072   11.5  10.8   2   2     0.041      0.78    4.8   1.8   139   234    65   148    62   151 0.64 -
#
# Program:         hmmsearch
# Version:         3.1b2 (February 2015)
# Pipeline mode:   SEARCH
# Query file:      /home/bgerda/guppy_SUP/busco_downloads/lineages/glires_odb10/hmms/13744at314147.hmm
# Target file:     /home/bgerda/guppy_SUP/busco_results/run_glires_odb10/metaeuk_output/initial_results/ragtag.scaffold.fasta.modified.fas
# Option settings: hmmsearch --domtblout /home/bgerda/guppy_SUP/busco_results/run_glires_odb10/hmmer_output/initial_run_results/13744at314147.out --cpu 1 /home/bgerda/guppy_SUP/busco_downloads/lineages/glires_odb10/hmms/13744at314147.hmm /home/bgerda/guppy_SUP/busco_results/run_glires_odb10/metaeuk_output/initial_results/ragtag.scaffold.fasta.modified.fas 
# Current dir:     /home/bgerda/guppy_SUP
# Date:            Sun May 21 15:02:15 2023
# [ok]
