#                                                                                             --- full sequence --- -------------- this domain -------------   hmm coord   ali coord   env coord
# target name                         accession   tlen query name           accession   qlen   E-value  score  bias   #  of  c-Evalue  i-Evalue  score  bias  from    to  from    to  from    to  acc description of target
#                 ------------------- ---------- ----- -------------------- ---------- ----- --------- ------ ----- --- --- --------- --------- ------ ----- ----- ----- ----- ----- ----- ----- ---- ---------------------
contig_66008_pilon:1767-2642          -            292 14334at314147        -            478   1.2e-53  178.7   0.0   1   1   2.5e-55   1.5e-53  178.3   0.0     3   238    12   242    10   252 0.96 -
contig_31429_pilon:267-1247           -            327 14334at314147        -            478   9.8e-49  162.4   0.5   1   1     2e-50   1.2e-48  162.1   0.5     3   240    32   267    30   282 0.94 -
NW_025965499.1_RagTag:3945-3043       -            301 14334at314147        -            478   1.9e-48  161.5   0.1   1   1   3.5e-50   2.2e-48  161.3   0.1     6   236    24   250    19   296 0.95 -
NW_025965099.1_RagTag:15127-16038     -            304 14334at314147        -            478   2.2e-47  158.0   0.4   1   1   4.4e-49   2.7e-47  157.7   0.4     5   236    50   277    46   289 0.95 -
NW_025965233.1_RagTag:125981-124584   -            466 14334at314147        -            478   3.4e-47  157.4   0.0   1   1   7.3e-49   4.5e-47  157.0   0.0    30   253    50   273    28   303 0.91 -
contig_37224_pilon:1702-2604          -            301 14334at314147        -            478   9.1e-47  156.0   0.1   1   1   1.8e-48   1.1e-46  155.7   0.1     3   238    29   260    27   274 0.96 -
contig_34501_pilon:2309-1602          -            236 14334at314147        -            478     1e-25   86.5   0.0   1   1   1.8e-27   1.1e-25   86.4   0.0    58   218     1   161     1   201 0.90 -
NW_025965321.1_RagTag:4470492-4469881 -            204 14334at314147        -            478   4.1e-24   81.2   0.0   1   1   8.1e-26     5e-24   81.0   0.0     1   175    21   197    21   203 0.86 -
NW_025965218.1_RagTag:1686086-1683921 -            316 14334at314147        -            478     2e-23   79.0   0.0   1   1   4.6e-25   2.8e-23   78.5   0.0   134   296   103   271    86   288 0.83 -
contig_83342_pilon:1438-911           -            176 14334at314147        -            478   3.9e-21   71.4   0.0   1   1   7.1e-23   4.3e-21   71.3   0.0    80   224     2   146     1   167 0.92 -
contig_34309_pilon:451-104            -            116 14334at314147        -            478   1.3e-20   69.7   0.0   1   1   2.3e-22   1.4e-20   69.6   0.0    66   178     3   115     1   116 0.97 -
NW_025965279.1_RagTag:90332-90961     -            210 14334at314147        -            478   2.4e-18   62.2   0.0   1   1   5.3e-20   3.2e-18   61.8   0.0    85   176    27   117    12   153 0.89 -
contig_18707_pilon:1357-1884          -            176 14334at314147        -            478   1.5e-16   56.3   0.0   1   1   2.7e-18   1.7e-16   56.2   0.0    81   218     3   140     1   151 0.92 -
NW_025965548.1_RagTag:8826-1842       -            515 14334at314147        -            478   3.1e-15   52.0   0.0   1   1     8e-17   4.9e-15   51.3   0.0    32   197   282   466   267   502 0.83 -
NW_025965256.1_RagTag:50814-50329     -            106 14334at314147        -            478   9.1e-13   43.8   0.0   1   1   1.5e-14   9.1e-13   43.8   0.0    79   138    38    98     1   104 0.77 -
NW_025965287.1_RagTag:80326-81575     -            357 14334at314147        -            478   6.1e-10   34.5   0.0   1   1   1.4e-11   8.6e-10   34.0   0.0    88   182    44   144    32   152 0.80 -
NW_025965072.1_RagTag:101265-98982    -            329 14334at314147        -            478   1.7e-09   33.1   1.2   1   2   2.7e-05    0.0017   13.3   0.1    28   110    10    92     3   119 0.85 -
NW_025965072.1_RagTag:101265-98982    -            329 14334at314147        -            478   1.7e-09   33.1   1.2   2   2   6.3e-07   3.9e-05   18.7   0.1   141   182   195   240   187   245 0.80 -
NW_025965313.1_RagTag:91092-92403     -            211 14334at314147        -            478   2.6e-09   32.4   0.0   1   1     5e-11   3.1e-09   32.2   0.0    44   161    91   209    77   211 0.78 -
NW_025965240.1_RagTag:98637-94667     -            305 14334at314147        -            478   7.8e-09   30.9   0.6   1   1   1.6e-10   9.8e-09   30.5   0.6    31   109   227   305   215   305 0.92 -
NW_025965309.1_RagTag:3535833-3533111 -            326 14334at314147        -            478   5.5e-07   24.8   0.0   1   1   1.4e-08   8.8e-07   24.1   0.0    28   176   146   315   123   323 0.73 -
NW_025965401.1_RagTag:66150-68190     -            216 14334at314147        -            478   0.00048   15.1   0.0   1   1   1.2e-05   0.00072   14.5   0.0    85   198    21   143     8   152 0.74 -
NW_025965352.1_RagTag:113601-115367   -            318 14334at314147        -            478   0.00084   14.3   0.0   1   1   1.7e-05     0.001   14.0   0.0   132   226   203   304    60   314 0.78 -
NW_025965302.1_RagTag:53451-54005     -            109 14334at314147        -            478    0.0043   11.9   0.3   1   1     8e-05    0.0049   11.7   0.3   152   221    36   105    20   108 0.89 -
#
# Program:         hmmsearch
# Version:         3.1b2 (February 2015)
# Pipeline mode:   SEARCH
# Query file:      /home/bgerda/guppy_SUP/busco_downloads/lineages/glires_odb10/hmms/14334at314147.hmm
# Target file:     /home/bgerda/guppy_SUP/busco_results/run_glires_odb10/metaeuk_output/initial_results/ragtag.scaffold.fasta.modified.fas
# Option settings: hmmsearch --domtblout /home/bgerda/guppy_SUP/busco_results/run_glires_odb10/hmmer_output/initial_run_results/14334at314147.out --cpu 1 /home/bgerda/guppy_SUP/busco_downloads/lineages/glires_odb10/hmms/14334at314147.hmm /home/bgerda/guppy_SUP/busco_results/run_glires_odb10/metaeuk_output/initial_results/ragtag.scaffold.fasta.modified.fas 
# Current dir:     /home/bgerda/guppy_SUP
# Date:            Sun May 21 15:02:16 2023
# [ok]
