#                                                                                             --- full sequence --- -------------- this domain -------------   hmm coord   ali coord   env coord
# target name                         accession   tlen query name           accession   qlen   E-value  score  bias   #  of  c-Evalue  i-Evalue  score  bias  from    to  from    to  from    to  acc description of target
#                 ------------------- ---------- ----- -------------------- ---------- ----- --------- ------ ----- --- --- --------- --------- ------ ----- ----- ----- ----- ----- ----- ----- ---- ---------------------
NW_025965099.1_RagTag:15127-16038     -            304 15431at314147        -            463     2e-25   85.7   0.1   1   1   3.9e-27   2.5e-25   85.3   0.1   285   415    97   228    72   258 0.88 -
NW_025965499.1_RagTag:3945-3043       -            301 15431at314147        -            463   7.8e-25   83.7   0.0   1   1   1.6e-26     1e-24   83.4   0.0   285   426    70   211    36   224 0.89 -
contig_34501_pilon:2309-1602          -            236 15431at314147        -            463   5.6e-24   80.9   0.0   1   1     1e-25   6.7e-24   80.6   0.0   288   425     2   140     1   161 0.90 -
NW_025965279.1_RagTag:90332-90961     -            210 15431at314147        -            463   3.7e-20   68.3   0.0   1   1   7.4e-22   4.7e-20   68.0   0.0   312   411    26   124    21   145 0.92 -
contig_37224_pilon:1702-2604          -            301 15431at314147        -            463   3.8e-20   68.3   0.0   1   1   7.6e-22   4.9e-20   67.9   0.0   283   410    76   204    43   212 0.87 -
NW_025965233.1_RagTag:125981-124584   -            466 15431at314147        -            463     1e-19   66.8   0.0   1   1   2.2e-21   1.4e-19   66.4   0.0   286   421    77   215    56   238 0.85 -
contig_83342_pilon:1438-911           -            176 15431at314147        -            463   6.3e-19   64.3   0.0   1   1   1.1e-20   7.3e-19   64.0   0.0   321   428    15   122     3   147 0.86 -
contig_34309_pilon:451-104            -            116 15431at314147        -            463     9e-18   60.4   0.0   1   1   1.4e-19   9.2e-18   60.4   0.0   298   406     6   115     1   116 0.86 -
contig_66008_pilon:1767-2642          -            292 15431at314147        -            463   3.2e-17   58.6   0.0   1   1   5.8e-19   3.7e-17   58.4   0.0   283   415    58   190    31   235 0.83 -
contig_31429_pilon:267-1247           -            327 15431at314147        -            463   1.3e-16   56.6   0.0   1   1   2.7e-18   1.7e-16   56.2   0.0   283   411    79   208    52   226 0.85 -
contig_18707_pilon:1357-1884          -            176 15431at314147        -            463     5e-16   54.7   0.0   1   1   9.5e-18   6.1e-16   54.4   0.0   321   425    15   119     7   136 0.89 -
NW_025965321.1_RagTag:4470492-4469881 -            204 15431at314147        -            463   2.3e-15   52.5   0.0   1   1   4.3e-17   2.8e-15   52.2   0.0   255   408    44   202    24   204 0.82 -
NW_025965548.1_RagTag:8826-1842       -            515 15431at314147        -            463   4.4e-15   51.6   0.0   1   1   1.4e-16   8.8e-15   50.6   0.0   269   410   290   451   248   472 0.76 -
NW_025965313.1_RagTag:91092-92403     -            211 15431at314147        -            463   5.9e-10   34.7   0.0   1   1   1.1e-11   6.8e-10   34.5   0.0   285   385   104   204    53   210 0.77 -
NW_025965401.1_RagTag:66150-68190     -            216 15431at314147        -            463   1.1e-09   33.8   0.0   1   1   2.4e-11   1.5e-09   33.3   0.0   307   412    15   129     3   143 0.77 -
NW_025965287.1_RagTag:80326-81575     -            357 15431at314147        -            463   1.8e-09   33.1   0.0   1   1   3.8e-11   2.4e-09   32.6   0.0   312   412    40   146    27   155 0.81 -
NW_025965309.1_RagTag:3535833-3533111 -            326 15431at314147        -            463   1.2e-08   30.3   0.0   1   1   3.8e-10   2.4e-08   29.3   0.0   270   409   159   321   126   324 0.66 -
NW_025965256.1_RagTag:50814-50329     -            106 15431at314147        -            463   2.1e-08   29.5   0.0   1   1   3.3e-10   2.1e-08   29.5   0.0   307   365    38    96    13   105 0.83 -
NW_025965072.1_RagTag:101265-98982    -            329 15431at314147        -            463   1.2e-06   23.8   0.0   1   2   0.00049     0.031    9.2   0.0   268   336    22    90     7   119 0.74 -
NW_025965072.1_RagTag:101265-98982    -            329 15431at314147        -            463   1.2e-06   23.8   0.0   2   2   5.2e-05    0.0033   12.4   0.0   372   411   197   241   192   246 0.82 -
NW_025965334.1_RagTag:180562-180416   -             49 15431at314147        -            463   7.1e-05   17.9   0.4   1   1   1.2e-06   7.4e-05   17.9   0.4   375   412     5    43     2    48 0.88 -
NW_025965218.1_RagTag:1686086-1683921 -            316 15431at314147        -            463   0.00014   16.9   0.1   1   2     4e-06   0.00026   16.1   0.0   368   415   108   156    87   178 0.86 -
NW_025965218.1_RagTag:1686086-1683921 -            316 15431at314147        -            463   0.00014   16.9   0.1   2   2       4.5   2.9e+02   -3.9   0.0    40    56   289   307   280   311 0.67 -
NW_025965301.1_RagTag:74352-72604     -            308 15431at314147        -            463    0.0013   13.7   0.0   1   1   3.4e-05    0.0022   13.0   0.0   371   407   165   201   143   214 0.84 -
#
# Program:         hmmsearch
# Version:         3.1b2 (February 2015)
# Pipeline mode:   SEARCH
# Query file:      /home/bgerda/guppy_SUP/busco_downloads/lineages/glires_odb10/hmms/15431at314147.hmm
# Target file:     /home/bgerda/guppy_SUP/busco_results/run_glires_odb10/metaeuk_output/initial_results/ragtag.scaffold.fasta.modified.fas
# Option settings: hmmsearch --domtblout /home/bgerda/guppy_SUP/busco_results/run_glires_odb10/hmmer_output/initial_run_results/15431at314147.out --cpu 1 /home/bgerda/guppy_SUP/busco_downloads/lineages/glires_odb10/hmms/15431at314147.hmm /home/bgerda/guppy_SUP/busco_results/run_glires_odb10/metaeuk_output/initial_results/ragtag.scaffold.fasta.modified.fas 
# Current dir:     /home/bgerda/guppy_SUP
# Date:            Sun May 21 15:02:14 2023
# [ok]
