#                                                                                             --- full sequence --- -------------- this domain -------------   hmm coord   ali coord   env coord
# target name                         accession   tlen query name           accession   qlen   E-value  score  bias   #  of  c-Evalue  i-Evalue  score  bias  from    to  from    to  from    to  acc description of target
#                 ------------------- ---------- ----- -------------------- ---------- ----- --------- ------ ----- --- --- --------- --------- ------ ----- ----- ----- ----- ----- ----- ----- ---- ---------------------
NW_025965287.1_RagTag:858012-856924   -            363 1570at314147         -           1346     4e-37  123.3   3.7   1   3   9.6e-20     1e-17   59.0   0.0   230   388    20   179    14   183 0.96 -
NW_025965287.1_RagTag:858012-856924   -            363 1570at314147         -           1346     4e-37  123.3   3.7   2   3   9.1e-15   9.9e-13   42.5   1.1   275   388   161   275   160   278 0.93 -
NW_025965287.1_RagTag:858012-856924   -            363 1570at314147         -           1346     4e-37  123.3   3.7   3   3   1.3e-11   1.4e-09   32.1   0.1   261   354   267   361   266   363 0.90 -
NW_025965324.1_RagTag:3938932-3938213 -            240 1570at314147         -           1346   6.7e-25   82.9   0.0   1   1   7.8e-27   8.4e-25   82.5   0.0   229   406    49   228    40   237 0.92 -
NW_025965301.1_RagTag:575267-573763   -            499 1570at314147         -           1346   2.4e-23   77.7   7.2   1   2   1.6e-12   1.7e-10   35.1   0.4   686   787    14   118     2   121 0.86 -
NW_025965301.1_RagTag:575267-573763   -            499 1570at314147         -           1346   2.4e-23   77.7   7.2   2   2   3.4e-18   3.7e-16   53.9   1.6   264   422    61   222    40   232 0.90 -
NW_025965287.1_RagTag:860203-859628   -            192 1570at314147         -           1346   2.1e-22   74.6   0.1   1   1   2.5e-24   2.7e-22   74.2   0.1   227   390    22   187    13   189 0.89 -
NW_025965230.1_RagTag:742736-743209   -            158 1570at314147         -           1346   6.2e-20   66.4   0.3   1   1   6.8e-22   7.4e-20   66.2   0.3   231   375     5   152     2   156 0.94 -
NW_025965287.1_RagTag:857982-857449   -            178 1570at314147         -           1346     1e-18   62.3   0.0   1   1   1.2e-20   1.3e-18   62.0   0.0   230   389    10   170     5   173 0.97 -
NW_025965319.1_RagTag:988433-986536   -            511 1570at314147         -           1346   3.8e-16   53.9   0.0   1   1   4.8e-18   5.2e-16   53.4   0.0   455   618    47   217    37   232 0.87 -
NW_025965212.1_RagTag:132804-134521   -            174 1570at314147         -           1346   4.5e-13   43.7   2.8   1   2   3.2e-09   3.5e-07   24.2   0.1   320   390     5    75     1    91 0.57 -
NW_025965212.1_RagTag:132804-134521   -            174 1570at314147         -           1346   4.5e-13   43.7   2.8   2   2   6.5e-10   7.1e-08   26.5   0.3   270   370    50   152    49   165 0.90 -
NW_025965304.1_RagTag:261729-259519   -            737 1570at314147         -           1346   2.8e-12   41.0  19.1   1   4   0.00049     0.054    7.0   0.3   302   365     1    64     1    67 0.73 -
NW_025965304.1_RagTag:261729-259519   -            737 1570at314147         -           1346   2.8e-12   41.0  19.1   2   4   8.5e-07   9.2e-05   16.1   1.0   686   783    37   139    34   158 0.80 -
NW_025965304.1_RagTag:261729-259519   -            737 1570at314147         -           1346   2.8e-12   41.0  19.1   3   4    0.0026      0.28    4.6   0.8   727   793   326   393   301   402 0.63 -
NW_025965304.1_RagTag:261729-259519   -            737 1570at314147         -           1346   2.8e-12   41.0  19.1   4   4   5.1e-10   5.6e-08   26.8   2.2   710   844   381   523   376   533 0.83 -
NW_025965140.1_RagTag:200165-201226   -            354 1570at314147         -           1346   1.5e-10   35.4   0.1   1   2     6e-09   6.6e-07   23.3   0.0   242   369    42   173    24   206 0.76 -
NW_025965140.1_RagTag:200165-201226   -            354 1570at314147         -           1346   1.5e-10   35.4   0.1   2   2   8.5e-05    0.0093    9.5   0.0   262   339   209   289   195   315 0.78 -
NW_025965028.1_RagTag:60583-61173     -            197 1570at314147         -           1346   2.2e-08   28.1   1.3   1   1   4.1e-10   4.4e-08   27.1   0.9   686   769   102   186    89   191 0.88 -
NW_025965131.1_RagTag:179495-179217   -             93 1570at314147         -           1346   0.00018   15.2   0.0   1   1   1.7e-06   0.00018   15.2   0.0   358   428     4    75     1    89 0.83 -
NW_025965182.1_RagTag:216762-217571   -            270 1570at314147         -           1346   0.00061   13.4   0.1   1   1   6.9e-06   0.00075   13.1   0.1   268   367    42   151    22   157 0.78 -
#
# Program:         hmmsearch
# Version:         3.1b2 (February 2015)
# Pipeline mode:   SEARCH
# Query file:      /home/bgerda/guppy_SUP/busco_downloads/lineages/glires_odb10/hmms/1570at314147.hmm
# Target file:     /home/bgerda/guppy_SUP/busco_results/run_glires_odb10/metaeuk_output/initial_results/ragtag.scaffold.fasta.modified.fas
# Option settings: hmmsearch --domtblout /home/bgerda/guppy_SUP/busco_results/run_glires_odb10/hmmer_output/initial_run_results/1570at314147.out --cpu 1 /home/bgerda/guppy_SUP/busco_downloads/lineages/glires_odb10/hmms/1570at314147.hmm /home/bgerda/guppy_SUP/busco_results/run_glires_odb10/metaeuk_output/initial_results/ragtag.scaffold.fasta.modified.fas 
# Current dir:     /home/bgerda/guppy_SUP
# Date:            Sun May 21 15:02:16 2023
# [ok]
