#                                                                                             --- full sequence --- -------------- this domain -------------   hmm coord   ali coord   env coord
# target name                         accession   tlen query name           accession   qlen   E-value  score  bias   #  of  c-Evalue  i-Evalue  score  bias  from    to  from    to  from    to  acc description of target
#                 ------------------- ---------- ----- -------------------- ---------- ----- --------- ------ ----- --- --- --------- --------- ------ ----- ----- ----- ----- ----- ----- ----- ---- ---------------------
NW_025965317.1_RagTag:5073578-5074888 -            437 15915at314147        -            484   9.5e-74  244.6   4.4   1   1   5.5e-73   1.3e-70  234.3   4.4   143   423     8   262     4   322 0.83 -
NW_025965175.1_RagTag:620939-621454   -            172 15915at314147        -            484   2.7e-35  117.8   0.4   1   1   1.4e-37   3.4e-35  117.5   0.4   206   355     9   169     2   172 0.85 -
NW_025965223.1_RagTag:193577-192951   -            209 15915at314147        -            484     7e-08   27.4   0.1   1   3   3.9e-08   9.2e-06   20.4   0.0    13   102     2   105     1   109 0.73 -
NW_025965223.1_RagTag:193577-192951   -            209 15915at314147        -            484     7e-08   27.4   0.1   2   3      0.28        67   -2.2   0.0   169   189   145   165   142   170 0.90 -
NW_025965223.1_RagTag:193577-192951   -            209 15915at314147        -            484     7e-08   27.4   0.1   3   3     0.018       4.3    1.7   0.0   123   144   172   193   148   209 0.82 -
NW_025965190.1_RagTag:122555-120468   -            202 15915at314147        -            484   9.7e-06   20.3   0.2   1   1   4.2e-08   9.8e-06   20.3   0.2   312   376   135   198    80   202 0.83 -
NW_025965319.1_RagTag:4812986-4812399 -            196 15915at314147        -            484   0.00047   14.8   0.1   1   1   2.4e-06   0.00057   14.5   0.1    11    73     4    67     1    95 0.83 -
NW_025965321.1_RagTag:3069947-3071366 -            257 15915at314147        -            484    0.0053   11.3   0.0   1   1   3.3e-05    0.0079   10.7   0.0   142   224    42   126    36   134 0.75 -
#
# Program:         hmmsearch
# Version:         3.1b2 (February 2015)
# Pipeline mode:   SEARCH
# Query file:      /home/bgerda/guppy_SUP/busco_downloads/lineages/glires_odb10/hmms/15915at314147.hmm
# Target file:     /home/bgerda/guppy_SUP/busco_results/run_glires_odb10/metaeuk_output/initial_results/ragtag.scaffold.fasta.modified.fas
# Option settings: hmmsearch --domtblout /home/bgerda/guppy_SUP/busco_results/run_glires_odb10/hmmer_output/initial_run_results/15915at314147.out --cpu 1 /home/bgerda/guppy_SUP/busco_downloads/lineages/glires_odb10/hmms/15915at314147.hmm /home/bgerda/guppy_SUP/busco_results/run_glires_odb10/metaeuk_output/initial_results/ragtag.scaffold.fasta.modified.fas 
# Current dir:     /home/bgerda/guppy_SUP
# Date:            Sun May 21 15:02:16 2023
# [ok]
