#                                                                                             --- full sequence --- -------------- this domain -------------   hmm coord   ali coord   env coord
# target name                         accession   tlen query name           accession   qlen   E-value  score  bias   #  of  c-Evalue  i-Evalue  score  bias  from    to  from    to  from    to  acc description of target
#                 ------------------- ---------- ----- -------------------- ---------- ----- --------- ------ ----- --- --- --------- --------- ------ ----- ----- ----- ----- ----- ----- ----- ---- ---------------------
NW_025965287.1_RagTag:1528602-1528006 -            199 18160at314147        -            294   1.5e-08   30.8   4.7   1   2   3.7e-07   0.00013   17.8   0.1   102   174     2    73     1    87 0.85 -
NW_025965287.1_RagTag:1528602-1528006 -            199 18160at314147        -            294   1.5e-08   30.8   4.7   2   2   3.3e-08   1.2e-05   21.3   1.0    14   151    37   180    36   194 0.78 -
NW_025965114.1_RagTag:29739-29566     -             58 18160at314147        -            294   9.5e-05   18.3   0.0   1   1   2.9e-07    0.0001   18.2   0.0   140   176     9    45     4    52 0.90 -
contig_13085_pilon:902-109            -            219 18160at314147        -            294   0.00016   17.5   1.1   1   3   2.1e-05    0.0074   12.1   0.5    96   176    33   108    18   112 0.82 -
contig_13085_pilon:902-109            -            219 18160at314147        -            294   0.00016   17.5   1.1   2   3     0.016       5.7    2.6   0.0    94   126   111   142   106   151 0.80 -
contig_13085_pilon:902-109            -            219 18160at314147        -            294   0.00016   17.5   1.1   3   3      0.21        76   -1.1   0.0    14    39   183   211   174   217 0.72 -
NW_025965271.1_RagTag:643750-644226   -            159 18160at314147        -            294      0.11    8.2   8.3   1   2    0.0053       1.9    4.2   0.8   189   233    50    95    32   103 0.74 -
NW_025965271.1_RagTag:643750-644226   -            159 18160at314147        -            294      0.11    8.2   8.3   2   2   0.00056       0.2    7.4   1.0   189   225   106   143    99   154 0.87 -
#
# Program:         hmmsearch
# Version:         3.1b2 (February 2015)
# Pipeline mode:   SEARCH
# Query file:      /home/bgerda/guppy_SUP/busco_downloads/lineages/glires_odb10/hmms/18160at314147.hmm
# Target file:     /home/bgerda/guppy_SUP/busco_results/run_glires_odb10/metaeuk_output/initial_results/ragtag.scaffold.fasta.modified.fas
# Option settings: hmmsearch --domtblout /home/bgerda/guppy_SUP/busco_results/run_glires_odb10/hmmer_output/initial_run_results/18160at314147.out --cpu 1 /home/bgerda/guppy_SUP/busco_downloads/lineages/glires_odb10/hmms/18160at314147.hmm /home/bgerda/guppy_SUP/busco_results/run_glires_odb10/metaeuk_output/initial_results/ragtag.scaffold.fasta.modified.fas 
# Current dir:     /home/bgerda/guppy_SUP
# Date:            Sun May 21 15:02:16 2023
# [ok]
