#                                                                                             --- full sequence --- -------------- this domain -------------   hmm coord   ali coord   env coord
# target name                         accession   tlen query name           accession   qlen   E-value  score  bias   #  of  c-Evalue  i-Evalue  score  bias  from    to  from    to  from    to  acc description of target
#                 ------------------- ---------- ----- -------------------- ---------- ----- --------- ------ ----- --- --- --------- --------- ------ ----- ----- ----- ----- ----- ----- ----- ---- ---------------------
NW_025965324.1_RagTag:3261743-3254525 -            264 1at314147            -          27476  2.2e-175  579.3   9.6   1   2     6e-54   3.7e-52  170.0   3.7 12918 13001     1    84     1    85 0.99 -
NW_025965324.1_RagTag:3261743-3254525 -            264 1at314147            -          27476  2.2e-175  579.3   9.6   2   2  1.7e-127  1.1e-125  414.3   0.4 24310 24490    84   264    84   264 1.00 -
NW_025965324.1_RagTag:3257588-3256989 -            200 1at314147            -          27476  4.9e-125  412.1   3.0   1   1  9.5e-127  5.8e-125  411.9   3.0 14198 14380     1   183     1   189 0.99 -
NW_025965166.1_RagTag:67012-68744     -            208 1at314147            -          27476   6.8e-31   99.4   0.1   1   1   1.4e-32   8.4e-31   99.1   0.1 13897 14081    19   201     6   206 0.93 -
NW_025965099.1_RagTag:15127-16038     -            304 1at314147            -          27476   5.3e-26   83.2   0.0   1   1   1.1e-27   6.5e-26   82.9   0.0 25423 25688    22   282     5   293 0.90 -
NW_025965499.1_RagTag:3945-3043       -            301 1at314147            -          27476   1.3e-25   81.8   0.0   1   1   2.4e-27   1.5e-25   81.7   0.0 25433 25693     5   260     1   287 0.90 -
contig_37224_pilon:1702-2604          -            301 1at314147            -          27476   2.5e-25   80.9   0.1   1   1   4.2e-27   2.6e-25   80.9   0.1 25426 25635     6   214     1   267 0.91 -
contig_66008_pilon:1767-2642          -            292 1at314147            -          27476   1.7e-22   71.5   0.0   1   1   3.6e-24   2.2e-22   71.1   0.0 25457 25687    19   244    10   257 0.92 -
contig_31429_pilon:267-1247           -            327 1at314147            -          27476   6.7e-20   62.9   0.1   1   1   1.3e-21     8e-20   62.6   0.1 25424 25685     7   265     1   268 0.88 -
contig_34501_pilon:2309-1602          -            236 1at314147            -          27476   1.5e-17   55.1   0.0   1   1   2.8e-19   1.7e-17   54.9   0.0 25501 25690     2   186     1   193 0.87 -
NW_025965324.1_RagTag:3286112-3285156 -            319 1at314147            -          27476   2.7e-17   54.2   0.0   1   3   1.5e-09     9e-08   22.6   0.0   842   929     1    87     1   101 0.95 -
NW_025965324.1_RagTag:3286112-3285156 -            319 1at314147            -          27476   2.7e-17   54.2   0.0   2   3      0.19        12   -4.4   0.3  1259  1279   139   159   112   166 0.70 -
NW_025965324.1_RagTag:3286112-3285156 -            319 1at314147            -          27476   2.7e-17   54.2   0.0   3   3   1.2e-11   7.3e-10   29.5   0.0   103   193   228   319   214   319 0.90 -
NW_025965548.1_RagTag:8826-1842       -            515 1at314147            -          27476     5e-17   53.3   0.0   1   2   2.2e-12   1.4e-10   32.0   0.0  3624  3798    16   207     9   214 0.78 -
NW_025965548.1_RagTag:8826-1842       -            515 1at314147            -          27476     5e-17   53.3   0.0   2   2   1.4e-08   8.4e-07   19.4   0.0 25521 25618   344   443   279   452 0.87 -
NW_025965233.1_RagTag:125981-124584   -            466 1at314147            -          27476   8.4e-17   52.6   0.0   1   1   1.7e-18   1.1e-16   52.3   0.0 25431 25684    10   257     2   263 0.85 -
NW_025965072.1_RagTag:101265-98982    -            329 1at314147            -          27476   1.3e-15   48.7   0.0   1   2   4.1e-06   0.00025   11.2   0.2 25473 25546    13    86     3   106 0.83 -
NW_025965072.1_RagTag:101265-98982    -            329 1at314147            -          27476   1.3e-15   48.7   0.0   2   2   2.1e-13   1.3e-11   35.3   0.0 25589 25684   199   314   194   323 0.77 -
NW_025965321.1_RagTag:4470492-4469881 -            204 1at314147            -          27476   2.6e-15   47.6   0.0   1   1     5e-17   3.1e-15   47.4   0.0 25428 25615     2   194     1   203 0.83 -
contig_34309_pilon:451-104            -            116 1at314147            -          27476   7.1e-13   39.6   0.0   1   1   1.2e-14   7.4e-13   39.5   0.0 25522 25621    16   115     2   116 0.89 -
contig_83342_pilon:1438-911           -            176 1at314147            -          27476   1.1e-10   32.2   0.0   1   1   1.9e-12   1.1e-10   32.2   0.0 25534 25636    13   115     2   168 0.83 -
NW_025965240.1_RagTag:98637-94667     -            305 1at314147            -          27476   6.7e-10   29.7   1.9   1   1   1.3e-11   8.1e-10   29.4   1.9 25468 25551   222   304   214   305 0.93 -
NW_025965279.1_RagTag:90332-90961     -            210 1at314147            -          27476   1.3e-09   28.7   0.0   1   1   2.5e-11   1.5e-09   28.5   0.0 25527 25615    26   113    20   139 0.91 -
contig_18707_pilon:1357-1884          -            176 1at314147            -          27476     1e-06   19.1   0.0   1   1     2e-08   1.2e-06   18.8   0.0 25534 25630    13   109     4   121 0.87 -
NW_025965218.1_RagTag:1686086-1683921 -            316 1at314147            -          27476   1.2e-06   18.9   0.0   1   1   2.4e-08   1.5e-06   18.6   0.0 25543 25644    68   170    52   178 0.85 -
NW_025965256.1_RagTag:50814-50329     -            106 1at314147            -          27476   8.1e-05   12.8   0.0   1   1   1.5e-06   9.1e-05   12.6   0.0 25490 25579     7    94     2   103 0.86 -
NW_025965309.1_RagTag:3535833-3533111 -            326 1at314147            -          27476    0.0026    7.8   0.0   1   2    0.0038      0.24    1.3   0.0  4604  4629    12    37     5    57 0.73 -
NW_025965309.1_RagTag:3535833-3533111 -            326 1at314147            -          27476    0.0026    7.8   0.0   2   2   0.00036     0.022    4.7   0.0 25521 25617   213   313   100   322 0.84 -
NW_025965291.1_RagTag:212549-211896   -            218 1at314147            -          27476    0.0042    7.1   0.1   1   1     8e-05    0.0049    6.9   0.1  2022  2055    17    50    14    82 0.91 -
#
# Program:         hmmsearch
# Version:         3.1b2 (February 2015)
# Pipeline mode:   SEARCH
# Query file:      /home/bgerda/guppy_SUP/busco_downloads/lineages/glires_odb10/hmms/1at314147.hmm
# Target file:     /home/bgerda/guppy_SUP/busco_results/run_glires_odb10/metaeuk_output/initial_results/ragtag.scaffold.fasta.modified.fas
# Option settings: hmmsearch --domtblout /home/bgerda/guppy_SUP/busco_results/run_glires_odb10/hmmer_output/initial_run_results/1at314147.out --cpu 1 /home/bgerda/guppy_SUP/busco_downloads/lineages/glires_odb10/hmms/1at314147.hmm /home/bgerda/guppy_SUP/busco_results/run_glires_odb10/metaeuk_output/initial_results/ragtag.scaffold.fasta.modified.fas 
# Current dir:     /home/bgerda/guppy_SUP
# Date:            Sun May 21 15:02:24 2023
# [ok]
