#                                                                                           --- full sequence --- -------------- this domain -------------   hmm coord   ali coord   env coord
# target name                       accession   tlen query name           accession   qlen   E-value  score  bias   #  of  c-Evalue  i-Evalue  score  bias  from    to  from    to  from    to  acc description of target
#               ------------------- ---------- ----- -------------------- ---------- ----- --------- ------ ----- --- --- --------- --------- ------ ----- ----- ----- ----- ----- ----- ----- ---- ---------------------
NW_025965359.1_RagTag:203699-204637 -            310 20395at314147        -            327  1.6e-119  395.4   1.8   1   2  1.4e-116    4e-114  377.6   0.6    10   261    22   277    15   281 0.96 -
NW_025965359.1_RagTag:203699-204637 -            310 20395at314147        -            327  1.6e-119  395.4   1.8   2   2   3.8e-07   0.00011   18.0   0.0   281   312   279   310   277   310 0.93 -
NW_025965359.1_RagTag:203589-206496 -            349 20395at314147        -            327  8.4e-118  389.7   1.9   1   2  2.2e-111  6.1e-109  360.6   0.8     9   261    58   306    52   309 0.97 -
NW_025965359.1_RagTag:203589-206496 -            349 20395at314147        -            327  8.4e-118  389.7   1.9   2   2   1.9e-10   5.5e-08   28.8   0.0   281   321   308   348   306   349 0.94 -
NW_025965028.1_RagTag:357538-358857 -            372 20395at314147        -            327   2.3e-09   33.3   0.3   1   1   1.6e-11   4.5e-09   32.4   0.3   135   209    33   108    20   131 0.79 -
NW_025965281.1_RagTag:529223-527331 -            631 20395at314147        -            327   1.7e-08   30.5   0.0   1   1     1e-10   2.8e-08   29.8   0.0   137   217    34   118    23   132 0.77 -
NW_025965191.1_RagTag:541275-539223 -            619 20395at314147        -            327   1.7e-07   27.2   0.0   1   1   9.3e-10   2.6e-07   26.6   0.0   137   243    28   137    14   159 0.78 -
#
# Program:         hmmsearch
# Version:         3.1b2 (February 2015)
# Pipeline mode:   SEARCH
# Query file:      /home/bgerda/guppy_SUP/busco_downloads/lineages/glires_odb10/hmms/20395at314147.hmm
# Target file:     /home/bgerda/guppy_SUP/busco_results/run_glires_odb10/metaeuk_output/initial_results/ragtag.scaffold.fasta.modified.fas
# Option settings: hmmsearch --domtblout /home/bgerda/guppy_SUP/busco_results/run_glires_odb10/hmmer_output/initial_run_results/20395at314147.out --cpu 1 /home/bgerda/guppy_SUP/busco_downloads/lineages/glires_odb10/hmms/20395at314147.hmm /home/bgerda/guppy_SUP/busco_results/run_glires_odb10/metaeuk_output/initial_results/ragtag.scaffold.fasta.modified.fas 
# Current dir:     /home/bgerda/guppy_SUP
# Date:            Sun May 21 15:02:23 2023
# [ok]
