#                                                                                             --- full sequence --- -------------- this domain -------------   hmm coord   ali coord   env coord
# target name                         accession   tlen query name           accession   qlen   E-value  score  bias   #  of  c-Evalue  i-Evalue  score  bias  from    to  from    to  from    to  acc description of target
#                 ------------------- ---------- ----- -------------------- ---------- ----- --------- ------ ----- --- --- --------- --------- ------ ----- ----- ----- ----- ----- ----- ----- ---- ---------------------
NW_025965432.1_RagTag:532065-533174   -            370 20728at314147        -            348  2.4e-144  477.2 102.2   1   5   3.6e-17   6.7e-16   54.7   9.6   284   342     2    60     1    60 0.49 -
NW_025965432.1_RagTag:532065-533174   -            370 20728at314147        -            348  2.4e-144  477.2 102.2   2   5   6.7e-39   1.3e-37  126.2  21.5   155   263    36   144    33   145 0.98 -
NW_025965432.1_RagTag:532065-533174   -            370 20728at314147        -            348  2.4e-144  477.2 102.2   3   5   1.5e-40   2.9e-39  131.6  15.7   158   263   123   228   123   229 0.99 -
NW_025965432.1_RagTag:532065-533174   -            370 20728at314147        -            348  2.4e-144  477.2 102.2   4   5   2.7e-42     5e-41  137.3  17.0   154   263   203   312   203   313 0.98 -
NW_025965432.1_RagTag:532065-533174   -            370 20728at314147        -            348  2.4e-144  477.2 102.2   5   5   1.7e-25   3.3e-24   82.0   6.5   172   236   305   369   304   370 0.98 -
NW_025965215.1_RagTag:23670-22372     -            433 20728at314147        -            348    1e-124  412.6  60.6   1   5   3.8e-32   7.2e-31  103.9   1.9    18   100     7    89     2   156 0.80 -
NW_025965215.1_RagTag:23670-22372     -            433 20728at314147        -            348    1e-124  412.6  60.6   2   5   1.5e-23   2.9e-22   75.7   4.6   175   250   234   308   141   309 0.76 -
NW_025965215.1_RagTag:23670-22372     -            433 20728at314147        -            348    1e-124  412.6  60.6   3   5   1.7e-32   3.2e-31  105.1   7.1   144   251   231   337   194   340 0.92 -
NW_025965215.1_RagTag:23670-22372     -            433 20728at314147        -            348    1e-124  412.6  60.6   4   5   4.5e-20   8.5e-19   64.2   0.9   161   213   303   355   303   355 0.99 -
NW_025965215.1_RagTag:23670-22372     -            433 20728at314147        -            348    1e-124  412.6  60.6   5   5   2.7e-36     5e-35  117.6  15.8   171   263   341   433   338   433 0.98 -
contig_18340_pilon:996-2162           -            389 20728at314147        -            348  2.1e-121  401.7 106.0   1   4     6e-56   1.1e-54  182.2  38.5   158   342     2   191     1   191 0.98 -
contig_18340_pilon:996-2162           -            389 20728at314147        -            348  2.1e-121  401.7 106.0   2   4   1.2e-25   2.2e-24   82.6  12.7   158   235   170   247   169   248 0.98 -
contig_18340_pilon:996-2162           -            389 20728at314147        -            348  2.1e-121  401.7 106.0   3   4   2.5e-34   4.7e-33  111.1  23.3   158   263   226   331   226   332 0.99 -
contig_18340_pilon:996-2162           -            389 20728at314147        -            348  2.1e-121  401.7 106.0   4   4   6.8e-21   1.3e-19   66.9   7.6   170   236   322   388   318   389 0.93 -
NW_025965341.1_RagTag:136335-135751   -            195 20728at314147        -            348  3.9e-110  364.6  63.3   1   4   2.8e-32   5.3e-31  104.4   7.0   175   252     1    78     1    79 0.99 -
NW_025965341.1_RagTag:136335-135751   -            195 20728at314147        -            348  3.9e-110  364.6  63.3   2   4   4.7e-27   8.9e-26   87.2   5.6   265   332    40   107    39   108 0.97 -
NW_025965341.1_RagTag:136335-135751   -            195 20728at314147        -            348  3.9e-110  364.6  63.3   3   4   3.8e-30   7.2e-29   97.4  10.7   158   235    68   145    67   146 0.98 -
NW_025965341.1_RagTag:136335-135751   -            195 20728at314147        -            348  3.9e-110  364.6  63.3   4   4   3.5e-35   6.6e-34  113.9  16.0   158   252    96   190    96   195 0.97 -
NW_025965022.1_RagTag:266833-265871   -            321 20728at314147        -            348   1.6e-98  326.5  70.9   1   4     1e-28   1.9e-27   92.7  13.6   148   252    11   115     5   125 0.86 -
NW_025965022.1_RagTag:266833-265871   -            321 20728at314147        -            348   1.6e-98  326.5  70.9   2   4   3.9e-33   7.3e-32  107.2  13.4   145   252   119   226   113   233 0.94 -
NW_025965022.1_RagTag:266833-265871   -            321 20728at314147        -            348   1.6e-98  326.5  70.9   3   4   2.4e-21   4.6e-20   68.4   5.5   154   222   184   252   183   253 0.96 -
NW_025965022.1_RagTag:266833-265871   -            321 20728at314147        -            348   1.6e-98  326.5  70.9   4   4   1.7e-30   3.1e-29   98.6  14.4   154   263   212   321   212   321 0.97 -
NW_025965071.1_RagTag:3226-4467       -            414 20728at314147        -            348   9.8e-97  320.6  73.5   1   3   6.2e-15   1.2e-13   47.3   4.2   185   250     1    65     1    68 0.93 -
NW_025965071.1_RagTag:3226-4467       -            414 20728at314147        -            348   9.8e-97  320.6  73.5   2   3   1.4e-40   2.6e-39  131.7  30.6   153   346    52   250    50   250 0.95 -
NW_025965071.1_RagTag:3226-4467       -            414 20728at314147        -            348   9.8e-97  320.6  73.5   3   3     5e-50   9.3e-49  162.8  30.4   151   314   246   414   242   414 0.96 -
NW_025965341.1_RagTag:10217-11053     -            279 20728at314147        -            348   1.3e-92  307.0  41.8   1   2   4.8e-60   9.1e-59  195.7  26.4   158   342     1   191     1   191 0.95 -
NW_025965341.1_RagTag:10217-11053     -            279 20728at314147        -            348   1.3e-92  307.0  41.8   2   2     3e-34   5.7e-33  110.9   7.7   157   238   197   278   194   279 0.97 -
contig_36320_pilon:1246-2160          -            305 20728at314147        -            348   1.6e-91  303.4  80.8   1   3   2.8e-21   5.3e-20   68.2   8.8   265   326     2    63     1    63 0.96 -
contig_36320_pilon:1246-2160          -            305 20728at314147        -            348   1.6e-91  303.4  80.8   2   3   8.6e-26   1.6e-24   83.0  12.2   265   342    58   135    58   135 0.97 -
contig_36320_pilon:1246-2160          -            305 20728at314147        -            348   1.6e-91  303.4  80.8   3   3   5.8e-55   1.1e-53  179.0  43.9   158   342   114   303   114   305 0.97 -
NW_025965182.1_RagTag:1758025-1759086 -            354 20728at314147        -            348   2.8e-90  299.3  68.9   1   4     3e-23   5.7e-22   74.7   1.7   162   252     1    91     1    98 0.97 -
NW_025965182.1_RagTag:1758025-1759086 -            354 20728at314147        -            348   2.8e-90  299.3  68.9   2   4   1.4e-21   2.6e-20   69.2   6.5   163   250    58   145    58   146 0.98 -
NW_025965182.1_RagTag:1758025-1759086 -            354 20728at314147        -            348   2.8e-90  299.3  68.9   3   4     3e-27   5.7e-26   87.8  13.7   151   251   130   230   128   231 0.98 -
NW_025965182.1_RagTag:1758025-1759086 -            354 20728at314147        -            348   2.8e-90  299.3  68.9   4   4   2.4e-33   4.6e-32  107.9  23.5   153   286   216   354   212   354 0.95 -
NW_025965039.1_RagTag:272612-271716   -            299 20728at314147        -            348   5.2e-87  288.6  52.9   1   3   3.3e-36   6.2e-35  117.3  15.0   146   252    43   149    29   150 0.97 -
NW_025965039.1_RagTag:272612-271716   -            299 20728at314147        -            348   5.2e-87  288.6  52.9   2   3   5.2e-35   9.8e-34  113.4  14.7   155   252   136   233   135   234 0.98 -
NW_025965039.1_RagTag:272612-271716   -            299 20728at314147        -            348   5.2e-87  288.6  52.9   3   3   2.8e-26   5.3e-25   84.6   7.2   158   233   223   298   223   299 0.92 -
NW_025965250.1_RagTag:247730-246879   -            284 20728at314147        -            348   4.6e-84  278.9  55.2   1   2   8.9e-62   1.7e-60  201.4  37.7   154   344     5   200     2   202 0.96 -
NW_025965250.1_RagTag:247730-246879   -            284 20728at314147        -            348   4.6e-84  278.9  55.2   2   2   2.3e-24   4.3e-23   78.4   9.6   154   236   201   283   199   284 0.81 -
contig_52188_pilon:1058-384           -            225 20728at314147        -            348   3.2e-82  272.8  59.3   1   2   5.5e-27     1e-25   87.0   9.9   181   252     2    73     1    74 0.99 -
contig_52188_pilon:1058-384           -            225 20728at314147        -            348   3.2e-82  272.8  59.3   2   2   5.5e-61     1e-59  198.8  41.4   158   342    35   224    35   225 0.97 -
NW_025965341.1_RagTag:50520-49825     -            232 20728at314147        -            348   1.5e-75  250.9  46.0   1   3   7.8e-42   1.5e-40  135.8  15.9   149   263     6   120     2   122 0.96 -
NW_025965341.1_RagTag:50520-49825     -            232 20728at314147        -            348   1.5e-75  250.9  46.0   2   3   1.7e-25   3.1e-24   82.1  10.6   154   250    95   191    95   193 0.98 -
NW_025965341.1_RagTag:50520-49825     -            232 20728at314147        -            348   1.5e-75  250.9  46.0   3   3     2e-18   3.7e-17   58.9   3.7   154   207   179   232   177   232 0.97 -
NW_025965182.1_RagTag:1739884-1740459 -            192 20728at314147        -            348   4.1e-75  249.4  56.0   1   3   1.4e-30   2.7e-29   98.8  15.4   161   251     1    91     1    97 0.97 -
NW_025965182.1_RagTag:1739884-1740459 -            192 20728at314147        -            348   4.1e-75  249.4  56.0   2   3   2.5e-34   4.8e-33  111.1  18.3   158   253    26   121    24   130 0.95 -
NW_025965182.1_RagTag:1739884-1740459 -            192 20728at314147        -            348   4.1e-75  249.4  56.0   3   3   2.6e-20   4.9e-19   65.0   6.2   174   235   126   187   119   191 0.94 -
NW_025965230.1_RagTag:917436-916915   -            174 20728at314147        -            348   6.6e-74  245.5  47.3   1   3   4.8e-32   9.1e-31  103.6   9.9   171   263     4    96     2    97 0.97 -
NW_025965230.1_RagTag:917436-916915   -            174 20728at314147        -            348   6.6e-74  245.5  47.3   2   3   1.1e-25     2e-24   82.8  11.3   158   235    47   124    47   125 0.98 -
NW_025965230.1_RagTag:917436-916915   -            174 20728at314147        -            348   6.6e-74  245.5  47.3   3   3   3.5e-26   6.7e-25   84.3  10.1   155   228   100   173    99   174 0.97 -
contig_36320_pilon:558-1202           -            215 20728at314147        -            348   2.8e-72  240.1  62.1   1   3   1.9e-28   3.6e-27   91.8  14.5   154   250     3    99     1    99 0.98 -
contig_36320_pilon:558-1202           -            215 20728at314147        -            348   2.8e-72  240.1  62.1   2   3   1.1e-23     2e-22   76.2  14.5   265   342    63   140    62   141 0.92 -
contig_36320_pilon:558-1202           -            215 20728at314147        -            348   2.8e-72  240.1  62.1   3   3   2.5e-30   4.7e-29   98.0  17.1   158   252   119   213   119   215 0.98 -
NW_025965375.1_RagTag:158129-157515   -            205 20728at314147        -            348   2.9e-71  236.8  40.7   1   3   3.9e-25   7.4e-24   80.9   9.6   175   252     1    78     1    82 0.97 -
NW_025965375.1_RagTag:158129-157515   -            205 20728at314147        -            348   2.9e-71  236.8  40.7   2   3   9.1e-28   1.7e-26   89.5   6.2   267   342    70   145    70   146 0.89 -
NW_025965375.1_RagTag:158129-157515   -            205 20728at314147        -            348   2.9e-71  236.8  40.7   3   3   1.6e-28   3.1e-27   92.0   8.9   158   238   124   204   123   205 0.97 -
contig_43334_pilon:1277-1996          -            240 20728at314147        -            348   8.4e-71  235.3  58.3   1   2   2.6e-22   4.9e-21   71.6  12.9   181   251     2    72     1    78 0.62 -
contig_43334_pilon:1277-1996          -            240 20728at314147        -            348   8.4e-71  235.3  58.3   2   2   2.9e-54   5.4e-53  176.7  37.5   159   329    64   239    64   240 0.97 -
NW_025965341.1_RagTag:79016-79627     -            204 20728at314147        -            348     1e-70  235.0  37.9   1   3   6.7e-15   1.3e-13   47.2   2.1   175   223     1    49     1    52 0.95 -
NW_025965341.1_RagTag:79016-79627     -            204 20728at314147        -            348     1e-70  235.0  37.9   2   3   7.1e-34   1.3e-32  109.6  13.5   157   252    39   134    36   136 0.98 -
NW_025965341.1_RagTag:79016-79627     -            204 20728at314147        -            348     1e-70  235.0  37.9   3   3   5.5e-32     1e-30  103.4   6.7   153   237   119   203   118   204 0.95 -
NW_025965279.1_RagTag:157181-156552   -            210 20728at314147        -            348   1.3e-70  234.7  48.4   1   4   2.8e-10   5.3e-09   32.0   0.3   277   307     2    32     1    33 0.90 -
NW_025965279.1_RagTag:157181-156552   -            210 20728at314147        -            348   1.3e-70  234.7  48.4   2   4   2.5e-24   4.6e-23   78.3   6.6   265   333    18    86    18    86 0.98 -
NW_025965279.1_RagTag:157181-156552   -            210 20728at314147        -            348   1.3e-70  234.7  48.4   3   4   5.8e-31   1.1e-29  100.1  15.5   158   251    74   167    74   168 0.99 -
NW_025965279.1_RagTag:157181-156552   -            210 20728at314147        -            348   1.3e-70  234.7  48.4   4   4     6e-19   1.1e-17   60.5   4.4   153   210   153   210   152   210 0.97 -
NW_025965250.1_RagTag:151698-54140    -            212 20728at314147        -            348   1.7e-67  224.4  25.4   1   2   4.8e-37     9e-36  120.1   8.1   148   252     9   113     4   115 0.96 -
NW_025965250.1_RagTag:151698-54140    -            212 20728at314147        -            348   1.7e-67  224.4  25.4   2   2   2.2e-33   4.1e-32  108.0   9.0   170   263   115   208   112   210 0.96 -
contig_33351_pilon:8-595              -            196 20728at314147        -            348   2.4e-67  223.9  45.4   1   3   1.9e-24   3.5e-23   78.7   8.7   265   340     4    79     1    79 0.83 -
contig_33351_pilon:8-595              -            196 20728at314147        -            348   2.4e-67  223.9  45.4   2   3   6.5e-26   1.2e-24   83.4  10.8   265   342    32   109    32   110 0.97 -
contig_33351_pilon:8-595              -            196 20728at314147        -            348   2.4e-67  223.9  45.4   3   3   4.2e-27     8e-26   87.3   9.9   154   237   112   195   111   196 0.97 -
NW_025965207.1_RagTag:15963-15268     -            232 20728at314147        -            348   2.6e-66  220.5  66.3   1   3   3.8e-23   7.1e-22   74.4  16.0   159   250     1    91     1    91 0.97 -
NW_025965207.1_RagTag:15963-15268     -            232 20728at314147        -            348   2.6e-66  220.5  66.3   2   3   2.5e-25   4.7e-24   81.5  16.7   173   263    70   160    65   160 0.97 -
NW_025965207.1_RagTag:15963-15268     -            232 20728at314147        -            348   2.6e-66  220.5  66.3   3   3   4.2e-28   7.9e-27   90.6  17.6   158   250   139   231   139   232 0.99 -
NW_025965317.1_RagTag:1470246-1469449 -            266 20728at314147        -            348   7.5e-66  219.0  45.8   1   2     0.021      0.39    6.1   3.5   215   270     4    51     2    57 0.73 -
NW_025965317.1_RagTag:1470246-1469449 -            266 20728at314147        -            348   7.5e-66  219.0  45.8   2   2   1.1e-66   2.1e-65  217.5  34.4   147   344    62   264    58   266 0.95 -
NW_025965436.1_RagTag:1617-781        -            279 20728at314147        -            348   3.4e-65  216.8  72.2   1   2   8.7e-42   1.6e-40  135.6  47.6   158   344     2   193     1   196 0.96 -
NW_025965436.1_RagTag:1617-781        -            279 20728at314147        -            348   3.4e-65  216.8  72.2   2   2   7.5e-27   1.4e-25   86.5  17.2   155   238   195   278   192   279 0.96 -
contig_59446_pilon:2-793              -            208 20728at314147        -            348   3.9e-64  213.3  51.1   1   3   2.6e-21     5e-20   68.3  10.4   277   344     2    69     1    71 0.91 -
contig_59446_pilon:2-793              -            208 20728at314147        -            348   3.9e-64  213.3  51.1   2   3   6.7e-26   1.3e-24   83.4  13.3   152   237    68   153    66   154 0.86 -
contig_59446_pilon:2-793              -            208 20728at314147        -            348   3.9e-64  213.3  51.1   3   3   4.2e-27     8e-26   87.3  11.4   158   236   130   208   130   208 0.98 -
contig_78026_pilon:1141-2283          -            381 20728at314147        -            348   9.2e-63  208.8  40.1   1   3   1.2e-12   2.2e-11   39.8   8.2   187   289     1   116     1   124 0.58 -
contig_78026_pilon:1141-2283          -            381 20728at314147        -            348   9.2e-63  208.8  40.1   2   3   1.9e-25   3.6e-24   81.9   6.5   154   239   147   232   141   241 0.95 -
contig_78026_pilon:1141-2283          -            381 20728at314147        -            348   9.2e-63  208.8  40.1   3   3   1.8e-30   3.3e-29   98.5   9.4   157   263   273   379   264   381 0.98 -
contig_10836_pilon:117-731            -            205 20728at314147        -            348   2.7e-62  207.3  43.3   1   2   3.6e-38   6.7e-37  123.8  22.2   175   295     1   126     1   126 0.97 -
contig_10836_pilon:117-731            -            205 20728at314147        -            348   2.7e-62  207.3  43.3   2   2   9.4e-28   1.8e-26   89.5  14.3   158   238   124   204   124   205 0.98 -
NW_025965207.1_RagTag:11397-10729     -            223 20728at314147        -            348   1.2e-61  205.1  55.1   1   2   6.8e-42   1.3e-40  136.0  33.2   181   335     2   160     1   161 0.94 -
NW_025965207.1_RagTag:11397-10729     -            223 20728at314147        -            348   1.2e-61  205.1  55.1   2   2   1.7e-25   3.1e-24   82.1  13.9   154   235   142   223   142   223 0.85 -
NW_025965250.1_RagTag:8965-9597       -            211 20728at314147        -            348   2.7e-61  204.0  38.3   1   2   5.8e-19   1.1e-17   60.6   4.1   171   235     4    68     2    68 0.96 -
NW_025965250.1_RagTag:8965-9597       -            211 20728at314147        -            348   2.7e-61  204.0  38.3   2   2   4.9e-48   9.3e-47  156.2  26.3   158   317    47   211    46   211 0.96 -
NW_025965289.1_RagTag:81543-82196     -            218 20728at314147        -            348   3.8e-61  203.5  30.1   1   2   5.5e-26     1e-24   83.7   5.4   155   235    20   100     8   101 0.96 -
NW_025965289.1_RagTag:81543-82196     -            218 20728at314147        -            348   3.8e-61  203.5  30.1   2   2   6.8e-41   1.3e-39  132.7  16.7   158   292    79   218    79   218 0.99 -
NW_025965301.1_RagTag:107837-107190   -            216 20728at314147        -            348   4.2e-61  203.4  23.7   1   1   3.1e-62   5.8e-61  202.9  23.7   148   338    21   216     9   216 0.93 -
NW_025965190.1_RagTag:125753-126253   -            167 20728at314147        -            348   8.4e-60  199.1  28.7   1   2   4.1e-29   7.7e-28   94.0   8.5   174   253     3    82     1    83 0.98 -
NW_025965190.1_RagTag:125753-126253   -            167 20728at314147        -            348   8.4e-60  199.1  28.7   2   2   2.6e-36   4.8e-35  117.7  12.2   159   251    72   164    72   166 0.99 -
contig_83186_pilon:3012-2101          -            304 20728at314147        -            348   3.2e-59  197.2  44.7   1   2     6e-48   1.1e-46  155.9  35.1   181   335     2   161     1   167 0.96 -
contig_83186_pilon:3012-2101          -            304 20728at314147        -            348   3.2e-59  197.2  44.7   2   2   8.7e-15   1.6e-13   46.9   1.9   177   230   249   302   238   304 0.89 -
contig_70752_pilon:952-1602           -            217 20728at314147        -            348   9.6e-59  195.6  34.9   1   1   6.4e-54   1.2e-52  175.6  28.4   162   335     1   179     1   180 0.96 -
contig_28105_pilon:1448-873           -            192 20728at314147        -            348   5.4e-57  189.9  31.2   1   3   4.5e-16   8.5e-15   51.1   3.3   264   322     5    63     2    63 0.94 -
contig_28105_pilon:1448-873           -            192 20728at314147        -            348   5.4e-57  189.9  31.2   2   3   1.9e-15   3.6e-14   49.0   0.9   178   228    54   104    53   104 0.95 -
contig_28105_pilon:1448-873           -            192 20728at314147        -            348   5.4e-57  189.9  31.2   3   3   3.6e-35   6.7e-34  113.9  12.3   158   260    90   192    89   192 0.98 -
NW_025965127.1_RagTag:122624-122115   -            170 20728at314147        -            348   8.6e-57  189.2  32.9   1   3     2e-21   3.7e-20   68.7   3.3   179   236     2    59     1    59 0.98 -
NW_025965127.1_RagTag:122624-122115   -            170 20728at314147        -            348   8.6e-57  189.2  32.9   2   3   2.8e-18   5.3e-17   58.3   5.6   278   332    50   104    47   106 0.56 -
NW_025965127.1_RagTag:122624-122115   -            170 20728at314147        -            348   8.6e-57  189.2  32.9   3   3   5.1e-27   9.6e-26   87.1   8.2   158   235    93   170    92   170 0.98 -
NW_025965341.1_RagTag:41589-41122     -            156 20728at314147        -            348   4.2e-56  186.9  25.8   1   2   1.4e-23   2.6e-22   75.8   2.3   193   252     2    61     1    63 0.58 -
NW_025965341.1_RagTag:41589-41122     -            156 20728at314147        -            348   4.2e-56  186.9  25.8   2   2   5.2e-38   9.9e-37  123.2  15.9   158   263    51   156    51   156 0.99 -
NW_025965071.1_RagTag:28250-28834     -            195 20728at314147        -            348   2.1e-55  184.6  43.6   1   2   1.3e-31   2.4e-30  102.2  18.2   147   251     2   106     1   111 0.98 -
NW_025965071.1_RagTag:28250-28834     -            195 20728at314147        -            348   2.1e-55  184.6  43.6   2   2   1.8e-29   3.3e-28   95.2  17.4   158   252    97   191    96   195 0.97 -
NW_025965299.1_RagTag:2295-1810       -            162 20728at314147        -            348   5.5e-53  176.7  30.7   1   2   1.4e-24   2.6e-23   79.1   4.9   159   232     1    74     1    75 0.70 -
NW_025965299.1_RagTag:2295-1810       -            162 20728at314147        -            348   5.5e-53  176.7  30.7   2   2   5.5e-34     1e-32  110.0  17.9   158   263    56   161    55   162 0.99 -
NW_025965341.1_RagTag:91734-92261     -            176 20728at314147        -            348   1.1e-52  175.7  37.1   1   2   2.7e-20   5.2e-19   64.9   4.4   161   224     1    64     1    67 0.79 -
NW_025965341.1_RagTag:91734-92261     -            176 20728at314147        -            348   1.1e-52  175.7  37.1   2   2   5.1e-38   9.6e-37  123.3  24.7   158   274    54   175    54   176 0.95 -
NW_025965235.1_RagTag:121831-121217   -            205 20728at314147        -            348   1.9e-52  174.9  41.1   1   2   3.6e-37   6.8e-36  120.5  25.8   205   343     3   146     1   149 0.65 -
NW_025965235.1_RagTag:121831-121217   -            205 20728at314147        -            348   1.9e-52  174.9  41.1   2   2     3e-18   5.6e-17   58.3  10.3   148   211   142   205   141   205 0.79 -
NW_025965358.1_RagTag:7314-6859       -            152 20728at314147        -            348   4.3e-52  173.7  27.8   1   2   3.6e-31   6.7e-30  100.7   7.4   183   263     1    81     1    82 0.98 -
NW_025965358.1_RagTag:7314-6859       -            152 20728at314147        -            348   4.3e-52  173.7  27.8   2   2   1.7e-26   3.2e-25   85.4  12.4   172   250    74   152    70   152 0.97 -
NW_025965215.1_RagTag:353527-352538   -            180 20728at314147        -            348   1.6e-49  165.3  50.7   1   3     8e-13   1.5e-11   40.4   9.3   269   342     1    74     1    74 0.94 -
NW_025965215.1_RagTag:353527-352538   -            180 20728at314147        -            348   1.6e-49  165.3  50.7   2   3   2.1e-27     4e-26   88.3  14.5   159   250    54   145    54   146 0.99 -
NW_025965215.1_RagTag:353527-352538   -            180 20728at314147        -            348   1.6e-49  165.3  50.7   3   3   2.4e-19   4.6e-18   61.8  10.9   266   342   110   179   109   180 0.95 -
NW_025965279.1_RagTag:111843-48065    -            321 20728at314147        -            348   1.5e-48  162.1  34.9   1   3   4.9e-07   9.2e-06   21.4   0.3   282   337     1    56     1    58 0.94 -
NW_025965279.1_RagTag:111843-48065    -            321 20728at314147        -            348   1.5e-48  162.1  34.9   2   3   5.4e-28     1e-26   90.3  12.7   171   302    52   189    47   205 0.84 -
NW_025965279.1_RagTag:111843-48065    -            321 20728at314147        -            348   1.5e-48  162.1  34.9   3   3   3.9e-18   7.3e-17   57.9   7.9   153   220   254   321   206   321 0.88 -
contig_31119_pilon:1895-1227          -            223 20728at314147        -            348   1.5e-47  158.8  26.1   1   2   3.2e-18     6e-17   58.2   4.3   179   264    19   105    14   108 0.94 -
contig_31119_pilon:1895-1227          -            223 20728at314147        -            348   1.5e-47  158.8  26.1   2   2   4.5e-33   8.5e-32  107.0  16.8   147   265   100   218   100   223 0.96 -
NW_025965341.1_RagTag:115056-115571   -            172 20728at314147        -            348   8.2e-46  153.1  26.6   1   2   1.4e-20   2.7e-19   65.9   4.5   284   342     1    59     1    65 0.96 -
NW_025965341.1_RagTag:115056-115571   -            172 20728at314147        -            348   8.2e-46  153.1  26.6   2   2     5e-29   9.4e-28   93.7  14.1   158   263    66   171    62   172 0.96 -
NW_025965166.1_RagTag:131393-130962   -            144 20728at314147        -            348   7.5e-45  149.9  24.3   1   2     1e-28   1.9e-27   92.7  10.1   180   263     2    85     1    85 0.54 -
NW_025965166.1_RagTag:131393-130962   -            144 20728at314147        -            348   7.5e-45  149.9  24.3   2   2   1.1e-21     2e-20   69.6   6.2   171   237    77   143    74   144 0.94 -
contig_18339_pilon:770-1369           -            200 20728at314147        -            348   3.6e-44  147.7  32.0   1   2     1e-20     2e-19   66.3   7.5   170   235     2    67     1    68 0.95 -
contig_18339_pilon:770-1369           -            200 20728at314147        -            348   3.6e-44  147.7  32.0   2   2   3.7e-29   6.9e-28   94.1  16.5   158   307    46   200    46   200 0.89 -
NW_025965279.1_RagTag:80294-79764     -            177 20728at314147        -            348   4.2e-43  144.2  16.8   1   2   1.7e-20   3.2e-19   65.6   2.7   175   229     1    55     1    69 0.72 -
NW_025965279.1_RagTag:80294-79764     -            177 20728at314147        -            348   4.2e-43  144.2  16.8   2   2   3.2e-26   6.1e-25   84.4   6.4   164   245    96   177    85   177 0.94 -
contig_53583_pilon:2102-1623          -            160 20728at314147        -            348   6.2e-43  143.6  30.1   1   2   3.6e-26   6.8e-25   84.3  11.4   170   251     3    84     1    85 0.97 -
contig_53583_pilon:2102-1623          -            160 20728at314147        -            348   6.2e-43  143.6  30.1   2   2   2.4e-13   4.4e-12   42.1   2.0   173   215   118   160   115   160 0.93 -
contig_43715_pilon:300-1181           -            294 20728at314147        -            348   1.1e-42  142.8  25.5   1   2     2e-32   3.8e-31  104.9  16.0   154   251     2    99     1   108 0.97 -
contig_43715_pilon:300-1181           -            294 20728at314147        -            348   1.1e-42  142.8  25.5   2   2   8.6e-14   1.6e-12   43.6   1.9   171   222   242   293   208   294 0.66 -
NW_025965344.1_RagTag:2075-1647       -            143 20728at314147        -            348   1.4e-41  139.2  20.2   1   1   2.7e-42     5e-41  137.3  20.2   168   301     5   143     1   143 0.95 -
NW_025965271.1_RagTag:643750-644226   -            159 20728at314147        -            348   7.5e-40  133.5  22.0   1   2   1.1e-21   2.1e-20   69.5   7.7   153   235    17    99    10   100 0.95 -
NW_025965271.1_RagTag:643750-644226   -            159 20728at314147        -            348   7.5e-40  133.5  22.0   2   2     9e-24   1.7e-22   76.4   6.4   159   223    79   143    78   155 0.89 -
NW_025965039.1_RagTag:271870-271352   -            173 20728at314147        -            348   1.1e-39  132.9  18.5   1   2     2e-16   3.8e-15   52.2   2.6   283   340    50   107    43   107 0.92 -
NW_025965039.1_RagTag:271870-271352   -            173 20728at314147        -            348   1.1e-39  132.9  18.5   2   2   8.1e-29   1.5e-27   93.0   8.1   158   243    88   173    86   173 0.99 -
contig_44617_pilon:698-207            -            164 20728at314147        -            348   2.9e-38  128.3  24.8   1   2   1.1e-11     2e-10   36.7   1.4   241   302     3    67     1    72 0.85 -
contig_44617_pilon:698-207            -            164 20728at314147        -            348   2.9e-38  128.3  24.8   2   2   5.6e-32   1.1e-30  103.4  16.0   158   252    58   152    58   161 0.97 -
NW_025965233.1_RagTag:201413-205146   -            387 20728at314147        -            348   5.6e-35  117.4  29.2   1   1   6.4e-36   1.2e-34  116.4  29.2   149   317   205   374   187   380 0.90 -
contig_81532_pilon:2154-1714          -            147 20728at314147        -            348   4.1e-34  114.6  26.5   1   2   1.2e-19   2.3e-18   62.8  14.8   262   343     6    89     1    92 0.90 -
contig_81532_pilon:2154-1714          -            147 20728at314147        -            348   4.1e-34  114.6  26.5   2   2   4.3e-18   8.1e-17   57.7   4.8   153   210    90   147    87   147 0.93 -
NW_025965442.1_RagTag:53274-52825     -            150 20728at314147        -            348   1.2e-33  113.0  21.9   1   1   4.8e-34   9.1e-33  110.2  21.9   175   304    13   147     1   150 0.90 -
NW_025965277.1_RagTag:46400-46999     -            200 20728at314147        -            348     3e-33  111.7  29.9   1   1   1.1e-32     2e-31  105.8  29.9   147   342     1   199     1   200 0.90 -
contig_52188_pilon:2135-1716          -            140 20728at314147        -            348   1.3e-28   96.5  14.6   1   2   3.3e-10   6.2e-09   31.8   4.4   161   235     5    79     2    79 0.95 -
contig_52188_pilon:2135-1716          -            140 20728at314147        -            348   1.3e-28   96.5  14.6   2   2   1.4e-22   2.6e-21   72.5   5.4   174   240    74   140    67   140 0.97 -
NW_025965028.1_RagTag:357538-358857   -            372 20728at314147        -            348   6.5e-28   94.2  15.7   1   1   9.4e-29   1.8e-27   92.8  15.7   153   263   259   369   177   372 0.75 -
NW_025965071.1_RagTag:28831-29067     -             79 20728at314147        -            348   1.1e-24   83.6   9.6   1   1   6.8e-26   1.3e-24   83.4   9.6   175   244     4    73     2    77 0.97 -
NW_025965271.1_RagTag:644682-645221   -            180 20728at314147        -            348     1e-23   80.4  20.9   1   1      0.32         6    2.3   0.2    52    94    62   110    49   114 0.76 -
NW_025965374.1_RagTag:84617-82386     -            744 20728at314147        -            348   2.8e-23   79.0  81.2   1   7   9.8e-11   1.8e-09   33.5   7.8   264   324     4    64     1    72 0.69 -
NW_025965374.1_RagTag:84617-82386     -            744 20728at314147        -            348   2.8e-23   79.0  81.2   2   7   0.00021     0.004   12.7   6.8   264   343    73   156    66   162 0.65 -
NW_025965374.1_RagTag:84617-82386     -            744 20728at314147        -            348   2.8e-23   79.0  81.2   3   7      0.23       4.3    2.7   5.1   261   343   216   313   212   318 0.60 -
NW_025965374.1_RagTag:84617-82386     -            744 20728at314147        -            348   2.8e-23   79.0  81.2   4   7     0.013      0.25    6.8   1.0   185   340   290   347   281   355 0.52 -
NW_025965374.1_RagTag:84617-82386     -            744 20728at314147        -            348   2.8e-23   79.0  81.2   5   7   3.5e-05   0.00066   15.3   7.0   154   231   439   520   387   520 0.77 -
NW_025965374.1_RagTag:84617-82386     -            744 20728at314147        -            348   2.8e-23   79.0  81.2   6   7     2e-10   3.8e-09   32.5  18.5   213   345   442   585   441   588 0.75 -
NW_025965374.1_RagTag:84617-82386     -            744 20728at314147        -            348   2.8e-23   79.0  81.2   7   7   2.1e-05    0.0004   16.0   7.2   211   341   589   717   585   724 0.67 -
NW_025965297.1_RagTag:263440-264639   -            299 20728at314147        -            348   6.6e-18   61.3  16.5   1   2   2.7e-17   5.1e-16   55.1   6.7   265   344    73   152    63   154 0.96 -
NW_025965297.1_RagTag:263440-264639   -            299 20728at314147        -            348   6.6e-18   61.3  16.5   2   2   0.00045    0.0085   11.6   2.2   256   299   238   281   231   297 0.67 -
NW_025965341.1_RagTag:108306-108962   -            219 20728at314147        -            348   5.6e-17   58.3  18.7   1   2   8.1e-12   1.5e-10   37.1   6.3   163   263     4   106     1   107 0.87 -
NW_025965341.1_RagTag:108306-108962   -            219 20728at314147        -            348   5.6e-17   58.3  18.7   2   2   2.4e-07   4.5e-06   22.4   4.4   146   233   129   217   109   219 0.60 -
NW_025965468.1_RagTag:9888-9637       -             84 20728at314147        -            348   6.6e-16   54.7   7.4   1   1   3.8e-17   7.2e-16   54.6   7.4   162   246     1    84     1    84 0.93 -
NW_025965281.1_RagTag:529223-527331   -            631 20728at314147        -            348   1.6e-15   53.4  13.0   1   2   4.2e-07   7.9e-06   21.6   2.9   213   265   342   395   335   400 0.86 -
NW_025965281.1_RagTag:529223-527331   -            631 20728at314147        -            348   1.6e-15   53.4  13.0   2   2   1.4e-11   2.7e-10   36.3   2.5   151   234   454   537   435   549 0.82 -
NW_025965200.1_RagTag:17859-18600     -            178 20728at314147        -            348   1.3e-12   43.9   0.8   1   1     9e-14   1.7e-12   43.5   0.8   131   195   108   174    50   177 0.59 -
NW_025965375.1_RagTag:140298-139846   -            151 20728at314147        -            348   2.2e-11   39.8   7.3   1   2   1.2e-12   2.2e-11   39.8   7.3   232   343    10   122     5   125 0.81 -
NW_025965375.1_RagTag:140298-139846   -            151 20728at314147        -            348   2.2e-11   39.8   7.3   2   2      0.13       2.4    3.5   0.5   299   341   106   146   106   151 0.36 -
NW_025965054.1_RagTag:37673-36246     -            327 20728at314147        -            348   3.5e-11   39.2   6.2   1   3   1.9e-12   3.5e-11   39.2   6.2   169   242    65   139    59   151 0.85 -
NW_025965054.1_RagTag:37673-36246     -            327 20728at314147        -            348   3.5e-11   39.2   6.2   2   3    0.0079      0.15    7.5   3.3   181   220   196   235   168   252 0.69 -
NW_025965054.1_RagTag:37673-36246     -            327 20728at314147        -            348   3.5e-11   39.2   6.2   3   3      0.29       5.5    2.4   2.1   292   322   256   286   236   293 0.47 -
NW_025965324.1_RagTag:667565-665169   -            506 20728at314147        -            348   1.3e-10   37.3   8.8   1   2     1e-10     2e-09   33.4   5.0   187   229     1    43     1    52 0.58 -
NW_025965324.1_RagTag:667565-665169   -            506 20728at314147        -            348   1.3e-10   37.3   8.8   2   2     0.035      0.66    5.4   0.1   311   343   289   321   266   349 0.68 -
NW_025965182.1_RagTag:1739377-1739874 -            166 20728at314147        -            348   1.3e-07   27.4   4.1   1   2       1.9        35   -0.3   0.0   274   306    30    61    14    68 0.59 -
NW_025965182.1_RagTag:1739377-1739874 -            166 20728at314147        -            348   1.3e-07   27.4   4.1   2   2   1.3e-08   2.4e-07   26.6   3.0   141   213    94   166    52   166 0.67 -
NW_025965259.1_RagTag:163961-162513   -            483 20728at314147        -            348     2e-07   26.9   6.0   1   1   2.1e-08     4e-07   25.8   6.0   181   250   411   480   367   482 0.87 -
#
# Program:         hmmsearch
# Version:         3.1b2 (February 2015)
# Pipeline mode:   SEARCH
# Query file:      /home/bgerda/guppy_SUP/busco_downloads/lineages/glires_odb10/hmms/20728at314147.hmm
# Target file:     /home/bgerda/guppy_SUP/busco_results/run_glires_odb10/metaeuk_output/initial_results/ragtag.scaffold.fasta.modified.fas
# Option settings: hmmsearch --domtblout /home/bgerda/guppy_SUP/busco_results/run_glires_odb10/hmmer_output/initial_run_results/20728at314147.out --cpu 1 /home/bgerda/guppy_SUP/busco_downloads/lineages/glires_odb10/hmms/20728at314147.hmm /home/bgerda/guppy_SUP/busco_results/run_glires_odb10/metaeuk_output/initial_results/ragtag.scaffold.fasta.modified.fas 
# Current dir:     /home/bgerda/guppy_SUP
# Date:            Sun May 21 15:02:22 2023
# [ok]
