#                                                                                             --- full sequence --- -------------- this domain -------------   hmm coord   ali coord   env coord
# target name                         accession   tlen query name           accession   qlen   E-value  score  bias   #  of  c-Evalue  i-Evalue  score  bias  from    to  from    to  from    to  acc description of target
#                 ------------------- ---------- ----- -------------------- ---------- ----- --------- ------ ----- --- --- --------- --------- ------ ----- ----- ----- ----- ----- ----- ----- ---- ---------------------
NW_025965314.1_RagTag:120014-121839   -            303 21087at314147        -            368   3.9e-45  151.0  23.5   1   1   3.3e-46     5e-45  150.7  23.5    10   291    15   298     8   302 0.89 -
NW_025965323.1_RagTag:1329524-1328619 -            302 21087at314147        -            368     1e-23   80.5  18.5   1   1   8.6e-25   1.3e-23   80.2  18.5    21   294     4   285     1   299 0.79 -
NW_025965319.1_RagTag:190216-191286   -            357 21087at314147        -            368   5.6e-23   78.1  13.9   1   1   4.8e-24   7.3e-23   77.7  13.9    10   283    29   300    23   347 0.79 -
NW_025965278.1_RagTag:272984-272433   -            184 21087at314147        -            368   4.7e-21   71.8   4.4   1   1   3.4e-22   5.2e-21   71.6   4.4   106   292     1   183     1   184 0.85 -
NW_025965256.1_RagTag:848873-850198   -            442 21087at314147        -            368   9.2e-19   64.2  14.5   1   2   1.5e-14   2.2e-13   46.5  10.3    16   193    30   217    18   222 0.84 -
NW_025965256.1_RagTag:848873-850198   -            442 21087at314147        -            368   9.2e-19   64.2  14.5   2   2   2.1e-06   3.2e-05   19.7   0.1   209   299   259   353   243   369 0.78 -
contig_25261_pilon:2046-1063          -            328 21087at314147        -            368   4.3e-18   62.0  17.8   1   1     4e-19   6.1e-18   61.5  17.8    10   288    24   310    18   317 0.79 -
contig_67641_pilon:774-58             -            239 21087at314147        -            368   5.8e-18   61.6  16.1   1   1   7.4e-19   1.1e-17   60.7  16.1    16   241     8   236     2   239 0.76 -
NW_025965321.1_RagTag:4466482-4467336 -            285 21087at314147        -            368   1.1e-16   57.4  19.5   1   1   1.6e-17   2.4e-16   56.3  19.5    15   246    29   252    23   264 0.81 -
NW_025965108.1_RagTag:146371-147354   -            328 21087at314147        -            368   1.2e-16   57.2   3.9   1   1   1.2e-17   1.8e-16   56.7   3.9    15   281    40   318    29   326 0.73 -
NW_025965307.1_RagTag:988946-990586   -            547 21087at314147        -            368   2.4e-15   53.0  27.5   1   2     4e-16     6e-15   51.7  15.8     5   190    64   250    62   256 0.86 -
NW_025965307.1_RagTag:988946-990586   -            547 21087at314147        -            368   2.4e-15   53.0  27.5   2   2     0.014      0.22    7.1   3.8   213   284   480   547   469   547 0.77 -
NW_025965161.1_RagTag:422252-421546   -            215 21087at314147        -            368   3.3e-14   49.2   5.1   1   1   2.7e-15     4e-14   49.0   5.1    33   195    42   213    34   215 0.79 -
NW_025965230.1_RagTag:349910-348756   -            385 21087at314147        -            368   4.5e-14   48.8   7.6   1   1   5.8e-15   8.8e-14   47.8   7.6    10   291    41   326    36   333 0.80 -
NW_025965148.1_RagTag:252022-250949   -            288 21087at314147        -            368   1.3e-13   47.3  13.5   1   1     1e-14   1.5e-13   47.1  13.5     4   240    42   276    39   285 0.84 -
NW_025965421.1_RagTag:181828-182494   -            201 21087at314147        -            368   4.2e-12   42.3   6.5   1   2     1e-12   1.5e-11   40.5   0.2    71   191     6   125     2   132 0.90 -
NW_025965421.1_RagTag:181828-182494   -            201 21087at314147        -            368   4.2e-12   42.3   6.5   2   2      0.12       1.9    4.0   3.5   219   288   128   198   122   201 0.78 -
NW_025965322.1_RagTag:1962882-1961488 -            283 21087at314147        -            368   2.8e-11   39.6   6.6   1   2   8.6e-09   1.3e-07   27.5   4.2    11   117    46   151    40   171 0.85 -
NW_025965322.1_RagTag:1962882-1961488 -            283 21087at314147        -            368   2.8e-11   39.6   6.6   2   2   0.00029    0.0044   12.6   0.0   219   294   191   271   168   281 0.83 -
contig_70120_pilon:672-1550           -            293 21087at314147        -            368   9.3e-10   34.6   7.5   1   2   1.5e-10   2.2e-09   33.3   4.0    13   129    15   137    11   215 0.84 -
contig_70120_pilon:672-1550           -            293 21087at314147        -            368   9.3e-10   34.6   7.5   2   2      0.25       3.8    3.0   0.1   244   291   244   291   226   293 0.81 -
contig_36220_pilon:1250-2170          -            307 21087at314147        -            368   1.1e-09   34.4  15.9   1   1   1.7e-09   2.6e-08   29.8  15.9    20   288    36   299    21   306 0.71 -
NW_025965123.1_RagTag:1731968-1727011 -            307 21087at314147        -            368   1.2e-09   34.3   6.0   1   3   7.7e-11   1.2e-09   34.3   6.0     5   125    26   144    22   159 0.84 -
NW_025965123.1_RagTag:1731968-1727011 -            307 21087at314147        -            368   1.2e-09   34.3   6.0   2   3       3.4        51   -0.7   1.2   229   247   209   229   141   262 0.45 -
NW_025965123.1_RagTag:1731968-1727011 -            307 21087at314147        -            368   1.2e-09   34.3   6.0   3   3       1.3        20    0.6   0.0   257   292   272   307   254   307 0.79 -
contig_45643_pilon:1987-1068          -            303 21087at314147        -            368   1.9e-09   33.6   3.2   1   2   1.2e-10   1.9e-09   33.6   3.2     8   119    25   135    19   170 0.82 -
contig_45643_pilon:1987-1068          -            303 21087at314147        -            368   1.9e-09   33.6   3.2   2   2       4.8        73   -1.3   2.8     9    83   193   274   185   296 0.53 -
NW_025965295.1_RagTag:980802-979558   -            415 21087at314147        -            368   2.6e-09   33.1  25.1   1   1   2.8e-10   4.2e-09   32.4  25.1     5   245    89   326    85   372 0.74 -
NW_025965057.1_RagTag:7578-6664       -            305 21087at314147        -            368   2.7e-09   33.1  12.1   1   2   5.2e-10   7.8e-09   31.6  11.2     3   152    20   170    18   227 0.75 -
NW_025965057.1_RagTag:7578-6664       -            305 21087at314147        -            368   2.7e-09   33.1  12.1   2   2       2.7        42   -0.4   0.0   265   294   274   303   269   305 0.80 -
NW_025965182.1_RagTag:1860934-1875271 -            176 21087at314147        -            368   3.3e-09   32.8   4.3   1   1   2.4e-10   3.7e-09   32.6   4.3    19   130    32   142    17   166 0.77 -
NW_025965316.1_RagTag:3971734-3971041 -            182 21087at314147        -            368     4e-09   32.5   3.9   1   2   5.3e-05   0.00081   15.1   0.1    13    57    38    84    33    90 0.86 -
NW_025965316.1_RagTag:3971734-3971041 -            182 21087at314147        -            368     4e-09   32.5   3.9   2   2   5.6e-06   8.6e-05   18.3   1.2   125   193   104   171    90   181 0.85 -
NW_025965266.1_RagTag:245866-244338   -            282 21087at314147        -            368   4.5e-09   32.4   6.5   1   1   3.9e-10     6e-09   31.9   6.5    11   134    47   173    42   233 0.80 -
NW_025965008.1_RagTag:173497-172592   -            302 21087at314147        -            368   7.7e-09   31.6  11.4   1   2   1.8e-09   2.7e-08   29.8   5.0    11   117    27   133    18   168 0.79 -
NW_025965008.1_RagTag:173497-172592   -            302 21087at314147        -            368   7.7e-09   31.6  11.4   2   2     0.036      0.54    5.8   0.1   261   291   272   302   245   302 0.84 -
NW_025965313.1_RagTag:68335-68856     -            174 21087at314147        -            368   7.9e-09   31.5   8.5   1   1   6.5e-10   9.8e-09   31.2   8.5    14   142    30   156    19   171 0.74 -
contig_27735_pilon:522-1              -            174 21087at314147        -            368   1.2e-08   30.9   4.4   1   1   9.6e-10   1.5e-08   30.7   4.4    19   138    44   165    29   172 0.79 -
NW_025965146.1_RagTag:98919-98025     -            285 21087at314147        -            368     2e-08   30.2  11.8   1   2   2.9e-09   4.5e-08   29.1  11.4    20   196    34   208    16   227 0.79 -
NW_025965146.1_RagTag:98919-98025     -            285 21087at314147        -            368     2e-08   30.2  11.8   2   2         5        76   -1.3   0.0   264   288   256   280   251   284 0.73 -
NW_025965101.1_RagTag:53703-52790     -            302 21087at314147        -            368   2.1e-08   30.1   1.6   1   2   1.4e-09   2.1e-08   30.1   1.6    16   141    26   153    15   166 0.80 -
NW_025965101.1_RagTag:53703-52790     -            302 21087at314147        -            368   2.1e-08   30.1   1.6   2   2       2.2        33   -0.1   0.1   264   292   266   294   230   299 0.80 -
contig_75679_pilon:823-1677           -            285 21087at314147        -            368   2.2e-08   30.1   7.4   1   2   1.4e-09   2.2e-08   30.1   7.4    15   139    29   151    19   164 0.84 -
contig_75679_pilon:823-1677           -            285 21087at314147        -            368   2.2e-08   30.1   7.4   2   2      0.46       7.1    2.1   2.4   252   304   190   248   153   276 0.71 -
contig_72985_pilon:1524-2407          -            293 21087at314147        -            368     1e-07   27.9   8.4   1   1   6.9e-09     1e-07   27.9   8.4     4   135    23   155    20   171 0.81 -
contig_68255_pilon:881-34             -            243 21087at314147        -            368     3e-07   26.4   0.8   1   2     2e-08     3e-07   26.4   0.8    19   120    31   130    16   137 0.79 -
contig_68255_pilon:881-34             -            243 21087at314147        -            368     3e-07   26.4   0.8   2   2         5        77   -1.3   0.1   226   255   165   196   154   223 0.56 -
NW_025965426.1_RagTag:108406-107512   -            294 21087at314147        -            368   3.1e-07   26.3   5.3   1   2     2e-08   3.1e-07   26.3   5.3    19   145    29   157    21   201 0.80 -
NW_025965426.1_RagTag:108406-107512   -            294 21087at314147        -            368   3.1e-07   26.3   5.3   2   2        10   1.5e+02   -2.3   0.1   257   286   265   293   227   294 0.56 -
contig_56588_pilon:2331-1552          -            260 21087at314147        -            368   4.9e-07   25.6   6.4   1   1   6.7e-08     1e-06   24.6   6.4    23   136     1   112     1   143 0.85 -
NW_025965320.1_RagTag:846033-845584   -            150 21087at314147        -            368     5e-07   25.6   2.4   1   1   3.7e-08   5.6e-07   25.5   2.4     4   117    17   129    14   149 0.85 -
NW_025965313.1_RagTag:1751145-1670390 -            284 21087at314147        -            368   6.7e-07   25.2  10.0   1   3   4.4e-08   6.7e-07   25.2  10.0     4   118     5   118     3   158 0.74 -
NW_025965313.1_RagTag:1751145-1670390 -            284 21087at314147        -            368   6.7e-07   25.2  10.0   2   3       2.7        41   -0.4   0.7   300   360   163   223   122   233 0.57 -
NW_025965313.1_RagTag:1751145-1670390 -            284 21087at314147        -            368   6.7e-07   25.2  10.0   3   3       3.3        51   -0.7   0.0   262   291   250   279   222   283 0.76 -
NW_025965324.1_RagTag:3944201-3943282 -            303 21087at314147        -            368     1e-06   24.6   4.7   1   2   6.7e-08     1e-06   24.6   4.7    15   118    34   137    23   166 0.74 -
NW_025965324.1_RagTag:3944201-3943282 -            303 21087at314147        -            368     1e-06   24.6   4.7   2   2      0.79        12    1.3   0.0   257   292   267   302   236   303 0.79 -
contig_26960_pilon:500-1427           -            307 21087at314147        -            368   1.3e-06   24.2   2.5   1   2   9.8e-05    0.0015   14.2   1.5    19   116    33   128    22   159 0.80 -
contig_26960_pilon:500-1427           -            307 21087at314147        -            368   1.3e-06   24.2   2.5   2   2    0.0044     0.066    8.8   0.0   262   294   270   301   266   304 0.85 -
NW_025965331.1_RagTag:96539-117568    -            286 21087at314147        -            368     2e-06   23.7   8.2   1   2   1.1e-06   1.7e-05   20.6   6.4    15   145    23   146    14   211 0.79 -
NW_025965331.1_RagTag:96539-117568    -            286 21087at314147        -            368     2e-06   23.7   8.2   2   2      0.24       3.6    3.1   0.0   255   293   247   285   227   286 0.83 -
contig_9927_pilon:1816-941            -            292 21087at314147        -            368   2.5e-06   23.3   5.7   1   2   4.7e-06   7.1e-05   18.5   3.0    19   121    20   122     6   175 0.82 -
contig_9927_pilon:1816-941            -            292 21087at314147        -            368   2.5e-06   23.3   5.7   2   2     0.047      0.72    5.4   0.0   261   295   258   291   232   292 0.81 -
NW_025965008.1_RagTag:225275-198964   -            308 21087at314147        -            368   2.6e-06   23.2  10.2   1   2   2.4e-07   3.7e-06   22.7   5.6    17   128    31   141    20   160 0.75 -
NW_025965008.1_RagTag:225275-198964   -            308 21087at314147        -            368   2.6e-06   23.2  10.2   2   2      0.34       5.2    2.5   0.1   241   293   250   302   233   306 0.84 -
NW_025965151.1_RagTag:195671-193812   -            137 21087at314147        -            368   2.8e-06   23.1   4.1   1   1     2e-07     3e-06   23.0   4.1   218   289    68   136    27   137 0.85 -
NW_025965426.1_RagTag:63389-64287     -            296 21087at314147        -            368   2.9e-06   23.1   4.5   1   3   1.9e-07   2.9e-06   23.1   4.5    11   134    23   146    17   158 0.84 -
NW_025965426.1_RagTag:63389-64287     -            296 21087at314147        -            368   2.9e-06   23.1   4.5   2   3       7.1   1.1e+02   -1.8   1.2   106   108   210   212   164   274 0.56 -
NW_025965426.1_RagTag:63389-64287     -            296 21087at314147        -            368   2.9e-06   23.1   4.5   3   3       4.8        73   -1.3   0.2   244   287   251   293   220   295 0.61 -
NW_025965054.1_RagTag:8387-7808       -            191 21087at314147        -            368   3.3e-06   22.9   0.7   1   1   2.6e-07   3.9e-06   22.7   0.7    21   140    35   156    20   173 0.77 -
NW_025965313.1_RagTag:1751145-1728168 -            287 21087at314147        -            368   3.3e-06   22.9   6.9   1   2   5.1e-07   7.7e-06   21.7   4.4     4   110     5   110     3   141 0.79 -
NW_025965313.1_RagTag:1751145-1728168 -            287 21087at314147        -            368   3.3e-06   22.9   6.9   2   2      0.72        11    1.5   0.0   244   292   234   282   213   286 0.77 -
NW_025965313.1_RagTag:1671318-1670390 -            280 21087at314147        -            368   3.8e-06   22.7   3.5   1   2   2.5e-07   3.8e-06   22.7   3.5     3   113    23   132    21   151 0.83 -
NW_025965313.1_RagTag:1671318-1670390 -            280 21087at314147        -            368   3.8e-06   22.7   3.5   2   2       3.4        52   -0.8   0.0   262   291   246   275   220   279 0.77 -
NW_025965250.1_RagTag:33251-32712     -            180 21087at314147        -            368   4.1e-06   22.6   8.4   1   1   3.2e-07   4.9e-06   22.4   8.4    23   144     1   124     1   174 0.77 -
contig_14807_pilon:1454-642           -            271 21087at314147        -            368   4.2e-06   22.6   9.7   1   2   1.3e-06   1.9e-05   20.4   6.4    18   126     4   120     1   212 0.82 -
contig_14807_pilon:1454-642           -            271 21087at314147        -            368   4.2e-06   22.6   9.7   2   2      0.14       2.1    3.8   0.1   258   287   239   268   206   271 0.81 -
NW_025965305.1_RagTag:1670313-1671239 -            309 21087at314147        -            368   4.4e-06   22.5   8.5   1   3   2.9e-07   4.4e-06   22.5   8.5     4   142    19   160    16   172 0.82 -
NW_025965305.1_RagTag:1670313-1671239 -            309 21087at314147        -            368   4.4e-06   22.5   8.5   2   3       4.1        62   -1.0   0.1   109   136   189   218   179   235 0.74 -
NW_025965305.1_RagTag:1670313-1671239 -            309 21087at314147        -            368   4.4e-06   22.5   8.5   3   3      0.49       7.5    2.0   0.0   266   295   275   304   266   307 0.83 -
NW_025965230.1_RagTag:1052533-1051634 -            300 21087at314147        -            368   6.3e-06   22.0  12.4   1   1   3.6e-05   0.00055   15.6  12.4    15   290    27   297    16   300 0.60 -
NW_025965223.1_RagTag:142410-141492   -            298 21087at314147        -            368   7.2e-06   21.8  10.6   1   2   1.2e-06   1.8e-05   20.5   7.1    17   138    29   152    18   169 0.71 -
NW_025965223.1_RagTag:142410-141492   -            298 21087at314147        -            368   7.2e-06   21.8  10.6   2   2      0.38       5.8    2.4   0.0   264   294   263   293   233   297 0.80 -
NW_025965008.1_RagTag:181569-177125   -            147 21087at314147        -            368   7.8e-06   21.7   1.4   1   1     6e-07   9.1e-06   21.5   1.4    17   116    25   117    13   138 0.79 -
NW_025965352.1_RagTag:41208-40264     -            315 21087at314147        -            368   9.8e-06   21.4  11.6   1   1     9e-07   1.4e-05   20.9  11.6    12   196    36   232    31   305 0.69 -
contig_19626_pilon:1309-2243          -            310 21087at314147        -            368   1.2e-05   21.1  15.8   1   3     9e-07   1.4e-05   20.9   5.8     6   115    25   131    21   138 0.75 -
contig_19626_pilon:1309-2243          -            310 21087at314147        -            368   1.2e-05   21.1  15.8   2   3      0.18       2.7    3.5   1.2    74   133   144   208   138   240 0.80 -
contig_19626_pilon:1309-2243          -            310 21087at314147        -            368   1.2e-05   21.1  15.8   3   3      0.76        12    1.4   0.0   263   294   274   305   266   309 0.83 -
contig_16391_pilon:1986-1069          -            306 21087at314147        -            368   1.5e-05   20.8  16.0   1   3   3.9e-06   5.9e-05   18.8   8.7    13   138    29   156    19   174 0.75 -
contig_16391_pilon:1986-1069          -            306 21087at314147        -            368   1.5e-05   20.8  16.0   2   3       1.5        23    0.4   0.1   268   298   212   242   198   270 0.74 -
contig_16391_pilon:1986-1069          -            306 21087at314147        -            368   1.5e-05   20.8  16.0   3   3      0.05      0.76    5.3   0.1   246   292   257   303   243   306 0.80 -
NW_025965203.1_RagTag:474886-475707   -            274 21087at314147        -            368   1.9e-05   20.4   6.8   1   1   1.5e-06   2.3e-05   20.2   6.8    16   127    21   129    11   209 0.75 -
NW_025965305.1_RagTag:1667672-1666791 -            294 21087at314147        -            368   2.2e-05   20.2   2.9   1   2   1.4e-06   2.2e-05   20.2   2.9     4   144    19   162    16   167 0.78 -
NW_025965305.1_RagTag:1667672-1666791 -            294 21087at314147        -            368   2.2e-05   20.2   2.9   2   2       2.7        41   -0.4   0.6    30    65   213   248   192   290 0.67 -
NW_025965426.1_RagTag:121557-84814    -            303 21087at314147        -            368   2.4e-05   20.1  10.4   1   1   2.7e-06   4.1e-05   19.3  10.4    18   140    32   156    16   296 0.82 -
NW_025965123.1_RagTag:1720466-1719549 -            306 21087at314147        -            368   2.5e-05   20.1  19.1   1   1   1.4e-05   0.00022   16.9  19.1     7   293    20   299    15   306 0.77 -
NW_025965209.1_RagTag:637992-638492   -            167 21087at314147        -            368   3.2e-05   19.7   8.6   1   1   3.1e-06   4.7e-05   19.1   8.6   181   298    43   159    26   166 0.65 -
contig_30879_pilon:3573-2646          -            305 21087at314147        -            368   4.4e-05   19.2  12.8   1   1   0.00026    0.0039   12.8  12.8    17   115    31   129    15   304 0.83 -
contig_11065_pilon:1219-299           -            307 21087at314147        -            368   4.6e-05   19.2  11.6   1   1     4e-05    0.0006   15.5  11.6    20   292    39   305    26   307 0.79 -
NW_025965101.1_RagTag:63953-64872     -            304 21087at314147        -            368   4.6e-05   19.1   7.8   1   2   4.1e-05   0.00063   15.4   5.9    20   130    32   145    17   235 0.78 -
NW_025965101.1_RagTag:63953-64872     -            304 21087at314147        -            368   4.6e-05   19.1   7.8   2   2      0.15       2.2    3.7   0.0   262   294   267   299   264   304 0.87 -
NW_025965203.1_RagTag:477707-478475   -            252 21087at314147        -            368   4.9e-05   19.1   7.3   1   2     0.002      0.03    9.9   6.6    45   132    10   100     4   172 0.74 -
NW_025965203.1_RagTag:477707-478475   -            252 21087at314147        -            368   4.9e-05   19.1   7.3   2   2    0.0083      0.13    7.8   0.0   245   292   201   248   182   251 0.88 -
contig_45575_pilon:1116-2019          -            297 21087at314147        -            368   5.7e-05   18.8   2.3   1   2   3.8e-06   5.7e-05   18.8   2.3    28   141    42   153    33   164 0.79 -
contig_45575_pilon:1116-2019          -            297 21087at314147        -            368   5.7e-05   18.8   2.3   2   2         2        30    0.0   0.1   244   298   181   236   163   273 0.69 -
NW_025965123.1_RagTag:1827929-1828831 -            301 21087at314147        -            368   5.8e-05   18.8   1.8   1   1   3.8e-06   5.8e-05   18.8   1.8    10   117    22   129    16   168 0.84 -
NW_025965008.1_RagTag:228222-228746   -            175 21087at314147        -            368   6.1e-05   18.7   2.0   1   1   4.9e-06   7.4e-05   18.5   2.0    10   134    27   152    19   169 0.75 -
contig_31446_pilon:644-132            -            171 21087at314147        -            368   6.4e-05   18.7   1.5   1   1     5e-06   7.7e-05   18.4   1.5    18   131    34   149    18   163 0.83 -
NW_025965426.1_RagTag:28179-27304     -            292 21087at314147        -            368   7.8e-05   18.4  13.0   1   1   5.1e-06   7.8e-05   18.4  13.0    13   189    19   198    11   209 0.71 -
contig_57973_pilon:1283-390           -            298 21087at314147        -            368   8.6e-05   18.3   2.5   1   2   5.7e-06   8.6e-05   18.3   2.5    20   117    28   125    12   166 0.74 -
contig_57973_pilon:1283-390           -            298 21087at314147        -            368   8.6e-05   18.3   2.5   2   2       3.6        55   -0.9   0.0   248   298   183   234   163   242 0.72 -
NW_025965315.1_RagTag:2528403-2529299 -            299 21087at314147        -            368   9.1e-05   18.2  14.2   1   1     8e-06   0.00012   17.8  14.2    20   238    34   257    21   294 0.73 -
NW_025965008.1_RagTag:160459-161301   -            281 21087at314147        -            368   9.5e-05   18.1   9.7   1   2   0.00045    0.0068   12.0   2.5    25   121    14   110     3   139 0.75 -
NW_025965008.1_RagTag:160459-161301   -            281 21087at314147        -            368   9.5e-05   18.1   9.7   2   2    0.0013      0.02   10.5   0.2   240   294   224   278   210   280 0.90 -
NW_025965352.1_RagTag:14173-14790     -            206 21087at314147        -            368    0.0001   18.0   7.9   1   1   7.2e-06   0.00011   17.9   7.3    12   139    26   151    20   178 0.80 -
NW_025965317.1_RagTag:2638743-2639617 -            279 21087at314147        -            368   0.00012   17.8   6.3   1   2   0.00013     0.002   13.7   6.2    19   117    18   116     9   223 0.80 -
NW_025965317.1_RagTag:2638743-2639617 -            279 21087at314147        -            368   0.00012   17.8   6.3   2   2      0.73        11    1.4   0.0   262   287   250   275   242   278 0.83 -
NW_025965140.1_RagTag:855571-854690   -            294 21087at314147        -            368   0.00012   17.7  14.3   1   2   8.3e-05    0.0013   14.4   8.9    17   116    29   128    18   160 0.82 -
NW_025965140.1_RagTag:855571-854690   -            294 21087at314147        -            368   0.00012   17.7  14.3   2   2     0.019      0.29    6.7   0.2   255   328   195   266   171   291 0.78 -
NW_025965431.1_RagTag:7750-16805      -            271 21087at314147        -            368   0.00013   17.7   6.5   1   4     0.013       0.2    7.2   0.1    15    56    27    68    17    76 0.86 -
NW_025965431.1_RagTag:7750-16805      -            271 21087at314147        -            368   0.00013   17.7   6.5   2   4      0.14       2.2    3.8   0.1    93   128    81   118    74   142 0.70 -
NW_025965431.1_RagTag:7750-16805      -            271 21087at314147        -            368   0.00013   17.7   6.5   3   4       3.7        56   -0.9   0.3    17    43   173   198   160   231 0.41 -
NW_025965431.1_RagTag:7750-16805      -            271 21087at314147        -            368   0.00013   17.7   6.5   4   4     0.005     0.076    8.6   0.1   244   292   221   269   203   271 0.82 -
NW_025965305.1_RagTag:1702982-1703461 -            160 21087at314147        -            368    0.0002   17.1   6.0   1   1   1.5e-05   0.00023   16.8   6.0    15   117    27   129     9   158 0.77 -
NW_025965405.1_RagTag:33522-34382     -            287 21087at314147        -            368   0.00021   17.0   7.6   1   1   1.4e-05   0.00021   17.0   7.6    15   135    31   149    19   171 0.71 -
NW_025965313.1_RagTag:74990-75835     -            254 21087at314147        -            368   0.00026   16.7  12.1   1   3   0.00023    0.0034   13.0   7.1    46   118     3    81     1   105 0.76 -
NW_025965313.1_RagTag:74990-75835     -            254 21087at314147        -            368   0.00026   16.7  12.1   2   3         5        76   -1.3   0.1   280   359   109   191    84   199 0.57 -
NW_025965313.1_RagTag:74990-75835     -            254 21087at314147        -            368   0.00026   16.7  12.1   3   3     0.027      0.41    6.1   0.0   256   294   211   249   184   254 0.84 -
NW_025965431.1_RagTag:15900-16817     -            278 21087at314147        -            368   0.00041   16.0  10.4   1   3   0.00056    0.0085   11.7   2.5    13    90    26   103    18   120 0.80 -
NW_025965431.1_RagTag:15900-16817     -            278 21087at314147        -            368   0.00041   16.0  10.4   2   3       3.5        53   -0.8   0.2    19    43   178   201   164   238 0.41 -
NW_025965431.1_RagTag:15900-16817     -            278 21087at314147        -            368   0.00041   16.0  10.4   3   3    0.0035     0.053    9.1   0.1   244   293   224   273   206   277 0.81 -
contig_45284_pilon:1194-2101          -            300 21087at314147        -            368   0.00044   15.9  21.5   1   1   0.00055    0.0084   11.7  21.5    20   190    33   212    22   299 0.70 -
NW_025965320.1_RagTag:876881-875964   -            306 21087at314147        -            368   0.00046   15.9  13.2   1   1   4.3e-05   0.00066   15.3  12.9     6   192    28   218    24   242 0.72 -
NW_025965138.1_RagTag:13922-13067     -            279 21087at314147        -            368    0.0005   15.7  10.6   1   1   0.00012    0.0019   13.8  10.6    15   141    15   143     4   278 0.85 -
NW_025965140.1_RagTag:1050730-1049929 -            265 21087at314147        -            368   0.00073   15.2   9.8   1   1   0.00077     0.012   11.2   9.8    25   142     1   118     1   265 0.81 -
NW_025965407.1_RagTag:8729-7857       -            291 21087at314147        -            368   0.00075   15.2   1.0   1   2   4.9e-05   0.00075   15.2   1.0    16   118    28   130    16   171 0.75 -
NW_025965407.1_RagTag:8729-7857       -            291 21087at314147        -            368   0.00075   15.2   1.0   2   2      0.47       7.1    2.1   1.1   252   298   192   238   149   263 0.67 -
contig_48637_pilon:1314-624           -            228 21087at314147        -            368   0.00075   15.2  10.2   1   2   8.3e-05    0.0013   14.4   9.8     4   138    17   150    15   213 0.76 -
contig_48637_pilon:1314-624           -            228 21087at314147        -            368   0.00075   15.2  10.2   2   2       5.4        82   -1.4   0.1   119   147   192   220   179   226 0.55 -
NW_025965307.1_RagTag:60822-79022     -            238 21087at314147        -            368   0.00088   14.9   3.6   1   2   8.1e-05    0.0012   14.4   2.3    18   136    32   152    18   170 0.76 -
NW_025965307.1_RagTag:60822-79022     -            238 21087at314147        -            368   0.00088   14.9   3.6   2   2       2.7        41   -0.4   0.0   257   291   203   237   171   238 0.73 -
NW_025965320.1_RagTag:878457-875958   -            300 21087at314147        -            368   0.00089   14.9  14.0   1   1   8.6e-05    0.0013   14.4  13.4    13   191    26   209    16   220 0.70 -
contig_59306_pilon:1448-2247          -            258 21087at314147        -            368    0.0009   14.9   3.4   1   3   0.00017    0.0026   13.4   1.0    21   115     6   100     3   133 0.80 -
contig_59306_pilon:1448-2247          -            258 21087at314147        -            368    0.0009   14.9   3.4   2   3       7.1   1.1e+02   -1.8   0.0   274   298   178   202   171   228 0.78 -
contig_59306_pilon:1448-2247          -            258 21087at314147        -            368    0.0009   14.9   3.4   3   3      0.86        13    1.2   0.0   259   285   230   256   197   258 0.76 -
NW_025965320.1_RagTag:837490-836582   -            303 21087at314147        -            368    0.0014   14.3  11.1   1   3   0.00016    0.0024   13.5   7.9    14   143    30   161    20   221 0.79 -
NW_025965320.1_RagTag:837490-836582   -            303 21087at314147        -            368    0.0014   14.3  11.1   2   3       2.1        32   -0.1   0.3   266   298   210   242   160   256 0.71 -
NW_025965320.1_RagTag:837490-836582   -            303 21087at314147        -            368    0.0014   14.3  11.1   3   3       1.5        23    0.4   0.0   260   291   271   302   228   303 0.83 -
NW_025965235.1_RagTag:62953-62088     -            287 21087at314147        -            368    0.0017   14.0   9.5   1   2   6.1e-05   0.00092   14.9   6.3    19   131    38   150    27   230 0.67 -
NW_025965235.1_RagTag:62953-62088     -            287 21087at314147        -            368    0.0017   14.0   9.5   2   2       2.9        44   -0.5   1.5   224   280   205   258   180   267 0.56 -
NW_025965431.1_RagTag:38801-37884     -            306 21087at314147        -            368    0.0039   12.8  14.0   1   2   0.00074     0.011   11.3  12.8     4   117    21   133    18   243 0.73 -
NW_025965431.1_RagTag:38801-37884     -            306 21087at314147        -            368    0.0039   12.8  14.0   2   2         3        45   -0.6   0.0   262   290   273   301   234   306 0.74 -
NW_025965233.1_RagTag:206241-207158   -            306 21087at314147        -            368     0.032    9.8  12.2   1   2    0.0025     0.037    9.6   8.4     4   132    20   149    17   224 0.82 -
NW_025965233.1_RagTag:206241-207158   -            306 21087at314147        -            368     0.032    9.8  12.2   2   2      0.44       6.6    2.2   0.1   267   294   277   304   235   306 0.80 -
#
# Program:         hmmsearch
# Version:         3.1b2 (February 2015)
# Pipeline mode:   SEARCH
# Query file:      /home/bgerda/guppy_SUP/busco_downloads/lineages/glires_odb10/hmms/21087at314147.hmm
# Target file:     /home/bgerda/guppy_SUP/busco_results/run_glires_odb10/metaeuk_output/initial_results/ragtag.scaffold.fasta.modified.fas
# Option settings: hmmsearch --domtblout /home/bgerda/guppy_SUP/busco_results/run_glires_odb10/hmmer_output/initial_run_results/21087at314147.out --cpu 1 /home/bgerda/guppy_SUP/busco_downloads/lineages/glires_odb10/hmms/21087at314147.hmm /home/bgerda/guppy_SUP/busco_results/run_glires_odb10/metaeuk_output/initial_results/ragtag.scaffold.fasta.modified.fas 
# Current dir:     /home/bgerda/guppy_SUP
# Date:            Sun May 21 15:02:29 2023
# [ok]
