#                                                                                             --- full sequence --- -------------- this domain -------------   hmm coord   ali coord   env coord
# target name                         accession   tlen query name           accession   qlen   E-value  score  bias   #  of  c-Evalue  i-Evalue  score  bias  from    to  from    to  from    to  acc description of target
#                 ------------------- ---------- ----- -------------------- ---------- ----- --------- ------ ----- --- --- --------- --------- ------ ----- ----- ----- ----- ----- ----- ----- ---- ---------------------
NW_025965188.1_RagTag:479145-479711   -            189 22353at314147        -            361   5.5e-15   52.0   0.0   1   2   5.8e-09   9.1e-07   25.0   0.0   108   172    40   104    29   108 0.94 -
NW_025965188.1_RagTag:479145-479711   -            189 22353at314147        -            361   5.5e-15   52.0   0.0   2   2   6.5e-09     1e-06   24.8   0.1   113   169   125   180   109   185 0.54 -
NW_025965344.1_RagTag:44201-38800     -            204 22353at314147        -            361   1.9e-07   27.2   0.0   1   2   3.7e-07   5.9e-05   19.1   0.0   218   276    81   139    75   144 0.92 -
NW_025965344.1_RagTag:44201-38800     -            204 22353at314147        -            361   1.9e-07   27.2   0.0   2   2    0.0018      0.29    6.9   0.0   101   146   140   184   138   190 0.81 -
NW_025965352.1_RagTag:113601-115367   -            318 22353at314147        -            361   5.2e-07   25.8   0.0   1   1   4.4e-09   6.9e-07   25.4   0.0   127   172     2    47     1    65 0.88 -
NW_025965163.1_RagTag:39467-30573     -            761 22353at314147        -            361   6.5e-07   25.5   1.9   1   2     6e-08   9.5e-06   21.7   0.2   124   169   446   492   418   500 0.84 -
NW_025965163.1_RagTag:39467-30573     -            761 22353at314147        -            361   6.5e-07   25.5   1.9   2   2     0.013         2    4.2   0.4   103   160   493   549   489   562 0.76 -
NW_025965276.1_RagTag:401916-402389   -            158 22353at314147        -            361   1.2e-06   24.6   0.4   1   2   0.00019      0.03   10.1   0.0   156   217     8    79     4    85 0.55 -
NW_025965276.1_RagTag:401916-402389   -            158 22353at314147        -            361   1.2e-06   24.6   0.4   2   2   3.1e-05    0.0049   12.7   0.0    95   157    86   150    82   156 0.86 -
NW_025965288.1_RagTag:116054-117744   -            294 22353at314147        -            361   6.9e-06   22.1   0.0   1   1   9.7e-08   1.5e-05   21.0   0.0   220   274   104   158    94   172 0.87 -
NW_025965288.1_RagTag:106172-105948   -             75 22353at314147        -            361   3.7e-05   19.7   0.0   1   1   2.6e-07     4e-05   19.6   0.0   220   271     2    56     1    64 0.89 -
NW_025965287.1_RagTag:1597561-1602211 -            433 22353at314147        -            361    0.0019   14.1   0.2   1   2      0.45        70   -0.9   0.0   234   256   321   343   314   355 0.77 -
NW_025965287.1_RagTag:1597561-1602211 -            433 22353at314147        -            361    0.0019   14.1   0.2   2   2   5.4e-05    0.0084   11.9   0.1   128   185   360   417   349   425 0.81 -
NW_025965306.1_RagTag:1072351-1073460 -            370 22353at314147        -            361    0.0026   13.6   0.0   1   1   2.4e-05    0.0038   13.1   0.0   130   188    23    81     6   104 0.80 -
#
# Program:         hmmsearch
# Version:         3.1b2 (February 2015)
# Pipeline mode:   SEARCH
# Query file:      /home/bgerda/guppy_SUP/busco_downloads/lineages/glires_odb10/hmms/22353at314147.hmm
# Target file:     /home/bgerda/guppy_SUP/busco_results/run_glires_odb10/metaeuk_output/initial_results/ragtag.scaffold.fasta.modified.fas
# Option settings: hmmsearch --domtblout /home/bgerda/guppy_SUP/busco_results/run_glires_odb10/hmmer_output/initial_run_results/22353at314147.out --cpu 1 /home/bgerda/guppy_SUP/busco_downloads/lineages/glires_odb10/hmms/22353at314147.hmm /home/bgerda/guppy_SUP/busco_results/run_glires_odb10/metaeuk_output/initial_results/ragtag.scaffold.fasta.modified.fas 
# Current dir:     /home/bgerda/guppy_SUP
# Date:            Sun May 21 15:02:25 2023
# [ok]
