#                                                                                             --- full sequence --- -------------- this domain -------------   hmm coord   ali coord   env coord
# target name                         accession   tlen query name           accession   qlen   E-value  score  bias   #  of  c-Evalue  i-Evalue  score  bias  from    to  from    to  from    to  acc description of target
#                 ------------------- ---------- ----- -------------------- ---------- ----- --------- ------ ----- --- --- --------- --------- ------ ----- ----- ----- ----- ----- ----- ----- ---- ---------------------
NW_025965230.1_RagTag:349910-348756   -            385 23831at314147        -            322   2.8e-37  125.1   6.7   1   1   6.5e-39   3.8e-37  124.6   6.7    15   289    39   333    29   359 0.82 -
NW_025965319.1_RagTag:190216-191286   -            357 23831at314147        -            322   8.2e-34  113.7  14.3   1   1   1.7e-35     1e-33  113.4  14.3     6   285    16   320    11   345 0.75 -
NW_025965295.1_RagTag:980802-979558   -            415 23831at314147        -            322   5.3e-28   94.6  23.4   1   1   1.4e-29   8.2e-28   94.0  23.4    18   281    95   373    90   395 0.85 -
NW_025965322.1_RagTag:1962882-1961488 -            283 23831at314147        -            322   8.6e-22   74.2   9.7   1   2   3.8e-20   2.3e-18   62.9   5.6    19   137    47   165    34   171 0.88 -
NW_025965322.1_RagTag:1962882-1961488 -            283 23831at314147        -            322   8.6e-22   74.2   9.7   2   2   2.7e-05    0.0016   14.1   0.2   196   276   178   263   158   283 0.68 -
NW_025965321.1_RagTag:4466482-4467336 -            285 23831at314147        -            322   1.9e-21   73.0  14.3   1   1   4.2e-23   2.5e-21   72.7  14.3    17   239    24   255    12   271 0.86 -
NW_025965108.1_RagTag:146371-147354   -            328 23831at314147        -            322   9.5e-20   67.5   6.6   1   1   2.2e-21   1.3e-19   67.0   6.6    19   271    40   318    20   325 0.72 -
NW_025965266.1_RagTag:245866-244338   -            282 23831at314147        -            322   5.2e-15   51.9  10.3   1   1   1.1e-16   6.6e-15   51.6  10.3    18   200    48   234    33   249 0.84 -
contig_25261_pilon:2046-1063          -            328 23831at314147        -            322   1.9e-13   46.7  16.9   1   1   7.4e-14   4.4e-12   42.3  16.9    17   275    27   307    15   320 0.75 -
NW_025965278.1_RagTag:272984-272433   -            184 23831at314147        -            322   4.8e-13   45.4   5.9   1   1   8.9e-15   5.3e-13   45.3   5.9   112   276     1   177     1   184 0.81 -
NW_025965307.1_RagTag:988946-990586   -            547 23831at314147        -            322   3.3e-11   39.4   8.7   1   2   1.1e-12   6.3e-11   38.5   3.3    26   195    78   256    54   271 0.78 -
NW_025965307.1_RagTag:988946-990586   -            547 23831at314147        -            322   3.3e-11   39.4   8.7   2   2     0.035         2    3.9   0.2   199   251   471   527   452   546 0.63 -
NW_025965161.1_RagTag:422252-421546   -            215 23831at314147        -            322   4.1e-08   29.2   0.3   1   1     9e-10   5.3e-08   28.9   0.3    48   167    50   168    11   174 0.79 -
contig_67641_pilon:774-58             -            239 23831at314147        -            322   4.9e-08   29.0  15.3   1   1   1.4e-08   8.5e-07   24.9  15.3    25   233    10   238     2   239 0.72 -
NW_025965421.1_RagTag:181828-182494   -            201 23831at314147        -            322   3.7e-07   26.1   3.4   1   2   0.00014    0.0081   11.8   0.0    78   124     7    53     1    93 0.82 -
NW_025965421.1_RagTag:181828-182494   -            201 23831at314147        -            322   3.7e-07   26.1   3.4   2   2   2.3e-05    0.0013   14.4   1.5   212   274   131   194   125   201 0.83 -
NW_025965343.1_RagTag:72708-71872     -            213 23831at314147        -            322     1e-06   24.6  15.4   1   3    0.0023      0.14    7.8   0.4    26    66     7    46     1    52 0.78 -
NW_025965343.1_RagTag:72708-71872     -            213 23831at314147        -            322     1e-06   24.6  15.4   2   3    0.0041      0.24    7.0   0.4   102   147    52    97    47   116 0.86 -
NW_025965343.1_RagTag:72708-71872     -            213 23831at314147        -            322     1e-06   24.6  15.4   3   3     2e-06   0.00012   17.9   3.8   209   282   121   192   104   202 0.86 -
NW_025965314.1_RagTag:120014-121839   -            303 23831at314147        -            322   5.2e-06   22.3  20.6   1   1   1.2e-07   7.3e-06   21.8  20.6    11   275     9   292     4   302 0.66 -
NW_025965256.1_RagTag:848873-850198   -            442 23831at314147        -            322   9.2e-06   21.5   4.2   1   3   1.6e-07   9.2e-06   21.5   4.2    53   148    61   156    22   165 0.74 -
NW_025965256.1_RagTag:848873-850198   -            442 23831at314147        -            322   9.2e-06   21.5   4.2   2   3      0.63        37   -0.2   0.1   173   197   198   222   187   233 0.81 -
NW_025965256.1_RagTag:848873-850198   -            442 23831at314147        -            322   9.2e-06   21.5   4.2   3   3      0.92        54   -0.7   0.2   216   231   276   291   254   349 0.65 -
NW_025965054.1_RagTag:13790-14404     -            191 23831at314147        -            322   3.3e-05   19.7   1.1   1   1   7.4e-07   4.3e-05   19.3   1.1   104   211    10   123     6   183 0.79 -
NW_025965407.1_RagTag:8729-7857       -            291 23831at314147        -            322   3.5e-05   19.6   9.0   1   1   6.1e-06   0.00036   16.3   9.0    80   204    81   231    19   256 0.64 -
NW_025965256.1_RagTag:1112241-1111114 -            376 23831at314147        -            322   3.9e-05   19.4  15.4   1   2       1.1        66   -1.0   0.2   217   248    41    74    24    94 0.71 -
NW_025965256.1_RagTag:1112241-1111114 -            376 23831at314147        -            322   3.9e-05   19.4  15.4   2   2   2.8e-06   0.00016   17.4  16.0   170   289   194   316    42   341 0.78 -
contig_11065_pilon:1219-299           -            307 23831at314147        -            322   0.00018   17.3  11.7   1   2   0.00016    0.0096   11.6   9.9    32   146    44   159    27   163 0.84 -
contig_11065_pilon:1219-299           -            307 23831at314147        -            322   0.00018   17.3  11.7   2   2    0.0094      0.55    5.8   0.0   129   208   162   240   158   265 0.79 -
NW_025965331.1_RagTag:94447-97429     -            301 23831at314147        -            322   0.00051   15.8   5.3   1   1   4.1e-05    0.0024   13.6   5.4    52   141    66   160    41   270 0.82 -
NW_025965233.1_RagTag:206241-207158   -            306 23831at314147        -            322    0.0043   12.7  17.6   1   1     0.005      0.29    6.7  17.6    21   159    29   168    21   305 0.71 -
NW_025965323.1_RagTag:1329524-1328619 -            302 23831at314147        -            322    0.0072   12.0  14.8   1   1    0.0014     0.082    8.5  14.8    53   143    29   120     6   282 0.77 -
NW_025965331.1_RagTag:96696-97292     -            199 23831at314147        -            322     0.013   11.1   8.8   1   1    0.0014     0.082    8.5   8.8    53   147     2    97     1   193 0.77 -
#
# Program:         hmmsearch
# Version:         3.1b2 (February 2015)
# Pipeline mode:   SEARCH
# Query file:      /home/bgerda/guppy_SUP/busco_downloads/lineages/glires_odb10/hmms/23831at314147.hmm
# Target file:     /home/bgerda/guppy_SUP/busco_results/run_glires_odb10/metaeuk_output/initial_results/ragtag.scaffold.fasta.modified.fas
# Option settings: hmmsearch --domtblout /home/bgerda/guppy_SUP/busco_results/run_glires_odb10/hmmer_output/initial_run_results/23831at314147.out --cpu 1 /home/bgerda/guppy_SUP/busco_downloads/lineages/glires_odb10/hmms/23831at314147.hmm /home/bgerda/guppy_SUP/busco_results/run_glires_odb10/metaeuk_output/initial_results/ragtag.scaffold.fasta.modified.fas 
# Current dir:     /home/bgerda/guppy_SUP
# Date:            Sun May 21 15:02:25 2023
# [ok]
