#                                                                                             --- full sequence --- -------------- this domain -------------   hmm coord   ali coord   env coord
# target name                         accession   tlen query name           accession   qlen   E-value  score  bias   #  of  c-Evalue  i-Evalue  score  bias  from    to  from    to  from    to  acc description of target
#                 ------------------- ---------- ----- -------------------- ---------- ----- --------- ------ ----- --- --- --------- --------- ------ ----- ----- ----- ----- ----- ----- ----- ---- ---------------------
NW_025965318.1_RagTag:3088948-3088001 -            316 24988at314147        -            273   1.6e-31  105.9   0.3   1   2      0.05        18    0.8   0.0    29   113    27   107     5   122 0.54 -
NW_025965318.1_RagTag:3088948-3088001 -            316 24988at314147        -            273   1.6e-31  105.9   0.3   2   2   3.4e-33   1.2e-30  103.0   0.1   161   272   202   315   173   316 0.91 -
NW_025965312.1_RagTag:1304498-1307508 -            412 24988at314147        -            273   1.4e-29   99.5   0.3   1   2      0.38   1.4e+02   -2.1   0.0    23    46   129   151   116   174 0.68 -
NW_025965312.1_RagTag:1304498-1307508 -            412 24988at314147        -            273   1.4e-29   99.5   0.3   2   2   1.2e-31   4.3e-29   97.9   0.3   166   272   304   411   286   412 0.92 -
NW_025965227.1_RagTag:787653-788459   -            269 24988at314147        -            273   1.4e-22   76.6   0.6   1   2       1.1   3.9e+02   -3.6   0.1   174   197    57    81    55    93 0.68 -
NW_025965227.1_RagTag:787653-788459   -            269 24988at314147        -            273   1.4e-22   76.6   0.6   2   2   3.9e-25   1.4e-22   76.6   0.6   155   272   147   268   131   269 0.75 -
NW_025965304.1_RagTag:1859892-1860720 -            241 24988at314147        -            273   2.3e-05   20.1   0.0   1   1   7.4e-08   2.6e-05   19.9   0.0   162   212   127   177   121   240 0.91 -
#
# Program:         hmmsearch
# Version:         3.1b2 (February 2015)
# Pipeline mode:   SEARCH
# Query file:      /home/bgerda/guppy_SUP/busco_downloads/lineages/glires_odb10/hmms/24988at314147.hmm
# Target file:     /home/bgerda/guppy_SUP/busco_results/run_glires_odb10/metaeuk_output/initial_results/ragtag.scaffold.fasta.modified.fas
# Option settings: hmmsearch --domtblout /home/bgerda/guppy_SUP/busco_results/run_glires_odb10/hmmer_output/initial_run_results/24988at314147.out --cpu 1 /home/bgerda/guppy_SUP/busco_downloads/lineages/glires_odb10/hmms/24988at314147.hmm /home/bgerda/guppy_SUP/busco_results/run_glires_odb10/metaeuk_output/initial_results/ragtag.scaffold.fasta.modified.fas 
# Current dir:     /home/bgerda/guppy_SUP
# Date:            Sun May 21 15:02:23 2023
# [ok]
