#                                                                                             --- full sequence --- -------------- this domain -------------   hmm coord   ali coord   env coord
# target name                         accession   tlen query name           accession   qlen   E-value  score  bias   #  of  c-Evalue  i-Evalue  score  bias  from    to  from    to  from    to  acc description of target
#                 ------------------- ---------- ----- -------------------- ---------- ----- --------- ------ ----- --- --- --------- --------- ------ ----- ----- ----- ----- ----- ----- ----- ---- ---------------------
NW_025965287.1_RagTag:858012-856924   -            363 25656at314147        -            379   3.5e-20   68.8  25.1   1   3   9.2e-18   9.3e-16   54.2   5.5    37   253    15   227     4   230 0.87 -
NW_025965287.1_RagTag:858012-856924   -            363 25656at314147        -            379   3.5e-20   68.8  25.1   2   3   1.4e-06   0.00014   17.4   2.0   172   244   191   267   189   269 0.90 -
NW_025965287.1_RagTag:858012-856924   -            363 25656at314147        -            379   3.5e-20   68.8  25.1   3   3   1.3e-06   0.00013   17.6   9.8   171   254   262   348   243   352 0.87 -
NW_025965324.1_RagTag:3938932-3938213 -            240 25656at314147        -            379   1.2e-17   60.4   6.2   1   3   6.4e-07   6.4e-05   18.5   0.2    31    90    39    97    29   102 0.83 -
NW_025965324.1_RagTag:3938932-3938213 -            240 25656at314147        -            379   1.2e-17   60.4   6.2   2   3   7.9e-07     8e-05   18.2   1.7   195   256   104   164    98   168 0.90 -
NW_025965324.1_RagTag:3938932-3938213 -            240 25656at314147        -            379   1.2e-17   60.4   6.2   3   3   5.2e-13   5.2e-11   38.6   0.1   174   270   127   227   121   234 0.89 -
NW_025965287.1_RagTag:857982-857449   -            178 25656at314147        -            379   9.5e-12   41.0   5.9   1   2   8.4e-11   8.5e-09   31.3   0.1    42   139    10   109     5   112 0.87 -
NW_025965287.1_RagTag:857982-857449   -            178 25656at314147        -            379   9.5e-12   41.0   5.9   2   2   4.7e-05    0.0047   12.4   2.4   173   233   110   174   108   177 0.88 -
NW_025965287.1_RagTag:860203-859628   -            192 25656at314147        -            379   2.8e-11   39.5   5.6   1   2     2e-08     2e-06   23.5   0.4    40   140    23   126     9   128 0.83 -
NW_025965287.1_RagTag:860203-859628   -            192 25656at314147        -            379   2.8e-11   39.5   5.6   2   2   5.8e-09   5.9e-07   25.2   0.7   173   245   102   178   100   189 0.87 -
NW_025965301.1_RagTag:575267-573763   -            499 25656at314147        -            379   6.2e-11   38.3   4.5   1   3      0.11        11    1.3   0.0    44    86     1    45     1    51 0.80 -
NW_025965301.1_RagTag:575267-573763   -            499 25656at314147        -            379   6.2e-11   38.3   4.5   2   3   5.5e-07   5.5e-05   18.7   0.4   193   251    55   112    36   117 0.84 -
NW_025965301.1_RagTag:575267-573763   -            499 25656at314147        -            379   6.2e-11   38.3   4.5   3   3     5e-07   5.1e-05   18.9   0.1   193   291   127   224   121   237 0.85 -
NW_025965140.1_RagTag:200165-201226   -            354 25656at314147        -            379   2.7e-10   36.2  10.6   1   3   3.6e-06   0.00036   16.0   0.5    57   139    43   131    12   135 0.74 -
NW_025965140.1_RagTag:200165-201226   -            354 25656at314147        -            379   2.7e-10   36.2  10.6   2   3   1.1e-06   0.00011   17.7   2.2   117   226   132   238   126   250 0.82 -
NW_025965140.1_RagTag:200165-201226   -            354 25656at314147        -            379   2.7e-10   36.2  10.6   3   3    0.0013      0.13    7.7   0.1   111   158   249   303   237   319 0.67 -
NW_025965230.1_RagTag:742736-743209   -            158 25656at314147        -            379   4.8e-10   35.4  12.2   1   3     5e-07     5e-05   18.9   0.3    41    93     3    56     1    58 0.93 -
NW_025965230.1_RagTag:742736-743209   -            158 25656at314147        -            379   4.8e-10   35.4  12.2   2   3   1.2e-05    0.0012   14.4   1.4   192   234    57    99    53   105 0.62 -
NW_025965230.1_RagTag:742736-743209   -            158 25656at314147        -            379   4.8e-10   35.4  12.2   3   3   0.00028     0.028    9.8   0.4   193   235   106   148   100   154 0.78 -
NW_025965212.1_RagTag:132804-134521   -            174 25656at314147        -            379   7.8e-10   34.7   9.7   1   2   5.7e-11   5.8e-09   31.8   2.7   172   253    13    98     8   110 0.90 -
NW_025965212.1_RagTag:132804-134521   -            174 25656at314147        -            379   7.8e-10   34.7   9.7   2   2    0.0013      0.13    7.7   0.6   193   235   111   153   100   166 0.80 -
NW_025965131.1_RagTag:179495-179217   -             93 25656at314147        -            379   7.7e-07   24.8   0.1   1   1   8.4e-09   8.5e-07   24.7   0.1   219   289     1    69     1    82 0.91 -
NW_025965304.1_RagTag:261729-259519   -            737 25656at314147        -            379   3.7e-06   22.6  25.8   1   4    0.0016      0.17    7.3   3.6   120   220     8   104     1   117 0.44 -
NW_025965304.1_RagTag:261729-259519   -            737 25656at314147        -            379   3.7e-06   22.6  25.8   2   4     0.072       7.2    1.9   0.1   189   231   248   290   232   297 0.72 -
NW_025965304.1_RagTag:261729-259519   -            737 25656at314147        -            379   3.7e-06   22.6  25.8   3   4     0.061       6.2    2.1   0.1   195   232   302   338   298   358 0.80 -
NW_025965304.1_RagTag:261729-259519   -            737 25656at314147        -            379   3.7e-06   22.6  25.8   4   4   1.1e-06   0.00011   17.7   6.7   192   324   420   553   340   578 0.72 -
NW_025965321.1_RagTag:3071726-3072713 -            268 25656at314147        -            379   4.8e-06   22.2   1.3   1   2   5.3e-08   5.4e-06   22.1   0.1   193   281    10   102     5   121 0.86 -
NW_025965321.1_RagTag:3071726-3072713 -            268 25656at314147        -            379   4.8e-06   22.2   1.3   2   2       1.5   1.5e+02   -2.5   0.1    42    62   197   216   170   230 0.56 -
NW_025965319.1_RagTag:988433-986536   -            511 25656at314147        -            379   5.4e-05   18.8   1.0   1   2   5.9e-06    0.0006   15.3   0.9    37   224    41   233    20   242 0.68 -
NW_025965319.1_RagTag:988433-986536   -            511 25656at314147        -            379   5.4e-05   18.8   1.0   2   2    0.0071      0.72    5.2   0.4    73   133   179   243   163   267 0.65 -
NW_025965028.1_RagTag:60583-61173     -            197 25656at314147        -            379    0.0007   15.1   4.0   1   3    0.0037      0.38    6.1   0.5   173   230    73   132    33   140 0.58 -
NW_025965028.1_RagTag:60583-61173     -            197 25656at314147        -            379    0.0007   15.1   4.0   2   3    0.0062      0.62    5.4   1.7   173   224    96   149    73   158 0.61 -
NW_025965028.1_RagTag:60583-61173     -            197 25656at314147        -            379    0.0007   15.1   4.0   3   3   7.8e-05    0.0079   11.6   1.6    72   141   119   190   105   196 0.75 -
NW_025965182.1_RagTag:216762-217571   -            270 25656at314147        -            379    0.0057   12.1   0.2   1   1   7.1e-05    0.0071   11.8   0.2   173   225    61   118    11   141 0.82 -
#
# Program:         hmmsearch
# Version:         3.1b2 (February 2015)
# Pipeline mode:   SEARCH
# Query file:      /home/bgerda/guppy_SUP/busco_downloads/lineages/glires_odb10/hmms/25656at314147.hmm
# Target file:     /home/bgerda/guppy_SUP/busco_results/run_glires_odb10/metaeuk_output/initial_results/ragtag.scaffold.fasta.modified.fas
# Option settings: hmmsearch --domtblout /home/bgerda/guppy_SUP/busco_results/run_glires_odb10/hmmer_output/initial_run_results/25656at314147.out --cpu 1 /home/bgerda/guppy_SUP/busco_downloads/lineages/glires_odb10/hmms/25656at314147.hmm /home/bgerda/guppy_SUP/busco_results/run_glires_odb10/metaeuk_output/initial_results/ragtag.scaffold.fasta.modified.fas 
# Current dir:     /home/bgerda/guppy_SUP
# Date:            Sun May 21 15:02:22 2023
# [ok]
