#                                                                                             --- full sequence --- -------------- this domain -------------   hmm coord   ali coord   env coord
# target name                         accession   tlen query name           accession   qlen   E-value  score  bias   #  of  c-Evalue  i-Evalue  score  bias  from    to  from    to  from    to  acc description of target
#                 ------------------- ---------- ----- -------------------- ---------- ----- --------- ------ ----- --- --- --------- --------- ------ ----- ----- ----- ----- ----- ----- ----- ---- ---------------------
NW_025965323.1_RagTag:1329524-1328619 -            302 26124at314147        -            298   2.4e-91  302.8  19.7   1   1   2.5e-92   3.3e-91  302.4  19.7    22   293     3   287     1   290 0.93 -
NW_025965256.1_RagTag:848873-850198   -            442 26124at314147        -            298   5.8e-37  124.3  19.2   1   2   4.3e-23   5.7e-22   75.1  11.5    18   215    30   236    19   248 0.77 -
NW_025965256.1_RagTag:848873-850198   -            442 26124at314147        -            298   5.8e-37  124.3  19.2   2   2   2.3e-16     3e-15   53.0   0.8   204   291   253   345   248   349 0.82 -
NW_025965307.1_RagTag:988946-990586   -            547 26124at314147        -            298   2.8e-27   92.5  15.1   1   2   8.1e-20   1.1e-18   64.3   7.8    20   208    77   265    66   279 0.79 -
NW_025965307.1_RagTag:988946-990586   -            547 26124at314147        -            298   2.8e-27   92.5  15.1   2   2   4.2e-10   5.6e-09   32.4   0.7   202   278   468   544   453   547 0.90 -
NW_025965148.1_RagTag:252022-250949   -            288 26124at314147        -            298   3.2e-25   85.7  15.1   1   1   7.7e-26     1e-24   84.1  15.1    16   212    51   241    34   288 0.76 -
NW_025965314.1_RagTag:120014-121839   -            303 26124at314147        -            298   1.9e-14   50.4  23.3   1   1   1.7e-15   2.3e-14   50.1  23.3    12   291    13   301     6   303 0.78 -
NW_025965161.1_RagTag:422252-421546   -            215 26124at314147        -            298   2.3e-13   46.8   4.6   1   1   2.1e-14   2.8e-13   46.5   4.6    33   141    40   151    21   212 0.78 -
contig_25261_pilon:2046-1063          -            328 26124at314147        -            298   3.4e-12   43.0  21.0   1   1   6.1e-13   8.1e-12   41.7  21.0    25   289    40   314    14   322 0.74 -
contig_27735_pilon:522-1              -            174 26124at314147        -            298     5e-11   39.1  12.0   1   1   4.4e-12   5.9e-11   38.9  12.0    20   144    43   167    31   174 0.81 -
NW_025965209.1_RagTag:637992-638492   -            167 26124at314147        -            298   3.6e-10   36.3  12.2   1   1   3.1e-11   4.2e-10   36.1  12.2   148   291     7   152     1   158 0.79 -
NW_025965426.1_RagTag:63389-64287     -            296 26124at314147        -            298   5.1e-10   35.8  20.3   1   1   5.3e-11   7.1e-10   35.4  20.3    20   283    30   292    20   296 0.82 -
contig_48637_pilon:1314-624           -            228 26124at314147        -            298   5.9e-10   35.6   9.5   1   2   4.4e-11   5.9e-10   35.6   9.5    21   132    31   140    21   161 0.87 -
contig_48637_pilon:1314-624           -            228 26124at314147        -            298   5.9e-10   35.6   9.5   2   2         5        67   -0.7   0.6    14    42   188   217   161   223 0.56 -
NW_025965266.1_RagTag:245866-244338   -            282 26124at314147        -            298   1.1e-09   34.7  10.2   1   1   1.1e-10   1.4e-09   34.4  10.2    18   142    53   179    35   240 0.88 -
NW_025965256.1_RagTag:1112241-1111114 -            376 26124at314147        -            298   1.6e-09   34.2  24.3   1   1   2.6e-10   3.5e-09   33.1  24.3    13   288    40   308    35   316 0.78 -
contig_14807_pilon:1454-642           -            271 26124at314147        -            298   1.9e-09   33.9  11.6   1   1   2.5e-10   3.3e-09   33.2  11.5    24   146     8   132     1   195 0.85 -
NW_025965322.1_RagTag:1962882-1961488 -            283 26124at314147        -            298   2.3e-09   33.7  12.2   1   2   3.9e-09   5.2e-08   29.2   4.9    24   116    57   148    45   168 0.89 -
NW_025965322.1_RagTag:1962882-1961488 -            283 26124at314147        -            298   2.3e-09   33.7  12.2   2   2    0.0083      0.11    8.5   0.9   223   288   194   268   162   276 0.72 -
NW_025965182.1_RagTag:1860934-1875271 -            176 26124at314147        -            298   3.4e-09   33.1   7.1   1   1   2.8e-10   3.8e-09   33.0   7.1    20   130    31   142    16   175 0.83 -
NW_025965321.1_RagTag:4466482-4467336 -            285 26124at314147        -            298   3.6e-09   33.1  17.8   1   1   6.4e-10   8.5e-09   31.8  17.8     4   251    15   256    12   261 0.77 -
NW_025965140.1_RagTag:855571-854690   -            294 26124at314147        -            298   9.9e-09   31.6  17.9   1   1   1.3e-09   1.7e-08   30.8  17.9    19   140    29   154    15   289 0.80 -
NW_025965319.1_RagTag:190216-191286   -            357 26124at314147        -            298   1.2e-08   31.3  20.1   1   1   1.5e-09   2.1e-08   30.6  20.1    10   295    25   323    19   326 0.76 -
NW_025965230.1_RagTag:349910-348756   -            385 26124at314147        -            298   1.7e-08   30.8  11.3   1   1   4.7e-09   6.3e-08   29.0  11.3    36   289    63   327    32   333 0.74 -
contig_72985_pilon:1524-2407          -            293 26124at314147        -            298     2e-08   30.6  20.3   1   1   2.1e-09   2.8e-08   30.1  20.3    19   235    35   262    25   290 0.80 -
NW_025965230.1_RagTag:1052533-1051634 -            300 26124at314147        -            298   2.5e-08   30.3  15.0   1   1   6.1e-09   8.1e-08   28.6  14.7    20   195    30   223    22   238 0.72 -
NW_025965250.1_RagTag:33251-32712     -            180 26124at314147        -            298   3.4e-08   29.9  15.9   1   1   3.3e-09   4.3e-08   29.5  15.9    25   178     1   157     1   174 0.79 -
NW_025965054.1_RagTag:8387-7808       -            191 26124at314147        -            298   6.8e-08   28.9   8.9   1   1   6.5e-09   8.7e-08   28.5   8.9    23   145    35   159    24   172 0.77 -
NW_025965108.1_RagTag:146371-147354   -            328 26124at314147        -            298   6.9e-08   28.8  10.4   1   1   1.5e-08     2e-07   27.3  10.4    43   284    74   324    37   327 0.65 -
NW_025965146.1_RagTag:98919-98025     -            285 26124at314147        -            298   7.7e-08   28.7  20.3   1   1   3.3e-08   4.4e-07   26.2  20.3    20   128    32   140    14   284 0.68 -
contig_70120_pilon:672-1550           -            293 26124at314147        -            298   8.8e-08   28.5   9.1   1   2   6.6e-09   8.8e-08   28.5   9.1    20   125    23   128    11   152 0.90 -
contig_70120_pilon:672-1550           -            293 26124at314147        -            298   8.8e-08   28.5   9.1   2   2       3.6        48   -0.2   0.2    14    48   170   204   157   230 0.82 -
NW_025965101.1_RagTag:53703-52790     -            302 26124at314147        -            298   1.3e-07   27.9  13.8   1   1   2.2e-08     3e-07   26.8  13.8    19   133    27   143    14   298 0.85 -
NW_025965405.1_RagTag:33522-34382     -            287 26124at314147        -            298   1.4e-07   27.8  11.3   1   2   1.1e-08   1.4e-07   27.8  11.3    21   131    35   146    25   161 0.86 -
NW_025965405.1_RagTag:33522-34382     -            287 26124at314147        -            298   1.4e-07   27.8  11.3   2   2       8.1   1.1e+02   -1.3   1.1    81   101   150   170   141   260 0.55 -
contig_30879_pilon:3573-2646          -            305 26124at314147        -            298   1.5e-07   27.7  11.2   1   2   1.1e-08   1.5e-07   27.7  11.2    22   145    34   159    17   164 0.85 -
contig_30879_pilon:3573-2646          -            305 26124at314147        -            298   1.5e-07   27.7  11.2   2   2       1.4        18    1.2   1.0    14    43   179   208   170   229 0.78 -
contig_44821_pilon:519-29             -            161 26124at314147        -            298   1.6e-07   27.6  12.6   1   1   1.6e-08   2.1e-07   27.3  12.6    15   134     8   124     3   141 0.83 -
NW_025965307.1_RagTag:60822-79022     -            238 26124at314147        -            298   1.8e-07   27.5  12.4   1   1     2e-08   2.6e-07   26.9  12.4    22   175    34   188    22   197 0.80 -
contig_31446_pilon:644-132            -            171 26124at314147        -            298   2.9e-07   26.8   8.5   1   1   2.6e-08   3.5e-07   26.5   8.5    11   132    24   146    15   166 0.85 -
NW_025965313.1_RagTag:68335-68856     -            174 26124at314147        -            298   2.9e-07   26.8  16.1   1   1   2.7e-08   3.6e-07   26.5  16.1    20   135    34   150    22   167 0.88 -
NW_025965203.1_RagTag:474886-475707   -            274 26124at314147        -            298   3.9e-07   26.4  16.1   1   2   8.7e-08   1.2e-06   24.8   8.9    18   125    21   127     9   150 0.87 -
NW_025965203.1_RagTag:474886-475707   -            274 26124at314147        -            298   3.9e-07   26.4  16.1   2   2     0.039      0.52    6.3   0.7    14    61   169   216   156   234 0.78 -
contig_67641_pilon:774-58             -            239 26124at314147        -            298   4.6e-07   26.1  17.2   1   1   1.2e-07   1.6e-06   24.4  17.2    18   244     5   238     1   239 0.76 -
contig_68255_pilon:881-34             -            243 26124at314147        -            298   4.9e-07   26.0   9.9   1   1   3.7e-08   4.9e-07   26.0   9.9    20   117    30   125    18   134 0.79 -
NW_025965320.1_RagTag:846033-845584   -            150 26124at314147        -            298   8.4e-07   25.3  11.0   1   1   7.9e-08   1.1e-06   25.0  11.0    18   124    30   134    20   146 0.90 -
NW_025965123.1_RagTag:1827929-1828831 -            301 26124at314147        -            298   9.5e-07   25.1  20.5   1   1   8.5e-07   1.1e-05   21.6  20.6    17   140    29   151    15   283 0.84 -
NW_025965431.1_RagTag:7750-16805      -            271 26124at314147        -            298   1.3e-06   24.7  14.7   1   2     0.065      0.87    5.5   1.3    20    64    30    74    22    80 0.83 -
NW_025965431.1_RagTag:7750-16805      -            271 26124at314147        -            298   1.3e-06   24.7  14.7   2   2     1e-07   1.4e-06   24.6   6.3    95   249    81   243    76   259 0.76 -
NW_025965278.1_RagTag:272984-272433   -            184 26124at314147        -            298   1.6e-06   24.3   2.6   1   1   1.6e-07   2.2e-06   23.9   2.6   182   288    74   182    63   184 0.76 -
NW_025965352.1_RagTag:27049-26294     -            252 26124at314147        -            298   1.7e-06   24.3   1.7   1   2   1.3e-07   1.7e-06   24.3   1.7    41   125     1    85     1   117 0.72 -
NW_025965352.1_RagTag:27049-26294     -            252 26124at314147        -            298   1.7e-06   24.3   1.7   2   2       3.4        45   -0.1   0.3   221   285   180   246   144   252 0.56 -
NW_025965317.1_RagTag:2638743-2639617 -            279 26124at314147        -            298   1.7e-06   24.3   9.4   1   2   1.3e-07   1.7e-06   24.3   9.4    18   128    14   125     5   148 0.82 -
NW_025965317.1_RagTag:2638743-2639617 -            279 26124at314147        -            298   1.7e-06   24.3   9.4   2   2       3.5        47   -0.1   1.1    13    43   164   195   151   201 0.75 -
NW_025965426.1_RagTag:16505-69572     -            305 26124at314147        -            298     2e-06   24.0  26.3   1   1   3.3e-07   4.4e-06   22.9  26.3    16   285    28   299    21   305 0.71 -
NW_025965426.1_RagTag:121557-84814    -            303 26124at314147        -            298   2.2e-06   23.9  21.6   1   1   2.5e-07   3.4e-06   23.3  21.6    15   209    27   230    21   300 0.70 -
contig_67131_pilon:1192-312           -            291 26124at314147        -            298   2.6e-06   23.7  20.8   1   1   3.4e-07   4.5e-06   22.9  20.8    21   256    28   273    17   282 0.75 -
NW_025965421.1_RagTag:181828-182494   -            201 26124at314147        -            298     3e-06   23.5   6.0   1   2   1.3e-06   1.8e-05   20.9   0.1    72   118     5    51     2    95 0.83 -
NW_025965421.1_RagTag:181828-182494   -            201 26124at314147        -            298     3e-06   23.5   6.0   2   2      0.13       1.8    4.5   2.2   229   287   137   200   117   201 0.73 -
contig_36220_pilon:1250-2170          -            307 26124at314147        -            298   3.1e-06   23.4  18.6   1   1   3.4e-07   4.5e-06   22.9  18.6    20   178    34   195    24   305 0.67 -
NW_025965235.1_RagTag:62953-62088     -            287 26124at314147        -            298   3.5e-06   23.2  12.3   1   1   3.8e-07   5.1e-06   22.7  12.3    17   212    34   239    21   247 0.70 -
NW_025965431.1_RagTag:38801-37884     -            306 26124at314147        -            298   3.7e-06   23.2  19.9   1   1   6.2e-07   8.3e-06   22.0  19.9    22   202    36   227    27   291 0.71 -
NW_025965324.1_RagTag:3944201-3943282 -            303 26124at314147        -            298   4.1e-06   23.0  16.5   1   1   6.2e-07   8.3e-06   22.0  16.4    17   200    36   226    25   246 0.68 -
NW_025965080.1_RagTag:595455-596352   -            297 26124at314147        -            298   5.2e-06   22.7   7.7   1   1   3.9e-07   5.2e-06   22.7   7.7    22   125    31   134    15   151 0.81 -
contig_75679_pilon:823-1677           -            285 26124at314147        -            298   5.2e-06   22.7  19.3   1   1     5e-07   6.6e-06   22.3  19.3    17   250    31   276    24   284 0.77 -
NW_025965320.1_RagTag:876881-875964   -            306 26124at314147        -            298   5.3e-06   22.7   8.9   1   2   3.9e-07   5.3e-06   22.7   8.9    17   124    38   143    26   181 0.80 -
NW_025965320.1_RagTag:876881-875964   -            306 26124at314147        -            298   5.3e-06   22.7   8.9   2   2         8   1.1e+02   -1.3   0.7    13    42   198   228   182   235 0.63 -
contig_23379_pilon:2125-1202          -            308 26124at314147        -            298   5.3e-06   22.7  14.6   1   1   7.1e-07   9.5e-06   21.8  14.6    21   233    41   266    34   277 0.67 -
NW_025965057.1_RagTag:7578-6664       -            305 26124at314147        -            298   6.6e-06   22.3  13.3   1   2     5e-07   6.6e-06   22.3  13.3    22   152    36   171    24   189 0.78 -
NW_025965057.1_RagTag:7578-6664       -            305 26124at314147        -            298   6.6e-06   22.3  13.3   2   2      0.46       6.1    2.8   1.9    14    58   180   225   167   252 0.81 -
NW_025965235.1_RagTag:64724-63826     -            298 26124at314147        -            298   8.3e-06   22.0  13.4   1   1   9.9e-07   1.3e-05   21.4  13.4    18   278    25   284    14   296 0.70 -
NW_025965151.1_RagTag:9981-9121       -            287 26124at314147        -            298     1e-05   21.7  24.2   1   1   1.2e-06   1.5e-05   21.1  24.2    17   288     6   276     3   284 0.75 -
contig_19626_pilon:1309-2243          -            310 26124at314147        -            298   1.7e-05   21.0  17.9   1   2   1.3e-06   1.7e-05   21.0  17.9    21   133    37   148    23   182 0.80 -
contig_19626_pilon:1309-2243          -            310 26124at314147        -            298   1.7e-05   21.0  17.9   2   2       1.2        16    1.4   0.5    14    51   181   219   167   229 0.74 -
contig_45284_pilon:1194-2101          -            300 26124at314147        -            298   2.5e-05   20.5  23.6   1   1   2.6e-06   3.4e-05   20.0  23.6    20   254    31   276    21   287 0.74 -
NW_025965305.1_RagTag:1702982-1703461 -            160 26124at314147        -            298   2.7e-05   20.3   9.4   1   1   2.5e-06   3.3e-05   20.0   9.4    20   138    30   145    14   158 0.79 -
NW_025965182.1_RagTag:1844071-1843143 -            308 26124at314147        -            298   2.7e-05   20.3  11.2   1   2     2e-06   2.7e-05   20.3  11.2    19   130    33   142    26   155 0.79 -
NW_025965182.1_RagTag:1844071-1843143 -            308 26124at314147        -            298   2.7e-05   20.3  11.2   2   2       1.9        26    0.7   0.5    16    40   181   205   165   230 0.70 -
NW_025965123.1_RagTag:1720466-1719549 -            306 26124at314147        -            298     3e-05   20.2  21.1   1   1   5.2e-06     7e-05   19.0  21.1    19   146    29   156    21   304 0.75 -
NW_025965203.1_RagTag:477707-478475   -            252 26124at314147        -            298   3.1e-05   20.2   5.4   1   2   2.3e-06   3.1e-05   20.2   5.4    41   125     4    88     2   114 0.86 -
NW_025965203.1_RagTag:477707-478475   -            252 26124at314147        -            298   3.1e-05   20.2   5.4   2   2      0.49       6.5    2.7   0.2    13    53   129   169   116   189 0.77 -
NW_025965138.1_RagTag:13922-13067     -            279 26124at314147        -            298   3.2e-05   20.1  10.9   1   1   2.4e-06   3.2e-05   20.1  10.9    18   133    16   133     5   150 0.82 -
NW_025965233.1_RagTag:206241-207158   -            306 26124at314147        -            298   3.9e-05   19.8  20.3   1   1   1.6e-05   0.00022   17.4  20.3    27   284    40   297    17   306 0.71 -
NW_025965341.1_RagTag:127666-127124   -            181 26124at314147        -            298   4.2e-05   19.7   9.8   1   1   3.8e-06   5.1e-05   19.4   9.8    22   122    38   139    22   159 0.79 -
contig_26960_pilon:500-1427           -            307 26124at314147        -            298   4.6e-05   19.6  15.7   1   3   0.00015    0.0019   14.2  16.4     7   198    19   219    13   224 0.66 -
contig_26960_pilon:500-1427           -            307 26124at314147        -            298   4.6e-05   19.6  15.7   2   3       2.7        35    0.2   0.4    16    65   179   225   175   241 0.64 -
contig_26960_pilon:500-1427           -            307 26124at314147        -            298   4.6e-05   19.6  15.7   3   3       1.4        18    1.2   0.0   262   291   272   301   263   305 0.80 -
NW_025965331.1_RagTag:94447-97429     -            301 26124at314147        -            298   5.1e-05   19.4   6.4   1   1   7.3e-06   9.7e-05   18.5   6.4    20   133    38   158    27   178 0.78 -
NW_025965161.1_RagTag:680640-681288   -            193 26124at314147        -            298   6.1e-05   19.2   7.7   1   1   7.5e-06    0.0001   18.5   7.7    41   142     5   107     2   177 0.80 -
NW_025965320.1_RagTag:837490-836582   -            303 26124at314147        -            298   6.5e-05   19.1  19.5   1   1   2.5e-05   0.00034   16.7  19.6    18   140    34   155    26   290 0.77 -
NW_025965274.1_RagTag:6011-6937       -            309 26124at314147        -            298   8.2e-05   18.8  18.9   1   2   6.1e-06   8.2e-05   18.8  18.9    12   198    31   226    24   264 0.75 -
NW_025965274.1_RagTag:6011-6937       -            309 26124at314147        -            298   8.2e-05   18.8  18.9   2   2       6.7        89   -1.1   0.0   260   287   277   304   268   308 0.79 -
NW_025965223.1_RagTag:142410-141492   -            298 26124at314147        -            298     9e-05   18.6  17.6   1   3   6.7e-06     9e-05   18.6  17.6    23   135    33   147    17   165 0.87 -
NW_025965223.1_RagTag:142410-141492   -            298 26124at314147        -            298     9e-05   18.6  17.6   2   3       4.9        66   -0.6   2.1    15    70   178   230   169   257 0.74 -
NW_025965223.1_RagTag:142410-141492   -            298 26124at314147        -            298     9e-05   18.6  17.6   3   3       3.2        42   -0.0   0.1   263   292   265   294   232   296 0.72 -
NW_025965008.1_RagTag:228222-228746   -            175 26124at314147        -            298   9.7e-05   18.5  11.7   1   1   9.3e-06   0.00012   18.2  11.7    16   137    32   152    22   168 0.86 -
NW_025965140.1_RagTag:1050730-1049929 -            265 26124at314147        -            298   0.00013   18.1  15.8   1   1   1.4e-05   0.00019   17.6  15.8    27   288     1   262     1   265 0.68 -
NW_025965251.1_RagTag:397452-396704   -            180 26124at314147        -            298   0.00014   18.0   3.7   1   2   1.1e-05   0.00014   17.9   2.2    18    59    12    53     7    61 0.89 -
NW_025965251.1_RagTag:397452-396704   -            180 26124at314147        -            298   0.00014   18.0   3.7   2   2       9.1   1.2e+02   -1.5   0.0   209   238   138   167   119   170 0.74 -
NW_025965320.1_RagTag:878457-875958   -            300 26124at314147        -            298    0.0002   17.5  16.6   1   1   4.9e-05   0.00066   15.8  16.6    17   129    30   141    23   239 0.75 -
contig_9927_pilon:1816-941            -            292 26124at314147        -            298   0.00026   17.1   4.7   1   2     2e-05   0.00026   17.1   4.7    22   128    21   128     4   150 0.84 -
contig_9927_pilon:1816-941            -            292 26124at314147        -            298   0.00026   17.1   4.7   2   2       5.7        76   -0.8   1.3    14    62   166   211   152   244 0.67 -
NW_025965352.1_RagTag:4549-3728       -            274 26124at314147        -            298   0.00029   16.9  16.9   1   1   6.6e-05   0.00089   15.4  16.9    23   286     3   267     1   274 0.68 -
NW_025965305.1_RagTag:1667672-1666791 -            294 26124at314147        -            298   0.00041   16.4  14.8   1   2   3.2e-05   0.00043   16.4  13.1    22   147    36   165    18   241 0.73 -
NW_025965305.1_RagTag:1667672-1666791 -            294 26124at314147        -            298   0.00041   16.4  14.8   2   2         9   1.2e+02   -1.5   1.7    28    67   209   238   178   262 0.53 -
NW_025965182.1_RagTag:1844038-1843763 -             92 26124at314147        -            298   0.00042   16.4   1.7   1   1   3.5e-05   0.00046   16.3   1.7    18    66    21    69    14    90 0.84 -
NW_025965407.1_RagTag:8729-7857       -            291 26124at314147        -            298   0.00043   16.4  14.0   1   1   4.2e-05   0.00056   16.0  13.1    16   127    28   137    15   214 0.78 -
contig_45575_pilon:1116-2019          -            297 26124at314147        -            298   0.00051   16.1   7.5   1   1   3.8e-05   0.00051   16.1   7.5    22   146    34   154    25   162 0.81 -
contig_56588_pilon:2331-1552          -            260 26124at314147        -            298   0.00059   15.9   6.0   1   2   4.4e-05   0.00059   15.9   6.0    25   125     1   101     1   120 0.86 -
contig_56588_pilon:2331-1552          -            260 26124at314147        -            298   0.00059   15.9   6.0   2   2      0.15         2    4.4   1.4     9    43   150   186   145   192 0.78 -
NW_025965161.1_RagTag:680661-681401   -            218 26124at314147        -            298   0.00069   15.7  10.0   1   1   0.00024    0.0031   13.5  10.1    45   139     2    97     1   207 0.84 -
NW_025965305.1_RagTag:1670313-1671239 -            309 26124at314147        -            298     0.001   15.1  17.0   1   1   0.00014    0.0018   14.3  17.0    19   192    35   222    21   304 0.73 -
NW_025965274.1_RagTag:811-27886       -            297 26124at314147        -            298    0.0011   15.1  24.5   1   1   0.00021    0.0028   13.7  24.5     9   212    22   223    17   297 0.68 -
NW_025965313.1_RagTag:1751145-1670390 -            284 26124at314147        -            298    0.0015   14.6  24.1   1   2   0.00033    0.0043   13.1  23.9    21   129    19   128     8   204 0.84 -
NW_025965313.1_RagTag:1751145-1670390 -            284 26124at314147        -            298    0.0015   14.6  24.1   2   2       8.2   1.1e+02   -1.4   0.4    15    43   166   194   151   231 0.75 -
NW_025965331.1_RagTag:92475-91708     -            254 26124at314147        -            298    0.0021   14.1  14.1   1   1   0.00028    0.0038   13.3  14.1    41   197     3   169     1   249 0.76 -
NW_025965008.1_RagTag:199898-198979   -            304 26124at314147        -            298    0.0022   14.1  22.0   1   1   0.00061    0.0082   12.2  22.0    18   150    34   164    26   300 0.81 -
NW_025965581.1_RagTag:2819-3714       -            296 26124at314147        -            298    0.0024   13.9  14.4   1   1   0.00034    0.0045   13.0  14.4    23   192    26   198    13   296 0.74 -
contig_57973_pilon:1283-390           -            298 26124at314147        -            298    0.0027   13.8  11.2   1   1   6.7e-05    0.0009   15.3   8.1    20   122    25   128    11   154 0.77 -
NW_025965123.1_RagTag:1940487-1854686 -            295 26124at314147        -            298    0.0029   13.7  21.2   1   1    0.0022     0.029   10.4  21.2    14   256    26   269    15   294 0.68 -
NW_025965636.1_RagTag:15144-17845     -            294 26124at314147        -            298    0.0032   13.5  28.5   1   1    0.0011     0.014   11.4  28.5    18   200    28   214    14   277 0.70 -
NW_025965295.1_RagTag:980802-979558   -            415 26124at314147        -            298    0.0061   12.6  28.1   1   1   0.00077      0.01   11.9  28.1    32   281   113   366    92   379 0.62 -
contig_16391_pilon:1986-1069          -            306 26124at314147        -            298    0.0075   12.3  24.3   1   1    0.0014     0.019   11.0  24.3    22   243    36   270    24   306 0.64 -
NW_025965352.1_RagTag:41208-40264     -            315 26124at314147        -            298     0.008   12.2  14.0   1   1    0.0013     0.018   11.1  14.0    19   132    41   159    28   314 0.63 -
NW_025965123.1_RagTag:1731968-1727011 -            307 26124at314147        -            298    0.0088   12.1  19.2   1   1    0.0021     0.028   10.5  18.1    19   142    39   161    31   240 0.80 -
NW_025965426.1_RagTag:28179-27304     -            292 26124at314147        -            298    0.0098   11.9  21.3   1   1    0.0016     0.021   10.8  21.3    20   276    24   282    17   290 0.57 -
NW_025965008.1_RagTag:160459-161301   -            281 26124at314147        -            298     0.012   11.7  20.8   1   1    0.0043     0.058    9.4  20.8    27   135    14   124     2   280 0.80 -
NW_025965331.1_RagTag:96539-117568    -            286 26124at314147        -            298     0.014   11.4  16.5   1   3   0.00048    0.0064   12.5  12.2    16   161    24   165    17   196 0.73 -
NW_025965331.1_RagTag:96539-117568    -            286 26124at314147        -            298     0.014   11.4  16.5   2   3       3.3        45   -0.1   0.2    17    46   181   212   168   234 0.69 -
NW_025965331.1_RagTag:96539-117568    -            286 26124at314147        -            298     0.014   11.4  16.5   3   3       7.8     1e+02   -1.3   0.0   259   288   254   283   235   286 0.73 -
NW_025965123.1_RagTag:1769472-1879484 -            291 26124at314147        -            298     0.014   11.4  22.1   1   1    0.0054     0.073    9.1  22.1    17   202    27   223    23   290 0.73 -
NW_025965080.1_RagTag:593590-594468   -            293 26124at314147        -            298     0.015   11.3  14.9   1   2   5.7e-05   0.00076   15.6   8.2    17   124    25   130    15   170 0.83 -
NW_025965080.1_RagTag:593590-594468   -            293 26124at314147        -            298     0.015   11.3  14.9   2   2       7.3        98   -1.2   0.4   219   239   226   246   196   292 0.51 -
contig_19055_pilon:1664-777           -            283 26124at314147        -            298     0.023   10.7  26.6   1   2    0.0019     0.026   10.5  15.7    19   132    21   127     8   146 0.81 -
contig_19055_pilon:1664-777           -            283 26124at314147        -            298     0.023   10.7  26.6   2   2     0.082       1.1    5.2   0.0   260   291   250   281   245   283 0.87 -
contig_59306_pilon:1448-2247          -            258 26124at314147        -            298     0.023   10.7   9.5   1   1    0.0025     0.034   10.2   9.5    24   128     7   111     2   154 0.77 -
NW_025965341.1_RagTag:127633-126742   -            294 26124at314147        -            298       0.1    8.6  22.2   1   1     0.022      0.29    7.1  22.2    22   129    27   135    14   294 0.76 -
#
# Program:         hmmsearch
# Version:         3.1b2 (February 2015)
# Pipeline mode:   SEARCH
# Query file:      /home/bgerda/guppy_SUP/busco_downloads/lineages/glires_odb10/hmms/26124at314147.hmm
# Target file:     /home/bgerda/guppy_SUP/busco_results/run_glires_odb10/metaeuk_output/initial_results/ragtag.scaffold.fasta.modified.fas
# Option settings: hmmsearch --domtblout /home/bgerda/guppy_SUP/busco_results/run_glires_odb10/hmmer_output/initial_run_results/26124at314147.out --cpu 1 /home/bgerda/guppy_SUP/busco_downloads/lineages/glires_odb10/hmms/26124at314147.hmm /home/bgerda/guppy_SUP/busco_results/run_glires_odb10/metaeuk_output/initial_results/ragtag.scaffold.fasta.modified.fas 
# Current dir:     /home/bgerda/guppy_SUP
# Date:            Sun May 21 15:02:26 2023
# [ok]
