#                                                                                             --- full sequence --- -------------- this domain -------------   hmm coord   ali coord   env coord
# target name                         accession   tlen query name           accession   qlen   E-value  score  bias   #  of  c-Evalue  i-Evalue  score  bias  from    to  from    to  from    to  acc description of target
#                 ------------------- ---------- ----- -------------------- ---------- ----- --------- ------ ----- --- --- --------- --------- ------ ----- ----- ----- ----- ----- ----- ----- ---- ---------------------
NW_025965151.1_RagTag:9981-9121       -            287 26688at314147        -            285  4.6e-129  426.5  30.7   1   1  5.8e-130  5.3e-129  426.3  30.7    16   282     2   276     1   279 0.96 -
NW_025965151.1_RagTag:2673-3608       -            290 26688at314147        -            285   1.7e-84  280.3  21.6   1   2   6.5e-23   5.9e-22   75.0   7.3     3    88    11   106     9   108 0.83 -
NW_025965151.1_RagTag:2673-3608       -            290 26688at314147        -            285   1.7e-84  280.3  21.6   2   2   1.1e-64   9.9e-64  212.1   6.4   111   284   108   283   106   284 0.97 -
contig_26960_pilon:500-1427           -            307 26688at314147        -            285   1.8e-73  244.1  17.5   1   1   2.3e-74   2.1e-73  243.9  17.5     3   284     9   300     7   301 0.88 -
NW_025965274.1_RagTag:6011-6937       -            309 26688at314147        -            285   7.2e-72  238.8  24.3   1   1   8.8e-73     8e-72  238.6  24.3     6   283    20   306    12   308 0.92 -
NW_025965101.1_RagTag:63953-64872     -            304 26688at314147        -            285   7.1e-69  229.0  22.6   1   1   9.5e-70   8.7e-69  228.7  22.6     6   283    13   297     6   299 0.92 -
contig_30879_pilon:3573-2646          -            305 26688at314147        -            285   1.6e-67  224.5  23.2   1   1     2e-68   1.8e-67  224.3  23.2     4   283    14   301    11   303 0.90 -
NW_025965431.1_RagTag:38801-37884     -            306 26688at314147        -            285   4.4e-67  223.1  23.7   1   1   5.4e-68   4.9e-67  222.9  23.7     3   284    11   304     9   305 0.90 -
NW_025965331.1_RagTag:94447-97429     -            301 26688at314147        -            285   1.8e-66  221.1  16.8   1   1   5.4e-67   4.9e-66  219.7  16.8     3   283    16   301    14   301 0.88 -
NW_025965101.1_RagTag:53703-52790     -            302 26688at314147        -            285   4.7e-66  219.7  20.5   1   1   6.2e-67   5.6e-66  219.5  20.5     2   283     6   294     5   296 0.90 -
NW_025965274.1_RagTag:811-27886       -            297 26688at314147        -            285   8.2e-66  218.9  24.5   1   1     1e-66   9.2e-66  218.8  24.5     6   284    14   294     6   295 0.92 -
NW_025965123.1_RagTag:1720466-1719549 -            306 26688at314147        -            285   1.2e-65  218.4  31.7   1   1   1.5e-66   1.4e-65  218.2  31.7     4   282     8   297     5   300 0.89 -
contig_57973_pilon:1283-390           -            298 26688at314147        -            285   2.6e-65  217.3  12.5   1   1   3.5e-66   3.2e-65  217.0  12.5    12   284    15   296     6   297 0.92 -
NW_025965331.1_RagTag:92475-91708     -            254 26688at314147        -            285   2.8e-65  217.2  13.8   1   1   3.7e-66   3.4e-65  216.9  13.8    40   283     3   250     2   252 0.94 -
contig_14807_pilon:1454-642           -            271 26688at314147        -            285   4.6e-65  216.5  17.5   1   1   5.6e-66   5.1e-65  216.3  17.5    21   280     2   270     1   271 0.92 -
NW_025965123.1_RagTag:1731968-1727011 -            307 26688at314147        -            285   6.9e-65  215.9  26.2   1   1   8.5e-66   7.7e-65  215.7  26.2    15   283    30   307    13   307 0.89 -
NW_025965223.1_RagTag:142410-141492   -            298 26688at314147        -            285   1.1e-64  215.2  30.7   1   1   1.6e-65   1.4e-64  214.8  30.7     6   284    13   292     6   293 0.87 -
NW_025965581.1_RagTag:2819-3714       -            296 26688at314147        -            285   2.2e-64  214.3  18.3   1   1   2.9e-65   2.6e-64  214.0  18.3     6   284     6   293     3   294 0.91 -
NW_025965057.1_RagTag:7578-6664       -            305 26688at314147        -            285   4.4e-64  213.2  21.6   1   1   5.4e-65   4.9e-64  213.1  21.6    14   284    25   302     9   303 0.91 -
NW_025965008.1_RagTag:173497-172592   -            302 26688at314147        -            285   6.5e-64  212.7  26.5   1   1     8e-65   7.3e-64  212.5  26.5     3   282    11   302     9   302 0.92 -
NW_025965317.1_RagTag:2638743-2639617 -            279 26688at314147        -            285   7.5e-64  212.5  18.1   1   1   1.6e-64   1.5e-63  211.5  18.1    14   281     8   278     1   279 0.88 -
contig_9927_pilon:1816-941            -            292 26688at314147        -            285   1.2e-63  211.8  19.7   1   1   1.7e-64   1.5e-63  211.5  19.7    13   283     9   288     4   290 0.93 -
NW_025965151.1_RagTag:3060-3581       -            174 26688at314147        -            285   1.8e-63  211.3   6.4   1   1   2.1e-64     2e-63  211.1   6.4   111   282     1   174     1   174 0.97 -
NW_025965258.1_RagTag:3877-4797       -            307 26688at314147        -            285   1.9e-63  211.2  19.4   1   1   2.3e-64   2.1e-63  211.0  19.4     6   284    17   304     9   305 0.90 -
NW_025965008.1_RagTag:225275-198964   -            308 26688at314147        -            285   5.4e-63  209.7  27.1   1   1   7.2e-64   6.6e-63  209.4  27.1    13   283    22   301     8   303 0.91 -
NW_025965123.1_RagTag:1788519-1731059 -            296 26688at314147        -            285   5.9e-62  206.3  21.4   1   1   7.4e-63   6.8e-62  206.1  21.4     9   280    16   296     7   296 0.91 -
contig_72712_pilon:614-1494           -            280 26688at314147        -            285   1.3e-61  205.2  21.9   1   1   1.5e-62   1.4e-61  205.1  21.9     6   281     9   280     1   280 0.92 -
NW_025965140.1_RagTag:1050730-1049929 -            265 26688at314147        -            285   1.7e-61  204.8  18.1   1   1   2.3e-62   2.1e-61  204.5  18.1    32   284     7   264     4   265 0.92 -
contig_45284_pilon:1194-2101          -            300 26688at314147        -            285   2.5e-61  204.2  28.0   1   1   3.2e-62   2.9e-61  204.0  28.0     6   281    14   294     7   298 0.92 -
contig_45575_pilon:1116-2019          -            297 26688at314147        -            285   3.1e-61  203.9  11.3   1   1   4.2e-62   3.8e-61  203.6  11.3    37   283    50   297    38   297 0.93 -
NW_025965320.1_RagTag:837490-836582   -            303 26688at314147        -            285   5.1e-61  203.2  20.3   1   1   6.5e-62   5.9e-61  203.0  20.3    10   283    21   303    10   303 0.91 -
contig_70120_pilon:672-1550           -            293 26688at314147        -            285   5.5e-61  203.1  18.0   1   1   7.1e-62   6.5e-61  202.8  18.0    15   283    15   292     4   293 0.91 -
contig_56588_pilon:2331-1552          -            260 26688at314147        -            285   7.8e-61  202.6  23.9   1   1   9.4e-62   8.6e-61  202.5  23.9    28   275     1   257     1   260 0.91 -
NW_025965182.1_RagTag:1844071-1843143 -            308 26688at314147        -            285     3e-60  200.7  21.1   1   1   3.8e-61   3.5e-60  200.5  21.1    16   281    27   299     9   302 0.90 -
NW_025965230.1_RagTag:1052533-1051634 -            300 26688at314147        -            285   4.6e-60  200.0  21.3   1   1   5.7e-61   5.2e-60  199.9  21.3     3   283     7   299     5   300 0.91 -
NW_025965140.1_RagTag:855571-854690   -            294 26688at314147        -            285   5.5e-60  199.8  26.3   1   1   6.6e-61     6e-60  199.7  26.3    14   277    21   293     5   294 0.87 -
NW_025965080.1_RagTag:593590-594468   -            293 26688at314147        -            285   7.3e-60  199.4  21.7   1   1   9.7e-61   8.8e-60  199.1  21.7    11   283    14   292     2   293 0.87 -
contig_19626_pilon:1309-2243          -            310 26688at314147        -            285   2.9e-59  197.4  26.7   1   1   3.6e-60   3.3e-59  197.3  26.7    15   284    28   304    11   305 0.90 -
NW_025965320.1_RagTag:878457-875958   -            300 26688at314147        -            285     3e-59  197.4  24.1   1   1   3.6e-60   3.3e-59  197.3  24.1     3   282     8   299     6   300 0.92 -
NW_025965008.1_RagTag:160459-161301   -            281 26688at314147        -            285   3.2e-59  197.3  25.4   1   1   4.2e-60   3.8e-59  197.1  25.4    32   284    16   277     4   278 0.91 -
NW_025965315.1_RagTag:2528403-2529299 -            299 26688at314147        -            285   3.3e-59  197.3  26.4   1   1   4.3e-60   3.9e-59  197.0  26.4    14   280    23   298     8   299 0.92 -
NW_025965123.1_RagTag:1827929-1828831 -            301 26688at314147        -            285   4.7e-59  196.7  23.3   1   1   6.3e-60   5.7e-59  196.5  23.3    19   283    26   296     6   298 0.87 -
NW_025965324.1_RagTag:3944201-3943282 -            303 26688at314147        -            285   1.3e-58  195.3  24.7   1   1   1.6e-59   1.4e-58  195.2  24.7     3   283    14   302    12   303 0.91 -
NW_025965008.1_RagTag:218774-229429   -            306 26688at314147        -            285   2.3e-58  194.5  21.8   1   1   2.8e-59   2.6e-58  194.3  21.8     3   283    10   305     8   306 0.87 -
NW_025965138.1_RagTag:13922-13067     -            279 26688at314147        -            285   3.2e-58  194.0  23.3   1   1   3.9e-59   3.6e-58  193.9  23.3    10   283     5   278     1   279 0.87 -
NW_025965008.1_RagTag:199898-198979   -            304 26688at314147        -            285   4.6e-58  193.5  27.4   1   1   5.7e-59   5.2e-58  193.3  27.4    17   283    28   302    10   304 0.91 -
NW_025965123.1_RagTag:1788531-1706774 -            311 26688at314147        -            285   1.7e-57  191.6  24.4   1   1   2.2e-58     2e-57  191.4  24.4     9   284    20   304    11   305 0.92 -
NW_025965320.1_RagTag:876881-875964   -            306 26688at314147        -            285   2.2e-57  191.3  25.2   1   1   2.8e-58   2.6e-57  191.0  25.2    10   280    26   305    15   306 0.92 -
NW_025965405.1_RagTag:33522-34382     -            287 26688at314147        -            285   3.6e-57  190.6  28.5   1   1   4.5e-58   4.1e-57  190.4  28.5     6   267    17   287    10   287 0.91 -
NW_025965313.1_RagTag:1751145-1670390 -            284 26688at314147        -            285     4e-57  190.4  31.8   1   1   5.3e-58   4.8e-57  190.1  31.8    17   283    12   280     4   282 0.91 -
contig_45643_pilon:1987-1068          -            303 26688at314147        -            285   4.3e-57  190.3  24.2   1   1   5.4e-58   4.9e-57  190.1  24.2    10   283    21   300    10   302 0.93 -
contig_36220_pilon:1250-2170          -            307 26688at314147        -            285   8.2e-57  189.4  23.9   1   1     1e-57   9.5e-57  189.2  23.9    10   283    21   303    11   305 0.91 -
NW_025965146.1_RagTag:98919-98025     -            285 26688at314147        -            285   1.4e-56  188.6  23.2   1   1   3.8e-56   3.5e-55  184.1  23.2     7   283    16   284    13   285 0.88 -
contig_59306_pilon:1448-2247          -            258 26688at314147        -            285   7.8e-56  186.2  14.0   1   1   1.5e-56   1.4e-55  185.4  14.0    23   278     3   258     1   258 0.92 -
NW_025965313.1_RagTag:1751145-1728168 -            287 26688at314147        -            285   1.8e-55  185.0  24.8   1   1   2.3e-56   2.1e-55  184.8  24.8    17   284    12   283     4   284 0.92 -
NW_025965203.1_RagTag:477707-478475   -            252 26688at314147        -            285   1.8e-55  185.0  14.9   1   1   2.5e-56   2.3e-55  184.6  14.9    40   283     4   248     2   249 0.96 -
contig_72985_pilon:1524-2407          -            293 26688at314147        -            285   2.4e-55  184.6  29.3   1   1   3.2e-56   2.9e-55  184.3  29.3    16   273    29   293    13   293 0.92 -
NW_025965123.1_RagTag:1769472-1879484 -            291 26688at314147        -            285   2.8e-55  184.3  23.2   1   1   3.8e-56   3.5e-55  184.1  23.2     6   280    13   291     6   291 0.88 -
contig_19055_pilon:1664-777           -            283 26688at314147        -            285   3.1e-55  184.2  20.5   1   1   4.2e-56   3.8e-55  183.9  20.5    10   284    11   280     1   281 0.88 -
NW_025965341.1_RagTag:127633-126742   -            294 26688at314147        -            285   3.2e-55  184.2  26.2   1   1   3.8e-56   3.5e-55  184.0  26.2    16   284    18   293     1   294 0.91 -
NW_025965233.1_RagTag:206241-207158   -            306 26688at314147        -            285   3.5e-55  184.0  22.0   1   1   4.4e-56     4e-55  183.9  22.0     3   282     9   301     7   304 0.86 -
NW_025965080.1_RagTag:595455-596352   -            297 26688at314147        -            285     3e-54  181.0  23.1   1   1   3.9e-55   3.6e-54  180.7  23.1    16   283    22   293     9   295 0.88 -
NW_025965431.1_RagTag:7750-16805      -            271 26688at314147        -            285   3.3e-54  180.9  20.0   1   2   3.1e-12   2.9e-11   39.9   1.3    16    72    23    83     8    87 0.86 -
NW_025965431.1_RagTag:7750-16805      -            271 26688at314147        -            285   3.3e-54  180.9  20.0   2   2     4e-45   3.6e-44  147.9  11.1    94   283    84   269    79   271 0.90 -
NW_025965305.1_RagTag:1670313-1671239 -            309 26688at314147        -            285   3.5e-54  180.8  25.7   1   1   4.4e-55     4e-54  180.6  25.7     3   283    11   301     9   303 0.85 -
contig_67131_pilon:1192-312           -            291 26688at314147        -            285   4.1e-54  180.5  21.7   1   1   5.4e-55   4.9e-54  180.3  21.7    15   282    19   291     4   291 0.91 -
NW_025965123.1_RagTag:1940487-1854686 -            295 26688at314147        -            285   2.7e-53  177.8  24.9   1   1   3.6e-54   3.3e-53  177.6  24.9    11   282    18   286     5   289 0.86 -
NW_025965574.1_RagTag:1187-283        -            293 26688at314147        -            285     5e-53  177.0  23.4   1   1   6.6e-54     6e-53  176.7  23.4     7   284    14   292     6   293 0.90 -
NW_025965235.1_RagTag:64724-63826     -            298 26688at314147        -            285     6e-53  176.7  18.0   1   1   7.2e-54   6.6e-53  176.6  18.0     6   282     8   294     2   297 0.89 -
contig_16391_pilon:1986-1069          -            306 26688at314147        -            285   1.4e-52  175.5  28.7   1   1   1.7e-53   1.6e-52  175.3  28.7     7   284    18   304     9   305 0.91 -
NW_025965636.1_RagTag:15144-17845     -            294 26688at314147        -            285   2.3e-52  174.8  29.4   1   1   2.9e-53   2.7e-52  174.6  29.4    19   283    26   289     5   291 0.85 -
NW_025965313.1_RagTag:1671318-1670390 -            280 26688at314147        -            285   3.5e-52  174.2  27.1   1   2   2.1e-21     2e-20   70.0  13.0    11   115    25   136    12   142 0.83 -
NW_025965313.1_RagTag:1671318-1670390 -            280 26688at314147        -            285   3.5e-52  174.2  27.1   2   2   1.9e-33   1.7e-32  109.6   7.6   148   283   141   276   135   278 0.95 -
NW_025965306.1_RagTag:21642-22396     -            241 26688at314147        -            285     4e-52  174.0  17.6   1   1   6.1e-53   5.6e-52  173.5  17.6    39   284     1   240     1   241 0.91 -
NW_025965307.1_RagTag:60822-79022     -            238 26688at314147        -            285   1.6e-51  172.0  17.3   1   2   7.7e-36     7e-35  117.4  12.8     6   152    15   168     7   170 0.90 -
NW_025965307.1_RagTag:60822-79022     -            238 26688at314147        -            285   1.6e-51  172.0  17.3   2   2   3.6e-18   3.3e-17   59.5   0.1   213   283   168   238   166   238 0.97 -
NW_025965203.1_RagTag:474886-475707   -            274 26688at314147        -            285   2.4e-51  171.4  19.3   1   1   3.1e-52   2.9e-51  171.2  19.3    13   267    13   274     3   274 0.90 -
contig_11065_pilon:1219-299           -            307 26688at314147        -            285   6.2e-51  170.1  18.8   1   1   8.1e-52   7.4e-51  169.9  18.8     6   283    20   305    15   307 0.88 -
NW_025965407.1_RagTag:8729-7857       -            291 26688at314147        -            285   1.7e-50  168.7  20.2   1   1   2.2e-51     2e-50  168.4  20.2    15   275    21   291     6   291 0.89 -
contig_23379_pilon:2125-1202          -            308 26688at314147        -            285   2.5e-50  168.1  14.2   1   1   3.5e-51   3.1e-50  167.8  14.2    11   282    28   307    16   308 0.86 -
NW_025965054.1_RagTag:13489-18615     -            290 26688at314147        -            285   3.6e-50  167.6  10.8   1   1   1.4e-50   1.2e-49  165.8  10.8     6   283    13   286     8   288 0.87 -
contig_75679_pilon:823-1677           -            285 26688at314147        -            285   4.5e-50  167.3  24.2   1   1     6e-51   5.5e-50  167.0  24.2    16   267    25   285    18   285 0.92 -
contig_17327_pilon:1299-559           -            247 26688at314147        -            285   1.1e-49  166.0  20.1   1   1   1.5e-50   1.4e-49  165.7  20.1    46   283     1   241     1   242 0.90 -
NW_025965123.1_RagTag:1952089-1951388 -            234 26688at314147        -            285     5e-49  163.9  20.1   1   1     6e-50   5.5e-49  163.7  20.1    53   282     1   232     1   234 0.92 -
NW_025965426.1_RagTag:16505-69572     -            305 26688at314147        -            285   5.1e-49  163.8  30.1   1   1   6.7e-50   6.1e-49  163.6  30.1    14   282    23   302    17   305 0.91 -
NW_025965182.1_RagTag:1830128-1829427 -            234 26688at314147        -            285   5.2e-49  163.8  11.3   1   1   6.8e-50   6.2e-49  163.5  11.3    60   283     2   230     1   231 0.92 -
NW_025965305.1_RagTag:1667672-1666791 -            294 26688at314147        -            285   5.3e-49  163.8  23.6   1   1   6.6e-50     6e-49  163.6  23.6     3   277    11   294     9   294 0.83 -
NW_025965313.1_RagTag:74990-75835     -            254 26688at314147        -            285   6.1e-49  163.6  21.2   1   2   0.00088     0.008   12.2   2.4    20    49     3    36     1    42 0.79 -
NW_025965313.1_RagTag:74990-75835     -            254 26688at314147        -            285   6.1e-49  163.6  21.2   2   2   4.1e-48   3.7e-47  157.7  11.5    74   284    39   248    35   249 0.90 -
NW_025965161.1_RagTag:669586-679032   -            305 26688at314147        -            285   1.5e-48  162.3  22.4   1   1     2e-49   1.8e-48  162.0  22.4     6   283    13   303     8   305 0.88 -
NW_025965101.1_RagTag:83096-84005     -            301 26688at314147        -            285   5.2e-48  160.5  11.5   1   2   1.3e-13   1.1e-12   44.5   1.3     7    69    14    78     6    95 0.86 -
NW_025965101.1_RagTag:83096-84005     -            301 26688at314147        -            285   5.2e-48  160.5  11.5   2   2   5.6e-37   5.1e-36  121.2   3.1   136   283   147   296   142   298 0.92 -
NW_025965426.1_RagTag:28179-27304     -            292 26688at314147        -            285   7.5e-48  160.0  24.1   1   1   9.5e-49   8.6e-48  159.8  24.1    17   279    18   291     2   292 0.89 -
NW_025965256.1_RagTag:10296-9220      -            245 26688at314147        -            285   8.4e-48  159.8  17.9   1   1   2.8e-48   2.5e-47  158.2  17.9    31   282     2   240     1   243 0.88 -
NW_025965331.1_RagTag:96539-117568    -            286 26688at314147        -            285   1.2e-47  159.3  17.8   1   1   1.6e-48   1.4e-47  159.1  17.8     7   283    10   284     2   286 0.89 -
NW_025965431.1_RagTag:15900-16817     -            278 26688at314147        -            285   7.6e-47  156.7  24.5   1   2   1.7e-13   1.6e-12   44.1   8.9     9    97    17   112     6   119 0.84 -
NW_025965431.1_RagTag:15900-16817     -            278 26688at314147        -            285   7.6e-47  156.7  24.5   2   2   4.4e-36     4e-35  118.2   9.2   126   283   113   272   110   274 0.90 -
contig_78135_pilon:1433-667           -            249 26688at314147        -            285   3.4e-46  154.5  18.0   1   1   4.7e-47   4.3e-46  154.2  18.0    39   284     3   246     2   247 0.93 -
NW_025965313.1_RagTag:2-724           -            241 26688at314147        -            285     5e-46  154.0  20.0   1   1   6.2e-47   5.6e-46  153.8  20.0    53   284     1   237     1   238 0.95 -
NW_025965636.1_RagTag:16952-17833     -            270 26688at314147        -            285     2e-45  152.0  30.4   1   2   3.2e-06   2.9e-05   20.2   6.7    19    71    23    80     3    86 0.73 -
NW_025965636.1_RagTag:16952-17833     -            270 26688at314147        -            285     2e-45  152.0  30.4   2   2   2.5e-42   2.3e-41  138.7  15.2    96   283    87   269    81   270 0.90 -
NW_025965307.1_RagTag:101333-100668   -            222 26688at314147        -            285   1.9e-44  148.8   7.5   1   1   2.4e-45   2.2e-44  148.6   7.5    80   283     6   211     1   213 0.94 -
NW_025965023.1_RagTag:896670-897431   -            243 26688at314147        -            285   1.7e-43  145.7  17.3   1   1   3.9e-44   3.5e-43  144.7  17.3    40   282     2   238     1   241 0.89 -
NW_025965313.1_RagTag:1712592-1713476 -            270 26688at314147        -            285   6.7e-43  143.7  28.1   1   2   1.8e-34   1.7e-33  112.9  19.2    12   179    25   201    13   210 0.88 -
NW_025965313.1_RagTag:1712592-1713476 -            270 26688at314147        -            285   6.7e-43  143.7  28.1   2   2   4.7e-11   4.3e-10   36.1   2.4   213   271   212   270   196   270 0.91 -
NW_025965418.1_RagTag:2485-3053       -            181 26688at314147        -            285   1.8e-42  142.3   5.0   1   1   2.4e-43   2.2e-42  142.1   5.0    96   282     1   180     1   181 0.94 -
NW_025965313.1_RagTag:1712610-1713529 -            299 26688at314147        -            285   2.8e-42  141.7  26.6   1   1   3.9e-43   3.5e-42  141.4  26.6    13   283    20   294     8   296 0.86 -
NW_025965352.1_RagTag:41208-40264     -            315 26688at314147        -            285   4.4e-42  141.1  16.9   1   1   6.4e-43   5.8e-42  140.7  16.9    17   281    36   311    25   314 0.88 -
contig_68255_pilon:881-34             -            243 26688at314147        -            285   2.1e-41  138.8  18.4   1   2   1.1e-22     1e-21   74.2   7.2     7   113    14   125     6   127 0.85 -
contig_68255_pilon:881-34             -            243 26688at314147        -            285   2.1e-41  138.8  18.4   2   2   6.9e-22   6.3e-21   71.6   3.5   148   268   126   243   124   243 0.93 -
NW_025965426.1_RagTag:121557-84814    -            303 26688at314147        -            285   2.5e-41  138.6  24.3   1   1   3.5e-42   3.2e-41  138.2  24.3    18   280    27   298     8   301 0.90 -
NW_025965426.1_RagTag:108406-107512   -            294 26688at314147        -            285   3.3e-41  138.2  21.4   1   1   4.4e-42     4e-41  137.9  21.4    32   278    41   294    18   294 0.86 -
NW_025965161.1_RagTag:680661-681401   -            218 26688at314147        -            285   4.7e-41  137.7  14.7   1   2   2.1e-25   1.9e-24   83.2   9.6    43   160     1   121     1   134 0.92 -
NW_025965161.1_RagTag:680661-681401   -            218 26688at314147        -            285   4.7e-41  137.7  14.7   2   2   8.6e-18   7.9e-17   58.2   0.6   191   282   130   217   120   218 0.88 -
NW_025965426.1_RagTag:63389-64287     -            296 26688at314147        -            285   5.7e-40  134.1  26.7   1   1   6.8e-41   6.2e-40  134.0  26.7    12   278    19   293     5   296 0.85 -
contig_30302_pilon:2184-1333          -            279 26688at314147        -            285   9.1e-40  133.5  21.0   1   1   1.3e-40   1.2e-39  133.1  21.0    22   240    35   256    23   277 0.85 -
NW_025965315.1_RagTag:2548642-2549524 -            225 26688at314147        -            285     1e-39  133.3  19.2   1   2   4.4e-27     4e-26   88.7  13.6    11   153     4   152     2   153 0.86 -
NW_025965315.1_RagTag:2548642-2549524 -            225 26688at314147        -            285     1e-39  133.3  19.2   2   2   4.1e-15   3.8e-14   49.4   0.2   215   283   152   220   151   222 0.97 -
NW_025965320.1_RagTag:897689-897120   -            177 26688at314147        -            285     2e-39  132.4  10.1   1   1   2.5e-40   2.2e-39  132.2  10.1   100   285     1   176     1   176 0.95 -
NW_025965331.1_RagTag:96696-97292     -            199 26688at314147        -            285   2.2e-39  132.2  17.9   1   1   2.6e-40   2.4e-39  132.1  17.9    46   239     1   199     1   199 0.92 -
NW_025965123.1_RagTag:1766606-1879490 -            190 26688at314147        -            285   3.3e-39  131.6  19.1   1   1   4.2e-40   3.8e-39  131.4  19.1    91   282     5   190     2   190 0.90 -
NW_025965149.1_RagTag:1693206-1693771 -            184 26688at314147        -            285   3.7e-39  131.5   8.1   1   1   4.4e-40     4e-39  131.3   8.1    99   283     3   184     1   184 0.95 -
NW_025965352.1_RagTag:27049-26294     -            252 26688at314147        -            285   1.7e-38  129.3  15.1   1   1   2.1e-39   1.9e-38  129.1  15.1    40   281     1   248     1   252 0.89 -
NW_025965146.1_RagTag:105378-106290   -            288 26688at314147        -            285   2.4e-38  128.8  17.9   1   1   3.4e-39   3.1e-38  128.4  17.9    13   284    20   285     9   286 0.87 -
NW_025965235.1_RagTag:62953-62088     -            287 26688at314147        -            285   6.3e-38  127.4  19.7   1   1   7.6e-39   6.9e-38  127.3  19.7    10   266    24   286    12   287 0.88 -
contig_17158_pilon:2161-1615          -            179 26688at314147        -            285   1.4e-37  126.3  11.0   1   1   1.7e-38   1.5e-37  126.2  11.0   109   282     2   175     1   178 0.94 -
contig_48637_pilon:1314-624           -            228 26688at314147        -            285   3.4e-37  125.0  18.7   1   1   4.1e-38   3.7e-37  124.9  18.7    14   213    21   227     6   228 0.89 -
NW_025965008.1_RagTag:199395-198985   -            137 26688at314147        -            285   2.5e-36  122.2   6.0   1   1     3e-37   2.7e-36  122.1   6.0   150   282     2   136     1   137 0.95 -
contig_44821_pilon:519-29             -            161 26688at314147        -            285   3.7e-36  121.6  15.2   1   1   4.4e-37     4e-36  121.5  15.2    15   169     3   161     1   161 0.94 -
NW_025965054.1_RagTag:13790-14404     -            191 26688at314147        -            285   1.8e-35  119.4   3.9   1   1   2.4e-36   2.2e-35  119.1   3.9    90   281     4   185     1   189 0.93 -
NW_025965352.1_RagTag:4549-3728       -            274 26688at314147        -            285   2.6e-35  118.8  19.9   1   1   3.3e-36     3e-35  118.6  19.9    27   283     4   270     1   272 0.85 -
NW_025965250.1_RagTag:33251-32712     -            180 26688at314147        -            285   3.4e-35  118.5  18.0   1   1     4e-36   3.7e-35  118.3  18.0    28   181     1   161     1   180 0.89 -
NW_025965305.1_RagTag:1702982-1703461 -            160 26688at314147        -            285     9e-34  113.8  12.2   1   1   1.1e-34   9.8e-34  113.7  12.2     3   145     7   159     5   160 0.88 -
NW_025965426.1_RagTag:76722-76078     -            215 26688at314147        -            285   1.2e-33  113.4  10.5   1   1   1.4e-34   1.3e-33  113.3  10.5    74   283     1   214     1   215 0.88 -
NW_025965315.1_RagTag:2548799-2549539 -            186 26688at314147        -            285     2e-33  112.6   8.9   1   2   1.5e-19   1.4e-18   63.9   3.6    77   154    27   105     3   107 0.88 -
NW_025965315.1_RagTag:2548799-2549539 -            186 26688at314147        -            285     2e-33  112.6   8.9   2   2   3.4e-16   3.1e-15   53.0   0.2   213   283   106   176   103   178 0.95 -
NW_025965161.1_RagTag:680640-681288   -            193 26688at314147        -            285   6.6e-33  110.9  15.9   1   2   1.3e-26   1.2e-25   87.2   9.9    41   169     6   137     2   143 0.92 -
NW_025965161.1_RagTag:680640-681288   -            193 26688at314147        -            285   6.6e-33  110.9  15.9   2   2   1.3e-08   1.2e-07   28.1   1.2   191   234   139   182   127   189 0.86 -
NW_025965123.1_RagTag:1707442-1707870 -            143 26688at314147        -            285   1.2e-31  106.8   5.6   1   1   1.4e-32   1.3e-31  106.7   5.6   148   284     3   141     1   142 0.94 -
contig_38642_pilon:2275-1674          -            194 26688at314147        -            285   5.5e-31  104.6  10.8   1   1   7.5e-32   6.9e-31  104.3  10.8    91   284     2   188     1   189 0.84 -
NW_025965426.1_RagTag:16726-111995    -            212 26688at314147        -            285   8.1e-31  104.1   9.9   1   1   1.1e-31     1e-30  103.8   9.9    94   281    16   206     4   209 0.88 -
NW_025965320.1_RagTag:849090-848577   -            169 26688at314147        -            285   2.5e-30  102.5   6.5   1   1   3.1e-31   2.8e-30  102.3   6.5   115   283     1   169     1   169 0.89 -
contig_27735_pilon:522-1              -            174 26688at314147        -            285   3.9e-29   98.6  10.2   1   1   5.2e-30   4.8e-29   98.3  10.2     7   137    27   164    19   173 0.86 -
NW_025965426.1_RagTag:108382-38484    -            269 26688at314147        -            285   4.2e-29   98.5  13.2   1   1   5.5e-30     5e-29   98.2  13.2    18   263    19   269     2   269 0.79 -
NW_025965320.1_RagTag:846033-845584   -            150 26688at314147        -            285   5.6e-29   98.0  12.5   1   1     7e-30   6.4e-29   97.9  12.5     9   136    16   150     7   150 0.90 -
NW_025965131.1_RagTag:183-786         -            196 26688at314147        -            285   2.7e-28   95.8  13.2   1   1   3.4e-29   3.1e-28   95.6  13.2    84   284     1   195     1   196 0.82 -
NW_025965274.1_RagTag:8608-9171       -            188 26688at314147        -            285   3.2e-28   95.6  18.9   1   1     4e-29   3.6e-28   95.4  18.9     4   171    12   188     9   188 0.87 -
NW_025965054.1_RagTag:8387-7808       -            191 26688at314147        -            285   5.2e-28   94.9   9.7   1   1     7e-29   6.4e-28   94.6   9.7    19   168    28   182    21   189 0.87 -
NW_025965008.1_RagTag:228222-228746   -            175 26688at314147        -            285   8.2e-28   94.2  12.4   1   1     1e-28   9.1e-28   94.1  12.4     3   156    11   174     9   175 0.89 -
NW_025965123.1_RagTag:1940228-1939633 -            178 26688at314147        -            285     1e-27   93.9  11.2   1   1   1.4e-28   1.3e-27   93.6  11.2   108   250    17   160     6   176 0.88 -
NW_025965352.1_RagTag:14173-14790     -            206 26688at314147        -            285   1.1e-27   93.8  17.1   1   1   1.4e-28   1.3e-27   93.6  17.1    17   179    26   195    11   204 0.89 -
contig_31446_pilon:644-132            -            171 26688at314147        -            285   1.4e-27   93.5  11.3   1   1   1.8e-28   1.6e-27   93.2  11.3     5   151    13   169     9   170 0.85 -
NW_025965182.1_RagTag:1860934-1875271 -            176 26688at314147        -            285   3.2e-27   92.3   9.5   1   1   3.9e-28   3.6e-27   92.1   9.5    13   124    21   139     6   165 0.85 -
NW_025965313.1_RagTag:68335-68856     -            174 26688at314147        -            285   4.1e-27   91.9  19.0   1   1   4.8e-28   4.4e-27   91.8  19.0    14   155    25   173     9   174 0.87 -
NW_025965405.1_RagTag:2479-2916       -            146 26688at314147        -            285   1.6e-25   86.7   0.9   1   1     2e-26   1.9e-25   86.5   0.9   151   283     8   142     2   144 0.90 -
NW_025965470.1_RagTag:910-142         -            164 26688at314147        -            285     1e-24   84.1   7.2   1   3   8.6e-19   7.8e-18   61.5   1.9    44   126     5    90     1    93 0.90 -
NW_025965470.1_RagTag:910-142         -            164 26688at314147        -            285     1e-24   84.1   7.2   2   3    0.0053     0.048    9.7   0.6   148   176    92   120    87   124 0.89 -
NW_025965470.1_RagTag:910-142         -            164 26688at314147        -            285     1e-24   84.1   7.2   3   3   0.00012    0.0011   15.1   0.0   257   281   132   156   126   158 0.91 -
NW_025965341.1_RagTag:127666-127124   -            181 26688at314147        -            285   6.1e-24   81.5   7.8   1   1   7.6e-25     7e-24   81.3   7.8     3   127    13   148    11   162 0.83 -
contig_59306_pilon:1921-2247          -            109 26688at314147        -            285   4.5e-23   78.7   0.3   1   1   5.7e-24   5.2e-23   78.5   0.3   187   278    18   109    10   109 0.94 -
NW_025965274.1_RagTag:34855-34298     -            172 26688at314147        -            285   4.9e-21   72.0  13.5   1   1   6.6e-22   6.1e-21   71.7  13.5     3   167     7   171     5   172 0.81 -
NW_025965300.1_RagTag:1228665-1229471 -            133 26688at314147        -            285   5.7e-21   71.8   4.7   1   1   6.6e-22     6e-21   71.7   4.7   158   281     4   129     1   133 0.93 -
contig_32555_pilon:2224-1308          -            296 26688at314147        -            285     7e-21   71.5   7.9   1   2   1.1e-09     1e-08   31.6   3.0    10    66    20    80     8    96 0.80 -
contig_32555_pilon:2224-1308          -            296 26688at314147        -            285     7e-21   71.5   7.9   2   2   4.6e-13   4.2e-12   42.7   0.2   147   218   156   229   148   243 0.84 -
NW_025965054.1_RagTag:17704-18186     -            161 26688at314147        -            285   1.2e-19   67.5   9.3   1   1   1.6e-20   1.4e-19   67.2   9.3     6   134    13   148     8   157 0.86 -
NW_025965008.1_RagTag:181569-177125   -            147 26688at314147        -            285   1.3e-19   67.3  10.8   1   1   1.6e-20   1.5e-19   67.2  10.8    17   127    20   130     1   142 0.85 -
NW_025965331.1_RagTag:86176-85862     -            105 26688at314147        -            285   1.1e-15   54.4   8.5   1   1   1.3e-16   1.2e-15   54.3   8.5     2    90     6   105     5   105 0.83 -
NW_025965182.1_RagTag:1844038-1843763 -             92 26688at314147        -            285   2.1e-12   43.6   4.8   1   1   2.4e-13   2.1e-12   43.6   4.8    16    85    16    92     1    92 0.83 -
NW_025965251.1_RagTag:397452-396704   -            180 26688at314147        -            285   7.4e-11   38.6  11.0   1   3   5.1e-09   4.6e-08   29.4   2.6    16   103     7   104     3   111 0.65 -
NW_025965251.1_RagTag:397452-396704   -            180 26688at314147        -            285   7.4e-11   38.6  11.0   2   3     0.026      0.24    7.4   0.2   149   173   105   129    95   144 0.81 -
NW_025965251.1_RagTag:397452-396704   -            180 26688at314147        -            285   7.4e-11   38.6  11.0   3   3     0.026      0.23    7.4   0.2   212   241   145   174   135   179 0.75 -
NW_025965123.1_RagTag:1772589-1772891 -            101 26688at314147        -            285   8.2e-09   31.9   4.8   1   1     1e-09   9.5e-09   31.7   4.8     6    72    13    83     8    99 0.82 -
NW_025965148.1_RagTag:252022-250949   -            288 26688at314147        -            285     4e-05   19.8   6.4   1   1   6.5e-06   5.9e-05   19.2   6.4    10   144    43   183    31   190 0.73 -
contig_67641_pilon:774-58             -            239 26688at314147        -            285    0.0052   12.8  15.1   1   1   0.00066     0.006   12.6  15.1    16   206     3   204     1   237 0.72 -
#
# Program:         hmmsearch
# Version:         3.1b2 (February 2015)
# Pipeline mode:   SEARCH
# Query file:      /home/bgerda/guppy_SUP/busco_downloads/lineages/glires_odb10/hmms/26688at314147.hmm
# Target file:     /home/bgerda/guppy_SUP/busco_results/run_glires_odb10/metaeuk_output/initial_results/ragtag.scaffold.fasta.modified.fas
# Option settings: hmmsearch --domtblout /home/bgerda/guppy_SUP/busco_results/run_glires_odb10/hmmer_output/initial_run_results/26688at314147.out --cpu 1 /home/bgerda/guppy_SUP/busco_downloads/lineages/glires_odb10/hmms/26688at314147.hmm /home/bgerda/guppy_SUP/busco_results/run_glires_odb10/metaeuk_output/initial_results/ragtag.scaffold.fasta.modified.fas 
# Current dir:     /home/bgerda/guppy_SUP
# Date:            Sun May 21 15:02:25 2023
# [ok]
