#                                                                                             --- full sequence --- -------------- this domain -------------   hmm coord   ali coord   env coord
# target name                         accession   tlen query name           accession   qlen   E-value  score  bias   #  of  c-Evalue  i-Evalue  score  bias  from    to  from    to  from    to  acc description of target
#                 ------------------- ---------- ----- -------------------- ---------- ----- --------- ------ ----- --- --- --------- --------- ------ ----- ----- ----- ----- ----- ----- ----- ---- ---------------------
NW_025965080.1_RagTag:544012-542013   -            240 27267at314147        -            223   1.1e-24   83.4  36.1   1   4   8.3e-07   0.00029   16.6   0.6   133   168     8    43     6    47 0.86 -
NW_025965080.1_RagTag:544012-542013   -            240 27267at314147        -            223   1.1e-24   83.4  36.1   2   4   2.8e-13     1e-10   37.8  10.5    91   182    26   117    17   122 0.86 -
NW_025965080.1_RagTag:544012-542013   -            240 27267at314147        -            223   1.1e-24   83.4  36.1   3   4      0.01       3.7    3.2   0.3   116   142   110   136   107   143 0.88 -
NW_025965080.1_RagTag:544012-542013   -            240 27267at314147        -            223   1.1e-24   83.4  36.1   4   4   3.3e-17   1.2e-14   50.7  13.0    91   187   144   238   139   240 0.94 -
contig_7816_pilon:143-2076            -            194 27267at314147        -            223   9.3e-10   34.6  26.3   1   2   4.7e-11   1.7e-08   30.5  18.6    66   190     6   125     3   134 0.84 -
contig_7816_pilon:143-2076            -            194 27267at314147        -            223   9.3e-10   34.6  26.3   2   2   0.00095      0.33    6.6   4.9   129   187   124   192   111   194 0.58 -
NW_025965284.1_RagTag:31995-31434     -             98 27267at314147        -            223   1.4e-06   24.3   1.0   1   1   4.5e-09   1.6e-06   24.1   1.0    55   130    16    85     5    90 0.80 -
NW_025965218.1_RagTag:1408440-1405062 -            206 27267at314147        -            223   0.00061   15.6   3.9   1   1   2.6e-06   0.00092   15.0   3.9    91   130    36    76    15    96 0.82 -
#
# Program:         hmmsearch
# Version:         3.1b2 (February 2015)
# Pipeline mode:   SEARCH
# Query file:      /home/bgerda/guppy_SUP/busco_downloads/lineages/glires_odb10/hmms/27267at314147.hmm
# Target file:     /home/bgerda/guppy_SUP/busco_results/run_glires_odb10/metaeuk_output/initial_results/ragtag.scaffold.fasta.modified.fas
# Option settings: hmmsearch --domtblout /home/bgerda/guppy_SUP/busco_results/run_glires_odb10/hmmer_output/initial_run_results/27267at314147.out --cpu 1 /home/bgerda/guppy_SUP/busco_downloads/lineages/glires_odb10/hmms/27267at314147.hmm /home/bgerda/guppy_SUP/busco_results/run_glires_odb10/metaeuk_output/initial_results/ragtag.scaffold.fasta.modified.fas 
# Current dir:     /home/bgerda/guppy_SUP
# Date:            Sun May 21 15:02:26 2023
# [ok]
