#                                                                                             --- full sequence --- -------------- this domain -------------   hmm coord   ali coord   env coord
# target name                         accession   tlen query name           accession   qlen   E-value  score  bias   #  of  c-Evalue  i-Evalue  score  bias  from    to  from    to  from    to  acc description of target
#                 ------------------- ---------- ----- -------------------- ---------- ----- --------- ------ ----- --- --- --------- --------- ------ ----- ----- ----- ----- ----- ----- ----- ---- ---------------------
NW_025965319.1_RagTag:190216-191286   -            357 27956at314147        -            263   2.8e-43  144.7  22.7   1   1   9.1e-44   3.7e-42  141.0  22.7     7   262    29   320    25   321 0.82 -
NW_025965295.1_RagTag:980802-979558   -            415 27956at314147        -            263   2.4e-39  131.8  28.0   1   1   1.7e-39   6.8e-38  127.0  28.0     7   259    94   374    90   377 0.84 -
NW_025965230.1_RagTag:349910-348756   -            385 27956at314147        -            263   5.2e-36  120.9   9.8   1   2   4.6e-24   1.9e-22   76.4   3.5     7   137    41   170    37   177 0.94 -
NW_025965230.1_RagTag:349910-348756   -            385 27956at314147        -            263   5.2e-36  120.9   9.8   2   2     2e-15     8e-14   48.1   0.4   154   259   211   327   199   330 0.81 -
NW_025965322.1_RagTag:1962882-1961488 -            283 27956at314147        -            263   4.8e-30  101.3  13.5   1   2   1.6e-24   6.6e-23   77.9   9.6     3   134    41   170    38   178 0.88 -
NW_025965322.1_RagTag:1962882-1961488 -            283 27956at314147        -            263   4.8e-30  101.3  13.5   2   2   1.9e-08   7.8e-07   25.2   0.1   191   259   191   269   175   276 0.80 -
NW_025965321.1_RagTag:4466482-4467336 -            285 27956at314147        -            263   6.1e-25   84.6  22.7   1   2   5.3e-24   2.1e-22   76.2  10.8     7   137    24   152    18   161 0.92 -
NW_025965321.1_RagTag:4466482-4467336 -            285 27956at314147        -            263   6.1e-25   84.6  22.7   2   2   3.9e-05    0.0016   14.4   4.0   157   219   193   253   181   285 0.69 -
contig_25261_pilon:2046-1063          -            328 27956at314147        -            263   1.7e-24   83.1  17.6   1   2   1.2e-14   4.8e-13   45.6   9.5    10   133    30   154    26   168 0.78 -
contig_25261_pilon:2046-1063          -            328 27956at314147        -            263   1.7e-24   83.1  17.6   2   2   2.6e-13     1e-11   41.2   3.4   112   258   161   313   150   317 0.74 -
NW_025965108.1_RagTag:146371-147354   -            328 27956at314147        -            263   2.9e-22   75.8   6.4   1   1     5e-23     2e-21   73.0   6.4    12   257    43   327    35   328 0.67 -
contig_67641_pilon:774-58             -            239 27956at314147        -            263     9e-17   57.8  19.1   1   2   2.6e-16   1.1e-14   51.0   9.9    10   134     5   130     1   142 0.79 -
contig_67641_pilon:774-58             -            239 27956at314147        -            263     9e-17   57.8  19.1   2   2   0.00014    0.0059   12.5   1.7   147   213   173   236   166   239 0.73 -
NW_025965314.1_RagTag:120014-121839   -            303 27956at314147        -            263   1.2e-13   47.5  21.9   1   2   1.6e-10   6.5e-09   32.0  11.2     9   132    17   137    11   168 0.81 -
NW_025965314.1_RagTag:120014-121839   -            303 27956at314147        -            263   1.2e-13   47.5  21.9   2   2   2.9e-07   1.2e-05   21.4   2.8   157   261   186   301   173   303 0.70 -
NW_025965421.1_RagTag:181828-182494   -            201 27956at314147        -            263   7.4e-12   41.7   6.9   1   2     1e-08   4.1e-07   26.1   0.1    68   116     6    54     2    89 0.78 -
NW_025965421.1_RagTag:181828-182494   -            201 27956at314147        -            263   7.4e-12   41.7   6.9   2   2   3.4e-06   0.00014   17.9   2.6   195   258   132   201   118   201 0.70 -
NW_025965278.1_RagTag:272984-272433   -            184 27956at314147        -            263   1.4e-10   37.5   4.7   1   1   5.3e-12   2.1e-10   36.9   4.7   150   259    64   183     1   184 0.79 -
NW_025965161.1_RagTag:422252-421546   -            215 27956at314147        -            263     7e-10   35.2   0.9   1   2   1.7e-11     7e-10   35.2   0.9    23   135    34   148    22   156 0.82 -
NW_025965161.1_RagTag:422252-421546   -            215 27956at314147        -            263     7e-10   35.2   0.9   2   2       1.7        69   -0.8   0.2   152   173   186   210   167   215 0.52 -
NW_025965148.1_RagTag:252022-250949   -            288 27956at314147        -            263   1.7e-08   30.7   8.3   1   1   5.3e-10   2.1e-08   30.3   8.3    14   137    54   177    45   276 0.79 -
NW_025965266.1_RagTag:245866-244338   -            282 27956at314147        -            263   3.2e-08   29.8  11.4   1   1   1.4e-09   5.6e-08   29.0  11.4     7   141    46   181    42   236 0.74 -
NW_025965256.1_RagTag:848873-850198   -            442 27956at314147        -            263   1.2e-07   27.8  18.5   1   3   1.5e-08   5.9e-07   25.6   9.7    17   137    34   154    17   163 0.79 -
NW_025965256.1_RagTag:848873-850198   -            442 27956at314147        -            263   1.2e-07   27.8  18.5   2   3      0.81        33    0.2   0.1   157   181   200   224   189   244 0.72 -
NW_025965256.1_RagTag:848873-850198   -            442 27956at314147        -            263   1.2e-07   27.8  18.5   3   3     0.011      0.46    6.3   0.2   189   251   267   336   259   345 0.68 -
NW_025965323.1_RagTag:1329524-1328619 -            302 27956at314147        -            263   3.8e-07   26.2  19.0   1   2   3.6e-05    0.0014   14.5  13.0    18   141     4   127     2   190 0.80 -
NW_025965323.1_RagTag:1329524-1328619 -            302 27956at314147        -            263   3.8e-07   26.2  19.0   2   2   2.2e-05   0.00088   15.2   0.3   188   261   211   285   201   287 0.77 -
NW_025965209.1_RagTag:637992-638492   -            167 27956at314147        -            263   2.1e-06   23.8   9.3   1   1     7e-08   2.8e-06   23.4   9.3   142   258    26   149     7   154 0.74 -
NW_025965307.1_RagTag:988946-990586   -            547 27956at314147        -            263     4e-06   22.9  12.3   1   2     1e-07     4e-06   22.9  12.3    17   140    79   204    65   259 0.85 -
NW_025965307.1_RagTag:988946-990586   -            547 27956at314147        -            263     4e-06   22.9  12.3   2   2      0.43        17    1.1   1.0   187   248   482   544   452   547 0.78 -
NW_025965316.1_RagTag:3971734-3971041 -            182 27956at314147        -            263   6.7e-06   22.2   0.3   1   2   1.7e-07   6.7e-06   22.2   0.3    10    62    38    93    31   123 0.79 -
NW_025965316.1_RagTag:3971734-3971041 -            182 27956at314147        -            263   6.7e-06   22.2   0.3   2   2      0.29        12    1.7   1.8   155   172   152   169   100   175 0.87 -
contig_11065_pilon:1219-299           -            307 27956at314147        -            263   5.1e-05   19.3  16.9   1   2   1.5e-05   0.00061   15.7  12.1    11   148    33   170    28   192 0.91 -
contig_11065_pilon:1219-299           -            307 27956at314147        -            263   5.1e-05   19.3  16.9   2   2      0.01      0.41    6.5   0.3   151   211   197   259   179   307 0.62 -
NW_025965407.1_RagTag:8729-7857       -            291 27956at314147        -            263   8.4e-05   18.6  18.5   1   1    0.0023     0.092    8.6  18.5    10   204    25   245    16   257 0.68 -
NW_025965054.1_RagTag:8387-7808       -            191 27956at314147        -            263   0.00096   15.1   4.1   1   1   2.7e-05    0.0011   14.9   4.1    11   133    28   151    19   185 0.77 -
NW_025965182.1_RagTag:1860934-1875271 -            176 27956at314147        -            263   0.00096   15.1   8.8   1   1   3.1e-05    0.0012   14.7   8.8    12   120    28   136    17   148 0.90 -
NW_025965230.1_RagTag:1052533-1051634 -            300 27956at314147        -            263   0.00098   15.1  16.3   1   1     0.032       1.3    4.8  16.3    10   258    25   298    19   300 0.59 -
NW_025965343.1_RagTag:72708-71872     -            213 27956at314147        -            263    0.0011   14.9  21.0   1   3   0.00069     0.028   10.3   1.5    14    56     5    46     1    53 0.72 -
NW_025965343.1_RagTag:72708-71872     -            213 27956at314147        -            263    0.0011   14.9  21.0   2   3      0.35        14    1.4   6.0    93   175    52   136    46   140 0.87 -
NW_025965343.1_RagTag:72708-71872     -            213 27956at314147        -            263    0.0011   14.9  21.0   3   3    0.0001    0.0041   13.0   5.7   192   251   122   184   113   195 0.65 -
NW_025965307.1_RagTag:60822-79022     -            238 27956at314147        -            263    0.0038   13.1  12.9   1   2   0.00012    0.0047   12.8  11.3    10   140    27   157    23   187 0.86 -
NW_025965307.1_RagTag:60822-79022     -            238 27956at314147        -            263    0.0038   13.1  12.9   2   2       1.1        46   -0.2   0.0   232   254   211   233   164   238 0.63 -
contig_27735_pilon:522-1              -            174 27956at314147        -            263     0.006   12.5   9.4   1   1   0.00019    0.0078   12.1   9.4     9   135    37   161    30   172 0.76 -
NW_025965274.1_RagTag:6011-6937       -            309 27956at314147        -            263    0.0079   12.1  20.0   1   2   0.00012     0.005   12.8  13.1     9   130    31   146    25   171 0.80 -
NW_025965274.1_RagTag:6011-6937       -            309 27956at314147        -            263    0.0079   12.1  20.0   2   2     0.067       2.7    3.8   0.6   143   254   191   301   177   308 0.66 -
NW_025965258.1_RagTag:3877-4797       -            307 27956at314147        -            263     0.011   11.7  17.7   1   1     0.052       2.1    4.1  17.7    13   259    32   303    22   307 0.64 -
NW_025965123.1_RagTag:1720466-1719549 -            306 27956at314147        -            263     0.021   10.7  28.9   1   1       0.1       4.2    3.2  28.9    10   261    25   300    20   303 0.71 -
contig_30879_pilon:3573-2646          -            305 27956at314147        -            263     0.025   10.5  19.0   1   2     2e-05   0.00082   15.3  10.2    12   140    29   157    23   172 0.83 -
contig_30879_pilon:3573-2646          -            305 27956at314147        -            263     0.025   10.5  19.0   2   2         1        40   -0.1   1.4    82   109   197   224   183   249 0.75 -
contig_14807_pilon:1454-642           -            271 27956at314147        -            263     0.034   10.0  12.3   1   2   0.00024    0.0099   11.8   7.6    12   131     1   120     1   139 0.80 -
contig_14807_pilon:1454-642           -            271 27956at314147        -            263     0.034   10.0  12.3   2   2      0.58        23    0.7   0.1    88   109   175   196   156   225 0.74 -
NW_025965054.1_RagTag:13790-14404     -            191 27956at314147        -            263     0.043    9.7   7.0   1   1     0.016      0.63    5.9   7.0    93   212     8   138     3   189 0.60 -
contig_36220_pilon:1250-2170          -            307 27956at314147        -            263     0.076    8.9  25.7   1   2     0.025         1    5.2  22.5    11   174    30   186    20   216 0.69 -
contig_36220_pilon:1250-2170          -            307 27956at314147        -            263     0.076    8.9  25.7   2   2     0.054       2.2    4.1   1.7   152   260   196   304   180   307 0.68 -
NW_025965233.1_RagTag:206241-207158   -            306 27956at314147        -            263     0.078    8.8  18.4   1   2   5.7e-05    0.0023   13.8  10.5    11   140    29   158    22   173 0.91 -
NW_025965233.1_RagTag:206241-207158   -            306 27956at314147        -            263     0.078    8.8  18.4   2   2       1.2        47   -0.3   1.4   132   206   176   252   157   300 0.56 -
#
# Program:         hmmsearch
# Version:         3.1b2 (February 2015)
# Pipeline mode:   SEARCH
# Query file:      /home/bgerda/guppy_SUP/busco_downloads/lineages/glires_odb10/hmms/27956at314147.hmm
# Target file:     /home/bgerda/guppy_SUP/busco_results/run_glires_odb10/metaeuk_output/initial_results/ragtag.scaffold.fasta.modified.fas
# Option settings: hmmsearch --domtblout /home/bgerda/guppy_SUP/busco_results/run_glires_odb10/hmmer_output/initial_run_results/27956at314147.out --cpu 1 /home/bgerda/guppy_SUP/busco_downloads/lineages/glires_odb10/hmms/27956at314147.hmm /home/bgerda/guppy_SUP/busco_results/run_glires_odb10/metaeuk_output/initial_results/ragtag.scaffold.fasta.modified.fas 
# Current dir:     /home/bgerda/guppy_SUP
# Date:            Sun May 21 15:02:27 2023
# [ok]
