#                                                                                             --- full sequence --- -------------- this domain -------------   hmm coord   ali coord   env coord
# target name                         accession   tlen query name           accession   qlen   E-value  score  bias   #  of  c-Evalue  i-Evalue  score  bias  from    to  from    to  from    to  acc description of target
#                 ------------------- ---------- ----- -------------------- ---------- ----- --------- ------ ----- --- --- --------- --------- ------ ----- ----- ----- ----- ----- ----- ----- ---- ---------------------
NW_025965331.1_RagTag:94447-97429     -            301 28565at314147        -            289  4.6e-104  344.3  15.0   1   1  9.3e-105  8.3e-104  343.5  15.0     4   289    15   301    12   301 0.95 -
NW_025965341.1_RagTag:127633-126742   -            294 28565at314147        -            289   5.5e-87  288.2  25.5   1   1   6.9e-88   6.1e-87  288.1  25.5     6   289     3   292     1   292 0.95 -
NW_025965223.1_RagTag:142410-141492   -            298 28565at314147        -            289   3.4e-84  279.1  29.2   1   1   4.6e-85   4.1e-84  278.8  29.2     2   289     4   291     3   291 0.94 -
NW_025965123.1_RagTag:1720466-1719549 -            306 28565at314147        -            289   4.4e-84  278.7  28.6   1   1   5.6e-85     5e-84  278.5  28.6     1   287     3   296     3   298 0.95 -
NW_025965123.1_RagTag:1788519-1731059 -            296 28565at314147        -            289   1.9e-82  273.3  20.8   1   1   2.4e-83   2.1e-82  273.2  20.8     5   286     7   296     3   296 0.92 -
NW_025965274.1_RagTag:6011-6937       -            309 28565at314147        -            289   4.2e-82  272.2  22.8   1   1   5.5e-83   4.9e-82  272.0  22.8     4   287    13   304    10   306 0.95 -
contig_26960_pilon:500-1427           -            307 28565at314147        -            289   2.4e-81  269.7  13.6   1   1   3.2e-82   2.9e-81  269.5  13.6    14   288    22   298     7   299 0.96 -
NW_025965008.1_RagTag:218774-229429   -            306 28565at314147        -            289     8e-81  268.0  21.1   1   1   1.1e-81   9.7e-81  267.8  21.1     6   289    11   305     7   305 0.91 -
NW_025965274.1_RagTag:811-27886       -            297 28565at314147        -            289   2.6e-80  266.3  23.7   1   1   3.4e-81   3.1e-80  266.1  23.7     4   287     7   291     4   293 0.95 -
NW_025965008.1_RagTag:225275-198964   -            308 28565at314147        -            289   4.4e-80  265.6  28.5   1   1   5.7e-81   5.1e-80  265.4  28.5     2   288     6   300     5   301 0.96 -
NW_025965008.1_RagTag:173497-172592   -            302 28565at314147        -            289   4.8e-80  265.5  24.1   1   1     6e-81   5.4e-80  265.3  24.1     3   288     9   302     7   302 0.96 -
NW_025965258.1_RagTag:3877-4797       -            307 28565at314147        -            289   1.7e-79  263.7  20.5   1   1   2.2e-80     2e-79  263.5  20.5     5   289    11   303     7   303 0.96 -
NW_025965123.1_RagTag:1788531-1706774 -            311 28565at314147        -            289   6.3e-79  261.8  24.2   1   1   8.1e-80   7.2e-79  261.6  24.2     5   288    11   302     7   303 0.95 -
contig_9927_pilon:1816-941            -            292 28565at314147        -            289   7.6e-79  261.5  17.2   1   1     1e-79   9.3e-79  261.2  17.2    13   288     8   287     4   288 0.98 -
NW_025965057.1_RagTag:7578-6664       -            305 28565at314147        -            289   2.2e-78  260.0  21.7   1   1   2.9e-79   2.6e-78  259.8  21.7     4   289    10   301     7   301 0.95 -
contig_70120_pilon:672-1550           -            293 28565at314147        -            289   2.3e-78  259.9  19.2   1   1   2.9e-79   2.6e-78  259.8  19.2     6   288     1   291     1   292 0.95 -
NW_025965315.1_RagTag:2528403-2529299 -            299 28565at314147        -            289   2.8e-78  259.7  27.4   1   1   3.7e-79   3.3e-78  259.5  27.4     1   287     5   299     5   299 0.95 -
contig_16391_pilon:1986-1069          -            306 28565at314147        -            289   5.1e-77  255.5  29.2   1   1   6.6e-78   5.9e-77  255.3  29.2     1   288     7   302     7   303 0.95 -
NW_025965123.1_RagTag:1731968-1727011 -            307 28565at314147        -            289   8.7e-77  254.8  25.9   1   1   1.1e-77     1e-76  254.6  25.9     5   289    15   307    11   307 0.93 -
contig_30879_pilon:3573-2646          -            305 28565at314147        -            289     1e-76  254.5  23.0   1   1   1.3e-77   1.2e-76  254.3  23.0     1   289     9   301     9   301 0.96 -
NW_025965008.1_RagTag:160459-161301   -            281 28565at314147        -            289   1.6e-76  253.9  24.7   1   1     2e-77   1.8e-76  253.8  24.7    34   288    18   275     1   276 0.95 -
NW_025965008.1_RagTag:199898-198979   -            304 28565at314147        -            289   2.7e-76  253.1  28.3   1   1   3.5e-77   3.1e-76  253.0  28.3     3   288     9   301     7   302 0.94 -
contig_19626_pilon:1309-2243          -            310 28565at314147        -            289   3.4e-76  252.8  27.7   1   1   4.4e-77   3.9e-76  252.6  27.7     3   289    11   303     9   303 0.96 -
NW_025965101.1_RagTag:63953-64872     -            304 28565at314147        -            289   6.3e-76  252.0  21.9   1   1   8.2e-77   7.3e-76  251.7  21.9     1   289     3   297     3   297 0.91 -
contig_72712_pilon:614-1494           -            280 28565at314147        -            289   8.4e-76  251.5  22.7   1   1   1.1e-76   9.4e-76  251.4  22.7     4   287     2   280     1   280 0.96 -
NW_025965431.1_RagTag:38801-37884     -            306 28565at314147        -            289   6.8e-75  248.6  21.9   1   1   8.9e-76     8e-75  248.3  21.9    14   287    24   301     7   303 0.92 -
NW_025965324.1_RagTag:3944201-3943282 -            303 28565at314147        -            289   1.3e-74  247.6  22.7   1   1   1.7e-75   1.5e-74  247.4  22.7     1   289    10   302    10   302 0.92 -
contig_45284_pilon:1194-2101          -            300 28565at314147        -            289   2.3e-74  246.8  26.6   1   1   2.9e-75   2.6e-74  246.6  26.6     5   287     8   294     4   296 0.94 -
NW_025965581.1_RagTag:2819-3714       -            296 28565at314147        -            289   4.8e-74  245.8  19.1   1   1   5.9e-75   5.3e-74  245.6  19.1     6   289     1   292     1   292 0.91 -
NW_025965331.1_RagTag:92475-91708     -            254 28565at314147        -            289   9.4e-74  244.8  13.2   1   1   1.2e-74   1.1e-73  244.7  13.2    44   288     3   249     1   250 0.95 -
NW_025965151.1_RagTag:9981-9121       -            287 28565at314147        -            289   1.5e-73  244.2  26.0   1   1   1.8e-74   1.6e-73  244.0  26.0    17   287     2   275     1   277 0.95 -
contig_56588_pilon:2331-1552          -            260 28565at314147        -            289   1.8e-73  243.9  23.1   1   1   2.1e-74   1.9e-73  243.8  23.1    34   281     7   257     1   260 0.97 -
NW_025965182.1_RagTag:1844071-1843143 -            308 28565at314147        -            289   1.6e-72  240.8  20.0   1   1   2.1e-73   1.9e-72  240.5  20.0     5   287    11   299     7   301 0.94 -
NW_025965320.1_RagTag:837490-836582   -            303 28565at314147        -            289   1.8e-72  240.6  21.3   1   1   2.4e-73   2.1e-72  240.4  21.3     3   289     9   303     7   303 0.95 -
NW_025965151.1_RagTag:2673-3608       -            290 28565at314147        -            289   2.1e-72  240.4  25.7   1   2   6.7e-20     6e-19   65.0  11.1     2    91     8   105     7   107 0.90 -
NW_025965151.1_RagTag:2673-3608       -            290 28565at314147        -            289   2.1e-72  240.4  25.7   2   2   1.6e-55   1.5e-54  181.8   6.8   115   289   108   282   105   282 0.99 -
contig_72985_pilon:1524-2407          -            293 28565at314147        -            289   3.9e-72  239.5  29.8   1   1   4.9e-73   4.4e-72  239.3  29.8     4   279    12   293     9   293 0.94 -
NW_025965320.1_RagTag:878457-875958   -            300 28565at314147        -            289   5.8e-72  238.9  24.3   1   1   7.4e-73   6.6e-72  238.8  24.3     2   288     5   299     4   300 0.95 -
NW_025965233.1_RagTag:206241-207158   -            306 28565at314147        -            289   1.3e-71  237.7  19.9   1   1   1.8e-72   1.6e-71  237.5  19.9     3   287     7   300     5   302 0.92 -
contig_36220_pilon:1250-2170          -            307 28565at314147        -            289   1.7e-71  237.4  23.6   1   1   2.1e-72   1.9e-71  237.3  23.6    13   289    23   303     7   303 0.95 -
NW_025965203.1_RagTag:477707-478475   -            252 28565at314147        -            289   1.9e-71  237.3  12.9   1   1   2.3e-72   2.1e-71  237.1  12.9    43   288     3   247     1   248 0.96 -
NW_025965140.1_RagTag:1050730-1049929 -            265 28565at314147        -            289   8.5e-71  235.1  16.2   1   1   1.1e-71   9.5e-71  235.0  16.2    34   289     4   263     1   263 0.93 -
NW_025965230.1_RagTag:1052533-1051634 -            300 28565at314147        -            289   1.3e-70  234.5  21.9   1   1   1.7e-71   1.5e-70  234.3  21.9     2   289     4   299     3   299 0.90 -
NW_025965320.1_RagTag:876881-875964   -            306 28565at314147        -            289   1.6e-70  234.2  26.7   1   1   2.1e-71   1.9e-70  234.0  26.7     2   287    13   306    12   306 0.95 -
NW_025965203.1_RagTag:474886-475707   -            274 28565at314147        -            289   1.9e-70  234.0  18.9   1   1   2.4e-71   2.1e-70  233.8  18.9     6   273     1   274     1   274 0.95 -
NW_025965313.1_RagTag:1751145-1670390 -            284 28565at314147        -            289   2.8e-70  233.4  32.4   1   1   3.8e-71   3.4e-70  233.1  32.4    14   289     8   280     4   280 0.96 -
contig_57973_pilon:1283-390           -            298 28565at314147        -            289   4.1e-70  232.9  12.6   1   1   5.2e-71   4.6e-70  232.7  12.6     4   289     2   295     1   295 0.93 -
contig_14807_pilon:1454-642           -            271 28565at314147        -            289   7.4e-70  232.0  16.9   1   1   9.2e-71   8.2e-70  231.9  16.9    21   287     1   271     1   271 0.96 -
contig_67131_pilon:1192-312           -            291 28565at314147        -            289   1.1e-69  231.4  22.8   1   1   1.4e-70   1.2e-69  231.3  22.8     3   288     2   291     1   291 0.94 -
NW_025965140.1_RagTag:855571-854690   -            294 28565at314147        -            289   1.2e-69  231.4  25.4   1   1   1.5e-70   1.3e-69  231.2  25.4     5   283     7   293     3   294 0.92 -
NW_025965235.1_RagTag:64724-63826     -            298 28565at314147        -            289   3.3e-69  229.9  16.7   1   1   4.1e-70   3.7e-69  229.7  16.7     4   287     3   293     1   295 0.95 -
NW_025965317.1_RagTag:2638743-2639617 -            279 28565at314147        -            289   1.1e-68  228.2  19.4   1   1   6.9e-69   6.1e-68  225.7  19.4    17   287    10   278     5   279 0.88 -
NW_025965080.1_RagTag:593590-594468   -            293 28565at314147        -            289   1.3e-68  228.0  20.2   1   1   1.6e-69   1.4e-68  227.8  20.2     4   289     2   292     1   292 0.91 -
NW_025965405.1_RagTag:33522-34382     -            287 28565at314147        -            289   1.3e-68  228.0  26.7   1   1   1.6e-69   1.5e-68  227.8  26.7     3   271     9   285     7   287 0.95 -
contig_19055_pilon:1664-777           -            283 28565at314147        -            289   1.4e-68  227.9  19.1   1   1   1.8e-69   1.6e-68  227.7  19.1     6   288     2   278     1   279 0.94 -
NW_025965313.1_RagTag:1671318-1670390 -            280 28565at314147        -            289   6.9e-68  225.6  28.0   1   2   2.1e-33   1.9e-32  109.3  13.5     3   116    12   133    10   139 0.89 -
NW_025965313.1_RagTag:1671318-1670390 -            280 28565at314147        -            289   6.9e-68  225.6  28.0   2   2   1.7e-37   1.5e-36  122.7   8.2   141   289   130   276   129   276 0.95 -
contig_11065_pilon:1219-299           -            307 28565at314147        -            289   1.6e-67  224.4  17.2   1   1   2.1e-68   1.8e-67  224.2  17.2     5   288    14   304    10   305 0.91 -
NW_025965331.1_RagTag:96539-117568    -            286 28565at314147        -            289   1.7e-67  224.3  16.9   1   1   2.1e-68   1.9e-67  224.1  16.9     4   288     2   283     1   284 0.94 -
NW_025965123.1_RagTag:1827929-1828831 -            301 28565at314147        -            289   7.8e-67  222.1  22.7   1   1     1e-67   8.9e-67  221.9  22.7     3   289     5   296     3   296 0.91 -
NW_025965313.1_RagTag:1751145-1728168 -            287 28565at314147        -            289   1.5e-66  221.2  26.2   1   1     2e-67   1.8e-66  221.0  26.2    14   289     8   282     4   282 0.97 -
contig_45575_pilon:1116-2019          -            297 28565at314147        -            289   3.5e-66  220.0  10.9   1   1   4.4e-67     4e-66  219.8  10.9     3   289     6   297     4   297 0.89 -
contig_45643_pilon:1987-1068          -            303 28565at314147        -            289     1e-65  218.4  24.9   1   1   1.3e-66   1.2e-65  218.2  24.9     4   289    10   300     7   300 0.93 -
NW_025965235.1_RagTag:62953-62088     -            287 28565at314147        -            289   6.8e-65  215.8  17.1   1   1   8.7e-66   7.8e-65  215.6  17.1     3   272    12   286    10   287 0.94 -
contig_23379_pilon:2125-1202          -            308 28565at314147        -            289   8.6e-65  215.4  14.9   1   1   1.2e-65     1e-64  215.1  14.9     1   288    13   307    13   308 0.92 -
NW_025965146.1_RagTag:98919-98025     -            285 28565at314147        -            289   1.6e-64  214.5  26.4   1   1     2e-64   1.8e-63  211.1  26.4    12   289    20   284     5   284 0.90 -
NW_025965182.1_RagTag:1830128-1829427 -            234 28565at314147        -            289   7.6e-64  212.3   9.7   1   1     1e-64   9.3e-64  212.0   9.7    67   289     5   230     2   230 0.97 -
NW_025965101.1_RagTag:53703-52790     -            302 28565at314147        -            289   8.8e-64  212.1  19.5   1   1   1.1e-64     1e-63  211.9  19.5     6   288     8   293     3   294 0.94 -
NW_025965636.1_RagTag:15144-17845     -            294 28565at314147        -            289   1.2e-63  211.6  28.7   1   1   1.6e-64   1.4e-63  211.4  28.7     3   289     5   289     3   289 0.89 -
contig_75679_pilon:823-1677           -            285 28565at314147        -            289   2.7e-63  210.5  24.4   1   1   3.5e-64   3.1e-63  210.3  24.4     3   273     7   285     5   285 0.96 -
NW_025965407.1_RagTag:8729-7857       -            291 28565at314147        -            289   2.9e-63  210.4  20.1   1   1   3.7e-64   3.3e-63  210.2  20.1     6   281     8   291     3   291 0.94 -
NW_025965123.1_RagTag:1769472-1879484 -            291 28565at314147        -            289   4.2e-63  209.9  22.0   1   1   5.4e-64   4.9e-63  209.7  22.0     4   286     6   291     3   291 0.89 -
NW_025965123.1_RagTag:1940487-1854686 -            295 28565at314147        -            289     8e-63  209.0  23.2   1   1   1.1e-63     1e-62  208.6  23.2     3   288     5   286     3   287 0.89 -
NW_025965431.1_RagTag:15900-16817     -            278 28565at314147        -            289   1.4e-62  208.2  27.1   1   2   9.5e-20   8.5e-19   64.5  11.2     2   102     5   113     4   120 0.87 -
NW_025965431.1_RagTag:15900-16817     -            278 28565at314147        -            289   1.4e-62  208.2  27.1   2   2   1.2e-45     1e-44  149.5   9.4   133   289   116   272   112   272 0.98 -
NW_025965431.1_RagTag:7750-16805      -            271 28565at314147        -            289   1.6e-62  208.0  22.9   1   2   2.6e-12   2.4e-11   40.0   3.3     2    72     4    79     3    83 0.85 -
NW_025965431.1_RagTag:7750-16805      -            271 28565at314147        -            289   1.6e-62  208.0  22.9   2   2   3.9e-53   3.5e-52  174.0  11.8    99   289    85   269    81   269 0.98 -
contig_59306_pilon:1448-2247          -            258 28565at314147        -            289   2.6e-62  207.3  12.1   1   1   4.9e-63   4.4e-62  206.5  12.1    23   284     2   258     1   258 0.94 -
NW_025965138.1_RagTag:13922-13067     -            279 28565at314147        -            289   7.5e-62  205.8  23.5   1   1   1.1e-62   9.4e-62  205.4  23.5    14   289     8   278     5   278 0.90 -
NW_025965306.1_RagTag:21642-22396     -            241 28565at314147        -            289   1.2e-61  205.0  17.9   1   1   1.8e-62   1.6e-61  204.7  17.9    43   289     1   239     1   239 0.95 -
NW_025965054.1_RagTag:13489-18615     -            290 28565at314147        -            289   1.7e-61  204.6  13.0   1   1   6.2e-62   5.6e-61  202.9  13.0     5   288     7   285     3   286 0.90 -
NW_025965256.1_RagTag:10296-9220      -            245 28565at314147        -            289   1.8e-61  204.5  17.1   1   1     1e-61     9e-61  202.2  17.1    35   288     3   240     1   241 0.92 -
NW_025965080.1_RagTag:595455-596352   -            297 28565at314147        -            289   2.6e-61  204.0  24.9   1   1   3.3e-62     3e-61  203.8  24.9     2   289     3   293     2   293 0.92 -
NW_025965101.1_RagTag:83096-84005     -            301 28565at314147        -            289   7.7e-61  202.4  14.4   1   2   3.3e-18     3e-17   59.4   4.5     2    76     4    81     3   100 0.87 -
NW_025965101.1_RagTag:83096-84005     -            301 28565at314147        -            289   7.7e-61  202.4  14.4   2   2   1.7e-45   1.6e-44  148.9   2.3   140   289   147   296   127   296 0.97 -
NW_025965161.1_RagTag:669586-679032   -            305 28565at314147        -            289   1.3e-60  201.6  20.4   1   1   1.8e-61   1.6e-60  201.4  20.4    15   288    24   302     5   303 0.90 -
NW_025965313.1_RagTag:2-724           -            241 28565at314147        -            289   2.8e-59  197.3  20.4   1   1   3.6e-60   3.2e-59  197.1  20.4    57   289     1   236     1   236 0.97 -
contig_17327_pilon:1299-559           -            247 28565at314147        -            289   1.4e-58  195.0  19.2   1   1   1.8e-59   1.6e-58  194.8  19.2    50   289     1   241     1   241 0.95 -
NW_025965574.1_RagTag:1187-283        -            293 28565at314147        -            289   5.8e-58  193.0  23.1   1   1   7.4e-59   6.6e-58  192.8  23.1     4   289     6   291     3   291 0.87 -
NW_025965313.1_RagTag:1712592-1713476 -            270 28565at314147        -            289   3.6e-57  190.4  28.2   1   2   6.8e-45   6.1e-44  147.0  19.8     3   184    11   202     9   210 0.89 -
NW_025965313.1_RagTag:1712592-1713476 -            270 28565at314147        -            289   3.6e-57  190.4  28.2   2   2   5.9e-15   5.3e-14   48.7   2.2   218   276   211   269   195   270 0.89 -
NW_025965307.1_RagTag:60822-79022     -            238 28565at314147        -            289   4.6e-57  190.1  15.3   1   2   2.1e-42   1.9e-41  138.8  11.8     4   156     8   168     5   170 0.91 -
NW_025965307.1_RagTag:60822-79022     -            238 28565at314147        -            289   4.6e-57  190.1  15.3   2   2   5.9e-17   5.3e-16   55.3   0.1   215   289   165   238   155   238 0.93 -
NW_025965307.1_RagTag:101333-100668   -            222 28565at314147        -            289   7.9e-57  189.3   7.9   1   1     1e-57     9e-57  189.1   7.9    82   288     2   210     1   211 0.97 -
NW_025965305.1_RagTag:1670313-1671239 -            309 28565at314147        -            289     1e-56  188.9  22.9   1   1   1.3e-57   1.2e-56  188.7  22.9    11   288    21   300     7   301 0.91 -
NW_025965146.1_RagTag:105378-106290   -            288 28565at314147        -            289   6.8e-56  186.2  18.8   1   1   1.3e-56   1.1e-55  185.5  18.8    13   289    19   284     7   284 0.93 -
NW_025965313.1_RagTag:74990-75835     -            254 28565at314147        -            289   2.2e-55  184.6  22.3   1   2   6.9e-05   0.00061   15.7   2.2    20    52     2    35     1    38 0.87 -
NW_025965313.1_RagTag:74990-75835     -            254 28565at314147        -            289   2.2e-55  184.6  22.3   2   2   2.1e-53   1.9e-52  174.9  13.1    77   289    38   247    34   247 0.90 -
NW_025965123.1_RagTag:1952089-1951388 -            234 28565at314147        -            289   2.3e-55  184.5  18.4   1   1   2.9e-56   2.6e-55  184.3  18.4    57   287     1   231     1   233 0.95 -
NW_025965636.1_RagTag:16952-17833     -            270 28565at314147        -            289   4.3e-55  183.6  29.9   1   2   1.4e-13   1.2e-12   44.2   7.3     4    75     3    79     1    85 0.86 -
NW_025965636.1_RagTag:16952-17833     -            270 28565at314147        -            289   4.3e-55  183.6  29.9   2   2   1.4e-44   1.2e-43  146.0  14.3    99   289    86   269    82   269 0.91 -
NW_025965151.1_RagTag:3060-3581       -            174 28565at314147        -            289   7.4e-55  182.8   6.5   1   1   9.1e-56   8.2e-55  182.7   6.5   115   288     1   174     1   174 0.99 -
contig_68255_pilon:881-34             -            243 28565at314147        -            289     1e-54  182.3  20.5   1   2     4e-31   3.6e-30  101.8   8.9     4   118     6   126     3   128 0.86 -
contig_68255_pilon:881-34             -            243 28565at314147        -            289     1e-54  182.3  20.5   2   2   3.2e-27   2.8e-26   89.0   4.1   151   274   125   243   124   243 0.96 -
NW_025965305.1_RagTag:1667672-1666791 -            294 28565at314147        -            289   1.9e-54  181.5  21.5   1   1   2.4e-55   2.2e-54  181.3  21.5     4   282    10   293     7   294 0.91 -
NW_025965331.1_RagTag:96696-97292     -            199 28565at314147        -            289   3.8e-53  177.2  18.9   1   1   4.8e-54   4.3e-53  177.0  18.9    50   245     1   199     1   199 0.99 -
NW_025965418.1_RagTag:2485-3053       -            181 28565at314147        -            289   2.6e-52  174.4   3.9   1   1   3.7e-53   3.3e-52  174.1   3.9   100   288     1   180     1   181 0.95 -
NW_025965161.1_RagTag:680661-681401   -            218 28565at314147        -            289   3.1e-52  174.2  15.8   1   2   1.1e-29   9.6e-29   97.1   7.0    47   158     1   115     1   120 0.96 -
NW_025965161.1_RagTag:680661-681401   -            218 28565at314147        -            289   3.1e-52  174.2  15.8   2   2     2e-25   1.7e-24   83.1   1.3   187   288   120   217   115   218 0.96 -
NW_025965313.1_RagTag:1712610-1713529 -            299 28565at314147        -            289     8e-52  172.9  26.6   1   1   1.1e-52   9.5e-52  172.6  26.6     3   289     5   294     3   294 0.86 -
NW_025965023.1_RagTag:896670-897431   -            243 28565at314147        -            289   2.8e-50  167.8  20.1   1   1   9.4e-51   8.5e-50  166.2  20.1    44   287     2   237     1   239 0.93 -
contig_78135_pilon:1433-667           -            249 28565at314147        -            289     1e-48  162.6  16.5   1   1   1.3e-49   1.2e-48  162.4  16.5    43   289     3   245     1   245 0.94 -
contig_30302_pilon:2184-1333          -            279 28565at314147        -            289   3.7e-48  160.8  23.6   1   1   4.5e-49     4e-48  160.7  23.6    17   271    29   279     7   279 0.88 -
contig_48637_pilon:1314-624           -            228 28565at314147        -            289   1.3e-47  159.0  20.1   1   1   1.6e-48   1.5e-47  158.9  20.1     4   219     6   227     3   228 0.94 -
contig_17158_pilon:2161-1615          -            179 28565at314147        -            289   1.1e-45  152.7   9.9   1   1   1.4e-46   1.3e-45  152.5   9.9   113   287     2   174     1   176 0.93 -
NW_025965352.1_RagTag:41208-40264     -            315 28565at314147        -            289   5.2e-45  150.5  14.2   1   1   6.8e-46   6.1e-45  150.3  14.2    23   285    41   309    19   313 0.92 -
NW_025965149.1_RagTag:1693206-1693771 -            184 28565at314147        -            289   1.7e-44  148.8   7.5   1   1     2e-45   1.8e-44  148.7   7.5   106   289     6   184     1   184 0.96 -
NW_025965320.1_RagTag:897689-897120   -            177 28565at314147        -            289   1.8e-44  148.7  10.3   1   1   2.4e-45   2.1e-44  148.5  10.3   104   289     1   174     1   174 0.93 -
NW_025965250.1_RagTag:33251-32712     -            180 28565at314147        -            289     2e-44  148.5  18.9   1   1   2.5e-45   2.2e-44  148.4  18.9    30   204     2   180     1   180 0.95 -
NW_025965054.1_RagTag:8387-7808       -            191 28565at314147        -            289   1.1e-43  146.1   7.2   1   1   1.5e-44   1.3e-43  145.9   7.2     6   171    10   181     5   185 0.90 -
NW_025965008.1_RagTag:199395-198985   -            137 28565at314147        -            289   1.6e-43  145.6   5.2   1   1     2e-44   1.8e-43  145.4   5.2   154   288     2   136     1   137 0.98 -
NW_025965054.1_RagTag:13790-14404     -            191 28565at314147        -            289   2.8e-43  144.8   3.0   1   1     4e-44   3.6e-43  144.5   3.0    95   287     5   185     2   187 0.94 -
NW_025965352.1_RagTag:27049-26294     -            252 28565at314147        -            289   2.8e-43  144.8  15.3   1   1   3.5e-44   3.2e-43  144.6  15.3    44   287     1   248     1   250 0.93 -
NW_025965123.1_RagTag:1766606-1879490 -            190 28565at314147        -            289   2.8e-42  141.5  19.7   1   1   3.4e-43   3.1e-42  141.4  19.7    95   288     5   190     1   190 0.94 -
NW_025965161.1_RagTag:680640-681288   -            193 28565at314147        -            289   4.2e-42  140.9  15.0   1   2   2.4e-30   2.1e-29   99.3   7.0    46   158     7   122     2   130 0.95 -
NW_025965161.1_RagTag:680640-681288   -            193 28565at314147        -            289   4.2e-42  140.9  15.0   2   2   1.8e-14   1.6e-13   47.1   1.1   189   249   131   191   125   193 0.94 -
NW_025965315.1_RagTag:2548642-2549524 -            225 28565at314147        -            289   6.9e-42  140.2  22.4   1   2   3.8e-27   3.4e-26   88.8  14.5    14   156     6   151     3   152 0.85 -
NW_025965315.1_RagTag:2548642-2549524 -            225 28565at314147        -            289   6.9e-42  140.2  22.4   2   2   1.9e-17   1.7e-16   56.9   1.7   220   288   151   219   142   220 0.95 -
NW_025965123.1_RagTag:1707442-1707870 -            143 28565at314147        -            289   1.5e-41  139.1   6.3   1   1   1.9e-42   1.7e-41  139.0   6.3   152   288     3   139     1   140 0.99 -
contig_44821_pilon:519-29             -            161 28565at314147        -            289   6.2e-41  137.1  15.5   1   1   7.6e-42   6.8e-41  137.0  15.5    14   173     1   161     1   161 0.97 -
NW_025965426.1_RagTag:16505-69572     -            305 28565at314147        -            289   1.1e-40  136.2  26.3   1   1   1.5e-41   1.4e-40  136.0  26.3    21   287    29   301    15   303 0.86 -
NW_025965426.1_RagTag:28179-27304     -            292 28565at314147        -            289   1.2e-40  136.2  21.1   1   1   1.4e-41   1.3e-40  136.1  21.1    19   284    19   290     1   292 0.87 -
NW_025965426.1_RagTag:121557-84814    -            303 28565at314147        -            289   1.5e-39  132.6  23.8   1   1   2.1e-40   1.8e-39  132.3  23.8     3   284     7   296     5   300 0.91 -
contig_27735_pilon:522-1              -            174 28565at314147        -            289   3.2e-39  131.5  12.0   1   1     4e-40   3.6e-39  131.3  12.0     4   151    19   174    16   174 0.90 -
NW_025965426.1_RagTag:108406-107512   -            294 28565at314147        -            289   5.1e-39  130.8  17.7   1   1   6.7e-40     6e-39  130.6  17.7     8   283    12   293     6   294 0.82 -
NW_025965008.1_RagTag:228222-228746   -            175 28565at314147        -            289   1.2e-38  129.6  11.3   1   1   1.5e-39   1.4e-38  129.4  11.3     5   160    11   174     7   175 0.92 -
NW_025965320.1_RagTag:849090-848577   -            169 28565at314147        -            289   1.3e-38  129.5   6.7   1   1   1.6e-39   1.5e-38  129.3   6.7   119   289     1   169     1   169 0.97 -
NW_025965341.1_RagTag:127666-127124   -            181 28565at314147        -            289   2.2e-38  128.7   9.0   1   1     3e-39   2.7e-38  128.5   9.0     5   139    13   159     9   165 0.86 -
NW_025965313.1_RagTag:68335-68856     -            174 28565at314147        -            289   3.8e-38  128.0  21.6   1   1   4.9e-39   4.4e-38  127.8  21.6     3   159     9   173     7   174 0.93 -
NW_025965305.1_RagTag:1702982-1703461 -            160 28565at314147        -            289   6.4e-38  127.2  13.8   1   1   7.8e-39     7e-38  127.1  13.8     4   149     6   159     3   160 0.91 -
NW_025965426.1_RagTag:63389-64287     -            296 28565at314147        -            289   1.4e-37  126.1  25.2   1   1   1.9e-38   1.7e-37  125.9  25.2     2   284     4   293     3   296 0.82 -
NW_025965131.1_RagTag:183-786         -            196 28565at314147        -            289   1.8e-35  119.2  11.9   1   1   2.3e-36   2.1e-35  119.0  11.9    88   289     1   194     1   194 0.91 -
NW_025965405.1_RagTag:2479-2916       -            146 28565at314147        -            289   6.1e-35  117.5   2.9   1   1   7.9e-36   7.1e-35  117.2   2.9   159   288    12   141     4   142 0.97 -
NW_025965352.1_RagTag:4549-3728       -            274 28565at314147        -            289   6.7e-35  117.3  17.7   1   1   8.4e-36   7.5e-35  117.1  17.7    29   287     5   268     1   270 0.90 -
NW_025965315.1_RagTag:2548799-2549539 -            186 28565at314147        -            289   6.4e-34  114.1  11.1   1   2   2.8e-18   2.5e-17   59.6   3.8    77   156    23   103     2   106 0.87 -
NW_025965315.1_RagTag:2548799-2549539 -            186 28565at314147        -            289   6.4e-34  114.1  11.1   2   2   1.6e-18   1.4e-17   60.5   1.7   213   288   100   175    93   176 0.93 -
NW_025965320.1_RagTag:846033-845584   -            150 28565at314147        -            289   6.2e-33  110.9  13.3   1   1   7.6e-34   6.8e-33  110.7  13.3     2   138     4   148     3   150 0.86 -
NW_025965426.1_RagTag:16726-111995    -            212 28565at314147        -            289   1.4e-32  109.7   8.5   1   1   1.9e-33   1.7e-32  109.4   8.5    98   285    15   204     5   208 0.91 -
NW_025965182.1_RagTag:1860934-1875271 -            176 28565at314147        -            289   7.2e-32  107.4  12.8   1   1   9.7e-33   8.7e-32  107.1  12.8     2   125     4   136     3   143 0.89 -
NW_025965123.1_RagTag:1940228-1939633 -            178 28565at314147        -            289     9e-32  107.0   7.4   1   1   1.6e-32   1.5e-31  106.4   7.4   112   271    17   173     5   177 0.91 -
contig_31446_pilon:644-132            -            171 28565at314147        -            289   1.6e-31  106.2  12.5   1   1   2.1e-32   1.8e-31  106.0  12.5     5   152    11   166     7   170 0.87 -
NW_025965274.1_RagTag:8608-9171       -            188 28565at314147        -            289     4e-31  104.9  17.5   1   1   5.2e-32   4.6e-31  104.7  17.5     2   175     8   188     7   188 0.87 -
contig_38642_pilon:2275-1674          -            194 28565at314147        -            289   4.7e-29   98.1   9.2   1   1   6.5e-30   5.8e-29   97.8   9.2    96   288     3   186     2   187 0.88 -
contig_59306_pilon:1921-2247          -            109 28565at314147        -            289   3.6e-28   95.2   0.7   1   1   4.6e-29   4.1e-28   95.0   0.7   190   284    15   109     6   109 0.96 -
NW_025965008.1_RagTag:181569-177125   -            147 28565at314147        -            289   4.1e-28   95.1  14.1   1   1   5.4e-29   4.8e-28   94.8  14.1     4   143     2   142     1   146 0.91 -
NW_025965426.1_RagTag:108382-38484    -            269 28565at314147        -            289   6.5e-28   94.4   8.8   1   1   8.8e-29   7.9e-28   94.1   8.8    30   239    25   237     2   253 0.86 -
NW_025965352.1_RagTag:14173-14790     -            206 28565at314147        -            289   1.6e-27   93.1  15.8   1   1   2.2e-28     2e-27   92.8  15.8    20   191    28   203     8   205 0.87 -
NW_025965274.1_RagTag:34855-34298     -            172 28565at314147        -            289   1.7e-27   93.0  13.2   1   1   2.9e-28   2.6e-27   92.4  13.2     3   171     5   171     3   172 0.76 -
NW_025965300.1_RagTag:1228665-1229471 -            133 28565at314147        -            289   1.9e-27   92.8   4.2   1   1   2.4e-28   2.1e-27   92.7   4.2   160   287     2   129     1   131 0.95 -
NW_025965426.1_RagTag:76722-76078     -            215 28565at314147        -            289   2.3e-27   92.6   8.7   1   1   2.9e-28   2.6e-27   92.4   8.7    78   288     1   213     1   214 0.89 -
NW_025965470.1_RagTag:910-142         -            164 28565at314147        -            289   4.3e-27   91.7   4.6   1   3   2.5e-21   2.2e-20   69.7   1.5    48   125     5    85     2    92 0.92 -
NW_025965470.1_RagTag:910-142         -            164 28565at314147        -            289   4.3e-27   91.7   4.6   2   3      0.81       7.2    2.3   0.1   153   175    93   115    87   118 0.87 -
NW_025965470.1_RagTag:910-142         -            164 28565at314147        -            289   4.3e-27   91.7   4.6   3   3   5.3e-06   4.7e-05   19.4   0.0   263   287   132   156   126   158 0.91 -
contig_32555_pilon:2224-1308          -            296 28565at314147        -            289   1.2e-26   90.2  10.2   1   1   1.8e-26   1.6e-25   86.5  10.2     1   224     6   229     6   239 0.81 -
NW_025965054.1_RagTag:17704-18186     -            161 28565at314147        -            289   1.6e-26   89.8   5.6   1   1   1.9e-27   1.7e-26   89.7   5.6     4   115     6   125     3   155 0.84 -
NW_025965331.1_RagTag:86176-85862     -            105 28565at314147        -            289   5.4e-21   71.7  11.1   1   1   6.4e-22   5.8e-21   71.6  11.1     5    92    12   103     3   105 0.84 -
NW_025965182.1_RagTag:1844038-1843763 -             92 28565at314147        -            289   8.9e-17   57.8   7.4   1   1   1.1e-17   9.7e-17   57.7   7.4     6    89     1    92     1    92 0.86 -
NW_025965251.1_RagTag:397452-396704   -            180 28565at314147        -            289   7.7e-15   51.5  12.8   1   3   1.3e-10   1.2e-09   34.5   4.4    13    68     3    59     1   108 0.87 -
NW_025965251.1_RagTag:397452-396704   -            180 28565at314147        -            289   7.7e-15   51.5  12.8   2   3     0.078       0.7    5.7   0.1   159   183   111   135    92   141 0.75 -
NW_025965251.1_RagTag:397452-396704   -            180 28565at314147        -            289   7.7e-15   51.5  12.8   3   3   4.1e-05   0.00036   16.4   0.2   217   248   144   175   135   178 0.90 -
NW_025965123.1_RagTag:1772589-1772891 -            101 28565at314147        -            289   1.5e-13   47.3   4.3   1   1   1.9e-14   1.7e-13   47.1   4.3     4    75     6    82     3   100 0.80 -
NW_025965307.1_RagTag:988946-990586   -            547 28565at314147        -            289   1.1e-08   31.3   6.6   1   1   2.5e-09   2.2e-08   30.3   6.6    12   140    63   197    54   211 0.80 -
NW_025965323.1_RagTag:1329524-1328619 -            302 28565at314147        -            289   7.8e-07   25.2  18.4   1   1   1.4e-07   1.3e-06   24.5  18.4    26   194     3   173     1   283 0.71 -
NW_025965148.1_RagTag:252022-250949   -            288 28565at314147        -            289   2.6e-06   23.5   6.0   1   1   4.6e-07   4.1e-06   22.9   6.0    14   139    45   174    35   181 0.73 -
NW_025965317.1_RagTag:3305375-3303953 -            398 28565at314147        -            289   8.7e-05   18.5   6.1   1   2   9.7e-06   8.7e-05   18.5   6.1     6   145   109   252   105   271 0.78 -
NW_025965317.1_RagTag:3305375-3303953 -            398 28565at314147        -            289   8.7e-05   18.5   6.1   2   2       5.8        52   -0.5   0.2     6    32   278   304   273   319 0.74 -
NW_025965256.1_RagTag:848873-850198   -            442 28565at314147        -            289   0.00011   18.1  10.5   1   1   2.8e-05   0.00025   17.0  10.5    17   146    24   158    15   242 0.76 -
#
# Program:         hmmsearch
# Version:         3.1b2 (February 2015)
# Pipeline mode:   SEARCH
# Query file:      /home/bgerda/guppy_SUP/busco_downloads/lineages/glires_odb10/hmms/28565at314147.hmm
# Target file:     /home/bgerda/guppy_SUP/busco_results/run_glires_odb10/metaeuk_output/initial_results/ragtag.scaffold.fasta.modified.fas
# Option settings: hmmsearch --domtblout /home/bgerda/guppy_SUP/busco_results/run_glires_odb10/hmmer_output/initial_run_results/28565at314147.out --cpu 1 /home/bgerda/guppy_SUP/busco_downloads/lineages/glires_odb10/hmms/28565at314147.hmm /home/bgerda/guppy_SUP/busco_results/run_glires_odb10/metaeuk_output/initial_results/ragtag.scaffold.fasta.modified.fas 
# Current dir:     /home/bgerda/guppy_SUP
# Date:            Sun May 21 15:02:28 2023
# [ok]
