#                                                                                             --- full sequence --- -------------- this domain -------------   hmm coord   ali coord   env coord
# target name                         accession   tlen query name           accession   qlen   E-value  score  bias   #  of  c-Evalue  i-Evalue  score  bias  from    to  from    to  from    to  acc description of target
#                 ------------------- ---------- ----- -------------------- ---------- ----- --------- ------ ----- --- --- --------- --------- ------ ----- ----- ----- ----- ----- ----- ----- ---- ---------------------
NW_025965314.1_RagTag:624247-623562   -            157 29783at314147        -            255   4.3e-64  212.4   6.2   1   2   1.9e-46   4.5e-44  146.8   3.2    25   115     5    95     2    96 0.97 -
NW_025965314.1_RagTag:624247-623562   -            157 29783at314147        -            255   4.3e-64  212.4   6.2   2   2   2.4e-22   5.6e-20   67.9   0.1   194   255    96   157    94   157 0.97 -
contig_4568_pilon:1340-1633           -             98 29783at314147        -            255   3.6e-05   19.4   2.5   1   1   1.5e-07   3.6e-05   19.4   2.5    41    96     2    59     1    90 0.81 -
NW_025965309.1_RagTag:3490785-3490423 -            121 29783at314147        -            255   0.00036   16.1   2.4   1   1   1.8e-06   0.00043   15.8   2.4    53    83    81   111    53   121 0.70 -
contig_50121_pilon:804-1229           -            142 29783at314147        -            255   0.00041   15.9   0.5   1   1   1.8e-06   0.00041   15.9   0.5    41    85     1    46     1    65 0.84 -
NW_025965319.1_RagTag:4372733-4372377 -            119 29783at314147        -            255   0.00066   15.2   0.2   1   1     4e-06   0.00095   14.7   0.2    39   104     2    64     1    74 0.75 -
NW_025965287.1_RagTag:1430524-1428280 -            589 29783at314147        -            255    0.0027   13.2   1.9   1   1   2.9e-05    0.0067   11.9   1.9    41    80   433   472   429   489 0.93 -
#
# Program:         hmmsearch
# Version:         3.1b2 (February 2015)
# Pipeline mode:   SEARCH
# Query file:      /home/bgerda/guppy_SUP/busco_downloads/lineages/glires_odb10/hmms/29783at314147.hmm
# Target file:     /home/bgerda/guppy_SUP/busco_results/run_glires_odb10/metaeuk_output/initial_results/ragtag.scaffold.fasta.modified.fas
# Option settings: hmmsearch --domtblout /home/bgerda/guppy_SUP/busco_results/run_glires_odb10/hmmer_output/initial_run_results/29783at314147.out --cpu 1 /home/bgerda/guppy_SUP/busco_downloads/lineages/glires_odb10/hmms/29783at314147.hmm /home/bgerda/guppy_SUP/busco_results/run_glires_odb10/metaeuk_output/initial_results/ragtag.scaffold.fasta.modified.fas 
# Current dir:     /home/bgerda/guppy_SUP
# Date:            Sun May 21 15:02:34 2023
# [ok]
