#                                                                                             --- full sequence --- -------------- this domain -------------   hmm coord   ali coord   env coord
# target name                         accession   tlen query name           accession   qlen   E-value  score  bias   #  of  c-Evalue  i-Evalue  score  bias  from    to  from    to  from    to  acc description of target
#                 ------------------- ---------- ----- -------------------- ---------- ----- --------- ------ ----- --- --- --------- --------- ------ ----- ----- ----- ----- ----- ----- ----- ---- ---------------------
NW_025965548.1_RagTag:8826-1842       -            515 2982at314147         -            991     1e-63  211.9   0.0   1   1     2e-65   1.3e-63  211.5   0.0   728   965   270   512   265   515 0.93 -
NW_025965309.1_RagTag:3535833-3533111 -            326 2982at314147         -            991   6.5e-55  182.7   0.0   1   1   1.2e-56   7.9e-55  182.4   0.0   692   910    97   325    79   326 0.91 -
NW_025965287.1_RagTag:80326-81575     -            357 2982at314147         -            991   3.1e-29   97.7   0.0   1   1   6.7e-31   4.3e-29   97.2   0.0   808   913    39   150    31   160 0.89 -
NW_025965313.1_RagTag:91092-92403     -            211 2982at314147         -            991     6e-21   70.3   0.0   1   1   3.3e-22   2.1e-20   68.5   0.0   751   881    89   204    56   208 0.89 -
NW_025965222.1_RagTag:194698-192711   -            112 2982at314147         -            991   8.9e-19   63.1   0.0   1   1   1.5e-20   9.9e-19   62.9   0.0   870   970     1    97     1   107 0.92 -
NW_025965352.1_RagTag:113601-115367   -            318 2982at314147         -            991     4e-13   44.4   0.0   1   1   1.7e-14   1.1e-12   43.0   0.0   721   964    67   316    46   318 0.75 -
NW_025965334.1_RagTag:180562-180416   -             49 2982at314147         -            991   7.5e-12   40.2   0.3   1   1   1.2e-13   7.7e-12   40.1   0.3   867   914     1    48     1    49 0.95 -
contig_66008_pilon:1767-2642          -            292 2982at314147         -            991   2.4e-11   38.5   0.0   1   1   1.1e-11   6.9e-10   33.7   0.0   721   956    20   234    14   237 0.77 -
contig_37224_pilon:1702-2604          -            301 2982at314147         -            991   2.9e-11   38.2   0.0   1   1   1.7e-12   1.1e-10   36.3   0.0   697   901    15   199     7   248 0.82 -
NW_025965279.1_RagTag:90332-90961     -            210 2982at314147         -            991   2.7e-10   35.0   0.0   1   1   5.3e-12   3.4e-10   34.7   0.0   818   911    35   127    24   138 0.87 -
NW_025965233.1_RagTag:125981-124584   -            466 2982at314147         -            991   3.3e-10   34.7   0.0   1   1   1.7e-11   1.1e-09   33.0   0.0   740   951    52   245    33   253 0.72 -
contig_31429_pilon:267-1247           -            327 2982at314147         -            991   5.9e-10   33.9   0.5   1   1   1.2e-10   7.8e-09   30.2   0.5   696   917    17   217     4   261 0.76 -
NW_025965499.1_RagTag:3945-3043       -            301 2982at314147         -            991     6e-10   33.9   0.0   1   1   2.1e-10   1.3e-08   29.4   0.0   716   912    24   201     6   213 0.78 -
NW_025965099.1_RagTag:15127-16038     -            304 2982at314147         -            991   3.4e-09   31.4   0.1   1   1   1.5e-09   9.4e-08   26.6   0.1   701   912    38   228    22   250 0.79 -
NW_025965321.1_RagTag:4470492-4469881 -            204 2982at314147         -            991   7.4e-09   30.3   0.0   1   1     1e-09   6.6e-08   27.1   0.0   695   899     7   197     1   201 0.68 -
NW_025965321.1_RagTag:3058777-3058926 -             50 2982at314147         -            991   1.2e-08   29.6   0.0   1   1   1.9e-10   1.2e-08   29.5   0.0   846   889     2    50     1    50 0.81 -
contig_34501_pilon:2309-1602          -            236 2982at314147         -            991     7e-08   27.0   0.0   1   1   1.4e-09   8.7e-08   26.7   0.0   815   917    33   135    16   153 0.86 -
contig_34309_pilon:451-104            -            116 2982at314147         -            991   7.2e-07   23.7   0.0   1   1   1.3e-08   8.1e-07   23.5   0.0   815   900    27   113     9   115 0.86 -
NW_025965256.1_RagTag:50814-50329     -            106 2982at314147         -            991   0.00095   13.3   0.0   1   1   1.5e-05   0.00096   13.3   0.0   808   855    42    89    23   103 0.86 -
contig_83342_pilon:1438-911           -            176 2982at314147         -            991    0.0023   12.1   0.0   1   1   4.5e-05    0.0029   11.7   0.0   815   916    12   113     4   121 0.82 -
NW_025965099.1_RagTag:980104-979807   -             72 2982at314147         -            991    0.0049   11.0   6.6   1   1   6.5e-05    0.0042   11.2   6.6   260   288     2    30     1    63 0.82 -
contig_18707_pilon:1357-1884          -            176 2982at314147         -            991     0.006   10.7   0.0   1   1   0.00011    0.0073   10.4   0.0   815   910    12   107     3   117 0.76 -
#
# Program:         hmmsearch
# Version:         3.1b2 (February 2015)
# Pipeline mode:   SEARCH
# Query file:      /home/bgerda/guppy_SUP/busco_downloads/lineages/glires_odb10/hmms/2982at314147.hmm
# Target file:     /home/bgerda/guppy_SUP/busco_results/run_glires_odb10/metaeuk_output/initial_results/ragtag.scaffold.fasta.modified.fas
# Option settings: hmmsearch --domtblout /home/bgerda/guppy_SUP/busco_results/run_glires_odb10/hmmer_output/initial_run_results/2982at314147.out --cpu 1 /home/bgerda/guppy_SUP/busco_downloads/lineages/glires_odb10/hmms/2982at314147.hmm /home/bgerda/guppy_SUP/busco_results/run_glires_odb10/metaeuk_output/initial_results/ragtag.scaffold.fasta.modified.fas 
# Current dir:     /home/bgerda/guppy_SUP
# Date:            Sun May 21 15:02:29 2023
# [ok]
