#                                                                                             --- full sequence --- -------------- this domain -------------   hmm coord   ali coord   env coord
# target name                         accession   tlen query name           accession   qlen   E-value  score  bias   #  of  c-Evalue  i-Evalue  score  bias  from    to  from    to  from    to  acc description of target
#                 ------------------- ---------- ----- -------------------- ---------- ----- --------- ------ ----- --- --- --------- --------- ------ ----- ----- ----- ----- ----- ----- ----- ---- ---------------------
NW_025965233.1_RagTag:125981-124584   -            466 2985at314147         -           1099   1.7e-26   88.6   0.0   1   1   3.4e-28   2.2e-26   88.2   0.0   853  1097    32   258     7   260 0.86 -
contig_66008_pilon:1767-2642          -            292 2985at314147         -           1099   1.8e-25   85.2   0.0   1   1   3.5e-27   2.3e-25   84.8   0.0   878  1095    33   240    16   243 0.91 -
NW_025965321.1_RagTag:4470492-4469881 -            204 2985at314147         -           1099   6.4e-24   80.0   0.0   1   1   1.1e-25     7e-24   79.9   0.0   829  1034     3   202     1   204 0.88 -
contig_37224_pilon:1702-2604          -            301 2985at314147         -           1099   8.3e-22   73.0   0.0   1   1   1.6e-23     1e-21   72.8   0.0   878  1093    51   256    14   261 0.86 -
NW_025965099.1_RagTag:15127-16038     -            304 2985at314147         -           1099   5.9e-21   70.2   0.0   1   1   1.1e-22   6.8e-21   70.0   0.0   837  1044    36   232    19   275 0.87 -
NW_025965499.1_RagTag:3945-3043       -            301 2985at314147         -           1099   6.8e-21   70.0   0.0   1   1   1.2e-22   7.6e-21   69.8   0.0   849  1039    21   199     7   250 0.84 -
contig_31429_pilon:267-1247           -            327 2985at314147         -           1099   1.3e-19   65.7   0.0   1   1   2.3e-21   1.5e-19   65.6   0.0   877  1044    53   215     3   261 0.83 -
NW_025965279.1_RagTag:90332-90961     -            210 2985at314147         -           1099   1.4e-16   55.7   0.0   1   1   2.7e-18   1.7e-16   55.4   0.0   936  1051    29   138    23   152 0.90 -
contig_34501_pilon:2309-1602          -            236 2985at314147         -           1099   6.3e-16   53.6   0.0   1   1   1.1e-17   7.1e-16   53.4   0.0   908  1067     2   151     1   178 0.88 -
contig_34309_pilon:451-104            -            116 2985at314147         -           1099   2.2e-13   45.1   0.0   1   1   3.7e-15   2.4e-13   45.0   0.0   915  1025     3   108     1   115 0.89 -
NW_025965256.1_RagTag:50814-50329     -            106 2985at314147         -           1099   5.4e-11   37.2   0.0   1   1   8.5e-13   5.4e-11   37.2   0.0   931   983    41    92     1   102 0.81 -
contig_83342_pilon:1438-911           -            176 2985at314147         -           1099   1.8e-10   35.5   0.0   1   1   3.5e-12   2.2e-10   35.2   0.0   941  1093    14   156     4   160 0.86 -
NW_025965548.1_RagTag:8826-1842       -            515 2985at314147         -           1099   3.6e-09   31.2   0.0   1   1   9.3e-11     6e-09   30.5   0.0   876  1029   277   443   264   506 0.73 -
NW_025965309.1_RagTag:3535833-3533111 -            326 2985at314147         -           1099   1.5e-08   29.2   0.0   1   1   4.9e-10   3.1e-08   28.1   0.0   832  1029    99   314    84   321 0.76 -
NW_025965401.1_RagTag:66150-68190     -            216 2985at314147         -           1099     8e-08   26.7   0.0   1   1   1.4e-09   9.3e-08   26.5   0.0   917  1038     2   129     1   141 0.74 -
NW_025965352.1_RagTag:113601-115367   -            318 2985at314147         -           1099   2.8e-07   24.9   0.0   1   1   6.1e-09   3.9e-07   24.4   0.0   878  1085    84   304    63   311 0.74 -
NW_025965287.1_RagTag:80326-81575     -            357 2985at314147         -           1099   7.9e-07   23.4   0.0   1   1   1.6e-08   1.1e-06   23.0   0.0   939  1037    46   146    28   154 0.78 -
NW_025965313.1_RagTag:91092-92403     -            211 2985at314147         -           1099   2.4e-06   21.8   0.0   1   1   4.4e-08   2.8e-06   21.6   0.0   889   984    87   184    64   204 0.80 -
contig_18707_pilon:1357-1884          -            176 2985at314147         -           1099   1.7e-05   19.1   0.0   1   1   2.7e-07   1.7e-05   19.0   0.0   941  1064    14   127     3   157 0.83 -
NW_025965240.1_RagTag:98637-94667     -            305 2985at314147         -           1099   0.00022   15.3   0.2   1   1   4.3e-06   0.00028   15.0   0.2   878   958   225   305   213   305 0.93 -
NW_025965301.1_RagTag:74352-72604     -            308 2985at314147         -           1099    0.0022   12.0   0.0   1   1   4.5e-05    0.0029   11.6   0.0   997  1041   165   212   129   231 0.73 -
NW_025965334.1_RagTag:180562-180416   -             49 2985at314147         -           1099     0.012    9.6   0.1   1   1   0.00019     0.012    9.6   0.1  1000  1041     4    47     2    49 0.83 -
#
# Program:         hmmsearch
# Version:         3.1b2 (February 2015)
# Pipeline mode:   SEARCH
# Query file:      /home/bgerda/guppy_SUP/busco_downloads/lineages/glires_odb10/hmms/2985at314147.hmm
# Target file:     /home/bgerda/guppy_SUP/busco_results/run_glires_odb10/metaeuk_output/initial_results/ragtag.scaffold.fasta.modified.fas
# Option settings: hmmsearch --domtblout /home/bgerda/guppy_SUP/busco_results/run_glires_odb10/hmmer_output/initial_run_results/2985at314147.out --cpu 1 /home/bgerda/guppy_SUP/busco_downloads/lineages/glires_odb10/hmms/2985at314147.hmm /home/bgerda/guppy_SUP/busco_results/run_glires_odb10/metaeuk_output/initial_results/ragtag.scaffold.fasta.modified.fas 
# Current dir:     /home/bgerda/guppy_SUP
# Date:            Sun May 21 15:02:30 2023
# [ok]
