#                                                                                             --- full sequence --- -------------- this domain -------------   hmm coord   ali coord   env coord
# target name                         accession   tlen query name           accession   qlen   E-value  score  bias   #  of  c-Evalue  i-Evalue  score  bias  from    to  from    to  from    to  acc description of target
#                 ------------------- ---------- ----- -------------------- ---------- ----- --------- ------ ----- --- --- --------- --------- ------ ----- ----- ----- ----- ----- ----- ----- ---- ---------------------
NW_025965108.1_RagTag:146371-147354   -            328 30167at314147        -            276  2.1e-161  532.4  14.6   1   1    5e-163  3.9e-161  531.5  14.6     1   276    30   327    30   327 0.96 -
contig_25261_pilon:2046-1063          -            328 30167at314147        -            276   1.2e-28   97.0  20.7   1   1   2.1e-30   1.7e-28   96.5  20.7     9   275    26   311    18   312 0.79 -
NW_025965230.1_RagTag:349910-348756   -            385 30167at314147        -            276   2.1e-25   86.4  14.3   1   1   3.4e-27   2.7e-25   86.0  14.3    20   274    59   323    40   325 0.80 -
NW_025965321.1_RagTag:4466482-4467336 -            285 30167at314147        -            276   2.7e-24   82.7  16.1   1   1   4.1e-26   3.3e-24   82.4  16.1     6   260    21   285    16   285 0.83 -
NW_025965295.1_RagTag:980802-979558   -            415 30167at314147        -            276   2.5e-22   76.3  22.4   1   1   4.1e-24   3.2e-22   75.9  22.4    14   269   104   365    91   372 0.84 -
NW_025965322.1_RagTag:1962882-1961488 -            283 30167at314147        -            276   2.2e-18   63.3   4.7   1   2   1.9e-13   1.5e-11   40.9   2.1    18   106    54   149    37   169 0.81 -
NW_025965322.1_RagTag:1962882-1961488 -            283 30167at314147        -            276   2.2e-18   63.3   4.7   2   2   4.3e-08   3.4e-06   23.4   0.1   197   274   185   265   152   267 0.77 -
NW_025965319.1_RagTag:190216-191286   -            357 30167at314147        -            276   6.7e-18   61.7  17.0   1   1   1.6e-19   1.2e-17   60.9  17.0    16   276    36   315    24   315 0.77 -
contig_67641_pilon:774-58             -            239 30167at314147        -            276   8.1e-16   54.9  14.6   1   1   1.6e-17   1.2e-15   54.3  14.6    15   227     7   238     1   239 0.72 -
NW_025965314.1_RagTag:120014-121839   -            303 30167at314147        -            276   8.2e-16   54.9  20.3   1   1   1.5e-17   1.2e-15   54.4  20.3    11   276    17   297     8   297 0.73 -
NW_025965161.1_RagTag:422252-421546   -            215 30167at314147        -            276   1.2e-10   37.9   1.7   1   1   2.1e-12   1.7e-10   37.5   1.7    34   177    52   204    39   214 0.76 -
NW_025965307.1_RagTag:988946-990586   -            547 30167at314147        -            276   2.1e-09   33.8  14.8   1   2     5e-07   3.9e-05   19.9   7.5    17   134    77   205    63   222 0.75 -
NW_025965307.1_RagTag:988946-990586   -            547 30167at314147        -            276   2.1e-09   33.8  14.8   2   2   1.3e-06    0.0001   18.5   0.7   192   267   475   544   458   547 0.87 -
NW_025965278.1_RagTag:272984-272433   -            184 30167at314147        -            276   9.3e-09   31.8   7.6   1   1   1.8e-10   1.4e-08   31.2   7.6    97   274     1   179     1   181 0.66 -
NW_025965256.1_RagTag:848873-850198   -            442 30167at314147        -            276   1.4e-08   31.2  15.2   1   2   1.8e-08   1.4e-06   24.6   4.9     7   132    21   155    16   231 0.75 -
NW_025965256.1_RagTag:848873-850198   -            442 30167at314147        -            276   1.4e-08   31.2  15.2   2   2   0.00011    0.0089   12.1   2.6   200   269   266   335   250   341 0.76 -
NW_025965247.1_RagTag:75018-75260     -             81 30167at314147        -            276   8.5e-07   25.3   0.8   1   1   1.5e-08   1.2e-06   24.9   0.8   197   267    10    78     3    80 0.82 -
NW_025965421.1_RagTag:181828-182494   -            201 30167at314147        -            276   1.3e-06   24.8   6.9   1   2     5e-06   0.00039   16.6   0.1    64   137     8    84     3    94 0.84 -
NW_025965421.1_RagTag:181828-182494   -            201 30167at314147        -            276   1.3e-06   24.8   6.9   2   2   0.00051      0.04   10.0   3.1   206   273   131   197   125   200 0.80 -
NW_025965256.1_RagTag:1112241-1111114 -            376 30167at314147        -            276   0.00012   18.3  17.0   1   1   3.9e-06   0.00031   16.9  17.0   146   273   182   304    35   307 0.62 -
NW_025965266.1_RagTag:245866-244338   -            282 30167at314147        -            276   0.00033   16.8   6.8   1   1   6.9e-06   0.00054   16.1   6.5    13   130    53   179    42   195 0.77 -
NW_025965151.1_RagTag:195671-193812   -            137 30167at314147        -            276    0.0033   13.6   4.7   1   2      0.91        71   -0.7   0.1   169   191    49    71    34    75 0.70 -
NW_025965151.1_RagTag:195671-193812   -            137 30167at314147        -            276    0.0033   13.6   4.7   2   2   4.2e-05    0.0033   13.6   3.5   205   274    71   135    57   137 0.77 -
#
# Program:         hmmsearch
# Version:         3.1b2 (February 2015)
# Pipeline mode:   SEARCH
# Query file:      /home/bgerda/guppy_SUP/busco_downloads/lineages/glires_odb10/hmms/30167at314147.hmm
# Target file:     /home/bgerda/guppy_SUP/busco_results/run_glires_odb10/metaeuk_output/initial_results/ragtag.scaffold.fasta.modified.fas
# Option settings: hmmsearch --domtblout /home/bgerda/guppy_SUP/busco_results/run_glires_odb10/hmmer_output/initial_run_results/30167at314147.out --cpu 1 /home/bgerda/guppy_SUP/busco_downloads/lineages/glires_odb10/hmms/30167at314147.hmm /home/bgerda/guppy_SUP/busco_results/run_glires_odb10/metaeuk_output/initial_results/ragtag.scaffold.fasta.modified.fas 
# Current dir:     /home/bgerda/guppy_SUP
# Date:            Sun May 21 15:02:32 2023
# [ok]
