#                                                                                             --- full sequence --- -------------- this domain -------------   hmm coord   ali coord   env coord
# target name                         accession   tlen query name           accession   qlen   E-value  score  bias   #  of  c-Evalue  i-Evalue  score  bias  from    to  from    to  from    to  acc description of target
#                 ------------------- ---------- ----- -------------------- ---------- ----- --------- ------ ----- --- --- --------- --------- ------ ----- ----- ----- ----- ----- ----- ----- ---- ---------------------
NW_025965072.1_RagTag:27275-28443     -            291 32843at314147        -            242   7.8e-32  107.2   0.2   1   2   7.1e-14   6.3e-12   42.0   0.2    22    72    27    74     8    77 0.87 -
NW_025965072.1_RagTag:27275-28443     -            291 32843at314147        -            242   7.8e-32  107.2   0.2   2   2   2.4e-20   2.1e-18   63.2   0.0    72   242   108   281   103   281 0.88 -
NW_025965183.1_RagTag:84364-82116     -            220 32843at314147        -            242   5.8e-22   74.9   0.0   1   1   8.6e-24   7.6e-22   74.5   0.0    24   195     9   192     5   202 0.85 -
NW_025965321.1_RagTag:3253428-3256437 -            180 32843at314147        -            242   7.5e-21   71.3   1.7   1   2   3.9e-20   3.5e-18   62.5   0.3    37   138     1   102     1   115 0.87 -
NW_025965321.1_RagTag:3253428-3256437 -            180 32843at314147        -            242   7.5e-21   71.3   1.7   2   2    0.0013      0.12    8.4   0.1   195   242   128   174   112   174 0.81 -
NW_025965096.1_RagTag:921-4167        -            196 32843at314147        -            242   1.5e-17   60.4   0.0   1   1   2.3e-19     2e-17   60.0   0.0    59   189    26   164    18   193 0.85 -
NW_025965072.1_RagTag:27867-28443     -            138 32843at314147        -            242   8.5e-17   58.0   0.2   1   1   9.7e-19   8.6e-17   58.0   0.2   140   242    27   128     1   128 0.85 -
contig_11998_pilon:1321-121           -            250 32843at314147        -            242     7e-16   55.0   0.0   1   2   4.3e-15   3.8e-13   46.0   0.0    26   119     2    96     1   104 0.80 -
contig_11998_pilon:1321-121           -            250 32843at314147        -            242     7e-16   55.0   0.0   2   2    0.0033      0.29    7.1   0.0   140   165   190   216   161   246 0.70 -
NW_025965412.1_RagTag:89944-87062     -            319 32843at314147        -            242   9.8e-16   54.5   0.3   1   1   1.1e-15   9.6e-14   48.0   0.3    18   202    90   261    86   284 0.80 -
NW_025965096.1_RagTag:2473-3032       -            145 32843at314147        -            242   1.4e-12   44.2   0.0   1   1   1.7e-14   1.5e-12   44.1   0.0    60   167     6   119     1   144 0.79 -
NW_025965367.1_RagTag:128775-126432   -            360 32843at314147        -            242   3.9e-11   39.5   0.0   1   1   6.6e-13   5.8e-11   38.9   0.0    24   157   172   322   167   360 0.70 -
NW_025965247.1_RagTag:41362-43215     -            189 32843at314147        -            242   5.3e-10   35.7   0.0   1   1   7.1e-12   6.3e-10   35.5   0.0    94   242    27   182    11   182 0.80 -
NW_025965297.1_RagTag:1311499-1312236 -            177 32843at314147        -            242   2.4e-09   33.6   0.0   1   1   3.3e-11   2.9e-09   33.3   0.0    25   149    14   155     6   164 0.70 -
contig_68092_pilon:1896-2666          -            257 32843at314147        -            242   2.7e-09   33.4   0.0   1   1   6.5e-11   5.7e-09   32.4   0.0    14   242     4   248     1   248 0.71 -
NW_025965072.1_RagTag:28228-28437     -             70 32843at314147        -            242   3.5e-07   26.5   0.1   1   1   4.3e-09   3.8e-07   26.4   0.1   194   242    18    62     4    62 0.81 -
NW_025965163.1_RagTag:43448-48471     -            523 32843at314147        -            242   2.5e-06   23.7   0.2   1   3   2.5e-06   0.00023   17.3   0.1    51    72   225   246   199   264 0.85 -
NW_025965163.1_RagTag:43448-48471     -            523 32843at314147        -            242   2.5e-06   23.7   0.2   2   3      0.11       9.6    2.2   0.0   112   135   333   356   309   389 0.78 -
NW_025965163.1_RagTag:43448-48471     -            523 32843at314147        -            242   2.5e-06   23.7   0.2   3   3      0.58        51   -0.2   0.0   178   204   431   457   416   474 0.83 -
NW_025965159.1_RagTag:367812-370673   -            407 32843at314147        -            242   5.2e-06   22.7   0.1   1   1   1.2e-07     1e-05   21.7   0.1    24   139   187   299   180   399 0.74 -
NW_025965103.1_RagTag:1001181-1003306 -            135 32843at314147        -            242   1.5e-05   21.2   0.0   1   1     2e-07   1.7e-05   20.9   0.0    98   185    29   123    19   134 0.72 -
#
# Program:         hmmsearch
# Version:         3.1b2 (February 2015)
# Pipeline mode:   SEARCH
# Query file:      /home/bgerda/guppy_SUP/busco_downloads/lineages/glires_odb10/hmms/32843at314147.hmm
# Target file:     /home/bgerda/guppy_SUP/busco_results/run_glires_odb10/metaeuk_output/initial_results/ragtag.scaffold.fasta.modified.fas
# Option settings: hmmsearch --domtblout /home/bgerda/guppy_SUP/busco_results/run_glires_odb10/hmmer_output/initial_run_results/32843at314147.out --cpu 1 /home/bgerda/guppy_SUP/busco_downloads/lineages/glires_odb10/hmms/32843at314147.hmm /home/bgerda/guppy_SUP/busco_results/run_glires_odb10/metaeuk_output/initial_results/ragtag.scaffold.fasta.modified.fas 
# Current dir:     /home/bgerda/guppy_SUP
# Date:            Sun May 21 15:02:29 2023
# [ok]
