#                                                                                             --- full sequence --- -------------- this domain -------------   hmm coord   ali coord   env coord
# target name                         accession   tlen query name           accession   qlen   E-value  score  bias   #  of  c-Evalue  i-Evalue  score  bias  from    to  from    to  from    to  acc description of target
#                 ------------------- ---------- ----- -------------------- ---------- ----- --------- ------ ----- --- --- --------- --------- ------ ----- ----- ----- ----- ----- ----- ----- ---- ---------------------
NW_025965548.1_RagTag:8826-1842       -            515 3729at314147         -            900   7.6e-16   53.7   0.0   1   1   7.5e-18   1.1e-15   53.2   0.0   395   594   291   511   274   514 0.79 -
NW_025965309.1_RagTag:3535833-3533111 -            326 3729at314147         -            900   1.2e-07   26.6   0.0   1   1   1.3e-09   1.8e-07   26.0   0.0   385   527   150   314   120   319 0.66 -
NW_025965321.1_RagTag:4470492-4469881 -            204 3729at314147         -            900   1.6e-07   26.1   0.0   1   1   1.2e-09   1.7e-07   26.1   0.0   404   493    68   152    44   204 0.70 -
NW_025965279.1_RagTag:90332-90961     -            210 3729at314147         -            900   2.3e-07   25.7   0.0   1   1     2e-09   2.9e-07   25.3   0.0   452   548    33   137    23   142 0.82 -
NW_025965287.1_RagTag:80326-81575     -            357 3729at314147         -            900   6.4e-07   24.2   0.0   1   1   6.6e-09   9.3e-07   23.6   0.0   446   532    41   141    25   156 0.72 -
NW_025965352.1_RagTag:113601-115367   -            318 3729at314147         -            900   3.1e-06   21.9   0.0   1   1   9.6e-08   1.4e-05   19.8   0.0   498   593   218   315    39   317 0.72 -
NW_025965222.1_RagTag:194698-192711   -            112 3729at314147         -            900   7.6e-06   20.6   0.0   1   1   7.4e-08     1e-05   20.2   0.0   501   594     3    91     2    99 0.83 -
NW_025965313.1_RagTag:91092-92403     -            211 3729at314147         -            900   8.7e-06   20.4   0.0   1   1   7.7e-08   1.1e-05   20.1   0.0   399   513    91   207    82   210 0.76 -
NW_025965233.1_RagTag:125981-124584   -            466 3729at314147         -            900    0.0019   12.7   0.0   1   1   1.6e-05    0.0022   12.4   0.0   383   500    50   158    34   252 0.71 -
NW_025965256.1_RagTag:50814-50329     -            106 3729at314147         -            900    0.0037   11.7   0.0   1   1   3.2e-05    0.0045   11.4   0.0   447   497    45    94    40   104 0.89 -
#
# Program:         hmmsearch
# Version:         3.1b2 (February 2015)
# Pipeline mode:   SEARCH
# Query file:      /home/bgerda/guppy_SUP/busco_downloads/lineages/glires_odb10/hmms/3729at314147.hmm
# Target file:     /home/bgerda/guppy_SUP/busco_results/run_glires_odb10/metaeuk_output/initial_results/ragtag.scaffold.fasta.modified.fas
# Option settings: hmmsearch --domtblout /home/bgerda/guppy_SUP/busco_results/run_glires_odb10/hmmer_output/initial_run_results/3729at314147.out --cpu 1 /home/bgerda/guppy_SUP/busco_downloads/lineages/glires_odb10/hmms/3729at314147.hmm /home/bgerda/guppy_SUP/busco_results/run_glires_odb10/metaeuk_output/initial_results/ragtag.scaffold.fasta.modified.fas 
# Current dir:     /home/bgerda/guppy_SUP
# Date:            Sun May 21 15:02:31 2023
# [ok]
