#                                                                                             --- full sequence --- -------------- this domain -------------   hmm coord   ali coord   env coord
# target name                         accession   tlen query name           accession   qlen   E-value  score  bias   #  of  c-Evalue  i-Evalue  score  bias  from    to  from    to  from    to  acc description of target
#                 ------------------- ---------- ----- -------------------- ---------- ----- --------- ------ ----- --- --- --------- --------- ------ ----- ----- ----- ----- ----- ----- ----- ---- ---------------------
contig_18340_pilon:996-2162           -            389 39122at314147        -            166  7.2e-103  338.1 118.0   1   8   1.9e-19   3.5e-18   62.6   8.8    74   150     1    77     1    78 0.98 -
contig_18340_pilon:996-2162           -            389 39122at314147        -            166  7.2e-103  338.1 118.0   2   8   9.6e-17   1.8e-15   53.7   9.4    79   150    34   105    34   106 0.96 -
contig_18340_pilon:996-2162           -            389 39122at314147        -            166  7.2e-103  338.1 118.0   3   8   7.7e-14   1.4e-12   44.3   5.8    96   150    79   133    78   134 0.98 -
contig_18340_pilon:996-2162           -            389 39122at314147        -            166  7.2e-103  338.1 118.0   4   8   1.9e-15   3.6e-14   49.5   7.4    82   149    93   160    92   162 0.94 -
contig_18340_pilon:996-2162           -            389 39122at314147        -            166  7.2e-103  338.1 118.0   5   8   9.1e-18   1.7e-16   57.1   5.8    79   150   146   217   145   218 0.95 -
contig_18340_pilon:996-2162           -            389 39122at314147        -            166  7.2e-103  338.1 118.0   6   8   8.9e-16   1.7e-14   50.6   8.2    83   150   206   273   205   274 0.94 -
contig_18340_pilon:996-2162           -            389 39122at314147        -            166  7.2e-103  338.1 118.0   7   8   6.5e-19   1.2e-17   60.8  11.2    76   150   255   329   255   330 0.98 -
contig_18340_pilon:996-2162           -            389 39122at314147        -            166  7.2e-103  338.1 118.0   8   8   2.6e-17     5e-16   55.6   5.5    82   152   317   387   316   389 0.94 -
NW_025965432.1_RagTag:532065-533174   -            370 39122at314147        -            166  4.1e-100  329.1 141.1   1  10   2.9e-08   5.4e-07   26.2   7.4    96   149     4    57     2    59 0.95 -
NW_025965432.1_RagTag:532065-533174   -            370 39122at314147        -            166  4.1e-100  329.1 141.1   2  10   6.4e-13   1.2e-11   41.3  10.4    76   150    40   114    40   115 0.96 -
NW_025965432.1_RagTag:532065-533174   -            370 39122at314147        -            166  4.1e-100  329.1 141.1   3  10   2.5e-16   4.8e-15   52.4  10.3    74   151    66   143    66   143 0.97 -
NW_025965432.1_RagTag:532065-533174   -            370 39122at314147        -            166  4.1e-100  329.1 141.1   4  10   2.2e-14   4.1e-13   46.1   5.6    84   151   104   171   102   171 0.92 -
NW_025965432.1_RagTag:532065-533174   -            370 39122at314147        -            166  4.1e-100  329.1 141.1   5  10   7.5e-15   1.4e-13   47.6   3.3    89   150   137   198   135   199 0.95 -
NW_025965432.1_RagTag:532065-533174   -            370 39122at314147        -            166  4.1e-100  329.1 141.1   6  10   5.7e-14   1.1e-12   44.7   2.2    82   148   158   224   157   225 0.93 -
NW_025965432.1_RagTag:532065-533174   -            370 39122at314147        -            166  4.1e-100  329.1 141.1   7  10   2.5e-12   4.8e-11   39.4   3.9    86   150   190   254   186   255 0.91 -
NW_025965432.1_RagTag:532065-533174   -            370 39122at314147        -            166  4.1e-100  329.1 141.1   8  10   6.7e-16   1.3e-14   51.0  10.8    76   150   208   282   206   282 0.98 -
NW_025965432.1_RagTag:532065-533174   -            370 39122at314147        -            166  4.1e-100  329.1 141.1   9  10   8.8e-18   1.7e-16   57.1   9.7    76   151   236   311   236   311 0.98 -
NW_025965432.1_RagTag:532065-533174   -            370 39122at314147        -            166  4.1e-100  329.1 141.1  10  10   2.8e-14   5.2e-13   45.7   6.2    90   153   306   369   304   370 0.95 -
contig_43334_pilon:1277-1996          -            240 39122at314147        -            166   2.3e-74  245.4  85.4   1   7     4e-12   7.5e-11   38.7   4.1    97   150     1    54     1    55 0.97 -
contig_43334_pilon:1277-1996          -            240 39122at314147        -            166   2.3e-74  245.4  85.4   2   7   1.1e-15   2.1e-14   50.3   6.7    83   150    43   110    42   111 0.94 -
contig_43334_pilon:1277-1996          -            240 39122at314147        -            166   2.3e-74  245.4  85.4   3   7   2.6e-17     5e-16   55.6   6.9    78   150    66   138    65   139 0.96 -
contig_43334_pilon:1277-1996          -            240 39122at314147        -            166   2.3e-74  245.4  85.4   4   7   8.9e-15   1.7e-13   47.3   4.1    89   150   105   166   103   167 0.93 -
contig_43334_pilon:1277-1996          -            240 39122at314147        -            166   2.3e-74  245.4  85.4   5   7   1.7e-14   3.2e-13   46.4   5.2    83   149   127   193   126   195 0.92 -
contig_43334_pilon:1277-1996          -            240 39122at314147        -            166   2.3e-74  245.4  85.4   6   7     3e-13   5.6e-12   42.4   7.0    82   150   154   222   153   222 0.92 -
contig_43334_pilon:1277-1996          -            240 39122at314147        -            166   2.3e-74  245.4  85.4   7   7   2.6e-13   4.9e-12   42.6   3.8    85   139   185   239   182   240 0.90 -
contig_36320_pilon:1246-2160          -            305 39122at314147        -            166   4.2e-71  234.7  56.9   1   5   1.1e-18   2.1e-17   60.0   8.6    75   150     2    77     1    78 0.98 -
contig_36320_pilon:1246-2160          -            305 39122at314147        -            166   4.2e-71  234.7  56.9   2   5   1.5e-16   2.9e-15   53.1   6.3    89   150    72   133    69   134 0.96 -
contig_36320_pilon:1246-2160          -            305 39122at314147        -            166   4.2e-71  234.7  56.9   3   5     4e-17   7.5e-16   55.0   7.0    76   150   115   189   115   190 0.97 -
contig_36320_pilon:1246-2160          -            305 39122at314147        -            166   4.2e-71  234.7  56.9   4   5   1.2e-16   2.4e-15   53.4   6.5    83   151   178   246   177   246 0.94 -
contig_36320_pilon:1246-2160          -            305 39122at314147        -            166   4.2e-71  234.7  56.9   5   5   1.5e-18   2.8e-17   59.6  12.8    76   152   227   303   227   305 0.97 -
NW_025965071.1_RagTag:3226-4467       -            414 39122at314147        -            166   1.1e-66  220.3 104.3   1   9    0.0032     0.061    9.7   0.0   117   137    15    35     2    43 0.82 -
NW_025965071.1_RagTag:3226-4467       -            414 39122at314147        -            166   1.1e-66  220.3 104.3   2   9   2.6e-09   4.8e-08   29.6   6.6    72   148    26   102    20   105 0.94 -
NW_025965071.1_RagTag:3226-4467       -            414 39122at314147        -            166   1.1e-66  220.3 104.3   3   9     1e-10   1.9e-09   34.2   4.5    74   152    84   162    82   164 0.93 -
NW_025965071.1_RagTag:3226-4467       -            414 39122at314147        -            166   1.1e-66  220.3 104.3   4   9   2.7e-07     5e-06   23.0   4.4    84   148   150   214   148   216 0.88 -
NW_025965071.1_RagTag:3226-4467       -            414 39122at314147        -            166   1.1e-66  220.3 104.3   5   9   5.6e-11   1.1e-09   35.0   9.6    72   139   194   261   194   265 0.96 -
NW_025965071.1_RagTag:3226-4467       -            414 39122at314147        -            166   1.1e-66  220.3 104.3   6   9   1.2e-15   2.3e-14   50.1   6.9    79   149   257   327   256   327 0.95 -
NW_025965071.1_RagTag:3226-4467       -            414 39122at314147        -            166   1.1e-66  220.3 104.3   7   9   1.2e-14   2.3e-13   46.9   2.6    83   139   289   345   288   350 0.96 -
NW_025965071.1_RagTag:3226-4467       -            414 39122at314147        -            166   1.1e-66  220.3 104.3   8   9     1e-14   1.9e-13   47.2   5.2    76   140   310   374   310   379 0.95 -
NW_025965071.1_RagTag:3226-4467       -            414 39122at314147        -            166   1.1e-66  220.3 104.3   9   9   1.6e-15   2.9e-14   49.8   5.9    88   149   350   411   344   414 0.94 -
NW_025965317.1_RagTag:1470246-1469449 -            266 39122at314147        -            166   1.9e-64  213.0  75.0   1   7         4        75   -0.3   0.5   104   139     4    38     2    53 0.66 -
NW_025965317.1_RagTag:1470246-1469449 -            266 39122at314147        -            166   1.9e-64  213.0  75.0   2   7   3.5e-11   6.7e-10   35.6   5.5    90   153    60   123    35   124 0.83 -
NW_025965317.1_RagTag:1470246-1469449 -            266 39122at314147        -            166   1.9e-64  213.0  75.0   3   7   1.1e-15     2e-14   50.3   8.3    72   151    70   149    66   149 0.97 -
NW_025965317.1_RagTag:1470246-1469449 -            266 39122at314147        -            166   1.9e-64  213.0  75.0   4   7   1.4e-14   2.7e-13   46.7   5.6    91   150   117   176   111   176 0.95 -
NW_025965317.1_RagTag:1470246-1469449 -            266 39122at314147        -            166   1.9e-64  213.0  75.0   5   7   1.6e-17   3.1e-16   56.2   3.7    83   154   137   208   135   209 0.94 -
NW_025965317.1_RagTag:1470246-1469449 -            266 39122at314147        -            166   1.9e-64  213.0  75.0   6   7   4.2e-16   7.9e-15   51.6   6.9    76   150   158   232   158   232 0.98 -
NW_025965317.1_RagTag:1470246-1469449 -            266 39122at314147        -            166   1.9e-64  213.0  75.0   7   7   5.4e-12     1e-10   38.3   5.3    92   151   202   261   201   266 0.91 -
NW_025965341.1_RagTag:79016-79627     -            204 39122at314147        -            166   5.3e-64  211.6  65.4   1   6   3.5e-11   6.6e-10   35.6   5.4    94   151     3    60     1    60 0.96 -
NW_025965341.1_RagTag:79016-79627     -            204 39122at314147        -            166   5.3e-64  211.6  65.4   2   6   1.7e-15   3.2e-14   49.7   6.8    83   150    20    87    17    88 0.95 -
NW_025965341.1_RagTag:79016-79627     -            204 39122at314147        -            166   5.3e-64  211.6  65.4   3   6   2.6e-13   4.8e-12   42.6   4.0    89   140    54   105    53   107 0.95 -
NW_025965341.1_RagTag:79016-79627     -            204 39122at314147        -            166   5.3e-64  211.6  65.4   4   6   2.6e-16   4.8e-15   52.4   6.2    89   151    82   144    81   144 0.97 -
NW_025965341.1_RagTag:79016-79627     -            204 39122at314147        -            166   5.3e-64  211.6  65.4   5   6   9.6e-20   1.8e-18   63.5   6.8    76   151    97   172    97   172 0.98 -
NW_025965341.1_RagTag:79016-79627     -            204 39122at314147        -            166   5.3e-64  211.6  65.4   6   6   6.9e-09   1.3e-07   28.2   0.1    91   127   168   204   166   204 0.68 -
contig_59446_pilon:2-793              -            208 39122at314147        -            166   9.6e-64  210.8  62.0   1   5   2.6e-17   4.9e-16   55.6   7.0    88   150     3    65     1    66 0.96 -
contig_59446_pilon:2-793              -            208 39122at314147        -            166   9.6e-64  210.8  62.0   2   5   6.1e-16   1.2e-14   51.1   6.9    88   150    31    93    29    94 0.97 -
contig_59446_pilon:2-793              -            208 39122at314147        -            166   9.6e-64  210.8  62.0   3   5   8.3e-16   1.6e-14   50.7   6.4    83   149    54   120    53   121 0.92 -
contig_59446_pilon:2-793              -            208 39122at314147        -            166   9.6e-64  210.8  62.0   4   5   3.5e-15   6.7e-14   48.6   4.4    96   150    95   149    94   150 0.98 -
contig_59446_pilon:2-793              -            208 39122at314147        -            166   9.6e-64  210.8  62.0   5   5   1.9e-17   3.6e-16   56.0   5.4    89   151   144   206   140   208 0.95 -
contig_70752_pilon:952-1602           -            217 39122at314147        -            166   3.9e-62  205.6  50.9   1   5   7.9e-17   1.5e-15   54.0   2.3    86   150     8    72     1    73 0.94 -
contig_70752_pilon:952-1602           -            217 39122at314147        -            166   3.9e-62  205.6  50.9   2   5     9e-17   1.7e-15   53.8   3.8    89   150    39   100    38   101 0.97 -
contig_70752_pilon:952-1602           -            217 39122at314147        -            166   3.9e-62  205.6  50.9   3   5     2e-16   3.7e-15   52.7   5.4    80   150    58   128    57   129 0.94 -
contig_70752_pilon:952-1602           -            217 39122at314147        -            166   3.9e-62  205.6  50.9   4   5   5.5e-15     1e-13   48.0   3.8    96   150   102   156   101   157 0.98 -
contig_70752_pilon:952-1602           -            217 39122at314147        -            166   3.9e-62  205.6  50.9   5   5   5.6e-15   1.1e-13   48.0   4.3    85   141   147   203   144   213 0.89 -
NW_025965022.1_RagTag:266833-265871   -            321 39122at314147        -            166   1.1e-60  200.8  66.4   1   7     3e-14   5.7e-13   45.6   5.2    88   154     6    72     1    75 0.94 -
NW_025965022.1_RagTag:266833-265871   -            321 39122at314147        -            166   1.1e-60  200.8  66.4   2   7   2.7e-12     5e-11   39.3   1.5    73   145    75   146    73   149 0.92 -
NW_025965022.1_RagTag:266833-265871   -            321 39122at314147        -            166   1.1e-60  200.8  66.4   3   7   2.1e-10     4e-09   33.1   2.1    95   150   124   179   121   179 0.96 -
NW_025965022.1_RagTag:266833-265871   -            321 39122at314147        -            166   1.1e-60  200.8  66.4   4   7     1e-13   1.9e-12   43.9   4.8    83   151   140   208   135   210 0.93 -
NW_025965022.1_RagTag:266833-265871   -            321 39122at314147        -            166   1.1e-60  200.8  66.4   5   7     3e-13   5.7e-12   42.4   1.7    88   140   173   225   171   228 0.95 -
NW_025965022.1_RagTag:266833-265871   -            321 39122at314147        -            166   1.1e-60  200.8  66.4   6   7   3.2e-17   5.9e-16   55.3   6.0    72   140   213   281   211   286 0.95 -
NW_025965022.1_RagTag:266833-265871   -            321 39122at314147        -            166   1.1e-60  200.8  66.4   7   7   5.8e-06   0.00011   18.7   0.6   117   151   286   320   280   321 0.88 -
NW_025965250.1_RagTag:247730-246879   -            284 39122at314147        -            166   2.3e-60  199.8  55.5   1   5   8.2e-10   1.6e-08   31.2   3.8    97   140     3    46     1    49 0.93 -
NW_025965250.1_RagTag:247730-246879   -            284 39122at314147        -            166   2.3e-60  199.8  55.5   2   5   2.1e-17     4e-16   55.9   9.3    76   150    38   112    37   113 0.97 -
NW_025965250.1_RagTag:247730-246879   -            284 39122at314147        -            166   2.3e-60  199.8  55.5   3   5   1.4e-14   2.7e-13   46.7   9.7    83   150   101   168   100   169 0.93 -
NW_025965250.1_RagTag:247730-246879   -            284 39122at314147        -            166   2.3e-60  199.8  55.5   4   5   2.7e-15   5.2e-14   49.0   8.8    78   150   152   224   151   225 0.96 -
NW_025965250.1_RagTag:247730-246879   -            284 39122at314147        -            166   2.3e-60  199.8  55.5   5   5   5.1e-17   9.6e-16   54.6   6.2    82   150   212   280   211   284 0.93 -
NW_025965182.1_RagTag:1758025-1759086 -            354 39122at314147        -            166   1.9e-57  190.3  48.2   1   6   1.3e-08   2.4e-07   27.3   0.1   110   151     4    45     1    51 0.87 -
NW_025965182.1_RagTag:1758025-1759086 -            354 39122at314147        -            166   1.9e-57  190.3  48.2   2   6   6.1e-13   1.2e-11   41.4   1.6    74   140    52   118    46   121 0.93 -
NW_025965182.1_RagTag:1758025-1759086 -            354 39122at314147        -            166   1.9e-57  190.3  48.2   3   6   7.8e-16   1.5e-14   50.8   6.2    74   154   108   188   108   191 0.97 -
NW_025965182.1_RagTag:1758025-1759086 -            354 39122at314147        -            166   1.9e-57  190.3  48.2   4   6   2.7e-16   5.1e-15   52.3   6.3    72   151   190   269   187   272 0.95 -
NW_025965182.1_RagTag:1758025-1759086 -            354 39122at314147        -            166   1.9e-57  190.3  48.2   5   6   1.1e-06     2e-05   21.1   0.4   116   151   262   297   257   298 0.92 -
NW_025965182.1_RagTag:1758025-1759086 -            354 39122at314147        -            166   1.9e-57  190.3  48.2   6   6   7.1e-15   1.3e-13   47.7   8.6    72   149   274   351   273   353 0.97 -
contig_52188_pilon:1058-384           -            225 39122at314147        -            166   3.8e-56  186.1  36.2   1   4   3.5e-16   6.6e-15   51.9   3.1    97   150     1    54     1    56 0.98 -
contig_52188_pilon:1058-384           -            225 39122at314147        -            166   3.8e-56  186.1  36.2   2   4   4.8e-16   9.1e-15   51.5   6.1    90   150    50   110    49   111 0.96 -
contig_52188_pilon:1058-384           -            225 39122at314147        -            166   3.8e-56  186.1  36.2   3   4     2e-15   3.9e-14   49.4   4.7    89   150   105   166   103   167 0.96 -
contig_52188_pilon:1058-384           -            225 39122at314147        -            166   3.8e-56  186.1  36.2   4   4   1.7e-17   3.2e-16   56.2   4.4    89   151   161   223   159   225 0.95 -
NW_025965341.1_RagTag:10217-11053     -            279 39122at314147        -            166   9.3e-56  184.8  39.9   1   5     3e-10   5.6e-09   32.6   3.9   103   151     1    49     1    49 0.96 -
NW_025965341.1_RagTag:10217-11053     -            279 39122at314147        -            166   9.3e-56  184.8  39.9   2   5   1.2e-15   2.2e-14   50.2   5.9    83   151    37   105    36   105 0.97 -
NW_025965341.1_RagTag:10217-11053     -            279 39122at314147        -            166   9.3e-56  184.8  39.9   3   5   5.5e-15     1e-13   48.0   4.6    79   142    89   152    88   162 0.94 -
NW_025965341.1_RagTag:10217-11053     -            279 39122at314147        -            166   9.3e-56  184.8  39.9   4   5   2.5e-11   4.6e-10   36.1   1.3    99   151   165   218   156   218 0.93 -
NW_025965341.1_RagTag:10217-11053     -            279 39122at314147        -            166   9.3e-56  184.8  39.9   5   5   3.4e-20   6.3e-19   65.0   4.3    76   154   199   277   199   279 0.97 -
NW_025965375.1_RagTag:158129-157515   -            205 39122at314147        -            166   7.8e-55  181.8  22.9   1   4   2.8e-16   5.3e-15   52.2   2.8    95   150     4    59     1    60 0.94 -
NW_025965375.1_RagTag:158129-157515   -            205 39122at314147        -            166   7.8e-55  181.8  22.9   2   4   9.8e-19   1.9e-17   60.2   3.5    79   151    44   116    44   116 0.96 -
NW_025965375.1_RagTag:158129-157515   -            205 39122at314147        -            166   7.8e-55  181.8  22.9   3   4   4.7e-18   8.9e-17   58.0   1.8    92   150   113   171   112   173 0.96 -
NW_025965375.1_RagTag:158129-157515   -            205 39122at314147        -            166   7.8e-55  181.8  22.9   4   4   2.4e-09   4.5e-08   29.7   0.4    95   128   172   205   169   205 0.92 -
NW_025965341.1_RagTag:136335-135751   -            195 39122at314147        -            166   2.4e-54  180.2  42.7   1   4     1e-15     2e-14   50.4   2.0    93   151     2    60     1    60 0.96 -
NW_025965341.1_RagTag:136335-135751   -            195 39122at314147        -            166   2.4e-54  180.2  42.7   2   4   2.6e-22   4.9e-21   71.9   4.0    83   151    48   116    47   116 0.96 -
NW_025965341.1_RagTag:136335-135751   -            195 39122at314147        -            166   2.4e-54  180.2  42.7   3   4   1.9e-17   3.6e-16   56.0   6.8    79   150    72   143    72   144 0.96 -
NW_025965341.1_RagTag:136335-135751   -            195 39122at314147        -            166   2.4e-54  180.2  42.7   4   4   1.9e-12   3.7e-11   39.7   6.4    79   145   128   194   127   195 0.90 -
NW_025965207.1_RagTag:11397-10729     -            223 39122at314147        -            166   2.6e-52  173.6  68.4   1   5     5e-16   9.4e-15   51.4   4.7    97   150     1    54     1    54 0.99 -
NW_025965207.1_RagTag:11397-10729     -            223 39122at314147        -            166   2.6e-52  173.6  68.4   2   5   1.1e-12   2.1e-11   40.5  10.2    96   154    28    85    27    85 0.96 -
NW_025965207.1_RagTag:11397-10729     -            223 39122at314147        -            166   2.6e-52  173.6  68.4   3   5     2e-11   3.8e-10   36.4   7.8    90   140    77   127    75   132 0.93 -
NW_025965207.1_RagTag:11397-10729     -            223 39122at314147        -            166   2.6e-52  173.6  68.4   4   5   6.2e-12   1.2e-10   38.1   5.8    96   150   111   165   111   166 0.97 -
NW_025965207.1_RagTag:11397-10729     -            223 39122at314147        -            166   2.6e-52  173.6  68.4   5   5   2.5e-18   4.8e-17   58.9   7.9    82   150   153   221   152   223 0.95 -
NW_025965207.1_RagTag:15963-15268     -            232 39122at314147        -            166   7.5e-52  172.1  47.6   1   4   4.2e-14   7.8e-13   45.2  12.0    76   150     1    74     1    75 0.96 -
NW_025965207.1_RagTag:15963-15268     -            232 39122at314147        -            166   7.5e-52  172.1  47.6   2   4   3.6e-16   6.8e-15   51.9   8.6    88   150    68   130    65   131 0.95 -
NW_025965207.1_RagTag:15963-15268     -            232 39122at314147        -            166   7.5e-52  172.1  47.6   3   4   1.6e-15   3.1e-14   49.7   9.6    82   150   118   186   116   187 0.97 -
NW_025965207.1_RagTag:15963-15268     -            232 39122at314147        -            166   7.5e-52  172.1  47.6   4   4   1.9e-17   3.6e-16   56.0   8.9    76   139   168   231   168   232 0.98 -
NW_025965235.1_RagTag:121831-121217   -            205 39122at314147        -            166   1.4e-51  171.2  62.5   1   5   2.9e-12   5.5e-11   39.1   2.5    96   150     5    59     1    60 0.94 -
NW_025965235.1_RagTag:121831-121217   -            205 39122at314147        -            166   1.4e-51  171.2  62.5   2   5   3.7e-13   6.9e-12   42.1   3.2    83   140    48   105    47   109 0.92 -
NW_025965235.1_RagTag:121831-121217   -            205 39122at314147        -            166   1.4e-51  171.2  62.5   3   5   2.2e-12   4.2e-11   39.5   5.7    89   150    82   143    80   144 0.96 -
NW_025965235.1_RagTag:121831-121217   -            205 39122at314147        -            166   1.4e-51  171.2  62.5   4   5   1.7e-15   3.3e-14   49.6   8.8    79   150   100   171    99   172 0.97 -
NW_025965235.1_RagTag:121831-121217   -            205 39122at314147        -            166   1.4e-51  171.2  62.5   5   5   4.2e-16   7.9e-15   51.6  10.7    87   154   136   203   131   205 0.90 -
NW_025965039.1_RagTag:272612-271716   -            299 39122at314147        -            166     6e-51  169.2  38.9   1   5   3.1e-12   5.8e-11   39.1   2.0    91   148    43   100    35   102 0.85 -
NW_025965039.1_RagTag:272612-271716   -            299 39122at314147        -            166     6e-51  169.2  38.9   2   5   3.7e-16     7e-15   51.8   8.0    76   149    84   157    83   159 0.96 -
NW_025965039.1_RagTag:272612-271716   -            299 39122at314147        -            166     6e-51  169.2  38.9   3   5   1.9e-14   3.5e-13   46.3   6.2    83   150   147   214   146   217 0.92 -
NW_025965039.1_RagTag:272612-271716   -            299 39122at314147        -            166     6e-51  169.2  38.9   4   5   3.3e-05   0.00062   16.2   0.6   116   149   208   241   203   243 0.90 -
NW_025965039.1_RagTag:272612-271716   -            299 39122at314147        -            166     6e-51  169.2  38.9   5   5   1.2e-16   2.2e-15   53.5   6.4    70   149   218   297   216   299 0.97 -
contig_10836_pilon:117-731            -            205 39122at314147        -            166   1.9e-49  164.3  36.4   1   4     5e-15   9.5e-14   48.1   5.4    94   150     3    59     1    60 0.96 -
contig_10836_pilon:117-731            -            205 39122at314147        -            166   1.9e-49  164.3  36.4   2   4   1.1e-16   2.2e-15   53.5   5.7    89   150    54   115    53   116 0.97 -
contig_10836_pilon:117-731            -            205 39122at314147        -            166   1.9e-49  164.3  36.4   3   4     3e-16   5.7e-15   52.1   3.7    96   150   117   171   115   172 0.97 -
contig_10836_pilon:117-731            -            205 39122at314147        -            166   1.9e-49  164.3  36.4   4   4   1.6e-11     3e-10   36.7   2.6    82   128   159   205   159   205 0.95 -
contig_36320_pilon:558-1202           -            215 39122at314147        -            166   5.5e-48  159.5  49.1   1   4   3.1e-18   5.9e-17   58.6   8.7    74   150     6    82     2    84 0.93 -
contig_36320_pilon:558-1202           -            215 39122at314147        -            166   5.5e-48  159.5  49.1   2   4     3e-15   5.7e-14   48.9   8.4    79   150    67   138    67   139 0.95 -
contig_36320_pilon:558-1202           -            215 39122at314147        -            166   5.5e-48  159.5  49.1   3   4   1.3e-15   2.5e-14   50.0   4.6    82   141   126   185   125   189 0.92 -
contig_36320_pilon:558-1202           -            215 39122at314147        -            166   5.5e-48  159.5  49.1   4   4   1.1e-12   2.1e-11   40.5   3.6    96   141   168   213   168   215 0.97 -
contig_33351_pilon:8-595              -            196 39122at314147        -            166   3.9e-47  156.8  26.5   1   3   1.7e-20   3.2e-19   66.0   6.4    73   150     2    79     1    80 0.97 -
contig_33351_pilon:8-595              -            196 39122at314147        -            166   3.9e-47  156.8  26.5   2   3   3.6e-16   6.7e-15   51.9   4.6    89   150    74   135    72   136 0.97 -
contig_33351_pilon:8-595              -            196 39122at314147        -            166   3.9e-47  156.8  26.5   3   3   4.9e-18   9.3e-17   57.9   4.2    84   153   126   194   126   196 0.93 -
NW_025965341.1_RagTag:50520-49825     -            232 39122at314147        -            166   6.7e-47  156.0  44.2   1   4   1.6e-22   2.9e-21   72.6   6.9    72   151    12    91     5    91 0.97 -
NW_025965341.1_RagTag:50520-49825     -            232 39122at314147        -            166   6.7e-47  156.0  44.2   2   4   3.8e-16   7.2e-15   51.8   9.9    75   158    71   154    71   160 0.95 -
NW_025965341.1_RagTag:50520-49825     -            232 39122at314147        -            166   6.7e-47  156.0  44.2   3   4   1.8e-09   3.3e-08   30.1   1.2    89   150   141   202   138   203 0.95 -
NW_025965341.1_RagTag:50520-49825     -            232 39122at314147        -            166   6.7e-47  156.0  44.2   4   4   2.2e-12   4.1e-11   39.6   3.2    95   151   175   231   162   232 0.93 -
NW_025965301.1_RagTag:107837-107190   -            216 39122at314147        -            166   4.5e-46  153.3  36.7   1   4   1.9e-08   3.6e-07   26.7   0.4   102   149    30    78    23    79 0.88 -
NW_025965301.1_RagTag:107837-107190   -            216 39122at314147        -            166   4.5e-46  153.3  36.7   2   4   5.2e-18   9.8e-17   57.8   2.1    83   154    68   139    64   141 0.93 -
NW_025965301.1_RagTag:107837-107190   -            216 39122at314147        -            166   4.5e-46  153.3  36.7   3   4   1.8e-17   3.4e-16   56.1   5.6    74   150    87   163    87   165 0.98 -
NW_025965301.1_RagTag:107837-107190   -            216 39122at314147        -            166   4.5e-46  153.3  36.7   4   4   3.1e-15   5.8e-14   48.8   7.1    72   148   141   216   140   216 0.93 -
NW_025965279.1_RagTag:157181-156552   -            210 39122at314147        -            166   1.4e-45  151.7  37.9   1   4   5.2e-18   9.8e-17   57.9   3.5    91   150     6    65     2    66 0.92 -
NW_025965279.1_RagTag:157181-156552   -            210 39122at314147        -            166   1.4e-45  151.7  37.9   2   4     1e-18   1.9e-17   60.2   5.3    87   148    58   119    53   121 0.92 -
NW_025965279.1_RagTag:157181-156552   -            210 39122at314147        -            166   1.4e-45  151.7  37.9   3   4   1.8e-09   3.4e-08   30.1   5.2    83   140   110   167   109   169 0.94 -
NW_025965279.1_RagTag:157181-156552   -            210 39122at314147        -            166   1.4e-45  151.7  37.9   4   4   1.9e-10   3.6e-09   33.3   4.8    76   126   159   209   158   210 0.96 -
contig_83186_pilon:3012-2101          -            304 39122at314147        -            166   1.8e-45  151.4  36.2   1   4   2.1e-12     4e-11   39.6   6.4    97   150     1    54     1    55 0.97 -
contig_83186_pilon:3012-2101          -            304 39122at314147        -            166   1.8e-45  151.4  36.2   2   4   5.1e-16   9.5e-15   51.4   9.3    76   150    36   110    36   111 0.97 -
contig_83186_pilon:3012-2101          -            304 39122at314147        -            166   1.8e-45  151.4  36.2   3   4   1.9e-14   3.5e-13   46.3   6.3    82   145    98   161    97   168 0.90 -
contig_83186_pilon:3012-2101          -            304 39122at314147        -            166   1.8e-45  151.4  36.2   4   4   3.1e-12   5.9e-11   39.1   0.8    92   146   247   301   217   304 0.90 -
NW_025965250.1_RagTag:151698-54140    -            212 39122at314147        -            166   7.5e-45  149.3  22.0   1   3   1.1e-19     2e-18   63.4   4.0    69   150    13    94     7    95 0.95 -
NW_025965250.1_RagTag:151698-54140    -            212 39122at314147        -            166   7.5e-45  149.3  22.0   2   3   2.4e-17   4.5e-16   55.7   2.0    86   154    86   154    85   156 0.94 -
NW_025965250.1_RagTag:151698-54140    -            212 39122at314147        -            166   7.5e-45  149.3  22.0   3   3   4.2e-14     8e-13   45.1   2.3    72   128   156   212   153   212 0.95 -
NW_025965071.1_RagTag:28250-28834     -            195 39122at314147        -            166   2.6e-44  147.6  73.9   1   5   2.3e-11   4.4e-10   36.2   6.2    94   150     4    60     1    60 0.93 -
NW_025965071.1_RagTag:28250-28834     -            195 39122at314147        -            166   2.6e-44  147.6  73.9   2   5   2.4e-11   4.5e-10   36.2   9.7    88   149    54   115    49   116 0.92 -
NW_025965071.1_RagTag:28250-28834     -            195 39122at314147        -            166   2.6e-44  147.6  73.9   3   5   2.1e-15   3.9e-14   49.4  10.9    76   150    70   144    70   147 0.97 -
NW_025965071.1_RagTag:28250-28834     -            195 39122at314147        -            166   2.6e-44  147.6  73.9   4   5   2.1e-14     4e-13   46.1   7.8    83   149   105   171   104   173 0.94 -
NW_025965071.1_RagTag:28250-28834     -            195 39122at314147        -            166   2.6e-44  147.6  73.9   5   5   1.2e-09   2.2e-08   30.7   7.3    84   142   134   192   133   195 0.93 -
NW_025965436.1_RagTag:1617-781        -            279 39122at314147        -            166   4.8e-44  146.7  64.5   1   5   0.00011     0.002   14.5   5.9   102   139     1    38     1    40 0.94 -
NW_025965436.1_RagTag:1617-781        -            279 39122at314147        -            166   4.8e-44  146.7  64.5   2   5   1.3e-16   2.5e-15   53.3  12.8    72   149    27   104    25   111 0.95 -
NW_025965436.1_RagTag:1617-781        -            279 39122at314147        -            166   4.8e-44  146.7  64.5   3   5   2.5e-15   4.7e-14   49.1  14.4    69   151   111   190   104   195 0.88 -
NW_025965436.1_RagTag:1617-781        -            279 39122at314147        -            166   4.8e-44  146.7  64.5   4   5   9.9e-05    0.0019   14.6   5.4   104   149   171   216   171   217 0.87 -
NW_025965436.1_RagTag:1617-781        -            279 39122at314147        -            166   4.8e-44  146.7  64.5   5   5   5.4e-16     1e-14   51.3  15.0    74   151   197   274   194   279 0.96 -
NW_025965341.1_RagTag:91734-92261     -            176 39122at314147        -            166   1.3e-42  142.0  54.6   1   5   7.7e-10   1.5e-08   31.3   0.7   107   151     2    46     1    46 0.96 -
NW_025965341.1_RagTag:91734-92261     -            176 39122at314147        -            166   1.3e-42  142.0  54.6   2   5   2.1e-15     4e-14   49.3   3.7    84   150    35   101    33   102 0.92 -
NW_025965341.1_RagTag:91734-92261     -            176 39122at314147        -            166   1.3e-42  142.0  54.6   3   5   1.5e-14   2.9e-13   46.6   6.2    89   151    68   130    67   131 0.96 -
NW_025965341.1_RagTag:91734-92261     -            176 39122at314147        -            166   1.3e-42  142.0  54.6   4   5   3.3e-12   6.2e-11   39.0   4.2    89   140    96   147    93   149 0.93 -
NW_025965341.1_RagTag:91734-92261     -            176 39122at314147        -            166   1.3e-42  142.0  54.6   5   5   7.9e-08   1.5e-06   24.7   9.3    87   139   122   174   119   176 0.95 -
NW_025965358.1_RagTag:7314-6859       -            152 39122at314147        -            166   1.8e-42  141.6  26.6   1   3   8.5e-19   1.6e-17   60.4   2.4    74   141     3    70     1    75 0.94 -
NW_025965358.1_RagTag:7314-6859       -            152 39122at314147        -            166   1.8e-42  141.6  26.6   2   3   3.7e-20   6.9e-19   64.9   3.7    83   149    40   106    38   108 0.94 -
NW_025965358.1_RagTag:7314-6859       -            152 39122at314147        -            166   1.8e-42  141.6  26.6   3   3   9.9e-13   1.9e-11   40.7   5.0    89   139   102   152    98   152 0.95 -
NW_025965289.1_RagTag:81543-82196     -            218 39122at314147        -            166   1.4e-41  138.7  20.5   1   3   5.2e-18   9.7e-17   57.9   3.5    72   150    20    98     5    99 0.92 -
NW_025965289.1_RagTag:81543-82196     -            218 39122at314147        -            166   1.4e-41  138.7  20.5   2   3   3.4e-15   6.5e-14   48.7   2.5    88   150    92   154    90   155 0.96 -
NW_025965289.1_RagTag:81543-82196     -            218 39122at314147        -            166   1.4e-41  138.7  20.5   3   3   1.8e-16   3.5e-15   52.8   4.9    76   154   136   214   136   217 0.95 -
NW_025965190.1_RagTag:125753-126253   -            167 39122at314147        -            166   4.5e-41  137.0  30.7   1   4   1.3e-08   2.4e-07   27.3   0.4   118   151     2    35     1    38 0.92 -
NW_025965190.1_RagTag:125753-126253   -            167 39122at314147        -            166   4.5e-41  137.0  30.7   2   4   1.1e-15   2.1e-14   50.3   2.0    96   150    36    90    34    91 0.98 -
NW_025965190.1_RagTag:125753-126253   -            167 39122at314147        -            166   4.5e-41  137.0  30.7   3   4   3.6e-15   6.8e-14   48.6   3.3    88   148    84   144    83   145 0.94 -
NW_025965190.1_RagTag:125753-126253   -            167 39122at314147        -            166   4.5e-41  137.0  30.7   4   4   2.8e-14   5.4e-13   45.7   3.8    88   140   112   164   110   166 0.94 -
contig_53583_pilon:2102-1623          -            160 39122at314147        -            166   8.5e-40  132.9  23.8   1   3   1.6e-18   2.9e-17   59.6   4.8    89   149     5    65     1    67 0.95 -
contig_53583_pilon:2102-1623          -            160 39122at314147        -            166   8.5e-40  132.9  23.8   2   3   3.1e-15   5.8e-14   48.8   6.8    89   150    61   122    58   123 0.96 -
contig_53583_pilon:2102-1623          -            160 39122at314147        -            166   8.5e-40  132.9  23.8   3   3   7.6e-15   1.4e-13   47.6   4.2    76   132   104   160   104   160 0.99 -
NW_025965127.1_RagTag:122624-122115   -            170 39122at314147        -            166   3.5e-39  130.9  28.1   1   3   6.4e-15   1.2e-13   47.8   1.8    96   151     2    57     1    57 0.98 -
NW_025965127.1_RagTag:122624-122115   -            170 39122at314147        -            166   3.5e-39  130.9  28.1   2   3   1.1e-17     2e-16   56.8   9.3    74   150    36   112    36   113 0.98 -
NW_025965127.1_RagTag:122624-122115   -            170 39122at314147        -            166   3.5e-39  130.9  28.1   3   3   9.9e-16   1.9e-14   50.4   2.0    89   150   107   168   104   170 0.96 -
NW_025965250.1_RagTag:8965-9597       -            211 39122at314147        -            166   5.9e-39  130.1  27.5   1   3   8.1e-18   1.5e-16   57.2   6.6    72   140    16    84     8    87 0.95 -
NW_025965250.1_RagTag:8965-9597       -            211 39122at314147        -            166   5.9e-39  130.1  27.5   2   3     1e-15   1.9e-14   50.4   8.3    76   151    76   149    75   150 0.93 -
NW_025965250.1_RagTag:8965-9597       -            211 39122at314147        -            166   5.9e-39  130.1  27.5   3   3   2.9e-12   5.4e-11   39.2   2.2    90   151   146   207   141   211 0.93 -
contig_78026_pilon:1141-2283          -            381 39122at314147        -            166   1.7e-38  128.7  41.6   1   5   3.7e-06   6.9e-05   19.3   3.7    76   153     1    82     1    88 0.91 -
contig_78026_pilon:1141-2283          -            381 39122at314147        -            166   1.7e-38  128.7  41.6   2   5    0.0007     0.013   11.9   0.0   100   127    89   116    85   122 0.90 -
contig_78026_pilon:1141-2283          -            381 39122at314147        -            166   1.7e-38  128.7  41.6   3   5   4.9e-15   9.2e-14   48.2   9.1    71   153   147   229   143   240 0.93 -
contig_78026_pilon:1141-2283          -            381 39122at314147        -            166   1.7e-38  128.7  41.6   4   5   1.2e-16   2.2e-15   53.4   6.3    75   150   274   349   268   352 0.96 -
contig_78026_pilon:1141-2283          -            381 39122at314147        -            166   1.7e-38  128.7  41.6   5   5   3.5e-10   6.6e-09   32.4   1.4    98   153   325   380   325   381 0.96 -
NW_025965299.1_RagTag:2295-1810       -            162 39122at314147        -            166   1.7e-38  128.6  32.9   1   3   4.2e-22   7.9e-21   71.2   3.6    76   149     1    74     1    75 0.98 -
NW_025965299.1_RagTag:2295-1810       -            162 39122at314147        -            166   1.7e-38  128.6  32.9   2   3   9.5e-13   1.8e-11   40.7   4.4    88   139    69   120    66   126 0.92 -
NW_025965299.1_RagTag:2295-1810       -            162 39122at314147        -            166   1.7e-38  128.6  32.9   3   3   5.5e-13     1e-11   41.5   9.1    85   151    94   160    92   162 0.94 -
NW_025965230.1_RagTag:917436-916915   -            174 39122at314147        -            166   5.7e-38  126.9  22.4   1   3   2.1e-14     4e-13   46.1   3.1    91   150     7    66     3    67 0.95 -
NW_025965230.1_RagTag:917436-916915   -            174 39122at314147        -            166   5.7e-38  126.9  22.4   2   3   1.2e-15   2.2e-14   50.2   4.8    89   149    61   121    58   123 0.92 -
NW_025965230.1_RagTag:917436-916915   -            174 39122at314147        -            166   5.7e-38  126.9  22.4   3   3   2.3e-14   4.4e-13   46.0   3.3    84   145   112   173   111   174 0.93 -
contig_43715_pilon:300-1181           -            294 39122at314147        -            166   7.3e-38  126.6  31.5   1   3   2.5e-19   4.7e-18   62.2   8.4    72   141     3    72     1    76 0.96 -
contig_43715_pilon:300-1181           -            294 39122at314147        -            166   7.3e-38  126.6  31.5   2   3   1.5e-15   2.7e-14   49.9   6.1    82   140    41    99    41   107 0.96 -
contig_43715_pilon:300-1181           -            294 39122at314147        -            166   7.3e-38  126.6  31.5   3   3     1e-12   1.9e-11   40.6   1.6    79   139   233   293   215   294 0.92 -
NW_025965341.1_RagTag:41589-41122     -            156 39122at314147        -            166   3.3e-37  124.5  17.0   1   3   9.3e-10   1.7e-08   31.0   0.6   111   151     3    43     1    43 0.95 -
NW_025965341.1_RagTag:41589-41122     -            156 39122at314147        -            166   3.3e-37  124.5  17.0   2   3   6.3e-19   1.2e-17   60.8   3.3    84   151    32    99    31   100 0.95 -
NW_025965341.1_RagTag:41589-41122     -            156 39122at314147        -            166   3.3e-37  124.5  17.0   3   3   1.9e-15   3.6e-14   49.5   3.3    91   150    95   154    93   156 0.95 -
NW_025965215.1_RagTag:23670-22372     -            433 39122at314147        -            166   1.2e-35  119.4  23.5   1   3   3.2e-14     6e-13   45.5   3.2    72   151   242   320   233   320 0.96 -
NW_025965215.1_RagTag:23670-22372     -            433 39122at314147        -            166   1.2e-35  119.4  23.5   2   3   2.2e-16   4.2e-15   52.5   2.4    79   151   304   376   303   376 0.96 -
NW_025965215.1_RagTag:23670-22372     -            433 39122at314147        -            166   1.2e-35  119.4  23.5   3   3   2.1e-13     4e-12   42.8   4.9    90   151   371   432   368   433 0.95 -
contig_28105_pilon:1448-873           -            192 39122at314147        -            166   4.9e-35  117.4  14.4   1   3   4.3e-08     8e-07   25.6   0.4    98   151     1    54     1    57 0.93 -
contig_28105_pilon:1448-873           -            192 39122at314147        -            166   4.9e-35  117.4  14.4   2   3   8.7e-14   1.6e-12   44.1   0.3    80   151    39   110    38   114 0.94 -
contig_28105_pilon:1448-873           -            192 39122at314147        -            166   4.9e-35  117.4  14.4   3   3   1.4e-18   2.6e-17   59.7   3.9    74   149   117   192   112   192 0.97 -
NW_025965182.1_RagTag:1739884-1740459 -            192 39122at314147        -            166   7.6e-35  116.8  32.9   1   3   2.6e-15   4.9e-14   49.1   9.5    79   149     2    72     1    76 0.96 -
NW_025965182.1_RagTag:1739884-1740459 -            192 39122at314147        -            166   7.6e-35  116.8  32.9   2   3   6.9e-13   1.3e-11   41.2   7.8    90   150    69   129    64   130 0.95 -
NW_025965182.1_RagTag:1739884-1740459 -            192 39122at314147        -            166   7.6e-35  116.8  32.9   3   3   7.5e-12   1.4e-10   37.8   5.5    94   152   129   187   126   192 0.92 -
NW_025965279.1_RagTag:111843-48065    -            321 39122at314147        -            166   8.8e-35  116.6  26.7   1   4      0.12       2.3    4.6   0.2    94   147     3    56     1    61 0.81 -
NW_025965279.1_RagTag:111843-48065    -            321 39122at314147        -            166   8.8e-35  116.6  26.7   2   4   1.1e-06   2.2e-05   21.0   0.4   121   155    57    91    44    98 0.83 -
NW_025965279.1_RagTag:111843-48065    -            321 39122at314147        -            166   8.8e-35  116.6  26.7   3   4     1e-18     2e-17   60.1   2.9    86   149   135   198   114   216 0.89 -
NW_025965279.1_RagTag:111843-48065    -            321 39122at314147        -            166   8.8e-35  116.6  26.7   4   4   2.3e-14   4.2e-13   46.0   3.9    72   135   256   319   249   321 0.95 -
NW_025965166.1_RagTag:131393-130962   -            144 39122at314147        -            166   1.6e-34  115.7  32.1   1   3   1.1e-12     2e-11   40.5   3.9    98   151     3    56     1    56 0.96 -
NW_025965166.1_RagTag:131393-130962   -            144 39122at314147        -            166   1.6e-34  115.7  32.1   2   3   2.6e-17   4.9e-16   55.6   5.2    75   151    36   112    36   114 0.97 -
NW_025965166.1_RagTag:131393-130962   -            144 39122at314147        -            166   1.6e-34  115.7  32.1   3   3   9.1e-14   1.7e-12   44.1   7.2    74   150    63   139    63   144 0.96 -
contig_31119_pilon:1895-1227          -            223 39122at314147        -            166   5.3e-34  114.0  24.6   1   3   8.7e-13   1.6e-11   40.9   4.1    75   150    26   102    21   106 0.94 -
contig_31119_pilon:1895-1227          -            223 39122at314147        -            166   5.3e-34  114.0  24.6   2   3   1.3e-12   2.4e-11   40.3   1.7    92   151   100   159    95   159 0.94 -
contig_31119_pilon:1895-1227          -            223 39122at314147        -            166   5.3e-34  114.0  24.6   3   3   2.2e-14   4.1e-13   46.1   4.7    95   152   159   216   158   223 0.91 -
contig_18339_pilon:770-1369           -            200 39122at314147        -            166   7.7e-33  110.3  19.9   1   3   2.4e-15   4.6e-14   49.2   4.9    89   150     4    65     1    66 0.94 -
contig_18339_pilon:770-1369           -            200 39122at314147        -            166   7.7e-33  110.3  19.9   2   3   2.1e-15   3.9e-14   49.4   5.6    88   150    59   121    56   127 0.91 -
contig_18339_pilon:770-1369           -            200 39122at314147        -            166   7.7e-33  110.3  19.9   3   3   8.6e-07   1.6e-05   21.4   0.1   117   141   172   196   156   200 0.87 -
NW_025965279.1_RagTag:80294-79764     -            177 39122at314147        -            166   4.9e-32  107.6  17.6   1   3   1.2e-15   2.3e-14   50.1   2.7    92   149     1    57     1    73 0.89 -
NW_025965279.1_RagTag:80294-79764     -            177 39122at314147        -            166   4.9e-32  107.6  17.6   2   3   1.5e-17   2.8e-16   56.4   3.2    73   142    87   157    79   161 0.85 -
NW_025965279.1_RagTag:80294-79764     -            177 39122at314147        -            166   4.9e-32  107.6  17.6   3   3    0.0017     0.032   10.7   0.1   116   133   159   176   153   177 0.86 -
NW_025965028.1_RagTag:357538-358857   -            372 39122at314147        -            166   4.4e-31  104.5  32.4   1   3   2.3e-05   0.00044   16.7   0.9   100   140   261   301   244   303 0.73 -
NW_025965028.1_RagTag:357538-358857   -            372 39122at314147        -            166   4.4e-31  104.5  32.4   2   3   3.1e-15   5.8e-14   48.8   6.8    73   151   262   340   257   341 0.96 -
NW_025965028.1_RagTag:357538-358857   -            372 39122at314147        -            166   4.4e-31  104.5  32.4   3   3     3e-20   5.6e-19   65.1   9.8    72   154   289   371   286   372 0.97 -
contig_44617_pilon:698-207            -            164 39122at314147        -            166   1.6e-30  102.7  17.2   1   2   1.4e-17   2.7e-16   56.4   6.0    88   150    43   105    31   106 0.96 -
contig_44617_pilon:698-207            -            164 39122at314147        -            166   1.6e-30  102.7  17.2   2   2   1.9e-16   3.6e-15   52.8   4.6    91   145   102   156   100   162 0.90 -
NW_025965271.1_RagTag:643750-644226   -            159 39122at314147        -            166   3.3e-30  101.7  13.9   1   2     9e-18   1.7e-16   57.1   6.4    72   150    19    97    14    98 0.96 -
NW_025965271.1_RagTag:643750-644226   -            159 39122at314147        -            166   3.3e-30  101.7  13.9   2   2   1.5e-17   2.9e-16   56.3   2.1    82   142    85   145    85   154 0.93 -
NW_025965215.1_RagTag:353527-352538   -            180 39122at314147        -            166   2.3e-29   98.9  33.2   1   3   7.9e-08   1.5e-06   24.7   8.7    79   150     1    72     1    73 0.96 -
NW_025965215.1_RagTag:353527-352538   -            180 39122at314147        -            166   2.3e-29   98.9  33.2   2   3   1.2e-16   2.3e-15   53.4   7.3    84   150    62   128    60   129 0.93 -
NW_025965215.1_RagTag:353527-352538   -            180 39122at314147        -            166   2.3e-29   98.9  33.2   3   3   5.7e-11   1.1e-09   35.0   5.5    89   149   123   176   119   179 0.89 -
NW_025965039.1_RagTag:271870-271352   -            173 39122at314147        -            166   2.8e-27   92.2  12.1   1   2   7.8e-19   1.5e-17   60.5   6.5    72   148    57   133    48   134 0.94 -
NW_025965039.1_RagTag:271870-271352   -            173 39122at314147        -            166   2.8e-27   92.2  12.1   2   2   6.7e-13   1.3e-11   41.2   2.4    76   132   117   173   117   173 0.99 -
NW_025965277.1_RagTag:46400-46999     -            200 39122at314147        -            166   5.9e-27   91.1  26.1   1   3   1.1e-11   2.2e-10   37.2  11.3    75   150    12    85     5    86 0.92 -
NW_025965277.1_RagTag:46400-46999     -            200 39122at314147        -            166   5.9e-27   91.1  26.1   2   3   1.6e-11     3e-10   36.8   3.1    90   142    81   133    80   141 0.91 -
NW_025965277.1_RagTag:46400-46999     -            200 39122at314147        -            166   5.9e-27   91.1  26.1   3   3   8.9e-09   1.7e-07   27.8   0.2   115   151   162   198   152   200 0.93 -
NW_025965341.1_RagTag:115056-115571   -            172 39122at314147        -            166   6.4e-26   87.7  21.6   1   3   3.1e-13   5.9e-12   42.3   3.4    95   150     2    57     1    64 0.96 -
NW_025965341.1_RagTag:115056-115571   -            172 39122at314147        -            166   6.4e-26   87.7  21.6   2   3   3.5e-05   0.00066   16.1   8.7    79   151    42   114    41   114 0.96 -
NW_025965341.1_RagTag:115056-115571   -            172 39122at314147        -            166   6.4e-26   87.7  21.6   3   3   3.5e-16   6.6e-15   51.9   4.5    74   150    93   169    90   171 0.96 -
NW_025965344.1_RagTag:2075-1647       -            143 39122at314147        -            166   2.9e-25   85.6  16.9   1   2   4.2e-18     8e-17   58.1   5.2    71   150    19    98     4    99 0.92 -
NW_025965344.1_RagTag:2075-1647       -            143 39122at314147        -            166   2.9e-25   85.6  16.9   2   2   2.9e-11   5.5e-10   35.9   4.5    88   139    92   143    86   143 0.91 -
NW_025965442.1_RagTag:53274-52825     -            150 39122at314147        -            166   5.9e-25   84.6  23.6   1   3   4.5e-07   8.5e-06   22.3   1.3   114   151     7    44     2    44 0.89 -
NW_025965442.1_RagTag:53274-52825     -            150 39122at314147        -            166   5.9e-25   84.6  23.6   2   3   3.5e-12   6.7e-11   38.9   6.6    92   150    41    99    41   101 0.94 -
NW_025965442.1_RagTag:53274-52825     -            150 39122at314147        -            166   5.9e-25   84.6  23.6   3   3     2e-11   3.8e-10   36.4   4.2    89   142    94   147    92   150 0.92 -
NW_025965233.1_RagTag:201413-205146   -            387 39122at314147        -            166   4.2e-24   81.8  18.5   1   3   4.3e-11   8.1e-10   35.4   3.7   100   150   211   261   204   263 0.95 -
NW_025965233.1_RagTag:201413-205146   -            387 39122at314147        -            166   4.2e-24   81.8  18.5   2   3   0.00026    0.0049   13.3   3.0    87   132   254   299   253   305 0.90 -
NW_025965233.1_RagTag:201413-205146   -            387 39122at314147        -            166   4.2e-24   81.8  18.5   3   3   1.2e-14   2.3e-13   46.9   1.3    70   129   317   376   308   386 0.94 -
contig_81532_pilon:2154-1714          -            147 39122at314147        -            166   3.1e-20   69.2  28.9   1   2   1.4e-08   2.6e-07   27.2  10.4    72   150     6    86     2    87 0.90 -
contig_81532_pilon:2154-1714          -            147 39122at314147        -            166   3.1e-20   69.2  28.9   2   2     6e-17   1.1e-15   54.4  10.6    70   151    62   143    61   147 0.94 -
NW_025965071.1_RagTag:28831-29067     -             79 39122at314147        -            166   6.9e-20   68.1   9.7   1   2   5.9e-19   1.1e-17   60.9   8.0    92   149     4    61     2    63 0.95 -
NW_025965071.1_RagTag:28831-29067     -             79 39122at314147        -            166   6.9e-20   68.1   9.7   2   2   0.00054      0.01   12.3   0.0   117   137    57    77    54    79 0.89 -
NW_025965271.1_RagTag:644682-645221   -            180 39122at314147        -            166   7.5e-20   68.0  13.8   1   3   1.4e-06   2.6e-05   20.7   1.0   116   141     3    28     1    42 0.86 -
NW_025965271.1_RagTag:644682-645221   -            180 39122at314147        -            166   7.5e-20   68.0  13.8   2   3       7.2   1.4e+02   -1.2   0.0    84    95    58    69    35   108 0.80 -
NW_025965271.1_RagTag:644682-645221   -            180 39122at314147        -            166   7.5e-20   68.0  13.8   3   3   1.1e-16   2.1e-15   53.5   3.7    91   151   116   176   109   179 0.94 -
contig_52188_pilon:2135-1716          -            140 39122at314147        -            166   4.5e-19   65.5  10.8   1   2   1.2e-05   0.00023   17.6   3.0    77   150     4    77     1    78 0.91 -
contig_52188_pilon:2135-1716          -            140 39122at314147        -            166   4.5e-19   65.5  10.8   2   2   1.4e-16   2.6e-15   53.2   2.7    90   154    73   137    66   140 0.93 -
NW_025965297.1_RagTag:263440-264639   -            299 39122at314147        -            166   2.7e-14   49.9  18.7   1   2   3.3e-14   6.2e-13   45.5   7.0    74   150    72   148    66   158 0.86 -
NW_025965297.1_RagTag:263440-264639   -            299 39122at314147        -            166   2.7e-14   49.9  18.7   2   2    0.0025     0.048   10.1   3.8    75   120   247   292   242   297 0.92 -
NW_025965374.1_RagTag:84617-82386     -            744 39122at314147        -            166   2.1e-11   40.5  64.6   1   8   1.3e-08   2.4e-07   27.3   4.9    72   130     2    60     1    69 0.91 -
NW_025965374.1_RagTag:84617-82386     -            744 39122at314147        -            166   2.1e-11   40.5  64.6   2   8    0.0019     0.037   10.4   4.3    72   148    71   151    64   164 0.75 -
NW_025965374.1_RagTag:84617-82386     -            744 39122at314147        -            166   2.1e-11   40.5  64.6   3   8      0.31       5.8    3.3   0.4   102   142   219   260   213   274 0.78 -
NW_025965374.1_RagTag:84617-82386     -            744 39122at314147        -            166   2.1e-11   40.5  64.6   4   8      0.14       2.6    4.4   0.5    72   121   288   346   268   359 0.71 -
NW_025965374.1_RagTag:84617-82386     -            744 39122at314147        -            166   2.1e-11   40.5  64.6   5   8      0.16         3    4.2   0.7   102   149   442   491   435   500 0.81 -
NW_025965374.1_RagTag:84617-82386     -            744 39122at314147        -            166   2.1e-11   40.5  64.6   6   8   2.6e-05    0.0005   16.5   6.7    72   148   500   578   492   585 0.86 -
NW_025965374.1_RagTag:84617-82386     -            744 39122at314147        -            166   2.1e-11   40.5  64.6   7   8      0.44       8.3    2.8   6.5    72   122   589   637   577   645 0.67 -
NW_025965374.1_RagTag:84617-82386     -            744 39122at314147        -            166   2.1e-11   40.5  64.6   8   8       4.8        91   -0.6   0.0    98   121   692   715   684   730 0.70 -
NW_025965468.1_RagTag:9888-9637       -             84 39122at314147        -            166     4e-11   39.6   2.9   1   1   2.1e-12     4e-11   39.6   2.9    86   146     8    68     1    76 0.88 -
NW_025965281.1_RagTag:529223-527331   -            631 39122at314147        -            166   4.3e-11   39.5  11.9   1   3   8.4e-05    0.0016   14.9   1.0   102   153   342   394   335   400 0.79 -
NW_025965281.1_RagTag:529223-527331   -            631 39122at314147        -            166   4.3e-11   39.5  11.9   2   3   7.7e-07   1.4e-05   21.5   0.3    90   148   448   506   411   508 0.76 -
NW_025965281.1_RagTag:529223-527331   -            631 39122at314147        -            166   4.3e-11   39.5  11.9   3   3    0.0012     0.023   11.1   0.7    90   123   504   537   499   549 0.80 -
NW_025965200.1_RagTag:17859-18600     -            178 39122at314147        -            166   2.1e-09   34.0   1.2   1   1   1.8e-10   3.5e-09   33.3   1.1    67   111   127   173   113   178 0.85 -
NW_025965054.1_RagTag:37673-36246     -            327 39122at314147        -            166   7.1e-09   32.3   2.5   1   5      0.89        17    1.8   0.3   126   157    35    66    30    74 0.83 -
NW_025965054.1_RagTag:37673-36246     -            327 39122at314147        -            166   7.1e-09   32.3   2.5   2   5   3.8e-10   7.1e-09   32.3   2.5    70   142    78   150    68   180 0.79 -
NW_025965054.1_RagTag:37673-36246     -            327 39122at314147        -            166   7.1e-09   32.3   2.5   3   5     0.001      0.02   11.3   2.7    92   137   190   235   163   243 0.83 -
NW_025965054.1_RagTag:37673-36246     -            327 39122at314147        -            166   7.1e-09   32.3   2.5   4   5       1.7        31    0.9   3.7   102   132   256   286   247   320 0.78 -
NW_025965054.1_RagTag:37673-36246     -            327 39122at314147        -            166   7.1e-09   32.3   2.5   5   5       8.7   1.6e+02   -1.4   0.1    40    53   313   326   303   327 0.85 -
NW_025965324.1_RagTag:667565-665169   -            506 39122at314147        -            166   1.3e-08   31.4   4.4   1   2   2.3e-09   4.3e-08   29.7   1.9   104   145     1    42     1    59 0.62 -
NW_025965324.1_RagTag:667565-665169   -            506 39122at314147        -            166   1.3e-08   31.4   4.4   2   2       1.1        20    1.5   0.0   123   150   291   318   278   327 0.67 -
NW_025965341.1_RagTag:108306-108962   -            219 39122at314147        -            166   3.1e-06   23.7  13.7   1   2   9.9e-05    0.0019   14.7   4.1    72   151    24   105     8   117 0.86 -
NW_025965341.1_RagTag:108306-108962   -            219 39122at314147        -            166   3.1e-06   23.7  13.7   2   2   0.00027    0.0051   13.2   1.9    96   145   161   212   151   218 0.80 -
NW_025965182.1_RagTag:1739377-1739874 -            166 39122at314147        -            166   0.00017   18.0   6.1   1   2       1.9        35    0.8   0.0    92   105    36    49    20    67 0.71 -
NW_025965182.1_RagTag:1739377-1739874 -            166 39122at314147        -            166   0.00017   18.0   6.1   2   2     5e-05   0.00094   15.6   5.6    65   154    70   162    57   166 0.76 -
NW_025965259.1_RagTag:163961-162513   -            483 39122at314147        -            166     0.024   11.0  15.5   1   1   0.00041    0.0077   12.6  10.9    74   139   415   480   407   483 0.64 -
NW_025965375.1_RagTag:140298-139846   -            151 39122at314147        -            166     0.027   10.9  11.2   1   3     0.017      0.31    7.4   0.8   121   150    38    67    12    71 0.77 -
NW_025965375.1_RagTag:140298-139846   -            151 39122at314147        -            166     0.027   10.9  11.2   2   3    0.0003    0.0057   13.1   4.2    71   133    44   106    31   113 0.65 -
NW_025965375.1_RagTag:140298-139846   -            151 39122at314147        -            166     0.027   10.9  11.2   3   3     0.042       0.8    6.1   4.0    73   143    74   142    70   150 0.77 -
#
# Program:         hmmsearch
# Version:         3.1b2 (February 2015)
# Pipeline mode:   SEARCH
# Query file:      /home/bgerda/guppy_SUP/busco_downloads/lineages/glires_odb10/hmms/39122at314147.hmm
# Target file:     /home/bgerda/guppy_SUP/busco_results/run_glires_odb10/metaeuk_output/initial_results/ragtag.scaffold.fasta.modified.fas
# Option settings: hmmsearch --domtblout /home/bgerda/guppy_SUP/busco_results/run_glires_odb10/hmmer_output/initial_run_results/39122at314147.out --cpu 1 /home/bgerda/guppy_SUP/busco_downloads/lineages/glires_odb10/hmms/39122at314147.hmm /home/bgerda/guppy_SUP/busco_results/run_glires_odb10/metaeuk_output/initial_results/ragtag.scaffold.fasta.modified.fas 
# Current dir:     /home/bgerda/guppy_SUP
# Date:            Sun May 21 15:02:34 2023
# [ok]
