#                                                                                             --- full sequence --- -------------- this domain -------------   hmm coord   ali coord   env coord
# target name                         accession   tlen query name           accession   qlen   E-value  score  bias   #  of  c-Evalue  i-Evalue  score  bias  from    to  from    to  from    to  acc description of target
#                 ------------------- ---------- ----- -------------------- ---------- ----- --------- ------ ----- --- --- --------- --------- ------ ----- ----- ----- ----- ----- ----- ----- ---- ---------------------
NW_025965316.1_RagTag:4884-38332      -            577 5414at314147         -            815  4.1e-128  425.0   9.2   1   3    0.0044      0.89    3.8   0.0   266   298     7    39     3    44 0.77 -
NW_025965316.1_RagTag:4884-38332      -            577 5414at314147         -            815  4.1e-128  425.0   9.2   2   3  1.2e-128  2.4e-126  419.1   8.2    98   572    41   526    38   538 0.94 -
NW_025965316.1_RagTag:4884-38332      -            577 5414at314147         -            815  4.1e-128  425.0   9.2   3   3     0.056        11    0.1   0.0   614   646   545   577   536   577 0.90 -
NW_025965321.1_RagTag:3127613-3129709 -            699 5414at314147         -            815    2e-119  396.2  34.0   1   6     5e-13     1e-10   36.7   0.0    98   201     2   114     1   116 0.80 -
NW_025965321.1_RagTag:3127613-3129709 -            699 5414at314147         -            815    2e-119  396.2  34.0   2   6   6.6e-30   1.3e-27   92.5   0.5   267   469    79   273    74   274 0.90 -
NW_025965321.1_RagTag:3127613-3129709 -            699 5414at314147         -            815    2e-119  396.2  34.0   3   6   7.9e-20   1.6e-17   59.2   0.0   269   409   188   324   187   327 0.91 -
NW_025965321.1_RagTag:3127613-3129709 -            699 5414at314147         -            815    2e-119  396.2  34.0   4   6   2.3e-33   4.6e-31  104.0   3.3    99   351   221   478   217   478 0.92 -
NW_025965321.1_RagTag:3127613-3129709 -            699 5414at314147         -            815    2e-119  396.2  34.0   5   6   3.5e-33   7.1e-31  103.3   7.0    96   355   323   585   321   589 0.84 -
NW_025965321.1_RagTag:3127613-3129709 -            699 5414at314147         -            815    2e-119  396.2  34.0   6   6   5.1e-19     1e-16   56.5   0.1   271   358   607   694   597   698 0.95 -
NW_025965316.1_RagTag:27121-42773     -            579 5414at314147         -            815  1.4e-111  370.3   0.3   1   3      0.26        52   -2.1   0.0   266   294    30    58    28    63 0.86 -
NW_025965316.1_RagTag:27121-42773     -            579 5414at314147         -            815  1.4e-111  370.3   0.3   2   3   1.5e-32     3e-30  101.3   0.3    98   254    64   226    59   228 0.86 -
NW_025965316.1_RagTag:27121-42773     -            579 5414at314147         -            815  1.4e-111  370.3   0.3   3   3   1.8e-82   3.7e-80  266.4   0.0   280   571   229   528   227   549 0.94 -
NW_025965316.1_RagTag:27851-44771     -            407 5414at314147         -            815  1.3e-107  357.2   0.2   1   2   5.8e-73   1.2e-70  234.9   0.0   272   524     1   260     1   271 0.94 -
NW_025965316.1_RagTag:27851-44771     -            407 5414at314147         -            815  1.3e-107  357.2   0.2   2   2     3e-38     6e-36  120.1   0.0   398   518   279   407   273   407 0.95 -
contig_4173_pilon:2500-919            -            464 5414at314147         -            815     2e-92  306.9   7.3   1   1   1.7e-94   3.4e-92  306.2   7.3    46   455    50   459    28   462 0.89 -
NW_025965314.1_RagTag:1537288-1539264 -            659 5414at314147         -            815   4.2e-55  183.5  17.6   1   3   1.2e-25   2.4e-23   78.5   0.1   218   353    16   152     2   156 0.94 -
NW_025965314.1_RagTag:1537288-1539264 -            659 5414at314147         -            815   4.2e-55  183.5  17.6   2   3   3.7e-36   7.4e-34  113.2   6.3   269   492   172   385   164   491 0.82 -
NW_025965314.1_RagTag:1537288-1539264 -            659 5414at314147         -            815   4.2e-55  183.5  17.6   3   3         1     2e+02   -4.0   1.4   788   797   515   523   472   528 0.61 -
NW_025965322.1_RagTag:3590490-3589273 -            406 5414at314147         -            815     1e-29   99.5   7.0   1   4      0.13        25   -1.0   0.0   367   503    79   104    72   113 0.54 -
NW_025965322.1_RagTag:3590490-3589273 -            406 5414at314147         -            815     1e-29   99.5   7.0   2   4   9.5e-08   1.9e-05   19.2   0.1    97   147   118   168   104   188 0.88 -
NW_025965322.1_RagTag:3590490-3589273 -            406 5414at314147         -            815     1e-29   99.5   7.0   3   4   6.4e-08   1.3e-05   19.8   0.0   258   317   192   251   179   253 0.87 -
NW_025965322.1_RagTag:3590490-3589273 -            406 5414at314147         -            815     1e-29   99.5   7.0   4   4     2e-25   3.9e-23   77.7   1.3    97   241   233   387   228   397 0.83 -
#
# Program:         hmmsearch
# Version:         3.1b2 (February 2015)
# Pipeline mode:   SEARCH
# Query file:      /home/bgerda/guppy_SUP/busco_downloads/lineages/glires_odb10/hmms/5414at314147.hmm
# Target file:     /home/bgerda/guppy_SUP/busco_results/run_glires_odb10/metaeuk_output/initial_results/ragtag.scaffold.fasta.modified.fas
# Option settings: hmmsearch --domtblout /home/bgerda/guppy_SUP/busco_results/run_glires_odb10/hmmer_output/initial_run_results/5414at314147.out --cpu 1 /home/bgerda/guppy_SUP/busco_downloads/lineages/glires_odb10/hmms/5414at314147.hmm /home/bgerda/guppy_SUP/busco_results/run_glires_odb10/metaeuk_output/initial_results/ragtag.scaffold.fasta.modified.fas 
# Current dir:     /home/bgerda/guppy_SUP
# Date:            Sun May 21 15:02:38 2023
# [ok]
