#                                                                                             --- full sequence --- -------------- this domain -------------   hmm coord   ali coord   env coord
# target name                         accession   tlen query name           accession   qlen   E-value  score  bias   #  of  c-Evalue  i-Evalue  score  bias  from    to  from    to  from    to  acc description of target
#                 ------------------- ---------- ----- -------------------- ---------- ----- --------- ------ ----- --- --- --------- --------- ------ ----- ----- ----- ----- ----- ----- ----- ---- ---------------------
NW_025965324.1_RagTag:3261743-3254525 -            264 687at314147          -           1982   2.1e-42  141.1   2.1   1   2   9.4e-18   2.7e-15   51.2   0.2  1401  1476     1    75     1    75 0.95 -
NW_025965324.1_RagTag:3261743-3254525 -            264 687at314147          -           1982   2.1e-42  141.1   2.1   2   2   2.4e-24   6.9e-22   73.0   0.1  1347  1469   136   257   134   264 0.94 -
NW_025965324.1_RagTag:3257588-3256989 -            200 687at314147          -           1982   6.1e-29   96.4   0.1   1   1   3.1e-31   8.7e-29   95.9   0.1  1315  1485    10   177     2   181 0.90 -
NW_025965166.1_RagTag:67012-68744     -            208 687at314147          -           1982   1.7e-18   61.8   0.0   1   1   7.7e-21   2.2e-18   61.4   0.0  1301  1468    26   186    15   197 0.90 -
NW_025965324.1_RagTag:3286112-3285156 -            319 687at314147          -           1982   5.6e-15   50.1   0.0   1   2   4.1e-09   1.2e-06   22.6   0.0  1906  1970     6    70     3    78 0.94 -
NW_025965324.1_RagTag:3286112-3285156 -            319 687at314147          -           1982   5.6e-15   50.1   0.0   2   2   5.6e-10   1.6e-07   25.4   0.0  1892  1980   229   319   206   319 0.86 -
NW_025965548.1_RagTag:8826-1842       -            515 687at314147          -           1982   1.1e-09   32.5   0.0   1   2   1.2e-10   3.4e-08   27.6   0.0  1903  1980    17    98    12   100 0.84 -
NW_025965548.1_RagTag:8826-1842       -            515 687at314147          -           1982   1.1e-09   32.5   0.0   2   2    0.0038       1.1    2.8   0.0    83   121   169   208   117   211 0.80 -
#
# Program:         hmmsearch
# Version:         3.1b2 (February 2015)
# Pipeline mode:   SEARCH
# Query file:      /home/bgerda/guppy_SUP/busco_downloads/lineages/glires_odb10/hmms/687at314147.hmm
# Target file:     /home/bgerda/guppy_SUP/busco_results/run_glires_odb10/metaeuk_output/initial_results/ragtag.scaffold.fasta.modified.fas
# Option settings: hmmsearch --domtblout /home/bgerda/guppy_SUP/busco_results/run_glires_odb10/hmmer_output/initial_run_results/687at314147.out --cpu 1 /home/bgerda/guppy_SUP/busco_downloads/lineages/glires_odb10/hmms/687at314147.hmm /home/bgerda/guppy_SUP/busco_results/run_glires_odb10/metaeuk_output/initial_results/ragtag.scaffold.fasta.modified.fas 
# Current dir:     /home/bgerda/guppy_SUP
# Date:            Sun May 21 15:02:39 2023
# [ok]
