#                                                                                             --- full sequence --- -------------- this domain -------------   hmm coord   ali coord   env coord
# target name                         accession   tlen query name           accession   qlen   E-value  score  bias   #  of  c-Evalue  i-Evalue  score  bias  from    to  from    to  from    to  acc description of target
#                 ------------------- ---------- ----- -------------------- ---------- ----- --------- ------ ----- --- --- --------- --------- ------ ----- ----- ----- ----- ----- ----- ----- ---- ---------------------
contig_66008_pilon:1767-2642          -            292 751at314147          -           1809   7.6e-27   89.4   0.4   1   1   5.8e-28   4.1e-26   87.0   0.4   382   601    23   226    12   232 0.85 -
NW_025965499.1_RagTag:3945-3043       -            301 751at314147          -           1809   3.6e-26   87.2   0.3   1   1   9.8e-28   6.9e-26   86.3   0.3   344   563     1   201     1   212 0.92 -
contig_37224_pilon:1702-2604          -            301 751at314147          -           1809   1.9e-24   81.5   1.6   1   1   7.4e-26   5.2e-24   80.0   1.6   393   566    54   212     8   226 0.88 -
NW_025965099.1_RagTag:15127-16038     -            304 751at314147          -           1809   7.5e-24   79.5   0.8   1   1   1.9e-25   1.4e-23   78.7   0.8   343   568    27   233    22   245 0.94 -
NW_025965233.1_RagTag:125981-124584   -            466 751at314147          -           1809   1.1e-20   69.0   0.1   1   1   1.5e-21   1.1e-19   65.7   0.1   393   603    52   244    47   252 0.90 -
contig_31429_pilon:267-1247           -            327 751at314147          -           1809   1.2e-20   68.9   1.8   1   1   1.6e-21   1.1e-19   65.7   1.8   354   562    22   211    10   223 0.82 -
NW_025965279.1_RagTag:90332-90961     -            210 751at314147          -           1809   2.7e-18   61.1   0.3   1   1   5.3e-19   3.8e-17   57.3   0.3   440   581    21   145     1   154 0.83 -
contig_34501_pilon:2309-1602          -            236 751at314147          -           1809     2e-17   58.2   0.2   1   1   4.3e-19     3e-17   57.6   0.2   420   569     2   136     1   146 0.92 -
NW_025965321.1_RagTag:4470492-4469881 -            204 751at314147          -           1809   8.1e-16   52.9   0.0   1   1   7.5e-17   5.3e-15   50.2   0.0   344   551     3   197     1   204 0.82 -
contig_83342_pilon:1438-911           -            176 751at314147          -           1809   3.4e-11   37.6   0.1   1   1   6.7e-13   4.8e-11   37.1   0.1   443   570     4   116     1   130 0.90 -
contig_34309_pilon:451-104            -            116 751at314147          -           1809   3.7e-11   37.4   0.1   1   1   8.6e-13     6e-11   36.7   0.1   426   554     2   115     1   116 0.91 -
NW_025965256.1_RagTag:50814-50329     -            106 751at314147          -           1809   1.9e-09   31.8   0.0   1   1   2.7e-11   1.9e-09   31.8   0.0   436   492    34    90     1    99 0.80 -
contig_18707_pilon:1357-1884          -            176 751at314147          -           1809   1.8e-08   28.5   0.4   1   1   8.6e-10   6.1e-08   26.8   0.4   443   569     4   115     1   126 0.90 -
NW_025965548.1_RagTag:8826-1842       -            515 751at314147          -           1809   2.8e-08   27.9   0.1   1   1   7.4e-10   5.2e-08   27.0   0.1   455   568   360   461   349   466 0.86 -
NW_025965218.1_RagTag:1686086-1683921 -            316 751at314147          -           1809   1.2e-07   25.8   0.0   1   1   2.1e-09   1.5e-07   25.5   0.0   517   605   109   195    77   205 0.82 -
NW_025965072.1_RagTag:101265-98982    -            329 751at314147          -           1809   2.6e-06   21.4   0.0   1   1   5.8e-08   4.1e-06   20.7   0.0   519   563   196   245   190   316 0.74 -
NW_025965313.1_RagTag:91092-92403     -            211 751at314147          -           1809   7.2e-06   19.9   0.0   1   1   1.1e-07   8.1e-06   19.7   0.0   410   492    97   181    67   204 0.82 -
NW_025965308.1_RagTag:849511-851124   -            264 751at314147          -           1809   4.1e-05   17.4   0.0   1   1   7.3e-07   5.1e-05   17.1   0.0   958   995   108   145    96   221 0.82 -
NW_025965287.1_RagTag:80326-81575     -            357 751at314147          -           1809   0.00028   14.7   0.2   1   1   1.2e-05   0.00081   13.1   0.2   456   492    51    87    41   151 0.80 -
NW_025965401.1_RagTag:66150-68190     -            216 751at314147          -           1809   0.00091   12.9   0.0   1   1   1.5e-05    0.0011   12.7   0.0   446   559    21   128     1   140 0.76 -
#
# Program:         hmmsearch
# Version:         3.1b2 (February 2015)
# Pipeline mode:   SEARCH
# Query file:      /home/bgerda/guppy_SUP/busco_downloads/lineages/glires_odb10/hmms/751at314147.hmm
# Target file:     /home/bgerda/guppy_SUP/busco_results/run_glires_odb10/metaeuk_output/initial_results/ragtag.scaffold.fasta.modified.fas
# Option settings: hmmsearch --domtblout /home/bgerda/guppy_SUP/busco_results/run_glires_odb10/hmmer_output/initial_run_results/751at314147.out --cpu 1 /home/bgerda/guppy_SUP/busco_downloads/lineages/glires_odb10/hmms/751at314147.hmm /home/bgerda/guppy_SUP/busco_results/run_glires_odb10/metaeuk_output/initial_results/ragtag.scaffold.fasta.modified.fas 
# Current dir:     /home/bgerda/guppy_SUP
# Date:            Sun May 21 15:02:43 2023
# [ok]
