#                                                                                             --- full sequence --- -------------- this domain -------------   hmm coord   ali coord   env coord
# target name                         accession   tlen query name           accession   qlen   E-value  score  bias   #  of  c-Evalue  i-Evalue  score  bias  from    to  from    to  from    to  acc description of target
#                 ------------------- ---------- ----- -------------------- ---------- ----- --------- ------ ----- --- --- --------- --------- ------ ----- ----- ----- ----- ----- ----- ----- ---- ---------------------
contig_18340_pilon:996-2162           -            389 7638at314147         -            785   5.8e-98  325.2 104.5   1   5   1.4e-19   2.7e-18   61.8   9.5   246   323     1    78     1    78 0.98 -
contig_18340_pilon:996-2162           -            389 7638at314147         -            785   5.8e-98  325.2 104.5   2   5   2.5e-22   4.7e-21   70.9  16.4   227   322    66   161    65   162 0.95 -
contig_18340_pilon:996-2162           -            389 7638at314147         -            785   5.8e-98  325.2 104.5   3   5   1.1e-25     2e-24   82.0  16.6   220   323   143   246   143   246 0.99 -
contig_18340_pilon:996-2162           -            389 7638at314147         -            785   5.8e-98  325.2 104.5   4   5   3.9e-24   7.4e-23   76.9  12.4   240   323   219   302   218   302 0.99 -
contig_18340_pilon:996-2162           -            389 7638at314147         -            785   5.8e-98  325.2 104.5   5   5   1.1e-27     2e-26   88.6  17.6   220   323   283   386   283   389 0.98 -
contig_36320_pilon:1246-2160          -            305 7638at314147         -            785   1.2e-86  287.8  82.1   1   4   3.6e-26   6.8e-25   83.6  15.6   220   323     3   106     1   106 0.98 -
contig_36320_pilon:1246-2160          -            305 7638at314147         -            785   1.2e-86  287.8  82.1   2   4   1.3e-24   2.5e-23   78.4  11.4   233   323    72   162    70   162 0.98 -
contig_36320_pilon:1246-2160          -            305 7638at314147         -            785   1.2e-86  287.8  82.1   3   4   1.5e-24   2.8e-23   78.2  11.5   220   312   143   235   143   236 0.98 -
contig_36320_pilon:1246-2160          -            305 7638at314147         -            785   1.2e-86  287.8  82.1   4   4     2e-27   3.7e-26   87.8  19.6   216   323   195   302   194   305 0.98 -
NW_025965432.1_RagTag:532065-533174   -            370 7638at314147         -            785   1.1e-82  274.7 106.6   1   5   9.5e-19   1.8e-17   59.0  22.3   215   323     7   115     3   119 0.95 -
NW_025965432.1_RagTag:532065-533174   -            370 7638at314147         -            785   1.1e-82  274.7 106.6   2   5   6.2e-21   1.2e-19   66.3  18.7   216   322    36   142    33   143 0.98 -
NW_025965432.1_RagTag:532065-533174   -            370 7638at314147         -            785   1.1e-82  274.7 106.6   3   5   7.2e-24   1.4e-22   76.0  10.4   214   314   118   218   115   221 0.97 -
NW_025965432.1_RagTag:532065-533174   -            370 7638at314147         -            785   1.1e-82  274.7 106.6   4   5     5e-26   9.5e-25   83.1  16.7   215   322   203   310   200   311 0.98 -
NW_025965432.1_RagTag:532065-533174   -            370 7638at314147         -            785   1.1e-82  274.7 106.6   5   5   1.7e-14   3.2e-13   45.0   6.5   234   298   306   370   303   370 0.96 -
contig_10836_pilon:117-731            -            205 7638at314147         -            785     7e-74  245.6  76.8   1   4   5.7e-19   1.1e-17   59.8  13.3   238   322     3    87     1    87 0.94 -
contig_10836_pilon:117-731            -            205 7638at314147         -            785     7e-74  245.6  76.8   2   4   2.6e-23   4.9e-22   74.1  14.6   232   324    25   117    21   120 0.96 -
contig_10836_pilon:117-731            -            205 7638at314147         -            785     7e-74  245.6  76.8   3   4   1.8e-25   3.4e-24   81.3  11.8   231   323    78   172    75   172 0.95 -
contig_10836_pilon:117-731            -            205 7638at314147         -            785     7e-74  245.6  76.8   4   4   9.9e-22   1.9e-20   68.9  13.2   215   300   120   205   118   205 0.85 -
contig_59446_pilon:2-793              -            208 7638at314147         -            785   1.9e-73  244.1  77.1   1   4     2e-15   3.9e-14   48.0   9.3   261   323     4    66     1    66 0.97 -
contig_59446_pilon:2-793              -            208 7638at314147         -            785   1.9e-73  244.1  77.1   2   4   2.2e-25   4.2e-24   81.0  17.0   220   323    19   122    19   122 0.98 -
contig_59446_pilon:2-793              -            208 7638at314147         -            785   1.9e-73  244.1  77.1   3   4   1.1e-23   2.1e-22   75.3  12.5   233   323    60   150    59   151 0.97 -
contig_59446_pilon:2-793              -            208 7638at314147         -            785   1.9e-73  244.1  77.1   4   4   1.4e-24   2.6e-23   78.3  14.3   220   323   103   206   103   208 0.98 -
NW_025965375.1_RagTag:158129-157515   -            205 7638at314147         -            785   3.3e-68  226.9  37.0   1   3   1.4e-22   2.6e-21   71.8   6.0   239   313     4    78     1    80 0.96 -
NW_025965375.1_RagTag:158129-157515   -            205 7638at314147         -            785   3.3e-68  226.9  37.0   2   3   3.8e-30   7.2e-29   96.7   8.2   220   322    69   171    69   172 0.99 -
NW_025965375.1_RagTag:158129-157515   -            205 7638at314147         -            785   3.3e-68  226.9  37.0   3   3   2.7e-26   5.2e-25   84.0   6.9   236   324   113   201   113   205 0.96 -
NW_025965182.1_RagTag:1758025-1759086 -            354 7638at314147         -            785   1.8e-63  211.2  54.3   1   4   9.2e-10   1.7e-08   29.3   0.1   252   316     2    66     1    73 0.86 -
NW_025965182.1_RagTag:1758025-1759086 -            354 7638at314147         -            785   1.8e-63  211.2  54.3   2   4   1.6e-24     3e-23   78.2  12.1   214   323    76   185    70   188 0.96 -
NW_025965182.1_RagTag:1758025-1759086 -            354 7638at314147         -            785   1.8e-63  211.2  54.3   3   4   5.3e-24     1e-22   76.4  12.6   214   321   188   295   184   299 0.97 -
NW_025965182.1_RagTag:1758025-1759086 -            354 7638at314147         -            785   1.8e-63  211.2  54.3   4   4   2.6e-20   4.9e-19   64.2   9.3   228   320   258   350   255   354 0.96 -
NW_025965341.1_RagTag:50520-49825     -            232 7638at314147         -            785   4.9e-61  203.1  48.4   1   3   3.4e-29   6.4e-28   93.6  13.4   215   324    11   120     3   123 0.97 -
NW_025965341.1_RagTag:50520-49825     -            232 7638at314147         -            785   4.9e-61  203.1  48.4   2   3   1.5e-20   2.9e-19   65.0   9.0   239   322    63   146    61   147 0.98 -
NW_025965341.1_RagTag:50520-49825     -            232 7638at314147         -            785   4.9e-61  203.1  48.4   3   3   3.1e-22   5.9e-21   70.6  10.0   214   322   122   230   120   232 0.98 -
NW_025965039.1_RagTag:272612-271716   -            299 7638at314147         -            785   9.8e-60  198.8  65.6   1   4   9.6e-24   1.8e-22   75.6  15.0   211   321    47   157    24   160 0.90 -
NW_025965039.1_RagTag:272612-271716   -            299 7638at314147         -            785   9.8e-60  198.8  65.6   2   4   7.5e-20   1.4e-18   62.7  11.9   223   320   115   212   113   214 0.95 -
NW_025965039.1_RagTag:272612-271716   -            299 7638at314147         -            785   9.8e-60  198.8  65.6   3   4   3.5e-17   6.7e-16   53.9   8.8   235   321   155   241   150   244 0.96 -
NW_025965039.1_RagTag:272612-271716   -            299 7638at314147         -            785   9.8e-60  198.8  65.6   4   4   4.9e-15   9.3e-14   46.8   5.9   214   293   218   297   215   299 0.70 -
NW_025965022.1_RagTag:266833-265871   -            321 7638at314147         -            785   8.8e-58  192.4  43.6   1   5   7.8e-06   0.00015   16.3   0.6   290   322     8    40     3    41 0.91 -
NW_025965022.1_RagTag:266833-265871   -            321 7638at314147         -            785   8.8e-58  192.4  43.6   2   5   4.3e-13   8.1e-12   40.3   2.9   232   283    34    85    31    88 0.94 -
NW_025965022.1_RagTag:266833-265871   -            321 7638at314147         -            785   8.8e-58  192.4  43.6   3   5   2.9e-20   5.4e-19   64.1   7.5   216   322    74   179    73   180 0.96 -
NW_025965022.1_RagTag:266833-265871   -            321 7638at314147         -            785   8.8e-58  192.4  43.6   4   5   2.3e-13   4.3e-12   41.3   2.0   233   283   174   224   172   226 0.95 -
NW_025965022.1_RagTag:266833-265871   -            321 7638at314147         -            785   8.8e-58  192.4  43.6   5   5   1.3e-24   2.5e-23   78.4  10.1   215   320   212   317   211   320 0.97 -
NW_025965071.1_RagTag:3226-4467       -            414 7638at314147         -            785   1.1e-56  188.7  89.1   1   5   1.9e-08   3.6e-07   25.0   7.1   233   320    15   102     1   102 0.87 -
NW_025965071.1_RagTag:3226-4467       -            414 7638at314147         -            785   1.1e-56  188.7  89.1   2   5   2.4e-12   4.6e-11   37.9   8.1   220   322    86   188    86   189 0.97 -
NW_025965071.1_RagTag:3226-4467       -            414 7638at314147         -            785   1.1e-56  188.7  89.1   3   5   4.6e-14   8.6e-13   43.6  13.5   223   321   173   271   172   273 0.96 -
NW_025965071.1_RagTag:3226-4467       -            414 7638at314147         -            785   1.1e-56  188.7  89.1   4   5   3.1e-20   5.8e-19   64.0  16.4   216   320   222   326   219   327 0.95 -
NW_025965071.1_RagTag:3226-4467       -            414 7638at314147         -            785   1.1e-56  188.7  89.1   5   5   3.8e-23   7.1e-22   73.6  12.0   220   321   310   411   310   413 0.97 -
contig_43334_pilon:1277-1996          -            240 7638at314147         -            785   5.6e-56  186.4  42.8   1   3     5e-19   9.5e-18   60.0  11.0   241   322     1    82     1    82 0.98 -
contig_43334_pilon:1277-1996          -            240 7638at314147         -            785   5.6e-56  186.4  42.8   2   3   4.4e-26   8.3e-25   83.3  13.9   220   323    64   167    64   167 0.98 -
contig_43334_pilon:1277-1996          -            240 7638at314147         -            785   5.6e-56  186.4  42.8   3   3   5.1e-21   9.6e-20   66.6  11.4   222   311   150   239   149   240 0.97 -
NW_025965207.1_RagTag:15963-15268     -            232 7638at314147         -            785   2.4e-55  184.3  66.8   1   3   1.5e-19   2.8e-18   61.7  19.4   220   322     1   102     1   102 0.96 -
NW_025965207.1_RagTag:15963-15268     -            232 7638at314147         -            785   2.4e-55  184.3  66.8   2   3   1.3e-22   2.5e-21   71.8  17.0   222   322    86   186    85   187 0.97 -
NW_025965207.1_RagTag:15963-15268     -            232 7638at314147         -            785   2.4e-55  184.3  66.8   3   3   4.1e-24   7.7e-23   76.8  14.4   220   311   140   231   140   232 0.99 -
NW_025965341.1_RagTag:10217-11053     -            279 7638at314147         -            785   4.6e-55  183.4  40.4   1   3   2.2e-16   4.1e-15   51.2   7.9   248   322     2    76     1    77 0.50 -
NW_025965341.1_RagTag:10217-11053     -            279 7638at314147         -            785   4.6e-55  183.4  40.4   2   3   7.5e-24   1.4e-22   75.9  11.2   220   314    58   152    58   161 0.97 -
NW_025965341.1_RagTag:10217-11053     -            279 7638at314147         -            785   4.6e-55  183.4  40.4   3   3   9.5e-25   1.8e-23   78.9  10.2   212   323   163   274   155   279 0.96 -
NW_025965250.1_RagTag:151698-54140    -            212 7638at314147         -            785   5.3e-53  176.5  34.4   1   3   4.9e-23   9.3e-22   73.2   7.1   215   323    15   123    10   127 0.96 -
NW_025965250.1_RagTag:151698-54140    -            212 7638at314147         -            785   5.3e-53  176.5  34.4   2   3   2.1e-20     4e-19   64.5   5.2   234   323    62   151    61   151 0.98 -
NW_025965250.1_RagTag:151698-54140    -            212 7638at314147         -            785   5.3e-53  176.5  34.4   3   3   2.1e-20     4e-19   64.5   6.1   214   300   126   212   123   212 0.97 -
NW_025965250.1_RagTag:247730-246879   -            284 7638at314147         -            785     1e-52  175.6  54.5   1   3   1.2e-23   2.2e-22   75.3  16.3   214   323     4   113     1   114 0.97 -
NW_025965250.1_RagTag:247730-246879   -            284 7638at314147         -            785     1e-52  175.6  54.5   2   3   6.5e-19   1.2e-17   59.6  17.1   223   323    97   197    96   199 0.98 -
NW_025965250.1_RagTag:247730-246879   -            284 7638at314147         -            785     1e-52  175.6  54.5   3   3   2.1e-18   3.9e-17   57.9  12.3   236   323   194   281   191   284 0.93 -
contig_52188_pilon:1058-384           -            225 7638at314147         -            785   1.4e-52  175.1  44.4   1   3   1.6e-14     3e-13   45.1   5.0   271   323     3    55     1    56 0.96 -
contig_52188_pilon:1058-384           -            225 7638at314147         -            785   1.4e-52  175.1  44.4   2   3   3.8e-22   7.2e-21   70.3  13.8   234   323    50   139    49   139 0.96 -
contig_52188_pilon:1058-384           -            225 7638at314147         -            785   1.4e-52  175.1  44.4   3   3   8.7e-24   1.6e-22   75.7  15.8   223   323   123   223   123   225 0.98 -
contig_36320_pilon:558-1202           -            215 7638at314147         -            785   6.8e-49  163.0  48.7   1   3   5.7e-18   1.1e-16   56.5   7.6   241   312     1    72     1    77 0.96 -
contig_36320_pilon:558-1202           -            215 7638at314147         -            785   6.8e-49  163.0  48.7   2   3     6e-17   1.1e-15   53.1  10.9   248   323    64   139    63   139 0.98 -
contig_36320_pilon:558-1202           -            215 7638at314147         -            785   6.8e-49  163.0  48.7   3   3   7.7e-25   1.5e-23   79.2  14.2   216   313   116   213   115   215 0.98 -
NW_025965317.1_RagTag:1470246-1469449 -            266 7638at314147         -            785   8.2e-48  159.4  57.7   1   3   5.4e-15     1e-13   46.6  14.4   193   322    18   148     3   149 0.86 -
NW_025965317.1_RagTag:1470246-1469449 -            266 7638at314147         -            785   8.2e-48  159.4  57.7   2   3   2.2e-22   4.1e-21   71.1  12.9   220   322   130   232   130   232 0.98 -
NW_025965317.1_RagTag:1470246-1469449 -            266 7638at314147         -            785   8.2e-48  159.4  57.7   3   3   1.8e-21   3.4e-20   68.0  14.4   215   323   153   261   151   266 0.94 -
NW_025965207.1_RagTag:11397-10729     -            223 7638at314147         -            785   7.6e-47  156.2  46.5   1   3   3.5e-20   6.6e-19   63.8  15.4   241   324     1    83     1    84 0.97 -
NW_025965207.1_RagTag:11397-10729     -            223 7638at314147         -            785   7.6e-47  156.2  46.5   2   3   5.6e-17   1.1e-15   53.2  16.9   233   322    76   165    73   165 0.95 -
NW_025965207.1_RagTag:11397-10729     -            223 7638at314147         -            785   7.6e-47  156.2  46.5   3   3     5e-18   9.3e-17   56.7   9.5   220   296   147   223   147   223 0.94 -
contig_33351_pilon:8-595              -            196 7638at314147         -            785   8.8e-47  156.0  29.2   1   2   1.1e-21   2.1e-20   68.7   7.6   244   323     1    80     1    83 0.98 -
contig_33351_pilon:8-595              -            196 7638at314147         -            785   8.8e-47  156.0  29.2   2   2   4.1e-29   7.7e-28   93.3  14.0   214   323    83   192    81   196 0.95 -
contig_70752_pilon:952-1602           -            217 7638at314147         -            785   2.7e-45  151.1  32.6   1   3   1.7e-08   3.2e-07   25.1   0.8   286   323     8    45     1    46 0.91 -
contig_70752_pilon:952-1602           -            217 7638at314147         -            785   2.7e-45  151.1  32.6   2   3   8.8e-23   1.7e-21   72.4   9.4   240   323    46   129    45   130 0.98 -
contig_70752_pilon:952-1602           -            217 7638at314147         -            785   2.7e-45  151.1  32.6   3   3   1.9e-21   3.6e-20   67.9  11.1   228   312   118   202   116   213 0.91 -
contig_83186_pilon:3012-2101          -            304 7638at314147         -            785   7.3e-45  149.6  35.6   1   3   4.2e-20   7.9e-19   63.5  12.2   241   323     1    83     1    84 0.98 -
contig_83186_pilon:3012-2101          -            304 7638at314147         -            785   7.3e-45  149.6  35.6   2   3   6.1e-23   1.1e-21   72.9  14.8   220   314    64   158    64   168 0.96 -
contig_83186_pilon:3012-2101          -            304 7638at314147         -            785   7.3e-45  149.6  35.6   3   3   3.3e-10   6.2e-09   30.8   0.4   261   316   244   299   207   304 0.71 -
NW_025965341.1_RagTag:136335-135751   -            195 7638at314147         -            785   1.8e-44  148.4  32.4   1   2   6.4e-33   1.2e-31  105.9  13.1   214   322     7   115     2   116 0.98 -
NW_025965341.1_RagTag:136335-135751   -            195 7638at314147         -            785   1.8e-44  148.4  32.4   2   2   1.4e-17   2.6e-16   55.2  11.2   226   316   103   193   101   195 0.96 -
NW_025965341.1_RagTag:79016-79627     -            204 7638at314147         -            785   1.8e-44  148.4  30.6   1   3     2e-19   3.7e-18   61.3  10.9   238   323     3    88     1    88 0.97 -
NW_025965341.1_RagTag:79016-79627     -            204 7638at314147         -            785   1.8e-44  148.4  30.6   2   3   2.4e-26   4.6e-25   84.1  10.9   223   322    72   171    71   172 0.98 -
NW_025965341.1_RagTag:79016-79627     -            204 7638at314147         -            785   1.8e-44  148.4  30.6   3   3     6e-08   1.1e-06   23.3   0.3   235   270   168   203   166   204 0.79 -
NW_025965341.1_RagTag:41589-41122     -            156 7638at314147         -            785   9.8e-44  145.9  26.1   1   2   1.6e-26     3e-25   84.8   7.6   230   322     6    98     1    99 0.96 -
NW_025965341.1_RagTag:41589-41122     -            156 7638at314147         -            785   9.8e-44  145.9  26.1   2   2   3.9e-23   7.3e-22   73.6  10.4   236   322    68   154    67   156 0.97 -
NW_025965127.1_RagTag:122624-122115   -            170 7638at314147         -            785   1.1e-42  142.4  28.4   1   2   3.7e-25     7e-24   80.2   8.2   240   326     2    88     1    90 0.99 -
NW_025965127.1_RagTag:122624-122115   -            170 7638at314147         -            785   1.1e-42  142.4  28.4   2   2   1.7e-23   3.2e-22   74.8  12.2   219   322    65   168    65   170 0.97 -
NW_025965271.1_RagTag:643750-644226   -            159 7638at314147         -            785   7.9e-42  139.6  25.3   1   2   1.6e-24     3e-23   78.1   9.5   213   312    16   115    13   120 0.96 -
NW_025965271.1_RagTag:643750-644226   -            159 7638at314147         -            785   7.9e-42  139.6  25.3   2   2     3e-23   5.6e-22   73.9   7.8   234   314    65   145    65   154 0.96 -
NW_025965235.1_RagTag:121831-121217   -            205 7638at314147         -            785   8.4e-42  139.5  35.4   1   2   4.3e-25   8.1e-24   80.0  12.4   216   316     9   109     8   113 0.95 -
NW_025965235.1_RagTag:121831-121217   -            205 7638at314147         -            785   8.4e-42  139.5  35.4   2   2   1.9e-22   3.6e-21   71.3  17.6   216   324    93   201    93   205 0.98 -
contig_78026_pilon:1141-2283          -            381 7638at314147         -            785   1.7e-41  138.5  36.2   1   3   3.9e-09   7.3e-08   27.3   3.3   220   327     1   117     1   127 0.80 -
contig_78026_pilon:1141-2283          -            381 7638at314147         -            785   1.7e-41  138.5  36.2   2   3   5.9e-16   1.1e-14   49.8   7.5   243   324   147   228   143   255 0.87 -
contig_78026_pilon:1141-2283          -            381 7638at314147         -            785   1.7e-41  138.5  36.2   3   3   3.6e-23   6.8e-22   73.7  10.1   216   323   271   378   228   381 0.91 -
NW_025965436.1_RagTag:1617-781        -            279 7638at314147         -            785   2.5e-41  137.9  69.1   1   3   7.7e-12   1.5e-10   36.2  14.3   246   311     1    66     1    70 0.97 -
NW_025965436.1_RagTag:1617-781        -            279 7638at314147         -            785   2.5e-41  137.9  69.1   2   3   2.5e-18   4.8e-17   57.6  18.7   214   311   109   206   105   209 0.96 -
NW_025965436.1_RagTag:1617-781        -            279 7638at314147         -            785   2.5e-41  137.9  69.1   3   3     7e-14   1.3e-12   42.9  14.9   220   300   199   279   199   279 0.98 -
NW_025965289.1_RagTag:81543-82196     -            218 7638at314147         -            785   1.9e-40  135.0  24.6   1   2   9.3e-24   1.8e-22   75.6  12.0   215   322    19   126     8   129 0.95 -
NW_025965289.1_RagTag:81543-82196     -            218 7638at314147         -            785   1.9e-40  135.0  24.6   2   2   1.7e-22   3.2e-21   71.4  10.1   220   324   108   212   107   217 0.97 -
contig_43715_pilon:300-1181           -            294 7638at314147         -            785   3.3e-39  130.9  22.2   1   2   3.1e-28   5.9e-27   90.4  13.6   215   312     2    99     1   108 0.97 -
contig_43715_pilon:300-1181           -            294 7638at314147         -            785   3.3e-39  130.9  22.2   2   2   8.4e-15   1.6e-13   46.0   1.3   244   311   226   293   219   294 0.94 -
NW_025965182.1_RagTag:1739884-1740459 -            192 7638at314147         -            785   8.1e-39  129.6  30.8   1   2   1.4e-15   2.6e-14   48.6   7.8   250   320     1    71     1    77 0.92 -
NW_025965182.1_RagTag:1739884-1740459 -            192 7638at314147         -            785   8.1e-39  129.6  30.8   2   2   4.8e-27     9e-26   86.5  16.4   210   322    73   185    69   191 0.95 -
NW_025965215.1_RagTag:23670-22372     -            433 7638at314147         -            785     2e-37  125.0  25.5   1   2   2.6e-21   4.8e-20   67.5   8.4   183   322   210   347   193   347 0.93 -
NW_025965215.1_RagTag:23670-22372     -            433 7638at314147         -            785     2e-37  125.0  25.5   2   2   6.3e-22   1.2e-20   69.5  11.8   223   323   332   432   331   433 0.98 -
NW_025965166.1_RagTag:131393-130962   -            144 7638at314147         -            785   2.7e-37  124.6  30.1   1   2   4.4e-25   8.3e-24   80.0  14.1   215   323     4   112     2   113 0.98 -
NW_025965166.1_RagTag:131393-130962   -            144 7638at314147         -            785   2.7e-37  124.6  30.1   2   2   4.2e-18   7.9e-17   56.9   8.0   216   299    61   144    61   144 0.98 -
NW_025965250.1_RagTag:8965-9597       -            211 7638at314147         -            785   6.5e-37  123.3  27.2   1   3   1.2e-19   2.3e-18   62.0   7.5   233   312     5    84     2    86 0.96 -
NW_025965250.1_RagTag:8965-9597       -            211 7638at314147         -            785   6.5e-37  123.3  27.2   2   3   1.5e-13   2.8e-12   41.9   5.9   217   284    73   140    72   148 0.91 -
NW_025965250.1_RagTag:8965-9597       -            211 7638at314147         -            785   6.5e-37  123.3  27.2   3   3   1.8e-12   3.4e-11   38.3   2.8   262   323   146   207   141   211 0.72 -
NW_025965279.1_RagTag:157181-156552   -            210 7638at314147         -            785   6.7e-37  123.3  40.8   1   3   7.5e-16   1.4e-14   49.5   4.3   262   324     5    67     2    70 0.94 -
NW_025965279.1_RagTag:157181-156552   -            210 7638at314147         -            785   6.7e-37  123.3  40.8   2   3   1.6e-15     3e-14   48.4   7.3   261   320    60   119    56   121 0.95 -
NW_025965279.1_RagTag:157181-156552   -            210 7638at314147         -            785   6.7e-37  123.3  40.8   3   3     1e-13     2e-12   42.4  16.1   231   323   114   206   112   210 0.95 -
contig_31119_pilon:1895-1227          -            223 7638at314147         -            785   6.7e-37  123.3  25.8   1   2   5.2e-17   9.7e-16   53.3   7.8   214   320    21   128    17   128 0.92 -
contig_31119_pilon:1895-1227          -            223 7638at314147         -            785   6.7e-37  123.3  25.8   2   2   6.1e-25   1.1e-23   79.5  12.9   220   324   112   216   112   222 0.96 -
contig_53583_pilon:2102-1623          -            160 7638at314147         -            785   2.7e-36  121.3  26.1   1   2   9.1e-22   1.7e-20   69.0  11.5   233   323     5    95     2    96 0.97 -
contig_53583_pilon:2102-1623          -            160 7638at314147         -            785   2.7e-36  121.3  26.1   2   2   1.8e-18   3.4e-17   58.1   8.7   236   304    92   160    91   160 0.97 -
contig_44617_pilon:698-207            -            164 7638at314147         -            785   6.6e-36  120.0  29.8   1   2     2e-17   3.8e-16   54.6   7.7   260   323    43   106    15   107 0.95 -
contig_44617_pilon:698-207            -            164 7638at314147         -            785   6.6e-36  120.0  29.8   2   2   1.9e-24   3.6e-23   77.9  14.1   223   319    62   158    61   161 0.95 -
contig_28105_pilon:1448-873           -            192 7638at314147         -            785     4e-35  117.4  18.0   1   2   3.5e-16   6.5e-15   50.6   1.2   242   324     1    83     1    86 0.97 -
contig_28105_pilon:1448-873           -            192 7638at314147         -            785     4e-35  117.4  18.0   2   2   9.5e-23   1.8e-21   72.3   9.8   215   321    86   192    83   192 0.98 -
NW_025965341.1_RagTag:91734-92261     -            176 7638at314147         -            785   5.4e-35  117.0  27.4   1   2   3.1e-24   5.8e-23   77.2   7.9   223   322     2   101     1   102 0.96 -
NW_025965341.1_RagTag:91734-92261     -            176 7638at314147         -            785   5.4e-35  117.0  27.4   2   2   1.2e-15   2.3e-14   48.8  12.8   232   311    95   174    90   176 0.94 -
NW_025965190.1_RagTag:125753-126253   -            167 7638at314147         -            785   1.6e-34  115.5  21.1   1   3   5.7e-08   1.1e-06   23.4   0.5   291   322     3    34     1    35 0.94 -
NW_025965190.1_RagTag:125753-126253   -            167 7638at314147         -            785   1.6e-34  115.5  21.1   2   3   1.7e-20   3.1e-19   64.9   7.1   240   322    36   118    34   118 0.97 -
NW_025965190.1_RagTag:125753-126253   -            167 7638at314147         -            785   1.6e-34  115.5  21.1   3   3   1.3e-12   2.4e-11   38.8   1.8   232   283   112   163   110   166 0.92 -
NW_025965071.1_RagTag:28250-28834     -            195 7638at314147         -            785   2.5e-34  114.8  36.1   1   2   4.8e-17     9e-16   53.4  12.7   238   316     4    82     1    92 0.93 -
NW_025965071.1_RagTag:28250-28834     -            195 7638at314147         -            785   2.5e-34  114.8  36.1   2   2   3.4e-21   6.5e-20   67.1  16.6   212   314    90   192    78   195 0.93 -
NW_025965277.1_RagTag:46400-46999     -            200 7638at314147         -            785     4e-34  114.1  49.8   1   3   4.9e-12   9.3e-11   36.8  12.5   241   323     6    86     1    89 0.91 -
NW_025965277.1_RagTag:46400-46999     -            200 7638at314147         -            785     4e-34  114.1  49.8   2   3   1.6e-17     3e-16   55.0  14.2   222   314    41   133    39   142 0.95 -
NW_025965277.1_RagTag:46400-46999     -            200 7638at314147         -            785     4e-34  114.1  49.8   3   3   2.3e-15   4.3e-14   47.9   7.2   216   323    91   198    88   200 0.89 -
NW_025965230.1_RagTag:917436-916915   -            174 7638at314147         -            785     1e-33  112.7  23.9   1   2   3.2e-19     6e-18   60.6   8.2   235   322     7    94     3    95 0.95 -
NW_025965230.1_RagTag:917436-916915   -            174 7638at314147         -            785     1e-33  112.7  23.9   2   2   7.2e-19   1.4e-17   59.5  10.1   230   317    88   173    85   174 0.93 -
NW_025965215.1_RagTag:353527-352538   -            180 7638at314147         -            785   1.5e-33  112.2  33.4   1   2   2.2e-17   4.2e-16   54.5  12.1   223   313     1    91     1    93 0.97 -
NW_025965215.1_RagTag:353527-352538   -            180 7638at314147         -            785   1.5e-33  112.2  33.4   2   2   3.6e-22   6.9e-21   70.3  13.3   220   321    82   176    82   179 0.97 -
NW_025965358.1_RagTag:7314-6859       -            152 7638at314147         -            785   2.2e-33  111.6  22.2   1   2   2.6e-26     5e-25   84.0   8.1   218   320     3   105     1   105 0.96 -
NW_025965358.1_RagTag:7314-6859       -            152 7638at314147         -            785   2.2e-33  111.6  22.2   2   2   1.4e-11   2.6e-10   35.4   6.8   261   311   102   152    98   152 0.95 -
contig_18339_pilon:770-1369           -            200 7638at314147         -            785   3.4e-32  107.7  21.4   1   3   6.6e-08   1.2e-06   23.2   1.6   289   323     4    38     1    38 0.93 -
contig_18339_pilon:770-1369           -            200 7638at314147         -            785   3.4e-32  107.7  21.4   2   3   4.2e-23   7.8e-22   73.5  12.4   233   325    32   124    29   131 0.95 -
contig_18339_pilon:770-1369           -            200 7638at314147         -            785   3.4e-32  107.7  21.4   3   3   1.5e-06   2.8e-05   18.7   0.1   289   312   172   195   159   200 0.87 -
NW_025965301.1_RagTag:107837-107190   -            216 7638at314147         -            785     1e-31  106.2  21.3   1   2   2.2e-22   4.2e-21   71.1   6.4   219   323    31   136    16   138 0.93 -
NW_025965301.1_RagTag:107837-107190   -            216 7638at314147         -            785     1e-31  106.2  21.3   2   2   1.3e-13   2.4e-12   42.1   7.3   240   320   137   216   136   216 0.92 -
NW_025965299.1_RagTag:2295-1810       -            162 7638at314147         -            785   4.5e-31  104.0  23.9   1   2   1.7e-24   3.2e-23   78.1   8.5   220   321     1   102     1   103 0.98 -
NW_025965299.1_RagTag:2295-1810       -            162 7638at314147         -            785   4.5e-31  104.0  23.9   2   2   6.1e-11   1.2e-09   33.2  10.0   261   322    98   159    94   161 0.90 -
NW_025965279.1_RagTag:80294-79764     -            177 7638at314147         -            785   6.9e-31  103.4  16.7   1   2   7.9e-13   1.5e-11   39.5   4.6   264   322     1    58     1    66 0.81 -
NW_025965279.1_RagTag:80294-79764     -            177 7638at314147         -            785   6.9e-31  103.4  16.7   2   2   4.5e-22   8.5e-21   70.0   4.3   232   304   103   175    94   177 0.96 -
NW_025965442.1_RagTag:53274-52825     -            150 7638at314147         -            785   1.6e-27   92.3  28.3   1   2   2.3e-16   4.4e-15   51.2  11.7   234   311    11    88     2    94 0.90 -
NW_025965442.1_RagTag:53274-52825     -            150 7638at314147         -            785   1.6e-27   92.3  28.3   2   2   4.4e-17   8.2e-16   53.5   8.7   240   313    73   146    73   150 0.97 -
contig_81532_pilon:2154-1714          -            147 7638at314147         -            785   2.1e-27   91.9  33.1   1   2   6.2e-15   1.2e-13   46.4  13.8   217   311     7   103     2   108 0.90 -
contig_81532_pilon:2154-1714          -            147 7638at314147         -            785   2.1e-27   91.9  33.1   2   2   2.3e-18   4.2e-17   57.8  11.2   243   323    63   143    62   147 0.95 -
NW_025965039.1_RagTag:271870-271352   -            173 7638at314147         -            785   2.2e-27   91.8  10.4   1   1   1.2e-28   2.3e-27   91.7   9.7   192   323    34   164    17   170 0.92 -
NW_025965344.1_RagTag:2075-1647       -            143 7638at314147         -            785   1.5e-26   89.1  17.2   1   2   5.2e-10   9.8e-09   30.2   2.4   261   311     9    59     3    60 0.79 -
NW_025965344.1_RagTag:2075-1647       -            143 7638at314147         -            785   1.5e-26   89.1  17.2   2   2     1e-21   1.9e-20   68.9  10.0   220   311    52   143    52   143 0.97 -
NW_025965279.1_RagTag:111843-48065    -            321 7638at314147         -            785   2.7e-25   84.9  27.8   1   4      0.18       3.4    1.9   0.2   264   320     1    57     1    63 0.89 -
NW_025965279.1_RagTag:111843-48065    -            321 7638at314147         -            785   2.7e-25   84.9  27.8   2   4   0.00014    0.0025   12.2   1.1   216   274    37    94    30   102 0.79 -
NW_025965279.1_RagTag:111843-48065    -            321 7638at314147         -            785   2.7e-25   84.9  27.8   3   4   6.5e-16   1.2e-14   49.7   4.4   261   345   138   223   126   243 0.75 -
NW_025965279.1_RagTag:111843-48065    -            321 7638at314147         -            785   2.7e-25   84.9  27.8   4   4   8.3e-12   1.6e-10   36.1   4.5   216   279   256   319   249   321 0.90 -
NW_025965341.1_RagTag:115056-115571   -            172 7638at314147         -            785     1e-24   83.0  20.4   1   2     3e-13   5.7e-12   40.8   7.5   239   322     2    85     1    92 0.96 -
NW_025965341.1_RagTag:115056-115571   -            172 7638at314147         -            785     1e-24   83.0  20.4   2   2   7.8e-17   1.5e-15   52.7   9.6   220   322    67   169    65   172 0.97 -
NW_025965233.1_RagTag:201413-205146   -            387 7638at314147         -            785   1.8e-23   78.9  25.8   1   2   1.4e-16   2.6e-15   51.9  12.3   215   305   210   300   194   305 0.94 -
NW_025965233.1_RagTag:201413-205146   -            387 7638at314147         -            785   1.8e-23   78.9  25.8   2   2   7.8e-11   1.5e-09   32.9   5.6   215   273   318   376   304   381 0.89 -
contig_52188_pilon:2135-1716          -            140 7638at314147         -            785   8.7e-21   70.0  10.0   1   1   5.5e-22     1e-20   69.7  10.0   214   324    19   135     9   139 0.88 -
NW_025965028.1_RagTag:357538-358857   -            372 7638at314147         -            785   3.7e-20   67.9  13.2   1   1     4e-21   7.5e-20   66.9  13.2   217   323   262   368   224   372 0.88 -
NW_025965271.1_RagTag:644682-645221   -            180 7638at314147         -            785   2.4e-18   61.9  14.3   1   2     4e-06   7.6e-05   17.3   0.9   289   312     4    27     1    39 0.85 -
NW_025965271.1_RagTag:644682-645221   -            180 7638at314147         -            785   2.4e-18   61.9  14.3   2   2     9e-16   1.7e-14   49.2   7.4   234   297   115   178    29   180 0.70 -
NW_025965071.1_RagTag:28831-29067     -             79 7638at314147         -            785   3.5e-14   48.2  10.1   1   1   3.5e-15   6.6e-14   47.2  10.1   236   305     4    73     2    79 0.84 -
NW_025965468.1_RagTag:9888-9637       -             84 7638at314147         -            785   3.6e-14   48.1   2.7   1   1   2.1e-15   3.9e-14   48.0   2.7   251   319     1    69     1    80 0.92 -
NW_025965297.1_RagTag:263440-264639   -            299 7638at314147         -            785     4e-14   48.0  10.0   1   2   2.3e-13   4.3e-12   41.3   4.0   243   323    69   149    59   161 0.89 -
NW_025965297.1_RagTag:263440-264639   -            299 7638at314147         -            785     4e-14   48.0  10.0   2   2   0.00045    0.0085   10.5   0.4   215   262   243   290   204   296 0.85 -
NW_025965281.1_RagTag:529223-527331   -            631 7638at314147         -            785   3.5e-12   41.6   7.3   1   2   2.1e-06   3.9e-05   18.2   0.1   200   283   323   408   282   416 0.80 -
NW_025965281.1_RagTag:529223-527331   -            631 7638at314147         -            785   3.5e-12   41.6   7.3   2   2   1.8e-08   3.5e-07   25.0   3.1   239   322   453   536   439   551 0.69 -
NW_025965374.1_RagTag:84617-82386     -            744 7638at314147         -            785   3.6e-10   34.9  64.6   1   6   1.3e-08   2.5e-07   25.5   6.8   216   273     2    59     1    65 0.92 -
NW_025965374.1_RagTag:84617-82386     -            744 7638at314147         -            785   3.6e-10   34.9  64.6   2   6    0.0077      0.15    6.4   4.6   217   297    72   160    66   170 0.66 -
NW_025965374.1_RagTag:84617-82386     -            744 7638at314147         -            785   3.6e-10   34.9  64.6   3   6      0.68        13   -0.0   0.3   274   311   219   257   207   272 0.81 -
NW_025965374.1_RagTag:84617-82386     -            744 7638at314147         -            785   3.6e-10   34.9  64.6   4   6    0.0067      0.13    6.6   0.3   220   264   292   345   286   357 0.66 -
NW_025965374.1_RagTag:84617-82386     -            744 7638at314147         -            785   3.6e-10   34.9  64.6   5   6   0.00024    0.0045   11.4   5.4   246   320   442   520   434   528 0.85 -
NW_025965374.1_RagTag:84617-82386     -            744 7638at314147         -            785   3.6e-10   34.9  64.6   6   6   0.00037    0.0069   10.8  10.9   219   336   531   653   526   663 0.80 -
NW_025965200.1_RagTag:17859-18600     -            178 7638at314147         -            785   4.7e-09   31.2   1.1   1   1   4.8e-10     9e-09   30.3   0.8   213   250   129   166   119   175 0.87 -
NW_025965324.1_RagTag:667565-665169   -            506 7638at314147         -            785   1.3e-07   26.5   2.4   1   1   6.6e-09   1.3e-07   26.5   2.4   276   350     1    76     1   108 0.69 -
NW_025965054.1_RagTag:37673-36246     -            327 7638at314147         -            785   4.9e-07   24.5  19.9   1   2   1.2e-07   2.3e-06   22.3   3.2   216   278    80   142    58   150 0.80 -
NW_025965054.1_RagTag:37673-36246     -            327 7638at314147         -            785   4.9e-07   24.5  19.9   2   2    0.0025     0.048    8.0   8.7   223   366   176   322   164   326 0.80 -
NW_025965182.1_RagTag:1739377-1739874 -            166 7638at314147         -            785   2.4e-06   22.3   0.7   1   1   1.4e-07   2.7e-06   22.1   0.7   218   270   110   162    71   166 0.80 -
NW_025965341.1_RagTag:108306-108962   -            219 7638at314147         -            785   3.9e-06   21.5  13.4   1   2   2.5e-06   4.7e-05   18.0   3.9   241   326    21   108     6   129 0.88 -
NW_025965341.1_RagTag:108306-108962   -            219 7638at314147         -            785   3.9e-06   21.5  13.4   2   2     0.001     0.019    9.3   2.0   241   295   162   218   154   219 0.78 -
NW_025965375.1_RagTag:140298-139846   -            151 7638at314147         -            785   0.00045   14.7   9.0   1   1   2.7e-05   0.00051   14.5   9.0   208   302    37   127    29   150 0.75 -
NW_025965259.1_RagTag:163961-162513   -            483 7638at314147         -            785      0.14    6.5  12.8   1   2       6.8   1.3e+02   -3.3   0.1   654   697   135   177    99   192 0.70 -
NW_025965259.1_RagTag:163961-162513   -            483 7638at314147         -            785      0.14    6.5  12.8   2   2   0.00077     0.015    9.7   8.0   241   311   410   480   390   483 0.70 -
#
# Program:         hmmsearch
# Version:         3.1b2 (February 2015)
# Pipeline mode:   SEARCH
# Query file:      /home/bgerda/guppy_SUP/busco_downloads/lineages/glires_odb10/hmms/7638at314147.hmm
# Target file:     /home/bgerda/guppy_SUP/busco_results/run_glires_odb10/metaeuk_output/initial_results/ragtag.scaffold.fasta.modified.fas
# Option settings: hmmsearch --domtblout /home/bgerda/guppy_SUP/busco_results/run_glires_odb10/hmmer_output/initial_run_results/7638at314147.out --cpu 1 /home/bgerda/guppy_SUP/busco_downloads/lineages/glires_odb10/hmms/7638at314147.hmm /home/bgerda/guppy_SUP/busco_results/run_glires_odb10/metaeuk_output/initial_results/ragtag.scaffold.fasta.modified.fas 
# Current dir:     /home/bgerda/guppy_SUP
# Date:            Sun May 21 15:02:43 2023
# [ok]
