#                                                                                             --- full sequence --- -------------- this domain -------------   hmm coord   ali coord   env coord
# target name                         accession   tlen query name           accession   qlen   E-value  score  bias   #  of  c-Evalue  i-Evalue  score  bias  from    to  from    to  from    to  acc description of target
#                 ------------------- ---------- ----- -------------------- ---------- ----- --------- ------ ----- --- --- --------- --------- ------ ----- ----- ----- ----- ----- ----- ----- ---- ---------------------
NW_025965322.1_RagTag:1301223-1302431 -            403 7735at314147         -            729   3.4e-23   77.8   8.7   1   2   4.9e-19   6.9e-17   57.0   0.9    19   106     1    88     1    93 0.90 -
NW_025965322.1_RagTag:1301223-1302431 -            403 7735at314147         -            729   3.4e-23   77.8   8.7   2   2   1.4e-09     2e-07   25.7   1.3   184   355    92   263    89   268 0.79 -
NW_025965148.1_RagTag:12286-11585     -            234 7735at314147         -            729   1.5e-12   42.7   0.0   1   1   1.3e-14   1.9e-12   42.3   0.0   522   686    59   223    46   229 0.76 -
NW_025965363.1_RagTag:42017-41472     -            182 7735at314147         -            729   2.3e-10   35.4   0.0   1   1   1.7e-12   2.4e-10   35.4   0.0   531   688     3   160     1   182 0.85 -
NW_025965289.1_RagTag:145925-147383   -            232 7735at314147         -            729   2.3e-06   22.2   0.0   1   1     2e-08   2.9e-06   21.9   0.0   530   687    46   210    37   217 0.76 -
NW_025965209.1_RagTag:170170-170454   -             95 7735at314147         -            729   4.3e-06   21.3   0.2   1   1     3e-08   4.3e-06   21.3   0.2    26    55    27    56    18    85 0.87 -
NW_025965148.1_RagTag:847570-847968   -            133 7735at314147         -            729   4.5e-05   17.9   0.4   1   1   3.4e-07   4.8e-05   17.8   0.4   569   685    11   132     2   133 0.74 -
contig_50121_pilon:804-1229           -            142 7735at314147         -            729   0.00011   16.7   5.4   1   2   1.1e-05    0.0015   12.9   0.8    28    55     1    28     1    69 0.90 -
contig_50121_pilon:804-1229           -            142 7735at314147         -            729   0.00011   16.7   5.4   2   2   0.00078      0.11    6.7   0.3   191   230    81   118    70   134 0.82 -
contig_4568_pilon:1340-1633           -             98 7735at314147         -            729   0.00026   15.4   2.1   1   1   1.8e-06   0.00026   15.4   2.1    27    79     1    44     1    86 0.74 -
NW_025965075.1_RagTag:69361-62353     -            353 7735at314147         -            729    0.0013   13.1   0.8   1   1   1.3e-05    0.0018   12.7   0.8    22    56    45    79    33   111 0.90 -
NW_025965319.1_RagTag:4372733-4372377 -            119 7735at314147         -            729    0.0019   12.5   9.9   1   2   0.00015     0.021    9.1   2.8    25    78     1    44     1    90 0.69 -
NW_025965319.1_RagTag:4372733-4372377 -            119 7735at314147         -            729    0.0019   12.5   9.9   2   2   0.00024     0.034    8.4   0.9   197   223    91   117    82   119 0.89 -
#
# Program:         hmmsearch
# Version:         3.1b2 (February 2015)
# Pipeline mode:   SEARCH
# Query file:      /home/bgerda/guppy_SUP/busco_downloads/lineages/glires_odb10/hmms/7735at314147.hmm
# Target file:     /home/bgerda/guppy_SUP/busco_results/run_glires_odb10/metaeuk_output/initial_results/ragtag.scaffold.fasta.modified.fas
# Option settings: hmmsearch --domtblout /home/bgerda/guppy_SUP/busco_results/run_glires_odb10/hmmer_output/initial_run_results/7735at314147.out --cpu 1 /home/bgerda/guppy_SUP/busco_downloads/lineages/glires_odb10/hmms/7735at314147.hmm /home/bgerda/guppy_SUP/busco_results/run_glires_odb10/metaeuk_output/initial_results/ragtag.scaffold.fasta.modified.fas 
# Current dir:     /home/bgerda/guppy_SUP
# Date:            Sun May 21 15:02:36 2023
# [ok]
