#                                                                                             --- full sequence --- -------------- this domain -------------   hmm coord   ali coord   env coord
# target name                         accession   tlen query name           accession   qlen   E-value  score  bias   #  of  c-Evalue  i-Evalue  score  bias  from    to  from    to  from    to  acc description of target
#                 ------------------- ---------- ----- -------------------- ---------- ----- --------- ------ ----- --- --- --------- --------- ------ ----- ----- ----- ----- ----- ----- ----- ---- ---------------------
NW_025965548.1_RagTag:8826-1842       -            515 9018at314147         -            671  3.9e-226  748.7   0.2   1   3  4.8e-104  2.5e-102  339.5   0.0    72   278     1   210     1   219 0.96 -
NW_025965548.1_RagTag:8826-1842       -            515 9018at314147         -            671  3.9e-226  748.7   0.2   2   3   0.00017     0.009   10.5   0.0   326   368   214   257   211   263 0.84 -
NW_025965548.1_RagTag:8826-1842       -            515 9018at314147         -            671  3.9e-226  748.7   0.2   3   3  3.9e-121  2.1e-119  396.0   0.0   400   636   268   513   256   515 0.96 -
NW_025965309.1_RagTag:3535833-3533111 -            326 9018at314147         -            671  1.8e-149  495.3   0.1   1   2   2.4e-16   1.2e-14   49.7   0.0   237   279     6    48     2    49 0.93 -
NW_025965309.1_RagTag:3535833-3533111 -            326 9018at314147         -            671  1.8e-149  495.3   0.1   2   2  7.9e-136  4.2e-134  444.6   0.0   317   588    49   326    48   326 0.97 -
NW_025965287.1_RagTag:80326-81575     -            357 9018at314147         -            671   1.1e-27   92.9   0.0   1   1   2.7e-29   1.4e-27   92.5   0.0   464   591    20   151     9   180 0.87 -
NW_025965313.1_RagTag:91092-92403     -            211 9018at314147         -            671   1.5e-24   82.6   0.1   1   1   2.3e-25   1.2e-23   79.5   0.1   392   559    64   205    48   208 0.85 -
NW_025965099.1_RagTag:15127-16038     -            304 9018at314147         -            671   2.1e-15   52.3   0.1   1   2   4.6e-06   0.00024   15.8   0.0   368   456    33   114    18   121 0.85 -
NW_025965099.1_RagTag:15127-16038     -            304 9018at314147         -            671   2.1e-15   52.3   0.1   2   2   8.4e-12   4.4e-10   34.7   0.0   488   615   130   253   124   273 0.84 -
NW_025965222.1_RagTag:194698-192711   -            112 9018at314147         -            671   3.9e-15   51.4   0.0   1   1   8.4e-17   4.4e-15   51.2   0.0   547   634     1    91     1   100 0.79 -
NW_025965499.1_RagTag:3945-3043       -            301 9018at314147         -            671   2.4e-14   48.8   0.1   1   1   2.7e-14   1.4e-12   43.0   0.1   368   614     6   225     2   247 0.80 -
NW_025965321.1_RagTag:4470492-4469881 -            204 9018at314147         -            671   3.8e-14   48.1   0.0   1   1     3e-15   1.6e-13   46.1   0.0   370   578    10   199     3   202 0.80 -
NW_025965334.1_RagTag:180562-180416   -             49 9018at314147         -            671   1.3e-12   43.1   0.2   1   1   2.4e-14   1.3e-12   43.1   0.2   544   589     1    46     1    49 0.92 -
contig_37224_pilon:1702-2604          -            301 9018at314147         -            671   2.1e-12   42.4   0.1   1   1     3e-12   1.6e-10   36.2   0.1   363   627     9   253     4   256 0.76 -
NW_025965279.1_RagTag:90332-90961     -            210 9018at314147         -            671   8.3e-12   40.4   0.0   1   1   2.2e-13   1.2e-11   39.9   0.0   488   577    31   117    13   127 0.85 -
contig_31429_pilon:267-1247           -            327 9018at314147         -            671     1e-11   40.1   0.3   1   1   5.1e-12   2.7e-10   35.4   0.3   361   579    10   203     6   257 0.80 -
NW_025965233.1_RagTag:125981-124584   -            466 9018at314147         -            671   1.9e-11   39.2   0.0   1   1   2.2e-12   1.1e-10   36.7   0.0   392   625    33   249     7   254 0.69 -
contig_66008_pilon:1767-2642          -            292 9018at314147         -            671   2.9e-10   35.3   0.0   1   2     4e-05    0.0021   12.7   0.1   393   453    18    74    12    85 0.85 -
contig_66008_pilon:1767-2642          -            292 9018at314147         -            671   2.9e-10   35.3   0.0   2   2   1.4e-07   7.3e-06   20.8   0.0   489   593    94   195    86   235 0.78 -
contig_34501_pilon:2309-1602          -            236 9018at314147         -            671   6.5e-10   34.2   0.0   1   1   1.7e-11   8.7e-10   33.7   0.0   488   614    32   154    24   161 0.87 -
NW_025965321.1_RagTag:3058777-3058926 -             50 9018at314147         -            671   7.8e-10   33.9   0.1   1   1   1.6e-11   8.2e-10   33.8   0.1   520   566     2    50     1    50 0.91 -
NW_025965324.1_RagTag:3286112-3285156 -            319 9018at314147         -            671   9.5e-09   30.3   0.0   1   2   5.9e-08   3.1e-06   22.0   0.0    89   178     4    91     1    97 0.88 -
NW_025965324.1_RagTag:3286112-3285156 -            319 9018at314147         -            671   9.5e-09   30.3   0.0   2   2    0.0031      0.16    6.4   0.0    84   147   236   299   219   318 0.79 -
contig_34309_pilon:451-104            -            116 9018at314147         -            671   3.8e-08   28.3   0.0   1   1     8e-10   4.2e-08   28.2   0.0   488   578    26   114    15   116 0.89 -
NW_025965352.1_RagTag:113601-115367   -            318 9018at314147         -            671   9.5e-08   27.0   0.0   1   1   2.8e-09   1.5e-07   26.4   0.0   486   633   146   315   135   317 0.65 -
NW_025965256.1_RagTag:50814-50329     -            106 9018at314147         -            671   6.5e-07   24.2   0.0   1   1   1.5e-08   7.7e-07   24.0   0.0   471   530    31    90    19    95 0.85 -
NW_025965324.1_RagTag:3261743-3254525 -            264 9018at314147         -            671   5.9e-06   21.1   0.0   1   1   1.4e-07   7.5e-06   20.7   0.0    88   166   101   176    86   198 0.84 -
NW_025965401.1_RagTag:66150-68190     -            216 9018at314147         -            671   3.3e-05   18.6   0.0   1   1     8e-07   4.2e-05   18.2   0.0   488   582    25   125    13   139 0.74 -
contig_83342_pilon:1438-911           -            176 9018at314147         -            671   6.1e-05   17.7   0.0   1   1   1.3e-06   6.8e-05   17.6   0.0   492   597    15   117     9   153 0.85 -
contig_18707_pilon:1357-1884          -            176 9018at314147         -            671    0.0002   16.0   0.0   1   1     5e-06   0.00026   15.6   0.0   492   598    15   118     9   137 0.79 -
NW_025965324.1_RagTag:3257588-3256989 -            200 9018at314147         -            671    0.0016   13.0   0.0   1   1   3.8e-05     0.002   12.7   0.0    94   168     9    82     3   104 0.84 -
NW_025965291.1_RagTag:212549-211896   -            218 9018at314147         -            671    0.0039   11.8   0.1   1   1   9.5e-05     0.005   11.4   0.1   138   200    20    83    12    96 0.72 -
NW_025965163.1_RagTag:101293-101063   -             77 9018at314147         -            671    0.0046   11.5   0.0   1   1   9.1e-05    0.0047   11.5   0.0   107   155    15    65     2    73 0.75 -
#
# Program:         hmmsearch
# Version:         3.1b2 (February 2015)
# Pipeline mode:   SEARCH
# Query file:      /home/bgerda/guppy_SUP/busco_downloads/lineages/glires_odb10/hmms/9018at314147.hmm
# Target file:     /home/bgerda/guppy_SUP/busco_results/run_glires_odb10/metaeuk_output/initial_results/ragtag.scaffold.fasta.modified.fas
# Option settings: hmmsearch --domtblout /home/bgerda/guppy_SUP/busco_results/run_glires_odb10/hmmer_output/initial_run_results/9018at314147.out --cpu 1 /home/bgerda/guppy_SUP/busco_downloads/lineages/glires_odb10/hmms/9018at314147.hmm /home/bgerda/guppy_SUP/busco_results/run_glires_odb10/metaeuk_output/initial_results/ragtag.scaffold.fasta.modified.fas 
# Current dir:     /home/bgerda/guppy_SUP
# Date:            Sun May 21 15:02:45 2023
# [ok]
