#                                                                                             --- full sequence --- -------------- this domain -------------   hmm coord   ali coord   env coord
# target name                         accession   tlen query name           accession   qlen   E-value  score  bias   #  of  c-Evalue  i-Evalue  score  bias  from    to  from    to  from    to  acc description of target
#                 ------------------- ---------- ----- -------------------- ---------- ----- --------- ------ ----- --- --- --------- --------- ------ ----- ----- ----- ----- ----- ----- ----- ---- ---------------------
NW_025965321.1_RagTag:3127613-3129709 -            699 9842at314147         -            681   1.6e-88  294.0  18.6   1   4   5.1e-30     1e-27   93.1   0.0   127   331     4   207     1   215 0.92 -
NW_025965321.1_RagTag:3127613-3129709 -            699 9842at314147         -            681   1.6e-88  294.0  18.6   2   4   3.8e-35   7.7e-33  110.0   0.4    81   338   176   426   175   428 0.89 -
NW_025965321.1_RagTag:3127613-3129709 -            699 9842at314147         -            681   1.6e-88  294.0  18.6   3   4   1.2e-22   2.3e-20   68.8   2.2   112   294   414   590   411   596 0.92 -
NW_025965321.1_RagTag:3127613-3129709 -            699 9842at314147         -            681   1.6e-88  294.0  18.6   4   4   4.1e-19   8.4e-17   57.0   0.9    65   184   576   692   574   697 0.91 -
NW_025965316.1_RagTag:27121-42773     -            579 9842at314147         -            681   4.8e-45  150.3   6.5   1   4   3.4e-24   6.9e-22   73.8   0.7    92   287    32   221    25   226 0.90 -
NW_025965316.1_RagTag:27121-42773     -            579 9842at314147         -            681   4.8e-45  150.3   6.5   2   4   6.1e-16   1.2e-13   46.5   0.1   217   290   234   305   227   312 0.89 -
NW_025965316.1_RagTag:27121-42773     -            579 9842at314147         -            681   4.8e-45  150.3   6.5   3   4   5.2e-11     1e-08   30.2   0.0   187   298   315   430   310   437 0.85 -
NW_025965316.1_RagTag:27121-42773     -            579 9842at314147         -            681   4.8e-45  150.3   6.5   4   4      0.11        23   -0.6   0.0   530   549   454   473   440   493 0.76 -
NW_025965314.1_RagTag:1537288-1539264 -            659 9842at314147         -            681   1.1e-44  149.2   2.9   1   2   4.3e-29   8.8e-27   90.0   0.6    96   290    71   259    63   262 0.91 -
NW_025965314.1_RagTag:1537288-1539264 -            659 9842at314147         -            681   1.1e-44  149.2   2.9   2   2   7.8e-20   1.6e-17   59.4   0.1   188   299   263   374   259   385 0.88 -
contig_4173_pilon:2500-919            -            464 9842at314147         -            681   1.1e-44  149.1  10.3   1   4     0.052        11    0.5   0.0   120   151    42    76    38    88 0.73 -
contig_4173_pilon:2500-919            -            464 9842at314147         -            681   1.1e-44  149.1  10.3   2   4   2.2e-14   4.4e-12   41.4   0.1   228   329    94   192    82   195 0.88 -
contig_4173_pilon:2500-919            -            464 9842at314147         -            681   1.1e-44  149.1  10.3   3   4   7.4e-26   1.5e-23   79.3   2.6   127   331   202   402   199   404 0.86 -
contig_4173_pilon:2500-919            -            464 9842at314147         -            681   1.1e-44  149.1  10.3   4   4   2.4e-16   4.9e-14   47.9   0.1   362   463   325   432   324   459 0.81 -
NW_025965316.1_RagTag:4884-38332      -            577 9842at314147         -            681   1.3e-43  145.6   6.4   1   3   1.9e-12   3.8e-10   35.0   0.0    94   282    11    89     5    98 0.59 -
NW_025965316.1_RagTag:4884-38332      -            577 9842at314147         -            681   1.3e-43  145.6   6.4   2   3   2.4e-33   4.9e-31  104.0   1.6    81   422   106   444    99   444 0.85 -
NW_025965316.1_RagTag:4884-38332      -            577 9842at314147         -            681   1.3e-43  145.6   6.4   3   3   9.8e-09     2e-06   22.7   0.2   440   554   359   474   352   487 0.67 -
NW_025965322.1_RagTag:3590490-3589273 -            406 9842at314147         -            681   1.2e-35  119.3   8.9   1   4      0.06        12    0.3   0.0   354   378    38    63    35    70 0.76 -
NW_025965322.1_RagTag:3590490-3589273 -            406 9842at314147         -            681   1.2e-35  119.3   8.9   2   4   1.9e-10   3.9e-08   28.3   0.3    79   174    77   168    70   179 0.85 -
NW_025965322.1_RagTag:3590490-3589273 -            406 9842at314147         -            681   1.2e-35  119.3   8.9   3   4   5.1e-19     1e-16   56.7   0.1    95   197   205   303   192   303 0.88 -
NW_025965322.1_RagTag:3590490-3589273 -            406 9842at314147         -            681   1.2e-35  119.3   8.9   4   4   2.1e-15   4.3e-13   44.7   0.1    73   171   288   388   280   399 0.88 -
NW_025965316.1_RagTag:27851-44771     -            407 9842at314147         -            681   4.2e-32  107.6   1.9   1   2     2e-28   4.1e-26   87.8   0.2   204   435     1   239     1   261 0.81 -
NW_025965316.1_RagTag:27851-44771     -            407 9842at314147         -            681   4.2e-32  107.6   1.9   2   2   4.1e-07   8.3e-05   17.4   0.1   125   236   291   405   281   407 0.64 -
#
# Program:         hmmsearch
# Version:         3.1b2 (February 2015)
# Pipeline mode:   SEARCH
# Query file:      /home/bgerda/guppy_SUP/busco_downloads/lineages/glires_odb10/hmms/9842at314147.hmm
# Target file:     /home/bgerda/guppy_SUP/busco_results/run_glires_odb10/metaeuk_output/initial_results/ragtag.scaffold.fasta.modified.fas
# Option settings: hmmsearch --domtblout /home/bgerda/guppy_SUP/busco_results/run_glires_odb10/hmmer_output/initial_run_results/9842at314147.out --cpu 1 /home/bgerda/guppy_SUP/busco_downloads/lineages/glires_odb10/hmms/9842at314147.hmm /home/bgerda/guppy_SUP/busco_results/run_glires_odb10/metaeuk_output/initial_results/ragtag.scaffold.fasta.modified.fas 
# Current dir:     /home/bgerda/guppy_SUP
# Date:            Sun May 21 15:02:39 2023
# [ok]
