#                                                                                             --- full sequence --- -------------- this domain -------------   hmm coord   ali coord   env coord
# target name                         accession   tlen query name           accession   qlen   E-value  score  bias   #  of  c-Evalue  i-Evalue  score  bias  from    to  from    to  from    to  acc description of target
#                 ------------------- ---------- ----- -------------------- ---------- ----- --------- ------ ----- --- --- --------- --------- ------ ----- ----- ----- ----- ----- ----- ----- ---- ---------------------
NW_025965287.1_RagTag:1529085-1528498 -            196 10360at314147        -            597   4.4e-18   61.2   1.1   1   2   1.4e-11   4.8e-09   31.3   0.1   159   231     7    79     1    84 0.89 -
NW_025965287.1_RagTag:1529085-1528498 -            196 10360at314147        -            597   4.4e-18   61.2   1.1   2   2   6.1e-13   2.2e-10   35.8   0.7    69   197    51   175    51   190 0.85 -
contig_13085_pilon:902-109            -            219 10360at314147        -            597     2e-10   35.9   1.3   1   3   9.4e-06    0.0033   12.0   0.1    64   112    40    88    25    91 0.88 -
contig_13085_pilon:902-109            -            219 10360at314147        -            597     2e-10   35.9   1.3   2   3   3.4e-09   1.2e-06   23.4   0.1    62   123    80   140    76   151 0.83 -
contig_13085_pilon:902-109            -            219 10360at314147        -            597     2e-10   35.9   1.3   3   3     0.029        10    0.5   0.0    68   100   159   191   152   201 0.77 -
NW_025965321.1_RagTag:3116320-3115622 -            233 10360at314147        -            597   0.00038   15.1   0.0   1   1   1.6e-06   0.00056   14.6   0.0    29   129    24   126     5   133 0.61 -
NW_025965114.1_RagTag:29747-29574     -             58 10360at314147        -            597   0.00042   15.0   0.0   1   1   1.2e-06   0.00044   14.9   0.0   189   231    10    54     2    57 0.73 -
#
# Program:         hmmsearch
# Version:         3.1b2 (February 2015)
# Pipeline mode:   SEARCH
# Query file:      /home/bgerda/guppy_SUP/busco_downloads/lineages/glires_odb10/hmms/10360at314147.hmm
# Target file:     /home/bgerda/guppy_SUP/busco_results_flye/run_glires_odb10/metaeuk_output/initial_results/ragtag.scaffold.fasta.modified.fas
# Option settings: hmmsearch --domtblout /home/bgerda/guppy_SUP/busco_results_flye/run_glires_odb10/hmmer_output/initial_run_results/10360at314147.out --cpu 1 /home/bgerda/guppy_SUP/busco_downloads/lineages/glires_odb10/hmms/10360at314147.hmm /home/bgerda/guppy_SUP/busco_results_flye/run_glires_odb10/metaeuk_output/initial_results/ragtag.scaffold.fasta.modified.fas 
# Current dir:     /home/bgerda/guppy_SUP
# Date:            Sun May 21 17:16:44 2023
# [ok]
