#                                                                                             --- full sequence --- -------------- this domain -------------   hmm coord   ali coord   env coord
# target name                         accession   tlen query name           accession   qlen   E-value  score  bias   #  of  c-Evalue  i-Evalue  score  bias  from    to  from    to  from    to  acc description of target
#                 ------------------- ---------- ----- -------------------- ---------- ----- --------- ------ ----- --- --- --------- --------- ------ ----- ----- ----- ----- ----- ----- ----- ---- ---------------------
contig_52188_pilon:1550-468           -            361 11374at314147        -            558   9.9e-33  109.8  89.2   1  13   5.7e-05    0.0015   13.5   0.7   513   536     2    25     1    29 0.92 -
contig_52188_pilon:1550-468           -            361 11374at314147        -            558   9.9e-33  109.8  89.2   2  13   0.00021    0.0056   11.6   1.0   513   536    30    53    26    57 0.91 -
contig_52188_pilon:1550-468           -            361 11374at314147        -            558   9.9e-33  109.8  89.2   3  13   7.5e-05     0.002   13.1   0.9   513   535    58    80    55    84 0.91 -
contig_52188_pilon:1550-468           -            361 11374at314147        -            558   9.9e-33  109.8  89.2   4  13   1.2e-05   0.00032   15.7   1.1   513   536    86   109    81   113 0.91 -
contig_52188_pilon:1550-468           -            361 11374at314147        -            558   9.9e-33  109.8  89.2   5  13   8.9e-05    0.0023   12.8   0.5   513   536   114   137   111   141 0.91 -
contig_52188_pilon:1550-468           -            361 11374at314147        -            558   9.9e-33  109.8  89.2   6  13   5.3e-05    0.0014   13.6   1.7   513   536   142   165   138   169 0.91 -
contig_52188_pilon:1550-468           -            361 11374at314147        -            558   9.9e-33  109.8  89.2   7  13   5.1e-05    0.0013   13.6   1.5   513   535   170   192   167   196 0.91 -
contig_52188_pilon:1550-468           -            361 11374at314147        -            558   9.9e-33  109.8  89.2   8  13   3.3e-05   0.00087   14.2   0.8   513   536   198   221   195   225 0.91 -
contig_52188_pilon:1550-468           -            361 11374at314147        -            558   9.9e-33  109.8  89.2   9  13   2.7e-05   0.00072   14.5   1.5   513   535   226   248   222   252 0.91 -
contig_52188_pilon:1550-468           -            361 11374at314147        -            558   9.9e-33  109.8  89.2  10  13   8.5e-05    0.0022   12.9   0.9   513   536   254   277   251   281 0.91 -
contig_52188_pilon:1550-468           -            361 11374at314147        -            558   9.9e-33  109.8  89.2  11  13   0.00055     0.015   10.2   0.2   513   535   282   304   278   308 0.91 -
contig_52188_pilon:1550-468           -            361 11374at314147        -            558   9.9e-33  109.8  89.2  12  13   2.3e-05   0.00061   14.7   0.5   513   536   310   333   305   337 0.91 -
contig_52188_pilon:1550-468           -            361 11374at314147        -            558   9.9e-33  109.8  89.2  13  13    0.0011     0.028    9.3   0.5   513   535   338   360   335   361 0.93 -
contig_18340_pilon:996-2162           -            389 11374at314147        -            558   4.6e-27   91.1 108.2   1  14   0.00032    0.0084   11.0   1.3   513   535     2    24     1    28 0.92 -
contig_18340_pilon:996-2162           -            389 11374at314147        -            558   4.6e-27   91.1 108.2   2  14   0.00087     0.023    9.6   0.9   513   536    30    53    26    57 0.91 -
contig_18340_pilon:996-2162           -            389 11374at314147        -            558   4.6e-27   91.1 108.2   3  14   0.00022    0.0057   11.5   1.3   513   536    58    81    54    85 0.91 -
contig_18340_pilon:996-2162           -            389 11374at314147        -            558   4.6e-27   91.1 108.2   4  14   0.00057     0.015   10.2   1.6   513   535    86   108    82   112 0.91 -
contig_18340_pilon:996-2162           -            389 11374at314147        -            558   4.6e-27   91.1 108.2   5  14   8.7e-05    0.0023   12.9   1.8   513   536   114   137   111   141 0.91 -
contig_18340_pilon:996-2162           -            389 11374at314147        -            558   4.6e-27   91.1 108.2   6  14    0.0011     0.029    9.2   0.6   513   536   142   165   138   169 0.91 -
contig_18340_pilon:996-2162           -            389 11374at314147        -            558   4.6e-27   91.1 108.2   7  14   0.00041     0.011   10.7   0.9   513   535   170   192   167   196 0.91 -
contig_18340_pilon:996-2162           -            389 11374at314147        -            558   4.6e-27   91.1 108.2   8  14   7.8e-05    0.0021   13.0   1.6   513   535   198   220   194   224 0.91 -
contig_18340_pilon:996-2162           -            389 11374at314147        -            558   4.6e-27   91.1 108.2   9  14   0.00011    0.0028   12.6   0.9   513   536   226   249   223   253 0.91 -
contig_18340_pilon:996-2162           -            389 11374at314147        -            558   4.6e-27   91.1 108.2  10  14   0.00022    0.0056   11.6   1.6   513   536   254   277   251   282 0.91 -
contig_18340_pilon:996-2162           -            389 11374at314147        -            558   4.6e-27   91.1 108.2  11  14   2.7e-05    0.0007   14.6   1.9   513   536   282   305   278   309 0.91 -
contig_18340_pilon:996-2162           -            389 11374at314147        -            558   4.6e-27   91.1 108.2  12  14   7.7e-05     0.002   13.0   1.6   513   536   310   333   306   337 0.91 -
contig_18340_pilon:996-2162           -            389 11374at314147        -            558   4.6e-27   91.1 108.2  13  14   8.6e-05    0.0023   12.9   1.0   513   535   338   360   335   364 0.91 -
contig_18340_pilon:996-2162           -            389 11374at314147        -            558   4.6e-27   91.1 108.2  14  14   0.00063     0.017   10.0   0.9   513   535   366   388   362   389 0.93 -
contig_36320_pilon:1033-1992          -            320 11374at314147        -            558   1.3e-24   83.0  77.1   1  11    0.0004      0.01   10.7   1.0   513   536    17    40    11    45 0.91 -
contig_36320_pilon:1033-1992          -            320 11374at314147        -            558   1.3e-24   83.0  77.1   2  11   7.7e-05     0.002   13.0   1.0   513   535    45    67    42    71 0.91 -
contig_36320_pilon:1033-1992          -            320 11374at314147        -            558   1.3e-24   83.0  77.1   3  11   0.00026    0.0069   11.3   2.6   513   536    73    96    70   100 0.91 -
contig_36320_pilon:1033-1992          -            320 11374at314147        -            558   1.3e-24   83.0  77.1   4  11   8.5e-05    0.0022   12.9   0.9   513   535   101   123    98   127 0.91 -
contig_36320_pilon:1033-1992          -            320 11374at314147        -            558   1.3e-24   83.0  77.1   5  11   6.9e-05    0.0018   13.2   1.0   513   536   129   152   124   157 0.91 -
contig_36320_pilon:1033-1992          -            320 11374at314147        -            558   1.3e-24   83.0  77.1   6  11   7.2e-05    0.0019   13.1   1.1   513   536   157   180   154   184 0.91 -
contig_36320_pilon:1033-1992          -            320 11374at314147        -            558   1.3e-24   83.0  77.1   7  11   5.4e-05    0.0014   13.5   0.3   513   536   185   208   181   213 0.91 -
contig_36320_pilon:1033-1992          -            320 11374at314147        -            558   1.3e-24   83.0  77.1   8  11   0.00011    0.0028   12.6   0.9   513   536   213   236   210   240 0.91 -
contig_36320_pilon:1033-1992          -            320 11374at314147        -            558   1.3e-24   83.0  77.1   9  11   0.00062     0.016   10.1   0.8   513   536   241   264   237   268 0.91 -
contig_36320_pilon:1033-1992          -            320 11374at314147        -            558   1.3e-24   83.0  77.1  10  11   4.5e-05    0.0012   13.8   0.7   513   536   269   292   266   296 0.91 -
contig_36320_pilon:1033-1992          -            320 11374at314147        -            558   1.3e-24   83.0  77.1  11  11   0.00048     0.013   10.4   0.7   513   534   297   318   294   320 0.92 -
contig_52188_pilon:1712-1068          -            215 11374at314147        -            558     9e-22   73.6  51.2   1   8   6.7e-05    0.0018   13.2   0.4   514   535     1    22     1    26 0.94 -
contig_52188_pilon:1712-1068          -            215 11374at314147        -            558     9e-22   73.6  51.2   2   8   1.8e-05   0.00048   15.1   0.9   513   536    28    51    24    55 0.91 -
contig_52188_pilon:1712-1068          -            215 11374at314147        -            558     9e-22   73.6  51.2   3   8   2.4e-05   0.00062   14.7   0.8   513   536    56    79    51    83 0.91 -
contig_52188_pilon:1712-1068          -            215 11374at314147        -            558     9e-22   73.6  51.2   4   8   0.00011    0.0028   12.6   0.9   513   535    84   106    80   110 0.91 -
contig_52188_pilon:1712-1068          -            215 11374at314147        -            558     9e-22   73.6  51.2   5   8   3.5e-05   0.00091   14.2   0.9   513   536   112   135   108   139 0.91 -
contig_52188_pilon:1712-1068          -            215 11374at314147        -            558     9e-22   73.6  51.2   6   8     7e-06   0.00018   16.5   1.2   513   536   140   163   137   167 0.91 -
contig_52188_pilon:1712-1068          -            215 11374at314147        -            558     9e-22   73.6  51.2   7   8   4.2e-05    0.0011   13.9   0.4   513   535   168   190   163   194 0.91 -
contig_52188_pilon:1712-1068          -            215 11374at314147        -            558     9e-22   73.6  51.2   8   8     0.002     0.052    8.4   0.8   513   532   196   215   193   215 0.92 -
contig_18339_pilon:77-1480            -            468 11374at314147        -            558   3.4e-21   71.7  80.2   1  11   0.00027    0.0071   11.2   0.7   512   536    23    47    11    51 0.91 -
contig_18339_pilon:77-1480            -            468 11374at314147        -            558   3.4e-21   71.7  80.2   2  11   0.00017    0.0045   11.9   0.4   513   535    52    74    48    78 0.91 -
contig_18339_pilon:77-1480            -            468 11374at314147        -            558   3.4e-21   71.7  80.2   3  11    0.0022     0.058    8.2   4.4   513   537    80   104    76   126 0.81 -
contig_18339_pilon:77-1480            -            468 11374at314147        -            558   3.4e-21   71.7  80.2   4  11   0.00014    0.0038   12.1   0.6   512   536   248   272   239   276 0.91 -
contig_18339_pilon:77-1480            -            468 11374at314147        -            558   3.4e-21   71.7  80.2   5  11   0.00055     0.014   10.2   0.7   513   536   277   300   274   305 0.91 -
contig_18339_pilon:77-1480            -            468 11374at314147        -            558   3.4e-21   71.7  80.2   6  11   9.9e-05    0.0026   12.7   1.2   513   536   305   328   301   332 0.91 -
contig_18339_pilon:77-1480            -            468 11374at314147        -            558   3.4e-21   71.7  80.2   7  11   0.00044     0.012   10.5   2.9   513   536   333   356   329   360 0.91 -
contig_18339_pilon:77-1480            -            468 11374at314147        -            558   3.4e-21   71.7  80.2   8  11   0.00067     0.018    9.9   0.8   513   536   361   384   357   389 0.91 -
contig_18339_pilon:77-1480            -            468 11374at314147        -            558   3.4e-21   71.7  80.2   9  11   0.00031    0.0082   11.0   1.1   513   536   389   412   385   416 0.91 -
contig_18339_pilon:77-1480            -            468 11374at314147        -            558   3.4e-21   71.7  80.2  10  11   0.00024    0.0064   11.4   0.4   513   536   417   440   414   444 0.91 -
contig_18339_pilon:77-1480            -            468 11374at314147        -            558   3.4e-21   71.7  80.2  11  11   0.00021    0.0056   11.6   0.9   513   535   445   467   442   468 0.93 -
NW_025965328.1_RagTag:1309-710        -            200 11374at314147        -            558   1.3e-17   59.9  50.4   1   7    0.0016     0.041    8.7   0.8   512   535     9    32     3    36 0.92 -
NW_025965328.1_RagTag:1309-710        -            200 11374at314147        -            558   1.3e-17   59.9  50.4   2   7   4.3e-05    0.0011   13.9   2.2   513   536    38    61    35    66 0.91 -
NW_025965328.1_RagTag:1309-710        -            200 11374at314147        -            558   1.3e-17   59.9  50.4   3   7     4e-05    0.0011   14.0   1.3   513   535    66    88    62    92 0.91 -
NW_025965328.1_RagTag:1309-710        -            200 11374at314147        -            558   1.3e-17   59.9  50.4   4   7   1.7e-05   0.00045   15.2   1.7   513   536    94   117    91   121 0.91 -
NW_025965328.1_RagTag:1309-710        -            200 11374at314147        -            558   1.3e-17   59.9  50.4   5   7   6.1e-05    0.0016   13.4   1.8   513   535   122   144   118   148 0.91 -
NW_025965328.1_RagTag:1309-710        -            200 11374at314147        -            558   1.3e-17   59.9  50.4   6   7   2.3e-05    0.0006   14.8   0.6   513   536   150   173   147   177 0.91 -
NW_025965328.1_RagTag:1309-710        -            200 11374at314147        -            558   1.3e-17   59.9  50.4   7   7   0.00012    0.0031   12.4   0.7   513   534   178   199   174   200 0.93 -
contig_33351_pilon:8-595              -            196 11374at314147        -            558   1.6e-17   59.6  39.8   1   7   3.4e-05   0.00089   14.2   0.5   513   535     4    26     2    30 0.92 -
contig_33351_pilon:8-595              -            196 11374at314147        -            558   1.6e-17   59.6  39.8   2   7   0.00023    0.0061   11.5   0.6   513   535    32    54    29    58 0.91 -
contig_33351_pilon:8-595              -            196 11374at314147        -            558   1.6e-17   59.6  39.8   3   7   0.00042     0.011   10.6   0.3   512   535    59    82    55    87 0.91 -
contig_33351_pilon:8-595              -            196 11374at314147        -            558   1.6e-17   59.6  39.8   4   7   0.00014    0.0037   12.2   0.5   513   535    88   110    83   114 0.91 -
contig_33351_pilon:8-595              -            196 11374at314147        -            558   1.6e-17   59.6  39.8   5   7   2.6e-05   0.00068   14.6   0.3   513   536   116   139   113   143 0.91 -
contig_33351_pilon:8-595              -            196 11374at314147        -            558   1.6e-17   59.6  39.8   6   7   1.4e-05   0.00037   15.5   1.0   513   536   144   167   141   171 0.91 -
contig_33351_pilon:8-595              -            196 11374at314147        -            558   1.6e-17   59.6  39.8   7   7    0.0023     0.061    8.2   1.0   513   535   172   194   167   196 0.91 -
NW_025965271.1_RagTag:644000-644971   -            324 11374at314147        -            558   1.3e-15   53.3  60.2   1   9    0.0001    0.0027   12.6   0.5   513   536     7    30     4    34 0.91 -
NW_025965271.1_RagTag:644000-644971   -            324 11374at314147        -            558   1.3e-15   53.3  60.2   2   9      0.15       3.8    2.2   0.3   513   527    35    49    31    60 0.80 -
NW_025965271.1_RagTag:644000-644971   -            324 11374at314147        -            558   1.3e-15   53.3  60.2   3   9   6.3e-05    0.0017   13.3   1.4   512   536   146   170   131   174 0.90 -
NW_025965271.1_RagTag:644000-644971   -            324 11374at314147        -            558   1.3e-15   53.3  60.2   4   9   0.00071     0.019    9.9   1.3   513   536   175   198   172   202 0.91 -
NW_025965271.1_RagTag:644000-644971   -            324 11374at314147        -            558   1.3e-15   53.3  60.2   5   9   4.3e-05    0.0011   13.9   0.8   513   536   203   226   200   231 0.91 -
NW_025965271.1_RagTag:644000-644971   -            324 11374at314147        -            558   1.3e-15   53.3  60.2   6   9   9.4e-05    0.0025   12.8   1.6   513   536   231   254   227   258 0.91 -
NW_025965271.1_RagTag:644000-644971   -            324 11374at314147        -            558   1.3e-15   53.3  60.2   7   9   9.7e-05    0.0026   12.7   1.5   513   535   259   281   256   285 0.91 -
NW_025965271.1_RagTag:644000-644971   -            324 11374at314147        -            558   1.3e-15   53.3  60.2   8   9   5.6e-05    0.0015   13.5   3.0   513   536   287   310   284   318 0.90 -
NW_025965271.1_RagTag:644000-644971   -            324 11374at314147        -            558   1.3e-15   53.3  60.2   9   9      0.91        24   -0.4   0.1   513   522   315   324   311   324 0.90 -
contig_83186_pilon:3097-2462          -            212 11374at314147        -            558   1.7e-13   46.3  53.8   1   8   0.00025    0.0067   11.3   1.0   513   536     7    30     4    34 0.91 -
contig_83186_pilon:3097-2462          -            212 11374at314147        -            558   1.7e-13   46.3  53.8   2   8   0.00021    0.0054   11.6   1.6   513   535    35    57    29    61 0.91 -
contig_83186_pilon:3097-2462          -            212 11374at314147        -            558   1.7e-13   46.3  53.8   3   8   0.00024    0.0063   11.4   1.7   513   535    63    85    60    89 0.91 -
contig_83186_pilon:3097-2462          -            212 11374at314147        -            558   1.7e-13   46.3  53.8   4   8   0.00028    0.0074   11.2   1.1   513   536    91   114    88   118 0.91 -
contig_83186_pilon:3097-2462          -            212 11374at314147        -            558   1.7e-13   46.3  53.8   5   8    0.0002    0.0054   11.6   0.3   513   535   119   141   116   145 0.91 -
contig_83186_pilon:3097-2462          -            212 11374at314147        -            558   1.7e-13   46.3  53.8   6   8   0.00013    0.0035   12.3   1.0   513   536   147   170   144   174 0.91 -
contig_83186_pilon:3097-2462          -            212 11374at314147        -            558   1.7e-13   46.3  53.8   7   8    0.0029     0.076    7.8   5.5   513   536   175   198   172   209 0.89 -
contig_83186_pilon:3097-2462          -            212 11374at314147        -            558   1.7e-13   46.3  53.8   8   8      0.61        16    0.2   0.2   513   522   203   212   200   212 0.90 -
contig_43715_pilon:29-628             -            200 11374at314147        -            558   2.5e-13   45.7  42.6   1   7   0.00023     0.006   11.5   0.6   512   535    11    34     3    38 0.90 -
contig_43715_pilon:29-628             -            200 11374at314147        -            558   2.5e-13   45.7  42.6   2   7   5.2e-05    0.0014   13.6   0.8   513   536    40    63    36    67 0.91 -
contig_43715_pilon:29-628             -            200 11374at314147        -            558   2.5e-13   45.7  42.6   3   7   0.00086     0.023    9.6   2.3   513   535    68    90    64    94 0.91 -
contig_43715_pilon:29-628             -            200 11374at314147        -            558   2.5e-13   45.7  42.6   4   7    0.0022     0.058    8.2   0.6   513   535    96   118    92   124 0.90 -
contig_43715_pilon:29-628             -            200 11374at314147        -            558   2.5e-13   45.7  42.6   5   7   0.00024    0.0062   11.4   0.6   513   535   124   146   121   151 0.91 -
contig_43715_pilon:29-628             -            200 11374at314147        -            558   2.5e-13   45.7  42.6   6   7   5.5e-05    0.0014   13.5   0.5   513   536   152   175   148   180 0.91 -
contig_43715_pilon:29-628             -            200 11374at314147        -            558   2.5e-13   45.7  42.6   7   7     0.008      0.21    6.4   0.4   513   531   180   198   176   200 0.89 -
contig_70752_pilon:1562-1984          -            141 11374at314147        -            558   4.5e-13   44.9  28.7   1   5   8.5e-06   0.00022   16.2   0.8   512   536    19    43     9    47 0.91 -
contig_70752_pilon:1562-1984          -            141 11374at314147        -            558   4.5e-13   44.9  28.7   2   5   1.4e-05   0.00036   15.5   0.9   513   536    48    71    45    75 0.91 -
contig_70752_pilon:1562-1984          -            141 11374at314147        -            558   4.5e-13   44.9  28.7   3   5   1.1e-05   0.00028   15.9   0.9   513   536    76    99    72   103 0.91 -
contig_70752_pilon:1562-1984          -            141 11374at314147        -            558   4.5e-13   44.9  28.7   4   5   4.5e-05    0.0012   13.8   2.9   513   536   104   127   101   135 0.90 -
contig_70752_pilon:1562-1984          -            141 11374at314147        -            558   4.5e-13   44.9  28.7   5   5      0.34         9    1.0   0.2   513   522   132   141   126   141 0.90 -
contig_43334_pilon:1190-1762          -            191 11374at314147        -            558     3e-11   38.9  30.0   1   6    0.0015     0.041    8.7   1.0   513   535    37    59    29    63 0.90 -
contig_43334_pilon:1190-1762          -            191 11374at314147        -            558     3e-11   38.9  30.0   2   6   9.8e-05    0.0026   12.7   0.5   513   536    65    88    59    92 0.91 -
contig_43334_pilon:1190-1762          -            191 11374at314147        -            558     3e-11   38.9  30.0   3   6    0.0003    0.0078   11.1   0.3   513   536    93   116    90   120 0.91 -
contig_43334_pilon:1190-1762          -            191 11374at314147        -            558     3e-11   38.9  30.0   4   6   0.00026    0.0068   11.3   0.3   513   535   121   143   117   147 0.91 -
contig_43334_pilon:1190-1762          -            191 11374at314147        -            558     3e-11   38.9  30.0   5   6   0.00022    0.0059   11.5   0.3   513   535   149   171   146   177 0.91 -
contig_43334_pilon:1190-1762          -            191 11374at314147        -            558     3e-11   38.9  30.0   6   6     0.059       1.5    3.5   0.2   513   525   177   189   173   191 0.85 -
NW_025965235.1_RagTag:119535-118921   -            205 11374at314147        -            558     2e-10   36.1  40.5   1   7    0.0013     0.033    9.0   0.1   513   535    12    34     6    38 0.91 -
NW_025965235.1_RagTag:119535-118921   -            205 11374at314147        -            558     2e-10   36.1  40.5   2   7   0.00022    0.0057   11.6   0.5   513   535    40    62    37    66 0.91 -
NW_025965235.1_RagTag:119535-118921   -            205 11374at314147        -            558     2e-10   36.1  40.5   3   7   6.4e-05    0.0017   13.3   2.6   513   536    68    91    64    96 0.91 -
NW_025965235.1_RagTag:119535-118921   -            205 11374at314147        -            558     2e-10   36.1  40.5   4   7    0.0071      0.19    6.6   0.8   512   535    95   118    92   122 0.86 -
NW_025965235.1_RagTag:119535-118921   -            205 11374at314147        -            558     2e-10   36.1  40.5   5   7      0.44        12    0.6   0.5   513   535   124   146   118   150 0.84 -
NW_025965235.1_RagTag:119535-118921   -            205 11374at314147        -            558     2e-10   36.1  40.5   6   7   0.00079     0.021    9.7   2.4   512   535   151   174   139   178 0.91 -
NW_025965235.1_RagTag:119535-118921   -            205 11374at314147        -            558     2e-10   36.1  40.5   7   7   0.00081     0.021    9.7   0.6   513   535   180   202   176   205 0.92 -
contig_10836_pilon:33-731             -            233 11374at314147        -            558   2.6e-10   35.8  51.4   1   8    0.0035     0.092    7.6   0.5   513   535    12    34     8    38 0.91 -
contig_10836_pilon:33-731             -            233 11374at314147        -            558   2.6e-10   35.8  51.4   2   8     0.014      0.36    5.6   0.3   513   535    40    62    36    67 0.88 -
contig_10836_pilon:33-731             -            233 11374at314147        -            558   2.6e-10   35.8  51.4   3   8     0.002     0.053    8.4   3.1   513   535    68    90    64    95 0.91 -
contig_10836_pilon:33-731             -            233 11374at314147        -            558   2.6e-10   35.8  51.4   4   8     0.019       0.5    5.1   0.6   513   535    96   118    93   124 0.90 -
contig_10836_pilon:33-731             -            233 11374at314147        -            558   2.6e-10   35.8  51.4   5   8     0.035      0.92    4.3   0.4   513   535   124   146   120   150 0.89 -
contig_10836_pilon:33-731             -            233 11374at314147        -            558   2.6e-10   35.8  51.4   6   8   2.5e-05   0.00066   14.6   0.5   513   536   152   175   148   179 0.91 -
contig_10836_pilon:33-731             -            233 11374at314147        -            558   2.6e-10   35.8  51.4   7   8   2.5e-05   0.00066   14.6   0.5   513   536   180   203   176   207 0.91 -
contig_10836_pilon:33-731             -            233 11374at314147        -            558   2.6e-10   35.8  51.4   8   8    0.0016     0.041    8.7   2.2   513   535   208   230   205   233 0.91 -
NW_025965207.1_RagTag:11562-10675     -            296 11374at314147        -            558   4.3e-09   31.8  68.6   1  10       2.5        67   -1.9   0.4   210   222     5    17     3    29 0.66 -
NW_025965207.1_RagTag:11562-10675     -            296 11374at314147        -            558   4.3e-09   31.8  68.6   2  10     0.009      0.24    6.2   2.5   513   535    33    55    29    60 0.90 -
NW_025965207.1_RagTag:11562-10675     -            296 11374at314147        -            558   4.3e-09   31.8  68.6   3  10   0.00014    0.0037   12.2   0.9   513   535    61    83    58    87 0.91 -
NW_025965207.1_RagTag:11562-10675     -            296 11374at314147        -            558   4.3e-09   31.8  68.6   4  10    0.0001    0.0027   12.6   1.1   513   538    89   114    84   124 0.87 -
NW_025965207.1_RagTag:11562-10675     -            296 11374at314147        -            558   4.3e-09   31.8  68.6   5  10     0.028      0.73    4.6   1.5   512   535   143   166   118   170 0.89 -
NW_025965207.1_RagTag:11562-10675     -            296 11374at314147        -            558   4.3e-09   31.8  68.6   6  10   0.00015    0.0038   12.1   0.6   511   536   170   195   166   200 0.91 -
NW_025965207.1_RagTag:11562-10675     -            296 11374at314147        -            558   4.3e-09   31.8  68.6   7  10    0.0017     0.045    8.6   1.1   513   535   200   222   196   227 0.90 -
NW_025965207.1_RagTag:11562-10675     -            296 11374at314147        -            558   4.3e-09   31.8  68.6   8  10    0.0017     0.044    8.6   1.0   513   535   228   250   225   255 0.90 -
NW_025965207.1_RagTag:11562-10675     -            296 11374at314147        -            558   4.3e-09   31.8  68.6   9  10    0.0017     0.045    8.6   5.8   513   536   256   279   252   291 0.88 -
NW_025965207.1_RagTag:11562-10675     -            296 11374at314147        -            558   4.3e-09   31.8  68.6  10  10       1.5        38   -1.1   0.1   513   522   284   293   280   295 0.86 -
contig_10031_pilon:1043-315           -            243 11374at314147        -            558   7.8e-09   30.9  60.2   1   9     0.045       1.2    3.9   0.2   514   535     1    22     1    25 0.93 -
contig_10031_pilon:1043-315           -            243 11374at314147        -            558   7.8e-09   30.9  60.2   2   9   0.00023     0.006   11.5   0.8   513   535    28    50    24    55 0.91 -
contig_10031_pilon:1043-315           -            243 11374at314147        -            558   7.8e-09   30.9  60.2   3   9    0.0076       0.2    6.5   0.4   513   535    56    78    52    83 0.90 -
contig_10031_pilon:1043-315           -            243 11374at314147        -            558   7.8e-09   30.9  60.2   4   9     0.085       2.2    3.0   5.6   513   535    84   106    80   110 0.90 -
contig_10031_pilon:1043-315           -            243 11374at314147        -            558   7.8e-09   30.9  60.2   5   9    0.0011     0.028    9.3   0.6   513   535   112   134   109   140 0.90 -
contig_10031_pilon:1043-315           -            243 11374at314147        -            558   7.8e-09   30.9  60.2   6   9    0.0007     0.018    9.9   0.6   513   535   140   162   135   167 0.90 -
contig_10031_pilon:1043-315           -            243 11374at314147        -            558   7.8e-09   30.9  60.2   7   9     0.002     0.051    8.4   0.6   513   535   168   190   162   194 0.91 -
contig_10031_pilon:1043-315           -            243 11374at314147        -            558   7.8e-09   30.9  60.2   8   9    0.0006     0.016   10.1   0.6   513   535   196   218   192   223 0.90 -
contig_10031_pilon:1043-315           -            243 11374at314147        -            558   7.8e-09   30.9  60.2   9   9    0.0055      0.15    6.9   0.8   513   532   224   243   219   243 0.92 -
contig_70752_pilon:955-1209           -             85 11374at314147        -            558     1e-08   30.5   9.3   1   2   4.8e-06   0.00013   17.0   1.4   512   536    24    48    17    51 0.91 -
contig_70752_pilon:955-1209           -             85 11374at314147        -            558     1e-08   30.5   9.3   2   2   1.6e-06   4.2e-05   18.6   1.4   512   536    52    76    49    84 0.91 -
NW_025965375.1_RagTag:160364-159888   -            159 11374at314147        -            558   2.5e-08   29.2  25.3   1   4   0.00035    0.0093   10.9   1.0   513   535    34    56    28    60 0.91 -
NW_025965375.1_RagTag:160364-159888   -            159 11374at314147        -            558   2.5e-08   29.2  25.3   2   4   0.00018    0.0048   11.8   0.3   513   536    62    85    59    89 0.91 -
NW_025965375.1_RagTag:160364-159888   -            159 11374at314147        -            558   2.5e-08   29.2  25.3   3   4   0.00047     0.012   10.4   1.1   513   535    90   112    86   116 0.91 -
NW_025965375.1_RagTag:160364-159888   -            159 11374at314147        -            558   2.5e-08   29.2  25.3   4   4   0.00029    0.0075   11.2   3.3   513   541   118   146   113   158 0.80 -
contig_78026_pilon:1141-2283          -            381 11374at314147        -            558   4.8e-08   28.3  28.3   1   9       0.5        13    0.5   0.0    45    67    28    50    17    60 0.85 -
contig_78026_pilon:1141-2283          -            381 11374at314147        -            558   4.8e-08   28.3  28.3   2   9      0.01      0.27    6.0   0.0   514   540    93   119    89   135 0.86 -
contig_78026_pilon:1141-2283          -            381 11374at314147        -            558   4.8e-08   28.3  28.3   3   9    0.0044      0.12    7.2   0.1    43    69   146   172   143   177 0.89 -
contig_78026_pilon:1141-2283          -            381 11374at314147        -            558   4.8e-08   28.3  28.3   4   9    0.0014     0.036    8.9   0.1   512   535   178   201   171   206 0.91 -
contig_78026_pilon:1141-2283          -            381 11374at314147        -            558   4.8e-08   28.3  28.3   5   9      0.11         3    2.6   0.2   514   537   208   231   204   248 0.74 -
contig_78026_pilon:1141-2283          -            381 11374at314147        -            558   4.8e-08   28.3  28.3   6   9     0.046       1.2    3.9   0.0   509   535   270   296   264   300 0.90 -
contig_78026_pilon:1141-2283          -            381 11374at314147        -            558   4.8e-08   28.3  28.3   7   9    0.0056      0.15    6.9   0.4   513   536   302   325   296   342 0.88 -
contig_78026_pilon:1141-2283          -            381 11374at314147        -            558   4.8e-08   28.3  28.3   8   9      0.96        25   -0.5   0.0   513   535   330   352   325   356 0.89 -
contig_78026_pilon:1141-2283          -            381 11374at314147        -            558   4.8e-08   28.3  28.3   9   9    0.0086      0.23    6.3   0.1   514   534   359   379   355   381 0.91 -
contig_36320_pilon:384-1025           -            214 11374at314147        -            558   6.4e-08   27.9  43.7   1   7      0.67        18    0.0   0.3   512   535    36    59     5    65 0.77 -
contig_36320_pilon:384-1025           -            214 11374at314147        -            558   6.4e-08   27.9  43.7   2   7    0.0023     0.059    8.2   1.5   512   535    64    87    55    91 0.89 -
contig_36320_pilon:384-1025           -            214 11374at314147        -            558   6.4e-08   27.9  43.7   3   7   0.00018    0.0046   11.9   1.0   513   536    93   116    90   121 0.91 -
contig_36320_pilon:384-1025           -            214 11374at314147        -            558   6.4e-08   27.9  43.7   4   7   0.00027     0.007   11.3   1.0   513   535   121   143   117   147 0.91 -
contig_36320_pilon:384-1025           -            214 11374at314147        -            558   6.4e-08   27.9  43.7   5   7   8.3e-05    0.0022   12.9   2.3   513   536   149   172   144   176 0.91 -
contig_36320_pilon:384-1025           -            214 11374at314147        -            558   6.4e-08   27.9  43.7   6   7   0.00039      0.01   10.7   0.9   513   536   177   200   174   204 0.91 -
contig_36320_pilon:384-1025           -            214 11374at314147        -            558   6.4e-08   27.9  43.7   7   7      0.57        15    0.3   0.2   513   522   205   214   199   214 0.90 -
NW_025965127.1_RagTag:122616-122107   -            170 11374at314147        -            558   1.9e-07   26.3  17.2   1   5     0.054       1.4    3.6   0.0   513   535     9    31     6    36 0.81 -
NW_025965127.1_RagTag:122616-122107   -            170 11374at314147        -            558   1.9e-07   26.3  17.2   2   5   2.2e-05   0.00058   14.8   1.4   386   438    36    83    32    92 0.90 -
NW_025965127.1_RagTag:122616-122107   -            170 11374at314147        -            558   1.9e-07   26.3  17.2   3   5    0.0043      0.11    7.3   0.2   512   536    92   116    88   120 0.92 -
NW_025965127.1_RagTag:122616-122107   -            170 11374at314147        -            558   1.9e-07   26.3  17.2   4   5    0.0076       0.2    6.5   0.1   513   535   121   143   118   148 0.89 -
NW_025965127.1_RagTag:122616-122107   -            170 11374at314147        -            558   1.9e-07   26.3  17.2   5   5     0.057       1.5    3.6   0.1   513   534   149   170   145   170 0.88 -
contig_53583_pilon:2103-1624          -            160 11374at314147        -            558   2.6e-07   25.9  33.9   1   5   0.00019    0.0049   11.8   0.6   513   536    19    42     9    46 0.91 -
contig_53583_pilon:2103-1624          -            160 11374at314147        -            558   2.6e-07   25.9  33.9   2   5    0.0027     0.071    7.9   1.2   513   535    47    69    42    74 0.91 -
contig_53583_pilon:2103-1624          -            160 11374at314147        -            558   2.6e-07   25.9  33.9   3   5     0.012       0.3    5.8   1.1   513   535    75    97    71   101 0.89 -
contig_53583_pilon:2103-1624          -            160 11374at314147        -            558   2.6e-07   25.9  33.9   4   5     0.009      0.24    6.2   3.0   512   536   102   126    99   131 0.91 -
contig_53583_pilon:2103-1624          -            160 11374at314147        -            558   2.6e-07   25.9  33.9   5   5   1.2e-05   0.00032   15.7   0.8   513   535   131   153   127   157 0.91 -
NW_025965166.1_RagTag:126554-126123   -            144 11374at314147        -            558   4.1e-07   25.2  18.8   1   5    0.0034     0.089    7.6   2.2   512   536     7    31     5    35 0.91 -
NW_025965166.1_RagTag:126554-126123   -            144 11374at314147        -            558   4.1e-07   25.2  18.8   2   5     0.016      0.42    5.4   0.1   513   535    36    58    32    62 0.90 -
NW_025965166.1_RagTag:126554-126123   -            144 11374at314147        -            558   4.1e-07   25.2  18.8   3   5    0.0077       0.2    6.4   0.2   513   535    64    86    61    90 0.88 -
NW_025965166.1_RagTag:126554-126123   -            144 11374at314147        -            558   4.1e-07   25.2  18.8   4   5    0.0015     0.039    8.8   0.1   513   536    92   115    89   118 0.91 -
NW_025965166.1_RagTag:126554-126123   -            144 11374at314147        -            558   4.1e-07   25.2  18.8   5   5    0.0048      0.13    7.1   0.1   514   536   121   143   117   144 0.93 -
NW_025965039.1_RagTag:269913-269302   -            204 11374at314147        -            558     6e-07   24.7  28.8   1   2     5e-05    0.0013   13.7   0.1   513   535    12    34     5    38 0.92 -
NW_025965039.1_RagTag:269913-269302   -            204 11374at314147        -            558     6e-07   24.7  28.8   2   2      0.33       8.7    1.1  23.9   383   535    36   202    34   204 0.72 -
NW_025965250.1_RagTag:154575-54238    -            212 11374at314147        -            558   2.7e-06   22.6  26.1   1   7    0.0038     0.099    7.5   0.4   513   535    19    41     6    47 0.87 -
NW_025965250.1_RagTag:154575-54238    -            212 11374at314147        -            558   2.7e-06   22.6  26.1   2   7     0.016      0.43    5.4   0.5   512   552    46    87    42    87 0.79 -
NW_025965250.1_RagTag:154575-54238    -            212 11374at314147        -            558   2.7e-06   22.6  26.1   3   7    0.0054      0.14    6.9   0.3   513   535    75    97    72   102 0.86 -
NW_025965250.1_RagTag:154575-54238    -            212 11374at314147        -            558   2.7e-06   22.6  26.1   4   7      0.08       2.1    3.1   0.1   513   535   103   125    98   128 0.68 -
NW_025965250.1_RagTag:154575-54238    -            212 11374at314147        -            558   2.7e-06   22.6  26.1   5   7    0.0091      0.24    6.2   3.7   513   537   131   155   127   178 0.81 -
NW_025965250.1_RagTag:154575-54238    -            212 11374at314147        -            558   2.7e-06   22.6  26.1   6   7      0.57        15    0.3   0.3   513   535   159   181   155   185 0.61 -
NW_025965250.1_RagTag:154575-54238    -            212 11374at314147        -            558   2.7e-06   22.6  26.1   7   7     0.002     0.054    8.3   0.3   513   535   187   209   174   212 0.86 -
contig_28105_pilon:1448-873           -            192 11374at314147        -            558   5.4e-06   21.5  19.6   1   6     0.069       1.8    3.3   0.1   513   535     6    28     3    32 0.87 -
contig_28105_pilon:1448-873           -            192 11374at314147        -            558   5.4e-06   21.5  19.6   2   6     0.018      0.48    5.2   0.6   512   535    33    56    30    74 0.86 -
contig_28105_pilon:1448-873           -            192 11374at314147        -            558   5.4e-06   21.5  19.6   3   6      0.23       6.1    1.5   0.1   512   534    61    83    56    89 0.58 -
contig_28105_pilon:1448-873           -            192 11374at314147        -            558   5.4e-06   21.5  19.6   4   6    0.0046      0.12    7.2   0.0   514   537    91   114    86   116 0.92 -
contig_28105_pilon:1448-873           -            192 11374at314147        -            558   5.4e-06   21.5  19.6   5   6   0.00018    0.0047   11.8   0.5   512   551   117   157   115   162 0.85 -
contig_28105_pilon:1448-873           -            192 11374at314147        -            558   5.4e-06   21.5  19.6   6   6     0.075         2    3.2   0.2   512   531   173   192   164   192 0.88 -
NW_025965341.1_RagTag:41694-41227     -            156 11374at314147        -            558   7.7e-06   21.0  14.3   1   5     0.018      0.47    5.2   0.1   512   535    22    45     5    51 0.88 -
NW_025965341.1_RagTag:41694-41227     -            156 11374at314147        -            558   7.7e-06   21.0  14.3   2   5   0.00086     0.022    9.6   0.3   513   535    51    73    47    78 0.90 -
NW_025965341.1_RagTag:41694-41227     -            156 11374at314147        -            558   7.7e-06   21.0  14.3   3   5     0.019      0.49    5.2   0.0   512   535    78   101    73   105 0.91 -
NW_025965341.1_RagTag:41694-41227     -            156 11374at314147        -            558   7.7e-06   21.0  14.3   4   5     0.025      0.65    4.8   0.0   513   535   107   129   103   134 0.87 -
NW_025965341.1_RagTag:41694-41227     -            156 11374at314147        -            558   7.7e-06   21.0  14.3   5   5     0.046       1.2    3.9   0.5   513   534   135   156   131   156 0.93 -
NW_025965341.1_RagTag:10227-11063     -            279 11374at314147        -            558   2.5e-05   19.3  29.1   1   8    0.0022     0.057    8.3   2.1   388   439     2    48     1    56 0.87 -
NW_025965341.1_RagTag:10227-11063     -            279 11374at314147        -            558   2.5e-05   19.3  29.1   2   8      0.14       3.8    2.2   1.3    24    68    33    77    29    82 0.61 -
NW_025965341.1_RagTag:10227-11063     -            279 11374at314147        -            558   2.5e-05   19.3  29.1   3   8    0.0032     0.084    7.7   0.5   512   535    84   107    76   110 0.90 -
NW_025965341.1_RagTag:10227-11063     -            279 11374at314147        -            558   2.5e-05   19.3  29.1   4   8     0.029      0.75    4.6   0.2    47    69   112   134   108   153 0.88 -
NW_025965341.1_RagTag:10227-11063     -            279 11374at314147        -            558   2.5e-05   19.3  29.1   5   8     0.056       1.5    3.6   0.1   512   535   169   192   156   196 0.78 -
NW_025965341.1_RagTag:10227-11063     -            279 11374at314147        -            558   2.5e-05   19.3  29.1   6   8     0.099       2.6    2.8   0.1   513   535   198   220   194   224 0.66 -
NW_025965341.1_RagTag:10227-11063     -            279 11374at314147        -            558   2.5e-05   19.3  29.1   7   8     0.079       2.1    3.1   0.0   513   535   226   248   222   252 0.88 -
NW_025965341.1_RagTag:10227-11063     -            279 11374at314147        -            558   2.5e-05   19.3  29.1   8   8     0.083       2.2    3.0   0.0   513   535   254   276   251   279 0.90 -
NW_025965341.1_RagTag:79117-79728     -            204 11374at314147        -            558   3.2e-05   19.0  28.7   1   7     0.056       1.5    3.6   0.2   513   535    12    34     6    38 0.88 -
NW_025965341.1_RagTag:79117-79728     -            204 11374at314147        -            558   3.2e-05   19.0  28.7   2   7    0.0071      0.18    6.6   0.2   512   536    39    63    35    67 0.85 -
NW_025965341.1_RagTag:79117-79728     -            204 11374at314147        -            558   3.2e-05   19.0  28.7   3   7   0.00029    0.0076   11.1   0.4   512   535    67    90    64    94 0.91 -
NW_025965341.1_RagTag:79117-79728     -            204 11374at314147        -            558   3.2e-05   19.0  28.7   4   7     0.054       1.4    3.7   0.6   513   535    96   118    92   124 0.80 -
NW_025965341.1_RagTag:79117-79728     -            204 11374at314147        -            558   3.2e-05   19.0  28.7   5   7     0.011      0.28    6.0   2.3   512   552   123   164   118   165 0.80 -
NW_025965341.1_RagTag:79117-79728     -            204 11374at314147        -            558   3.2e-05   19.0  28.7   6   7     0.032      0.84    4.4   0.1   513   535   152   174   149   178 0.88 -
NW_025965341.1_RagTag:79117-79728     -            204 11374at314147        -            558   3.2e-05   19.0  28.7   7   7      0.19         5    1.8   0.0   513   534   180   201   177   204 0.83 -
contig_37853_pilon:1183-1722          -            180 11374at314147        -            558   3.9e-05   18.7  24.3   1   4      0.97        25   -0.5   1.0   507   538    25    54     5    64 0.73 -
contig_37853_pilon:1183-1722          -            180 11374at314147        -            558   3.9e-05   18.7  24.3   2   4      0.72        19   -0.1   1.7   513   535    57    79    46    90 0.80 -
contig_37853_pilon:1183-1722          -            180 11374at314147        -            558   3.9e-05   18.7  24.3   3   4   1.3e-05   0.00035   15.5   0.7   513   536   113   136   108   140 0.91 -
contig_37853_pilon:1183-1722          -            180 11374at314147        -            558   3.9e-05   18.7  24.3   4   4   0.00023     0.006   11.5   5.7   513   537   141   165   138   180 0.84 -
contig_81532_pilon:2155-1715          -            147 11374at314147        -            558   0.00019   16.4  35.5   1   5    0.0012     0.031    9.1   2.1   510   536     6    33     2    37 0.83 -
contig_81532_pilon:2155-1715          -            147 11374at314147        -            558   0.00019   16.4  35.5   2   5     0.045       1.2    3.9   1.2   513   535    38    60    35    66 0.88 -
contig_81532_pilon:2155-1715          -            147 11374at314147        -            558   0.00019   16.4  35.5   3   5   0.00041     0.011   10.6   1.2   512   535    66    89    61    93 0.90 -
contig_81532_pilon:2155-1715          -            147 11374at314147        -            558   0.00019   16.4  35.5   4   5    0.0017     0.045    8.6   2.0   512   535    94   117    89   121 0.93 -
contig_81532_pilon:2155-1715          -            147 11374at314147        -            558   0.00019   16.4  35.5   5   5    0.0068      0.18    6.6   1.0   513   535   123   145   118   147 0.91 -
NW_025965341.1_RagTag:50625-49930     -            232 11374at314147        -            558    0.0002   16.3  30.2   1   7    0.0066      0.17    6.7   0.5   512   535    14    37     6    41 0.88 -
NW_025965341.1_RagTag:50625-49930     -            232 11374at314147        -            558    0.0002   16.3  30.2   2   7     0.034       0.9    4.3   0.1   387   409    43    65    38    73 0.61 -
NW_025965341.1_RagTag:50625-49930     -            232 11374at314147        -            558    0.0002   16.3  30.2   3   7      0.11       2.9    2.6   0.1   513   535    71    93    68    98 0.72 -
NW_025965341.1_RagTag:50625-49930     -            232 11374at314147        -            558    0.0002   16.3  30.2   4   7    0.0058      0.15    6.8   0.5   513   536    99   122    95   125 0.90 -
NW_025965341.1_RagTag:50625-49930     -            232 11374at314147        -            558    0.0002   16.3  30.2   5   7    0.0053      0.14    7.0   1.0   512   548   126   159   122   174 0.69 -
NW_025965341.1_RagTag:50625-49930     -            232 11374at314147        -            558    0.0002   16.3  30.2   6   7    0.0055      0.14    6.9   0.4   512   535   182   205   170   210 0.89 -
NW_025965341.1_RagTag:50625-49930     -            232 11374at314147        -            558    0.0002   16.3  30.2   7   7      0.43        11    0.7   0.1    47    68   210   231   205   232 0.60 -
NW_025965289.1_RagTag:81519-82214     -            232 11374at314147        -            558   0.00022   16.2  24.7   1   6     0.001     0.027    9.3   0.2   512   535    36    59    32    64 0.92 -
NW_025965289.1_RagTag:81519-82214     -            232 11374at314147        -            558   0.00022   16.2  24.7   2   6     0.019       0.5    5.2   2.5   513   546    65    99    63   114 0.73 -
NW_025965289.1_RagTag:81519-82214     -            232 11374at314147        -            558   0.00022   16.2  24.7   3   6     0.054       1.4    3.7   0.1   386   411   120   145   114   153 0.78 -
NW_025965289.1_RagTag:81519-82214     -            232 11374at314147        -            558   0.00022   16.2  24.7   4   6     0.072       1.9    3.2   0.1   513   536   149   172   145   179 0.89 -
NW_025965289.1_RagTag:81519-82214     -            232 11374at314147        -            558   0.00022   16.2  24.7   5   6      0.19         5    1.8   0.1   513   535   177   199   173   203 0.87 -
NW_025965289.1_RagTag:81519-82214     -            232 11374at314147        -            558   0.00022   16.2  24.7   6   6      0.01      0.26    6.1   0.6   512   535   204   227   197   230 0.87 -
contig_43715_pilon:891-1472           -            194 11374at314147        -            558   0.00028   15.9  23.6   1   5      0.38        10    0.8   0.1   516   535     8    27     4    31 0.89 -
contig_43715_pilon:891-1472           -            194 11374at314147        -            558   0.00028   15.9  23.6   2   5      0.29       7.5    1.3   0.0   513   535    33    55    30    60 0.88 -
contig_43715_pilon:891-1472           -            194 11374at314147        -            558   0.00028   15.9  23.6   3   5     0.021      0.56    5.0   2.7   513   536    61    84    57    98 0.89 -
contig_43715_pilon:891-1472           -            194 11374at314147        -            558   0.00028   15.9  23.6   4   5    0.0001    0.0026   12.7   0.6   511   535   143   167   136   171 0.91 -
contig_43715_pilon:891-1472           -            194 11374at314147        -            558   0.00028   15.9  23.6   5   5    0.0018     0.048    8.5   1.1   511   531   171   191   167   194 0.89 -
NW_025965308.1_RagTag:55812-49683     -            437 11374at314147        -            558   0.00043   15.3   0.0   1   2      0.23         6    1.6   0.0   360   421   147   208   122   221 0.81 -
NW_025965308.1_RagTag:55812-49683     -            437 11374at314147        -            558   0.00043   15.3   0.0   2   2   0.00026    0.0068   11.3   0.0   381   408   345   372   329   386 0.83 -
NW_025965341.1_RagTag:115157-115672   -            172 11374at314147        -            558    0.0005   15.0  29.5   1   6      0.29       7.7    1.2   0.1   514   534    11    31     7    36 0.77 -
NW_025965341.1_RagTag:115157-115672   -            172 11374at314147        -            558    0.0005   15.0  29.5   2   6   0.00016    0.0041   12.0   0.7   512   536    37    61    32    66 0.89 -
NW_025965341.1_RagTag:115157-115672   -            172 11374at314147        -            558    0.0005   15.0  29.5   3   6    0.0091      0.24    6.2   5.0   513   545    66    98    63   107 0.82 -
NW_025965341.1_RagTag:115157-115672   -            172 11374at314147        -            558    0.0005   15.0  29.5   4   6     0.025      0.65    4.8   0.8   511   535    92   116    91   120 0.87 -
NW_025965341.1_RagTag:115157-115672   -            172 11374at314147        -            558    0.0005   15.0  29.5   5   6    0.0087      0.23    6.3   2.1   513   537   122   146   119   163 0.83 -
NW_025965341.1_RagTag:115157-115672   -            172 11374at314147        -            558    0.0005   15.0  29.5   6   6      0.33       8.7    1.0   0.2   514   534   151   171   147   172 0.82 -
NW_025965358.1_RagTag:7313-6858       -            152 11374at314147        -            558   0.00052   15.0  23.1   1   4    0.0033     0.087    7.7   0.4   511   535     2    26     1    30 0.78 -
NW_025965358.1_RagTag:7313-6858       -            152 11374at314147        -            558   0.00052   15.0  23.1   2   4     0.023       0.6    4.9   0.1   512   535    31    54    28    59 0.90 -
NW_025965358.1_RagTag:7313-6858       -            152 11374at314147        -            558   0.00052   15.0  23.1   3   4    0.0016     0.043    8.7   1.4   386   442    59   109    54   116 0.74 -
NW_025965358.1_RagTag:7313-6858       -            152 11374at314147        -            558   0.00052   15.0  23.1   4   4     0.014      0.36    5.6   4.9   512   539   115   142   106   152 0.84 -
NW_025965301.1_RagTag:107840-107193   -            216 11374at314147        -            558   0.00053   15.0  11.1   1   5      0.15       3.8    2.2   0.0   513   544    31    62    26    75 0.72 -
NW_025965301.1_RagTag:107840-107193   -            216 11374at314147        -            558   0.00053   15.0  11.1   2   5     0.053       1.4    3.7   0.1    28    68    68   108    63   113 0.83 -
NW_025965301.1_RagTag:107840-107193   -            216 11374at314147        -            558   0.00053   15.0  11.1   3   5    0.0052      0.14    7.0   0.1   513   535   116   138   106   143 0.90 -
NW_025965301.1_RagTag:107840-107193   -            216 11374at314147        -            558   0.00053   15.0  11.1   4   5    0.0064      0.17    6.7   0.3   513   537   144   168   142   182 0.88 -
NW_025965301.1_RagTag:107840-107193   -            216 11374at314147        -            558   0.00053   15.0  11.1   5   5       1.3        33   -0.9   0.0   513   530   199   216   186   216 0.74 -
NW_025965190.1_RagTag:126348-126803   -            152 11374at314147        -            558   0.00085   14.3  12.1   1   4     0.014      0.38    5.5   0.3   512   538    14    40     9    47 0.88 -
NW_025965190.1_RagTag:126348-126803   -            152 11374at314147        -            558   0.00085   14.3  12.1   2   4     0.054       1.4    3.6   0.4   511   536    69    94    54   101 0.82 -
NW_025965190.1_RagTag:126348-126803   -            152 11374at314147        -            558   0.00085   14.3  12.1   3   4     0.044       1.2    3.9   0.1   512   535    98   121    94   125 0.89 -
NW_025965190.1_RagTag:126348-126803   -            152 11374at314147        -            558   0.00085   14.3  12.1   4   4    0.0057      0.15    6.9   0.1   512   535   126   149   121   151 0.92 -
NW_025965432.1_RagTag:538045-539154   -            370 11374at314147        -            558   0.00095   14.1  77.8   1  12      0.22       5.8    1.6   1.8   512   535    10    33     7    37 0.88 -
NW_025965432.1_RagTag:538045-539154   -            370 11374at314147        -            558   0.00095   14.1  77.8   2  12    0.0072      0.19    6.5   3.1   511   535    37    61    33    67 0.89 -
NW_025965432.1_RagTag:538045-539154   -            370 11374at314147        -            558   0.00095   14.1  77.8   3  12     0.079       2.1    3.1   0.7   514   534    68    88    63    94 0.51 -
NW_025965432.1_RagTag:538045-539154   -            370 11374at314147        -            558   0.00095   14.1  77.8   4  12      0.04         1    4.1   0.3   513   535    95   117    90   121 0.90 -
NW_025965432.1_RagTag:538045-539154   -            370 11374at314147        -            558   0.00095   14.1  77.8   5  12      0.01      0.27    6.0   0.4   512   535   122   145   120   150 0.90 -
NW_025965432.1_RagTag:538045-539154   -            370 11374at314147        -            558   0.00095   14.1  77.8   6  12    0.0019     0.049    8.5   1.1   513   536   151   174   147   179 0.87 -
NW_025965432.1_RagTag:538045-539154   -            370 11374at314147        -            558   0.00095   14.1  77.8   7  12     0.033      0.86    4.4   0.2   513   537   179   203   173   207 0.88 -
NW_025965432.1_RagTag:538045-539154   -            370 11374at314147        -            558   0.00095   14.1  77.8   8  12   0.00072     0.019    9.8   0.5   513   536   207   230   204   234 0.90 -
NW_025965432.1_RagTag:538045-539154   -            370 11374at314147        -            558   0.00095   14.1  77.8   9  12     0.016      0.41    5.4   0.6   512   535   234   257   230   261 0.81 -
NW_025965432.1_RagTag:538045-539154   -            370 11374at314147        -            558   0.00095   14.1  77.8  10  12     0.019      0.49    5.2   3.4   386   437   262   308   259   316 0.76 -
NW_025965432.1_RagTag:538045-539154   -            370 11374at314147        -            558   0.00095   14.1  77.8  11  12     0.031      0.81    4.5   0.1   513   535   319   341   314   345 0.74 -
NW_025965432.1_RagTag:538045-539154   -            370 11374at314147        -            558   0.00095   14.1  77.8  12  12     0.063       1.7    3.4   0.4   513   534   347   368   343   370 0.85 -
NW_025965300.1_RagTag:179035-179624   -            188 11374at314147        -            558    0.0042   12.0   1.3   1   1    0.0002    0.0052   11.7   1.3   384   432   139   182   127   188 0.85 -
NW_025965039.1_RagTag:270214-269894   -            107 11374at314147        -            558    0.0073   11.2   2.0   1   2     0.002     0.052    8.4   2.5   512   536    26    50     3    63 0.88 -
NW_025965039.1_RagTag:270214-269894   -            107 11374at314147        -            558    0.0073   11.2   2.0   2   2      0.41        11    0.8   0.0   513   532    55    74    51    86 0.76 -
NW_025965341.1_RagTag:133798-133214   -            195 11374at314147        -            558     0.011   10.6  31.7   1   6      0.03      0.79    4.5   0.4   512   535    11    34     4    39 0.86 -
NW_025965341.1_RagTag:133798-133214   -            195 11374at314147        -            558     0.011   10.6  31.7   2   6      0.15         4    2.1   0.0   513   535    40    62    37    67 0.86 -
NW_025965341.1_RagTag:133798-133214   -            195 11374at314147        -            558     0.011   10.6  31.7   3   6    0.0011     0.029    9.2   1.4   513   535    68    90    64    94 0.90 -
NW_025965341.1_RagTag:133798-133214   -            195 11374at314147        -            558     0.011   10.6  31.7   4   6    0.0021     0.054    8.3   0.4   513   535    96   118    92   122 0.90 -
NW_025965341.1_RagTag:133798-133214   -            195 11374at314147        -            558     0.011   10.6  31.7   5   6      0.26       6.8    1.4   0.2   512   535   123   146   121   150 0.85 -
NW_025965341.1_RagTag:133798-133214   -            195 11374at314147        -            558     0.011   10.6  31.7   6   6     0.087       2.3    3.0   2.6   513   536   152   175   149   192 0.86 -
NW_025965215.1_RagTag:23669-22371     -            433 11374at314147        -            558     0.024    9.5  33.5   1   7    0.0057      0.15    6.9   0.3   512   535   244   267   232   271 0.85 -
NW_025965215.1_RagTag:23669-22371     -            433 11374at314147        -            558     0.024    9.5  33.5   2   7    0.0058      0.15    6.9   0.7   513   551   273   311   267   313 0.83 -
NW_025965215.1_RagTag:23669-22371     -            433 11374at314147        -            558     0.024    9.5  33.5   3   7      0.71        19   -0.1   0.0   516   537   303   324   296   327 0.84 -
NW_025965215.1_RagTag:23669-22371     -            433 11374at314147        -            558     0.024    9.5  33.5   4   7     0.052       1.4    3.7   0.1   512   535   327   350   318   354 0.79 -
NW_025965215.1_RagTag:23669-22371     -            433 11374at314147        -            558     0.024    9.5  33.5   5   7     0.024      0.63    4.8   0.1   512   535   355   378   351   382 0.90 -
NW_025965215.1_RagTag:23669-22371     -            433 11374at314147        -            558     0.024    9.5  33.5   6   7      0.21       5.6    1.7   2.3   512   535   383   406   381   410 0.80 -
NW_025965215.1_RagTag:23669-22371     -            433 11374at314147        -            558     0.024    9.5  33.5   7   7     0.022      0.59    4.9   1.3   513   534   412   433   409   433 0.70 -
NW_025965299.1_RagTag:2340-1810       -            177 11374at314147        -            558     0.051    8.4  19.2   1   4   0.00089     0.023    9.5   0.4   384   440    12    63     5    69 0.84 -
NW_025965299.1_RagTag:2340-1810       -            177 11374at314147        -            558     0.051    8.4  19.2   2   4    0.0028     0.073    7.9   0.5   511   535    69    93    59   103 0.83 -
NW_025965299.1_RagTag:2340-1810       -            177 11374at314147        -            558     0.051    8.4  19.2   3   4       4.6   1.2e+02   -2.7   5.0   512   535   126   149    98   162 0.72 -
NW_025965299.1_RagTag:2340-1810       -            177 11374at314147        -            558     0.051    8.4  19.2   4   4       0.1       2.6    2.8   0.8   512   534   154   176   146   177 0.91 -
contig_31119_pilon:1895-1227          -            223 11374at314147        -            558     0.092    7.6  15.4   1   6      0.36       9.4    0.9   0.1   388   411    27    50    24    60 0.78 -
contig_31119_pilon:1895-1227          -            223 11374at314147        -            558     0.092    7.6  15.4   2   6      0.54        14    0.3   0.0   514   535    56    77    48    81 0.80 -
contig_31119_pilon:1895-1227          -            223 11374at314147        -            558     0.092    7.6  15.4   3   6      0.11       2.8    2.7   0.0   512   536    82   106    78   124 0.85 -
contig_31119_pilon:1895-1227          -            223 11374at314147        -            558     0.092    7.6  15.4   4   6      0.21       5.6    1.7   0.2   514   535   140   161   136   165 0.78 -
contig_31119_pilon:1895-1227          -            223 11374at314147        -            558     0.092    7.6  15.4   5   6     0.028      0.74    4.6   1.5   513   536   167   190   164   206 0.78 -
contig_31119_pilon:1895-1227          -            223 11374at314147        -            558     0.092    7.6  15.4   6   6      0.19         5    1.8   0.1   388   407   196   215   191   221 0.68 -
NW_025965250.1_RagTag:8956-9588       -            211 11374at314147        -            558       0.2    6.4  31.3   1   5    0.0052      0.14    7.0   3.5   501   536    35    70    19    75 0.84 -
NW_025965250.1_RagTag:8956-9588       -            211 11374at314147        -            558       0.2    6.4  31.3   2   5     0.049       1.3    3.8   0.3   513   535    75    97    71   102 0.89 -
NW_025965250.1_RagTag:8956-9588       -            211 11374at314147        -            558       0.2    6.4  31.3   3   5      0.04         1    4.1   2.3   513   539   103   129    99   140 0.85 -
NW_025965250.1_RagTag:8956-9588       -            211 11374at314147        -            558       0.2    6.4  31.3   4   5      0.18       4.7    1.9   0.6   513   535   159   181   150   186 0.81 -
NW_025965250.1_RagTag:8956-9588       -            211 11374at314147        -            558       0.2    6.4  31.3   5   5      0.01      0.26    6.1   0.1   388   409   188   209   182   211 0.62 -
NW_025965028.1_RagTag:362640-363958   -            372 11374at314147        -            558      0.23    6.3  18.3   1   3    0.0093      0.24    6.2   0.3   377   410   254   287   177   292 0.66 -
NW_025965028.1_RagTag:362640-363958   -            372 11374at314147        -            558      0.23    6.3  18.3   2   3    0.0084      0.22    6.3   1.4   387   439   292   339   288   344 0.80 -
NW_025965028.1_RagTag:362640-363958   -            372 11374at314147        -            558      0.23    6.3  18.3   3   3      0.14       3.6    2.3   4.2   512   535   347   370   339   372 0.85 -
NW_025965442.1_RagTag:53303-52854     -            150 11374at314147        -            558      0.33    5.8  19.4   1   4      0.16       4.2    2.1   3.6   512   536    23    47    12    59 0.83 -
NW_025965442.1_RagTag:53303-52854     -            150 11374at314147        -            558      0.33    5.8  19.4   2   4      0.55        14    0.3   0.1   512   535    51    74    47    79 0.82 -
NW_025965442.1_RagTag:53303-52854     -            150 11374at314147        -            558      0.33    5.8  19.4   3   4    0.0015     0.039    8.8   1.1   512   537    79   104    72   107 0.93 -
NW_025965442.1_RagTag:53303-52854     -            150 11374at314147        -            558      0.33    5.8  19.4   4   4     0.051       1.3    3.7   0.9   513   537   108   132   105   146 0.86 -
NW_025965182.1_RagTag:1737866-1738443 -            179 11374at314147        -            558      0.36    5.6  25.2   1   5     0.021      0.54    5.0   0.1   516   538     1    23     1    26 0.91 -
NW_025965182.1_RagTag:1737866-1738443 -            179 11374at314147        -            558      0.36    5.6  25.2   2   5      0.05       1.3    3.8   1.6   513   536    26    49    22    65 0.85 -
NW_025965182.1_RagTag:1737866-1738443 -            179 11374at314147        -            558      0.36    5.6  25.2   3   5       1.3        34   -0.9   0.2   513   524    54    65    51    69 0.85 -
NW_025965182.1_RagTag:1737866-1738443 -            179 11374at314147        -            558      0.36    5.6  25.2   4   5     0.095       2.5    2.8   0.7   513   535    97   119    88   124 0.89 -
NW_025965182.1_RagTag:1737866-1738443 -            179 11374at314147        -            558      0.36    5.6  25.2   5   5     0.009      0.24    6.2   4.2   513   537   125   149   119   171 0.81 -
NW_025965279.1_RagTag:155988-77570    -            245 11374at314147        -            558      0.45    5.3  44.3   1   7    0.0027     0.072    7.9   0.3   512   535    11    34     6    38 0.90 -
NW_025965279.1_RagTag:155988-77570    -            245 11374at314147        -            558      0.45    5.3  44.3   2   7      0.12       3.2    2.5   2.5   513   536    40    63    36    83 0.54 -
NW_025965279.1_RagTag:155988-77570    -            245 11374at314147        -            558      0.45    5.3  44.3   3   7      0.11       2.8    2.7   0.8   513   535    68    90    65    96 0.75 -
NW_025965279.1_RagTag:155988-77570    -            245 11374at314147        -            558      0.45    5.3  44.3   4   7      0.44        12    0.6   5.1   387   425    96   129    91   151 0.63 -
NW_025965279.1_RagTag:155988-77570    -            245 11374at314147        -            558      0.45    5.3  44.3   5   7    0.0061      0.16    6.8   1.4   512   536   151   175   135   179 0.81 -
NW_025965279.1_RagTag:155988-77570    -            245 11374at314147        -            558      0.45    5.3  44.3   6   7     0.019      0.51    5.1   0.8   385   410   178   203   175   207 0.82 -
NW_025965279.1_RagTag:155988-77570    -            245 11374at314147        -            558      0.45    5.3  44.3   7   7     0.022      0.57    4.9   0.5   513   535   208   230   202   243 0.56 -
NW_025965233.1_RagTag:196599-200331   -            387 11374at314147        -            558      0.62    4.8  22.4   1   5     0.024      0.64    4.8   0.1   512   536   213   237   205   242 0.89 -
NW_025965233.1_RagTag:196599-200331   -            387 11374at314147        -            558      0.62    4.8  22.4   2   5      0.04       1.1    4.1   0.9   513   537   242   266   239   270 0.87 -
NW_025965233.1_RagTag:196599-200331   -            387 11374at314147        -            558      0.62    4.8  22.4   3   5     0.079       2.1    3.1   0.7   512   536   269   293   265   310 0.87 -
NW_025965233.1_RagTag:196599-200331   -            387 11374at314147        -            558      0.62    4.8  22.4   4   5     0.064       1.7    3.4   3.3   511   550   320   360   317   366 0.84 -
NW_025965233.1_RagTag:196599-200331   -            387 11374at314147        -            558      0.62    4.8  22.4   5   5       0.1       2.7    2.7   0.1   513   538   350   375   346   385 0.79 -
NW_025965182.1_RagTag:1756006-1757067 -            354 11374at314147        -            558      0.63    4.8  42.4   1  11       2.1        56   -1.6   0.0   517   536     1    20     1    27 0.90 -
NW_025965182.1_RagTag:1756006-1757067 -            354 11374at314147        -            558      0.63    4.8  42.4   2  11      0.29       7.6    1.2   0.1   513   534    25    46    11    70 0.67 -
NW_025965182.1_RagTag:1756006-1757067 -            354 11374at314147        -            558      0.63    4.8  42.4   3  11     0.024      0.63    4.8   0.1   513   535    81   103    77   108 0.91 -
NW_025965182.1_RagTag:1756006-1757067 -            354 11374at314147        -            558      0.63    4.8  42.4   4  11    0.0015     0.039    8.8   0.9   513   542   109   138   103   146 0.86 -
NW_025965182.1_RagTag:1756006-1757067 -            354 11374at314147        -            558      0.63    4.8  42.4   5  11      0.28       7.3    1.3   1.8   512   539   164   191   153   209 0.70 -
NW_025965182.1_RagTag:1756006-1757067 -            354 11374at314147        -            558      0.63    4.8  42.4   6  11      0.25       6.6    1.5   0.1   513   535   193   215   189   218 0.73 -
NW_025965182.1_RagTag:1756006-1757067 -            354 11374at314147        -            558      0.63    4.8  42.4   7  11     0.064       1.7    3.4   2.7   511   537   219   245   214   260 0.84 -
NW_025965182.1_RagTag:1756006-1757067 -            354 11374at314147        -            558      0.63    4.8  42.4   8  11      0.23       6.1    1.6   0.1   512   535   248   271   246   275 0.90 -
NW_025965182.1_RagTag:1756006-1757067 -            354 11374at314147        -            558      0.63    4.8  42.4   9  11      0.34         9    1.0   0.8   514   535   278   299   272   314 0.71 -
NW_025965182.1_RagTag:1756006-1757067 -            354 11374at314147        -            558      0.63    4.8  42.4  10  11      0.23         6    1.6   0.7   512   536   304   328   299   339 0.84 -
NW_025965182.1_RagTag:1756006-1757067 -            354 11374at314147        -            558      0.63    4.8  42.4  11  11      0.16       4.2    2.1   0.1   512   533   332   353   318   354 0.79 -
NW_025965297.1_RagTag:263516-264714   -            299 11374at314147        -            558       3.4    2.4  10.5   1   4       3.2        83   -2.2   0.0   420   439    73    92    70    98 0.81 -
NW_025965297.1_RagTag:263516-264714   -            299 11374at314147        -            558       3.4    2.4  10.5   2   4     0.018      0.46    5.3   0.4   512   535   100   123    90   127 0.90 -
NW_025965297.1_RagTag:263516-264714   -            299 11374at314147        -            558       3.4    2.4  10.5   3   4      0.14       3.7    2.3   4.2   512   536   100   124    98   155 0.65 -
NW_025965297.1_RagTag:263516-264714   -            299 11374at314147        -            558       3.4    2.4  10.5   4   4      0.15         4    2.2   0.1   387   438   247   293   221   298 0.79 -
#
# Program:         hmmsearch
# Version:         3.1b2 (February 2015)
# Pipeline mode:   SEARCH
# Query file:      /home/bgerda/guppy_SUP/busco_downloads/lineages/glires_odb10/hmms/11374at314147.hmm
# Target file:     /home/bgerda/guppy_SUP/busco_results_flye/run_glires_odb10/metaeuk_output/initial_results/ragtag.scaffold.fasta.modified.fas
# Option settings: hmmsearch --domtblout /home/bgerda/guppy_SUP/busco_results_flye/run_glires_odb10/hmmer_output/initial_run_results/11374at314147.out --cpu 1 /home/bgerda/guppy_SUP/busco_downloads/lineages/glires_odb10/hmms/11374at314147.hmm /home/bgerda/guppy_SUP/busco_results_flye/run_glires_odb10/metaeuk_output/initial_results/ragtag.scaffold.fasta.modified.fas 
# Current dir:     /home/bgerda/guppy_SUP
# Date:            Sun May 21 17:16:49 2023
# [ok]
