#                                                                                             --- full sequence --- -------------- this domain -------------   hmm coord   ali coord   env coord
# target name                         accession   tlen query name           accession   qlen   E-value  score  bias   #  of  c-Evalue  i-Evalue  score  bias  from    to  from    to  from    to  acc description of target
#                 ------------------- ---------- ----- -------------------- ---------- ----- --------- ------ ----- --- --- --------- --------- ------ ----- ----- ----- ----- ----- ----- ----- ---- ---------------------
contig_36320_pilon:1033-1992          -            320 13744at314147        -            466  2.5e-125  415.3 106.6   1   3   3.1e-46   6.2e-45  150.2  32.1   136   312     3   169     1   170 0.95 -
contig_36320_pilon:1033-1992          -            320 13744at314147        -            466  2.5e-125  415.3 106.6   2   3   2.2e-46   4.4e-45  150.7  32.6   126   309    77   250    77   253 0.96 -
contig_36320_pilon:1033-1992          -            320 13744at314147        -            466  2.5e-125  415.3 106.6   3   3   1.7e-43   3.2e-42  141.2  25.9   125   294   160   319   159   320 0.88 -
contig_18340_pilon:996-2162           -            389 13744at314147        -            466    4e-111  368.4  89.0   1   3   9.2e-54   1.8e-52  175.1  35.2   124   319     4   189     1   190 0.96 -
contig_18340_pilon:996-2162           -            389 13744at314147        -            466    4e-111  368.4  89.0   2   3   3.1e-22   6.2e-21   71.1   9.2   136   212   184   256   182   257 0.95 -
contig_18340_pilon:996-2162           -            389 13744at314147        -            466    4e-111  368.4  89.0   3   3   4.3e-46   8.5e-45  149.8  28.6   125   294   229   388   228   389 0.96 -
contig_52188_pilon:1550-468           -            361 13744at314147        -            466  7.3e-106  351.1  77.9   1   3   5.2e-24     1e-22   77.0   8.9   125   211     5    87     1    88 0.55 -
contig_52188_pilon:1550-468           -            361 13744at314147        -            466  7.3e-106  351.1  77.9   2   3   1.6e-51   3.1e-50  167.7  30.4   126   319    34   217    34   218 0.97 -
contig_52188_pilon:1550-468           -            361 13744at314147        -            466  7.3e-106  351.1  77.9   3   3   3.3e-41   6.5e-40  133.7  22.6   126   294   202   360   202   361 0.78 -
contig_18339_pilon:77-1480            -            468 13744at314147        -            466   1.5e-90  300.6  69.2   1   3   5.3e-31     1e-29  100.0  15.9   133   253     7   119     1   133 0.89 -
contig_18339_pilon:77-1480            -            468 13744at314147        -            466   1.5e-90  300.6  69.2   2   3   7.3e-37   1.4e-35  119.3  22.5   135   272   234   363   226   364 0.95 -
contig_18339_pilon:77-1480            -            468 13744at314147        -            466   1.5e-90  300.6  69.2   3   3   3.1e-28     6e-27   90.9  15.8   155   265   364   468   362   468 0.95 -
NW_025965432.1_RagTag:538045-539154   -            370 13744at314147        -            466   9.3e-85  281.5  81.0   1   3   1.5e-16     3e-15   52.4  15.8   231   319     2    86     1    86 0.97 -
NW_025965432.1_RagTag:538045-539154   -            370 13744at314147        -            466   9.3e-85  281.5  81.0   2   3   9.2e-38   1.8e-36  122.3  23.2   156   319    43   198    43   199 0.98 -
NW_025965432.1_RagTag:538045-539154   -            370 13744at314147        -            466   9.3e-85  281.5  81.0   3   3   2.3e-41   4.5e-40  134.2  26.0   136   320   193   367   192   370 0.96 -
NW_025965071.1_RagTag:3231-4808       -            526 13744at314147        -            466   2.7e-82  273.4  83.4   1   4   5.2e-10     1e-08   30.8   9.5   155   269     5   112     1   112 0.84 -
NW_025965071.1_RagTag:3231-4808       -            526 13744at314147        -            466   2.7e-82  273.4  83.4   2   4   2.7e-26   5.3e-25   84.5  19.3   125   318    88   271    87   272 0.96 -
NW_025965071.1_RagTag:3231-4808       -            526 13744at314147        -            466   2.7e-82  273.4  83.4   3   4   1.5e-43     3e-42  141.4  28.6   126   319   257   440   256   440 0.97 -
NW_025965071.1_RagTag:3231-4808       -            526 13744at314147        -            466   2.7e-82  273.4  83.4   4   4   3.3e-18   6.6e-17   57.8  11.9   126   233   425   526   425   526 0.70 -
NW_025965207.1_RagTag:11562-10675     -            296 13744at314147        -            466   6.1e-80  265.6  88.8   1   3     2e-24     4e-23   78.3  22.2   145   270     1   117     1   125 0.89 -
NW_025965207.1_RagTag:11562-10675     -            296 13744at314147        -            466   6.1e-80  265.6  88.8   2   3   5.8e-23   1.1e-21   73.5  13.7   141   241    52   145    51   146 0.95 -
NW_025965207.1_RagTag:11562-10675     -            296 13744at314147        -            466   6.1e-80  265.6  88.8   3   3   2.8e-43   5.4e-42  140.5  36.9   126   311   121   295   118   296 0.94 -
NW_025965022.1_RagTag:271697-270735   -            321 13744at314147        -            466   1.4e-79  264.4  55.5   1   3   5.8e-30   1.1e-28   96.6  12.8   165   307     6   139     1   140 0.83 -
NW_025965022.1_RagTag:271697-270735   -            321 13744at314147        -            466   1.4e-79  264.4  55.5   2   3   1.4e-17   2.7e-16   55.8   3.9   168   241   120   189   117   189 0.82 -
NW_025965022.1_RagTag:271697-270735   -            321 13744at314147        -            466   1.4e-79  264.4  55.5   3   3   8.9e-43   1.7e-41  138.8  22.9   126   318   136   318   135   321 0.96 -
contig_10031_pilon:1043-315           -            243 13744at314147        -            466   2.4e-77  257.1  70.1   1   2   6.8e-39   1.3e-37  126.0  27.6   155   311     3   151     1   153 0.96 -
contig_10031_pilon:1043-315           -            243 13744at314147        -            466   2.4e-77  257.1  70.1   2   2   2.2e-44   4.3e-43  144.1  34.5   125   319    59   243    58   243 0.97 -
NW_025965279.1_RagTag:155988-77570    -            245 13744at314147        -            466   1.9e-74  247.5  67.7   1   2   4.8e-39   9.4e-38  126.5  27.8   139   310     1   162     1   164 0.96 -
NW_025965279.1_RagTag:155988-77570    -            245 13744at314147        -            466   1.9e-74  247.5  67.7   2   2   2.5e-41   4.9e-40  134.1  31.9   126   319    44   227    44   227 0.97 -
NW_025965250.1_RagTag:250643-249792   -            284 13744at314147        -            466   3.9e-71  236.6  69.9   1   3   5.9e-29   1.2e-27   93.3  18.8   125   241    12   122     3   124 0.95 -
NW_025965250.1_RagTag:250643-249792   -            284 13744at314147        -            466   3.9e-71  236.6  69.9   2   3   7.8e-34   1.5e-32  109.4  25.7   125   273    96   236    95   236 0.95 -
NW_025965250.1_RagTag:250643-249792   -            284 13744at314147        -            466   3.9e-71  236.6  69.9   3   3   4.9e-19   9.7e-18   60.6   9.4   125   205   208   284   207   284 0.95 -
NW_025965182.1_RagTag:1756006-1757067 -            354 13744at314147        -            466   2.3e-68  227.4  52.5   1   3   1.6e-28   3.1e-27   91.9  13.0   156   308     1   145     1   149 0.96 -
NW_025965182.1_RagTag:1756006-1757067 -            354 13744at314147        -            466   2.3e-68  227.4  52.5   2   3   1.4e-39   2.7e-38  128.3  26.0   126   319   141   324   141   324 0.96 -
NW_025965182.1_RagTag:1756006-1757067 -            354 13744at314147        -            466   2.3e-68  227.4  52.5   3   3   2.9e-07   5.7e-06   21.8   1.3   227   263   320   354   316   354 0.92 -
NW_025965271.1_RagTag:644000-644971   -            324 13744at314147        -            466   1.6e-64  214.8  50.8   1   3   7.7e-13   1.5e-11   40.1   1.3   174   237     1    59     1    66 0.83 -
NW_025965271.1_RagTag:644000-644971   -            324 13744at314147        -            466   1.6e-64  214.8  50.8   2   3   4.8e-38   9.4e-37  123.2  21.5   134   272   131   261   124   262 0.96 -
NW_025965271.1_RagTag:644000-644971   -            324 13744at314147        -            466   1.6e-64  214.8  50.8   3   3   3.3e-24   6.5e-23   77.6  12.8   156   250   235   323   234   324 0.49 -
NW_025965215.1_RagTag:23669-22371     -            433 13744at314147        -            466   3.8e-62  206.9  43.6   1   2   3.5e-31   6.8e-30  100.6  14.4   174   319   239   375   232   375 0.96 -
NW_025965215.1_RagTag:23669-22371     -            433 13744at314147        -            466   3.8e-62  206.9  43.6   2   2     4e-37   7.8e-36  120.2  21.2   126   293   277   433   275   433 0.65 -
NW_025965071.1_RagTag:28229-29119     -            297 13744at314147        -            466   9.1e-61  202.4  64.9   1   2   3.3e-33   6.5e-32  107.3  24.1   155   318     3   158     1   159 0.96 -
NW_025965071.1_RagTag:28229-29119     -            297 13744at314147        -            466   9.1e-61  202.4  64.9   2   2   1.4e-33   2.8e-32  108.5  32.7   126   316   116   296   114   297 0.92 -
NW_025965436.1_RagTag:1617-781        -            279 13744at314147        -            466   9.1e-60  199.1  71.8   1   3     0.012      0.23    6.6   0.4   299   320     1    22     1    28 0.92 -
NW_025965436.1_RagTag:1617-781        -            279 13744at314147        -            466   9.1e-60  199.1  71.8   2   3   4.2e-35   8.3e-34  113.5  34.4   119   311    29   209    24   210 0.95 -
NW_025965436.1_RagTag:1617-781        -            279 13744at314147        -            466   9.1e-60  199.1  71.8   3   3   1.2e-30   2.4e-29   98.9  29.4   126   295   118   277   118   279 0.96 -
NW_025965341.1_RagTag:10227-11063     -            279 13744at314147        -            466   5.2e-59  196.6  35.2   1   2   2.6e-33   5.2e-32  107.6  18.6   155   309     4   150     2   160 0.93 -
NW_025965341.1_RagTag:10227-11063     -            279 13744at314147        -            466   5.2e-59  196.6  35.2   2   2   1.1e-28   2.2e-27   92.4   9.0   208   324   168   278   157   279 0.92 -
contig_83186_pilon:3097-2462          -            212 13744at314147        -            466   9.3e-58  192.5  40.4   1   2   3.8e-26   7.4e-25   84.0  13.9   144   241     1    92     1    93 0.94 -
contig_83186_pilon:3097-2462          -            212 13744at314147        -            466   9.3e-58  192.5  40.4   2   2   9.7e-26   1.9e-24   82.7  12.0   126   220   123   211   122   212 0.80 -
NW_025965289.1_RagTag:81519-82214     -            232 13744at314147        -            466   9.7e-58  192.4  45.2   1   2   1.7e-44   3.3e-43  144.5  26.8   147   319    34   196    27   196 0.93 -
NW_025965289.1_RagTag:81519-82214     -            232 13744at314147        -            466   9.7e-58  192.4  45.2   2   2   3.8e-19   7.4e-18   60.9  10.5   154   239   151   232   150   232 0.92 -
contig_52188_pilon:1712-1068          -            215 13744at314147        -            466   2.6e-57  191.0  33.6   1   2   1.1e-42   2.1e-41  138.5  20.7   125   286     3   154     1   154 0.90 -
contig_52188_pilon:1712-1068          -            215 13744at314147        -            466   2.6e-57  191.0  33.6   2   2   5.2e-18     1e-16   57.2   4.5   136   201   154   215   153   215 0.95 -
NW_025965250.1_RagTag:154575-54238    -            212 13744at314147        -            466   4.5e-57  190.2  35.0   1   2   1.4e-30   2.8e-29   98.6  10.7   146   271    15   132     4   134 0.89 -
NW_025965250.1_RagTag:154575-54238    -            212 13744at314147        -            466   4.5e-57  190.2  35.0   2   2   2.3e-32   4.5e-31  104.5  16.3   139   267    92   212    92   212 0.95 -
contig_33351_pilon:8-595              -            196 13744at314147        -            466   2.3e-56  187.9  33.2   1   2   8.2e-34   1.6e-32  109.3  13.5   148   272     2   118     1   119 0.95 -
contig_33351_pilon:8-595              -            196 13744at314147        -            466   2.3e-56  187.9  33.2   2   2   2.2e-28   4.3e-27   91.4  11.7   126   236    92   196    90   196 0.56 -
contig_10836_pilon:33-731             -            233 13744at314147        -            466   3.9e-56  187.1  45.5   1   2   2.1e-39   4.2e-38  127.7  29.5   142   311     4   163     2   165 0.95 -
contig_10836_pilon:33-731             -            233 13744at314147        -            466   3.9e-56  187.1  45.5   2   2   7.4e-22   1.5e-20   69.9  10.2   126   207   156   233   155   233 0.96 -
contig_43715_pilon:29-628             -            200 13744at314147        -            466   2.6e-55  184.4  40.4   1   2   1.5e-18     3e-17   59.0   7.7   169   241     1    69     1    69 0.54 -
contig_43715_pilon:29-628             -            200 13744at314147        -            466   2.6e-55  184.4  40.4   2   2   1.4e-42   2.7e-41  138.2  24.8   126   318    44   198    42   200 0.54 -
NW_025965328.1_RagTag:1309-710        -            200 13744at314147        -            466   1.7e-51  171.8  32.3   1   2     2e-34   3.9e-33  111.3  18.1   141   272     1   124     1   125 0.93 -
NW_025965328.1_RagTag:1309-710        -            200 13744at314147        -            466   1.7e-51  171.8  32.3   2   2   4.8e-20   9.5e-19   63.9   7.2   155   233   125   199   123   200 0.90 -
NW_025965341.1_RagTag:133798-133214   -            195 13744at314147        -            466   4.5e-51  170.4  35.8   1   2   2.8e-19   5.5e-18   61.4   3.8   169   241     1    69     1    69 0.82 -
NW_025965341.1_RagTag:133798-133214   -            195 13744at314147        -            466   4.5e-51  170.4  35.8   2   2   1.4e-37   2.7e-36  121.7  24.1   155   311    43   191    42   195 0.94 -
contig_36320_pilon:384-1025           -            214 13744at314147        -            466   1.7e-50  168.5  44.9   1   2   7.4e-21   1.5e-19   66.6  17.3   121   241     8   122     2   122 0.87 -
contig_36320_pilon:384-1025           -            214 13744at314147        -            466   1.7e-50  168.5  44.9   2   2   1.7e-35   3.3e-34  114.8  19.7   125   250    96   213    95   214 0.95 -
NW_025965235.1_RagTag:119535-118921   -            205 13744at314147        -            466   1.7e-49  165.3  34.2   1   2   4.8e-35   9.4e-34  113.4  18.4   139   286     1   138     1   139 0.95 -
NW_025965235.1_RagTag:119535-118921   -            205 13744at314147        -            466   1.7e-49  165.3  34.2   2   2   8.9e-19   1.8e-17   59.7  11.1   126   207   128   205   128   205 0.95 -
contig_43334_pilon:1190-1762          -            191 13744at314147        -            466   2.8e-49  164.5  24.3   1   1   1.7e-50   3.4e-49  164.3  24.3   133   313    20   190    13   191 0.95 -
contig_28105_pilon:1448-873           -            192 13744at314147        -            466   1.1e-48  162.6  24.8   1   1   3.6e-49   7.1e-48  159.9  24.8   117   318     3   192     1   192 0.96 -
NW_025965317.1_RagTag:1475061-1474264 -            266 13744at314147        -            466   2.3e-46  155.0  34.1   1   2   3.1e-29   6.1e-28   94.2  13.0   206   319    67   176    60   177 0.94 -
NW_025965317.1_RagTag:1475061-1474264 -            266 13744at314147        -            466   2.3e-46  155.0  34.1   2   2   1.9e-22   3.8e-21   71.8  11.0   229   324   174   265   172   266 0.95 -
contig_78026_pilon:1141-2283          -            381 13744at314147        -            466   3.2e-45  151.2  33.4   1   3   1.9e-09   3.7e-08   29.0   1.5   186   294     4   114     1   127 0.47 -
contig_78026_pilon:1141-2283          -            381 13744at314147        -            466   3.2e-45  151.2  33.4   2   3   1.4e-17   2.7e-16   55.8   8.7   205   317   146   252   142   269 0.89 -
contig_78026_pilon:1141-2283          -            381 13744at314147        -            466   3.2e-45  151.2  33.4   3   3   2.1e-24   4.1e-23   78.3   7.8   215   321   277   379   268   381 0.95 -
NW_025965250.1_RagTag:8956-9588       -            211 13744at314147        -            466   9.2e-45  149.6  29.0   1   2   3.2e-40   6.4e-39  130.4  23.6   136   319     5   178     2   179 0.96 -
NW_025965250.1_RagTag:8956-9588       -            211 13744at314147        -            466   9.2e-45  149.6  29.0   2   2   7.6e-09   1.5e-07   27.0   0.4   166   206   173   211   172   211 0.88 -
NW_025965341.1_RagTag:50625-49930     -            232 13744at314147        -            466   2.1e-44  148.5  33.1   1   2   5.2e-24     1e-22   77.0   7.3   231   319     6    90     2    91 0.96 -
NW_025965341.1_RagTag:50625-49930     -            232 13744at314147        -            466   2.1e-44  148.5  33.1   2   2     2e-25     4e-24   81.6  18.6   168   318    87   229    85   232 0.59 -
NW_025965127.1_RagTag:122616-122107   -            170 13744at314147        -            466     5e-44  147.2  25.1   1   2   1.2e-21   2.4e-20   69.1   5.3   233   312     2    77     1    79 0.95 -
NW_025965127.1_RagTag:122616-122107   -            170 13744at314147        -            466     5e-44  147.2  25.1   2   2   3.8e-28   7.4e-27   90.6  11.9   155   289    40   166    39   170 0.92 -
NW_025965341.1_RagTag:79117-79728     -            204 13744at314147        -            466   1.1e-43  146.1  31.7   1   2   2.8e-12   5.4e-11   38.3   5.1   259   319     1    59     1    60 0.97 -
NW_025965341.1_RagTag:79117-79728     -            204 13744at314147        -            466   1.1e-43  146.1  31.7   2   2   1.6e-36   3.2e-35  118.2  19.1   138   294    56   202    54   203 0.93 -
NW_025965299.1_RagTag:2340-1810       -            177 13744at314147        -            466   2.8e-42  141.5  23.3   1   1   1.5e-43     3e-42  141.3  23.3   136   320     1   175     1   177 0.97 -
NW_025965039.1_RagTag:269913-269302   -            204 13744at314147        -            466   1.2e-40  136.1  23.2   1   2   1.1e-09   2.2e-08   29.7   0.6   170   211     2    41     1    43 0.69 -
NW_025965039.1_RagTag:269913-269302   -            204 13744at314147        -            466   1.2e-40  136.1  23.2   2   2   1.9e-34   3.8e-33  111.3  16.1   156   324    44   204    42   204 0.94 -
NW_025965230.1_RagTag:919885-919364   -            174 13744at314147        -            466   1.3e-40  135.9  25.0   1   1     9e-42   1.8e-40  135.5  25.0   136   314     5   173     2   174 0.96 -
contig_53583_pilon:2103-1624          -            160 13744at314147        -            466   9.6e-40  133.1  26.8   1   1   5.9e-41   1.2e-39  132.8  26.8   135   301     4   160     1   160 0.96 -
contig_70752_pilon:1562-1984          -            141 13744at314147        -            466   2.2e-38  128.7  21.2   1   1   2.3e-39   4.6e-38  127.6  21.2   133   280     3   140     1   141 0.95 -
NW_025965190.1_RagTag:126348-126803   -            152 13744at314147        -            466   2.8e-37  125.0  20.0   1   1   2.1e-38   4.1e-37  124.4  20.0   166   323     1   150     1   152 0.86 -
NW_025965341.1_RagTag:41694-41227     -            156 13744at314147        -            466   2.8e-37  125.0  17.6   1   1   1.7e-38   3.4e-37  124.7  17.6   160   319     3   154     1   156 0.91 -
NW_025965166.1_RagTag:126554-126123   -            144 13744at314147        -            466   5.6e-37  124.0  19.4   1   1   3.1e-38   6.1e-37  123.9  19.4   175   321     3   141     1   144 0.96 -
NW_025965301.1_RagTag:107840-107193   -            216 13744at314147        -            466     2e-36  122.1  17.1   1   2   4.1e-16     8e-15   50.9   0.5   236   319    25   107    12   107 0.90 -
NW_025965301.1_RagTag:107840-107193   -            216 13744at314147        -            466     2e-36  122.1  17.1   2   2   2.1e-24   4.2e-23   78.2  10.3   136   257   102   214    98   216 0.90 -
contig_31119_pilon:1895-1227          -            223 13744at314147        -            466   4.8e-36  120.9  24.0   1   2   5.2e-08     1e-06   24.2   2.5   231   289    17    72    12    72 0.89 -
contig_31119_pilon:1895-1227          -            223 13744at314147        -            466   4.8e-36  120.9  24.0   2   2   7.2e-26   1.4e-24   83.1  10.3   138   321    99   216    96   222 0.66 -
NW_025965375.1_RagTag:160364-159888   -            159 13744at314147        -            466   1.5e-35  119.3  24.0   1   2   7.2e-21   1.4e-19   66.6   5.5   135   211    19    91    12    92 0.93 -
NW_025965375.1_RagTag:160364-159888   -            159 13744at314147        -            466   1.5e-35  119.3  24.0   2   2     2e-20     4e-19   65.1  10.5   126   209    66   145    64   150 0.95 -
NW_025965358.1_RagTag:7313-6858       -            152 13744at314147        -            466   1.5e-33  112.7  27.3   1   2   1.6e-31   3.2e-30  101.7  16.8   177   309     1   125     1   127 0.96 -
NW_025965358.1_RagTag:7313-6858       -            152 13744at314147        -            466   1.5e-33  112.7  27.3   2   2   1.1e-07   2.2e-06   23.1   2.7   126   160   120   152   119   152 0.93 -
NW_025965344.1_RagTag:2077-1649       -            143 13744at314147        -            466     3e-33  111.7  13.1   1   1   1.7e-34   3.3e-33  111.5  13.1   132   280     5   143     1   143 0.91 -
NW_025965182.1_RagTag:1737866-1738443 -            179 13744at314147        -            466   7.5e-33  110.4  26.5   1   1   1.3e-32   2.5e-31  105.4  26.5   126   292     2   173     1   178 0.83 -
contig_43715_pilon:891-1472           -            194 13744at314147        -            466   2.5e-28   95.4  12.7   1   2   1.4e-22   2.8e-21   72.2   5.3   123   225     6   102     3   108 0.93 -
contig_43715_pilon:891-1472           -            194 13744at314147        -            466   2.5e-28   95.4  12.7   2   2   3.5e-09   6.9e-08   28.1   0.7   136   197   131   188   121   194 0.86 -
NW_025965341.1_RagTag:115157-115672   -            172 13744at314147        -            466   4.7e-28   94.6  21.2   1   2   1.3e-14   2.6e-13   46.0   4.2   261   321     1    59     1    69 0.95 -
NW_025965341.1_RagTag:115157-115672   -            172 13744at314147        -            466   4.7e-28   94.6  21.2   2   2   6.2e-17   1.2e-15   53.6   9.6   186   291    70   169    63   172 0.70 -
contig_37853_pilon:1183-1722          -            180 13744at314147        -            466   8.1e-28   93.8  13.9   1   1   4.1e-29   8.1e-28   93.8  13.9    85   251    23   178    17   180 0.88 -
NW_025965039.1_RagTag:269384-268866   -            173 13744at314147        -            466   5.5e-27   91.0   9.5   1   1   4.1e-28   8.1e-27   90.5   9.5   141   271    51   173    41   173 0.65 -
NW_025965442.1_RagTag:53303-52854     -            150 13744at314147        -            466     7e-27   90.7  20.9   1   1   4.4e-28   8.7e-27   90.4  20.9   157   312     1   148     1   150 0.75 -
NW_025965200.1_RagTag:17855-18731     -            223 13744at314147        -            466   1.1e-24   83.5   3.0   1   1   9.1e-26   1.8e-24   82.8   3.0   118   234   104   217    70   222 0.88 -
contig_70752_pilon:955-1209           -             85 13744at314147        -            466   2.9e-23   78.8   8.8   1   1   1.6e-24   3.1e-23   78.7   8.8   126   212     1    83     1    85 0.94 -
contig_81532_pilon:2155-1715          -            147 13744at314147        -            466   2.4e-22   75.7  24.5   1   2   1.7e-08   3.3e-07   25.8   7.3   267   331     6    68     1    70 0.85 -
contig_81532_pilon:2155-1715          -            147 13744at314147        -            466   2.4e-22   75.7  24.5   2   2   6.3e-18   1.2e-16   56.9  10.6   119   206    66   147    62   147 0.65 -
NW_025965028.1_RagTag:362640-363958   -            372 13744at314147        -            466   1.1e-20   70.2  11.9   1   1     9e-22   1.8e-20   69.6  11.9   123   236   265   372   253   372 0.61 -
contig_70752_pilon:1401-2117          -            239 13744at314147        -            466   5.4e-18   61.4   6.2   1   2     2e-14   3.9e-13   45.4   1.6   136   208     3    71     1    99 0.91 -
contig_70752_pilon:1401-2117          -            239 13744at314147        -            466   5.4e-18   61.4   6.2   2   2   2.3e-06   4.6e-05   18.8   0.2   223   261   197   233   170   239 0.59 -
NW_025965233.1_RagTag:196599-200331   -            387 13744at314147        -            466   1.9e-17   59.6  21.7   1   2   1.7e-12   3.3e-11   39.0   9.8   237   323   211   292   205   317 0.79 -
NW_025965233.1_RagTag:196599-200331   -            387 13744at314147        -            466   1.9e-17   59.6  21.7   2   2   1.1e-08   2.2e-07   26.4   4.1   154   208   324   376   311   384 0.89 -
NW_025965039.1_RagTag:270214-269894   -            107 13744at314147        -            466   1.1e-14   50.5   1.6   1   1   1.5e-15     3e-14   49.1   1.6   154   238     1    81     1    94 0.91 -
NW_025965279.1_RagTag:78436-77783     -            218 13744at314147        -            466   3.8e-13   45.4  25.4   1   1     6e-14   1.2e-12   43.8  25.4   136   309    42   204    20   215 0.79 -
NW_025965297.1_RagTag:263516-264714   -            299 13744at314147        -            466   2.2e-11   39.6   0.6   1   2   1.1e-12   2.2e-11   39.6   0.6   121   202    74   149    60   202 0.78 -
NW_025965297.1_RagTag:263516-264714   -            299 13744at314147        -            466   2.2e-11   39.6   0.6   2   2      0.18       3.6    2.6   1.3   244   276   249   281   237   297 0.70 -
NW_025965374.1_RagTag:84619-82388     -            744 13744at314147        -            466     6e-11   38.2  47.0   1   4   7.9e-06   0.00015   17.0  10.0   155   272     8    63     1   157 0.36 -
NW_025965374.1_RagTag:84619-82388     -            744 13744at314147        -            466     6e-11   38.2  47.0   2   4     0.051         1    4.5   5.7   208   330   218   358   202   420 0.68 -
NW_025965374.1_RagTag:84619-82388     -            744 13744at314147        -            466     6e-11   38.2  47.0   3   4   8.1e-05    0.0016   13.7   1.1   242   319   443   522   372   528 0.85 -
NW_025965374.1_RagTag:84619-82388     -            744 13744at314147        -            466     6e-11   38.2  47.0   4   4   1.8e-05   0.00036   15.8   7.1   118   203   559   639   536   652 0.77 -
NW_025965324.1_RagTag:667631-665234   -            506 13744at314147        -            466   3.3e-08   29.1   3.6   1   1   2.8e-09   5.5e-08   28.4   3.6   155   202     3    48     1    54 0.89 -
NW_025965300.1_RagTag:179035-179624   -            188 13744at314147        -            466   7.7e-08   27.9   1.8   1   1     5e-09   9.8e-08   27.6   1.8   121   167   143   185   132   188 0.62 -
NW_025965281.1_RagTag:529347-527455   -            631 13744at314147        -            466   1.1e-06   24.1  13.1   1   3       3.9        77   -1.7   0.0    73   118    65   110    36   119 0.77 -
NW_025965281.1_RagTag:529347-527455   -            631 13744at314147        -            466   1.1e-06   24.1  13.1   2   3   1.3e-05   0.00025   16.3   5.4   150   308   343   497   334   502 0.83 -
NW_025965281.1_RagTag:529347-527455   -            631 13744at314147        -            466   1.1e-06   24.1  13.1   3   3   7.3e-05    0.0014   13.8   0.6   126   172   493   537   492   558 0.91 -
NW_025965054.1_RagTag:37671-36244     -            327 13744at314147        -            466   1.5e-06   23.7  18.3   1   2      0.66        13    0.8   0.4   299   320    39    60    32    67 0.78 -
NW_025965054.1_RagTag:37671-36244     -            327 13744at314147        -            466   1.5e-06   23.7  18.3   2   2   7.5e-08   1.5e-06   23.7  18.3   102   317    65   274    57   282 0.79 -
NW_025965259.1_RagTag:166355-164907   -            483 13744at314147        -            466   1.4e-05   20.5   2.5   1   1   7.1e-07   1.4e-05   20.5   2.5   142   216   408   476   400   482 0.81 -
NW_025965182.1_RagTag:1737359-1737856 -            166 13744at314147        -            466   3.2e-05   19.3   6.0   1   1   1.9e-06   3.7e-05   19.1   6.0   169   297    36   164    15   166 0.71 -
NW_025965341.1_RagTag:108391-110706   -            772 13744at314147        -            466   9.3e-05   17.8  16.4   1   2   8.1e-06   0.00016   17.0   9.2   114   342    27   246    22   262 0.81 -
NW_025965341.1_RagTag:108391-110706   -            772 13744at314147        -            466   9.3e-05   17.8  16.4   2   2      0.34       6.7    1.7   0.4   139   212   697   766   685   772 0.50 -
#
# Program:         hmmsearch
# Version:         3.1b2 (February 2015)
# Pipeline mode:   SEARCH
# Query file:      /home/bgerda/guppy_SUP/busco_downloads/lineages/glires_odb10/hmms/13744at314147.hmm
# Target file:     /home/bgerda/guppy_SUP/busco_results_flye/run_glires_odb10/metaeuk_output/initial_results/ragtag.scaffold.fasta.modified.fas
# Option settings: hmmsearch --domtblout /home/bgerda/guppy_SUP/busco_results_flye/run_glires_odb10/hmmer_output/initial_run_results/13744at314147.out --cpu 1 /home/bgerda/guppy_SUP/busco_downloads/lineages/glires_odb10/hmms/13744at314147.hmm /home/bgerda/guppy_SUP/busco_results_flye/run_glires_odb10/metaeuk_output/initial_results/ragtag.scaffold.fasta.modified.fas 
# Current dir:     /home/bgerda/guppy_SUP
# Date:            Sun May 21 17:16:46 2023
# [ok]
