#                                                                                             --- full sequence --- -------------- this domain -------------   hmm coord   ali coord   env coord
# target name                         accession   tlen query name           accession   qlen   E-value  score  bias   #  of  c-Evalue  i-Evalue  score  bias  from    to  from    to  from    to  acc description of target
#                 ------------------- ---------- ----- -------------------- ---------- ----- --------- ------ ----- --- --- --------- --------- ------ ----- ----- ----- ----- ----- ----- ----- ---- ---------------------
contig_52188_pilon:1550-468           -            361 13842at314147        -            569  1.8e-110  366.4  99.5   1   4   2.5e-36   5.1e-35  117.3  22.8   126   287     4   156     1   156 0.93 -
contig_52188_pilon:1550-468           -            361 13842at314147        -            569  1.8e-110  366.4  99.5   2   4   3.2e-35   6.4e-34  113.6  23.6   127   286    61   211    60   212 0.93 -
contig_52188_pilon:1550-468           -            361 13842at314147        -            569  1.8e-110  366.4  99.5   3   4   8.4e-29   1.7e-27   92.4  17.5   153   273   143   256   143   257 0.93 -
contig_52188_pilon:1550-468           -            361 13842at314147        -            569  1.8e-110  366.4  99.5   4   4   3.1e-26   6.2e-25   84.0  11.5   153   266   255   361   253   361 0.92 -
NW_025965271.1_RagTag:644000-644971   -            324 13842at314147        -            569   1.7e-89  297.1  87.2   1   5   4.5e-11   9.1e-10   33.9   1.0   235   289     1    51     1    65 0.74 -
NW_025965271.1_RagTag:644000-644971   -            324 13842at314147        -            569   1.7e-89  297.1  87.2   2   5   2.3e-13   4.6e-12   41.5   4.4   223   274   129   178   118   180 0.90 -
NW_025965271.1_RagTag:644000-644971   -            324 13842at314147        -            569   1.7e-89  297.1  87.2   3   5     2e-26   4.1e-25   84.6  14.9   168   273   133   233   131   234 0.93 -
NW_025965271.1_RagTag:644000-644971   -            324 13842at314147        -            569   1.7e-89  297.1  87.2   4   5   6.4e-29   1.3e-27   92.8  17.4   153   273   176   289   176   290 0.93 -
NW_025965271.1_RagTag:644000-644971   -            324 13842at314147        -            569   1.7e-89  297.1  87.2   5   5   2.9e-30     6e-29   97.2  18.6   157   281   206   323   205   324 0.92 -
contig_18340_pilon:996-2162           -            389 13842at314147        -            569   1.9e-88  293.7  79.7   1   4   2.7e-20   5.4e-19   64.4   8.5   213   290     2    75     1    76 0.95 -
contig_18340_pilon:996-2162           -            389 13842at314147        -            569   1.9e-88  293.7  79.7   2   4   1.4e-26   2.8e-25   85.1  18.8   153   273    59   172    57   173 0.93 -
contig_18340_pilon:996-2162           -            389 13842at314147        -            569   1.9e-88  293.7  79.7   3   4   1.1e-28   2.3e-27   92.0  18.7   158   281   174   290   174   291 0.93 -
contig_18340_pilon:996-2162           -            389 13842at314147        -            569   1.9e-88  293.7  79.7   4   4   8.8e-24   1.8e-22   75.9  17.0   153   266   283   389   283   389 0.93 -
NW_025965071.1_RagTag:3231-4808       -            526 13842at314147        -            569   8.8e-83  274.9 113.8   1   6   4.3e-11   8.7e-10   34.0   7.2   138   271    15   141     2   158 0.86 -
NW_025965071.1_RagTag:3231-4808       -            526 13842at314147        -            569   8.8e-83  274.9 113.8   2   6   3.2e-14   6.4e-13   44.3  11.5   126   272   115   254   114   256 0.84 -
NW_025965071.1_RagTag:3231-4808       -            526 13842at314147        -            569   8.8e-83  274.9 113.8   3   6     3e-23   6.1e-22   74.1  18.6   124   272   169   310   156   312 0.93 -
NW_025965071.1_RagTag:3231-4808       -            526 13842at314147        -            569   8.8e-83  274.9 113.8   4   6   9.6e-24   1.9e-22   75.7  13.1   156   283   255   375   253   378 0.91 -
NW_025965071.1_RagTag:3231-4808       -            526 13842at314147        -            569   8.8e-83  274.9 113.8   5   6   6.4e-22   1.3e-20   69.7  13.3   156   272   311   422   309   424 0.94 -
NW_025965071.1_RagTag:3231-4808       -            526 13842at314147        -            569   8.8e-83  274.9 113.8   6   6   2.4e-15   4.8e-14   48.0  10.1   156   264   423   526   421   526 0.89 -
contig_18339_pilon:77-1480            -            468 13842at314147        -            569   4.7e-81  269.3  70.2   1   5   1.3e-17   2.7e-16   55.5   4.9   220   290     3    69     1    71 0.94 -
contig_18339_pilon:77-1480            -            468 13842at314147        -            569   4.7e-81  269.3  70.2   2   5   2.9e-16   5.8e-15   51.0   7.0   213   286    52   121    51   129 0.89 -
contig_18339_pilon:77-1480            -            468 13842at314147        -            569   4.7e-81  269.3  70.2   3   5   3.9e-16   7.9e-15   50.6   4.7   221   290   229   294   221   294 0.92 -
contig_18339_pilon:77-1480            -            468 13842at314147        -            569   4.7e-81  269.3  70.2   4   5   8.7e-17   1.8e-15   52.8   7.0   213   282   277   342   277   343 0.92 -
contig_18339_pilon:77-1480            -            468 13842at314147        -            569   4.7e-81  269.3  70.2   5   5     3e-17     6e-16   54.3  10.1   217   294   393   466   393   468 0.78 -
contig_36320_pilon:1033-1992          -            320 13842at314147        -            569   1.4e-80  267.6  81.6   1   5   3.4e-19   6.9e-18   60.7  11.0   198   281     3    81     1    82 0.87 -
contig_36320_pilon:1033-1992          -            320 13842at314147        -            569   1.4e-80  267.6  81.6   2   5     2e-18   4.1e-17   58.1   8.0   213   280    73   136    72   137 0.91 -
contig_36320_pilon:1033-1992          -            320 13842at314147        -            569   1.4e-80  267.6  81.6   3   5   6.9e-20   1.4e-18   63.0   8.0   213   290   129   202   128   202 0.96 -
contig_36320_pilon:1033-1992          -            320 13842at314147        -            569   1.4e-80  267.6  81.6   4   5   8.4e-15   1.7e-13   46.2   3.4   225   274   169   216   168   218 0.93 -
contig_36320_pilon:1033-1992          -            320 13842at314147        -            569   1.4e-80  267.6  81.6   5   5   4.6e-29   9.2e-28   93.3  19.4   138   266   199   320   198   320 0.94 -
NW_025965432.1_RagTag:538045-539154   -            370 13842at314147        -            569   5.9e-73  242.5  79.8   1   4   3.8e-14   7.7e-13   44.0  17.5   173   273     2    97     1    98 0.90 -
NW_025965432.1_RagTag:538045-539154   -            370 13842at314147        -            569   5.9e-73  242.5  79.8   2   4   6.9e-27   1.4e-25   86.1  10.3   157   272    98   208    97   210 0.94 -
NW_025965432.1_RagTag:538045-539154   -            370 13842at314147        -            569   5.9e-73  242.5  79.8   3   4   1.4e-26   2.7e-25   85.1  15.9   157   282   182   300   181   302 0.94 -
NW_025965432.1_RagTag:538045-539154   -            370 13842at314147        -            569   5.9e-73  242.5  79.8   4   4   1.8e-21   3.6e-20   68.2  12.1   158   266   267   370   266   370 0.95 -
contig_43715_pilon:29-628             -            200 13842at314147        -            569   3.3e-68  226.8  63.0   1   3   3.4e-24   6.9e-23   77.2  15.9   171   282     1   105     1   106 0.61 -
contig_43715_pilon:29-628             -            200 13842at314147        -            569   3.3e-68  226.8  63.0   2   3   5.7e-30   1.1e-28   96.3  19.0   153   282    41   161    41   163 0.92 -
contig_43715_pilon:29-628             -            200 13842at314147        -            569   3.3e-68  226.8  63.0   3   3     1e-24   2.1e-23   78.9  12.2   153   262    97   199    97   200 0.92 -
NW_025965250.1_RagTag:154575-54238    -            212 13842at314147        -            569   5.1e-65  216.3  50.1   1   3   1.3e-21   2.7e-20   68.6   6.9   177   274    14   106     6   108 0.92 -
NW_025965250.1_RagTag:154575-54238    -            212 13842at314147        -            569   5.1e-65  216.3  50.1   2   3   1.9e-29   3.8e-28   94.6  14.1   158   283    51   169    50   170 0.93 -
NW_025965250.1_RagTag:154575-54238    -            212 13842at314147        -            569   5.1e-65  216.3  50.1   3   3   1.1e-24   2.3e-23   78.8  13.2   158   268   107   212   106   212 0.91 -
NW_025965328.1_RagTag:1309-710        -            200 13842at314147        -            569   3.9e-58  193.6  51.5   1   4   3.5e-17     7e-16   54.1   8.9   203   280     1    73     1    74 0.86 -
NW_025965328.1_RagTag:1309-710        -            200 13842at314147        -            569   3.9e-58  193.6  51.5   2   4   2.3e-17   4.7e-16   54.6   5.0   213   275    66   126    66   127 0.93 -
NW_025965328.1_RagTag:1309-710        -            200 13842at314147        -            569   3.9e-58  193.6  51.5   3   4   1.4e-18   2.8e-17   58.7   5.6   213   273    94   152    93   154 0.94 -
NW_025965328.1_RagTag:1309-710        -            200 13842at314147        -            569   3.9e-58  193.6  51.5   4   4   2.4e-20   4.9e-19   64.5   8.2   213   294   122   199   122   200 0.95 -
NW_025965207.1_RagTag:11562-10675     -            296 13842at314147        -            569   6.4e-58  192.9  74.4   1   3   8.1e-21   1.6e-19   66.1  22.0   147   281     1   125     1   129 0.89 -
NW_025965207.1_RagTag:11562-10675     -            296 13842at314147        -            569   6.4e-58  192.9  74.4   2   3   1.2e-18   2.4e-17   58.9  16.7   157   272    64   173    63   175 0.93 -
NW_025965207.1_RagTag:11562-10675     -            296 13842at314147        -            569   6.4e-58  192.9  74.4   3   3   1.8e-29   3.7e-28   94.6  19.7   157   283   175   294   170   296 0.92 -
NW_025965250.1_RagTag:250643-249792   -            284 13842at314147        -            569   7.5e-58  192.6  71.8   1   4     4e-07     8e-06   20.9   2.5   235   272     3    38     1    40 0.91 -
NW_025965250.1_RagTag:250643-249792   -            284 13842at314147        -            569   7.5e-58  192.6  71.8   2   4   5.9e-26   1.2e-24   83.0  17.0   157   272    40   150    39   152 0.94 -
NW_025965250.1_RagTag:250643-249792   -            284 13842at314147        -            569   7.5e-58  192.6  71.8   3   4   2.7e-24   5.4e-23   77.6  19.4   158   273    97   207    96   208 0.94 -
NW_025965250.1_RagTag:250643-249792   -            284 13842at314147        -            569   7.5e-58  192.6  71.8   4   4   3.4e-16   6.9e-15   50.8   9.1   157   236   208   284   206   284 0.73 -
NW_025965341.1_RagTag:10227-11063     -            279 13842at314147        -            569   1.9e-56  188.0  49.0   1   3   2.3e-26   4.7e-25   84.4  17.9   128   290     5   158     1   170 0.91 -
NW_025965341.1_RagTag:10227-11063     -            279 13842at314147        -            569   1.9e-56  188.0  49.0   2   3   1.1e-19   2.3e-18   62.3   7.7   158   286   117   239   115   240 0.88 -
NW_025965341.1_RagTag:10227-11063     -            279 13842at314147        -            569   1.9e-56  188.0  49.0   3   3   2.3e-21   4.7e-20   67.8   7.3   180   295   168   276   156   279 0.83 -
NW_025965022.1_RagTag:271697-270735   -            321 13842at314147        -            569   4.4e-53  176.9  40.4   1   3   4.1e-18   8.3e-17   57.1   5.2   193   273     2    79     1    80 0.92 -
NW_025965022.1_RagTag:271697-270735   -            321 13842at314147        -            569   4.4e-53  176.9  40.4   2   3   1.8e-22   3.6e-21   71.5   5.6   157   274    80   191    79   193 0.91 -
NW_025965022.1_RagTag:271697-270735   -            321 13842at314147        -            569   4.4e-53  176.9  40.4   3   3   1.5e-18     3e-17   58.6  14.2   158   294   192   321   191   321 0.78 -
NW_025965182.1_RagTag:1756006-1757067 -            354 13842at314147        -            569   1.2e-50  168.9  45.1   1   3   1.2e-07   2.4e-06   22.6   0.3   217   281     1    61     1    71 0.80 -
NW_025965182.1_RagTag:1756006-1757067 -            354 13842at314147        -            569   1.2e-50  168.9  45.1   2   3   7.3e-24   1.5e-22   76.1  17.1   130   281    59   201    55   203 0.92 -
NW_025965182.1_RagTag:1756006-1757067 -            354 13842at314147        -            569   1.2e-50  168.9  45.1   3   3   1.9e-25   3.9e-24   81.3  18.6   126   291   195   351   195   354 0.93 -
contig_52188_pilon:1712-1068          -            215 13842at314147        -            569   4.1e-50  167.1  34.4   1   2   6.1e-17   1.2e-15   53.3   4.6   215   282     2    65     1    68 0.92 -
contig_52188_pilon:1712-1068          -            215 13842at314147        -            569   4.1e-50  167.1  34.4   2   2   1.4e-37   2.8e-36  121.4  23.8   127   291    59   214    58   215 0.94 -
contig_10836_pilon:33-731             -            233 13842at314147        -            569   1.1e-49  165.7  44.6   1   3   4.3e-12   8.6e-11   37.3   2.4   233   282     4    49     2    51 0.93 -
contig_10836_pilon:33-731             -            233 13842at314147        -            569   1.1e-49  165.7  44.6   2   3   1.8e-35   3.6e-34  114.5  25.1   127   290    43   197    42   198 0.95 -
contig_10836_pilon:33-731             -            233 13842at314147        -            569   1.1e-49  165.7  44.6   3   3   2.5e-12   5.1e-11   38.0   6.4   213   268   180   233   180   233 0.95 -
NW_025965279.1_RagTag:155988-77570    -            245 13842at314147        -            569   2.9e-49  164.3  43.9   1   3   8.7e-30   1.8e-28   95.7  15.5   171   294     1   117     1   118 0.95 -
NW_025965279.1_RagTag:155988-77570    -            245 13842at314147        -            569   2.9e-49  164.3  43.9   2   3     1e-22     2e-21   72.4  19.3   157   281    99   216    98   219 0.93 -
NW_025965279.1_RagTag:155988-77570    -            245 13842at314147        -            569   2.9e-49  164.3  43.9   3   3   1.8e-06   3.7e-05   18.7   0.6   216   251   211   244   209   245 0.65 -
contig_83186_pilon:3097-2462          -            212 13842at314147        -            569   3.8e-49  163.9  40.5   1   3   2.9e-17   5.8e-16   54.3   8.4   213   276     7    68     1    70 0.90 -
contig_83186_pilon:3097-2462          -            212 13842at314147        -            569   3.8e-49  163.9  40.5   2   3     5e-28     1e-26   89.9  17.5   158   273    67   177    66   179 0.94 -
contig_83186_pilon:3097-2462          -            212 13842at314147        -            569   3.8e-49  163.9  40.5   3   3   2.3e-09   4.7e-08   28.2   1.8   213   252   175   212   175   212 0.92 -
contig_10031_pilon:1043-315           -            243 13842at314147        -            569   1.8e-48  161.7  45.4   1   3   5.4e-16   1.1e-14   50.1   4.2   216   273     3    58     1    59 0.95 -
contig_10031_pilon:1043-315           -            243 13842at314147        -            569   1.8e-48  161.7  45.4   2   3   1.6e-22   3.2e-21   71.7  19.2   151   275    55   172    55   173 0.92 -
contig_10031_pilon:1043-315           -            243 13842at314147        -            569   1.8e-48  161.7  45.4   3   3   8.8e-18   1.8e-16   56.0   8.8   213   291   168   242   167   243 0.94 -
contig_33351_pilon:8-595              -            196 13842at314147        -            569   7.3e-48  159.7  36.3   1   2   1.1e-22   2.2e-21   72.3  10.9   179   284     1    99     1   101 0.89 -
contig_33351_pilon:8-595              -            196 13842at314147        -            569   7.3e-48  159.7  36.3   2   2   3.8e-31   7.6e-30  100.2  17.4   128   267    64   196    64   196 0.63 -
contig_36320_pilon:384-1025           -            214 13842at314147        -            569   3.2e-47  157.5  53.2   1   3   1.2e-20   2.3e-19   65.6  15.4   157   273    12   123     7   124 0.93 -
contig_36320_pilon:384-1025           -            214 13842at314147        -            569   3.2e-47  157.5  53.2   2   3     2e-16     4e-15   51.6   8.2   216   282    96   158    95   160 0.93 -
contig_36320_pilon:384-1025           -            214 13842at314147        -            569   3.2e-47  157.5  53.2   3   3   7.4e-21   1.5e-19   66.2  13.6   188   281   125   213   125   214 0.84 -
NW_025965071.1_RagTag:28229-29119     -            297 13842at314147        -            569   5.7e-47  156.7  49.3   1   3     9e-21   1.8e-19   65.9  14.0   157   281     3   120     1   121 0.92 -
NW_025965071.1_RagTag:28229-29119     -            297 13842at314147        -            569   5.7e-47  156.7  49.3   2   3   2.6e-09   5.2e-08   28.1   4.4   215   272   114   169   112   171 0.93 -
NW_025965071.1_RagTag:28229-29119     -            297 13842at314147        -            569   5.7e-47  156.7  49.3   3   3   8.2e-27   1.7e-25   85.9  22.6   126   290   142   297   142   297 0.95 -
NW_025965358.1_RagTag:7313-6858       -            152 13842at314147        -            569   7.9e-44  146.3  27.4   1   2   2.1e-22   4.3e-21   71.3   5.3   156   243     6    90     2    91 0.93 -
NW_025965358.1_RagTag:7313-6858       -            152 13842at314147        -            569   7.9e-44  146.3  27.4   2   2   2.7e-27   5.5e-26   87.4  14.2   158   279    36   150    35   152 0.93 -
NW_025965235.1_RagTag:119535-118921   -            205 13842at314147        -            569   1.4e-43  145.5  34.3   1   2   1.2e-23   2.4e-22   75.4  13.4   171   288     1   111     1   111 0.84 -
NW_025965235.1_RagTag:119535-118921   -            205 13842at314147        -            569   1.4e-43  145.5  34.3   2   2   8.2e-26   1.6e-24   82.6  15.9   158   268   100   205    97   205 0.94 -
NW_025965301.1_RagTag:107840-107193   -            216 13842at314147        -            569   3.9e-43  144.0  23.7   1   2   1.1e-22   2.3e-21   72.2   4.5   138   272    15   145    11   146 0.92 -
NW_025965301.1_RagTag:107840-107193   -            216 13842at314147        -            569   3.9e-43  144.0  23.7   2   2   1.9e-26   3.8e-25   84.7  11.3   130   282    66   208    63   216 0.90 -
NW_025965436.1_RagTag:1617-781        -            279 13842at314147        -            569   7.9e-43  143.0  58.4   1   3   4.1e-18   8.2e-17   57.1  19.0   157   269     5   112     1   117 0.91 -
NW_025965436.1_RagTag:1617-781        -            279 13842at314147        -            569   7.9e-43  143.0  58.4   2   3   4.1e-13   8.3e-12   40.6  11.8   188   273    90   172    89   173 0.92 -
NW_025965436.1_RagTag:1617-781        -            279 13842at314147        -            569   7.9e-43  143.0  58.4   3   3   1.6e-20   3.2e-19   65.1  16.9   158   268   174   279   172   279 0.94 -
NW_025965341.1_RagTag:133798-133214   -            195 13842at314147        -            569   3.2e-42  141.0  34.9   1   2   7.9e-33   1.6e-31  105.7  17.2   141   281     1   132     1   138 0.92 -
NW_025965341.1_RagTag:133798-133214   -            195 13842at314147        -            569   3.2e-42  141.0  34.9   2   2   2.2e-15   4.5e-14   48.1   9.7   171   253   113   190   113   195 0.89 -
contig_28105_pilon:1448-873           -            192 13842at314147        -            569   1.1e-41  139.2  34.5   1   4     1e-10     2e-09   32.7   4.3   215   279     8    68     2    72 0.90 -
contig_28105_pilon:1448-873           -            192 13842at314147        -            569   1.1e-41  139.2  34.5   2   4     7e-16   1.4e-14   49.8   1.4   217   276    66   123    65   124 0.95 -
contig_28105_pilon:1448-873           -            192 13842at314147        -            569   1.1e-41  139.2  34.5   3   4   3.1e-16   6.2e-15   51.0   2.1   217   273    94   148    93   149 0.97 -
contig_28105_pilon:1448-873           -            192 13842at314147        -            569   1.1e-41  139.2  34.5   4   4   9.3e-14   1.9e-12   42.8   3.8   217   290   122   191   121   192 0.94 -
NW_025965250.1_RagTag:8956-9588       -            211 13842at314147        -            569   4.4e-41  137.3  28.2   1   2     4e-27   8.1e-26   86.9  12.6   167   281     4   111     2   112 0.92 -
NW_025965250.1_RagTag:8956-9588       -            211 13842at314147        -            569   4.4e-41  137.3  28.2   2   2   3.8e-18   7.6e-17   57.3  10.0   157   267   106   211   104   211 0.93 -
NW_025965289.1_RagTag:81519-82214     -            232 13842at314147        -            569   5.9e-40  133.6  39.9   1   4   1.1e-14   2.2e-13   45.8   6.8   216   282    40   102    34   102 0.93 -
NW_025965289.1_RagTag:81519-82214     -            232 13842at314147        -            569   5.9e-40  133.6  39.9   2   4   9.3e-16   1.9e-14   49.4   2.3   217   273    97   151    96   152 0.98 -
NW_025965289.1_RagTag:81519-82214     -            232 13842at314147        -            569   5.9e-40  133.6  39.9   3   4   9.2e-14   1.9e-12   42.8   3.8   217   277   125   183   125   187 0.93 -
NW_025965289.1_RagTag:81519-82214     -            232 13842at314147        -            569   5.9e-40  133.6  39.9   4   4     4e-11   8.1e-10   34.1   3.7   217   270   181   232   179   232 0.95 -
NW_025965317.1_RagTag:1475061-1474264 -            266 13842at314147        -            569   1.9e-39  131.9  40.4   1   3   1.1e-14   2.3e-13   45.8   5.5   205   274    67   132    47   134 0.90 -
NW_025965317.1_RagTag:1475061-1474264 -            266 13842at314147        -            569   1.9e-39  131.9  40.4   2   3     3e-15   6.2e-14   47.7   5.0   215   278   131   192   130   200 0.89 -
NW_025965317.1_RagTag:1475061-1474264 -            266 13842at314147        -            569   1.9e-39  131.9  40.4   3   3     2e-20     4e-19   64.8  14.0   158   268   161   266   161   266 0.94 -
contig_43334_pilon:1190-1762          -            191 13842at314147        -            569   4.7e-39  130.6  24.1   1   2     1e-13   2.1e-12   42.6   4.7   225   282    21    74    12    76 0.88 -
contig_43334_pilon:1190-1762          -            191 13842at314147        -            569   4.7e-39  130.6  24.1   2   2   1.3e-29   2.6e-28   95.1  14.9   153   286    66   190    65   191 0.75 -
NW_025965341.1_RagTag:79117-79728     -            204 13842at314147        -            569   1.7e-38  128.7  28.0   1   2   1.7e-21   3.5e-20   68.3  11.7   171   274     1    99     1   101 0.93 -
NW_025965341.1_RagTag:79117-79728     -            204 13842at314147        -            569   1.7e-38  128.7  28.0   2   2   3.1e-21   6.2e-20   67.5   8.8   158   267   100   204    98   204 0.85 -
NW_025965039.1_RagTag:269913-269302   -            204 13842at314147        -            569   4.1e-35  117.6  23.5   1   2   4.7e-27   9.5e-26   86.7  13.6   141   273     1   126     1   127 0.94 -
NW_025965039.1_RagTag:269913-269302   -            204 13842at314147        -            569   4.1e-35  117.6  23.5   2   2   8.8e-12   1.8e-10   36.2   3.2   157   237   127   204   125   204 0.68 -
NW_025965341.1_RagTag:50625-49930     -            232 13842at314147        -            569   2.5e-34  115.0  32.7   1   3   1.5e-08   3.1e-07   25.5   0.8   232   272     6    44     2    46 0.83 -
NW_025965341.1_RagTag:50625-49930     -            232 13842at314147        -            569   2.5e-34  115.0  32.7   2   3   5.5e-22   1.1e-20   69.9  15.3   157   278    46   162    44   168 0.92 -
NW_025965341.1_RagTag:50625-49930     -            232 13842at314147        -            569   2.5e-34  115.0  32.7   3   3   9.7e-10     2e-08   29.5   3.8   228   294   170   232   161   232 0.52 -
contig_31119_pilon:1895-1227          -            223 13842at314147        -            569     4e-34  114.3  27.7   1   2   2.7e-10   5.5e-09   31.3   4.8   216   287    29    97    19    97 0.90 -
contig_31119_pilon:1895-1227          -            223 13842at314147        -            569     4e-34  114.3  27.7   2   2   7.5e-30   1.5e-28   95.9  14.9   128   295    59   217    58   222 0.92 -
NW_025965215.1_RagTag:23669-22371     -            433 13842at314147        -            569   4.2e-34  114.2  28.0   1   2   1.9e-13   3.8e-12   41.7   4.6   215   273   247   303   235   304 0.91 -
NW_025965215.1_RagTag:23669-22371     -            433 13842at314147        -            569   4.2e-34  114.2  28.0   2   2     4e-24   8.1e-23   77.0  17.3   158   294   304   433   302   433 0.79 -
contig_53583_pilon:2103-1624          -            160 13842at314147        -            569   1.7e-33  112.3  25.6   1   2   1.3e-13   2.6e-12   42.3   2.9   225   272     3    48     1    50 0.94 -
contig_53583_pilon:2103-1624          -            160 13842at314147        -            569   1.7e-33  112.3  25.6   2   2     8e-24   1.6e-22   76.0  14.7   158   272    51   160    49   160 0.94 -
NW_025965230.1_RagTag:919885-919364   -            174 13842at314147        -            569     2e-33  112.0  22.0   1   2   6.5e-28   1.3e-26   89.5  16.8   138   280     5   138     2   140 0.91 -
NW_025965230.1_RagTag:919885-919364   -            174 13842at314147        -            569     2e-33  112.0  22.0   2   2   2.9e-09   5.9e-08   27.9   0.6   217   257   135   173   133   174 0.85 -
contig_70752_pilon:1562-1984          -            141 13842at314147        -            569   4.7e-33  110.8  20.6   1   1   1.5e-33   3.1e-32  108.1  20.6   135   281     3   140     1   141 0.92 -
NW_025965344.1_RagTag:2077-1649       -            143 13842at314147        -            569   1.2e-31  106.1  13.6   1   1   6.5e-33   1.3e-31  106.0  13.6   133   276     4   140     1   143 0.91 -
NW_025965190.1_RagTag:126348-126803   -            152 13842at314147        -            569   1.6e-31  105.7  18.5   1   2   1.6e-17   3.2e-16   55.2   7.6   198   276     1    76     1    78 0.93 -
NW_025965190.1_RagTag:126348-126803   -            152 13842at314147        -            569   1.6e-31  105.7  18.5   2   2   3.1e-18   6.3e-17   57.5   3.9   126   208    73   151    73   152 0.84 -
contig_78026_pilon:1141-2283          -            381 13842at314147        -            569   5.8e-30  100.6  32.2   1   3   3.3e-07   6.7e-06   21.1   2.4   158   267     4   116     1   120 0.85 -
contig_78026_pilon:1141-2283          -            381 13842at314147        -            569   5.8e-30  100.6  32.2   2   3   3.5e-12     7e-11   37.6   4.7   211   298   151   232   145   244 0.87 -
contig_78026_pilon:1141-2283          -            381 13842at314147        -            569   5.8e-30  100.6  32.2   3   3     1e-16   2.1e-15   52.5   9.6   157   266   277   381   273   381 0.82 -
NW_025965127.1_RagTag:122616-122107   -            170 13842at314147        -            569   3.7e-29   97.9  19.5   1   1   4.7e-30   9.4e-29   96.6  19.5   127   294    12   170     1   170 0.92 -
NW_025965299.1_RagTag:2340-1810       -            177 13842at314147        -            569     2e-28   95.5  23.6   1   2     3e-10   6.1e-09   31.2   0.9   227   272     1    44     1    46 0.93 -
NW_025965299.1_RagTag:2340-1810       -            177 13842at314147        -            569     2e-28   95.5  23.6   2   2   8.1e-22   1.6e-20   69.4  16.4   155   294    44   176    41   177 0.91 -
NW_025965166.1_RagTag:126554-126123   -            144 13842at314147        -            569   3.9e-27   91.2  19.7   1   2   4.8e-10   9.6e-09   30.5   1.6   236   273     3    38     1    39 0.93 -
NW_025965166.1_RagTag:126554-126123   -            144 13842at314147        -            569   3.9e-27   91.2  19.7   2   2   1.1e-20   2.2e-19   65.7  10.6   158   267    40   144    39   144 0.80 -
NW_025965182.1_RagTag:1737866-1738443 -            179 13842at314147        -            569   1.1e-26   89.7  25.3   1   3   1.5e-13   3.1e-12   42.0   3.9   217   281     2    62     1    77 0.89 -
NW_025965182.1_RagTag:1737866-1738443 -            179 13842at314147        -            569   1.1e-26   89.7  25.3   2   3   4.7e-11   9.4e-10   33.8   5.0   218   283    74   137    57   137 0.85 -
NW_025965182.1_RagTag:1737866-1738443 -            179 13842at314147        -            569   1.1e-26   89.7  25.3   3   3   3.5e-09     7e-08   27.7   4.9   216   263   128   173   127   178 0.88 -
contig_70752_pilon:955-1209           -             85 13842at314147        -            569   2.2e-26   88.8  13.1   1   2   5.5e-15   1.1e-13   46.8   1.6   217   273     1    55     1    56 0.96 -
contig_70752_pilon:955-1209           -             85 13842at314147        -            569   2.2e-26   88.8  13.1   2   2   7.7e-17   1.6e-15   52.9   4.1   216   273    28    83    27    85 0.94 -
NW_025965375.1_RagTag:160364-159888   -            159 13842at314147        -            569   3.3e-26   88.2  19.3   1   2   1.1e-12   2.2e-11   39.2   0.8   222   272    15    63     8    65 0.90 -
NW_025965375.1_RagTag:160364-159888   -            159 13842at314147        -            569   3.3e-26   88.2  19.3   2   2   5.1e-17     1e-15   53.5  12.3   214   296    63   141    62   152 0.91 -
NW_025965039.1_RagTag:269384-268866   -            173 13842at314147        -            569   3.7e-26   88.0   9.8   1   2   5.6e-08   1.1e-06   23.7   0.3   143   183    51    89    44    91 0.84 -
NW_025965039.1_RagTag:269384-268866   -            173 13842at314147        -            569   3.7e-26   88.0   9.8   2   2   1.6e-21   3.2e-20   68.4   3.9   157   242    91   173    90   173 0.94 -
NW_025965341.1_RagTag:41694-41227     -            156 13842at314147        -            569   1.6e-25   85.9  16.1   1   1   1.7e-26   3.4e-25   84.8  16.1   132   294     3   156     1   156 0.93 -
contig_37853_pilon:1183-1722          -            180 13842at314147        -            569   2.8e-25   85.1  17.0   1   1   1.6e-26   3.2e-25   84.9  17.0   121   282    26   178     6   180 0.87 -
NW_025965200.1_RagTag:17855-18731     -            223 13842at314147        -            569   1.1e-24   83.1   8.2   1   1   9.3e-26   1.9e-24   82.4   8.2   181   298   105   220   100   222 0.94 -
NW_025965442.1_RagTag:53303-52854     -            150 13842at314147        -            569   1.6e-23   79.3  21.7   1   1   1.6e-24   3.3e-23   78.3  21.7   140   282    12   145     2   150 0.92 -
contig_43715_pilon:891-1472           -            194 13842at314147        -            569   5.9e-22   74.1  13.9   1   2   6.8e-18   1.4e-16   56.4   5.3   157   253     8    99     4   106 0.90 -
contig_43715_pilon:891-1472           -            194 13842at314147        -            569   5.9e-22   74.1  13.9   2   2   7.6e-08   1.5e-06   23.2   1.4   189   258   122   188   113   194 0.80 -
NW_025965028.1_RagTag:362640-363958   -            372 13842at314147        -            569   3.8e-19   64.8  12.5   1   1   2.7e-20   5.4e-19   64.4  12.5   156   266   266   371   244   372 0.60 -
NW_025965341.1_RagTag:115157-115672   -            172 13842at314147        -            569   3.2e-18   61.8  22.0   1   2   2.6e-08   5.3e-07   24.8   2.2   232   294     1    59     1    63 0.71 -
NW_025965341.1_RagTag:115157-115672   -            172 13842at314147        -            569   3.2e-18   61.8  22.0   2   2   6.4e-14   1.3e-12   43.3  17.1   157   294    41   171    39   172 0.89 -
contig_81532_pilon:2155-1715          -            147 13842at314147        -            569   1.6e-17   59.5  26.0   1   2   2.3e-11   4.7e-10   34.8  15.2   153   272    10    96     1    98 0.45 -
contig_81532_pilon:2155-1715          -            147 13842at314147        -            569   1.6e-17   59.5  26.0   2   2   4.6e-10   9.3e-09   30.6   3.2   217   267    99   147    97   147 0.95 -
contig_70752_pilon:1401-2117          -            239 13842at314147        -            569   7.5e-16   54.0   6.8   1   2   2.3e-12   4.7e-11   38.1   1.5   225   293     1    65     1    80 0.79 -
contig_70752_pilon:1401-2117          -            239 13842at314147        -            569   7.5e-16   54.0   6.8   2   2   1.5e-06   3.1e-05   18.9   0.3   229   268   202   239   190   239 0.86 -
NW_025965233.1_RagTag:196599-200331   -            387 13842at314147        -            569   6.9e-15   50.8  24.1   1   2     6e-05    0.0012   13.7   5.2   217   270   246   297   245   314 0.91 -
NW_025965233.1_RagTag:196599-200331   -            387 13842at314147        -            569   6.9e-15   50.8  24.1   2   2   2.6e-09   5.2e-08   28.1   5.8   245   296   324   373   310   381 0.81 -
NW_025965039.1_RagTag:270214-269894   -            107 13842at314147        -            569   7.2e-13   44.1   1.1   1   1   3.9e-14   7.9e-13   44.0   1.1   188   275     3    87     1   101 0.82 -
NW_025965279.1_RagTag:78436-77783     -            218 13842at314147        -            569   2.8e-12   42.2  18.3   1   2       1.2        24   -0.5   0.2   191   242    63   112    50   114 0.67 -
NW_025965279.1_RagTag:78436-77783     -            218 13842at314147        -            569   2.8e-12   42.2  18.3   2   2   1.4e-13   2.8e-12   42.2  18.3   157   259   114   211   100   216 0.85 -
NW_025965281.1_RagTag:529347-527455   -            631 13842at314147        -            569     3e-11   38.8   6.4   1   2   0.00042    0.0086   10.9   0.1   185   230   344   389   335   404 0.66 -
NW_025965281.1_RagTag:529347-527455   -            631 13842at314147        -            569     3e-11   38.8   6.4   2   2   8.3e-10   1.7e-08   29.7   2.3   216   294   464   538   449   565 0.90 -
NW_025965324.1_RagTag:667631-665234   -            506 13842at314147        -            569   9.3e-10   33.9   2.2   1   1   8.7e-11   1.8e-09   32.9   2.2   246   298     3    53     1    66 0.89 -
NW_025965341.1_RagTag:108391-110706   -            772 13842at314147        -            569   4.6e-09   31.6  15.4   1   3   9.8e-05     0.002   13.0   1.5   119   205    30   112    15   124 0.71 -
NW_025965341.1_RagTag:108391-110706   -            772 13842at314147        -            569   4.6e-09   31.6  15.4   2   3   2.9e-08   5.9e-07   24.6   0.5   133   214   155   234   137   304 0.77 -
NW_025965341.1_RagTag:108391-110706   -            772 13842at314147        -            569   4.6e-09   31.6  15.4   3   3      0.13       2.5    2.7   0.9   200   273   696   766   668   772 0.46 -
NW_025965297.1_RagTag:263516-264714   -            299 13842at314147        -            569     4e-08   28.5   3.3   1   2     2e-09     4e-08   28.5   3.3   217   275    77   133    63   155 0.79 -
NW_025965297.1_RagTag:263516-264714   -            299 13842at314147        -            569     4e-08   28.5   3.3   2   2     0.083       1.7    3.3   1.2   215   246   249   280   236   297 0.66 -
NW_025965300.1_RagTag:179035-179624   -            188 13842at314147        -            569   6.6e-08   27.8   1.2   1   1   4.1e-09   8.4e-08   27.4   1.2   150   201   140   187   130   188 0.83 -
NW_025965054.1_RagTag:37671-36244     -            327 13842at314147        -            569   4.1e-06   21.8   2.1   1   1     2e-07   4.1e-06   21.8   2.1   234   300    76   138    49   183 0.64 -
NW_025965182.1_RagTag:1737359-1737856 -            166 13842at314147        -            569    0.0071   11.1   4.9   1   1    0.0004    0.0081   10.9   4.5   158   208   115   163    25   166 0.54 -
#
# Program:         hmmsearch
# Version:         3.1b2 (February 2015)
# Pipeline mode:   SEARCH
# Query file:      /home/bgerda/guppy_SUP/busco_downloads/lineages/glires_odb10/hmms/13842at314147.hmm
# Target file:     /home/bgerda/guppy_SUP/busco_results_flye/run_glires_odb10/metaeuk_output/initial_results/ragtag.scaffold.fasta.modified.fas
# Option settings: hmmsearch --domtblout /home/bgerda/guppy_SUP/busco_results_flye/run_glires_odb10/hmmer_output/initial_run_results/13842at314147.out --cpu 1 /home/bgerda/guppy_SUP/busco_downloads/lineages/glires_odb10/hmms/13842at314147.hmm /home/bgerda/guppy_SUP/busco_results_flye/run_glires_odb10/metaeuk_output/initial_results/ragtag.scaffold.fasta.modified.fas 
# Current dir:     /home/bgerda/guppy_SUP
# Date:            Sun May 21 17:16:48 2023
# [ok]
