#                                                                                             --- full sequence --- -------------- this domain -------------   hmm coord   ali coord   env coord
# target name                         accession   tlen query name           accession   qlen   E-value  score  bias   #  of  c-Evalue  i-Evalue  score  bias  from    to  from    to  from    to  acc description of target
#                 ------------------- ---------- ----- -------------------- ---------- ----- --------- ------ ----- --- --- --------- --------- ------ ----- ----- ----- ----- ----- ----- ----- ---- ---------------------
NW_025965287.1_RagTag:853042-851954   -            363 15171at314147        -            568   5.5e-30  100.7  18.2   1   3   1.6e-07   1.2e-05   20.3   0.0    22    93    33   104    28   109 0.95 -
NW_025965287.1_RagTag:853042-851954   -            363 15171at314147        -            568   5.5e-30  100.7  18.2   2   3   7.2e-06   0.00057   14.9   0.9   221   263   113   155   108   156 0.92 -
NW_025965287.1_RagTag:853042-851954   -            363 15171at314147        -            568   5.5e-30  100.7  18.2   3   3   2.2e-23   1.7e-21   72.7  10.9    41   253   148   361   145   363 0.95 -
NW_025965287.1_RagTag:855233-854658   -            192 15171at314147        -            568   4.7e-18   61.4   0.1   1   1     7e-20   5.5e-18   61.1   0.1    21   172    38   188    33   192 0.95 -
NW_025965140.1_RagTag:200222-201283   -            354 15171at314147        -            568   5.4e-16   54.6   1.7   1   3   2.1e-11   1.6e-09   33.2   0.1   185   264    63   143    54   157 0.91 -
NW_025965140.1_RagTag:200222-201283   -            354 15171at314147        -            568   5.4e-16   54.6   1.7   2   3   2.8e-07   2.2e-05   19.5   0.0   162   252   188   279   183   290 0.83 -
NW_025965140.1_RagTag:200222-201283   -            354 15171at314147        -            568   5.4e-16   54.6   1.7   3   3      0.25        19   -0.1   0.0   224   260   275   311   269   317 0.84 -
NW_025965304.1_RagTag:258820-256610   -            737 15171at314147        -            568   3.3e-15   52.0  22.2   1   4   4.1e-07   3.2e-05   19.0   0.4   180   258     4    83     2    85 0.88 -
NW_025965304.1_RagTag:258820-256610   -            737 15171at314147        -            568   3.3e-15   52.0  22.2   2   4   5.6e-05    0.0044   11.9   0.8    57   162    73   187    70   225 0.78 -
NW_025965304.1_RagTag:258820-256610   -            737 15171at314147        -            568   3.3e-15   52.0  22.2   3   4   3.8e-11     3e-09   32.3   4.9    84   263   273   456   254   467 0.85 -
NW_025965304.1_RagTag:258820-256610   -            737 15171at314147        -            568   3.3e-15   52.0  22.2   4   4    0.0046      0.37    5.6   0.7   225   314   442   530   440   546 0.79 -
NW_025965301.1_RagTag:570707-569203   -            499 15171at314147        -            568   2.3e-14   49.2   6.2   1   4   9.9e-08   7.8e-06   21.0   0.1   181   238    56   113    35   114 0.72 -
NW_025965301.1_RagTag:570707-569203   -            499 15171at314147        -            568   2.3e-14   49.2   6.2   2   4   1.1e-09   8.5e-08   27.5   0.6   187   265    86   168    85   175 0.87 -
NW_025965301.1_RagTag:570707-569203   -            499 15171at314147        -            568   2.3e-14   49.2   6.2   3   4   1.5e-06   0.00012   17.2   0.5   231   301   153   224   151   239 0.81 -
NW_025965301.1_RagTag:570707-569203   -            499 15171at314147        -            568   2.3e-14   49.2   6.2   4   4       2.1   1.6e+02   -3.2   0.0   224   255   413   444   410   451 0.81 -
NW_025965324.1_RagTag:3939084-3938365 -            240 15171at314147        -            568   5.2e-14   48.0   1.0   1   3   0.00081     0.064    8.1   0.0    20    72    61   113    54   118 0.84 -
NW_025965324.1_RagTag:3939084-3938365 -            240 15171at314147        -            568   5.2e-14   48.0   1.0   2   3   9.4e-11   7.4e-09   31.0   1.6   185   266    83   164    77   168 0.96 -
NW_025965324.1_RagTag:3939084-3938365 -            240 15171at314147        -            568   5.2e-14   48.0   1.0   3   3   1.7e-05    0.0013   13.7   0.0   222   284   169   231   164   236 0.92 -
NW_025965319.1_RagTag:986038-984140   -            511 15171at314147        -            568   2.3e-13   45.9   2.1   1   2   9.8e-07   7.7e-05   17.7   0.1    37   115    82   160    62   162 0.58 -
NW_025965319.1_RagTag:986038-984140   -            511 15171at314147        -            568   2.3e-13   45.9   2.1   2   2   3.1e-12   2.4e-10   35.9   0.9    39   142   132   235   131   242 0.94 -
NW_025965287.1_RagTag:853012-852479   -            178 15171at314147        -            568   6.4e-13   44.4   1.4   1   1   5.4e-14   4.2e-12   41.7   1.4    22   174    23   174    18   176 0.95 -
NW_025965230.1_RagTag:745188-745661   -            158 15171at314147        -            568     1e-11   40.4   0.6   1   1   3.9e-13   3.1e-11   38.9   0.6    24   155    21   151    14   156 0.72 -
NW_025965321.1_RagTag:3071935-3072925 -            298 15171at314147        -            568   3.7e-09   32.0   5.4   1   2    0.0028      0.22    6.3   3.5   200   274     6    84     2   101 0.78 -
NW_025965321.1_RagTag:3071935-3072925 -            298 15171at314147        -            568   3.7e-09   32.0   5.4   2   2   4.3e-09   3.4e-07   25.5   0.0   321   411   106   199    89   218 0.80 -
NW_025965131.1_RagTag:176823-176545   -             93 15171at314147        -            568   4.3e-09   31.8   1.4   1   1   6.2e-11   4.9e-09   31.6   1.4   231   311     2    81     1    86 0.92 -
NW_025965212.1_RagTag:132792-133915   -            287 15171at314147        -            568     1e-08   30.6   2.7   1   2   1.6e-10   1.2e-08   30.3   0.6   193   265     3    75     1   102 0.57 -
NW_025965212.1_RagTag:132792-133915   -            287 15171at314147        -            568     1e-08   30.6   2.7   2   2      0.22        17    0.1   0.1   414   462   164   212   127   241 0.65 -
NW_025965028.1_RagTag:63265-63801     -            179 15171at314147        -            568     4e-05   18.7   4.2   1   1   9.8e-07   7.7e-05   17.7   4.2   157   265    54   160    47   169 0.85 -
NW_025965182.1_RagTag:216767-217576   -            270 15171at314147        -            568   0.00049   15.1   0.5   1   1   1.1e-05   0.00087   14.3   0.5   136   251    17   136     5   146 0.54 -
NW_025965291.1_RagTag:211544-210891   -            218 15171at314147        -            568   0.00063   14.7   0.1   1   1     1e-05   0.00081   14.4   0.1   367   405    11    49     6    99 0.80 -
NW_025965548.1_RagTag:8831-1842       -            515 15171at314147        -            568    0.0016   13.4   0.0   1   2    0.0042      0.33    5.8   0.0   340   410    31   103    14   119 0.67 -
NW_025965548.1_RagTag:8831-1842       -            515 15171at314147        -            568    0.0016   13.4   0.0   2   2    0.0051       0.4    5.5   0.0   373   401   176   204   162   232 0.86 -
NW_025965309.1_RagTag:3531840-3529118 -            326 15171at314147        -            568    0.0019   13.1   0.0   1   2   5.4e-05    0.0043   12.0   0.0   373   405    13    45     8    68 0.80 -
NW_025965309.1_RagTag:3531840-3529118 -            326 15171at314147        -            568    0.0019   13.1   0.0   2   2       1.7   1.3e+02   -2.9   0.0   415   443   123   152   109   170 0.54 -
NW_025965256.1_RagTag:1087919-1092946 -            482 15171at314147        -            568    0.0073   11.2   0.1   1   1   0.00013      0.01   10.8   0.1   283   404   210   327   186   356 0.79 -
#
# Program:         hmmsearch
# Version:         3.1b2 (February 2015)
# Pipeline mode:   SEARCH
# Query file:      /home/bgerda/guppy_SUP/busco_downloads/lineages/glires_odb10/hmms/15171at314147.hmm
# Target file:     /home/bgerda/guppy_SUP/busco_results_flye/run_glires_odb10/metaeuk_output/initial_results/ragtag.scaffold.fasta.modified.fas
# Option settings: hmmsearch --domtblout /home/bgerda/guppy_SUP/busco_results_flye/run_glires_odb10/hmmer_output/initial_run_results/15171at314147.out --cpu 1 /home/bgerda/guppy_SUP/busco_downloads/lineages/glires_odb10/hmms/15171at314147.hmm /home/bgerda/guppy_SUP/busco_results_flye/run_glires_odb10/metaeuk_output/initial_results/ragtag.scaffold.fasta.modified.fas 
# Current dir:     /home/bgerda/guppy_SUP
# Date:            Sun May 21 17:16:50 2023
# [ok]
