#                                                                                             --- full sequence --- -------------- this domain -------------   hmm coord   ali coord   env coord
# target name                         accession   tlen query name           accession   qlen   E-value  score  bias   #  of  c-Evalue  i-Evalue  score  bias  from    to  from    to  from    to  acc description of target
#                 ------------------- ---------- ----- -------------------- ---------- ----- --------- ------ ----- --- --- --------- --------- ------ ----- ----- ----- ----- ----- ----- ----- ---- ---------------------
NW_025965317.1_RagTag:5079166-5080476 -            437 17798at314147        -            360   2.3e-51  170.9   0.6   1   2   3.7e-10     1e-07   27.2   0.0   169   250     9    89     3   111 0.77 -
NW_025965317.1_RagTag:5079166-5080476 -            437 17798at314147        -            360   2.3e-51  170.9   0.6   2   2   4.2e-45   1.2e-42  142.2   0.1   231   341   136   246   113   268 0.85 -
NW_025965175.1_RagTag:621215-621631   -            139 17798at314147        -            360   6.3e-11   37.8   0.3   1   1   2.7e-13   7.6e-11   37.6   0.3   233   289    80   136    61   139 0.85 -
NW_025965223.1_RagTag:193490-192864   -            209 17798at314147        -            360   3.2e-08   28.9   0.0   1   2   5.6e-08   1.6e-05   20.0   0.0    38   122     2   100     1   107 0.70 -
NW_025965223.1_RagTag:193490-192864   -            209 17798at314147        -            360   3.2e-08   28.9   0.0   2   2     0.005       1.4    3.8   0.0   152   177   176   201   169   209 0.75 -
NW_025965190.1_RagTag:123157-121071   -            202 17798at314147        -            360     7e-05   17.9   0.4   1   1     3e-07   8.4e-05   17.7   0.4   247   310   136   198   117   202 0.73 -
NW_025965319.1_RagTag:4811282-4810695 -            196 17798at314147        -            360   8.8e-05   17.6   0.0   1   1   4.2e-07   0.00012   17.2   0.0    36    98     4    67     1   102 0.80 -
#
# Program:         hmmsearch
# Version:         3.1b2 (February 2015)
# Pipeline mode:   SEARCH
# Query file:      /home/bgerda/guppy_SUP/busco_downloads/lineages/glires_odb10/hmms/17798at314147.hmm
# Target file:     /home/bgerda/guppy_SUP/busco_results_flye/run_glires_odb10/metaeuk_output/initial_results/ragtag.scaffold.fasta.modified.fas
# Option settings: hmmsearch --domtblout /home/bgerda/guppy_SUP/busco_results_flye/run_glires_odb10/hmmer_output/initial_run_results/17798at314147.out --cpu 1 /home/bgerda/guppy_SUP/busco_downloads/lineages/glires_odb10/hmms/17798at314147.hmm /home/bgerda/guppy_SUP/busco_results_flye/run_glires_odb10/metaeuk_output/initial_results/ragtag.scaffold.fasta.modified.fas 
# Current dir:     /home/bgerda/guppy_SUP
# Date:            Sun May 21 17:16:51 2023
# [ok]
