#                                                                                             --- full sequence --- -------------- this domain -------------   hmm coord   ali coord   env coord
# target name                         accession   tlen query name           accession   qlen   E-value  score  bias   #  of  c-Evalue  i-Evalue  score  bias  from    to  from    to  from    to  acc description of target
#                 ------------------- ---------- ----- -------------------- ---------- ----- --------- ------ ----- --- --- --------- --------- ------ ----- ----- ----- ----- ----- ----- ----- ---- ---------------------
NW_025965287.1_RagTag:1529085-1528498 -            196 18143at314147        -            424   1.7e-13   46.7   0.6   1   4   4.9e-05     0.023   10.0   0.0   188   212    12    36     3    39 0.87 -
NW_025965287.1_RagTag:1529085-1528498 -            196 18143at314147        -            424   1.7e-13   46.7   0.6   2   4   4.3e-07    0.0002   16.7   0.0   168   226    34    92    34    99 0.86 -
NW_025965287.1_RagTag:1529085-1528498 -            196 18143at314147        -            424   1.7e-13   46.7   0.6   3   4    0.0011      0.51    5.5   0.0   183   212    92   121    85   132 0.80 -
NW_025965287.1_RagTag:1529085-1528498 -            196 18143at314147        -            424   1.7e-13   46.7   0.6   4   4     7e-06    0.0033   12.7   0.0   352   412   131   189   125   193 0.79 -
contig_13085_pilon:902-109            -            219 18143at314147        -            424   1.3e-10   37.2   0.7   1   2    0.0024       1.1    4.4   0.0   176   211    36    71    27    74 0.84 -
contig_13085_pilon:902-109            -            219 18143at314147        -            424   1.3e-10   37.2   0.7   2   2   8.3e-12   3.9e-09   32.3   0.2   169   238    71   137    69   146 0.88 -
NW_025965114.1_RagTag:29747-29574     -             58 18143at314147        -            424   8.9e-05   17.9   0.1   1   1     2e-07   9.2e-05   17.9   0.1   162   210     1    51     1    57 0.82 -
#
# Program:         hmmsearch
# Version:         3.1b2 (February 2015)
# Pipeline mode:   SEARCH
# Query file:      /home/bgerda/guppy_SUP/busco_downloads/lineages/glires_odb10/hmms/18143at314147.hmm
# Target file:     /home/bgerda/guppy_SUP/busco_results_flye/run_glires_odb10/metaeuk_output/initial_results/ragtag.scaffold.fasta.modified.fas
# Option settings: hmmsearch --domtblout /home/bgerda/guppy_SUP/busco_results_flye/run_glires_odb10/hmmer_output/initial_run_results/18143at314147.out --cpu 1 /home/bgerda/guppy_SUP/busco_downloads/lineages/glires_odb10/hmms/18143at314147.hmm /home/bgerda/guppy_SUP/busco_results_flye/run_glires_odb10/metaeuk_output/initial_results/ragtag.scaffold.fasta.modified.fas 
# Current dir:     /home/bgerda/guppy_SUP
# Date:            Sun May 21 17:16:51 2023
# [ok]
