#                                                                                             --- full sequence --- -------------- this domain -------------   hmm coord   ali coord   env coord
# target name                         accession   tlen query name           accession   qlen   E-value  score  bias   #  of  c-Evalue  i-Evalue  score  bias  from    to  from    to  from    to  acc description of target
#                 ------------------- ---------- ----- -------------------- ---------- ----- --------- ------ ----- --- --- --------- --------- ------ ----- ----- ----- ----- ----- ----- ----- ---- ---------------------
NW_025965287.1_RagTag:1529085-1528498 -            196 18238at314147        -            351   7.6e-11   38.2   1.1   1   4   3.4e-06    0.0016   14.1   0.0    80   115    12    47     2    57 0.79 -
NW_025965287.1_RagTag:1529085-1528498 -            196 18238at314147        -            351   7.6e-11   38.2   1.1   2   4   0.00094      0.45    6.1   0.0    78   106    52    80    43    84 0.85 -
NW_025965287.1_RagTag:1529085-1528498 -            196 18238at314147        -            351   7.6e-11   38.2   1.1   3   4    0.0019      0.88    5.1   0.0    81   119    98   136    87   142 0.73 -
NW_025965287.1_RagTag:1529085-1528498 -            196 18238at314147        -            351   7.6e-11   38.2   1.1   4   4   2.5e-05     0.012   11.3   0.1    61   113   121   175   117   184 0.76 -
contig_13085_pilon:902-109            -            219 18238at314147        -            351   7.4e-05   18.5   0.2   1   2   4.8e-06    0.0022   13.6   0.1   252   322    40   112    28   120 0.80 -
contig_13085_pilon:902-109            -            219 18238at314147        -            351   7.4e-05   18.5   0.2   2   2      0.03        14    1.2   0.0   253   285   156   189   121   218 0.58 -
NW_025965114.1_RagTag:29747-29574     -             58 18238at314147        -            351    0.0033   13.1   0.0   1   1   7.2e-06    0.0034   13.1   0.0    61    97     9    44     3    56 0.81 -
#
# Program:         hmmsearch
# Version:         3.1b2 (February 2015)
# Pipeline mode:   SEARCH
# Query file:      /home/bgerda/guppy_SUP/busco_downloads/lineages/glires_odb10/hmms/18238at314147.hmm
# Target file:     /home/bgerda/guppy_SUP/busco_results_flye/run_glires_odb10/metaeuk_output/initial_results/ragtag.scaffold.fasta.modified.fas
# Option settings: hmmsearch --domtblout /home/bgerda/guppy_SUP/busco_results_flye/run_glires_odb10/hmmer_output/initial_run_results/18238at314147.out --cpu 1 /home/bgerda/guppy_SUP/busco_downloads/lineages/glires_odb10/hmms/18238at314147.hmm /home/bgerda/guppy_SUP/busco_results_flye/run_glires_odb10/metaeuk_output/initial_results/ragtag.scaffold.fasta.modified.fas 
# Current dir:     /home/bgerda/guppy_SUP
# Date:            Sun May 21 17:16:46 2023
# [ok]
