#                                                                                             --- full sequence --- -------------- this domain -------------   hmm coord   ali coord   env coord
# target name                         accession   tlen query name           accession   qlen   E-value  score  bias   #  of  c-Evalue  i-Evalue  score  bias  from    to  from    to  from    to  acc description of target
#                 ------------------- ---------- ----- -------------------- ---------- ----- --------- ------ ----- --- --- --------- --------- ------ ----- ----- ----- ----- ----- ----- ----- ---- ---------------------
NW_025965218.1_RagTag:1680171-1678010 -            316 19086at314147        -            353  5.1e-136  449.7   0.3   1   2   1.1e-09     7e-08   28.2   0.1     7    30    43    66    38    71 0.90 -
NW_025965218.1_RagTag:1680171-1678010 -            316 19086at314147        -            353  5.1e-136  449.7   0.3   2   2  9.5e-129  6.1e-127  419.8   0.0   150   353    98   316    83   316 0.94 -
contig_66008_pilon:1783-2643          -            287 19086at314147        -            353   4.2e-54  180.2   0.0   1   1   8.5e-56   5.5e-54  179.9   0.0    30   257    12   237     5   247 0.95 -
NW_025965233.1_RagTag:123560-122163   -            466 19086at314147        -            353   5.4e-50  166.7   0.0   1   1   1.2e-51   7.6e-50  166.2   0.0    32   260    35   261    28   267 0.93 -
NW_025965099.1_RagTag:15123-16034     -            304 19086at314147        -            353   6.8e-49  163.1   0.1   1   1   1.4e-50   8.9e-49  162.7   0.1    30   255    53   277    42   289 0.92 -
contig_37224_pilon:1729-2460          -            244 19086at314147        -            353   4.9e-48  160.3   0.1   1   1   8.3e-50   5.3e-48  160.2   0.1    31   243    26   237     9   244 0.88 -
NW_025965499.1_RagTag:3947-3072       -            292 19086at314147        -            353   2.5e-47  158.0   0.2   1   1   4.6e-49     3e-47  157.7   0.2    32   255    28   250    15   287 0.88 -
contig_31429_pilon:336-926            -            197 19086at314147        -            353   1.1e-39  132.9   0.0   1   1   1.9e-41   1.2e-39  132.6   0.0    31   214    15   195     8   197 0.95 -
contig_34309_pilon:705-58             -            216 19086at314147        -            353   7.3e-38  126.8   0.0   1   1   1.5e-39   9.5e-38  126.4   0.0    30   207    34   208    27   215 0.96 -
contig_34501_pilon:2315-1608          -            236 19086at314147        -            353   5.6e-30  100.9   0.0   1   1   1.2e-31   7.9e-30  100.4   0.0    80   236     2   160     1   185 0.91 -
contig_83342_pilon:1440-913           -            176 19086at314147        -            353   1.4e-25   86.4   0.0   1   1   2.4e-27   1.5e-25   86.3   0.0   101   229     2   132     1   159 0.87 -
contig_18707_pilon:1356-1883          -            176 19086at314147        -            353   3.1e-22   75.4   0.0   1   1   5.7e-24   3.6e-22   75.2   0.0   103   233     4   136     1   143 0.90 -
NW_025965548.1_RagTag:8831-1842       -            515 19086at314147        -            353   6.7e-15   51.3   0.0   1   1   1.7e-16   1.1e-14   50.6   0.0    52   248   281   502   266   508 0.74 -
NW_025965321.1_RagTag:4471412-4470762 -            217 19086at314147        -            353   3.5e-14   48.9   0.0   1   1   6.9e-16   4.4e-14   48.6   0.0    50   195    48   196    23   210 0.81 -
NW_025965279.1_RagTag:87840-88469     -            210 19086at314147        -            353   1.8e-13   46.6   0.0   1   1   3.5e-15   2.2e-13   46.3   0.0   106   196    27   116    20   139 0.91 -
NW_025965240.1_RagTag:98599-94629     -            305 19086at314147        -            353   9.9e-12   40.9   0.7   1   1   2.1e-13   1.4e-11   40.4   0.7    47   130   222   305   215   305 0.92 -
NW_025965072.1_RagTag:103895-101612   -            329 19086at314147        -            353   5.1e-11   38.5   0.4   1   2   1.6e-06    0.0001   17.8   0.1    52   123    13    85     3    95 0.85 -
NW_025965072.1_RagTag:103895-101612   -            329 19086at314147        -            353   5.1e-11   38.5   0.4   2   2   1.3e-06   8.5e-05   18.1   0.0   162   205   195   242   190   326 0.62 -
NW_025965313.1_RagTag:91187-92498     -            211 19086at314147        -            353   8.1e-10   34.6   0.0   1   1   1.6e-11     1e-09   34.2   0.0    61   152    87   181    55   207 0.80 -
NW_025965309.1_RagTag:3531840-3529118 -            326 19086at314147        -            353   5.1e-07   25.4   0.0   1   1   1.5e-08   9.8e-07   24.4   0.0    32   198   130   316   115   323 0.69 -
NW_025965256.1_RagTag:50807-50322     -            106 19086at314147        -            353   8.5e-07   24.6   0.0   1   1   1.3e-08   8.5e-07   24.6   0.0   104   152    42    90    13   104 0.85 -
NW_025965287.1_RagTag:77543-78792     -            357 19086at314147        -            353   9.1e-07   24.5   0.0   1   1   1.9e-08   1.2e-06   24.1   0.0   111   203    46   144    31   155 0.79 -
NW_025965401.1_RagTag:66129-68169     -            216 19086at314147        -            353   3.5e-05   19.3   0.0   1   1   7.2e-07   4.6e-05   18.9   0.0   101   207    16   131     5   147 0.76 -
NW_025965352.1_RagTag:111207-112973   -            318 19086at314147        -            353      0.01   11.3   0.0   1   1   0.00025     0.016   10.6   0.0   166   250   219   309   210   316 0.79 -
#
# Program:         hmmsearch
# Version:         3.1b2 (February 2015)
# Pipeline mode:   SEARCH
# Query file:      /home/bgerda/guppy_SUP/busco_downloads/lineages/glires_odb10/hmms/19086at314147.hmm
# Target file:     /home/bgerda/guppy_SUP/busco_results_flye/run_glires_odb10/metaeuk_output/initial_results/ragtag.scaffold.fasta.modified.fas
# Option settings: hmmsearch --domtblout /home/bgerda/guppy_SUP/busco_results_flye/run_glires_odb10/hmmer_output/initial_run_results/19086at314147.out --cpu 1 /home/bgerda/guppy_SUP/busco_downloads/lineages/glires_odb10/hmms/19086at314147.hmm /home/bgerda/guppy_SUP/busco_results_flye/run_glires_odb10/metaeuk_output/initial_results/ragtag.scaffold.fasta.modified.fas 
# Current dir:     /home/bgerda/guppy_SUP
# Date:            Sun May 21 17:16:44 2023
# [ok]
