#                                                                                             --- full sequence --- -------------- this domain -------------   hmm coord   ali coord   env coord
# target name                         accession   tlen query name           accession   qlen   E-value  score  bias   #  of  c-Evalue  i-Evalue  score  bias  from    to  from    to  from    to  acc description of target
#                 ------------------- ---------- ----- -------------------- ---------- ----- --------- ------ ----- --- --- --------- --------- ------ ----- ----- ----- ----- ----- ----- ----- ---- ---------------------
NW_025965314.1_RagTag:122427-124252   -            303 20685at314147        -            363   3.3e-18   62.2  16.3   1   1   9.3e-20   4.4e-18   61.8  16.3    37   269    19   255     6   301 0.80 -
NW_025965319.1_RagTag:190258-191328   -            357 20685at314147        -            363   2.1e-17   59.6  15.0   1   1   5.9e-19   2.8e-17   59.2  15.0    38   317    34   314    16   345 0.81 -
NW_025965108.1_RagTag:146432-147415   -            328 20685at314147        -            363   5.9e-17   58.1   3.8   1   1   2.1e-18   9.7e-17   57.4   3.8    17   309    19   318     3   326 0.69 -
NW_025965256.1_RagTag:853503-854828   -            442 20685at314147        -            363   1.2e-12   44.0  17.3   1   2   1.7e-12   8.1e-11   37.9   8.2    28   163    19   154     2   217 0.83 -
NW_025965256.1_RagTag:853503-854828   -            442 20685at314147        -            363   1.2e-12   44.0  17.3   2   2   0.00022      0.01   11.3   1.6   238   326   263   349   250   369 0.76 -
NW_025965266.1_RagTag:245825-244296   -            282 20685at314147        -            363   4.7e-12   42.0   6.7   1   1   1.7e-13   8.2e-12   41.2   6.7    25   226    39   232    23   248 0.77 -
NW_025965161.1_RagTag:422258-421552   -            215 20685at314147        -            363   5.2e-12   41.9   0.8   1   1   1.2e-13   5.9e-12   41.7   0.8    30   221    15   212     5   215 0.80 -
NW_025965307.1_RagTag:989220-990869   -            550 20685at314147        -            363   6.8e-11   38.2   6.8   1   2   1.5e-12   6.8e-11   38.2   6.8    32   219    69   252    50   270 0.81 -
NW_025965307.1_RagTag:989220-990869   -            550 20685at314147        -            363   6.8e-11   38.2   6.8   2   2       3.2   1.5e+02   -2.4   0.4   242   268   484   510   460   549 0.53 -
NW_025965278.1_RagTag:275474-274923   -            184 20685at314147        -            363   6.9e-11   38.2   3.4   1   1   1.6e-12   7.5e-11   38.0   3.4   140   319    12   182     1   184 0.80 -
NW_025965321.1_RagTag:4467400-4468179 -            237 20685at314147        -            363   2.4e-09   33.1   5.9   1   2   5.2e-11   2.4e-09   33.1   5.9    39   168    30   157    14   169 0.85 -
NW_025965321.1_RagTag:4467400-4468179 -            237 20685at314147        -            363   2.4e-09   33.1   5.9   2   2      0.52        25    0.2   0.2   239   264   198   223   170   229 0.75 -
NW_025965295.1_RagTag:981139-979895   -            415 20685at314147        -            363   4.1e-09   32.3  21.7   1   1   1.2e-10   5.7e-09   31.9  21.7    39   325   100   379    91   394 0.73 -
NW_025965323.1_RagTag:1326522-1325617 -            302 20685at314147        -            363   2.5e-08   29.7  14.0   1   1   1.5e-09   6.9e-08   28.3  14.0    43   319     3   282     2   294 0.73 -
NW_025965421.1_RagTag:181807-182473   -            201 20685at314147        -            363   3.9e-07   25.8   2.5   1   2   0.00016    0.0074   11.7   0.0    93   178     5    89     2   106 0.81 -
NW_025965421.1_RagTag:181807-182473   -            201 20685at314147        -            363   3.9e-07   25.8   2.5   2   2   5.7e-05    0.0027   13.2   1.6   242   316   126   198   117   201 0.84 -
NW_025965230.1_RagTag:352259-351105   -            385 20685at314147        -            363     6e-07   25.2   6.5   1   1   3.4e-08   1.6e-06   23.8   6.5    29   319    37   326    11   334 0.69 -
NW_025965148.1_RagTag:251890-251081   -            270 20685at314147        -            363   6.9e-07   25.0   3.0   1   2   1.5e-08   6.9e-07   25.0   3.0    76   166     2    92     1   135 0.87 -
NW_025965148.1_RagTag:251890-251081   -            270 20685at314147        -            363   6.9e-07   25.0   3.0   2   2      0.26        12    1.2   0.2   241   266   216   241   199   262 0.80 -
contig_25261_pilon:2046-1063          -            328 20685at314147        -            363   1.5e-06   23.9  18.0   1   1   1.4e-07   6.6e-06   21.8  18.0    32   316    26   310     9   320 0.72 -
NW_025965322.1_RagTag:1960357-1959483 -            226 20685at314147        -            363   2.9e-06   23.0   3.7   1   2   2.9e-05    0.0013   14.2   0.2    64   132    28    95    19   119 0.89 -
NW_025965322.1_RagTag:1960357-1959483 -            226 20685at314147        -            363   2.9e-06   23.0   3.7   2   2    0.0005     0.023   10.1   0.4   249   321   144   214   126   224 0.76 -
NW_025965317.1_RagTag:3312876-3311454 -            398 20685at314147        -            363   2.1e-05   20.1   6.2   1   1     6e-07   2.8e-05   19.7   6.2    37   208   123   296   108   366 0.72 -
NW_025965305.1_RagTag:1655528-1654657 -            283 20685at314147        -            363   2.4e-05   19.9   3.1   1   1   7.5e-07   3.5e-05   19.4   3.0    36   168    25   157    14   222 0.92 -
NW_025965316.1_RagTag:3970847-3970154 -            182 20685at314147        -            363   2.5e-05   19.9   6.1   1   2     3e-06   0.00014   17.4   0.2    31    88    33    92    28   101 0.88 -
NW_025965316.1_RagTag:3970847-3970154 -            182 20685at314147        -            363   2.5e-05   19.9   6.1   2   2    0.0084       0.4    6.1   0.9   144   219    98   170    91   176 0.82 -
NW_025965235.1_RagTag:60637-59771     -            289 20685at314147        -            363   7.1e-05   18.4   2.0   1   1   1.5e-06   7.1e-05   18.4   2.0    40   135    36   131    24   237 0.93 -
NW_025965352.1_RagTag:14186-14813     -            207 20685at314147        -            363   7.5e-05   18.3   1.9   1   1   1.7e-06   7.8e-05   18.2   1.9    38   165    33   158     1   182 0.80 -
NW_025965209.1_RagTag:638034-638534   -            167 20685at314147        -            363     8e-05   18.2  11.4   1   1   2.4e-06   0.00011   17.7  11.4   201   327    34   159    15   166 0.70 -
NW_025965407.1_RagTag:8718-7813       -            302 20685at314147        -            363   0.00012   17.7   1.3   1   1   2.5e-06   0.00012   17.7   1.3    37   157    27   147    14   170 0.85 -
NW_025965426.1_RagTag:28199-27276     -            308 20685at314147        -            363    0.0002   16.9   7.5   1   2   4.2e-06    0.0002   16.9   7.5    35   168    26   159    17   180 0.83 -
NW_025965426.1_RagTag:28199-27276     -            308 20685at314147        -            363    0.0002   16.9   7.5   2   2      0.65        30   -0.1   0.8   139   216   195   274   160   281 0.65 -
NW_025965331.1_RagTag:109596-117599   -            283 20685at314147        -            363   0.00043   15.8   4.3   1   2   1.3e-05   0.00062   15.3   1.4    41   137    30   126    22   152 0.91 -
NW_025965331.1_RagTag:109596-117599   -            283 20685at314147        -            363   0.00043   15.8   4.3   2   2      0.27        13    1.1   0.1   175   222   212   261   191   270 0.81 -
NW_025965352.1_RagTag:41240-40296     -            315 20685at314147        -            363   0.00044   15.8   3.3   1   1   1.3e-05   0.00059   15.4   3.3    40   165    41   166    23   215 0.86 -
NW_025965322.1_RagTag:1960303-1959611 -            170 20685at314147        -            363    0.0007   15.1   0.1   1   2   1.5e-05    0.0007   15.1   0.1    64   132    10    77     3   101 0.88 -
NW_025965322.1_RagTag:1960303-1959611 -            170 20685at314147        -            363    0.0007   15.1   0.1   2   2       6.1   2.9e+02   -3.4   0.1   249   270   127   148   122   151 0.71 -
NW_025965101.1_RagTag:53784-23313     -            277 20685at314147        -            363     0.001   14.6   3.3   1   1   3.1e-05    0.0015   14.1   3.3    40   165    31   165    19   187 0.84 -
contig_67641_pilon:774-58             -            239 20685at314147        -            363    0.0024   13.3  15.1   1   1   8.7e-05    0.0041   12.6  15.1    39   227     8   207     2   239 0.76 -
NW_025965426.1_RagTag:16554-71915     -            291 20685at314147        -            363     0.032    9.7  14.9   1   1   0.00098     0.046    9.1  14.9    36   228    10   210     2   241 0.74 -
#
# Program:         hmmsearch
# Version:         3.1b2 (February 2015)
# Pipeline mode:   SEARCH
# Query file:      /home/bgerda/guppy_SUP/busco_downloads/lineages/glires_odb10/hmms/20685at314147.hmm
# Target file:     /home/bgerda/guppy_SUP/busco_results_flye/run_glires_odb10/metaeuk_output/initial_results/ragtag.scaffold.fasta.modified.fas
# Option settings: hmmsearch --domtblout /home/bgerda/guppy_SUP/busco_results_flye/run_glires_odb10/hmmer_output/initial_run_results/20685at314147.out --cpu 1 /home/bgerda/guppy_SUP/busco_downloads/lineages/glires_odb10/hmms/20685at314147.hmm /home/bgerda/guppy_SUP/busco_results_flye/run_glires_odb10/metaeuk_output/initial_results/ragtag.scaffold.fasta.modified.fas 
# Current dir:     /home/bgerda/guppy_SUP
# Date:            Sun May 21 17:16:52 2023
# [ok]
