#                                                                                             --- full sequence --- -------------- this domain -------------   hmm coord   ali coord   env coord
# target name                         accession   tlen query name           accession   qlen   E-value  score  bias   #  of  c-Evalue  i-Evalue  score  bias  from    to  from    to  from    to  acc description of target
#                 ------------------- ---------- ----- -------------------- ---------- ----- --------- ------ ----- --- --- --------- --------- ------ ----- ----- ----- ----- ----- ----- ----- ---- ---------------------
NW_025965314.1_RagTag:122427-124252   -            303 21087at314147        -            368     4e-45  151.0  23.5   1   1   3.6e-46     5e-45  150.7  23.5    10   291    15   298     8   302 0.89 -
NW_025965323.1_RagTag:1326522-1325617 -            302 21087at314147        -            368     1e-23   80.5  18.5   1   1   9.6e-25   1.3e-23   80.2  18.5    21   294     4   285     1   299 0.79 -
NW_025965319.1_RagTag:190258-191328   -            357 21087at314147        -            368   5.6e-23   78.1  13.9   1   1   5.3e-24   7.3e-23   77.7  13.9    10   283    29   300    23   347 0.79 -
NW_025965278.1_RagTag:275474-274923   -            184 21087at314147        -            368   4.7e-21   71.8   4.4   1   1   3.8e-22   5.2e-21   71.6   4.4   106   292     1   183     1   184 0.85 -
NW_025965256.1_RagTag:853503-854828   -            442 21087at314147        -            368   9.2e-19   64.2  14.5   1   2   1.6e-14   2.2e-13   46.5  10.3    16   193    30   217    18   222 0.84 -
NW_025965256.1_RagTag:853503-854828   -            442 21087at314147        -            368   9.2e-19   64.2  14.5   2   2   2.3e-06   3.2e-05   19.7   0.1   209   299   259   353   243   369 0.78 -
contig_25261_pilon:2046-1063          -            328 21087at314147        -            368   4.3e-18   62.0  17.8   1   1   4.4e-19   6.1e-18   61.5  17.8    10   288    24   310    18   317 0.79 -
contig_67641_pilon:774-58             -            239 21087at314147        -            368   5.8e-18   61.6  16.1   1   1   8.2e-19   1.1e-17   60.7  16.1    16   241     8   236     2   239 0.76 -
NW_025965108.1_RagTag:146432-147415   -            328 21087at314147        -            368   2.6e-17   59.4   4.3   1   1   2.7e-18   3.8e-17   58.9   4.3    15   281    40   318    29   326 0.73 -
NW_025965307.1_RagTag:989220-990869   -            550 21087at314147        -            368   1.2e-15   54.0  27.9   1   2   4.4e-16   6.1e-15   51.7  15.8     5   190    64   250    62   256 0.86 -
NW_025965307.1_RagTag:989220-990869   -            550 21087at314147        -            368   1.2e-15   54.0  27.9   2   2    0.0074       0.1    8.2   4.2   213   285   480   548   469   550 0.78 -
NW_025965161.1_RagTag:422258-421552   -            215 21087at314147        -            368   3.3e-14   49.2   5.1   1   1   2.9e-15     4e-14   49.0   5.1    33   195    42   213    34   215 0.79 -
NW_025965230.1_RagTag:352259-351105   -            385 21087at314147        -            368   4.5e-14   48.8   7.6   1   1   6.4e-15   8.8e-14   47.8   7.6    10   291    41   326    36   333 0.80 -
NW_025965421.1_RagTag:181807-182473   -            201 21087at314147        -            368   4.2e-12   42.3   6.5   1   2   1.1e-12   1.5e-11   40.5   0.2    71   191     6   125     2   132 0.90 -
NW_025965421.1_RagTag:181807-182473   -            201 21087at314147        -            368   4.2e-12   42.3   6.5   2   2      0.14       1.9    4.0   3.5   219   288   128   198   122   201 0.78 -
NW_025965321.1_RagTag:4467400-4468179 -            237 21087at314147        -            368   7.4e-12   41.5  22.6   1   1   1.4e-10     2e-09   33.5  22.6    15   149    29   163    22   231 0.79 -
NW_025965313.1_RagTag:72611-73496     -            284 21087at314147        -            368   8.1e-11   38.1  10.1   1   2   1.1e-10   1.5e-09   33.9   7.2     3   120     5   121     3   200 0.80 -
NW_025965313.1_RagTag:72611-73496     -            284 21087at314147        -            368   8.1e-11   38.1  10.1   2   2     0.044       0.6    5.6   0.0   257   294   242   279   209   284 0.86 -
NW_025965313.1_RagTag:72608-73156     -            183 21087at314147        -            368   1.8e-10   36.9   5.5   1   1   1.5e-11     2e-10   36.8   5.5     3   120     6   122     4   155 0.80 -
NW_025965148.1_RagTag:251890-251081   -            270 21087at314147        -            368     2e-10   36.8   8.0   1   2   2.9e-10   3.9e-09   32.5   2.2    61   185    10   131     1   158 0.82 -
NW_025965148.1_RagTag:251890-251081   -            270 21087at314147        -            368     2e-10   36.8   8.0   2   2    0.0085      0.12    8.0   0.3   215   249   215   249   198   265 0.80 -
NW_025965057.1_RagTag:7581-6671       -            299 21087at314147        -            368   5.8e-10   35.3  14.0   1   2   1.4e-10   1.9e-09   33.6  12.8     3   144    16   157    14   220 0.79 -
NW_025965057.1_RagTag:7581-6671       -            299 21087at314147        -            368   5.8e-10   35.3  14.0   2   2       2.5        34   -0.2   0.0   265   294   266   295   261   298 0.80 -
contig_70120_pilon:673-1551           -            293 21087at314147        -            368   9.3e-10   34.6   7.5   1   2   1.6e-10   2.2e-09   33.3   4.0    13   129    15   137    11   215 0.84 -
contig_70120_pilon:673-1551           -            293 21087at314147        -            368   9.3e-10   34.6   7.5   2   2      0.28       3.8    3.0   0.1   244   291   244   291   226   293 0.81 -
contig_36220_pilon:1250-2170          -            307 21087at314147        -            368   1.1e-09   34.4  15.9   1   1   1.9e-09   2.6e-08   29.8  15.9    20   288    36   299    21   306 0.71 -
contig_45643_pilon:2022-1121          -            299 21087at314147        -            368   2.6e-09   33.1   3.3   1   2   1.9e-10   2.6e-09   33.1   3.3    13   119    25   131    15   165 0.83 -
contig_45643_pilon:2022-1121          -            299 21087at314147        -            368   2.6e-09   33.1   3.3   2   2       4.8        66   -1.1   2.1     9    45   191   227   183   293 0.53 -
NW_025965295.1_RagTag:981139-979895   -            415 21087at314147        -            368   2.6e-09   33.1  25.1   1   1   3.1e-10   4.2e-09   32.4  25.1     5   245    89   326    85   372 0.74 -
NW_025965316.1_RagTag:3970847-3970154 -            182 21087at314147        -            368     4e-09   32.5   3.9   1   2   5.9e-05   0.00081   15.1   0.1    13    57    38    84    33    90 0.86 -
NW_025965316.1_RagTag:3970847-3970154 -            182 21087at314147        -            368     4e-09   32.5   3.9   2   2   6.2e-06   8.6e-05   18.3   1.2   125   193   104   171    90   181 0.85 -
NW_025965266.1_RagTag:245825-244296   -            282 21087at314147        -            368   4.5e-09   32.4   6.5   1   1   4.3e-10     6e-09   31.9   6.5    11   134    47   173    42   233 0.80 -
NW_025965313.1_RagTag:66003-66494     -            164 21087at314147        -            368   4.9e-09   32.2   7.6   1   1   4.3e-10   5.9e-09   32.0   7.6    14   139    26   149    15   161 0.74 -
contig_27735_pilon:496-10             -            160 21087at314147        -            368   5.4e-09   32.1   3.9   1   1   4.3e-10   5.8e-09   32.0   3.9    19   137    35   153    20   160 0.77 -
contig_72985_pilon:1524-2450          -            309 21087at314147        -            368   5.6e-09   32.0   9.9   1   2   3.8e-09   5.3e-08   28.8   6.9     4   134    23   154    21   180 0.82 -
contig_72985_pilon:1524-2450          -            309 21087at314147        -            368   5.6e-09   32.0   9.9   2   2      0.14         2    3.9   0.0   247   293   260   306   239   309 0.82 -
NW_025965182.1_RagTag:1858969-1859367 -            133 21087at314147        -            368   1.1e-08   31.0   3.3   1   1   9.5e-10   1.3e-08   30.8   3.3    19   115    32   128    17   132 0.80 -
NW_025965320.1_RagTag:900507-899674   -            264 21087at314147        -            368   1.2e-08   31.0   5.2   1   3   8.5e-10   1.2e-08   31.0   5.2    21   138     8   127     2   148 0.86 -
NW_025965320.1_RagTag:900507-899674   -            264 21087at314147        -            368   1.2e-08   31.0   5.2   2   3       0.5       6.9    2.1   0.1   272   299   174   201   159   214 0.78 -
NW_025965320.1_RagTag:900507-899674   -            264 21087at314147        -            368   1.2e-08   31.0   5.2   3   3       7.5     1e+02   -1.7   0.0   264   293   233   262   227   264 0.74 -
contig_75679_pilon:841-1732           -            295 21087at314147        -            368   1.5e-08   30.7   6.6   1   3   1.1e-09   1.5e-08   30.7   6.6    15   139    23   145    13   154 0.83 -
contig_75679_pilon:841-1732           -            295 21087at314147        -            368   1.5e-08   30.7   6.6   2   3       3.1        43   -0.5   4.1   230   298   159   232   147   243 0.66 -
contig_75679_pilon:841-1732           -            295 21087at314147        -            368   1.5e-08   30.7   6.6   3   3       0.1       1.4    4.4   0.1   248   292   249   293   238   295 0.78 -
NW_025965008.1_RagTag:175868-175071   -            266 21087at314147        -            368   1.9e-08   30.3   4.9   1   1   1.4e-09   1.9e-08   30.3   4.9    11   117    27   133    18   169 0.79 -
NW_025965146.1_RagTag:101503-100609   -            285 21087at314147        -            368     2e-08   30.2  11.8   1   2   3.3e-09   4.5e-08   29.1  11.4    20   196    34   208    16   227 0.79 -
NW_025965146.1_RagTag:101503-100609   -            285 21087at314147        -            368     2e-08   30.2  11.8   2   2       5.5        76   -1.3   0.0   264   288   256   280   251   284 0.73 -
NW_025965322.1_RagTag:1960357-1959483 -            226 21087at314147        -            368   3.1e-08   29.6   5.8   1   2   1.4e-05   0.00019   17.1   1.3    43   117    30   103    22   118 0.82 -
NW_025965322.1_RagTag:1960357-1959483 -            226 21087at314147        -            368   3.1e-08   29.6   5.8   2   2   5.7e-05   0.00079   15.1   0.3   219   293   139   214   112   224 0.81 -
NW_025965101.1_RagTag:53784-23313     -            277 21087at314147        -            368   3.6e-08   29.4   2.7   1   1   2.6e-09   3.6e-08   29.4   2.7    16   141    30   157    15   168 0.78 -
contig_56588_pilon:2328-1531          -            266 21087at314147        -            368   1.3e-07   27.6   7.6   1   2   6.1e-08   8.3e-07   24.9   6.0    23   136     1   112     1   142 0.85 -
contig_56588_pilon:2328-1531          -            266 21087at314147        -            368   1.3e-07   27.6   7.6   2   2      0.55       7.6    2.0   0.0   265   292   238   265   227   266 0.82 -
NW_025965426.1_RagTag:110740-109837   -            297 21087at314147        -            368   2.3e-07   26.7   4.9   1   2   1.7e-08   2.3e-07   26.7   4.9    19   145    29   157    21   202 0.80 -
NW_025965426.1_RagTag:110740-109837   -            297 21087at314147        -            368   2.3e-07   26.7   4.9   2   2       5.1        70   -1.2   0.1   256   287   264   294   226   297 0.59 -
contig_68255_pilon:901-34             -            262 21087at314147        -            368   3.3e-07   26.2   2.8   1   1   3.2e-08   4.4e-07   25.8   2.8    19   139    35   150    20   194 0.83 -
contig_19626_pilon:1319-2246          -            307 21087at314147        -            368   4.1e-07   25.9   6.8   1   3     3e-08   4.1e-07   25.9   6.8     6   115    23   129    19   137 0.79 -
contig_19626_pilon:1319-2246          -            307 21087at314147        -            368   4.1e-07   25.9   6.8   2   3      0.28       3.9    2.9   2.2    73   133   141   206   129   249 0.80 -
contig_19626_pilon:1319-2246          -            307 21087at314147        -            368   4.1e-07   25.9   6.8   3   3      0.96        13    1.2   0.0   263   293   272   302   264   306 0.82 -
NW_025965320.1_RagTag:848571-848158   -            138 21087at314147        -            368   4.4e-07   25.8   1.8   1   1   3.8e-08   5.2e-07   25.6   1.8     4   115    17   127    14   137 0.88 -
NW_025965250.1_RagTag:33393-32875     -            173 21087at314147        -            368   4.5e-07   25.8   6.3   1   1     4e-08   5.4e-07   25.5   6.3    21   143    22   146    12   160 0.81 -
NW_025965008.1_RagTag:230160-174970   -            285 21087at314147        -            368   5.6e-07   25.5  11.1   1   2   3.2e-07   4.4e-06   22.5   6.2    17   128    20   130    10   155 0.75 -
NW_025965008.1_RagTag:230160-174970   -            285 21087at314147        -            368   5.6e-07   25.5  11.1   2   2     0.044       0.6    5.6   0.2   244   290   239   285   221   285 0.83 -
NW_025965123.1_RagTag:1718891-1717962 -            310 21087at314147        -            368   6.6e-07   25.2  14.1   1   1   3.6e-06     5e-05   19.1  14.1    15   128    31   143    21   310 0.90 -
NW_025965313.1_RagTag:1671616-1670725 -            295 21087at314147        -            368   7.3e-07   25.1  10.6   1   3   5.3e-08   7.3e-07   25.1  10.6     3   138     7   143     5   208 0.80 -
NW_025965313.1_RagTag:1671616-1670725 -            295 21087at314147        -            368   7.3e-07   25.1  10.6   2   3       5.1        70   -1.2   2.0   223   283   130   190   121   235 0.65 -
NW_025965313.1_RagTag:1671616-1670725 -            295 21087at314147        -            368   7.3e-07   25.1  10.6   3   3         3        42   -0.4   0.1   262   292   258   288   221   292 0.76 -
NW_025965313.1_RagTag:1712957-1713863 -            300 21087at314147        -            368   9.8e-07   24.7   5.5   1   2   2.4e-06   3.2e-05   19.7   2.4     3   115    16   125    14   158 0.76 -
NW_025965313.1_RagTag:1712957-1713863 -            300 21087at314147        -            368   9.8e-07   24.7   5.5   2   2     0.032      0.45    6.0   0.1   247   294   253   300   229   300 0.83 -
NW_025965324.1_RagTag:3944352-3943433 -            303 21087at314147        -            368     1e-06   24.6   4.7   1   2   7.4e-08     1e-06   24.6   4.7    15   118    34   137    23   166 0.74 -
NW_025965324.1_RagTag:3944352-3943433 -            303 21087at314147        -            368     1e-06   24.6   4.7   2   2      0.87        12    1.3   0.0   257   292   267   302   236   303 0.79 -
contig_23379_pilon:2126-1275          -            284 21087at314147        -            368   1.2e-06   24.4   8.0   1   1   1.6e-07   2.3e-06   23.5   8.0    20   142    42   166    32   181 0.80 -
NW_025965431.1_RagTag:15927-16824     -            297 21087at314147        -            368   1.2e-06   24.4  11.7   1   3   4.6e-07   6.4e-06   22.0   3.9    14   128    20   135    11   157 0.80 -
NW_025965431.1_RagTag:15927-16824     -            297 21087at314147        -            368   1.2e-06   24.4  11.7   2   3         4        55   -0.9   0.2    17    43   195   220   181   255 0.42 -
NW_025965431.1_RagTag:15927-16824     -            297 21087at314147        -            368   1.2e-06   24.4  11.7   3   3     0.015      0.21    7.1   0.1   244   292   243   291   225   295 0.81 -
contig_30302_pilon:2113-1269          -            253 21087at314147        -            368   1.3e-06   24.2   8.0   1   1   9.7e-08   1.3e-06   24.2   8.0    13   119     6   112     2   192 0.78 -
NW_025965008.1_RagTag:215033-201349   -            281 21087at314147        -            368   2.8e-06   23.2   6.5   1   2   6.2e-07   8.5e-06   21.6   3.5    12   122    25   135    15   161 0.82 -
NW_025965008.1_RagTag:215033-201349   -            281 21087at314147        -            368   2.8e-06   23.2   6.5   2   2      0.36         5    2.6   0.1   241   293   226   278   210   281 0.84 -
NW_025965151.1_RagTag:195677-193816   -            137 21087at314147        -            368   2.8e-06   23.1   4.1   1   1   2.2e-07     3e-06   23.0   4.1   218   289    68   136    27   137 0.85 -
contig_16391_pilon:1989-1067          -            287 21087at314147        -            368     3e-06   23.1  11.7   1   2   1.2e-06   1.7e-05   20.6   6.2    13   117    29   133    19   169 0.80 -
contig_16391_pilon:1989-1067          -            287 21087at314147        -            368     3e-06   23.1  11.7   2   2     0.039      0.54    5.8   0.2   243   292   235   284   199   287 0.83 -
NW_025965305.1_RagTag:1655528-1654657 -            283 21087at314147        -            368     3e-06   23.1   5.0   1   2   2.2e-07     3e-06   23.1   5.0     4   144    15   158    12   163 0.76 -
NW_025965305.1_RagTag:1655528-1654657 -            283 21087at314147        -            368     3e-06   23.1   5.0   2   2       4.8        66   -1.1   0.9    30    64   209   243   188   258 0.60 -
NW_025965054.1_RagTag:8388-7809       -            191 21087at314147        -            368   3.3e-06   22.9   0.7   1   1   2.9e-07   3.9e-06   22.7   0.7    21   140    35   156    20   173 0.77 -
contig_9927_pilon:1818-943            -            292 21087at314147        -            368   3.3e-06   22.9   6.0   1   2   5.8e-06     8e-05   18.4   3.2    19   121    20   122     6   179 0.83 -
contig_9927_pilon:1818-943            -            292 21087at314147        -            368   3.3e-06   22.9   6.0   2   2     0.057      0.78    5.2   0.0   261   295   258   291   233   292 0.81 -
NW_025965313.1_RagTag:1749400-1728520 -            295 21087at314147        -            368   3.7e-06   22.7   7.3   1   2   8.3e-07   1.1e-05   21.1   4.8     6   110    19   122    15   151 0.78 -
NW_025965313.1_RagTag:1749400-1728520 -            295 21087at314147        -            368   3.7e-06   22.7   7.3   2   2      0.63       8.6    1.8   0.0   242   292   241   291   226   294 0.77 -
NW_025965140.1_RagTag:1050743-1049919 -            243 21087at314147        -            368   5.1e-06   22.3   4.2   1   2   3.6e-06   4.9e-05   19.1   2.2    25   141     1   117     1   136 0.83 -
NW_025965140.1_RagTag:1050743-1049919 -            243 21087at314147        -            368   5.1e-06   22.3   4.2   2   2      0.18       2.4    3.6   0.0   262   296   203   237   152   242 0.85 -
NW_025965230.1_RagTag:1057613-1056714 -            300 21087at314147        -            368   6.3e-06   22.0  12.4   1   1     4e-05   0.00055   15.6  12.4    15   290    27   297    16   300 0.60 -
NW_025965223.1_RagTag:142315-141397   -            298 21087at314147        -            368   7.2e-06   21.8  10.6   1   2   1.3e-06   1.8e-05   20.5   7.1    17   138    29   152    18   169 0.71 -
NW_025965223.1_RagTag:142315-141397   -            298 21087at314147        -            368   7.2e-06   21.8  10.6   2   2      0.42       5.8    2.4   0.0   264   294   263   293   233   297 0.80 -
NW_025965008.1_RagTag:183941-179497   -            147 21087at314147        -            368   7.8e-06   21.7   1.4   1   1   6.6e-07   9.1e-06   21.5   1.4    17   116    25   117    13   138 0.79 -
NW_025965352.1_RagTag:41240-40296     -            315 21087at314147        -            368   9.9e-06   21.4  11.6   1   1     1e-06   1.4e-05   20.9  11.6    12   196    36   232    31   305 0.69 -
contig_30879_pilon:3584-2657          -            305 21087at314147        -            368   1.5e-05   20.7  12.3   1   1    0.0001    0.0014   14.3  12.3    17   115    31   129    15   304 0.83 -
NW_025965203.1_RagTag:474900-475721   -            274 21087at314147        -            368   1.9e-05   20.4   6.8   1   1   1.7e-06   2.3e-05   20.2   6.8    16   127    21   129    11   209 0.75 -
contig_26960_pilon:493-1408           -            302 21087at314147        -            368   2.4e-05   20.1   3.1   1   2   0.00093     0.013   11.1   1.6    19   116    34   128    23   159 0.78 -
contig_26960_pilon:493-1408           -            302 21087at314147        -            368   2.4e-05   20.1   3.1   2   2    0.0066      0.09    8.3   0.0   262   293   270   300   266   302 0.85 -
NW_025965123.1_RagTag:1711444-1710527 -            306 21087at314147        -            368   2.5e-05   20.1  19.1   1   1   1.6e-05   0.00022   16.9  19.1     7   293    20   299    15   306 0.77 -
NW_025965008.1_RagTag:162738-163665   -            290 21087at314147        -            368   2.7e-05   19.9   8.8   1   2   0.00023    0.0032   13.1   2.4    17   118    33   132    21   150 0.77 -
NW_025965008.1_RagTag:162738-163665   -            290 21087at314147        -            368   2.7e-05   19.9   8.8   2   2    0.0014      0.02   10.5   0.2   240   294   233   287   218   289 0.90 -
NW_025965209.1_RagTag:638034-638534   -            167 21087at314147        -            368   3.3e-05   19.6   8.6   1   1   3.6e-06   4.9e-05   19.1   8.7   181   298    43   159    26   166 0.65 -
NW_025965305.1_RagTag:1691060-1691545 -            162 21087at314147        -            368   3.7e-05   19.5   3.6   1   1     4e-06   5.5e-05   18.9   3.6    23   117     2    96     1   127 0.82 -
NW_025965331.1_RagTag:109596-117599   -            283 21087at314147        -            368   3.8e-05   19.4   3.7   1   2   3.1e-05   0.00042   16.0   2.1    21   145    33   153    22   170 0.78 -
NW_025965331.1_RagTag:109596-117599   -            283 21087at314147        -            368   3.8e-05   19.4   3.7   2   2      0.26       3.6    3.1   0.0   255   293   244   282   225   283 0.83 -
contig_11065_pilon:1196-711           -            162 21087at314147        -            368     4e-05   19.4   1.8   1   1   3.5e-06   4.8e-05   19.1   1.8    20   118    32   130    18   147 0.82 -
contig_11065_pilon:1196-296           -            288 21087at314147        -            368     4e-05   19.3   6.9   1   2   2.2e-05   0.00031   16.4   2.7    20   118    32   130    19   165 0.81 -
contig_11065_pilon:1196-296           -            288 21087at314147        -            368     4e-05   19.3   6.9   2   2     0.063      0.86    5.1   0.1   257   292   250   285   227   288 0.76 -
contig_67131_pilon:1249-312           -            306 21087at314147        -            368   5.2e-05   19.0  12.0   1   1     3e-05   0.00041   16.0  12.0    20   142    47   171    36   306 0.84 -
contig_14807_pilon:1469-638           -            273 21087at314147        -            368   5.4e-05   18.9   9.0   1   2   2.7e-05   0.00037   16.2   6.0    16   115     7   102     1   212 0.81 -
contig_14807_pilon:1469-638           -            273 21087at314147        -            368   5.4e-05   18.9   9.0   2   2      0.13       1.8    4.0   0.1   258   287   240   269   208   273 0.81 -
contig_31446_pilon:626-132            -            165 21087at314147        -            368   5.8e-05   18.8   1.5   1   1     5e-06   6.8e-05   18.6   1.5    18   132    28   144    12   157 0.83 -
NW_025965123.1_RagTag:1816714-1817616 -            301 21087at314147        -            368   5.8e-05   18.8   1.8   1   1   4.2e-06   5.8e-05   18.8   1.8    10   117    22   129    16   168 0.84 -
NW_025965322.1_RagTag:1960303-1959611 -            170 21087at314147        -            368   6.7e-05   18.6   5.3   1   2   7.7e-06   0.00011   18.0   1.4    43   117    12    85     5   101 0.82 -
NW_025965322.1_RagTag:1960303-1959611 -            170 21087at314147        -            368   6.7e-05   18.6   5.3   2   2      0.33       4.5    2.7   0.2   219   241   122   144    93   153 0.81 -
NW_025965426.1_RagTag:28199-27276     -            308 21087at314147        -            368   8.5e-05   18.3  12.9   1   1   6.2e-06   8.5e-05   18.3  12.9    13   189    27   206    19   217 0.71 -
contig_57973_pilon:1283-390           -            298 21087at314147        -            368   8.6e-05   18.3   2.5   1   2   6.3e-06   8.6e-05   18.3   2.5    20   117    28   125    12   166 0.74 -
contig_57973_pilon:1283-390           -            298 21087at314147        -            368   8.6e-05   18.3   2.5   2   2         4        55   -0.9   0.0   248   298   183   234   163   242 0.72 -
contig_45575_pilon:1243-2022          -            243 21087at314147        -            368     9e-05   18.2   2.9   1   2   9.8e-06   0.00014   17.6   0.5    81   141    42   104    31   113 0.83 -
contig_45575_pilon:1243-2022          -            243 21087at314147        -            368     9e-05   18.2   2.9   2   2       2.1        29    0.1   0.1   242   298   130   187   107   195 0.68 -
NW_025965320.1_RagTag:879423-878506   -            306 21087at314147        -            368   9.9e-05   18.1  13.1   1   1     1e-05   0.00014   17.6  12.8     6   192    28   218    24   242 0.72 -
NW_025965426.1_RagTag:65725-66621     -            299 21087at314147        -            368   0.00011   18.0  12.0   1   1     3e-05   0.00041   16.0  12.0    11   132    23   144    17   298 0.89 -
NW_025965315.1_RagTag:2533229-2534137 -            303 21087at314147        -            368   0.00011   17.9  14.7   1   1   1.1e-05   0.00016   17.4  14.7    20   238    34   257    21   301 0.73 -
NW_025965317.1_RagTag:2643605-2644525 -            307 21087at314147        -            368   0.00012   17.8   8.6   1   2   2.2e-05   0.00031   16.4   6.2    19   194    35   204    25   214 0.72 -
NW_025965317.1_RagTag:2643605-2644525 -            307 21087at314147        -            368   0.00012   17.8   8.6   2   2       1.1        15    1.0   0.0   262   287   280   305   273   307 0.83 -
NW_025965140.1_RagTag:853176-852295   -            294 21087at314147        -            368   0.00012   17.7  14.3   1   2   9.2e-05    0.0013   14.4   8.9    17   116    29   128    18   160 0.82 -
NW_025965140.1_RagTag:853176-852295   -            294 21087at314147        -            368   0.00012   17.7  14.3   2   2     0.021      0.29    6.7   0.2   255   328   195   266   171   291 0.78 -
NW_025965581.1_RagTag:2793-3509       -            239 21087at314147        -            368   0.00014   17.6   2.3   1   1   1.6e-05   0.00023   16.9   2.3    17   143    31   159    17   181 0.73 -
NW_025965307.1_RagTag:60810-79018     -            243 21087at314147        -            368   0.00017   17.3   4.3   1   2   2.8e-05   0.00038   16.1   3.5    18   149    34   174    20   191 0.73 -
NW_025965307.1_RagTag:60810-79018     -            243 21087at314147        -            368   0.00017   17.3   4.3   2   2       2.4        33   -0.1   0.0   258   292   208   242   177   243 0.74 -
NW_025965405.1_RagTag:31012-31872     -            287 21087at314147        -            368   0.00021   17.0   7.6   1   1   1.5e-05   0.00021   17.0   7.6    15   135    31   149    19   171 0.71 -
NW_025965352.1_RagTag:14186-14813     -            207 21087at314147        -            368   0.00022   16.9   7.4   1   1     2e-05   0.00027   16.6   6.9    12   139    30   153    24   169 0.80 -
contig_48637_pilon:1312-407           -            302 21087at314147        -            368   0.00028   16.6   8.8   1   2   2.1e-05   0.00028   16.6   8.8     4   138    17   152    15   217 0.77 -
contig_48637_pilon:1312-407           -            302 21087at314147        -            368   0.00028   16.6   8.8   2   2         4        55   -0.8   0.2   119   149   194   224   163   239 0.65 -
NW_025965138.1_RagTag:16292-15471     -            274 21087at314147        -            368   0.00033   16.3   7.1   1   2   2.4e-05   0.00033   16.3   7.1    17   141     6   132     2   189 0.80 -
NW_025965138.1_RagTag:16292-15471     -            274 21087at314147        -            368   0.00033   16.3   7.1   2   2       3.9        53   -0.8   0.0   268   285   249   266   212   273 0.61 -
contig_45284_pilon:1200-2107          -            300 21087at314147        -            368   0.00044   15.9  21.5   1   1   0.00061    0.0084   11.7  21.5    20   190    33   212    22   299 0.70 -
NW_025965407.1_RagTag:8718-7813       -            302 21087at314147        -            368   0.00087   15.0   1.1   1   3   6.3e-05   0.00087   15.0   1.1    16   118    29   131    18   172 0.75 -
NW_025965407.1_RagTag:8718-7813       -            302 21087at314147        -            368   0.00087   15.0   1.1   2   3       0.7       9.6    1.7   1.4   252   298   193   239   150   264 0.67 -
NW_025965407.1_RagTag:8718-7813       -            302 21087at314147        -            368   0.00087   15.0   1.1   3   3       6.8        93   -1.6   0.0   264   292   272   300   259   302 0.77 -
NW_025965233.1_RagTag:201426-202343   -            306 21087at314147        -            368    0.0011   14.6   8.2   1   2    0.0004    0.0055   12.3   5.7     4   133    20   150    17   232 0.81 -
NW_025965233.1_RagTag:201426-202343   -            306 21087at314147        -            368    0.0011   14.6   8.2   2   2      0.24       3.3    3.2   0.0   265   294   275   304   233   306 0.79 -
NW_025965008.1_RagTag:233145-252500   -            270 21087at314147        -            368    0.0011   14.6   8.0   1   2   0.00022    0.0031   13.2   6.1    14   134    30   152    19   220 0.77 -
NW_025965008.1_RagTag:233145-252500   -            270 21087at314147        -            368    0.0011   14.6   8.0   2   2      0.86        12    1.4   0.2   261   285   239   263   195   270 0.77 -
NW_025965320.1_RagTag:840022-839114   -            303 21087at314147        -            368    0.0014   14.3  11.1   1   3   0.00018    0.0024   13.5   7.9    14   143    30   161    20   221 0.79 -
NW_025965320.1_RagTag:840022-839114   -            303 21087at314147        -            368    0.0014   14.3  11.1   2   3       2.3        32   -0.1   0.3   266   298   210   242   160   256 0.71 -
NW_025965320.1_RagTag:840022-839114   -            303 21087at314147        -            368    0.0014   14.3  11.1   3   3       1.7        23    0.4   0.0   260   291   271   302   228   303 0.83 -
NW_025965008.1_RagTag:215030-201358   -            296 21087at314147        -            368    0.0019   13.9  15.0   1   2   0.00027    0.0037   12.9  12.4    12   134    24   148    14   221 0.73 -
NW_025965008.1_RagTag:215030-201358   -            296 21087at314147        -            368    0.0019   13.9  15.0   2   2      0.77        11    1.5   0.0   241   291   244   294   228   296 0.82 -
NW_025965426.1_RagTag:88035-78408     -            295 21087at314147        -            368    0.0022   13.7  14.2   1   1   0.00046    0.0064   12.1  14.2    17   292    20   292    12   295 0.66 -
contig_44821_pilon:583-29             -            185 21087at314147        -            368    0.0023   13.6   7.8   1   1   0.00019    0.0026   13.4   7.8    13   143    27   159    15   166 0.76 -
NW_025965235.1_RagTag:60637-59771     -            289 21087at314147        -            368    0.0023   13.6   9.1   1   2   8.9e-05    0.0012   14.5   5.9    19   132    38   153    26   233 0.66 -
NW_025965235.1_RagTag:60637-59771     -            289 21087at314147        -            368    0.0023   13.6   9.1   2   2         3        41   -0.4   1.5   224   280   207   260   176   269 0.57 -
NW_025965251.1_RagTag:397714-396854   -            232 21087at314147        -            368    0.0027   13.3   2.4   1   2    0.0019     0.025   10.1   1.1    13    64    11    62     5    84 0.84 -
NW_025965251.1_RagTag:397714-396854   -            232 21087at314147        -            368    0.0027   13.3   2.4   2   2      0.49       6.7    2.2   0.0   269   292   208   231   200   232 0.84 -
contig_59306_pilon:1348-2245          -            296 21087at314147        -            368     0.003   13.2   5.7   1   3   0.00022     0.003   13.2   1.9    18   115    36   133    27   173 0.81 -
contig_59306_pilon:1348-2245          -            296 21087at314147        -            368     0.003   13.2   5.7   2   3       7.2        99   -1.7   0.1   273   298   215   240   202   265 0.76 -
contig_59306_pilon:1348-2245          -            296 21087at314147        -            368     0.003   13.2   5.7   3   3       1.2        16    0.9   0.0   259   285   268   294   235   296 0.76 -
NW_025965431.1_RagTag:38831-37914     -            306 21087at314147        -            368    0.0039   12.8  14.0   1   2   0.00082     0.011   11.3  12.8     4   117    21   133    18   243 0.73 -
NW_025965431.1_RagTag:38831-37914     -            306 21087at314147        -            368    0.0039   12.8  14.0   2   2       3.3        45   -0.6   0.0   262   290   273   301   234   306 0.74 -
contig_81842_pilon:1501-733           -            237 21087at314147        -            368     0.014   11.0   8.2   1   2     0.013      0.18    7.3   6.1    45   128    10    93     4   162 0.71 -
contig_81842_pilon:1501-733           -            237 21087at314147        -            368     0.014   11.0   8.2   2   2      0.15       2.1    3.9   0.0   258   292   199   233   185   236 0.86 -
NW_025965431.1_RagTag:7900-8679       -            260 21087at314147        -            368     0.097    8.2  16.8   1   2    0.0078      0.11    8.1  11.3    33   144     2   112     1   184 0.69 -
NW_025965431.1_RagTag:7900-8679       -            260 21087at314147        -            368     0.097    8.2  16.8   2   2      0.36         5    2.6   0.2   244   288   208   252   188   258 0.77 -
NW_025965426.1_RagTag:16554-71915     -            291 21087at314147        -            368      0.51    5.9  21.1   1   1     0.074         1    4.9  21.1    12   200     9   200     3   290 0.66 -
#
# Program:         hmmsearch
# Version:         3.1b2 (February 2015)
# Pipeline mode:   SEARCH
# Query file:      /home/bgerda/guppy_SUP/busco_downloads/lineages/glires_odb10/hmms/21087at314147.hmm
# Target file:     /home/bgerda/guppy_SUP/busco_results_flye/run_glires_odb10/metaeuk_output/initial_results/ragtag.scaffold.fasta.modified.fas
# Option settings: hmmsearch --domtblout /home/bgerda/guppy_SUP/busco_results_flye/run_glires_odb10/hmmer_output/initial_run_results/21087at314147.out --cpu 1 /home/bgerda/guppy_SUP/busco_downloads/lineages/glires_odb10/hmms/21087at314147.hmm /home/bgerda/guppy_SUP/busco_results_flye/run_glires_odb10/metaeuk_output/initial_results/ragtag.scaffold.fasta.modified.fas 
# Current dir:     /home/bgerda/guppy_SUP
# Date:            Sun May 21 17:16:53 2023
# [ok]
