#                                                                                             --- full sequence --- -------------- this domain -------------   hmm coord   ali coord   env coord
# target name                         accession   tlen query name           accession   qlen   E-value  score  bias   #  of  c-Evalue  i-Evalue  score  bias  from    to  from    to  from    to  acc description of target
#                 ------------------- ---------- ----- -------------------- ---------- ----- --------- ------ ----- --- --- --------- --------- ------ ----- ----- ----- ----- ----- ----- ----- ---- ---------------------
contig_68092_pilon:1898-2668          -            257 21180at314147        -            391   3.1e-34  114.8   0.0   1   1   4.6e-36   3.8e-34  114.5   0.0   164   391    10   251     2   251 0.77 -
NW_025965247.1_RagTag:43783-45636     -            189 21180at314147        -            391   3.9e-29   98.0   0.2   1   1   5.8e-31   4.9e-29   97.7   0.2   229   390    26   184    12   185 0.92 -
NW_025965321.1_RagTag:3251503-3254512 -            180 21180at314147        -            391   1.4e-25   86.3   5.6   1   2     6e-16     5e-14   48.3   0.3   182   275     2   104     1   107 0.78 -
NW_025965321.1_RagTag:3251503-3254512 -            180 21180at314147        -            391   1.4e-25   86.3   5.6   2   2   1.3e-13   1.1e-11   40.6   1.0   343   391   129   177   126   177 0.97 -
NW_025965367.1_RagTag:128773-126430   -            360 21180at314147        -            391   4.1e-24   81.5   0.0   1   1   6.6e-26   5.5e-24   81.1   0.0   166   333   170   360   138   360 0.80 -
NW_025965072.1_RagTag:29905-31073     -            291 21180at314147        -            391   1.1e-23   80.0   0.4   1   2   9.8e-07   8.1e-05   18.0   0.1   165   206    26    74    19    76 0.85 -
NW_025965072.1_RagTag:29905-31073     -            291 21180at314147        -            391   1.1e-23   80.0   0.4   2   2   1.3e-19   1.1e-17   60.3   0.0   210   390   110   283   101   284 0.86 -
NW_025965183.1_RagTag:84382-82132     -            221 21180at314147        -            391   1.4e-22   76.5   0.5   1   1   2.3e-24   1.9e-22   76.0   0.5   167   371     8   215     3   217 0.86 -
NW_025965159.1_RagTag:365423-368283   -            407 21180at314147        -            391   6.8e-20   67.6   1.0   1   2   9.3e-10   7.8e-08   27.9   0.0   168   274   187   299   172   306 0.80 -
NW_025965159.1_RagTag:365423-368283   -            407 21180at314147        -            391   6.8e-20   67.6   1.0   2   2   6.2e-13   5.2e-11   38.4   0.2   322   390   332   401   324   402 0.91 -
NW_025965412.1_RagTag:89930-87048     -            319 21180at314147        -            391   2.3e-17   59.3   0.9   1   1   5.4e-17   4.5e-15   51.7   0.9   138   343    64   255    50   263 0.81 -
NW_025965072.1_RagTag:30497-31073     -            138 21180at314147        -            391   1.5e-16   56.6   0.2   1   1   1.9e-18   1.6e-16   56.5   0.2   255   390     2   130     1   131 0.82 -
NW_025965103.1_RagTag:995047-997171   -            135 21180at314147        -            391   6.3e-13   44.7   0.0   1   1     9e-15   7.5e-13   44.4   0.0   228   342    23   134    17   135 0.87 -
NW_025965297.1_RagTag:1311606-1312343 -            177 21180at314147        -            391   9.9e-11   37.4   0.0   1   1   1.5e-12   1.2e-10   37.1   0.0   163   274     8   140     3   163 0.80 -
NW_025965163.1_RagTag:43443-48467     -            523 21180at314147        -            391   2.3e-09   32.9   0.1   1   3     0.016       1.3    4.1   0.0   190   207   227   247   203   252 0.74 -
NW_025965163.1_RagTag:43443-48467     -            523 21180at314147        -            391   2.3e-09   32.9   0.1   2   3   0.00013     0.011   10.9   0.0   247   279   333   365   322   381 0.87 -
NW_025965163.1_RagTag:43443-48467     -            523 21180at314147        -            391   2.3e-09   32.9   0.1   3   3   1.8e-05    0.0015   13.8   0.0   322   367   429   473   425   484 0.88 -
contig_11998_pilon:1321-121           -            250 21180at314147        -            391   4.2e-07   25.5   0.0   1   2   2.7e-08   2.2e-06   23.1   0.0   191   255    31    97     2   114 0.88 -
contig_11998_pilon:1321-121           -            250 21180at314147        -            391   4.2e-07   25.5   0.0   2   2      0.25        20    0.2   0.0   251   295   161   202   157   240 0.73 -
NW_025965072.1_RagTag:30858-31067     -             70 21180at314147        -            391   2.5e-06   22.9   0.3   1   1   3.2e-08   2.7e-06   22.8   0.3   343   390    20    64     8    65 0.85 -
NW_025965096.1_RagTag:905-2067        -            130 21180at314147        -            391   2.8e-06   22.8   0.0   1   2   0.00034     0.028    9.6   0.0   170   204     2    39     1    43 0.88 -
NW_025965096.1_RagTag:905-2067        -            130 21180at314147        -            391   2.8e-06   22.8   0.0   2   2   7.7e-05    0.0064   11.7   0.0   254   333    44   120    41   129 0.81 -
contig_5431_pilon:2215-758            -            150 21180at314147        -            391   8.9e-06   21.1   0.0   1   1   1.3e-07     1e-05   20.9   0.0   249   391    15   147     6   147 0.79 -
NW_025965334.1_RagTag:134254-207475   -            143 21180at314147        -            391   1.5e-05   20.4   0.1   1   2      0.74        61   -1.4   0.0   167   187    23    43    20    51 0.79 -
NW_025965334.1_RagTag:134254-207475   -            143 21180at314147        -            391   1.5e-05   20.4   0.1   2   2   4.3e-07   3.6e-05   19.1   0.0   248   306    68   123    54   139 0.85 -
#
# Program:         hmmsearch
# Version:         3.1b2 (February 2015)
# Pipeline mode:   SEARCH
# Query file:      /home/bgerda/guppy_SUP/busco_downloads/lineages/glires_odb10/hmms/21180at314147.hmm
# Target file:     /home/bgerda/guppy_SUP/busco_results_flye/run_glires_odb10/metaeuk_output/initial_results/ragtag.scaffold.fasta.modified.fas
# Option settings: hmmsearch --domtblout /home/bgerda/guppy_SUP/busco_results_flye/run_glires_odb10/hmmer_output/initial_run_results/21180at314147.out --cpu 1 /home/bgerda/guppy_SUP/busco_downloads/lineages/glires_odb10/hmms/21180at314147.hmm /home/bgerda/guppy_SUP/busco_results_flye/run_glires_odb10/metaeuk_output/initial_results/ragtag.scaffold.fasta.modified.fas 
# Current dir:     /home/bgerda/guppy_SUP
# Date:            Sun May 21 17:16:57 2023
# [ok]
