#                                                                                             --- full sequence --- -------------- this domain -------------   hmm coord   ali coord   env coord
# target name                         accession   tlen query name           accession   qlen   E-value  score  bias   #  of  c-Evalue  i-Evalue  score  bias  from    to  from    to  from    to  acc description of target
#                 ------------------- ---------- ----- -------------------- ---------- ----- --------- ------ ----- --- --- --------- --------- ------ ----- ----- ----- ----- ----- ----- ----- ---- ---------------------
contig_66008_pilon:1783-2643          -            287 21875at314147        -            366   8.2e-42  139.5   0.0   1   1   1.6e-43     1e-41  139.3   0.0    71   306     6   246     1   254 0.88 -
NW_025965499.1_RagTag:3947-3072       -            292 21875at314147        -            366   5.9e-40  133.4   0.0   1   1   1.1e-41   7.1e-40  133.2   0.0    59   301     8   254     1   269 0.90 -
NW_025965099.1_RagTag:15123-16034     -            304 21875at314147        -            366   3.7e-38  127.5   0.0   1   1   7.7e-40     5e-38  127.1   0.0    57   297    33   277    21   292 0.88 -
contig_34309_pilon:705-58             -            216 21875at314147        -            366   3.7e-34  114.4   0.0   1   1   6.8e-36   4.4e-34  114.1   0.0    53   261    10   213     4   216 0.92 -
contig_37224_pilon:1729-2460          -            244 21875at314147        -            366   7.7e-33  110.0   0.0   1   1   1.5e-34   9.5e-33  109.7   0.0    53   255     1   198     1   213 0.91 -
NW_025965233.1_RagTag:123560-122163   -            466 21875at314147        -            366   5.8e-31  103.9   0.0   1   1   1.2e-32   7.8e-31  103.4   0.0    53   271     9   221     2   262 0.91 -
contig_31429_pilon:336-926            -            197 21875at314147        -            366   2.4e-25   85.3   0.0   1   1   4.3e-27   2.7e-25   85.2   0.0    75   254    12   186     1   193 0.88 -
contig_34501_pilon:2315-1608          -            236 21875at314147        -            366   1.3e-21   73.1   0.0   1   1   2.4e-23   1.5e-21   72.9   0.0   124   298     1   180     1   199 0.89 -
NW_025965321.1_RagTag:4471412-4470762 -            217 21875at314147        -            366   6.7e-21   70.7   0.0   1   1   1.1e-22   7.3e-21   70.6   0.0    58   252     9   203     2   217 0.80 -
NW_025965072.1_RagTag:103895-101612   -            329 21875at314147        -            366   1.2e-19   66.7   0.3   1   3   9.9e-11   6.4e-09   31.3   0.0   105   182    22    98     6   117 0.85 -
NW_025965072.1_RagTag:103895-101612   -            329 21875at314147        -            366   1.2e-19   66.7   0.3   2   3   4.5e-09   2.9e-07   25.9   0.0   212   252   195   240   186   246 0.83 -
NW_025965072.1_RagTag:103895-101612   -            329 21875at314147        -            366   1.2e-19   66.7   0.3   3   3    0.0052      0.33    5.9   0.0   276   298   292   314   280   320 0.88 -
NW_025965279.1_RagTag:87840-88469     -            210 21875at314147        -            366   6.4e-15   51.1   0.0   1   2   7.6e-16   4.9e-14   48.2   0.0   154   241    30   112    24   124 0.88 -
NW_025965279.1_RagTag:87840-88469     -            210 21875at314147        -            366   6.4e-15   51.1   0.0   2   2      0.23        15    0.5   0.0   277   297   184   204   179   207 0.90 -
contig_83342_pilon:1440-913           -            176 21875at314147        -            366   5.4e-14   48.0   0.0   1   1   9.3e-16     6e-14   47.9   0.0   152   297     8   158     1   172 0.78 -
NW_025965218.1_RagTag:1680171-1678010 -            316 21875at314147        -            366   7.4e-14   47.6   0.0   1   1   2.5e-15   1.6e-13   46.5   0.0   207   270   105   169    83   176 0.87 -
NW_025965240.1_RagTag:98599-94629     -            305 21875at314147        -            366   4.5e-11   38.4   0.8   1   1   9.5e-13   6.1e-11   38.0   0.8    93   175   223   305   220   305 0.93 -
NW_025965548.1_RagTag:8831-1842       -            515 21875at314147        -            366     6e-10   34.7   0.0   1   1   2.5e-11   1.6e-09   33.3   0.0    97   245   281   443   274   467 0.74 -
NW_025965256.1_RagTag:50807-50322     -            106 21875at314147        -            366   3.8e-09   32.1   0.0   1   1   5.9e-11   3.8e-09   32.1   0.0   151   199    44    89     3    99 0.87 -
contig_18707_pilon:1356-1883          -            176 21875at314147        -            366   2.8e-08   29.2   0.0   1   1     5e-10   3.2e-08   29.0   0.0   159   256    15   108     2   143 0.86 -
NW_025965309.1_RagTag:3531840-3529118 -            326 21875at314147        -            366     2e-07   26.4   0.0   1   1   1.1e-08   6.8e-07   24.7   0.0    59   244   103   313    70   323 0.69 -
NW_025965401.1_RagTag:66129-68169     -            216 21875at314147        -            366   7.5e-07   24.5   0.0   1   1   1.7e-08   1.1e-06   24.0   0.0   153   270    23   146     8   164 0.75 -
NW_025965287.1_RagTag:77543-78792     -            357 21875at314147        -            366   3.7e-06   22.2   0.0   1   1   7.9e-08   5.1e-06   21.8   0.0   142   255    32   147    28   156 0.77 -
NW_025965313.1_RagTag:91187-92498     -            211 21875at314147        -            366   3.3e-05   19.1   0.0   1   1   5.9e-07   3.8e-05   18.9   0.0   105   204    86   185    48   206 0.79 -
NW_025965352.1_RagTag:111207-112973   -            318 21875at314147        -            366   0.00071   14.7   0.0   1   1   1.4e-05   0.00088   14.4   0.0   214   255   217   261   117   271 0.78 -
#
# Program:         hmmsearch
# Version:         3.1b2 (February 2015)
# Pipeline mode:   SEARCH
# Query file:      /home/bgerda/guppy_SUP/busco_downloads/lineages/glires_odb10/hmms/21875at314147.hmm
# Target file:     /home/bgerda/guppy_SUP/busco_results_flye/run_glires_odb10/metaeuk_output/initial_results/ragtag.scaffold.fasta.modified.fas
# Option settings: hmmsearch --domtblout /home/bgerda/guppy_SUP/busco_results_flye/run_glires_odb10/hmmer_output/initial_run_results/21875at314147.out --cpu 1 /home/bgerda/guppy_SUP/busco_downloads/lineages/glires_odb10/hmms/21875at314147.hmm /home/bgerda/guppy_SUP/busco_results_flye/run_glires_odb10/metaeuk_output/initial_results/ragtag.scaffold.fasta.modified.fas 
# Current dir:     /home/bgerda/guppy_SUP
# Date:            Sun May 21 17:16:54 2023
# [ok]
