#                                                                                             --- full sequence --- -------------- this domain -------------   hmm coord   ali coord   env coord
# target name                         accession   tlen query name           accession   qlen   E-value  score  bias   #  of  c-Evalue  i-Evalue  score  bias  from    to  from    to  from    to  acc description of target
#                 ------------------- ---------- ----- -------------------- ---------- ----- --------- ------ ----- --- --- --------- --------- ------ ----- ----- ----- ----- ----- ----- ----- ---- ---------------------
NW_025965161.1_RagTag:422258-421552   -            215 22379at314147        -            342   1.2e-71  237.8   6.1   1   1   9.2e-73   1.4e-71  237.6   6.1    62   235    40   214    21   215 0.96 -
NW_025965256.1_RagTag:853503-854828   -            442 22379at314147        -            342   1.5e-23   79.7   7.8   1   2   3.3e-19   4.9e-18   61.5   2.9    41   231    23   216    16   240 0.73 -
NW_025965256.1_RagTag:853503-854828   -            442 22379at314147        -            342   1.5e-23   79.7   7.8   2   2   8.6e-07   1.3e-05   20.7   0.2   244   327   265   347   255   360 0.77 -
NW_025965314.1_RagTag:122427-124252   -            303 22379at314147        -            342   2.6e-21   72.3  19.3   1   1   2.5e-22   3.8e-21   71.8  19.3    40   322    14   298     2   303 0.76 -
NW_025965319.1_RagTag:190258-191328   -            357 22379at314147        -            342   1.1e-19   66.9  14.3   1   1   1.6e-20   2.3e-19   65.9  14.3    44   338    32   332    24   336 0.78 -
NW_025965321.1_RagTag:4467400-4468179 -            237 22379at314147        -            342   1.6e-19   66.4  15.9   1   2   7.4e-19   1.1e-17   60.4   7.4    44   176    27   156    15   167 0.89 -
NW_025965321.1_RagTag:4467400-4468179 -            237 22379at314147        -            342   1.6e-19   66.4  15.9   2   2   0.00058    0.0086   11.4   1.6   211   269   167   224   156   228 0.80 -
NW_025965295.1_RagTag:981139-979895   -            415 22379at314147        -            342   5.6e-19   64.6  21.9   1   1     5e-20   7.4e-19   64.2  21.9    42   320    95   371    84   389 0.84 -
NW_025965230.1_RagTag:352259-351105   -            385 22379at314147        -            342   8.7e-19   64.0  16.0   1   1   8.3e-20   1.2e-18   63.5  16.0    44   330    44   331    35   340 0.76 -
NW_025965108.1_RagTag:146432-147415   -            328 22379at314147        -            342   3.1e-18   62.2   5.3   1   1   2.9e-19   4.3e-18   61.7   5.3    69   311    71   317    40   326 0.76 -
NW_025965323.1_RagTag:1326522-1325617 -            302 22379at314147        -            342   5.7e-18   61.3  11.1   1   1   3.1e-18   4.6e-17   58.4  11.1    52   324     4   284     2   298 0.73 -
contig_25261_pilon:2046-1063          -            328 22379at314147        -            342   1.6e-17   59.8  16.2   1   1   1.6e-18   2.3e-17   59.3  16.2    47   326    33   317    20   326 0.80 -
NW_025965278.1_RagTag:275474-274923   -            184 22379at314147        -            342   5.1e-17   58.2   6.3   1   1   4.9e-18   7.2e-17   57.7   6.3   138   323     1   183     1   184 0.73 -
NW_025965307.1_RagTag:989220-990869   -            550 22379at314147        -            342     3e-15   52.4   9.3   1   2   3.6e-14   5.4e-13   45.0   4.2    49   236    77   257    59   272 0.83 -
NW_025965307.1_RagTag:989220-990869   -            550 22379at314147        -            342     3e-15   52.4   9.3   2   2    0.0013      0.02   10.2   0.2   197   313   433   545   426   550 0.66 -
NW_025965322.1_RagTag:1960357-1959483 -            226 22379at314147        -            342   5.2e-12   41.7   4.4   1   2   9.9e-06   0.00015   17.2   0.6    60   149    16   103     5   118 0.81 -
NW_025965322.1_RagTag:1960357-1959483 -            226 22379at314147        -            342   5.2e-12   41.7   4.4   2   2   1.6e-08   2.4e-07   26.4   0.3   247   326   138   216   107   224 0.73 -
contig_67641_pilon:774-58             -            239 22379at314147        -            342   8.3e-12   41.1  12.3   1   1   1.2e-12   1.8e-11   40.0  12.3    48   269     9   235     2   239 0.79 -
NW_025965235.1_RagTag:60637-59771     -            289 22379at314147        -            342     1e-11   40.8   6.6   1   1   8.6e-13   1.3e-11   40.4   6.6    47   262    35   252     4   264 0.79 -
NW_025965421.1_RagTag:181807-182473   -            201 22379at314147        -            342   1.1e-10   37.4   5.4   1   2     5e-06   7.4e-05   18.2   0.4   108   175    11    77     5   109 0.75 -
NW_025965421.1_RagTag:181807-182473   -            201 22379at314147        -            342   1.1e-10   37.4   5.4   2   2   4.4e-07   6.6e-06   21.7   0.6   248   321   128   200   123   201 0.84 -
NW_025965140.1_RagTag:853176-852295   -            294 22379at314147        -            342   4.4e-10   35.4  15.8   1   1   4.6e-11   6.9e-10   34.7  15.8    43   178    24   158     8   292 0.88 -
NW_025965230.1_RagTag:1057613-1056714 -            300 22379at314147        -            342   2.8e-09   32.8  14.0   1   1   2.7e-10     4e-09   32.3  14.0    43   199    24   176    15   299 0.74 -
NW_025965235.1_RagTag:62433-61518     -            300 22379at314147        -            342     5e-09   31.9  10.4   1   1   4.5e-10   6.7e-09   31.5  10.4    34   292    18   274     2   296 0.79 -
NW_025965316.1_RagTag:3970847-3970154 -            182 22379at314147        -            342   2.2e-08   29.8   0.0   1   1   2.1e-09   3.2e-08   29.3   0.0    43   111    37   107    11   124 0.86 -
contig_72712_pilon:604-1510           -            297 22379at314147        -            342   4.4e-08   28.8  16.0   1   1   4.5e-09   6.8e-08   28.2  16.0    43   258    25   240    14   248 0.78 -
NW_025965317.1_RagTag:1500660-1501409 -            250 22379at314147        -            342   5.6e-08   28.5  11.8   1   1   4.5e-09   6.7e-08   28.2  11.8    48   240    44   229    23   250 0.76 -
NW_025965426.1_RagTag:28199-27276     -            308 22379at314147        -            342   7.3e-08   28.1  16.8   1   1   6.3e-09   9.5e-08   27.7  16.8    42   323    25   303    16   308 0.73 -
NW_025965101.1_RagTag:53784-23313     -            277 22379at314147        -            342   7.3e-08   28.1  14.9   1   1   6.2e-09   9.2e-08   27.8  14.9    29   255    10   229     3   266 0.81 -
NW_025965274.1_RagTag:6040-6949       -            298 22379at314147        -            342   7.8e-08   28.0  20.1   1   1   2.4e-08   3.5e-07   25.8  20.1    43   268    25   250    15   298 0.77 -
NW_025965054.1_RagTag:8388-7809       -            191 22379at314147        -            342   7.9e-08   28.0   4.8   1   1   6.3e-09   9.3e-08   27.7   4.8    35   172    18   152    10   175 0.87 -
NW_025965148.1_RagTag:251890-251081   -            270 22379at314147        -            342   1.2e-07   27.4   7.4   1   2   7.8e-08   1.2e-06   24.1   3.0    83   175     1    92     1   164 0.89 -
NW_025965148.1_RagTag:251890-251081   -            270 22379at314147        -            342   1.2e-07   27.4   7.4   2   2     0.035      0.51    5.6   0.1   236   273   207   244   192   257 0.84 -
contig_45284_pilon:1200-2107          -            300 22379at314147        -            342   4.3e-07   25.6  21.2   1   1   4.2e-08   6.3e-07   25.0  20.8    44   258    26   244    18   270 0.75 -
NW_025965324.1_RagTag:3944352-3943433 -            303 22379at314147        -            342   7.9e-07   24.7  11.3   1   1   5.3e-08   7.9e-07   24.7  11.3    35   178    23   165     4   254 0.83 -
NW_025965405.1_RagTag:31012-31872     -            287 22379at314147        -            342   8.2e-07   24.6  10.6   1   1   6.1e-08   9.2e-07   24.5  10.6    38   180    23   164    14   260 0.89 -
NW_025965274.1_RagTag:27055-27957     -            301 22379at314147        -            342   9.4e-07   24.5  18.9   1   2   1.2e-07   1.8e-06   23.6  16.3    43   241    20   222    10   249 0.72 -
NW_025965274.1_RagTag:27055-27957     -            301 22379at314147        -            342   9.4e-07   24.5  18.9   2   2      0.66       9.9    1.4   0.0   301   326   273   298   264   301 0.76 -
NW_025965407.1_RagTag:8718-7813       -            302 22379at314147        -            342     1e-06   24.3  14.5   1   1   1.1e-07   1.6e-06   23.7  14.5    44   259    26   245     9   263 0.71 -
NW_025965078.1_RagTag:712420-711725   -            232 22379at314147        -            342   1.4e-06   23.9  12.5   1   1   1.2e-07   1.7e-06   23.6  12.0    43   172    38   162    18   208 0.87 -
NW_025965140.1_RagTag:1050743-1049919 -            243 22379at314147        -            342   2.8e-06   22.9   6.1   1   2   1.8e-06   2.7e-05   19.7   5.8    57   176     2   118     1   185 0.88 -
NW_025965140.1_RagTag:1050743-1049919 -            243 22379at314147        -            342   2.8e-06   22.9   6.1   2   2      0.52       7.8    1.7   0.0   297   328   207   238   199   242 0.81 -
NW_025965317.1_RagTag:3312876-3311454 -            398 22379at314147        -            342   3.3e-06   22.7   7.7   1   1   3.7e-07   5.5e-06   21.9   7.6    41   193   119   270   101   332 0.77 -
NW_025965080.1_RagTag:598491-599370   -            289 22379at314147        -            342   3.3e-06   22.6   8.2   1   2   1.1e-06   1.6e-05   20.4   1.4    44   155    21   131    11   151 0.90 -
NW_025965080.1_RagTag:598491-599370   -            289 22379at314147        -            342   3.3e-06   22.6   8.2   2   2     0.021      0.32    6.3   0.8   129   205   196   270   188   279 0.80 -
NW_025965426.1_RagTag:88035-78408     -            295 22379at314147        -            342   3.5e-06   22.6  15.2   1   1   3.3e-07   4.9e-06   22.1  15.2    39   320    13   289     8   294 0.70 -
contig_75679_pilon:841-1732           -            295 22379at314147        -            342   4.2e-06   22.3  15.6   1   1   8.4e-07   1.3e-05   20.7  15.6    40   260    17   241    12   295 0.79 -
NW_025965313.1_RagTag:72608-73156     -            183 22379at314147        -            342     8e-06   21.4   9.9   1   1   6.7e-07     1e-05   21.1   9.9    40   152    11   122     3   140 0.86 -
NW_025965322.1_RagTag:1960303-1959611 -            170 22379at314147        -            342   1.6e-05   20.4   3.1   1   2   1.3e-05    0.0002   16.8   0.7    73   149    11    85     5   101 0.85 -
NW_025965322.1_RagTag:1960303-1959611 -            170 22379at314147        -            342   1.6e-05   20.4   3.1   2   2     0.085       1.3    4.3   0.1   247   271   121   145    92   155 0.62 -
NW_025965182.1_RagTag:1842087-1841159 -            308 22379at314147        -            342   1.6e-05   20.4  12.7   1   1   1.1e-06   1.6e-05   20.4  12.7    47   177    32   159    24   248 0.80 -
NW_025965307.1_RagTag:60810-79018     -            243 22379at314147        -            342   1.7e-05   20.3   8.2   1   2     6e-06     9e-05   17.9   6.2    40   166    25   148    11   179 0.84 -
NW_025965307.1_RagTag:60810-79018     -            243 22379at314147        -            342   1.7e-05   20.3   8.2   2   2      0.29       4.4    2.5   0.0   294   323   213   242   208   243 0.90 -
contig_31446_pilon:626-132            -            165 22379at314147        -            342   1.7e-05   20.3   7.3   1   1   1.4e-06   2.1e-05   20.0   7.3    30   173     7   151     2   163 0.85 -
NW_025965313.1_RagTag:72611-73496     -            284 22379at314147        -            342   1.8e-05   20.3  11.0   1   2   2.5e-06   3.8e-05   19.2  10.1    40   152    10   121     2   138 0.86 -
NW_025965313.1_RagTag:72611-73496     -            284 22379at314147        -            342   1.8e-05   20.3  11.0   2   2       3.5        52   -1.0   0.0   294   327   247   281   245   283 0.74 -
NW_025965266.1_RagTag:245825-244296   -            282 22379at314147        -            342   2.3e-05   19.9  13.9   1   1   1.2e-05   0.00018   16.9  13.9    47   246    53   241    46   249 0.78 -
NW_025965182.1_RagTag:1858969-1859367 -            133 22379at314147        -            342   2.4e-05   19.8   6.1   1   1   1.7e-06   2.6e-05   19.7   6.1    38   148    19   129     4   133 0.83 -
contig_30879_pilon:3584-2657          -            305 22379at314147        -            342   2.6e-05   19.7   8.7   1   1   1.8e-06   2.6e-05   19.7   8.7    44   172    27   154    19   179 0.89 -
NW_025965008.1_RagTag:175868-175071   -            266 22379at314147        -            342   2.7e-05   19.6   9.0   1   1   2.2e-06   3.3e-05   19.4   9.0    43   178    28   162     9   217 0.87 -
NW_025965146.1_RagTag:101503-100609   -            285 22379at314147        -            342   3.2e-05   19.4  15.9   1   1   6.1e-06   9.1e-05   17.9  15.9    38   259    21   234     6   245 0.69 -
NW_025965313.1_RagTag:1671616-1670725 -            295 22379at314147        -            342   3.6e-05   19.2  15.6   1   1   3.1e-06   4.7e-05   18.9  15.6    40   260    12   236     4   282 0.78 -
contig_26960_pilon:493-1408           -            302 22379at314147        -            342   3.6e-05   19.2  12.2   1   2   4.2e-06   6.3e-05   18.4   9.9    44   188    28   168    18   256 0.80 -
contig_26960_pilon:493-1408           -            302 22379at314147        -            342   3.6e-05   19.2  12.2   2   2      0.85        13    1.0   0.0   301   326   277   302   268   302 0.81 -
NW_025965320.1_RagTag:848571-848158   -            138 22379at314147        -            342   3.7e-05   19.2   3.6   1   1     3e-06   4.4e-05   18.9   3.6    40   153    21   133    12   137 0.91 -
contig_27735_pilon:496-10             -            160 22379at314147        -            342   4.1e-05   19.1   9.3   1   1   3.1e-06   4.6e-05   18.9   9.3    43   174    28   156    13   160 0.83 -
NW_025965305.1_RagTag:1658252-1659099 -            275 22379at314147        -            342   4.4e-05   19.0  11.3   1   1   4.3e-06   6.4e-05   18.4  11.4    49   257    12   220     3   261 0.75 -
NW_025965250.1_RagTag:33393-32875     -            173 22379at314147        -            342   5.4e-05   18.7   7.3   1   1   4.1e-06   6.1e-05   18.5   7.3    54   176    24   145     3   168 0.88 -
NW_025965161.1_RagTag:680683-681431   -            245 22379at314147        -            342   5.6e-05   18.6   4.7   1   1   4.5e-06   6.7e-05   18.4   4.7   109   261    36   192     2   239 0.79 -
NW_025965426.1_RagTag:110740-109837   -            297 22379at314147        -            342   5.7e-05   18.6  16.2   1   1     5e-06   7.4e-05   18.2  16.2    53   319    32   295    22   297 0.78 -
contig_44821_pilon:583-29             -            185 22379at314147        -            342   6.7e-05   18.3   8.0   1   1   5.7e-06   8.6e-05   18.0   8.0    43   166    26   148    11   161 0.78 -
contig_57973_pilon:1283-390           -            298 22379at314147        -            342   7.6e-05   18.2  13.4   1   1   8.7e-06   0.00013   17.4  13.4    40   248    16   229     6   298 0.70 -
NW_025965274.1_RagTag:8635-9216       -            194 22379at314147        -            342   8.2e-05   18.1   6.7   1   1   7.8e-06   0.00012   17.6   6.7    43   124    25   105    12   122 0.82 -
NW_025965305.1_RagTag:1655528-1654657 -            283 22379at314147        -            342   8.5e-05   18.0  11.4   1   1   8.7e-06   0.00013   17.4  11.4    49   227    30   204    13   272 0.70 -
NW_025965057.1_RagTag:7581-6671       -            299 22379at314147        -            342   8.9e-05   18.0  16.0   1   2   6.8e-06    0.0001   17.8  15.0    39   200    20   174     7   249 0.75 -
NW_025965057.1_RagTag:7581-6671       -            299 22379at314147        -            342   8.9e-05   18.0  16.0   2   2       8.1   1.2e+02   -2.2   0.0   295   325   264   295   262   298 0.74 -
NW_025965151.1_RagTag:9979-9395       -            195 22379at314147        -            342   0.00012   17.5   8.4   1   1   9.2e-06   0.00014   17.3   8.4    47   158     7   117     2   187 0.85 -
NW_025965426.1_RagTag:65725-66621     -            299 22379at314147        -            342   0.00013   17.4  18.1   1   1   2.5e-05   0.00038   15.9  18.1    46   261    27   248    14   297 0.66 -
NW_025965203.1_RagTag:474900-475721   -            274 22379at314147        -            342   0.00014   17.3  10.0   1   1   1.2e-05   0.00017   17.0  10.0    42   179    16   151     6   202 0.89 -
NW_025965123.1_RagTag:1816714-1817616 -            301 22379at314147        -            342   0.00017   17.0   5.9   1   2   1.2e-05   0.00017   17.0   5.9    42   162    23   142     9   178 0.84 -
NW_025965123.1_RagTag:1816714-1817616 -            301 22379at314147        -            342   0.00017   17.0   5.9   2   2       1.9        28   -0.2   1.5   134   172   209   247   174   292 0.58 -
contig_45643_pilon:2022-1121          -            299 22379at314147        -            342    0.0002   16.8  11.5   1   1   1.9e-05   0.00028   16.3  11.4    39   176    20   156     7   252 0.78 -
NW_025965313.1_RagTag:66003-66494     -            164 22379at314147        -            342   0.00022   16.7  11.4   1   1   1.7e-05   0.00026   16.4  11.4    39   154    20   134     7   159 0.80 -
NW_025965008.1_RagTag:183941-179497   -            147 22379at314147        -            342   0.00025   16.4   7.7   1   1   4.5e-05   0.00066   15.1   7.7    40   160    17   129    11   145 0.76 -
NW_025965223.1_RagTag:142315-141397   -            298 22379at314147        -            342   0.00028   16.3  16.9   1   2    0.0012     0.017   10.4  17.8    43   173    24   153    17   268 0.83 -
NW_025965223.1_RagTag:142315-141397   -            298 22379at314147        -            342   0.00028   16.3  16.9   2   2       0.2         3    3.1   0.0   299   327   267   295   251   297 0.86 -
contig_11065_pilon:1196-711           -            162 22379at314147        -            342   0.00029   16.3   4.2   1   1   2.4e-05   0.00036   15.9   4.2    40   150    21   130    17   145 0.84 -
contig_45575_pilon:1243-2022          -            243 22379at314147        -            342   0.00038   15.9   3.5   1   1   3.9e-05   0.00057   15.3   3.5   111   258    40   195    30   205 0.69 -
NW_025965331.1_RagTag:96699-97295     -            199 22379at314147        -            342   0.00048   15.5   6.6   1   1     4e-05    0.0006   15.2   6.6   109   178    33   102     2   192 0.83 -
NW_025965581.1_RagTag:2793-3509       -            239 22379at314147        -            342   0.00054   15.4   9.8   1   1   4.6e-05   0.00069   15.0   9.8    49   233    32   220    18   237 0.75 -
NW_025965320.1_RagTag:879423-878506   -            306 22379at314147        -            342   0.00058   15.3  12.7   1   1   5.6e-05   0.00084   14.7  12.7    33   202    23   188     4   264 0.71 -
contig_19055_pilon:1689-777           -            302 22379at314147        -            342   0.00079   14.8  14.5   1   1   0.00016    0.0024   13.2  14.5   110   260    91   249    86   301 0.67 -
contig_23379_pilon:2126-1275          -            284 22379at314147        -            342    0.0008   14.8  13.5   1   1   8.1e-05    0.0012   14.2  13.5    44   178    35   168    20   259 0.79 -
NW_025965331.1_RagTag:94452-97432     -            301 22379at314147        -            342    0.0009   14.6   2.9   1   1   0.00011    0.0016   13.8   2.9    46   165    36   158    25   190 0.84 -
NW_025965426.1_RagTag:97742-87151     -            162 22379at314147        -            342   0.00092   14.6   1.3   1   2   0.00029    0.0043   12.4   0.1   132   169    12    49     2    63 0.84 -
NW_025965426.1_RagTag:97742-87151     -            162 22379at314147        -            342   0.00092   14.6   1.3   2   2      0.61         9    1.5   0.1   290   319   127   157    62   161 0.70 -
contig_32555_pilon:2233-1294          -            241 22379at314147        -            342    0.0011   14.3   7.7   1   2   0.00014    0.0021   13.5   1.7    32   120    17   102     1   109 0.81 -
contig_32555_pilon:2233-1294          -            241 22379at314147        -            342    0.0011   14.3   7.7   2   2      0.11       1.6    4.0   0.6   299   329   208   238   103   241 0.78 -
contig_36220_pilon:1250-2170          -            307 22379at314147        -            342    0.0013   14.2  14.0   1   1   0.00011    0.0016   13.8  14.0    38   231    22   220    10   298 0.70 -
NW_025965320.1_RagTag:840022-839114   -            303 22379at314147        -            342    0.0017   13.7  13.5   1   2   6.4e-05   0.00096   14.6  10.9    40   174    25   158     9   217 0.88 -
NW_025965320.1_RagTag:840022-839114   -            303 22379at314147        -            342    0.0017   13.7  13.5   2   2       8.8   1.3e+02   -2.3   0.0   304   322   284   302   273   303 0.76 -
contig_72985_pilon:1524-2450          -            309 22379at314147        -            342    0.0023   13.3  16.9   1   1   0.00023    0.0035   12.7  16.9    39   248    26   240    13   295 0.73 -
contig_14807_pilon:1469-638           -            273 22379at314147        -            342    0.0023   13.3   8.0   1   1   0.00026    0.0038   12.6   8.0    45   199     5   151     3   224 0.79 -
NW_025965151.1_RagTag:195677-193816   -            137 22379at314147        -            342    0.0026   13.1   3.9   1   1   0.00021    0.0031   12.9   3.9   248   315    69   131    42   136 0.84 -
NW_025965008.1_RagTag:215033-201349   -            281 22379at314147        -            342    0.0029   13.0  15.7   1   1   0.00059    0.0087   11.4  15.3    41   154    23   135    11   232 0.87 -
contig_30302_pilon:2113-1269          -            253 22379at314147        -            342    0.0043   12.4  13.0   1   1   0.00053    0.0079   11.5  12.9    45   264     7   224     3   245 0.70 -
NW_025965247.1_RagTag:77448-77690     -             81 22379at314147        -            342    0.0044   12.4   0.0   1   1   0.00029    0.0044   12.4   0.0   240   274     9    43     1    80 0.77 -
NW_025965426.1_RagTag:16554-71915     -            291 22379at314147        -            342     0.005   12.2  22.2   1   1   0.00051    0.0076   11.6  22.2    41   318     7   281     2   289 0.71 -
NW_025965636.1_RagTag:16959-17840     -            270 22379at314147        -            342    0.0062   11.9  17.4   1   3    0.0003    0.0045   12.3   1.9    42    86    20    64     7    77 0.89 -
NW_025965636.1_RagTag:16959-17840     -            270 22379at314147        -            342    0.0062   11.9  17.4   2   3    0.0048     0.072    8.4   0.1   129   171    86   128    79   135 0.87 -
NW_025965636.1_RagTag:16959-17840     -            270 22379at314147        -            342    0.0062   11.9  17.4   3   3       3.9        58   -1.2   4.1   107   208   152   258   148   264 0.73 -
NW_025965274.1_RagTag:34955-34398     -            172 22379at314147        -            342    0.0076   11.6   7.6   1   1   0.00092     0.014   10.8   7.6    44   171    25   152    15   167 0.76 -
NW_025965233.1_RagTag:201426-202343   -            306 22379at314147        -            342      0.01   11.2  14.5   1   1    0.0018     0.028    9.8  14.4    43   171    27   154    20   260 0.71 -
NW_025965317.1_RagTag:2643605-2644525 -            307 22379at314147        -            342     0.011   11.1  15.7   1   1    0.0017     0.026    9.8  15.7    46   260    31   252    20   302 0.73 -
NW_025965123.1_RagTag:1718891-1717962 -            310 22379at314147        -            342     0.016   10.6  17.5   1   1    0.0022     0.033    9.5  17.5    42   235    27   219    13   306 0.63 -
NW_025965138.1_RagTag:16292-15471     -            274 22379at314147        -            342     0.018   10.4  19.8   1   1    0.0049     0.073    8.4  19.8    44   259     2   222     1   273 0.71 -
#
# Program:         hmmsearch
# Version:         3.1b2 (February 2015)
# Pipeline mode:   SEARCH
# Query file:      /home/bgerda/guppy_SUP/busco_downloads/lineages/glires_odb10/hmms/22379at314147.hmm
# Target file:     /home/bgerda/guppy_SUP/busco_results_flye/run_glires_odb10/metaeuk_output/initial_results/ragtag.scaffold.fasta.modified.fas
# Option settings: hmmsearch --domtblout /home/bgerda/guppy_SUP/busco_results_flye/run_glires_odb10/hmmer_output/initial_run_results/22379at314147.out --cpu 1 /home/bgerda/guppy_SUP/busco_downloads/lineages/glires_odb10/hmms/22379at314147.hmm /home/bgerda/guppy_SUP/busco_results_flye/run_glires_odb10/metaeuk_output/initial_results/ragtag.scaffold.fasta.modified.fas 
# Current dir:     /home/bgerda/guppy_SUP
# Date:            Sun May 21 17:16:58 2023
# [ok]
