#                                                                                             --- full sequence --- -------------- this domain -------------   hmm coord   ali coord   env coord
# target name                         accession   tlen query name           accession   qlen   E-value  score  bias   #  of  c-Evalue  i-Evalue  score  bias  from    to  from    to  from    to  acc description of target
#                 ------------------- ---------- ----- -------------------- ---------- ----- --------- ------ ----- --- --- --------- --------- ------ ----- ----- ----- ----- ----- ----- ----- ---- ---------------------
NW_025965314.1_RagTag:1506340-1507486 -            345 22638at314147        -            377   2.4e-29   98.9   0.0   1   3   5.8e-16   1.2e-13   47.2   0.0    34   179    16   169     4   173 0.86 -
NW_025965314.1_RagTag:1506340-1507486 -            345 22638at314147        -            377   2.4e-29   98.9   0.0   2   3   4.8e-17   9.7e-15   50.8   0.0    37   169   107   253    94   260 0.77 -
NW_025965314.1_RagTag:1506340-1507486 -            345 22638at314147        -            377   2.4e-29   98.9   0.0   3   3   3.1e-05    0.0062   12.0   0.0    39   100   267   326   263   336 0.77 -
NW_025965310.1_RagTag:4031348-4030299 -            350 22638at314147        -            377   9.4e-09   31.1   0.0   1   2   2.8e-05    0.0057   12.1   0.0    38    95     7    64     3    77 0.87 -
NW_025965310.1_RagTag:4031348-4030299 -            350 22638at314147        -            377   9.4e-09   31.1   0.0   2   2   8.8e-07   0.00018   17.0   0.0    33    96    93   156    79   181 0.84 -
NW_025965053.1_RagTag:18280-17495     -            262 22638at314147        -            377   2.3e-08   29.9   0.0   1   1   1.9e-10   3.8e-08   29.1   0.0    37   164    25   147    18   163 0.82 -
NW_025965172.1_RagTag:1498191-1497724 -            156 22638at314147        -            377   1.4e-06   23.9   0.0   1   1   9.2e-09   1.9e-06   23.5   0.0    38   102     7    71     2    83 0.91 -
NW_025965319.1_RagTag:1169066-1168656 -            133 22638at314147        -            377   5.6e-06   22.0   0.0   1   1   5.7e-08   1.1e-05   20.9   0.0    49   154     2   109     1   122 0.80 -
NW_025965175.1_RagTag:939624-940910   -            429 22638at314147        -            377   4.7e-05   18.9   0.0   1   1   3.6e-07   7.2e-05   18.3   0.0    38    98    17    77     5    92 0.88 -
NW_025965364.1_RagTag:5932-5519       -            138 22638at314147        -            377   0.00095   14.6   0.0   1   1   4.7e-06   0.00095   14.6   0.0    38    97     7    66     3   129 0.89 -
#
# Program:         hmmsearch
# Version:         3.1b2 (February 2015)
# Pipeline mode:   SEARCH
# Query file:      /home/bgerda/guppy_SUP/busco_downloads/lineages/glires_odb10/hmms/22638at314147.hmm
# Target file:     /home/bgerda/guppy_SUP/busco_results_flye/run_glires_odb10/metaeuk_output/initial_results/ragtag.scaffold.fasta.modified.fas
# Option settings: hmmsearch --domtblout /home/bgerda/guppy_SUP/busco_results_flye/run_glires_odb10/hmmer_output/initial_run_results/22638at314147.out --cpu 1 /home/bgerda/guppy_SUP/busco_downloads/lineages/glires_odb10/hmms/22638at314147.hmm /home/bgerda/guppy_SUP/busco_results_flye/run_glires_odb10/metaeuk_output/initial_results/ragtag.scaffold.fasta.modified.fas 
# Current dir:     /home/bgerda/guppy_SUP
# Date:            Sun May 21 17:16:54 2023
# [ok]
