#                                                                                             --- full sequence --- -------------- this domain -------------   hmm coord   ali coord   env coord
# target name                         accession   tlen query name           accession   qlen   E-value  score  bias   #  of  c-Evalue  i-Evalue  score  bias  from    to  from    to  from    to  acc description of target
#                 ------------------- ---------- ----- -------------------- ---------- ----- --------- ------ ----- --- --- --------- --------- ------ ----- ----- ----- ----- ----- ----- ----- ---- ---------------------
NW_025965548.1_RagTag:8831-1842       -            515 2380at314147         -           1140     7e-86  284.9   0.1   1   4   8.5e-10   4.5e-08   27.3   0.0   526   600    23   102    10   110 0.86 -
NW_025965548.1_RagTag:8831-1842       -            515 2380at314147         -           1140     7e-86  284.9   0.1   2   4    0.0016     0.083    6.5   0.0   526   596   124   208   107   222 0.63 -
NW_025965548.1_RagTag:8831-1842       -            515 2380at314147         -           1140     7e-86  284.9   0.1   3   4   3.2e-14   1.7e-12   41.9   0.0   719   782   275   337   267   344 0.88 -
NW_025965548.1_RagTag:8831-1842       -            515 2380at314147         -           1140     7e-86  284.9   0.1   4   4   1.9e-63     1e-61  204.9   0.0   827   994   342   511   331   514 0.92 -
NW_025965309.1_RagTag:3531840-3529118 -            326 2380at314147         -           1140   1.5e-78  260.6   0.1   1   3    0.0012     0.064    6.9   0.0   564   607    13    56     8    69 0.85 -
NW_025965309.1_RagTag:3531840-3529118 -            326 2380at314147         -           1140   1.5e-78  260.6   0.1   2   3   1.1e-32   5.7e-31  103.1   0.0   661   773    84   196    68   207 0.93 -
NW_025965309.1_RagTag:3531840-3529118 -            326 2380at314147         -           1140   1.5e-78  260.6   0.1   3   3   4.1e-46   2.2e-44  147.5   0.0   828   939   212   325   199   326 0.91 -
NW_025965287.1_RagTag:77543-78792     -            357 2380at314147         -           1140   1.3e-27   92.0   0.1   1   1   3.2e-29   1.7e-27   91.6   0.1   831   953    36   159    26   165 0.88 -
NW_025965313.1_RagTag:91187-92498     -            211 2380at314147         -           1140   3.2e-22   74.1   0.2   1   2   1.2e-06   6.1e-05   16.9   0.2   705   772    65   124    40   130 0.89 -
NW_025965313.1_RagTag:91187-92498     -            211 2380at314147         -           1140   3.2e-22   74.1   0.2   2   2   2.3e-18   1.2e-16   55.6   0.0   833   911   132   205   125   209 0.91 -
NW_025965222.1_RagTag:194675-192692   -            116 2380at314147         -           1140   4.9e-20   66.9   0.0   1   1     1e-21   5.5e-20   66.7   0.0   900   995     2    96     1   105 0.93 -
contig_34309_pilon:705-58             -            216 2380at314147         -           1140   5.8e-14   46.8   0.0   1   2   9.5e-05     0.005   10.5   0.1   673   765     8    91     3   106 0.79 -
contig_34309_pilon:705-58             -            216 2380at314147         -           1140   5.8e-14   46.8   0.0   2   2   6.1e-12   3.2e-10   34.4   0.0   841   936   112   204   100   208 0.83 -
NW_025965279.1_RagTag:87840-88469     -            210 2380at314147         -           1140   4.1e-13   43.9   0.0   1   1   9.8e-15   5.1e-13   43.6   0.0   840   929    31   117    15   125 0.88 -
NW_025965321.1_RagTag:4471412-4470762 -            217 2380at314147         -           1140     2e-12   41.6   0.0   1   1   5.3e-14   2.8e-12   41.2   0.0   836   928   106   197    95   202 0.87 -
NW_025965499.1_RagTag:3947-3072       -            292 2380at314147         -           1140   1.5e-11   38.8   0.1   1   2     0.043       2.3    1.8   0.1   684   761    11    79     3    95 0.68 -
NW_025965499.1_RagTag:3947-3072       -            292 2380at314147         -           1140   1.5e-11   38.8   0.1   2   2   3.7e-12     2e-10   35.1   0.0   841   936   104   196    96   203 0.84 -
NW_025965099.1_RagTag:15123-16034     -            304 2380at314147         -           1140     2e-11   38.3   0.0   1   2      0.21        11   -0.5   0.0   684   743    38    89    28   115 0.70 -
NW_025965099.1_RagTag:15123-16034     -            304 2380at314147         -           1140     2e-11   38.3   0.0   2   2   1.5e-12   7.8e-11   36.4   0.0   839   936   129   223   109   230 0.85 -
NW_025965334.1_RagTag:180570-180424   -             49 2380at314147         -           1140   2.9e-11   37.8   0.4   1   1   5.9e-13   3.1e-11   37.7   0.4   896   938     1    43     1    48 0.93 -
NW_025965233.1_RagTag:123560-122163   -            466 2380at314147         -           1140   3.2e-11   37.7   0.0   1   2       0.3        16   -1.0   0.0   679   765    13    89     7    96 0.69 -
NW_025965233.1_RagTag:123560-122163   -            466 2380at314147         -           1140   3.2e-11   37.7   0.0   2   2   2.3e-12   1.2e-10   35.8   0.0   842   989   111   253   106   259 0.80 -
contig_37224_pilon:1729-2460          -            244 2380at314147         -           1140   5.9e-11   36.8   0.3   1   2     0.089       4.6    0.7   0.1   676   765     2    82     1    88 0.68 -
contig_37224_pilon:1729-2460          -            244 2380at314147         -           1140   5.9e-11   36.8   0.3   2   2   5.8e-12   3.1e-10   34.4   0.0   846   983   108   240    97   244 0.73 -
NW_025965321.1_RagTag:3058981-3059130 -             50 2380at314147         -           1140   1.2e-10   35.7   0.0   1   1   2.5e-12   1.3e-10   35.6   0.0   872   918     2    50     1    50 0.88 -
contig_34501_pilon:2315-1608          -            236 2380at314147         -           1140   2.4e-10   34.7   0.0   1   1   6.8e-12   3.6e-10   34.2   0.0   841   936    33   125    21   133 0.83 -
NW_025965352.1_RagTag:111207-112973   -            318 2380at314147         -           1140     5e-10   33.7   0.0   1   2     0.031       1.6    2.2   0.0   732   776    92   137    65   152 0.77 -
NW_025965352.1_RagTag:111207-112973   -            318 2380at314147         -           1140     5e-10   33.7   0.0   2   2   1.6e-10   8.1e-09   29.7   0.1   900   990   220   312   141   318 0.86 -
NW_025965324.1_RagTag:3286322-3285366 -            319 2380at314147         -           1140   1.1e-07   26.0   0.0   1   2    0.0001    0.0053   10.5   0.0   526   601     9    85     3    91 0.88 -
NW_025965324.1_RagTag:3286322-3285366 -            319 2380at314147         -           1140   1.1e-07   26.0   0.0   2   2   1.2e-05   0.00065   13.5   0.0   525   596   245   319   230   319 0.82 -
NW_025965256.1_RagTag:50807-50322     -            106 2380at314147         -           1140   1.8e-07   25.2   0.0   1   1   3.9e-09     2e-07   25.1   0.0   826   882    34    90    21   101 0.90 -
contig_31429_pilon:336-926            -            197 2380at314147         -           1140     2e-07   25.1   0.0   1   2      0.58        30   -2.0   0.0   704   769    14    75    11    89 0.78 -
contig_31429_pilon:336-926            -            197 2380at314147         -           1140     2e-07   25.1   0.0   2   2   7.7e-09     4e-07   24.1   0.0   840   929    91   178    71   193 0.81 -
contig_83342_pilon:1440-913           -            176 2380at314147         -           1140   7.2e-06   19.9   0.0   1   1   1.5e-07   7.7e-06   19.9   0.0   844   946    15   114     7   155 0.82 -
contig_66008_pilon:1783-2643          -            287 2380at314147         -           1140   1.4e-05   19.0   0.1   1   2       1.6        85   -3.5   0.1   705   755    13    59    10    70 0.64 -
contig_66008_pilon:1783-2643          -            287 2380at314147         -           1140   1.4e-05   19.0   0.1   2   2   4.7e-07   2.5e-05   18.2   0.0   842   985    90   228    80   232 0.72 -
NW_025965401.1_RagTag:66129-68169     -            216 2380at314147         -           1140   3.1e-05   17.9   0.0   1   1   7.3e-07   3.8e-05   17.6   0.0   839   937    24   128    12   143 0.78 -
contig_18707_pilon:1356-1883          -            176 2380at314147         -           1140   4.5e-05   17.3   0.0   1   1     1e-06   5.2e-05   17.1   0.0   843   946    14   114     6   135 0.84 -
NW_025965324.1_RagTag:3257799-3257200 -            200 2380at314147         -           1140   0.00018   15.3   0.0   1   1   4.6e-06   0.00024   14.9   0.0   248   318     7    85     2    93 0.73 -
NW_025965166.1_RagTag:67000-68733     -            208 2380at314147         -           1140   0.00026   14.8   0.0   1   1   6.3e-06   0.00033   14.5   0.0   249   316    38   110    21   119 0.77 -
NW_025965291.1_RagTag:211544-210891   -            218 2380at314147         -           1140   0.00073   13.3   0.2   1   1   1.9e-05     0.001   12.9   0.2   564   640    17    88    11    97 0.75 -
NW_025965324.1_RagTag:3261955-3254736 -            264 2380at314147         -           1140     0.009    9.7   0.0   1   1   0.00022     0.012    9.3   0.0   250   315   107   176    91   184 0.77 -
#
# Program:         hmmsearch
# Version:         3.1b2 (February 2015)
# Pipeline mode:   SEARCH
# Query file:      /home/bgerda/guppy_SUP/busco_downloads/lineages/glires_odb10/hmms/2380at314147.hmm
# Target file:     /home/bgerda/guppy_SUP/busco_results_flye/run_glires_odb10/metaeuk_output/initial_results/ragtag.scaffold.fasta.modified.fas
# Option settings: hmmsearch --domtblout /home/bgerda/guppy_SUP/busco_results_flye/run_glires_odb10/hmmer_output/initial_run_results/2380at314147.out --cpu 1 /home/bgerda/guppy_SUP/busco_downloads/lineages/glires_odb10/hmms/2380at314147.hmm /home/bgerda/guppy_SUP/busco_results_flye/run_glires_odb10/metaeuk_output/initial_results/ragtag.scaffold.fasta.modified.fas 
# Current dir:     /home/bgerda/guppy_SUP
# Date:            Sun May 21 17:16:52 2023
# [ok]
