#                                                                                             --- full sequence --- -------------- this domain -------------   hmm coord   ali coord   env coord
# target name                         accession   tlen query name           accession   qlen   E-value  score  bias   #  of  c-Evalue  i-Evalue  score  bias  from    to  from    to  from    to  acc description of target
#                 ------------------- ---------- ----- -------------------- ---------- ----- --------- ------ ----- --- --- --------- --------- ------ ----- ----- ----- ----- ----- ----- ----- ---- ---------------------
NW_025965314.1_RagTag:122427-124252   -            303 23852at314147        -            362   8.1e-30  100.2  27.4   1   2   9.7e-24   1.1e-22   76.8  14.6    22   214    15   208     6   222 0.87 -
NW_025965314.1_RagTag:122427-124252   -            303 23852at314147        -            362   8.1e-30  100.2  27.4   2   2   1.9e-09   2.1e-08   29.8   5.0   255   328   227   296   206   302 0.74 -
NW_025965256.1_RagTag:853503-854828   -            442 23852at314147        -            362   2.7e-27   91.9  19.2   1   1   4.9e-28   5.5e-27   90.9  19.2    26   343    28   358    13   374 0.74 -
NW_025965307.1_RagTag:989220-990869   -            550 23852at314147        -            362   1.5e-21   73.0  15.8   1   2   1.3e-20   1.5e-19   66.5   5.4    17   159    64   206    56   276 0.89 -
NW_025965307.1_RagTag:989220-990869   -            550 23852at314147        -            362   1.5e-21   73.0  15.8   2   2   0.00045     0.005   12.1   2.7   237   324   463   548   454   550 0.80 -
NW_025965161.1_RagTag:422258-421552   -            215 23852at314147        -            362   1.2e-17   60.3   2.7   1   1   1.2e-18   1.4e-17   60.0   2.7    44   155    41   153    24   214 0.82 -
NW_025965278.1_RagTag:275474-274923   -            184 23852at314147        -            362   5.9e-17   57.9   6.1   1   2   0.00085    0.0095   11.2   0.1   118   160     1    43     1    96 0.81 -
NW_025965278.1_RagTag:275474-274923   -            184 23852at314147        -            362   5.9e-17   57.9   6.1   2   2   3.6e-15   4.1e-14   48.6   2.5   249   329   102   181    90   184 0.86 -
NW_025965323.1_RagTag:1326522-1325617 -            302 23852at314147        -            362     3e-15   52.3  18.4   1   1   2.3e-15   2.6e-14   49.2  18.5    32   223     3   194     2   287 0.73 -
contig_25261_pilon:2046-1063          -            328 23852at314147        -            362   5.1e-15   51.6  20.7   1   2   5.1e-11   5.8e-10   34.9  14.2    23   215    28   229    20   236 0.79 -
contig_25261_pilon:2046-1063          -            328 23852at314147        -            362   5.1e-15   51.6  20.7   2   2   9.8e-07   1.1e-05   20.8   0.5   252   334   231   317   227   323 0.73 -
NW_025965319.1_RagTag:190258-191328   -            357 23852at314147        -            362   9.9e-15   50.6  21.1   1   2   2.5e-14   2.9e-13   45.8   9.7    25   226    32   232    20   237 0.85 -
NW_025965319.1_RagTag:190258-191328   -            357 23852at314147        -            362   9.9e-15   50.6  21.1   2   2    0.0005    0.0056   11.9   3.1   256   352   235   338   229   347 0.65 -
NW_025965321.1_RagTag:4467400-4468179 -            237 23852at314147        -            362   1.2e-14   50.3  12.3   1   2   1.1e-15   1.2e-14   50.3  12.3    26   165    28   165    12   194 0.85 -
NW_025965321.1_RagTag:4467400-4468179 -            237 23852at314147        -            362   1.2e-14   50.3  12.3   2   2       0.2       2.3    3.4   1.0   256   277   201   222   188   230 0.81 -
NW_025965230.1_RagTag:352259-351105   -            385 23852at314147        -            362   1.4e-14   50.1   7.9   1   2   8.9e-11     1e-09   34.1   5.7    22   185    41   202    29   242 0.82 -
NW_025965230.1_RagTag:352259-351105   -            385 23852at314147        -            362   1.4e-14   50.1   7.9   2   2   2.4e-05   0.00026   16.3   0.0   256   350   246   349   232   360 0.65 -
contig_67641_pilon:774-58             -            239 23852at314147        -            362   1.9e-14   49.7  18.0   1   2   2.6e-14   2.9e-13   45.8  12.1    25   214     5   205     1   211 0.77 -
contig_67641_pilon:774-58             -            239 23852at314147        -            362   1.9e-14   49.7  18.0   2   2    0.0092       0.1    7.8   0.7   252   277   208   233   199   237 0.87 -
NW_025965316.1_RagTag:3970847-3970154 -            182 23852at314147        -            362   1.6e-12   43.4   6.9   1   2   4.5e-13     5e-12   41.7   0.5    22    75    35    90    30    96 0.92 -
NW_025965316.1_RagTag:3970847-3970154 -            182 23852at314147        -            362   1.6e-12   43.4   6.9   2   2     0.031      0.35    6.0   0.7   133   210    98   172    90   178 0.80 -
NW_025965108.1_RagTag:146432-147415   -            328 23852at314147        -            362   3.2e-12   42.4  11.5   1   2   1.1e-11   1.3e-10   37.1   2.8    11   198    25   218    18   241 0.68 -
NW_025965108.1_RagTag:146432-147415   -            328 23852at314147        -            362   3.2e-12   42.4  11.5   2   2    0.0011     0.012   10.8   1.4   262   323   255   321   231   327 0.70 -
NW_025965320.1_RagTag:879423-878506   -            306 23852at314147        -            362   5.7e-12   41.5  15.2   1   1   8.1e-13     9e-12   40.9  15.2    24   228    33   237    11   258 0.80 -
NW_025965426.1_RagTag:16554-71915     -            291 23852at314147        -            362     1e-11   40.7  17.8   1   1   8.9e-13     1e-11   40.7  17.8    27   235    12   228     2   244 0.87 -
NW_025965421.1_RagTag:181807-182473   -            201 23852at314147        -            362   5.9e-11   38.2   4.8   1   3   5.8e-06   6.5e-05   18.3   0.0    82   161     5    83     1    89 0.85 -
NW_025965421.1_RagTag:181807-182473   -            201 23852at314147        -            362   5.9e-11   38.2   4.8   2   3       5.2        58   -1.3   0.0    18    46    96   124    94   129 0.78 -
NW_025965421.1_RagTag:181807-182473   -            201 23852at314147        -            362   5.9e-11   38.2   4.8   3   3   1.2e-06   1.3e-05   20.6   1.8   254   326   124   197   117   200 0.84 -
NW_025965182.1_RagTag:1858969-1859367 -            133 23852at314147        -            362     1e-10   37.4   6.3   1   1     1e-11   1.1e-10   37.3   6.3    15   130    13   131     3   133 0.91 -
NW_025965352.1_RagTag:41240-40296     -            315 23852at314147        -            362   3.1e-10   35.8   7.1   1   1   4.2e-11   4.8e-10   35.2   7.1    27   178    39   190    24   260 0.78 -
NW_025965266.1_RagTag:245825-244296   -            282 23852at314147        -            362   3.1e-10   35.8   6.7   1   1     4e-11   4.4e-10   35.3   6.7    26   163    51   188    26   199 0.85 -
NW_025965313.1_RagTag:72608-73156     -            183 23852at314147        -            362   4.4e-10   35.3  10.6   1   1   4.6e-11   5.1e-10   35.1  10.6    22   128     9   118     4   164 0.92 -
NW_025965258.1_RagTag:3878-4798       -            307 23852at314147        -            362   6.2e-10   34.8  14.1   1   2   1.4e-10   1.6e-09   33.5  12.8    19   222    20   233    12   250 0.80 -
NW_025965258.1_RagTag:3878-4798       -            307 23852at314147        -            362   6.2e-10   34.8  14.1   2   2       1.8        20    0.3   0.0   306   325   278   297   264   302 0.75 -
contig_31446_pilon:626-132            -            165 23852at314147        -            362   7.6e-10   34.5   6.0   1   1   7.9e-11   8.9e-10   34.3   6.0    17   145    16   143     3   155 0.84 -
contig_44821_pilon:583-29             -            185 23852at314147        -            362   1.5e-09   33.6   7.4   1   1   1.5e-10   1.7e-09   33.4   7.4    21   150    23   152     3   172 0.80 -
NW_025965305.1_RagTag:1655528-1654657 -            283 23852at314147        -            362   1.6e-09   33.4   9.6   1   2   1.5e-10   1.6e-09   33.4   9.6    12   176    11   176     4   204 0.83 -
NW_025965305.1_RagTag:1655528-1654657 -            283 23852at314147        -            362   1.6e-09   33.4   9.6   2   2       1.8        20    0.2   3.2   261   322   208   272   181   282 0.71 -
NW_025965426.1_RagTag:88035-78408     -            295 23852at314147        -            362   1.7e-09   33.4  12.4   1   1   1.5e-10   1.7e-09   33.4  12.4    28   190    19   185     8   226 0.75 -
NW_025965322.1_RagTag:1960357-1959483 -            226 23852at314147        -            362   1.7e-09   33.4   5.5   1   2   1.6e-08   1.8e-07   26.7   0.5    55   138    30   112    23   117 0.86 -
NW_025965322.1_RagTag:1960357-1959483 -            226 23852at314147        -            362   1.7e-09   33.4   5.5   2   2    0.0032     0.036    9.3   0.6   257   328   138   210   115   217 0.70 -
NW_025965235.1_RagTag:62433-61518     -            300 23852at314147        -            362     2e-09   33.1  11.5   1   2   3.2e-10   3.6e-09   32.3   9.5    23   211    26   217    12   235 0.80 -
NW_025965235.1_RagTag:62433-61518     -            300 23852at314147        -            362     2e-09   33.1  11.5   2   2       1.5        17    0.5   0.0   306   330   270   295   257   299 0.71 -
contig_30302_pilon:2113-1269          -            253 23852at314147        -            362   2.4e-09   32.9  18.1   1   2   6.2e-10     7e-09   31.4   7.6    24   147     5   128     2   155 0.82 -
contig_30302_pilon:2113-1269          -            253 23852at314147        -            362   2.4e-09   32.9  18.1   2   2    0.0076     0.085    8.1   1.5   265   324   185   244   175   249 0.64 -
NW_025965274.1_RagTag:6040-6949       -            298 23852at314147        -            362   2.7e-09   32.7  10.6   1   2   2.4e-10   2.7e-09   32.7  10.6    20   142    21   143     8   229 0.85 -
NW_025965274.1_RagTag:6040-6949       -            298 23852at314147        -            362   2.7e-09   32.7  10.6   2   2       3.3        37   -0.6   0.0   310   330   274   294   264   297 0.79 -
NW_025965295.1_RagTag:981139-979895   -            415 23852at314147        -            362   5.6e-09   31.7  16.0   1   2     5e-10   5.6e-09   31.7  16.0    26   207    98   281    87   285 0.79 -
NW_025965295.1_RagTag:981139-979895   -            415 23852at314147        -            362   5.6e-09   31.7  16.0   2   2      0.86       9.7    1.3   4.2   105   157   266   321   255   346 0.77 -
contig_45643_pilon:2022-1121          -            299 23852at314147        -            362   6.8e-09   31.4  14.0   1   1   1.1e-09   1.3e-08   30.5  13.2    24   150    24   150     8   233 0.78 -
contig_27735_pilon:496-10             -            160 23852at314147        -            362   8.1e-09   31.1   6.6   1   1     9e-10     1e-08   30.8   6.6    19   147    23   149    10   156 0.88 -
NW_025965008.1_RagTag:175868-175071   -            266 23852at314147        -            362   1.1e-08   30.7  11.5   1   1   1.2e-09   1.3e-08   30.4  11.2    21   144    22   148    10   221 0.86 -
NW_025965315.1_RagTag:2533229-2534137 -            303 23852at314147        -            362   1.4e-08   30.4  16.9   1   1     2e-09   2.3e-08   29.7  16.9    21   213    23   216     7   248 0.81 -
NW_025965320.1_RagTag:900507-899674   -            264 23852at314147        -            362   1.6e-08   30.2  12.3   1   1   2.4e-09   2.7e-08   29.4  12.3    26   176     1   146     1   202 0.82 -
NW_025965320.1_RagTag:848571-848158   -            138 23852at314147        -            362   1.6e-08   30.2   6.0   1   1   1.7e-09   1.9e-08   29.9   6.0    24   133    24   133     5   137 0.91 -
contig_75679_pilon:841-1732           -            295 23852at314147        -            362   1.8e-08   30.0  12.7   1   2   1.6e-09   1.8e-08   30.0  12.7    25   177    21   173     9   231 0.82 -
contig_75679_pilon:841-1732           -            295 23852at314147        -            362   1.8e-08   30.0  12.7   2   2       4.4        50   -1.1   0.1   310   330   272   292   235   295 0.76 -
NW_025965101.1_RagTag:53784-23313     -            277 23852at314147        -            362   2.5e-08   29.5  11.6   1   1   2.7e-09     3e-08   29.3  10.8    18   151    19   153     5   203 0.80 -
contig_11065_pilon:1196-711           -            162 23852at314147        -            362   2.6e-08   29.5   3.6   1   1   2.9e-09   3.2e-08   29.2   3.6    23   128    25   128    13   145 0.86 -
NW_025965140.1_RagTag:853176-852295   -            294 23852at314147        -            362   3.6e-08   29.0  10.4   1   3   3.2e-09   3.6e-08   29.0  10.4    22   129    22   129     4   151 0.87 -
NW_025965140.1_RagTag:853176-852295   -            294 23852at314147        -            362   3.6e-08   29.0  10.4   2   3       4.9        55   -1.2   0.6    79   138   177   234   137   273 0.64 -
NW_025965140.1_RagTag:853176-852295   -            294 23852at314147        -            362   3.6e-08   29.0  10.4   3   3       1.4        16    0.6   0.0   307   325   275   293   266   294 0.79 -
NW_025965057.1_RagTag:7581-6671       -            299 23852at314147        -            362   6.5e-08   28.2  15.6   1   2   8.5e-09   9.6e-08   27.6  14.8    25   204    25   202     8   235 0.72 -
NW_025965057.1_RagTag:7581-6671       -            299 23852at314147        -            362   6.5e-08   28.2  15.6   2   2       8.9     1e+02   -2.0   0.0   310   330   272   292   257   296 0.74 -
NW_025965230.1_RagTag:1057613-1056714 -            300 23852at314147        -            362   9.1e-08   27.7  14.1   1   2   8.1e-09   9.1e-08   27.7  14.1    28   210    28   218     5   236 0.75 -
NW_025965230.1_RagTag:1057613-1056714 -            300 23852at314147        -            362   9.1e-08   27.7  14.1   2   2         3        33   -0.5   0.0   305   326   273   294   240   298 0.83 -
NW_025965313.1_RagTag:72611-73496     -            284 23852at314147        -            362   9.9e-08   27.6  17.0   1   2   8.8e-09   9.9e-08   27.6  17.0    24   130    13   119     3   205 0.87 -
NW_025965313.1_RagTag:72611-73496     -            284 23852at314147        -            362   9.9e-08   27.6  17.0   2   2       1.9        21    0.2   0.0   309   332   255   278   222   281 0.78 -
NW_025965313.1_RagTag:66003-66494     -            164 23852at314147        -            362   1.3e-07   27.2  11.1   1   1   1.3e-08   1.5e-07   27.0  11.1    25   149    25   149     6   159 0.86 -
contig_72712_pilon:604-1510           -            297 23852at314147        -            362   1.3e-07   27.2  17.6   1   1   1.2e-08   1.3e-07   27.2  17.6    20   211    21   215     8   235 0.74 -
NW_025965426.1_RagTag:28199-27276     -            308 23852at314147        -            362   1.6e-07   26.9  16.3   1   1   1.5e-08   1.7e-07   26.8  15.2    27   210    29   220    19   249 0.77 -
NW_025965322.1_RagTag:1960303-1959611 -            170 23852at314147        -            362   1.6e-07   26.9   0.6   1   1   1.4e-08   1.6e-07   26.9   0.6    55   137    12    93     6    99 0.86 -
NW_025965223.1_RagTag:142315-141397   -            298 23852at314147        -            362   2.3e-07   26.4  19.8   1   2     2e-08   2.3e-07   26.4  19.8    23   210    22   211     8   221 0.76 -
NW_025965223.1_RagTag:142315-141397   -            298 23852at314147        -            362   2.3e-07   26.4  19.8   2   2       9.6   1.1e+02   -2.2   0.0   302   324   262   284   250   290 0.80 -
NW_025965426.1_RagTag:65725-66621     -            299 23852at314147        -            362   2.3e-07   26.4  14.3   1   1   2.1e-08   2.3e-07   26.4  14.3    24   209    24   217    13   258 0.81 -
NW_025965324.1_RagTag:3944352-3943433 -            303 23852at314147        -            362   2.5e-07   26.3  13.4   1   1   3.6e-08     4e-07   25.6  13.4    16   209    25   222     3   247 0.80 -
NW_025965250.1_RagTag:33393-32875     -            173 23852at314147        -            362   2.8e-07   26.1  10.3   1   1   3.3e-08   3.7e-07   25.7  10.3    26   150    16   139     6   166 0.89 -
NW_025965140.1_RagTag:1050743-1049919 -            243 23852at314147        -            362     4e-07   25.6   5.7   1   2   3.6e-08     4e-07   25.6   5.7    37   175     1   137     1   160 0.79 -
NW_025965140.1_RagTag:1050743-1049919 -            243 23852at314147        -            362     4e-07   25.6   5.7   2   2         5        56   -1.2   0.0   304   324   206   226   174   235 0.71 -
contig_45284_pilon:1200-2107          -            300 23852at314147        -            362   4.5e-07   25.4  19.5   1   1     4e-08   4.5e-07   25.4  19.5    29   208    30   214     8   231 0.82 -
contig_11065_pilon:1196-296           -            288 23852at314147        -            362   4.6e-07   25.4   5.9   1   1   4.1e-08   4.6e-07   25.4   5.9    23   128    25   128    14   167 0.82 -
NW_025965235.1_RagTag:60637-59771     -            289 23852at314147        -            362   4.8e-07   25.3   9.9   1   1   6.2e-08   6.9e-07   24.8   9.8    25   215    32   230    14   245 0.68 -
NW_025965431.1_RagTag:38831-37914     -            306 23852at314147        -            362   5.8e-07   25.1  13.3   1   1   8.1e-08   9.1e-07   24.4  12.8    22   209    27   221     9   237 0.77 -
contig_70120_pilon:673-1551           -            293 23852at314147        -            362   5.8e-07   25.0  10.8   1   1   5.2e-08   5.8e-07   25.0  10.8    22   212    12   213     9   225 0.77 -
NW_025965274.1_RagTag:27055-27957     -            301 23852at314147        -            362   6.3e-07   24.9  19.0   1   2   1.3e-07   1.4e-06   23.8  17.5    20   213    16   217     4   240 0.77 -
NW_025965274.1_RagTag:27055-27957     -            301 23852at314147        -            362   6.3e-07   24.9  19.0   2   2       1.7        19    0.3   0.0   310   331   274   295   259   299 0.78 -
contig_67131_pilon:1249-312           -            306 23852at314147        -            362   6.8e-07   24.8  10.7   1   1     9e-08     1e-06   24.3  10.7    26   209    41   226    19   248 0.78 -
contig_48637_pilon:1312-407           -            302 23852at314147        -            362   7.2e-07   24.7  11.9   1   1     1e-07   1.1e-06   24.1  11.9    25   231    25   231     6   247 0.78 -
NW_025965352.1_RagTag:14186-14813     -            207 23852at314147        -            362   9.1e-07   24.4  11.0   1   1   9.3e-08     1e-06   24.2  11.0    29   178    35   182    23   206 0.89 -
contig_68255_pilon:901-34             -            262 23852at314147        -            362   9.8e-07   24.3   6.6   1   1   1.1e-07   1.3e-06   23.9   6.6    19   147    23   144     9   200 0.81 -
NW_025965146.1_RagTag:101503-100609   -            285 23852at314147        -            362   9.9e-07   24.3  17.5   1   1   1.1e-07   1.2e-06   24.0  16.1    21   217    20   213    13   226 0.70 -
contig_19626_pilon:1319-2246          -            307 23852at314147        -            362   1.3e-06   23.9  26.8   1   2   4.4e-07   4.9e-06   22.0  23.3    24   209    28   212     8   239 0.84 -
contig_19626_pilon:1319-2246          -            307 23852at314147        -            362   1.3e-06   23.9  26.8   2   2      0.19       2.1    3.5   0.1   301   333   272   303   242   306 0.70 -
contig_30879_pilon:3584-2657          -            305 23852at314147        -            362   1.4e-06   23.8  16.9   1   2   4.3e-07   4.8e-06   22.0  13.2    23   214    25   216    18   229 0.81 -
contig_30879_pilon:3584-2657          -            305 23852at314147        -            362   1.4e-06   23.8  16.9   2   2      0.22       2.5    3.2   0.1   307   328   277   298   261   304 0.78 -
NW_025965431.1_RagTag:15927-16824     -            297 23852at314147        -            362   1.7e-06   23.5   5.9   1   1   1.5e-07   1.7e-06   23.5   5.9    24   136    18   128     4   142 0.82 -
NW_025965307.1_RagTag:60810-79018     -            243 23852at314147        -            362   1.8e-06   23.5   7.0   1   1   1.6e-07   1.8e-06   23.5   7.0    24   150    28   152    11   170 0.81 -
NW_025965123.1_RagTag:1816714-1817616 -            301 23852at314147        -            362   1.9e-06   23.4  13.0   1   2   1.7e-07   1.9e-06   23.4  13.0    22   203    22   204     2   223 0.74 -
NW_025965123.1_RagTag:1816714-1817616 -            301 23852at314147        -            362   1.9e-06   23.4  13.0   2   2       8.8        98   -2.0   0.1   187   202   238   253   229   271 0.78 -
NW_025965148.1_RagTag:251890-251081   -            270 23852at314147        -            362     2e-06   23.3   5.4   1   2   5.3e-07     6e-06   21.7   2.5    64   215     1   145     1   159 0.86 -
NW_025965148.1_RagTag:251890-251081   -            270 23852at314147        -            362     2e-06   23.3   5.4   2   2      0.41       4.6    2.4   0.1   234   279   193   240   180   246 0.70 -
NW_025965313.1_RagTag:1671616-1670725 -            295 23852at314147        -            362   2.2e-06   23.2  19.8   1   2   1.9e-07   2.2e-06   23.2  19.8    24   193    15   184     5   214 0.83 -
NW_025965313.1_RagTag:1671616-1670725 -            295 23852at314147        -            362   2.2e-06   23.2  19.8   2   2       6.7        76   -1.6   0.0   311   329   268   286   256   291 0.75 -
NW_025965054.1_RagTag:8388-7809       -            191 23852at314147        -            362   2.5e-06   23.0   2.6   1   1   2.7e-07     3e-06   22.7   2.6    17   151    21   153    10   177 0.81 -
NW_025965407.1_RagTag:8718-7813       -            302 23852at314147        -            362   2.9e-06   22.7  15.4   1   1   2.6e-07   2.9e-06   22.7  15.4    24   213    25   222    15   242 0.72 -
NW_025965331.1_RagTag:92489-91727     -            250 23852at314147        -            362     3e-06   22.7   8.3   1   2     7e-07   7.9e-06   21.3   6.2    62   212    17   171     6   193 0.76 -
NW_025965331.1_RagTag:92489-91727     -            250 23852at314147        -            362     3e-06   22.7   8.3   2   2      0.78       8.7    1.4   0.0   303   325   220   244   208   248 0.75 -
NW_025965203.1_RagTag:474900-475721   -            274 23852at314147        -            362   3.1e-06   22.7  11.5   1   1   3.7e-07   4.2e-06   22.2  11.5    25   212    18   204     9   223 0.76 -
contig_36220_pilon:1250-2170          -            307 23852at314147        -            362   3.2e-06   22.6  25.7   1   2     1e-06   1.1e-05   20.8  19.1    16   205    21   210     7   228 0.77 -
contig_36220_pilon:1250-2170          -            307 23852at314147        -            362   3.2e-06   22.6  25.7   2   2     0.047      0.53    5.5   0.3   272   326   245   298   242   304 0.69 -
NW_025965320.1_RagTag:840022-839114   -            303 23852at314147        -            362   3.6e-06   22.4  13.9   1   2   3.2e-07   3.6e-06   22.4  13.9    24   226    28   230    10   245 0.85 -
NW_025965320.1_RagTag:840022-839114   -            303 23852at314147        -            362   3.6e-06   22.4  13.9   2   2       4.2        47   -1.0   0.0   311   325   283   297   271   300 0.77 -
contig_23379_pilon:2126-1275          -            284 23852at314147        -            362   5.1e-06   22.0  14.7   1   1   5.6e-07   6.3e-06   21.6  14.7    26   211    36   222    10   247 0.84 -
NW_025965247.1_RagTag:77448-77690     -             81 23852at314147        -            362   6.3e-06   21.6   0.3   1   1     6e-07   6.7e-06   21.5   0.3   255   321    14    79     3    81 0.88 -
NW_025965008.1_RagTag:230160-174970   -            285 23852at314147        -            362   7.1e-06   21.5  13.3   1   1   1.5e-06   1.7e-05   20.3  13.5    21   149     9   140     4   210 0.80 -
NW_025965151.1_RagTag:195677-193816   -            137 23852at314147        -            362   7.2e-06   21.4   4.1   1   1   7.3e-07   8.2e-06   21.3   4.1   253   328    64   136    33   137 0.85 -
NW_025965581.1_RagTag:2793-3509       -            239 23852at314147        -            362     1e-05   20.9  10.6   1   1   1.1e-06   1.2e-05   20.7  10.6    16   209    16   212     6   234 0.74 -
NW_025965305.1_RagTag:1658252-1659099 -            275 23852at314147        -            362   1.3e-05   20.6   8.4   1   2   1.1e-06   1.3e-05   20.6   8.4    24   147     3   129     1   143 0.80 -
NW_025965305.1_RagTag:1658252-1659099 -            275 23852at314147        -            362   1.3e-05   20.6   8.4   2   2       5.3        60   -1.3   0.1   308   324   248   264   190   270 0.66 -
NW_025965256.1_RagTag:1116929-1115802 -            376 23852at314147        -            362   1.4e-05   20.6  21.3   1   2    0.0049     0.056    8.7   8.1    26   151    44   167    36   214 0.84 -
NW_025965256.1_RagTag:1116929-1115802 -            376 23852at314147        -            362   1.4e-05   20.6  21.3   2   2   1.2e-05   0.00013   17.3   5.3   258   345   238   323   216   331 0.73 -
NW_025965008.1_RagTag:162738-163665   -            290 23852at314147        -            362   1.4e-05   20.5  15.0   1   2   1.3e-06   1.4e-05   20.5  15.0    22   196    26   201    11   212 0.77 -
NW_025965008.1_RagTag:162738-163665   -            290 23852at314147        -            362   1.4e-05   20.5  15.0   2   2       1.2        14    0.8   0.9   304   328   256   282   189   288 0.55 -
contig_9927_pilon:1818-943            -            292 23852at314147        -            362     3e-05   19.4  11.6   1   2   2.7e-06     3e-05   19.4  11.6    22   213    11   210     3   231 0.81 -
contig_9927_pilon:1818-943            -            292 23852at314147        -            362     3e-05   19.4  11.6   2   2       6.4        72   -1.6   0.0   312   326   269   283   255   287 0.78 -
NW_025965274.1_RagTag:8635-9216       -            194 23852at314147        -            362   3.4e-05   19.2   6.4   1   1     4e-06   4.5e-05   18.8   6.4    21   102    22   103     8   116 0.89 -
NW_025965274.1_RagTag:34955-34398     -            172 23852at314147        -            362   4.5e-05   18.8   5.0   1   1   4.9e-06   5.5e-05   18.5   5.0    26   151    26   152     8   164 0.71 -
NW_025965080.1_RagTag:600357-601221   -            286 23852at314147        -            362   4.5e-05   18.8  14.1   1   1   6.6e-06   7.4e-05   18.1  14.1    24   207    23   205     2   229 0.68 -
NW_025965426.1_RagTag:16724-114327    -            212 23852at314147        -            362   4.7e-05   18.8   1.2   1   2   4.2e-06   4.7e-05   18.8   1.2   109   209    16   124    12   134 0.79 -
NW_025965426.1_RagTag:16724-114327    -            212 23852at314147        -            362   4.7e-05   18.8   1.2   2   2       4.7        53   -1.1   0.0   309   326   186   203   169   211 0.64 -
NW_025965331.1_RagTag:109596-117599   -            283 23852at314147        -            362   4.9e-05   18.7   5.9   1   1   4.4e-06   4.9e-05   18.7   5.9    28   168    28   162    16   203 0.86 -
contig_72985_pilon:1524-2450          -            309 23852at314147        -            362   5.3e-05   18.6  14.3   1   1   4.7e-06   5.3e-05   18.6  14.3    24   176    30   182    12   234 0.78 -
NW_025965305.1_RagTag:1691060-1691545 -            162 23852at314147        -            362   5.6e-05   18.5   5.5   1   1   5.4e-06     6e-05   18.4   5.5    36   165     3   132     1   155 0.77 -
contig_45575_pilon:1243-2022          -            243 23852at314147        -            362   5.8e-05   18.5   1.1   1   1   7.2e-06   8.1e-05   18.0   1.1    92   200    41   154    14   181 0.72 -
NW_025965636.1_RagTag:15151-17852     -            294 23852at314147        -            362   6.1e-05   18.4  20.9   1   1   5.4e-06   6.1e-05   18.4  20.9    26   218    26   211     2   228 0.79 -
NW_025965313.1_RagTag:1749400-1728520 -            295 23852at314147        -            362   6.6e-05   18.3  11.7   1   2   1.3e-05   0.00015   17.1   9.8    24   121    24   121     4   151 0.88 -
NW_025965313.1_RagTag:1749400-1728520 -            295 23852at314147        -            362   6.6e-05   18.3  11.7   2   2       1.5        17    0.4   0.0   305   332   265   292   255   294 0.74 -
contig_59306_pilon:1348-2245          -            296 23852at314147        -            362     9e-05   17.8   8.8   1   2     8e-06     9e-05   17.8   8.8    23   128    29   134     5   245 0.84 -
contig_59306_pilon:1348-2245          -            296 23852at314147        -            362     9e-05   17.8   8.8   2   2       7.5        84   -1.8   0.0   304   324   274   294   239   296 0.68 -
NW_025965233.1_RagTag:201426-202343   -            306 23852at314147        -            362   9.2e-05   17.8  21.5   1   2   2.3e-05   0.00026   16.3  16.5    21   209    24   220     4   241 0.74 -
NW_025965233.1_RagTag:201426-202343   -            306 23852at314147        -            362   9.2e-05   17.8  21.5   2   2     0.091         1    4.5   0.2   302   326   273   297   227   303 0.84 -
NW_025965426.1_RagTag:110740-109837   -            297 23852at314147        -            362   9.9e-05   17.7   5.8   1   2   8.8e-06   9.9e-05   17.7   5.8    31   140    29   138    22   180 0.87 -
NW_025965426.1_RagTag:110740-109837   -            297 23852at314147        -            362   9.9e-05   17.7   5.8   2   2       2.8        31   -0.4   0.3   273   326   245   294   204   297 0.68 -
NW_025965352.1_RagTag:4551-3730       -            274 23852at314147        -            362    0.0001   17.7  10.7   1   2   9.1e-06    0.0001   17.7  10.7    34   167     4   137     1   202 0.75 -
NW_025965352.1_RagTag:4551-3730       -            274 23852at314147        -            362    0.0001   17.7  10.7   2   2       3.8        43   -0.8   0.1   305   326   244   265   179   271 0.72 -
contig_16391_pilon:1989-1067          -            287 23852at314147        -            362    0.0001   17.6  10.9   1   2   1.2e-05   0.00014   17.2   8.5    24   146    28   150    10   190 0.81 -
contig_16391_pilon:1989-1067          -            287 23852at314147        -            362    0.0001   17.6  10.9   2   2       1.5        17    0.5   0.0   312   326   265   279   245   285 0.81 -
NW_025965008.1_RagTag:215030-201358   -            296 23852at314147        -            362    0.0001   17.6  21.6   1   1   9.3e-06    0.0001   17.6  21.6     9   159    10   157     6   218 0.75 -
NW_025965008.1_RagTag:215033-201349   -            281 23852at314147        -            362   0.00013   17.4  19.3   1   1   1.4e-05   0.00016   17.0  17.7     9   138    11   140     7   202 0.70 -
NW_025965405.1_RagTag:31012-31872     -            287 23852at314147        -            362   0.00014   17.3  15.9   1   2   1.2e-05   0.00014   17.3  15.9    24   158    28   162    18   223 0.79 -
NW_025965405.1_RagTag:31012-31872     -            287 23852at314147        -            362   0.00014   17.3  15.9   2   2       3.4        38   -0.7   0.8   264   292   211   244   178   283 0.63 -
NW_025965161.1_RagTag:680683-681431   -            245 23852at314147        -            362   0.00016   17.0   8.7   1   2   1.5e-05   0.00016   17.0   8.7    60   215     7   166     2   182 0.78 -
NW_025965161.1_RagTag:680683-681431   -            245 23852at314147        -            362   0.00016   17.0   8.7   2   2       8.7        98   -2.0   0.0   305   324   216   235   187   239 0.79 -
NW_025965574.1_RagTag:1186-283        -            296 23852at314147        -            362   0.00027   16.3  15.0   1   1   2.8e-05   0.00031   16.1  15.0    27   210    27   207     3   276 0.76 -
contig_14807_pilon:1469-638           -            273 23852at314147        -            362   0.00032   16.0   9.9   1   2   0.00044    0.0049   12.1   7.7    27   158     6   132     2   196 0.78 -
contig_14807_pilon:1469-638           -            273 23852at314147        -            362   0.00032   16.0   9.9   2   2      0.12       1.3    4.2   0.0   307   328   250   271   233   273 0.81 -
NW_025965317.1_RagTag:2643605-2644525 -            307 23852at314147        -            362   0.00034   15.9  13.1   1   2   5.4e-05   0.00061   15.1  10.8    24   135    28   139    19   223 0.82 -
NW_025965317.1_RagTag:2643605-2644525 -            307 23852at314147        -            362   0.00034   15.9  13.1   2   2       1.6        18    0.4   0.0   295   326   276   305   242   307 0.63 -
NW_025965331.1_RagTag:94452-97432     -            301 23852at314147        -            362   0.00056   15.2   5.7   1   1   8.3e-05   0.00093   14.5   5.7    25   153    33   166    25   231 0.76 -
contig_57973_pilon:1283-390           -            298 23852at314147        -            362    0.0018   13.6   8.9   1   1   0.00025    0.0028   12.9   8.9    25   211    21   215     3   235 0.68 -
NW_025965151.1_RagTag:9979-9395       -            195 23852at314147        -            362     0.003   12.8  17.0   1   1   0.00032    0.0036   12.6  17.0    27   212     6   191     1   194 0.82 -
contig_19055_pilon:1689-777           -            302 23852at314147        -            362    0.0034   12.7  10.9   1   2   0.00011    0.0012   14.1   7.5    91   180    92   181    84   240 0.72 -
contig_19055_pilon:1689-777           -            302 23852at314147        -            362    0.0034   12.7  10.9   2   2       4.1        46   -0.9   0.1   300   325   268   292   240   300 0.66 -
contig_32555_pilon:2233-1294          -            241 23852at314147        -            362    0.0044   12.3   5.1   1   2   0.00023    0.0025   13.1   2.2    25    98    27   100    12   105 0.77 -
contig_32555_pilon:2233-1294          -            241 23852at314147        -            362    0.0044   12.3   5.1   2   2       3.6        41   -0.8   0.1   300   324   202   225   170   231 0.67 -
NW_025965123.1_RagTag:1711444-1710527 -            306 23852at314147        -            362    0.0044   12.3  21.0   1   2   0.00028    0.0032   12.7  18.8    22   167    19   167     3   232 0.66 -
NW_025965123.1_RagTag:1711444-1710527 -            306 23852at314147        -            362    0.0044   12.3  21.0   2   2       3.2        35   -0.6   0.3   280   302   227   247   196   298 0.61 -
NW_025965352.1_RagTag:27074-26319     -            252 23852at314147        -            362    0.0047   12.2   9.7   1   2   0.00094     0.011   11.0   6.2    58   175     8   125     4   183 0.72 -
NW_025965352.1_RagTag:27074-26319     -            252 23852at314147        -            362    0.0047   12.2   9.7   2   2      0.41       4.6    2.3   0.1   290   329   209   248   189   252 0.76 -
NW_025965431.1_RagTag:7900-8679       -            260 23852at314147        -            362    0.0054   12.0  12.9   1   1   0.00082    0.0092   11.2  11.2    48   156     5   113     1   181 0.83 -
NW_025965331.1_RagTag:86186-85872     -            105 23852at314147        -            362    0.0059   11.9   8.0   1   1   0.00059    0.0067   11.7   8.0    20   100    21   101     7   104 0.92 -
NW_025965470.1_RagTag:910-142         -            164 23852at314147        -            362      0.01   11.1   3.9   1   2   0.00067    0.0075   11.5   0.9    65   128    10    78     4    92 0.73 -
NW_025965470.1_RagTag:910-142         -            164 23852at314147        -            362      0.01   11.1   3.9   2   2       1.5        17    0.5   0.1   297   324   122   151    98   157 0.77 -
NW_025965138.1_RagTag:16292-15471     -            274 23852at314147        -            362     0.016   10.5  18.8   1   2   0.00012    0.0013   14.0   7.3    26   147     3   124     1   131 0.75 -
NW_025965138.1_RagTag:16292-15471     -            274 23852at314147        -            362     0.016   10.5  18.8   2   2      0.28       3.2    2.9   3.6    58   165   126   236   124   253 0.72 -
NW_025965054.1_RagTag:13488-18611     -            290 23852at314147        -            362     0.017   10.3  10.2   1   2    0.0021     0.024    9.9   8.1    29   171    29   160    13   222 0.59 -
NW_025965054.1_RagTag:13488-18611     -            290 23852at314147        -            362     0.017   10.3  10.2   2   2       4.2        47   -1.0   0.0   308   329   263   284   255   287 0.77 -
NW_025965251.1_RagTag:397714-396854   -            232 23852at314147        -            362      0.02   10.1   9.7   1   2    0.0056     0.063    8.5   2.8    24    69    10    55     2    61 0.84 -
NW_025965251.1_RagTag:397714-396854   -            232 23852at314147        -            362      0.02   10.1   9.7   2   2     0.031      0.34    6.1   0.3   116   182    79   145    55   157 0.82 -
NW_025965161.1_RagTag:669619-679059   -            305 23852at314147        -            362     0.021   10.0  17.2   1   1   0.00087    0.0098   11.1  14.2    17   169    16   168     4   199 0.84 -
NW_025965636.1_RagTag:16959-17840     -            270 23852at314147        -            362      0.04    9.1  22.0   1   2    0.0056     0.063    8.5   5.9    26    84    23    81     5    85 0.84 -
NW_025965636.1_RagTag:16959-17840     -            270 23852at314147        -            362      0.04    9.1  22.0   2   2    0.0043     0.049    8.9   5.3   107   218    84   191    81   206 0.76 -
contig_17327_pilon:1297-559           -            244 23852at314147        -            362     0.041    9.1  12.5   1   2    0.0015     0.017   10.4   9.5    58   208     2   151     1   168 0.83 -
contig_17327_pilon:1297-559           -            244 23852at314147        -            362     0.041    9.1  12.5   2   2       5.1        57   -1.3   0.0   299   325   204   232   198   237 0.71 -
contig_81842_pilon:1501-733           -            237 23852at314147        -            362      0.13    7.5  11.1   1   1    0.0058     0.065    8.4   8.9    58   166    11   120     5   171 0.69 -
NW_025965320.1_RagTag:880988-851125   -            266 23852at314147        -            362      0.16    7.2  14.8   1   3   0.00018    0.0021   13.4   1.4    20    68    14    63     8    70 0.86 -
NW_025965320.1_RagTag:880988-851125   -            266 23852at314147        -            362      0.16    7.2  14.8   2   3       1.3        15    0.7   2.9   108   177    83   152    72   206 0.63 -
NW_025965320.1_RagTag:880988-851125   -            266 23852at314147        -            362      0.16    7.2  14.8   3   3       4.3        49   -1.0   0.1   312   325   250   263   241   265 0.82 -
NW_025965080.1_RagTag:598491-599370   -            289 23852at314147        -            362      0.33    6.1  13.9   1   2   0.00099     0.011   11.0   5.2    25   127    21   123     6   142 0.75 -
NW_025965080.1_RagTag:598491-599370   -            289 23852at314147        -            362      0.33    6.1  13.9   2   2         2        22    0.1   1.5    72   165   156   251   145   272 0.67 -
#
# Program:         hmmsearch
# Version:         3.1b2 (February 2015)
# Pipeline mode:   SEARCH
# Query file:      /home/bgerda/guppy_SUP/busco_downloads/lineages/glires_odb10/hmms/23852at314147.hmm
# Target file:     /home/bgerda/guppy_SUP/busco_results_flye/run_glires_odb10/metaeuk_output/initial_results/ragtag.scaffold.fasta.modified.fas
# Option settings: hmmsearch --domtblout /home/bgerda/guppy_SUP/busco_results_flye/run_glires_odb10/hmmer_output/initial_run_results/23852at314147.out --cpu 1 /home/bgerda/guppy_SUP/busco_downloads/lineages/glires_odb10/hmms/23852at314147.hmm /home/bgerda/guppy_SUP/busco_results_flye/run_glires_odb10/metaeuk_output/initial_results/ragtag.scaffold.fasta.modified.fas 
# Current dir:     /home/bgerda/guppy_SUP
# Date:            Sun May 21 17:16:53 2023
# [ok]
