#                                                                                             --- full sequence --- -------------- this domain -------------   hmm coord   ali coord   env coord
# target name                         accession   tlen query name           accession   qlen   E-value  score  bias   #  of  c-Evalue  i-Evalue  score  bias  from    to  from    to  from    to  acc description of target
#                 ------------------- ---------- ----- -------------------- ---------- ----- --------- ------ ----- --- --- --------- --------- ------ ----- ----- ----- ----- ----- ----- ----- ---- ---------------------
contig_66008_pilon:1783-2643          -            287 24483at314147        -            275   1.2e-17   60.5   0.6   1   3   1.8e-17   1.7e-15   53.5   0.3    27   145    10   129     3   143 0.76 -
contig_66008_pilon:1783-2643          -            287 24483at314147        -            275   1.2e-17   60.5   0.6   2   3     0.056       5.3    2.6   0.0   139   162   158   181   151   189 0.80 -
contig_66008_pilon:1783-2643          -            287 24483at314147        -            275   1.2e-17   60.5   0.6   3   3      0.27        25    0.4   0.0   223   254   204   235   197   245 0.86 -
contig_37224_pilon:1729-2460          -            244 24483at314147        -            275     3e-16   55.9   1.0   1   2   8.3e-16   7.8e-14   48.0   0.2     5   144     1   142     1   149 0.87 -
contig_37224_pilon:1729-2460          -            244 24483at314147        -            275     3e-16   55.9   1.0   2   2    0.0031      0.29    6.8   0.0   141   164   174   197   166   207 0.78 -
NW_025965099.1_RagTag:15123-16034     -            304 24483at314147        -            275   1.4e-15   53.7   0.9   1   3   1.9e-15   1.8e-13   46.8   0.8     3   145    27   171    25   186 0.85 -
NW_025965099.1_RagTag:15123-16034     -            304 24483at314147        -            275   1.4e-15   53.7   0.9   2   3     0.014       1.3    4.6   0.0   140   162   201   223   188   234 0.77 -
NW_025965099.1_RagTag:15123-16034     -            304 24483at314147        -            275   1.4e-15   53.7   0.9   3   3         6   5.7e+02   -4.0   0.0   230   260   253   283   247   286 0.79 -
NW_025965279.1_RagTag:87840-88469     -            210 24483at314147        -            275   7.5e-15   51.3   0.1   1   3   1.2e-07   1.2e-05   21.2   0.0    99   149    26    77    21    90 0.84 -
NW_025965279.1_RagTag:87840-88469     -            210 24483at314147        -            275   7.5e-15   51.3   0.1   2   3     5e-09   4.7e-07   25.8   0.0   138   180    99   140    93   145 0.89 -
NW_025965279.1_RagTag:87840-88469     -            210 24483at314147        -            275   7.5e-15   51.3   0.1   3   3      0.22        21    0.7   0.0   229   255   179   205   169   209 0.86 -
NW_025965499.1_RagTag:3947-3072       -            292 24483at314147        -            275   2.4e-14   49.7   0.8   1   2     1e-14   9.4e-13   44.5   0.2     4   152     1   152     1   175 0.84 -
NW_025965499.1_RagTag:3947-3072       -            292 24483at314147        -            275   2.4e-14   49.7   0.8   2   2      0.02       1.9    4.1   0.0   141   162   175   196   162   207 0.80 -
NW_025965233.1_RagTag:123560-122163   -            466 24483at314147        -            275   2.8e-14   49.4   0.2   1   2   5.3e-14     5e-12   42.1   0.1     3   146     7   151     5   159 0.87 -
NW_025965233.1_RagTag:123560-122163   -            466 24483at314147        -            275   2.8e-14   49.4   0.2   2   2    0.0093      0.88    5.2   0.0   140   163   180   203   175   211 0.88 -
NW_025965321.1_RagTag:4471412-4470762 -            217 24483at314147        -            275   5.6e-14   48.5   0.1   1   2   5.4e-15   5.1e-13   45.3   0.1     3   143     2   149     1   157 0.79 -
NW_025965321.1_RagTag:4471412-4470762 -            217 24483at314147        -            275   5.6e-14   48.5   0.1   2   2      0.18        17    1.0   0.0   139   159   181   201   176   212 0.81 -
contig_34309_pilon:705-58             -            216 24483at314147        -            275   2.9e-12   42.8   0.1   1   2   2.2e-13   2.1e-11   40.0   0.1     3   145     8   152     6   166 0.87 -
contig_34309_pilon:705-58             -            216 24483at314147        -            275   2.9e-12   42.8   0.1   2   2      0.23        21    0.6   0.0   142   162   184   204   178   210 0.78 -
NW_025965256.1_RagTag:50807-50322     -            106 24483at314147        -            275   8.2e-08   28.3   0.0   1   1   9.2e-10   8.7e-08   28.2   0.0    94   143    38    87    11    93 0.86 -
NW_025965072.1_RagTag:103895-101612   -            329 24483at314147        -            275   3.2e-07   26.3   0.1   1   3    0.0057      0.54    5.9   0.0    42   126     9    93     4    99 0.79 -
NW_025965072.1_RagTag:103895-101612   -            329 24483at314147        -            275   3.2e-07   26.3   0.1   2   3     0.012       1.2    4.8   0.0   133   162   211   240   201   248 0.78 -
NW_025965072.1_RagTag:103895-101612   -            329 24483at314147        -            275   3.2e-07   26.3   0.1   3   3     9e-05    0.0085   11.8   0.0   223   254   282   313   272   320 0.89 -
contig_31429_pilon:336-926            -            197 24483at314147        -            275   1.3e-06   24.3   1.4   1   2   2.3e-08   2.2e-06   23.6   0.4    18   145     3   132     1   163 0.76 -
contig_31429_pilon:336-926            -            197 24483at314147        -            275   1.3e-06   24.3   1.4   2   2      0.59        55   -0.7   0.0   142   162   164   184   153   189 0.81 -
contig_83342_pilon:1440-913           -            176 24483at314147        -            275   3.3e-06   23.0   0.2   1   2   6.7e-06   0.00064   15.5   0.1   100   152     7    60     1    70 0.84 -
contig_83342_pilon:1440-913           -            176 24483at314147        -            275   3.3e-06   23.0   0.2   2   2    0.0057      0.54    5.9   0.0   141   162    83   104    74   118 0.80 -
contig_18707_pilon:1356-1883          -            176 24483at314147        -            275   6.3e-05   18.8   0.3   1   2   2.7e-05    0.0026   13.5   0.1   101   159     8    66     2    73 0.80 -
contig_18707_pilon:1356-1883          -            176 24483at314147        -            275   6.3e-05   18.8   0.3   2   2     0.028       2.6    3.6   0.0   140   162    82   104    71   110 0.79 -
contig_34501_pilon:2315-1608          -            236 24483at314147        -            275   9.1e-05   18.3   0.0   1   2   9.1e-06   0.00086   15.1   0.0    77   145     2    73     1    87 0.82 -
contig_34501_pilon:2315-1608          -            236 24483at314147        -            275   9.1e-05   18.3   0.0   2   2      0.22        21    0.7   0.0   142   163   105   126    99   137 0.80 -
NW_025965548.1_RagTag:8831-1842       -            515 24483at314147        -            275    0.0082   11.9   0.1   1   1    0.0002     0.019   10.7   0.1    93   147   344   400   325   408 0.84 -
#
# Program:         hmmsearch
# Version:         3.1b2 (February 2015)
# Pipeline mode:   SEARCH
# Query file:      /home/bgerda/guppy_SUP/busco_downloads/lineages/glires_odb10/hmms/24483at314147.hmm
# Target file:     /home/bgerda/guppy_SUP/busco_results_flye/run_glires_odb10/metaeuk_output/initial_results/ragtag.scaffold.fasta.modified.fas
# Option settings: hmmsearch --domtblout /home/bgerda/guppy_SUP/busco_results_flye/run_glires_odb10/hmmer_output/initial_run_results/24483at314147.out --cpu 1 /home/bgerda/guppy_SUP/busco_downloads/lineages/glires_odb10/hmms/24483at314147.hmm /home/bgerda/guppy_SUP/busco_results_flye/run_glires_odb10/metaeuk_output/initial_results/ragtag.scaffold.fasta.modified.fas 
# Current dir:     /home/bgerda/guppy_SUP
# Date:            Sun May 21 17:16:52 2023
# [ok]
