#                                                                                             --- full sequence --- -------------- this domain -------------   hmm coord   ali coord   env coord
# target name                         accession   tlen query name           accession   qlen   E-value  score  bias   #  of  c-Evalue  i-Evalue  score  bias  from    to  from    to  from    to  acc description of target
#                 ------------------- ---------- ----- -------------------- ---------- ----- --------- ------ ----- --- --- --------- --------- ------ ----- ----- ----- ----- ----- ----- ----- ---- ---------------------
NW_025965374.1_RagTag:84619-82388     -            744 2504at314147         -           1141         0 1737.8  66.7   1   1         0         0 1737.6  66.7    98   826     1   744     1   744 0.99 -
contig_18340_pilon:996-2162           -            389 2504at314147         -           1141   5.8e-90  298.6 112.4   1   5   4.3e-22   8.3e-21   69.6  15.6    46   153     2   109     1   111 0.97 -
contig_18340_pilon:996-2162           -            389 2504at314147         -           1141   5.8e-90  298.6 112.4   2   5   1.7e-22   3.3e-21   70.9  15.7    43   155   111   223   104   224 0.95 -
contig_18340_pilon:996-2162           -            389 2504at314147         -           1141   5.8e-90  298.6 112.4   3   5   3.1e-22   6.1e-21   70.0  17.3    43   153   167   277   161   279 0.96 -
contig_18340_pilon:996-2162           -            389 2504at314147         -           1141   5.8e-90  298.6 112.4   4   5   1.4e-22   2.7e-21   71.2  17.6    43   151   223   331   220   331 0.98 -
contig_18340_pilon:996-2162           -            389 2504at314147         -           1141   5.8e-90  298.6 112.4   5   5   8.9e-23   1.7e-21   71.8  14.2    43   151   279   387   276   389 0.98 -
contig_36320_pilon:1033-1992          -            320 2504at314147         -           1141   7.2e-83  275.1 102.8   1   5   4.5e-17   8.7e-16   53.0  14.5    59   153     2    96     1    98 0.96 -
contig_36320_pilon:1033-1992          -            320 2504at314147         -           1141   7.2e-83  275.1 102.8   2   5   2.3e-23   4.4e-22   73.8  16.9    44   154    43   153    41   155 0.97 -
contig_36320_pilon:1033-1992          -            320 2504at314147         -           1141   7.2e-83  275.1 102.8   3   5   3.5e-23   6.7e-22   73.2  13.5    43   153    98   208    95   210 0.97 -
contig_36320_pilon:1033-1992          -            320 2504at314147         -           1141   7.2e-83  275.1 102.8   4   5   1.2e-21   2.3e-20   68.1  13.5    43   151   154   262   147   263 0.97 -
contig_36320_pilon:1033-1992          -            320 2504at314147         -           1141   7.2e-83  275.1 102.8   5   5   1.8e-19   3.6e-18   60.9  12.4    43   151   210   318   207   320 0.97 -
contig_18339_pilon:77-1480            -            468 2504at314147         -           1141   1.6e-70  234.2  88.3   1   5   1.6e-20   3.1e-19   64.4  14.4    52   156     2   106     1   125 0.89 -
contig_18339_pilon:77-1480            -            468 2504at314147         -           1141   1.6e-70  234.2  88.3   2   5   7.2e-15   1.4e-13   45.7   5.3    44   115    50   121    50   148 0.92 -
contig_18339_pilon:77-1480            -            468 2504at314147         -           1141   1.6e-70  234.2  88.3   3   5   8.9e-15   1.7e-13   45.4   6.3    82   153   229   300   211   302 0.89 -
contig_18339_pilon:77-1480            -            468 2504at314147         -           1141   1.6e-70  234.2  88.3   4   5   2.8e-21   5.5e-20   66.9  16.0    43   151   302   410   299   411 0.97 -
contig_18339_pilon:77-1480            -            468 2504at314147         -           1141   1.6e-70  234.2  88.3   5   5   1.3e-21   2.6e-20   67.9  14.3    44   151   359   466   359   468 0.99 -
contig_52188_pilon:1550-468           -            361 2504at314147         -           1141   5.5e-70  232.4  78.6   1   4   7.7e-22   1.5e-20   68.7  13.5    45   153     1   109     1   111 0.98 -
contig_52188_pilon:1550-468           -            361 2504at314147         -           1141   5.5e-70  232.4  78.6   2   4   8.6e-22   1.7e-20   68.6  14.0    43   154   111   222   107   224 0.97 -
contig_52188_pilon:1550-468           -            361 2504at314147         -           1141   5.5e-70  232.4  78.6   3   4   1.1e-22   2.1e-21   71.6  14.1    43   151   223   331   220   331 0.97 -
contig_52188_pilon:1550-468           -            361 2504at314147         -           1141   5.5e-70  232.4  78.6   4   4   1.5e-20     3e-19   64.4  13.0    44   151   252   359   249   361 0.98 -
NW_025965432.1_RagTag:538045-539154   -            370 2504at314147         -           1141   3.7e-63  209.8  93.6   1   5   4.1e-06     8e-05   16.6   8.0    95   142     4    51     2    53 0.89 -
NW_025965432.1_RagTag:538045-539154   -            370 2504at314147         -           1141   3.7e-63  209.8  93.6   2   5   6.6e-19   1.3e-17   59.0  14.9    46   141    39   134    38   136 0.97 -
NW_025965432.1_RagTag:538045-539154   -            370 2504at314147         -           1141   3.7e-63  209.8  93.6   3   5   1.3e-20   2.5e-19   64.7   9.2    44   139   121   216   120   220 0.98 -
NW_025965432.1_RagTag:538045-539154   -            370 2504at314147         -           1141   3.7e-63  209.8  93.6   4   5   2.1e-19     4e-18   60.7  14.1    44   141   205   302   205   308 0.96 -
NW_025965432.1_RagTag:538045-539154   -            370 2504at314147         -           1141   3.7e-63  209.8  93.6   5   5     3e-20   5.9e-19   63.5  15.4    44   151   261   368   261   370 0.98 -
NW_025965279.1_RagTag:155988-77570    -            245 2504at314147         -           1141   6.5e-58  192.5  75.1   1   3   3.3e-28   6.4e-27   89.8  17.7    43   156     9   122     1   123 0.96 -
NW_025965279.1_RagTag:155988-77570    -            245 2504at314147         -           1141   6.5e-58  192.5  75.1   2   3   4.9e-22   9.5e-21   69.4  21.2    44   155    66   177    66   180 0.98 -
NW_025965279.1_RagTag:155988-77570    -            245 2504at314147         -           1141   6.5e-58  192.5  75.1   3   3   5.1e-19   9.8e-18   59.4  20.3    45   155   123   233   121   235 0.97 -
NW_025965071.1_RagTag:3231-4808       -            526 2504at314147         -           1141   6.7e-57  189.1  79.2   1   6    0.0011     0.021    8.6   2.5    74   144     2    71     1    79 0.79 -
NW_025965071.1_RagTag:3231-4808       -            526 2504at314147         -           1141   6.7e-57  189.1  79.2   2   6   6.8e-09   1.3e-07   25.9   7.5    45   144    56   155    56   162 0.93 -
NW_025965071.1_RagTag:3231-4808       -            526 2504at314147         -           1141   6.7e-57  189.1  79.2   3   6   3.3e-10   6.5e-09   30.2  10.7    66   155   161   250   153   251 0.91 -
NW_025965071.1_RagTag:3231-4808       -            526 2504at314147         -           1141   6.7e-57  189.1  79.2   4   6     5e-18   9.8e-17   56.1  11.1    43   138   250   345   244   347 0.97 -
NW_025965071.1_RagTag:3231-4808       -            526 2504at314147         -           1141   6.7e-57  189.1  79.2   5   6   2.1e-20   4.1e-19   64.0   9.1    43   138   334   429   331   433 0.96 -
NW_025965071.1_RagTag:3231-4808       -            526 2504at314147         -           1141   6.7e-57  189.1  79.2   6   6   2.1e-17     4e-16   54.1  10.3    44   150   419   525   419   526 0.95 -
contig_52188_pilon:1712-1068          -            215 2504at314147         -           1141   3.1e-53  177.0  52.0   1   3   3.2e-20   6.3e-19   63.4  10.3    47   153     1   107     1   109 0.98 -
contig_52188_pilon:1712-1068          -            215 2504at314147         -           1141   3.1e-53  177.0  52.0   2   3   2.4e-23   4.6e-22   73.8  13.0    43   151    53   161    50   162 0.98 -
contig_52188_pilon:1712-1068          -            215 2504at314147         -           1141   3.1e-53  177.0  52.0   3   3   6.6e-21   1.3e-19   65.6  12.7    43   148   109   214   106   215 0.97 -
NW_025965039.1_RagTag:269913-269302   -            204 2504at314147         -           1141   4.6e-53  176.4  68.1   1   4   6.8e-18   1.3e-16   55.7  13.8    43   151     9   117     1   120 0.93 -
NW_025965039.1_RagTag:269913-269302   -            204 2504at314147         -           1141   4.6e-53  176.4  68.1   2   4   3.1e-16   6.1e-15   50.2  12.4    47   147    41   141    41   142 0.98 -
NW_025965039.1_RagTag:269913-269302   -            204 2504at314147         -           1141   4.6e-53  176.4  68.1   3   4   7.3e-20   1.4e-18   62.2  12.7    44   151    66   173    62   177 0.97 -
NW_025965039.1_RagTag:269913-269302   -            204 2504at314147         -           1141   4.6e-53  176.4  68.1   4   4   3.2e-15   6.2e-14   46.8   5.3    44   124   122   202   119   204 0.97 -
NW_025965250.1_RagTag:250643-249792   -            284 2504at314147         -           1141   9.4e-48  158.8  61.4   1   3   4.6e-21   8.9e-20   66.2  16.0    43   153     6   116     2   118 0.97 -
NW_025965250.1_RagTag:250643-249792   -            284 2504at314147         -           1141   9.4e-48  158.8  61.4   2   3   1.7e-19   3.4e-18   60.9  16.4    43   148   118   223   114   225 0.97 -
NW_025965250.1_RagTag:250643-249792   -            284 2504at314147         -           1141   9.4e-48  158.8  61.4   3   3   1.1e-18   2.1e-17   58.3  13.0    44   151   175   282   174   284 0.98 -
NW_025965182.1_RagTag:1756006-1757067 -            354 2504at314147         -           1141   5.7e-47  156.2  42.9   1   4   0.00034    0.0066   10.3   0.0    50    80     1    31     1    33 0.77 -
NW_025965182.1_RagTag:1756006-1757067 -            354 2504at314147         -           1141   5.7e-47  156.2  42.9   2   4   3.5e-19   6.8e-18   59.9   5.6    41   159    20   138    10   143 0.95 -
NW_025965182.1_RagTag:1756006-1757067 -            354 2504at314147         -           1141   5.7e-47  156.2  42.9   3   4   5.3e-16     1e-14   49.4  10.3    46   152   137   243   135   246 0.97 -
NW_025965182.1_RagTag:1756006-1757067 -            354 2504at314147         -           1141   5.7e-47  156.2  42.9   4   4   4.1e-19     8e-18   59.7  12.4    43   150   246   353   243   354 0.97 -
contig_10836_pilon:33-731             -            233 2504at314147         -           1141   1.1e-45  152.0  46.6   1   3   3.1e-19   5.9e-18   60.1  14.4    43   147     9   113     2   113 0.96 -
contig_10836_pilon:33-731             -            233 2504at314147         -           1141   1.1e-45  152.0  46.6   2   3   5.9e-26   1.2e-24   82.4  13.0    43   153    93   203    90   205 0.97 -
contig_10836_pilon:33-731             -            233 2504at314147         -           1141   1.1e-45  152.0  46.6   3   3     9e-12   1.7e-10   35.4   3.4    43    99   177   233   174   233 0.78 -
NW_025965022.1_RagTag:271697-270735   -            321 2504at314147         -           1141   4.7e-45  149.9  45.6   1   3   7.5e-18   1.4e-16   55.5  10.7    60   159     7   106     4   116 0.63 -
NW_025965022.1_RagTag:271697-270735   -            321 2504at314147         -           1141   4.7e-45  149.9  45.6   2   3   2.1e-16   4.2e-15   50.7   6.9    59   152   117   210   103   213 0.90 -
NW_025965022.1_RagTag:271697-270735   -            321 2504at314147         -           1141   4.7e-45  149.9  45.6   3   3     3e-18   5.9e-17   56.8  12.2    44   151   214   321   211   321 0.96 -
NW_025965071.1_RagTag:28229-29119     -            297 2504at314147         -           1141   4.1e-43  143.5  54.6   1   3   1.8e-16   3.5e-15   51.0  14.0    47   149     1   103     1   105 0.97 -
NW_025965071.1_RagTag:28229-29119     -            297 2504at314147         -           1141   4.1e-43  143.5  54.6   2   3   8.8e-17   1.7e-15   52.0  12.2    61   153    99   191    96   193 0.95 -
NW_025965071.1_RagTag:28229-29119     -            297 2504at314147         -           1141   4.1e-43  143.5  54.6   3   3   5.3e-17     1e-15   52.7  15.1    43   147   193   297   189   297 0.96 -
NW_025965341.1_RagTag:10227-11063     -            279 2504at314147         -           1141   4.2e-43  143.4  36.8   1   3   1.7e-15   3.3e-14   47.7  10.1    47   144     2    99     1   101 0.97 -
NW_025965341.1_RagTag:10227-11063     -            279 2504at314147         -           1141   4.2e-43  143.4  36.8   2   3   7.5e-15   1.5e-13   45.6   4.3    43   113    82   152    80   157 0.97 -
NW_025965341.1_RagTag:10227-11063     -            279 2504at314147         -           1141   4.2e-43  143.4  36.8   3   3   7.4e-23   1.4e-21   72.1   8.7    43   153   167   277   153   279 0.95 -
NW_025965436.1_RagTag:1617-781        -            279 2504at314147         -           1141   1.4e-42  141.7  73.8   1   3   1.2e-18   2.4e-17   58.1  21.4    45   155     1   111     1   113 0.98 -
NW_025965436.1_RagTag:1617-781        -            279 2504at314147         -           1141   1.4e-42  141.7  73.8   2   3     2e-18   3.9e-17   57.4  20.3    44   153    84   193    84   196 0.98 -
NW_025965436.1_RagTag:1617-781        -            279 2504at314147         -           1141   1.4e-42  141.7  73.8   3   3   5.2e-17     1e-15   52.7  16.2    43   126   195   278   192   279 0.97 -
NW_025965250.1_RagTag:154575-54238    -            212 2504at314147         -           1141   2.3e-42  141.0  22.8   1   2     5e-24   9.7e-23   76.0   5.9    44   148    17   121    12   122 0.98 -
NW_025965250.1_RagTag:154575-54238    -            212 2504at314147         -           1141   2.3e-42  141.0  22.8   2   2   1.4e-24   2.7e-23   77.8   8.9    43   154   100   211    97   212 0.97 -
contig_10031_pilon:1043-315           -            243 2504at314147         -           1141   9.7e-42  138.9  44.4   1   2   3.7e-23   7.2e-22   73.1  17.5    43   155    25   137    22   138 0.97 -
contig_10031_pilon:1043-315           -            243 2504at314147         -           1141   9.7e-42  138.9  44.4   2   2   3.5e-23   6.8e-22   73.2  13.7    44   148   138   242   135   243 0.98 -
NW_025965341.1_RagTag:133798-133214   -            195 2504at314147         -           1141   1.4e-41  138.3  41.6   1   3   2.4e-12   4.7e-11   37.3   2.3    91   147     1    57     1    59 0.96 -
NW_025965341.1_RagTag:133798-133214   -            195 2504at314147         -           1141   1.4e-41  138.3  41.6   2   3   8.6e-21   1.7e-19   65.3  11.0    50   147    44   141    44   143 0.98 -
NW_025965341.1_RagTag:133798-133214   -            195 2504at314147         -           1141   1.4e-41  138.3  41.6   3   3   1.7e-19   3.3e-18   61.0  12.6    44   144    94   194    93   195 0.98 -
NW_025965207.1_RagTag:11562-10675     -            296 2504at314147         -           1141   1.5e-41  138.2  58.3   1   3     9e-18   1.7e-16   55.3  19.2    44   155     4   114     1   117 0.94 -
NW_025965207.1_RagTag:11562-10675     -            296 2504at314147         -           1141   1.5e-41  138.2  58.3   2   3   2.8e-16   5.4e-15   50.3  15.6    45   154   116   224   113   226 0.93 -
NW_025965207.1_RagTag:11562-10675     -            296 2504at314147         -           1141   1.5e-41  138.2  58.3   3   3     8e-15   1.6e-13   45.5   8.4    43   111   225   293   221   296 0.95 -
NW_025965271.1_RagTag:644000-644971   -            324 2504at314147         -           1141   3.4e-38  127.1  40.1   1   3   6.1e-08   1.2e-06   22.7   0.6    96   142     1    47     1    67 0.80 -
NW_025965271.1_RagTag:644000-644971   -            324 2504at314147         -           1141   3.4e-38  127.1  40.1   2   3   1.9e-17   3.8e-16   54.2  13.8    53   153   126   226   114   228 0.92 -
NW_025965271.1_RagTag:644000-644971   -            324 2504at314147         -           1141   3.4e-38  127.1  40.1   3   3   2.2e-19   4.2e-18   60.6  12.3    43   138   228   323   224   324 0.97 -
NW_025965235.1_RagTag:119535-118921   -            205 2504at314147         -           1141   1.5e-37  125.1  35.8   1   2   7.6e-22   1.5e-20   68.8   9.8    43   147     9   113     1   114 0.96 -
NW_025965235.1_RagTag:119535-118921   -            205 2504at314147         -           1141   1.5e-37  125.1  35.8   2   2   5.8e-22   1.1e-20   69.1  18.0    44   153    94   203    93   205 0.94 -
contig_83186_pilon:3097-2462          -            212 2504at314147         -           1141   1.5e-35  118.4  33.6   1   2   1.1e-21   2.1e-20   68.2  16.5    43   153     4   114     1   116 0.97 -
contig_83186_pilon:3097-2462          -            212 2504at314147         -           1141   1.5e-35  118.4  33.6   2   2   2.5e-18   4.9e-17   57.1   9.9    43   138   116   211   109   212 0.94 -
NW_025965328.1_RagTag:1309-710        -            200 2504at314147         -           1141   1.7e-34  114.9  32.3   1   2   8.2e-16   1.6e-14   48.8  11.8    66   155     2    91     1    92 0.93 -
NW_025965328.1_RagTag:1309-710        -            200 2504at314147         -           1141   1.7e-34  114.9  32.3   2   2   2.7e-23   5.2e-22   73.6  12.2    43   151    91   199    88   200 0.97 -
contig_33351_pilon:8-595              -            196 2504at314147         -           1141   2.5e-34  114.4  26.3   1   2   3.8e-22   7.3e-21   69.8  11.6    44   154     2   112     1   114 0.98 -
contig_33351_pilon:8-595              -            196 2504at314147         -           1141   2.5e-34  114.4  26.3   2   2     8e-17   1.5e-15   52.1   6.4    43   124   113   194   110   196 0.97 -
contig_78026_pilon:1141-2283          -            381 2504at314147         -           1141   1.6e-33  111.7  26.8   1   3   1.2e-10   2.4e-09   31.6   2.2    47   152     1   114     1   125 0.86 -
contig_78026_pilon:1141-2283          -            381 2504at314147         -           1141   1.6e-33  111.7  26.8   2   3   5.6e-14   1.1e-12   42.7   5.8    71   154   148   231   144   238 0.96 -
contig_78026_pilon:1141-2283          -            381 2504at314147         -           1141   1.6e-33  111.7  26.8   3   3   5.8e-16   1.1e-14   49.3   3.4    45   151   273   379   253   381 0.91 -
contig_43715_pilon:29-628             -            200 2504at314147         -           1141   1.6e-33  111.7  34.0   1   2   3.8e-18   7.4e-17   56.5  13.3    63   153     1    91     1    93 0.97 -
contig_43715_pilon:29-628             -            200 2504at314147         -           1141   1.6e-33  111.7  34.0   2   2   1.7e-19   3.3e-18   61.0  14.0    43   147    93   197    88   200 0.96 -
NW_025965317.1_RagTag:1475061-1474264 -            266 2504at314147         -           1141   2.6e-33  111.0  30.5   1   2   2.2e-21   4.2e-20   67.2  14.1    41   153    68   180    63   182 0.96 -
NW_025965317.1_RagTag:1475061-1474264 -            266 2504at314147         -           1141   2.6e-33  111.0  30.5   2   2   4.3e-16   8.4e-15   49.7   9.2    43   126   182   265   178   266 0.95 -
NW_025965358.1_RagTag:7313-6858       -            152 2504at314147         -           1141   2.9e-33  110.8  31.3   1   2   6.9e-21   1.3e-19   65.6   9.2    45   147     3   105     1   106 0.97 -
NW_025965358.1_RagTag:7313-6858       -            152 2504at314147         -           1141   2.9e-33  110.8  31.3   2   2   1.7e-18   3.4e-17   57.6  14.2    43   137    57   151    54   152 0.96 -
contig_28105_pilon:1448-873           -            192 2504at314147         -           1141   6.3e-33  109.7  18.0   1   2   6.4e-15   1.2e-13   45.8   3.2    72   152     4    84     2    87 0.97 -
contig_28105_pilon:1448-873           -            192 2504at314147         -           1141   6.3e-33  109.7  18.0   2   2   3.7e-22   7.2e-21   69.8   7.8    43   147    87   191    83   192 0.97 -
NW_025965289.1_RagTag:81519-82214     -            232 2504at314147         -           1141   1.1e-31  105.6  22.4   1   2   2.2e-21   4.2e-20   67.3  10.3    44   153    35   144    30   146 0.97 -
NW_025965289.1_RagTag:81519-82214     -            232 2504at314147         -           1141   1.1e-31  105.6  22.4   2   2   8.8e-16   1.7e-14   48.7   5.8    61   152   136   227   133   231 0.96 -
NW_025965341.1_RagTag:79117-79728     -            204 2504at314147         -           1141   2.3e-31  104.5  29.7   1   2   3.1e-18   5.9e-17   56.8  12.7    43   155     9   121     2   121 0.97 -
NW_025965341.1_RagTag:79117-79728     -            204 2504at314147         -           1141   2.3e-31  104.5  29.7   2   2   2.3e-19   4.4e-18   60.5   9.0    44   151    94   201    93   204 0.94 -
NW_025965230.1_RagTag:919885-919364   -            174 2504at314147         -           1141   2.4e-31  104.5  21.3   1   2   3.2e-22   6.2e-21   70.0  12.4    43   151    16   124     7   124 0.97 -
NW_025965230.1_RagTag:919885-919364   -            174 2504at314147         -           1141   2.4e-31  104.5  21.3   2   2   5.2e-13     1e-11   39.5   4.0    91   144   120   173   118   174 0.94 -
NW_025965127.1_RagTag:122616-122107   -            170 2504at314147         -           1141   4.2e-31  103.7  23.0   1   2   7.7e-19   1.5e-17   58.8   6.5    43   142     6   105     2   108 0.96 -
NW_025965127.1_RagTag:122616-122107   -            170 2504at314147         -           1141   4.2e-31  103.7  23.0   2   2     2e-18   3.9e-17   57.4   8.5    44   150    63   169    63   170 0.96 -
contig_43334_pilon:1190-1762          -            191 2504at314147         -           1141     4e-30  100.5  20.2   1   2   7.1e-19   1.4e-17   58.9   8.2    59   153    22   116    12   118 0.95 -
contig_43334_pilon:1190-1762          -            191 2504at314147         -           1141     4e-30  100.5  20.2   2   2   1.7e-15   3.3e-14   47.7   5.1    43   114   118   189   111   191 0.89 -
NW_025965301.1_RagTag:107840-107193   -            216 2504at314147         -           1141   8.2e-30   99.4  19.9   1   3    0.0008     0.015    9.1   0.1   102   134    31    63    25    65 0.74 -
NW_025965301.1_RagTag:107840-107193   -            216 2504at314147         -           1141   8.2e-30   99.4  19.9   2   3   3.2e-23   6.2e-22   73.3   6.9    44   152    57   166    56   168 0.96 -
NW_025965301.1_RagTag:107840-107193   -            216 2504at314147         -           1141   8.2e-30   99.4  19.9   3   3   7.7e-13   1.5e-11   38.9   5.0    44   116   142   213   140   216 0.93 -
NW_025965250.1_RagTag:8956-9588       -            211 2504at314147         -           1141   1.9e-29   98.2  31.2   1   2   1.9e-16   3.6e-15   50.9  10.7    58   153     3    98     2   100 0.96 -
NW_025965250.1_RagTag:8956-9588       -            211 2504at314147         -           1141   1.9e-29   98.2  31.2   2   2   2.2e-17   4.2e-16   54.0  12.4    43   152   100   209    97   211 0.97 -
NW_025965215.1_RagTag:23669-22371     -            433 2504at314147         -           1141   5.5e-29   96.7  28.5   1   3     3e-12   5.9e-11   37.0   2.5    91   151   234   294   224   298 0.93 -
NW_025965215.1_RagTag:23669-22371     -            433 2504at314147         -           1141   5.5e-29   96.7  28.5   2   3   1.9e-13   3.7e-12   40.9   3.4    44   119   299   373   295   375 0.94 -
NW_025965215.1_RagTag:23669-22371     -            433 2504at314147         -           1141   5.5e-29   96.7  28.5   3   3   1.1e-10   2.2e-09   31.8   7.5    90   151   372   433   369   433 0.95 -
contig_36320_pilon:384-1025           -            214 2504at314147         -           1141   5.8e-29   96.6  33.4   1   2   8.9e-14   1.7e-12   42.0  13.6    49   154    12   117     6   119 0.96 -
contig_36320_pilon:384-1025           -            214 2504at314147         -           1141   5.8e-29   96.6  33.4   2   2   1.4e-19   2.6e-18   61.3  12.4    43   138   118   213   113   214 0.97 -
NW_025965190.1_RagTag:126348-126803   -            152 2504at314147         -           1141   7.5e-28   92.9  14.1   1   2   2.7e-24   5.3e-23   76.8   9.5    43   148    12   117     3   118 0.96 -
NW_025965190.1_RagTag:126348-126803   -            152 2504at314147         -           1141   7.5e-28   92.9  14.1   2   2   2.3e-07   4.6e-06   20.8   0.3    90   125   115   150   113   152 0.86 -
contig_53583_pilon:2103-1624          -            160 2504at314147         -           1141   8.2e-28   92.8  25.6   1   2   7.7e-13   1.5e-11   38.9   7.1    90   152     7    69     2    72 0.94 -
contig_53583_pilon:2103-1624          -            160 2504at314147         -           1141   8.2e-28   92.8  25.6   2   2   2.1e-19   4.1e-18   60.7  10.5    43   131    72   160    69   160 0.98 -
NW_025965344.1_RagTag:2077-1649       -            143 2504at314147         -           1141   4.4e-27   90.4  16.2   1   2   1.1e-11   2.1e-10   35.2   1.9    86   153     7    74     2    76 0.88 -
NW_025965344.1_RagTag:2077-1649       -            143 2504at314147         -           1141   4.4e-27   90.4  16.2   2   2   2.5e-21   4.8e-20   67.1   6.8    43   138    48   143    45   143 0.97 -
NW_025965341.1_RagTag:50625-49930     -            232 2504at314147         -           1141   6.5e-27   89.8  29.4   1   3   1.2e-15   2.2e-14   48.3   6.4    65   153     6    94     2    96 0.94 -
NW_025965341.1_RagTag:50625-49930     -            232 2504at314147         -           1141   6.5e-27   89.8  29.4   2   3     3e-13   5.8e-12   40.3  11.7    43   146    96   199    92   200 0.95 -
NW_025965341.1_RagTag:50625-49930     -            232 2504at314147         -           1141   6.5e-27   89.8  29.4   3   3   2.6e-06   5.1e-05   17.3   1.0    47    95   184   232   183   232 0.76 -
contig_31119_pilon:1895-1227          -            223 2504at314147         -           1141   4.4e-26   87.1  21.3   1   2   3.7e-12   7.1e-11   36.7   3.9    64   154    16   107    12   110 0.92 -
contig_31119_pilon:1895-1227          -            223 2504at314147         -           1141   4.4e-26   87.1  21.3   2   2   2.4e-18   4.7e-17   57.2   9.5    44   150   109   215   105   219 0.97 -
NW_025965341.1_RagTag:41694-41227     -            156 2504at314147         -           1141   7.4e-26   86.3  21.9   1   2   2.2e-13   4.3e-12   40.7   3.1    81   152     2    73     1    76 0.94 -
NW_025965341.1_RagTag:41694-41227     -            156 2504at314147         -           1141   7.4e-26   86.3  21.9   2   2   1.5e-18   2.9e-17   57.9  10.9    44   151    49   156    49   156 0.99 -
NW_025965299.1_RagTag:2340-1810       -            177 2504at314147         -           1141   1.1e-25   85.8  27.5   1   2   1.5e-17   2.9e-16   54.5  11.6    60   155     1    96     1    99 0.95 -
NW_025965299.1_RagTag:2340-1810       -            177 2504at314147         -           1141   1.1e-25   85.8  27.5   2   2   2.5e-12   4.8e-11   37.2   9.1    43   123    96   176    92   177 0.96 -
NW_025965166.1_RagTag:126554-126123   -            144 2504at314147         -           1141   5.9e-25   83.3  26.8   1   2   3.7e-11   7.2e-10   33.4   7.1    97   151     3    57     1    57 0.96 -
NW_025965166.1_RagTag:126554-126123   -            144 2504at314147         -           1141   5.9e-25   83.3  26.8   2   2   6.8e-20   1.3e-18   62.3  11.7    50   152    40   142    40   144 0.98 -
contig_70752_pilon:1562-1984          -            141 2504at314147         -           1141     4e-24   80.6  16.6   1   2   2.2e-07   4.3e-06   20.9   0.6   113   153     3    43     1    45 0.90 -
contig_70752_pilon:1562-1984          -            141 2504at314147         -           1141     4e-24   80.6  16.6   2   2   1.7e-20   3.4e-19   64.2   9.5    43   138    45   140    42   141 0.97 -
NW_025965182.1_RagTag:1737866-1738443 -            179 2504at314147         -           1141     4e-23   77.3  22.2   1   2   4.5e-12   8.8e-11   36.4   4.8    50   112     2    64     1    76 0.64 -
NW_025965182.1_RagTag:1737866-1738443 -            179 2504at314147         -           1141     4e-23   77.3  22.2   2   2   2.3e-15   4.4e-14   47.3   9.5    60   149    83   172    67   178 0.92 -
NW_025965375.1_RagTag:160364-159888   -            159 2504at314147         -           1141   6.7e-23   76.5  25.7   1   2   9.9e-12   1.9e-10   35.3   4.9    88   148    20    80     3    82 0.88 -
NW_025965375.1_RagTag:160364-159888   -            159 2504at314147         -           1141   6.7e-23   76.5  25.7   2   2   2.7e-17   5.3e-16   53.7  12.9    44   131    60   147    59   155 0.95 -
NW_025965341.1_RagTag:115157-115672   -            172 2504at314147         -           1141   3.3e-22   74.2  30.4   1   2   8.9e-15   1.7e-13   45.3  15.4    43   147     7   111     2   111 0.97 -
NW_025965341.1_RagTag:115157-115672   -            172 2504at314147         -           1141   3.3e-22   74.2  30.4   2   2   1.3e-13   2.6e-12   41.4   7.0    45   123    93   171    90   172 0.85 -
contig_81532_pilon:2155-1715          -            147 2504at314147         -           1141   5.2e-22   73.6  24.7   1   2   1.6e-07   3.1e-06   21.3   5.5    95   153     2    61     1    65 0.88 -
contig_81532_pilon:2155-1715          -            147 2504at314147         -           1141   5.2e-22   73.6  24.7   2   2   6.4e-19   1.2e-17   59.1  11.1    44   124    65   145    62   147 0.97 -
NW_025965039.1_RagTag:269384-268866   -            173 2504at314147         -           1141   1.8e-21   71.8   8.2   1   2   1.9e-08   3.6e-07   24.4   0.5    93   139    51    97    28   100 0.90 -
NW_025965039.1_RagTag:269384-268866   -            173 2504at314147         -           1141   1.8e-21   71.8   8.2   2   2   1.6e-18     3e-17   57.8   1.8    47   131    89   173    88   173 0.99 -
NW_025965442.1_RagTag:53303-52854     -            150 2504at314147         -           1141   2.9e-21   71.1  22.0   1   2   2.2e-18   4.3e-17   57.3  11.9    52   155     2   105     1   107 0.96 -
NW_025965442.1_RagTag:53303-52854     -            150 2504at314147         -           1141   2.9e-21   71.1  22.0   2   2   1.8e-08   3.4e-07   24.5   5.3    61   112    95   146    92   150 0.60 -
NW_025965233.1_RagTag:196599-200331   -            387 2504at314147         -           1141   2.3e-19   64.8  16.5   1   2   3.9e-14   7.6e-13   43.2   6.1    68   155   208   295   185   306 0.72 -
NW_025965233.1_RagTag:196599-200331   -            387 2504at314147         -           1141   2.3e-19   64.8  16.5   2   2   2.3e-09   4.4e-08   27.4   2.7    73   128   321   376   307   386 0.86 -
contig_43715_pilon:891-1472           -            194 2504at314147         -           1141   1.3e-18   62.3  16.4   1   2   6.1e-14   1.2e-12   42.6   6.5    44   140     3    99     1   107 0.95 -
contig_43715_pilon:891-1472           -            194 2504at314147         -           1141   1.3e-18   62.3  16.4   2   2   7.4e-09   1.4e-07   25.7   2.2    94   145   137   188   125   194 0.90 -
NW_025965028.1_RagTag:362640-363958   -            372 2504at314147         -           1141   1.9e-18   61.7  14.1   1   1   1.4e-19   2.8e-18   61.2  14.1    46   152   264   370   255   372 0.96 -
NW_025965281.1_RagTag:529347-527455   -            631 2504at314147         -           1141   6.7e-18   59.9   5.3   1   2   2.8e-05   0.00054   13.9   0.3   822   870   342   390   316   400 0.70 -
NW_025965281.1_RagTag:529347-527455   -            631 2504at314147         -           1141   6.7e-18   59.9   5.3   2   2   1.2e-15   2.4e-14   48.2   0.6    42   124   457   539   411   553 0.85 -
contig_37853_pilon:1183-1722          -            180 2504at314147         -           1141   4.8e-16   53.8   7.5   1   2     0.011      0.21    5.3   5.8    76   154     2    81     1    85 0.57 -
contig_37853_pilon:1183-1722          -            180 2504at314147         -           1141   4.8e-16   53.8   7.5   2   2   2.5e-17   4.8e-16   53.8   7.5    43   139    82   178    76   180 0.95 -
contig_70752_pilon:955-1209           -             85 2504at314147         -           1141   6.5e-13   43.4   6.7   1   1   3.6e-14     7e-13   43.3   6.7    50   134     1    85     1    85 0.94 -
NW_025965039.1_RagTag:270214-269894   -            107 2504at314147         -           1141   1.6e-12   42.1   1.1   1   1   9.9e-14   1.9e-12   41.9   1.1    78   161     3    86     2    93 0.86 -
NW_025965279.1_RagTag:78436-77783     -            218 2504at314147         -           1141     3e-12   41.2  25.1   1   2    0.0002    0.0039   11.1   5.2    91   156    73   137    20   139 0.76 -
NW_025965279.1_RagTag:78436-77783     -            218 2504at314147         -           1141     3e-12   41.2  25.1   2   2   1.6e-13     3e-12   41.2  25.1    43   144   108   209    97   215 0.93 -
NW_025965200.1_RagTag:17855-18731     -            223 2504at314147         -           1141     4e-12   40.8   4.1   1   1   2.6e-13     5e-12   40.5   4.1    45   126   134   219    78   223 0.93 -
NW_025965297.1_RagTag:263516-264714   -            299 2504at314147         -           1141   8.4e-12   39.8  11.2   1   2   1.7e-11   3.4e-10   34.4   2.3    73   154    72   152    67   184 0.89 -
NW_025965297.1_RagTag:263516-264714   -            299 2504at314147         -           1141   8.4e-12   39.8  11.2   2   2   0.00029    0.0055   10.6   1.7   101   139   246   284   236   299 0.83 -
contig_70752_pilon:1401-2117          -            239 2504at314147         -           1141   7.4e-10   33.3   7.3   1   2   2.7e-09   5.2e-08   27.2   2.1    59   141     2    85     1   100 0.86 -
contig_70752_pilon:1401-2117          -            239 2504at314147         -           1141   7.4e-10   33.3   7.3   2   2   0.00069     0.013    9.3   0.2    89   122   201   234   172   238 0.76 -
NW_025965054.1_RagTag:37671-36244     -            327 2504at314147         -           1141   7.2e-09   30.0  16.7   1   2   9.9e-08   1.9e-06   22.0   3.1    95   168    76   149    67   156 0.89 -
NW_025965054.1_RagTag:37671-36244     -            327 2504at314147         -           1141   7.2e-09   30.0  16.7   2   2   2.7e-05   0.00053   13.9   3.2   521   614   186   275   159   284 0.75 -
NW_025965324.1_RagTag:667631-665234   -            506 2504at314147         -           1141   1.2e-08   29.3   8.3   1   2   3.6e-09   6.9e-08   26.8   5.3   103   152     1    50     1    54 0.96 -
NW_025965324.1_RagTag:667631-665234   -            506 2504at314147         -           1141   1.2e-08   29.3   8.3   2   2     0.043      0.83    3.3   0.0   120   151   289   320   267   335 0.77 -
NW_025965341.1_RagTag:108391-110706   -            772 2504at314147         -           1141   7.7e-07   23.3  21.5   1   3   0.00012    0.0024   11.8   3.1    39   125    26   114    16   120 0.83 -
NW_025965341.1_RagTag:108391-110706   -            772 2504at314147         -           1141   7.7e-07   23.3  21.5   2   3   0.00015    0.0029   11.5   2.2    45   120   173   253   169   277 0.72 -
NW_025965341.1_RagTag:108391-110706   -            772 2504at314147         -           1141   7.7e-07   23.3  21.5   3   3   0.00041    0.0079   10.0   1.3    41   110   703   772   677   772 0.88 -
NW_025965316.1_RagTag:2462302-2475919 -            718 2504at314147         -           1141   1.1e-06   22.8   3.7   1   1     1e-07     2e-06   22.0   3.7   200   248   656   704   644   710 0.90 -
NW_025965259.1_RagTag:166355-164907   -            483 2504at314147         -           1141   7.2e-06   20.1   5.4   1   2      0.63        12   -0.5   0.3   684   714    21    51    14    54 0.83 -
NW_025965259.1_RagTag:166355-164907   -            483 2504at314147         -           1141   7.2e-06   20.1   5.4   2   2   3.7e-07   7.2e-06   20.1   5.4    42   110   412   480   388   483 0.75 -
NW_025965300.1_RagTag:179035-179624   -            188 2504at314147         -           1141   3.5e-05   17.8   4.7   1   1   2.2e-06   4.4e-05   17.5   4.7    70   119   138   187   131   188 0.70 -
NW_025965182.1_RagTag:1737359-1737856 -            166 2504at314147         -           1141   0.00028   14.9   1.2   1   2      0.36         7    0.3   0.4    72   139    17    87     5   104 0.64 -
NW_025965182.1_RagTag:1737359-1737856 -            166 2504at314147         -           1141   0.00028   14.9   1.2   2   2   1.4e-05   0.00028   14.9   1.2    40   101   105   166    92   166 0.86 -
#
# Program:         hmmsearch
# Version:         3.1b2 (February 2015)
# Pipeline mode:   SEARCH
# Query file:      /home/bgerda/guppy_SUP/busco_downloads/lineages/glires_odb10/hmms/2504at314147.hmm
# Target file:     /home/bgerda/guppy_SUP/busco_results_flye/run_glires_odb10/metaeuk_output/initial_results/ragtag.scaffold.fasta.modified.fas
# Option settings: hmmsearch --domtblout /home/bgerda/guppy_SUP/busco_results_flye/run_glires_odb10/hmmer_output/initial_run_results/2504at314147.out --cpu 1 /home/bgerda/guppy_SUP/busco_downloads/lineages/glires_odb10/hmms/2504at314147.hmm /home/bgerda/guppy_SUP/busco_results_flye/run_glires_odb10/metaeuk_output/initial_results/ragtag.scaffold.fasta.modified.fas 
# Current dir:     /home/bgerda/guppy_SUP
# Date:            Sun May 21 17:16:58 2023
# [ok]
