#                                                                                             --- full sequence --- -------------- this domain -------------   hmm coord   ali coord   env coord
# target name                         accession   tlen query name           accession   qlen   E-value  score  bias   #  of  c-Evalue  i-Evalue  score  bias  from    to  from    to  from    to  acc description of target
#                 ------------------- ---------- ----- -------------------- ---------- ----- --------- ------ ----- --- --- --------- --------- ------ ----- ----- ----- ----- ----- ----- ----- ---- ---------------------
NW_025965307.1_RagTag:989220-990869   -            550 25727at314147        -            351   8.6e-47  156.4   8.7   1   2   1.5e-36   1.2e-34  116.5   0.8     1   179   117   293   117   357 0.90 -
NW_025965307.1_RagTag:989220-990869   -            550 25727at314147        -            351   8.6e-47  156.4   8.7   2   2   1.6e-14   1.3e-12   44.0   1.7   244   333   455   546   430   549 0.82 -
NW_025965148.1_RagTag:251890-251081   -            270 25727at314147        -            351   2.2e-19   66.2  11.1   1   2   1.3e-17   1.1e-15   54.2   4.2     3    87     9    92     7   156 0.83 -
NW_025965148.1_RagTag:251890-251081   -            270 25727at314147        -            351   2.2e-19   66.2  11.1   2   2   3.2e-06   0.00025   16.7   0.6   252   318   197   266   162   270 0.71 -
NW_025965323.1_RagTag:1326522-1325617 -            302 25727at314147        -            351   6.2e-16   54.9  15.8   1   2   5.4e-09   4.3e-07   25.9   7.6     5   145    45   186    41   203 0.78 -
NW_025965323.1_RagTag:1326522-1325617 -            302 25727at314147        -            351   6.2e-16   54.9  15.8   2   2   9.6e-12   7.5e-10   34.9   0.8   263   333   204   274   191   289 0.85 -
NW_025965256.1_RagTag:853503-854828   -            442 25727at314147        -            351   1.7e-15   53.5   9.4   1   2   3.1e-09   2.5e-07   26.6   3.4    11   147    83   226    73   253 0.74 -
NW_025965256.1_RagTag:853503-854828   -            442 25727at314147        -            351   1.7e-15   53.5   9.4   2   2   2.3e-10   1.8e-08   30.3   0.3   263   332   260   334   243   351 0.79 -
contig_25261_pilon:2046-1063          -            328 25727at314147        -            351   2.5e-09   33.2   5.1   1   2   2.3e-09   1.8e-07   27.1   1.2    11   109    84   177    73   186 0.77 -
contig_25261_pilon:2046-1063          -            328 25727at314147        -            351   2.5e-09   33.2   5.1   2   2    0.0018      0.14    7.7   0.1   274   332   239   304   218   324 0.70 -
contig_67641_pilon:774-58             -            239 25727at314147        -            351   7.3e-09   31.7   5.3   1   2   2.6e-09     2e-07   26.9   1.0     6    90    53   137    44   156 0.78 -
contig_67641_pilon:774-58             -            239 25727at314147        -            351   7.3e-09   31.7   5.3   2   2    0.0029      0.23    7.0   0.2   271   297   213   239   199   239 0.79 -
NW_025965256.1_RagTag:1116929-1115802 -            376 25727at314147        -            351   2.5e-08   29.9  11.0   1   2    0.0026       0.2    7.2   1.1     7    96    91   180    86   221 0.74 -
NW_025965256.1_RagTag:1116929-1115802 -            376 25727at314147        -            351   2.5e-08   29.9  11.0   2   2   3.1e-09   2.5e-07   26.6   3.9   269   335   235   302   213   324 0.74 -
NW_025965108.1_RagTag:146432-147415   -            328 25727at314147        -            351   1.3e-07   27.6   8.3   1   2   9.5e-09   7.4e-07   25.1   0.9    16   143   106   234    92   254 0.77 -
NW_025965108.1_RagTag:146432-147415   -            328 25727at314147        -            351   1.3e-07   27.6   8.3   2   2    0.0016      0.13    7.8   0.6   279   331   258   318   235   326 0.64 -
NW_025965209.1_RagTag:638034-638534   -            167 25727at314147        -            351   1.6e-06   24.0   0.8   1   1   2.6e-08     2e-06   23.6   0.6   264   336    74   144    57   154 0.83 -
NW_025965421.1_RagTag:181807-182473   -            201 25727at314147        -            351   3.9e-06   22.7   0.2   1   2     5e-08   3.9e-06   22.7   0.2    13    95     5    85     1    99 0.83 -
NW_025965421.1_RagTag:181807-182473   -            201 25727at314147        -            351   3.9e-06   22.7   0.2   2   2      0.12       9.2    1.7   0.7   280   333   136   193   126   198 0.56 -
NW_025965295.1_RagTag:981139-979895   -            415 25727at314147        -            351   1.1e-05   21.3   9.2   1   2   1.3e-07   1.1e-05   21.3   9.2     4   139   144   284   141   291 0.78 -
NW_025965295.1_RagTag:981139-979895   -            415 25727at314147        -            351   1.1e-05   21.3   9.2   2   2      0.29        23    0.4   2.0   277   332   305   360   287   378 0.59 -
NW_025965321.1_RagTag:4467400-4468179 -            237 25727at314147        -            351   1.4e-05   20.8   2.2   1   2   1.8e-07   1.4e-05   20.8   2.2     6    90    76   158    71   167 0.81 -
NW_025965321.1_RagTag:4467400-4468179 -            237 25727at314147        -            351   1.4e-05   20.8   2.2   2   2      0.16        13    1.3   0.2   264   295   192   226   179   232 0.67 -
NW_025965314.1_RagTag:122427-124252   -            303 25727at314147        -            351   6.3e-05   18.7   8.1   1   2   9.1e-05    0.0071   12.0   1.6    11    86    72   144    60   170 0.77 -
NW_025965314.1_RagTag:122427-124252   -            303 25727at314147        -            351   6.3e-05   18.7   8.1   2   2   0.00025     0.019   10.5   0.6   268   330   226   287   199   300 0.71 -
NW_025965322.1_RagTag:1960357-1959483 -            226 25727at314147        -            351   0.00026   16.7   0.5   1   2     0.086       6.8    2.2   0.1     5    53    48    96    43   109 0.74 -
NW_025965322.1_RagTag:1960357-1959483 -            226 25727at314147        -            351   0.00026   16.7   0.5   2   2   4.7e-05    0.0037   12.9   0.0   277   332   144   203   126   221 0.74 -
NW_025965278.1_RagTag:275474-274923   -            184 25727at314147        -            351   0.00027   16.7   8.2   1   3     0.088         7    2.1   0.0    67    88    18    39     2    55 0.82 -
NW_025965278.1_RagTag:275474-274923   -            184 25727at314147        -            351   0.00027   16.7   8.2   2   3      0.77        60   -0.9   0.0     8    34    74   100    68   106 0.77 -
NW_025965278.1_RagTag:275474-274923   -            184 25727at314147        -            351   0.00027   16.7   8.2   3   3     4e-06   0.00031   16.4   3.1   270   333   109   174    99   181 0.77 -
contig_45575_pilon:1243-2022          -            243 25727at314147        -            351   0.00083   15.0   0.2   1   1   1.7e-05    0.0013   14.4   0.2    10    82    28    99    21   150 0.79 -
NW_025965319.1_RagTag:190258-191328   -            357 25727at314147        -            351    0.0011   14.6  12.0   1   2   0.00015     0.011   11.3   3.6    10    86    86   161    77   211 0.80 -
NW_025965319.1_RagTag:190258-191328   -            357 25727at314147        -            351    0.0011   14.6  12.0   2   2   0.00087     0.069    8.7   0.9   270   309   235   273   218   322 0.77 -
NW_025965151.1_RagTag:195677-193816   -            137 25727at314147        -            351    0.0097   11.5   3.0   1   1   0.00013      0.01   11.4   2.3   272   335    69   132    62   136 0.86 -
#
# Program:         hmmsearch
# Version:         3.1b2 (February 2015)
# Pipeline mode:   SEARCH
# Query file:      /home/bgerda/guppy_SUP/busco_downloads/lineages/glires_odb10/hmms/25727at314147.hmm
# Target file:     /home/bgerda/guppy_SUP/busco_results_flye/run_glires_odb10/metaeuk_output/initial_results/ragtag.scaffold.fasta.modified.fas
# Option settings: hmmsearch --domtblout /home/bgerda/guppy_SUP/busco_results_flye/run_glires_odb10/hmmer_output/initial_run_results/25727at314147.out --cpu 1 /home/bgerda/guppy_SUP/busco_downloads/lineages/glires_odb10/hmms/25727at314147.hmm /home/bgerda/guppy_SUP/busco_results_flye/run_glires_odb10/metaeuk_output/initial_results/ragtag.scaffold.fasta.modified.fas 
# Current dir:     /home/bgerda/guppy_SUP
# Date:            Sun May 21 17:16:53 2023
# [ok]
