#                                                                                             --- full sequence --- -------------- this domain -------------   hmm coord   ali coord   env coord
# target name                         accession   tlen query name           accession   qlen   E-value  score  bias   #  of  c-Evalue  i-Evalue  score  bias  from    to  from    to  from    to  acc description of target
#                 ------------------- ---------- ----- -------------------- ---------- ----- --------- ------ ----- --- --- --------- --------- ------ ----- ----- ----- ----- ----- ----- ----- ---- ---------------------
NW_025965280.1_RagTag:82472-86250     -            268 26693at314147        -            301   3.6e-15   52.5   0.0   1   1   1.5e-17   4.4e-15   52.2   0.0    12   216    49   265    44   268 0.87 -
NW_025965230.1_RagTag:1015525-1015103 -            141 26693at314147        -            301   1.2e-12   44.2   0.0   1   1   5.3e-15   1.5e-12   43.9   0.0   173   294     8   132     4   138 0.83 -
NW_025965022.1_RagTag:225526-224633   -            298 26693at314147        -            301   4.1e-12   42.4   0.3   1   2   8.3e-07   0.00023   17.0   0.0   203   291    12    98     6   108 0.88 -
NW_025965022.1_RagTag:225526-224633   -            298 26693at314147        -            301   4.1e-12   42.4   0.3   2   2   9.5e-09   2.7e-06   23.3   0.1    19   165   116   273   111   283 0.77 -
NW_025965317.1_RagTag:2494922-2495710 -            263 26693at314147        -            301   6.5e-08   28.7   0.0   1   2   7.4e-07   0.00021   17.1   0.0    27   168     8   146     2   160 0.73 -
NW_025965317.1_RagTag:2494922-2495710 -            263 26693at314147        -            301   6.5e-08   28.7   0.0   2   2    0.0003     0.084    8.6   0.0     8    59   167   222   162   259 0.78 -
NW_025965256.1_RagTag:654249-651778   -            143 26693at314147        -            301   9.8e-05   18.2   0.1   1   2     0.005       1.4    4.6   0.0   113   141    54    82     3    89 0.78 -
NW_025965256.1_RagTag:654249-651778   -            143 26693at314147        -            301   9.8e-05   18.2   0.1   2   2     3e-05    0.0084   11.9   0.0   127   160   105   141    97   143 0.89 -
#
# Program:         hmmsearch
# Version:         3.1b2 (February 2015)
# Pipeline mode:   SEARCH
# Query file:      /home/bgerda/guppy_SUP/busco_downloads/lineages/glires_odb10/hmms/26693at314147.hmm
# Target file:     /home/bgerda/guppy_SUP/busco_results_flye/run_glires_odb10/metaeuk_output/initial_results/ragtag.scaffold.fasta.modified.fas
# Option settings: hmmsearch --domtblout /home/bgerda/guppy_SUP/busco_results_flye/run_glires_odb10/hmmer_output/initial_run_results/26693at314147.out --cpu 1 /home/bgerda/guppy_SUP/busco_downloads/lineages/glires_odb10/hmms/26693at314147.hmm /home/bgerda/guppy_SUP/busco_results_flye/run_glires_odb10/metaeuk_output/initial_results/ragtag.scaffold.fasta.modified.fas 
# Current dir:     /home/bgerda/guppy_SUP
# Date:            Sun May 21 17:16:53 2023
# [ok]
