#                                                                                             --- full sequence --- -------------- this domain -------------   hmm coord   ali coord   env coord
# target name                         accession   tlen query name           accession   qlen   E-value  score  bias   #  of  c-Evalue  i-Evalue  score  bias  from    to  from    to  from    to  acc description of target
#                 ------------------- ---------- ----- -------------------- ---------- ----- --------- ------ ----- --- --- --------- --------- ------ ----- ----- ----- ----- ----- ----- ----- ---- ---------------------
NW_025965151.1_RagTag:195677-193816   -            137 26766at314147        -            282   2.6e-26   89.2   9.5   1   1   2.4e-27   2.8e-26   89.0   9.5   132   270     1   134     1   137 0.96 -
NW_025965256.1_RagTag:853503-854828   -            442 26766at314147        -            282   3.1e-17   59.4  16.3   1   2     4e-18   4.7e-17   58.8   7.2    11   195    25   217    18   232 0.83 -
NW_025965256.1_RagTag:853503-854828   -            442 26766at314147        -            282   3.1e-17   59.4  16.3   2   2      0.05      0.59    6.0   1.6   206   279   270   347   257   350 0.70 -
NW_025965314.1_RagTag:122427-124252   -            303 26766at314147        -            282   7.4e-15   51.6  22.5   1   1   2.4e-14   2.8e-13   46.4  22.5    13   273    19   297     7   302 0.73 -
NW_025965266.1_RagTag:245825-244296   -            282 26766at314147        -            282   3.1e-14   49.5   7.3   1   1     3e-15   3.5e-14   49.4   6.8    14   201    51   234    32   248 0.81 -
NW_025965307.1_RagTag:989220-990869   -            550 26766at314147        -            282     6e-14   48.6  21.1   1   2   4.8e-13   5.6e-12   42.1  11.3    18   200    77   258    62   267 0.82 -
NW_025965307.1_RagTag:989220-990869   -            550 26766at314147        -            282     6e-14   48.6  21.1   2   2   0.00073    0.0084   12.0   2.1   207   268   488   548   472   550 0.82 -
contig_27735_pilon:496-10             -            160 26766at314147        -            282   2.6e-13   46.5   2.5   1   1   2.7e-14   3.2e-13   46.2   2.5    18   138    34   153    21   159 0.86 -
NW_025965108.1_RagTag:146432-147415   -            328 26766at314147        -            282   8.6e-13   44.8   3.2   1   1   1.1e-13   1.3e-12   44.2   3.2    10   269    38   323    34   328 0.71 -
NW_025965323.1_RagTag:1326522-1325617 -            302 26766at314147        -            282   1.8e-12   43.8  18.5   1   2   1.6e-12   1.8e-11   40.5   6.7    20   138     3   122     1   189 0.83 -
NW_025965323.1_RagTag:1326522-1325617 -            302 26766at314147        -            282   1.8e-12   43.8  18.5   2   2    0.0058     0.067    9.1   3.8   208   280   217   288   204   290 0.81 -
NW_025965101.1_RagTag:53784-23313     -            277 26766at314147        -            282   3.3e-12   42.9   4.0   1   2   2.8e-13   3.3e-12   42.9   4.0    10   143    24   158    15   166 0.90 -
NW_025965101.1_RagTag:53784-23313     -            277 26766at314147        -            282   3.3e-12   42.9   4.0   2   2       3.5        41   -0.1   0.1   241   273   243   275   222   276 0.67 -
NW_025965138.1_RagTag:16292-15471     -            274 26766at314147        -            282   4.7e-12   42.4  12.2   1   1   5.3e-12   6.2e-11   38.7  12.2    13   142     3   132     1   274 0.90 -
NW_025965305.1_RagTag:1691060-1691545 -            162 26766at314147        -            282   1.1e-11   41.1   3.3   1   1   1.2e-12   1.4e-11   40.9   3.3    25   144     4   124     1   133 0.85 -
contig_67641_pilon:774-58             -            239 26766at314147        -            282   1.3e-11   40.9  15.1   1   1   1.3e-12   1.5e-11   40.7  15.1    14   229     4   238     1   239 0.67 -
NW_025965405.1_RagTag:31012-31872     -            287 26766at314147        -            282   1.5e-11   40.7   2.1   1   2   1.3e-12   1.5e-11   40.7   2.1    15   141    31   158    18   172 0.84 -
NW_025965405.1_RagTag:31012-31872     -            287 26766at314147        -            282   1.5e-11   40.7   2.1   2   2       1.4        16    1.2   0.5    43    93   201   254   186   277 0.71 -
NW_025965315.1_RagTag:2533229-2534137 -            303 26766at314147        -            282   2.8e-11   39.8  15.8   1   1   3.6e-12   4.2e-11   39.3  15.8     9   276    23   302    19   303 0.78 -
contig_30879_pilon:3584-2657          -            305 26766at314147        -            282   5.3e-11   38.9  10.1   1   1   1.3e-11   1.5e-10   37.4  10.1    10   140    24   155    19   303 0.90 -
NW_025965123.1_RagTag:1816714-1817616 -            301 26766at314147        -            282   9.3e-11   38.1   3.6   1   2     8e-12   9.3e-11   38.1   3.6    12   142    24   155    14   164 0.86 -
NW_025965123.1_RagTag:1816714-1817616 -            301 26766at314147        -            282   9.3e-11   38.1   3.6   2   2         5        58   -0.6   1.5   216   263   207   253   193   271 0.63 -
NW_025965008.1_RagTag:175868-175071   -            266 26766at314147        -            282   1.3e-10   37.7   3.6   1   1   2.1e-11   2.5e-10   36.7   3.6    13   137    30   154    20   172 0.86 -
NW_025965203.1_RagTag:474900-475721   -            274 26766at314147        -            282   1.5e-10   37.4   2.5   1   1   2.3e-11   2.7e-10   36.6   2.5    10   139    16   144     9   155 0.86 -
contig_68255_pilon:901-34             -            262 26766at314147        -            282   3.6e-10   36.2   4.3   1   1   3.1e-11   3.6e-10   36.2   4.3    18   147    34   157    22   203 0.83 -
NW_025965146.1_RagTag:101503-100609   -            285 26766at314147        -            282   4.2e-10   36.0  11.7   1   1   4.7e-11   5.5e-10   35.6  11.7    12   273    25   282     4   285 0.86 -
NW_025965182.1_RagTag:1858969-1859367 -            133 26766at314147        -            282   5.7e-10   35.5   2.1   1   1   5.9e-11   6.8e-10   35.3   2.1    18   113    31   126    14   130 0.88 -
NW_025965319.1_RagTag:190258-191328   -            357 26766at314147        -            282   1.3e-09   34.4  13.6   1   1   1.8e-10   2.1e-09   33.7  13.6    16   280    35   322    23   324 0.70 -
NW_025965313.1_RagTag:72608-73156     -            183 26766at314147        -            282   1.3e-09   34.3   7.9   1   1   1.6e-10   1.8e-09   33.9   7.9    16   140    18   143     9   151 0.89 -
contig_14807_pilon:1469-638           -            273 26766at314147        -            282   1.7e-09   34.0   1.8   1   2   1.5e-10   1.7e-09   34.0   1.8    15   140     6   128     3   138 0.90 -
contig_14807_pilon:1469-638           -            273 26766at314147        -            282   1.7e-09   34.0   1.8   2   2       5.6        65   -0.7   0.2    48    96   180   228   164   235 0.65 -
contig_72985_pilon:1524-2450          -            309 26766at314147        -            282     2e-09   33.7   6.1   1   1   1.7e-10     2e-09   33.7   6.1    14   140    30   159    20   166 0.90 -
NW_025965140.1_RagTag:1050743-1049919 -            243 26766at314147        -            282     2e-09   33.7   2.3   1   2   4.5e-10   5.2e-09   32.4   0.8    29   141     5   116     1   126 0.82 -
NW_025965140.1_RagTag:1050743-1049919 -            243 26766at314147        -            282     2e-09   33.7   2.3   2   2       2.6        31    0.3   0.0   242   278   200   236   166   240 0.80 -
NW_025965161.1_RagTag:422258-421552   -            215 26766at314147        -            282   2.1e-09   33.7   2.4   1   1   2.3e-10   2.6e-09   33.4   2.4    33   196    42   212    33   215 0.79 -
contig_23379_pilon:2126-1275          -            284 26766at314147        -            282   2.4e-09   33.5   9.8   1   1   3.2e-10   3.7e-09   32.9   9.1    19   141    41   164    24   230 0.82 -
contig_67131_pilon:1249-312           -            306 26766at314147        -            282     5e-09   32.4  12.5   1   1   2.2e-09   2.6e-08   30.1  12.5     7   142    35   170    29   306 0.79 -
NW_025965431.1_RagTag:38831-37914     -            306 26766at314147        -            282   5.6e-09   32.3  13.6   1   1   1.3e-09   1.5e-08   30.9  13.6    22   210    38   229    18   306 0.62 -
contig_9927_pilon:1818-943            -            292 26766at314147        -            282   7.7e-09   31.8  12.9   1   1   1.2e-08   1.4e-07   27.7  12.9     6   147     6   149     2   292 0.80 -
NW_025965256.1_RagTag:1116929-1115802 -            376 26766at314147        -            282   1.1e-08   31.4  18.1   1   1   1.2e-09   1.4e-08   30.9  18.1    10   277    41   311    36   315 0.75 -
contig_31446_pilon:626-132            -            165 26766at314147        -            282   1.2e-08   31.2   3.8   1   1   1.2e-09   1.4e-08   30.9   3.8     3   137    11   148     9   154 0.84 -
NW_025965250.1_RagTag:33393-32875     -            173 26766at314147        -            282   1.7e-08   30.7   3.7   1   1   1.9e-09   2.2e-08   30.3   3.7    23   140    24   142    13   150 0.83 -
NW_025965305.1_RagTag:1658252-1659099 -            275 26766at314147        -            282   2.3e-08   30.3  13.4   1   1   8.4e-09   9.7e-08   28.2  13.4    19   143    13   138     3   274 0.62 -
NW_025965295.1_RagTag:981139-979895   -            415 26766at314147        -            282     3e-08   29.9  23.0   1   1   3.4e-09     4e-08   29.5  23.0    19   280   103   379    94   381 0.71 -
contig_26960_pilon:493-1408           -            302 26766at314147        -            282   3.6e-08   29.6   3.7   1   2   2.3e-08   2.6e-07   26.8   1.7    13   132    28   145    16   156 0.81 -
contig_26960_pilon:493-1408           -            302 26766at314147        -            282   3.6e-08   29.6   3.7   2   2      0.52       6.1    2.6   0.0   241   273   264   297   233   301 0.76 -
NW_025965008.1_RagTag:230160-174970   -            285 26766at314147        -            282   3.9e-08   29.5   7.3   1   1   4.9e-09   5.7e-08   29.0   7.3    10   138    14   142     5   284 0.83 -
contig_70120_pilon:673-1551           -            293 26766at314147        -            282   3.9e-08   29.5   2.2   1   2   3.4e-09   3.9e-08   29.5   2.2    19   139    24   145    10   153 0.85 -
contig_70120_pilon:673-1551           -            293 26766at314147        -            282   3.9e-08   29.5   2.2   2   2      0.53       6.2    2.6   0.4   185   273   201   290   185   293 0.70 -
NW_025965313.1_RagTag:72611-73496     -            284 26766at314147        -            282   4.3e-08   29.4  13.0   1   1   9.4e-09   1.1e-07   28.1  13.0    16   141    17   143     9   282 0.89 -
NW_025965278.1_RagTag:275474-274923   -            184 26766at314147        -            282   5.9e-08   28.9   3.9   1   1   8.7e-09     1e-07   28.2   3.9   171   272    73   180     2   184 0.76 -
NW_025965407.1_RagTag:8718-7813       -            302 26766at314147        -            282     8e-08   28.5   2.9   1   2   6.9e-09     8e-08   28.5   2.9    15   141    28   155    15   167 0.83 -
NW_025965407.1_RagTag:8718-7813       -            302 26766at314147        -            282     8e-08   28.5   2.9   2   2       3.3        38    0.0   0.1   253   274   278   299   197   302 0.75 -
NW_025965182.1_RagTag:1842087-1841159 -            308 26766at314147        -            282   8.3e-08   28.5  12.4   1   1   3.3e-07   3.9e-06   23.0  12.4    17   140    33   155    23   304 0.65 -
contig_57973_pilon:1283-390           -            298 26766at314147        -            282   8.9e-08   28.3   2.2   1   1   1.5e-08   1.7e-07   27.4   2.2    12   115    20   123    13   217 0.90 -
NW_025965235.1_RagTag:60637-59771     -            289 26766at314147        -            282     1e-07   28.2   7.4   1   1   1.9e-08   2.2e-07   27.1   6.7     8   141    27   161    19   252 0.83 -
NW_025965313.1_RagTag:66003-66494     -            164 26766at314147        -            282   1.1e-07   28.0   5.4   1   1   1.2e-08   1.4e-07   27.7   5.4    19   136    31   149    20   159 0.87 -
NW_025965331.1_RagTag:96699-97295     -            199 26766at314147        -            282   1.2e-07   27.9   7.5   1   1   2.4e-08   2.8e-07   26.7   7.4    48   142     4    99     2   171 0.85 -
NW_025965148.1_RagTag:251890-251081   -            270 26766at314147        -            282   1.4e-07   27.7   3.0   1   2   1.2e-08   1.4e-07   27.7   3.0    53   177     2   121     1   151 0.79 -
NW_025965148.1_RagTag:251890-251081   -            270 26766at314147        -            282   1.4e-07   27.7   3.0   2   2       5.7        67   -0.8   0.1   121   227   220   241   198   256 0.62 -
NW_025965307.1_RagTag:60810-79018     -            243 26766at314147        -            282   1.6e-07   27.5   1.6   1   1   2.3e-08   2.7e-07   26.8   1.6    15   139    31   154    24   172 0.87 -
NW_025965321.1_RagTag:4467400-4468179 -            237 26766at314147        -            282   1.7e-07   27.5  19.0   1   1   3.3e-06   3.9e-05   19.7  19.0    20   228    34   226    18   233 0.72 -
contig_56588_pilon:2328-1531          -            266 26766at314147        -            282   3.5e-07   26.4   1.9   1   2   3.1e-08   3.5e-07   26.4   1.9    37   141    15   120     1   132 0.87 -
contig_56588_pilon:2328-1531          -            266 26766at314147        -            282   3.5e-07   26.4   1.9   2   2       5.3        62   -0.7   0.1   246   273   236   263   225   266 0.77 -
NW_025965317.1_RagTag:3312876-3311454 -            398 26766at314147        -            282     4e-07   26.2   7.2   1   1   5.5e-08   6.4e-07   25.5   7.2    10   179   119   286   111   320 0.72 -
NW_025965636.1_RagTag:15151-17852     -            294 26766at314147        -            282   8.6e-07   25.1  18.7   1   1   2.4e-06   2.7e-05   20.2  18.7    10   134    23   143    15   294 0.76 -
contig_81842_pilon:1501-733           -            237 26766at314147        -            282     1e-06   24.8   6.0   1   1   8.4e-07   9.7e-06   21.7   6.0    39   272     4   230     2   235 0.63 -
NW_025965057.1_RagTag:7581-6671       -            299 26766at314147        -            282     1e-06   24.8  16.7   1   1   2.9e-07   3.4e-06   23.2  16.7    19   196    31   215    15   298 0.73 -
contig_44821_pilon:583-29             -            185 26766at314147        -            282   1.1e-06   24.8   6.5   1   1   1.2e-07   1.4e-06   24.4   6.5    15   144    29   159    17   167 0.87 -
contig_75679_pilon:841-1732           -            295 26766at314147        -            282   1.1e-06   24.7  18.4   1   1   5.9e-07   6.9e-06   22.1  18.4    15   145    24   154    19   294 0.77 -
NW_025965023.1_RagTag:902040-902803   -            238 26766at314147        -            282   1.5e-06   24.3   6.5   1   2     3e-07   3.5e-06   23.1   0.8    39   113     2    76     1   102 0.91 -
NW_025965023.1_RagTag:902040-902803   -            238 26766at314147        -            282   1.5e-06   24.3   6.5   2   2      0.14       1.7    4.5   0.5   220   277   171   235   123   238 0.73 -
NW_025965320.1_RagTag:900507-899674   -            264 26766at314147        -            282   1.5e-06   24.3   2.1   1   1   1.3e-07   1.5e-06   24.3   2.1    21   125     8   112     2   141 0.76 -
NW_025965431.1_RagTag:15927-16824     -            297 26766at314147        -            282   1.7e-06   24.2  10.1   1   1   6.3e-07   7.3e-06   22.1  10.1    24   141    27   146    14   293 0.88 -
NW_025965274.1_RagTag:27055-27957     -            301 26766at314147        -            282   1.8e-06   24.0  19.6   1   1   2.7e-07   3.1e-06   23.3  19.6     8   276    16   296     9   300 0.75 -
NW_025965317.1_RagTag:2643605-2644525 -            307 26766at314147        -            282     2e-06   23.9   9.9   1   1   4.3e-07     5e-06   22.6   9.9    16   132    32   152    21   307 0.73 -
NW_025965421.1_RagTag:181807-182473   -            201 26766at314147        -            282     2e-06   23.9   4.0   1   1   3.8e-06   4.4e-05   19.5   4.0    68   140     3    75     1   200 0.83 -
NW_025965123.1_RagTag:1758126-1758835 -            231 26766at314147        -            282   2.2e-06   23.8   4.4   1   1   2.2e-07   2.6e-06   23.6   4.4    17   136    30   150    14   214 0.83 -
NW_025965123.1_RagTag:1777274-1722033 -            296 26766at314147        -            282   2.6e-06   23.5   1.4   1   1   2.2e-07   2.6e-06   23.5   1.4    15   145    27   158    16   167 0.80 -
NW_025965581.1_RagTag:2793-3509       -            239 26766at314147        -            282   2.8e-06   23.5   8.6   1   1   5.3e-07   6.2e-06   22.3   8.6    15   142    26   157    15   227 0.68 -
NW_025965123.1_RagTag:1929321-1843492 -            299 26766at314147        -            282   4.8e-06   22.7  14.8   1   1   1.6e-06   1.8e-05   20.7  14.8     9   144    23   159    15   298 0.81 -
NW_025965161.1_RagTag:680683-681431   -            245 26766at314147        -            282   5.7e-06   22.4   6.5   1   1   1.2e-06   1.4e-05   21.1   6.5    49   151     8   110     1   244 0.67 -
NW_025965233.1_RagTag:201426-202343   -            306 26766at314147        -            282   5.8e-06   22.4  12.3   1   1   2.6e-06     3e-05   20.0  12.3    21   273    34   300    18   304 0.62 -
NW_025965320.1_RagTag:840022-839114   -            303 26766at314147        -            282   8.4e-06   21.9   3.7   1   1   7.2e-07   8.4e-06   21.9   3.7    16   142    32   159    23   167 0.82 -
NW_025965008.1_RagTag:233145-252500   -            270 26766at314147        -            282   8.4e-06   21.9   3.3   1   2   7.2e-07   8.4e-06   21.9   3.3    12   129    29   145    22   165 0.79 -
NW_025965008.1_RagTag:233145-252500   -            270 26766at314147        -            282   8.4e-06   21.9   3.3   2   2       1.5        17    1.2   0.1   207   268   197   263   183   268 0.67 -
NW_025965305.1_RagTag:1655528-1654657 -            283 26766at314147        -            282   1.1e-05   21.4   2.2   1   1   9.8e-07   1.1e-05   21.4   2.2    21   143    33   156    16   167 0.80 -
NW_025965008.1_RagTag:223693-234352   -            306 26766at314147        -            282   1.2e-05   21.4   2.2   1   1   2.1e-06   2.5e-05   20.3   2.2     9   131    25   146    16   160 0.81 -
NW_025965223.1_RagTag:142315-141397   -            298 26766at314147        -            282   1.3e-05   21.2   8.1   1   2   1.4e-06   1.6e-05   20.9   6.1    15   141    28   154    13   167 0.79 -
NW_025965223.1_RagTag:142315-141397   -            298 26766at314147        -            282   1.3e-05   21.2   8.1   2   2       5.2        61   -0.6   0.0   253   273   269   289   242   295 0.82 -
contig_16391_pilon:1989-1067          -            287 26766at314147        -            282   1.4e-05   21.2   2.7   1   2   1.2e-06   1.4e-05   21.2   2.7    22   121    38   137    18   161 0.81 -
contig_16391_pilon:1989-1067          -            287 26766at314147        -            282   1.4e-05   21.2   2.7   2   2       7.9        92   -1.2   0.3   255   273   264   282   186   287 0.72 -
NW_025965426.1_RagTag:28199-27276     -            308 26766at314147        -            282   1.4e-05   21.2  16.2   1   1   9.3e-06   0.00011   18.2  16.2    17   276    31   304    19   307 0.65 -
contig_11065_pilon:1196-711           -            162 26766at314147        -            282   1.5e-05   21.0   0.9   1   1   1.7e-06     2e-05   20.6   0.9    15   113    27   125    20   144 0.86 -
NW_025965230.1_RagTag:1057613-1056714 -            300 26766at314147        -            282   1.5e-05   21.0  14.4   1   1   7.3e-06   8.4e-05   18.6  14.4    19   273    32   297    14   300 0.67 -
NW_025965080.1_RagTag:600357-601221   -            286 26766at314147        -            282   1.6e-05   21.0  14.8   1   1   1.1e-05   0.00013   18.0  14.7    15   147    26   160    16   253 0.73 -
NW_025965151.1_RagTag:9979-9395       -            195 26766at314147        -            282   1.6e-05   21.0  10.8   1   1   1.7e-06     2e-05   20.6  10.8    23   192    14   192     2   195 0.74 -
NW_025965274.1_RagTag:8635-9216       -            194 26766at314147        -            282   1.6e-05   20.9   0.9   1   1   1.6e-06   1.9e-05   20.7   0.9     7    85    20   100    14   157 0.87 -
contig_45643_pilon:2022-1121          -            299 26766at314147        -            282   1.7e-05   20.9   2.5   1   2   1.5e-06   1.7e-05   20.9   2.5    18   142    30   155    18   166 0.79 -
contig_45643_pilon:2022-1121          -            299 26766at314147        -            282   1.7e-05   20.9   2.5   2   2         6        70   -0.8   0.2    10    32   196   219   172   247 0.62 -
NW_025965324.1_RagTag:3944352-3943433 -            303 26766at314147        -            282   1.7e-05   20.9   5.1   1   1   1.5e-06   1.7e-05   20.9   5.1     8   139    28   159    21   171 0.81 -
NW_025965123.1_RagTag:1711444-1710527 -            306 26766at314147        -            282   2.6e-05   20.3  11.7   1   1   2.4e-05   0.00028   16.9  11.7    10   124    20   136    11   304 0.77 -
contig_78135_pilon:1434-667           -            249 26766at314147        -            282   2.8e-05   20.1   0.5   1   2   2.4e-06   2.8e-05   20.1   0.5    38   111     4    77     2   113 0.91 -
contig_78135_pilon:1434-667           -            249 26766at314147        -            282   2.8e-05   20.1   0.5   2   2      0.65       7.5    2.3   0.1   242   277   212   247   188   249 0.87 -
NW_025965574.1_RagTag:1186-283        -            296 26766at314147        -            282   3.2e-05   19.9  11.6   1   1   5.5e-06   6.3e-05   19.0  11.6    16   143    28   153    19   296 0.70 -
NW_025965313.1_RagTag:1749400-1728520 -            295 26766at314147        -            282   4.2e-05   19.6  10.4   1   1   2.3e-05   0.00027   16.9  10.4    15   132    26   144    15   294 0.85 -
NW_025965431.1_RagTag:7900-8679       -            260 26766at314147        -            282   4.5e-05   19.5  15.0   1   1   6.6e-05   0.00077   15.4  15.0    38   141     7   111     1   256 0.78 -
NW_025965331.1_RagTag:109596-117599   -            283 26766at314147        -            282   4.6e-05   19.4   1.4   1   2     4e-06   4.6e-05   19.4   1.4    19   122    31   137    20   159 0.83 -
NW_025965331.1_RagTag:109596-117599   -            283 26766at314147        -            282   4.6e-05   19.4   1.4   2   2       7.9        91   -1.2   0.0   243   269   249   275   215   282 0.78 -
NW_025965008.1_RagTag:215033-201349   -            281 26766at314147        -            282   6.1e-05   19.0  10.4   1   1   2.5e-05   0.00029   16.8  10.4    10   148    23   163    15   281 0.80 -
NW_025965331.1_RagTag:94452-97432     -            301 26766at314147        -            282   6.4e-05   19.0   9.7   1   1   1.3e-05   0.00015   17.7   9.7    14   195    35   230    29   300 0.76 -
contig_59306_pilon:1348-2245          -            296 26766at314147        -            282   6.7e-05   18.9   3.2   1   1   6.3e-06   7.3e-05   18.8   2.1    24   141    42   160    24   172 0.75 -
NW_025965352.1_RagTag:41240-40296     -            315 26766at314147        -            282   7.6e-05   18.7   3.3   1   3   6.6e-06   7.6e-05   18.7   3.3    12   114    36   138    29   170 0.86 -
NW_025965352.1_RagTag:41240-40296     -            315 26766at314147        -            282   7.6e-05   18.7   3.3   2   3       3.2        37    0.1   0.6    32   137   156   265   142   275 0.54 -
NW_025965352.1_RagTag:41240-40296     -            315 26766at314147        -            282   7.6e-05   18.7   3.3   3   3         7        81   -1.1   0.1   223   274   262   312   209   315 0.67 -
NW_025965080.1_RagTag:598491-599370   -            289 26766at314147        -            282   8.3e-05   18.6   4.3   1   2   7.2e-06   8.3e-05   18.6   4.3    18   143    26   156    14   163 0.72 -
NW_025965080.1_RagTag:598491-599370   -            289 26766at314147        -            282   8.3e-05   18.6   4.3   2   2       4.5        52   -0.4   0.1   246   273   266   286   196   289 0.68 -
NW_025965123.1_RagTag:1777286-1697764 -            311 26766at314147        -            282   8.4e-05   18.6   2.0   1   2   7.3e-06   8.4e-05   18.6   2.0    15   140    31   157    20   172 0.78 -
NW_025965123.1_RagTag:1777286-1697764 -            311 26766at314147        -            282   8.4e-05   18.6   2.0   2   2       8.8     1e+02   -1.4   0.1   256   278   284   306   270   310 0.78 -
NW_025965306.1_RagTag:21655-22420     -            246 26766at314147        -            282   0.00011   18.2  12.0   1   1   9.2e-05    0.0011   15.0  12.0    38   148     3   110     1   246 0.59 -
NW_025965247.1_RagTag:77448-77690     -             81 26766at314147        -            282   0.00013   17.9   0.4   1   1   1.3e-05   0.00015   17.8   0.4   202   262    14    76     5    79 0.76 -
NW_025965331.1_RagTag:92489-91727     -            250 26766at314147        -            282   0.00014   17.9   4.3   1   1   2.9e-05   0.00033   16.6   4.3    39   136     6   102     3   249 0.84 -
NW_025965230.1_RagTag:352259-351105   -            385 26766at314147        -            282   0.00014   17.9   3.4   1   1   2.1e-05   0.00024   17.1   3.4    23   271    54   323    37   331 0.66 -
contig_72712_pilon:604-1510           -            297 26766at314147        -            282   0.00014   17.8  18.5   1   1   2.3e-05   0.00027   16.9  18.5     8   275    21   295    14   297 0.70 -
contig_11065_pilon:1196-296           -            288 26766at314147        -            282   0.00017   17.6   4.3   1   1   4.2e-05   0.00048   16.1   4.3    15   113    27   125    21   285 0.89 -
NW_025965140.1_RagTag:853176-852295   -            294 26766at314147        -            282   0.00026   17.0  10.3   1   2   2.3e-05   0.00026   17.0  10.3    15   133    27   149    15   177 0.78 -
NW_025965140.1_RagTag:853176-852295   -            294 26766at314147        -            282   0.00026   17.0  10.3   2   2       1.1        13    1.6   0.4   206   255   138   186   129   213 0.77 -
NW_025965256.1_RagTag:10304-9232      -            245 26766at314147        -            282   0.00026   17.0   6.2   1   1   0.00028    0.0032   13.4   6.2    34   115     6    81     2   244 0.82 -
contig_30302_pilon:2113-1269          -            253 26766at314147        -            282   0.00029   16.8   8.2   1   2   4.2e-05   0.00048   16.1   7.7    19   144    12   138     2   228 0.79 -
contig_30302_pilon:2113-1269          -            253 26766at314147        -            282   0.00029   16.8   8.2   2   2       9.6   1.1e+02   -1.5   0.1   242   272   218   248   178   252 0.65 -
NW_025965320.1_RagTag:848571-848158   -            138 26766at314147        -            282    0.0003   16.8   1.8   1   1   3.1e-05   0.00036   16.5   1.8    16   115    28   127    18   137 0.87 -
NW_025965123.1_RagTag:1940884-1843483 -            226 26766at314147        -            282   0.00033   16.6   8.7   1   1   0.00022    0.0026   13.7   8.7    77   144    15    83     5   226 0.63 -
NW_025965470.1_RagTag:910-142         -            164 26766at314147        -            282   0.00033   16.6   0.6   1   1   3.5e-05    0.0004   16.4   0.6    68   125    29    88     4   141 0.72 -
NW_025965258.1_RagTag:3878-4798       -            307 26766at314147        -            282   0.00036   16.5   8.7   1   1     6e-05   0.00069   15.6   8.7    10   141    26   158    18   305 0.75 -
NW_025965054.1_RagTag:8388-7809       -            191 26766at314147        -            282   0.00044   16.2   0.6   1   1   4.6e-05   0.00053   16.0   0.6    20   132    34   147    20   164 0.72 -
NW_025965123.1_RagTag:1718891-1717962 -            310 26766at314147        -            282   0.00076   15.4  15.2   1   1    0.0002    0.0023   13.9  15.2    15   147    31   164    19   303 0.85 -
NW_025965274.1_RagTag:6040-6949       -            298 26766at314147        -            282     0.001   15.0  16.8   1   1   0.00031    0.0036   13.2  16.8     8   275    21   295    14   298 0.65 -
NW_025965182.1_RagTag:1842054-1841779 -             92 26766at314147        -            282    0.0011   14.9   0.3   1   1    0.0001    0.0012   14.8   0.3    16    82    21    87     9    92 0.83 -
NW_025965317.1_RagTag:1500660-1501409 -            250 26766at314147        -            282    0.0011   14.9  13.9   1   1   0.00015    0.0018   14.2  13.9    13   195    40   214    26   230 0.74 -
NW_025965123.1_RagTag:1758147-1868285 -            279 26766at314147        -            282    0.0022   13.9  17.1   1   1   0.00032    0.0038   13.2  17.1    17   273    23   278     7   279 0.69 -
contig_45284_pilon:1200-2107          -            300 26766at314147        -            282    0.0031   13.5  19.3   1   1    0.0007    0.0081   12.1  19.3    13   276    27   297    16   300 0.63 -
NW_025965352.1_RagTag:27074-26319     -            252 26766at314147        -            282    0.0038   13.1   8.4   1   1    0.0043     0.049    9.5   8.4    49   276    11   251     1   252 0.62 -
NW_025965054.1_RagTag:13789-14400     -            169 26766at314147        -            282    0.0046   12.9   0.4   1   2    0.0064     0.074    8.9   0.1    90   115     2    27     1    55 0.74 -
NW_025965054.1_RagTag:13789-14400     -            169 26766at314147        -            282    0.0046   12.9   0.4   2   2       0.6         7    2.4   0.0   250   275   140   165   105   168 0.80 -
NW_025965426.1_RagTag:110740-109837   -            297 26766at314147        -            282    0.0058   12.6  13.6   1   1   0.00098     0.011   11.6  13.6    21   273    31   297    20   297 0.65 -
contig_17327_pilon:1297-559           -            244 26766at314147        -            282    0.0083   12.0  12.1   1   1    0.0024     0.028   10.3  12.1    50   273     6   236     2   241 0.68 -
NW_025965352.1_RagTag:4551-3730       -            274 26766at314147        -            282    0.0089   11.9   7.9   1   1    0.0075     0.088    8.7   7.9    23   273     5   268     1   274 0.61 -
NW_025965307.1_RagTag:101318-100653   -            222 26766at314147        -            282      0.01   11.7   6.3   1   1    0.0059     0.068    9.0   6.3    80   189     2   123     1   216 0.60 -
NW_025965209.1_RagTag:638034-638534   -            167 26766at314147        -            282     0.021   10.7  13.8   1   1    0.0046     0.053    9.4  13.8   205   279    82   154     3   160 0.71 -
#
# Program:         hmmsearch
# Version:         3.1b2 (February 2015)
# Pipeline mode:   SEARCH
# Query file:      /home/bgerda/guppy_SUP/busco_downloads/lineages/glires_odb10/hmms/26766at314147.hmm
# Target file:     /home/bgerda/guppy_SUP/busco_results_flye/run_glires_odb10/metaeuk_output/initial_results/ragtag.scaffold.fasta.modified.fas
# Option settings: hmmsearch --domtblout /home/bgerda/guppy_SUP/busco_results_flye/run_glires_odb10/hmmer_output/initial_run_results/26766at314147.out --cpu 1 /home/bgerda/guppy_SUP/busco_downloads/lineages/glires_odb10/hmms/26766at314147.hmm /home/bgerda/guppy_SUP/busco_results_flye/run_glires_odb10/metaeuk_output/initial_results/ragtag.scaffold.fasta.modified.fas 
# Current dir:     /home/bgerda/guppy_SUP
# Date:            Sun May 21 17:16:55 2023
# [ok]
