#                                                                                             --- full sequence --- -------------- this domain -------------   hmm coord   ali coord   env coord
# target name                         accession   tlen query name           accession   qlen   E-value  score  bias   #  of  c-Evalue  i-Evalue  score  bias  from    to  from    to  from    to  acc description of target
#                 ------------------- ---------- ----- -------------------- ---------- ----- --------- ------ ----- --- --- --------- --------- ------ ----- ----- ----- ----- ----- ----- ----- ---- ---------------------
NW_025965108.1_RagTag:146432-147415   -            328 27592at314147        -            329   6.3e-32  107.5   5.8   1   1   5.1e-33   8.1e-32  107.1   5.8    31   295    40   321    33   327 0.87 -
NW_025965314.1_RagTag:122427-124252   -            303 27592at314147        -            329   5.9e-28   94.4  17.5   1   1   4.5e-29   7.1e-28   94.1  17.5    27   304    13   300     6   303 0.79 -
contig_25261_pilon:2046-1063          -            328 27592at314147        -            329   9.4e-28   93.8  17.2   1   1   1.3e-28     2e-27   92.6  17.2    39   301    37   312    13   326 0.79 -
NW_025965319.1_RagTag:190258-191328   -            357 27592at314147        -            329   3.1e-26   88.8  12.9   1   1   2.7e-27   4.2e-26   88.3  12.9    34   304    34   318    17   343 0.84 -
NW_025965278.1_RagTag:275474-274923   -            184 27592at314147        -            329   5.4e-26   88.0   1.9   1   1   3.8e-27   6.1e-26   87.8   1.9   121   303     1   183     1   184 0.91 -
NW_025965295.1_RagTag:981139-979895   -            415 27592at314147        -            329     1e-24   83.7  20.2   1   1   8.9e-26   1.4e-24   83.3  20.2    26   312    91   384    73   392 0.82 -
NW_025965256.1_RagTag:853503-854828   -            442 27592at314147        -            329   7.7e-23   77.6  14.2   1   2   2.9e-19   4.6e-18   61.9   6.9    37   219    32   227    17   243 0.77 -
NW_025965256.1_RagTag:853503-854828   -            442 27592at314147        -            329   7.7e-23   77.6  14.2   2   2   1.4e-06   2.2e-05   20.2   0.7   232   301   269   342   255   366 0.70 -
NW_025965230.1_RagTag:352259-351105   -            385 27592at314147        -            329   2.2e-22   76.1   8.7   1   1   2.7e-23   4.2e-22   75.2   8.7    33   311    45   335    37   343 0.77 -
NW_025965321.1_RagTag:4467400-4468179 -            237 27592at314147        -            329   1.9e-21   73.0  20.5   1   2   1.6e-19   2.4e-18   62.8   9.0    32   160    27   157    19   160 0.91 -
NW_025965321.1_RagTag:4467400-4468179 -            237 27592at314147        -            329   1.9e-21   73.0  20.5   2   2   2.6e-05   0.00041   16.1   4.0   183   254   161   225   157   230 0.85 -
contig_67641_pilon:774-58             -            239 27592at314147        -            329   7.1e-19   64.6  20.9   1   1   1.8e-19   2.9e-18   62.6  20.9    33   256     5   238     1   239 0.78 -
NW_025965161.1_RagTag:422258-421552   -            215 27592at314147        -            329   1.3e-18   63.7   1.3   1   1     1e-19   1.6e-18   63.4   1.3    34   212    24   213     6   215 0.78 -
NW_025965421.1_RagTag:181807-182473   -            201 27592at314147        -            329   6.6e-16   54.8   1.3   1   2   6.9e-10   1.1e-08   31.1   0.0    91   160    11    79     4   128 0.81 -
NW_025965421.1_RagTag:181807-182473   -            201 27592at314147        -            329   6.6e-16   54.8   1.3   2   2   2.1e-07   3.3e-06   22.9   0.6   232   301   128   200   123   201 0.76 -
NW_025965307.1_RagTag:989220-990869   -            550 27592at314147        -            329   9.2e-16   54.3  10.1   1   2   6.7e-13     1e-11   41.0   6.1    30   207    70   250    53   270 0.79 -
NW_025965307.1_RagTag:989220-990869   -            550 27592at314147        -            329   9.2e-16   54.3  10.1   2   2   4.8e-05   0.00076   15.2   0.1   234   297   488   549   468   550 0.83 -
NW_025965322.1_RagTag:1960357-1959483 -            226 27592at314147        -            329     1e-13   47.6   5.2   1   2   2.4e-10   3.7e-09   32.6   0.9    59   131    27   102     9   114 0.88 -
NW_025965322.1_RagTag:1960357-1959483 -            226 27592at314147        -            329     1e-13   47.6   5.2   2   2   9.9e-06   0.00016   17.4   0.3   231   299   138   209   110   218 0.79 -
NW_025965323.1_RagTag:1326522-1325617 -            302 27592at314147        -            329   3.1e-13   46.1  13.9   1   1   2.7e-14   4.3e-13   45.6  13.9    41   303     5   283     2   298 0.74 -
NW_025965256.1_RagTag:1116929-1115802 -            376 27592at314147        -            329   6.8e-13   44.9  15.6   1   1     6e-14   9.4e-13   44.4  15.6    29   307    40   313    33   321 0.78 -
NW_025965316.1_RagTag:3970847-3970154 -            182 27592at314147        -            329   7.9e-12   41.4   1.5   1   2   1.3e-05    0.0002   17.1   0.3    29    78    36    86    22    89 0.75 -
NW_025965316.1_RagTag:3970847-3970154 -            182 27592at314147        -            329   7.9e-12   41.4   1.5   2   2   3.8e-08   6.1e-07   25.4   0.2   122   210    84   171    82   181 0.84 -
contig_27735_pilon:496-10             -            160 27592at314147        -            329   3.1e-10   36.2   4.9   1   1   2.3e-11   3.6e-10   35.9   4.9    30   141    27   139     5   157 0.76 -
NW_025965182.1_RagTag:1858969-1859367 -            133 27592at314147        -            329   4.6e-10   35.6   5.8   1   1   3.2e-11     5e-10   35.5   5.8    28   131    22   129     4   133 0.84 -
NW_025965426.1_RagTag:65725-66621     -            299 27592at314147        -            329   8.3e-10   34.8  13.6   1   1   1.6e-10   2.5e-09   33.2  13.6    37   157    30   154     2   289 0.84 -
NW_025965322.1_RagTag:1960303-1959611 -            170 27592at314147        -            329   1.6e-09   33.8   4.9   1   2   1.4e-10   2.3e-09   33.3   0.9    60   131    10    84     3    97 0.87 -
NW_025965322.1_RagTag:1960303-1959611 -            170 27592at314147        -            329   1.6e-09   33.8   4.9   2   2      0.38       5.9    2.4   0.2   230   255   120   145    92   154 0.78 -
NW_025965054.1_RagTag:8388-7809       -            191 27592at314147        -            329   1.1e-08   31.0   1.1   1   1   8.4e-10   1.3e-08   30.8   1.1    31   153    26   152     3   178 0.85 -
NW_025965148.1_RagTag:251890-251081   -            270 27592at314147        -            329   1.9e-08   30.3   6.0   1   2   6.5e-07     1e-05   21.3   2.3    74   178     4   113     1   166 0.80 -
NW_025965148.1_RagTag:251890-251081   -            270 27592at314147        -            329   1.9e-08   30.3   6.0   2   2   0.00092     0.014   11.0   0.1   229   283   216   270   193   270 0.87 -
contig_68255_pilon:901-34             -            262 27592at314147        -            329   2.3e-08   30.0   4.4   1   1   2.2e-09   3.5e-08   29.4   4.4    17   140     8   133     4   162 0.73 -
NW_025965230.1_RagTag:1057613-1056714 -            300 27592at314147        -            329   8.6e-08   28.1  12.8   1   1   2.5e-08   3.9e-07   26.0  12.8    35   303    28   299    19   300 0.68 -
NW_025965235.1_RagTag:60637-59771     -            289 27592at314147        -            329     2e-07   26.9   9.9   1   1     3e-08   4.8e-07   25.7   9.9    35   233    35   245     2   262 0.67 -
NW_025965101.1_RagTag:53784-23313     -            277 27592at314147        -            329   3.9e-07   26.0   6.3   1   3   2.5e-08   3.9e-07   26.0   6.3    31   149    26   148     9   162 0.80 -
NW_025965101.1_RagTag:53784-23313     -            277 27592at314147        -            329   3.9e-07   26.0   6.3   2   3      0.77        12    1.3   0.2    71    93   155   177   145   201 0.76 -
NW_025965101.1_RagTag:53784-23313     -            277 27592at314147        -            329   3.9e-07   26.0   6.3   3   3       1.8        28    0.2   0.1   229   302   213   276   175   277 0.59 -
NW_025965140.1_RagTag:1050743-1049919 -            243 27592at314147        -            329   7.8e-07   25.0   3.5   1   2   8.6e-07   1.3e-05   20.9   1.4    45   150     2   109     1   137 0.78 -
NW_025965140.1_RagTag:1050743-1049919 -            243 27592at314147        -            329   7.8e-07   25.0   3.5   2   2     0.087       1.4    4.5   0.0   271   304   200   234   143   241 0.72 -
NW_025965352.1_RagTag:14186-14813     -            207 27592at314147        -            329   8.1e-07   24.9   4.5   1   1     7e-08   1.1e-06   24.5   4.5    39   159    38   160    20   167 0.80 -
contig_31446_pilon:626-132            -            165 27592at314147        -            329   8.2e-07   24.9   4.5   1   1     6e-08   9.5e-07   24.7   4.5    28   134    19   129     7   153 0.83 -
NW_025965313.1_RagTag:66003-66494     -            164 27592at314147        -            329   8.4e-07   24.9   8.8   1   1   6.5e-08     1e-06   24.6   8.8    27   130    20   127    12   160 0.79 -
NW_025965146.1_RagTag:101503-100609   -            285 27592at314147        -            329     1e-06   24.6  19.2   1   1   7.2e-07   1.1e-05   21.2  19.2    27   303    22   284     5   285 0.63 -
contig_11065_pilon:1196-711           -            162 27592at314147        -            329   1.2e-06   24.4   3.7   1   1   9.3e-08   1.5e-06   24.1   3.7    26   132    19   129     8   136 0.79 -
NW_025965008.1_RagTag:183941-179497   -            147 27592at314147        -            329   1.2e-06   24.3   6.1   1   1   9.8e-08   1.5e-06   24.0   6.1    25   130    14   116     6   132 0.83 -
NW_025965426.1_RagTag:110740-109837   -            297 27592at314147        -            329   2.2e-06   23.5   3.8   1   2   1.4e-07   2.2e-06   23.5   3.8    41   159    32   154    19   170 0.75 -
NW_025965426.1_RagTag:110740-109837   -            297 27592at314147        -            329   2.2e-06   23.5   3.8   2   2       5.4        85   -1.4   0.2   234   234   236   236   180   295 0.52 -
NW_025965313.1_RagTag:72608-73156     -            183 27592at314147        -            329   2.7e-06   23.2   9.0   1   1   2.3e-07   3.6e-06   22.8   9.0    26   129     9   116     6   130 0.83 -
NW_025965250.1_RagTag:33393-32875     -            173 27592at314147        -            329   3.3e-06   22.9   5.7   1   2   2.1e-07   3.3e-06   22.9   5.7    42   130    24   116     7   122 0.85 -
NW_025965250.1_RagTag:33393-32875     -            173 27592at314147        -            329   3.3e-06   22.9   5.7   2   2       5.4        85   -1.4   0.1    67    91   138   162   129   168 0.58 -
NW_025965307.1_RagTag:60810-79018     -            243 27592at314147        -            329   3.3e-06   22.9   5.7   1   2   2.5e-06     4e-05   19.4   3.8    31   132    28   133     7   156 0.78 -
NW_025965307.1_RagTag:60810-79018     -            243 27592at314147        -            329   3.3e-06   22.9   5.7   2   2      0.16       2.5    3.6   0.0   278   303   217   242   173   243 0.70 -
contig_67131_pilon:1249-312           -            306 27592at314147        -            329   3.4e-06   22.9   6.8   1   1   2.7e-07   4.3e-06   22.6   6.2    29   130    37   142    16   175 0.78 -
contig_23379_pilon:2126-1275          -            284 27592at314147        -            329   4.3e-06   22.6   6.5   1   1   2.7e-07   4.3e-06   22.6   6.5    31   131    34   138    28   166 0.81 -
contig_45643_pilon:2022-1121          -            299 27592at314147        -            329   5.4e-06   22.2  11.1   1   1   4.7e-07   7.4e-06   21.8  11.1    26   249    19   251     2   298 0.66 -
NW_025965405.1_RagTag:31012-31872     -            287 27592at314147        -            329   5.8e-06   22.1   6.2   1   1   6.5e-07     1e-05   21.3   6.2    30   137    27   138     7   166 0.82 -
NW_025965182.1_RagTag:1842087-1841159 -            308 27592at314147        -            329     8e-06   21.7  13.4   1   1   1.5e-05   0.00024   16.8  13.4    26   158    23   157    11   303 0.83 -
NW_025965266.1_RagTag:245825-244296   -            282 27592at314147        -            329   8.8e-06   21.5   8.9   1   1   7.9e-07   1.2e-05   21.0   8.9    26   135    44   157    22   249 0.76 -
NW_025965305.1_RagTag:1655528-1654657 -            283 27592at314147        -            329   9.9e-06   21.4   5.4   1   2   6.3e-07   9.9e-06   21.4   5.4    20   157     7   154     2   161 0.80 -
NW_025965305.1_RagTag:1655528-1654657 -            283 27592at314147        -            329   9.9e-06   21.4   5.4   2   2       1.7        27    0.2   1.5    40    96   200   260   176   278 0.65 -
NW_025965313.1_RagTag:72611-73496     -            284 27592at314147        -            329     1e-05   21.3   8.8   1   1   6.4e-07     1e-05   21.3   8.8    26   129     8   115     5   128 0.83 -
contig_11065_pilon:1196-296           -            288 27592at314147        -            329     1e-05   21.3   4.4   1   2   6.6e-07     1e-05   21.3   4.4    26   132    19   129     9   137 0.79 -
contig_11065_pilon:1196-296           -            288 27592at314147        -            329     1e-05   21.3   4.4   2   2       2.4        39   -0.3   0.1   281   304   263   286   227   288 0.71 -
NW_025965407.1_RagTag:8718-7813       -            302 27592at314147        -            329     1e-05   21.3  12.6   1   1   1.3e-06   2.1e-05   20.3  12.6    33   223    27   230    17   300 0.71 -
NW_025965343.1_RagTag:72765-71903     -            212 27592at314147        -            329   1.2e-05   21.1  14.7   1   3   1.4e-05   0.00022   17.0   2.9    26    89     9    69     1    87 0.72 -
NW_025965343.1_RagTag:72765-71903     -            212 27592at314147        -            329   1.2e-05   21.1  14.7   2   3      0.73        11    1.4   0.1   112   152    66   106    59   116 0.75 -
NW_025965343.1_RagTag:72765-71903     -            212 27592at314147        -            329   1.2e-05   21.1  14.7   3   3    0.0024     0.037    9.6   3.0   233   294   123   187   105   199 0.74 -
NW_025965146.1_RagTag:107958-108871   -            289 27592at314147        -            329   1.4e-05   20.9   7.8   1   1   1.8e-05   0.00028   16.6   7.8    28   303    21   285    16   288 0.65 -
NW_025965426.1_RagTag:28199-27276     -            308 27592at314147        -            329   1.5e-05   20.8  18.3   1   1   4.9e-06   7.7e-05   18.4  18.3    38   292    33   292    17   304 0.73 -
NW_025965080.1_RagTag:598491-599370   -            289 27592at314147        -            329   2.8e-05   19.9  12.1   1   1   9.1e-06   0.00014   17.5  12.1    33   303    18   288     2   289 0.71 -
NW_025965078.1_RagTag:712420-711725   -            232 27592at314147        -            329   2.8e-05   19.9  15.3   1   1   3.4e-06   5.4e-05   18.9  15.3    31   156    38   163    30   220 0.68 -
contig_26960_pilon:493-1408           -            302 27592at314147        -            329   3.3e-05   19.7   9.4   1   1   1.6e-05   0.00024   16.8   9.4    32   303    28   299    20   301 0.65 -
contig_57973_pilon:1283-390           -            298 27592at314147        -            329   3.4e-05   19.6   9.6   1   1   1.1e-05   0.00017   17.3   9.6    31   160    20   155     3   298 0.63 -
contig_14807_pilon:1469-638           -            273 27592at314147        -            329   3.6e-05   19.5   3.8   1   1   2.3e-06   3.6e-05   19.5   3.8    34   131     6   103     3   130 0.79 -
NW_025965324.1_RagTag:3944352-3943433 -            303 27592at314147        -            329   5.3e-05   19.0   5.9   1   1   3.4e-06   5.3e-05   19.0   5.9    33   131    33   135    20   158 0.75 -
contig_36220_pilon:1250-2170          -            307 27592at314147        -            329   5.6e-05   18.9  14.7   1   1   2.1e-05   0.00034   16.3  14.7    28   299    25   299    17   306 0.60 -
NW_025965151.1_RagTag:9979-9395       -            195 27592at314147        -            329   6.6e-05   18.7   2.9   1   1   4.2e-06   6.6e-05   18.7   2.9   108   138    84   114     5   126 0.79 -
NW_025965235.1_RagTag:62433-61518     -            300 27592at314147        -            329   6.8e-05   18.6   2.5   1   1   4.3e-06   6.8e-05   18.6   2.5    15   155     5   150     3   158 0.70 -
contig_38642_pilon:2280-1668          -            164 27592at314147        -            329   8.8e-05   18.2   0.3   1   2   0.00017    0.0026   13.4   0.0   113   143     7    37     3    69 0.77 -
contig_38642_pilon:2280-1668          -            164 27592at314147        -            329   8.8e-05   18.2   0.3   2   2      0.18       2.9    3.4   0.0   271   305   122   157    72   161 0.68 -
NW_025965057.1_RagTag:7581-6671       -            299 27592at314147        -            329   9.3e-05   18.2  17.8   1   1     1e-05   0.00016   17.4  17.8    27   223    20   227     3   298 0.76 -
NW_025965331.1_RagTag:94452-97432     -            301 27592at314147        -            329   9.4e-05   18.2   0.8   1   1     6e-06   9.4e-05   18.2   0.8    44   149    46   159    24   173 0.64 -
NW_025965581.1_RagTag:2793-3509       -            239 27592at314147        -            329    0.0001   18.1   7.8   1   1   8.2e-06   0.00013   17.7   7.8    38   214    33   223    12   236 0.63 -
NW_025965426.1_RagTag:16554-71915     -            291 27592at314147        -            329    0.0001   18.0  18.8   1   1   1.4e-05   0.00022   16.9  18.3    38   212    16   204     4   245 0.74 -
NW_025965320.1_RagTag:900507-899674   -            264 27592at314147        -            329   0.00011   17.9  10.4   1   2   7.8e-06   0.00012   17.8   9.4    34   140     2   111     1   191 0.72 -
NW_025965320.1_RagTag:900507-899674   -            264 27592at314147        -            329   0.00011   17.9  10.4   2   2         8   1.3e+02   -2.0   0.1   270   304   162   195   152   207 0.65 -
NW_025965008.1_RagTag:215030-201358   -            296 27592at314147        -            329   0.00012   17.8  16.9   1   1   1.1e-05   0.00017   17.3  16.9    27   258    20   253     8   296 0.61 -
NW_025965426.1_RagTag:88035-78408     -            295 27592at314147        -            329   0.00013   17.7  13.1   1   1   2.2e-05   0.00035   16.3  13.1    39   299    23   288    11   293 0.67 -
NW_025965305.1_RagTag:1658252-1659099 -            275 27592at314147        -            329   0.00014   17.5  10.5   1   1    0.0004    0.0063   12.2  10.5    38   151    13   130     1   275 0.83 -
contig_75679_pilon:841-1732           -            295 27592at314147        -            329   0.00016   17.4  17.3   1   1   3.8e-05   0.00059   15.5  17.3    25   301    14   291     4   295 0.66 -
contig_19626_pilon:1319-2246          -            307 27592at314147        -            329   0.00019   17.2  16.3   1   1   0.00018    0.0028   13.3  16.3    27   304    24   302    18   307 0.54 -
contig_30879_pilon:3584-2657          -            305 27592at314147        -            329    0.0002   17.1  16.7   1   1   0.00014    0.0022   13.6  16.7    17   149    12   148     5   305 0.83 -
contig_48637_pilon:1312-407           -            302 27592at314147        -            329   0.00025   16.8  11.2   1   1   2.3e-05   0.00036   16.2  11.2    26   207    19   212    16   257 0.71 -
NW_025965426.1_RagTag:16724-114327    -            212 27592at314147        -            329   0.00026   16.7   8.8   1   1   0.00015    0.0023   13.6   8.8   112   306    16   211     9   212 0.58 -
NW_025965320.1_RagTag:848571-848158   -            138 27592at314147        -            329   0.00032   16.4   4.2   1   1   2.5e-05   0.00039   16.1   4.2    27   129    20   126     9   135 0.76 -
contig_45575_pilon:1243-2022          -            243 27592at314147        -            329   0.00036   16.2   2.0   1   1   8.4e-05    0.0013   14.4   2.0   110   154    56   100    35   243 0.78 -
NW_025965352.1_RagTag:41240-40296     -            315 27592at314147        -            329   0.00044   15.9  12.2   1   1   5.1e-05    0.0008   15.1  12.0    41   212    46   231    27   264 0.67 -
contig_44821_pilon:583-29             -            185 27592at314147        -            329   0.00045   15.9   9.0   1   1   4.7e-05   0.00074   15.2   8.8    23   149    19   148    13   161 0.77 -
NW_025965123.1_RagTag:1816714-1817616 -            301 27592at314147        -            329   0.00068   15.3  15.0   1   1   0.00032     0.005   12.5  15.0    31   303    24   296     8   299 0.68 -
NW_025965023.1_RagTag:902040-902803   -            238 27592at314147        -            329   0.00087   15.0   8.0   1   1     0.001     0.016   10.8   8.0    93   132    41    80     3   236 0.76 -
NW_025965054.1_RagTag:13789-14400     -            169 27592at314147        -            329    0.0013   14.4   0.1   1   2    0.0004    0.0062   12.2   0.0   109   149     6    46     2    75 0.72 -
NW_025965054.1_RagTag:13789-14400     -            169 27592at314147        -            329    0.0013   14.4   0.1   2   2       1.6        26    0.3   0.0   283   303   145   165   107   168 0.84 -
NW_025965305.1_RagTag:1691060-1691545 -            162 27592at314147        -            329    0.0019   13.9   3.6   1   1   0.00018    0.0028   13.3   3.6    44   149     4   113     1   128 0.77 -
NW_025965008.1_RagTag:215033-201349   -            281 27592at314147        -            329    0.0025   13.5  15.1   1   1   0.00044     0.007   12.0  15.1    27   194    21   193     9   279 0.74 -
NW_025965247.1_RagTag:77448-77690     -             81 27592at314147        -            329    0.0033   13.1   0.0   1   1   0.00024    0.0038   12.9   0.0   229   292    14    78     2    80 0.68 -
NW_025965140.1_RagTag:853176-852295   -            294 27592at314147        -            329    0.0035   13.0  17.3   1   1   0.00073     0.012   11.3  17.3    31   137    24   134     6   294 0.83 -
contig_19055_pilon:1689-777           -            302 27592at314147        -            329    0.0043   12.7  11.7   1   1    0.0019     0.029   10.0  11.7   108   306   106   301    87   302 0.52 -
contig_30302_pilon:2113-1269          -            253 27592at314147        -            329    0.0051   12.5  13.6   1   1    0.0003    0.0047   12.6  11.5    34   149    12   125     3   200 0.56 -
NW_025965315.1_RagTag:2553422-2554338 -            263 27592at314147        -            329    0.0056   12.3   8.3   1   2    0.0005    0.0079   11.8   5.0   105   148    85   128    18   139 0.70 -
NW_025965315.1_RagTag:2553422-2554338 -            263 27592at314147        -            329    0.0056   12.3   8.3   2   2       1.9        30    0.1   0.1   279   303   235   259   191   261 0.60 -
NW_025965331.1_RagTag:92489-91727     -            250 27592at314147        -            329     0.012   11.3   8.1   1   1    0.0055     0.087    8.4   8.1    94   148    46    98    10   250 0.60 -
NW_025965320.1_RagTag:880988-851125   -            266 27592at314147        -            329       0.1    8.2  12.3   1   2    0.0052     0.082    8.5   0.5    33    83    25    71    13    80 0.75 -
NW_025965320.1_RagTag:880988-851125   -            266 27592at314147        -            329       0.1    8.2  12.3   2   2     0.084       1.3    4.5   3.2   109   131    81   103    73   208 0.87 -
#
# Program:         hmmsearch
# Version:         3.1b2 (February 2015)
# Pipeline mode:   SEARCH
# Query file:      /home/bgerda/guppy_SUP/busco_downloads/lineages/glires_odb10/hmms/27592at314147.hmm
# Target file:     /home/bgerda/guppy_SUP/busco_results_flye/run_glires_odb10/metaeuk_output/initial_results/ragtag.scaffold.fasta.modified.fas
# Option settings: hmmsearch --domtblout /home/bgerda/guppy_SUP/busco_results_flye/run_glires_odb10/hmmer_output/initial_run_results/27592at314147.out --cpu 1 /home/bgerda/guppy_SUP/busco_downloads/lineages/glires_odb10/hmms/27592at314147.hmm /home/bgerda/guppy_SUP/busco_results_flye/run_glires_odb10/metaeuk_output/initial_results/ragtag.scaffold.fasta.modified.fas 
# Current dir:     /home/bgerda/guppy_SUP
# Date:            Sun May 21 17:17:00 2023
# [ok]
