#                                                                                             --- full sequence --- -------------- this domain -------------   hmm coord   ali coord   env coord
# target name                         accession   tlen query name           accession   qlen   E-value  score  bias   #  of  c-Evalue  i-Evalue  score  bias  from    to  from    to  from    to  acc description of target
#                 ------------------- ---------- ----- -------------------- ---------- ----- --------- ------ ----- --- --- --------- --------- ------ ----- ----- ----- ----- ----- ----- ----- ---- ---------------------
NW_025965426.1_RagTag:88035-78408     -            295 27824at314147        -            297   2.2e-89  296.5  20.4   1   1   2.7e-90   2.5e-89  296.3  20.4     4   287     2   293     1   295 0.95 -
NW_025965426.1_RagTag:110740-109837   -            297 27824at314147        -            297   4.1e-84  279.2  20.5   1   1   5.1e-85   4.7e-84  279.0  20.5     1   283    10   296    10   297 0.93 -
NW_025965426.1_RagTag:65725-66621     -            299 27824at314147        -            297   5.5e-81  268.9  26.1   1   1   6.7e-82   6.2e-81  268.7  26.1     1   282     8   297     8   299 0.93 -
NW_025965352.1_RagTag:41240-40296     -            315 27824at314147        -            297   8.5e-72  238.7  20.2   1   1   1.1e-72   9.8e-72  238.6  20.2     1   284    20   311    20   315 0.93 -
NW_025965426.1_RagTag:16554-71915     -            291 27824at314147        -            297   9.3e-72  238.6  26.3   1   1   1.2e-72   1.1e-71  238.4  26.3    10   288     2   288     1   290 0.91 -
NW_025965426.1_RagTag:110716-40808    -            261 27824at314147        -            297   2.1e-71  237.4  14.0   1   1   2.9e-72   2.7e-71  237.1  14.0     1   266     2   261     2   261 0.93 -
NW_025965426.1_RagTag:28199-27276     -            308 27824at314147        -            297   8.1e-70  232.2  23.1   1   1   1.1e-70     1e-69  232.0  23.1     1   283    10   300    10   307 0.94 -
NW_025965352.1_RagTag:4551-3730       -            274 27824at314147        -            297   5.1e-57  190.2  21.6   1   1   6.8e-58   6.3e-57  189.9  21.6    25   286     2   270     1   273 0.94 -
NW_025965352.1_RagTag:14186-14813     -            207 27824at314147        -            297   3.2e-52  174.5  15.1   1   1   4.4e-53   4.1e-52  174.1  15.1     4   186    17   204    14   206 0.93 -
NW_025965317.1_RagTag:2643605-2644525 -            307 27824at314147        -            297   1.7e-43  145.8  17.0   1   1   2.4e-44   2.2e-43  145.5  17.0    20   283    31   307    19   307 0.87 -
NW_025965352.1_RagTag:27074-26319     -            252 27824at314147        -            297   4.6e-43  144.4  15.2   1   1   5.5e-44   5.1e-43  144.3  15.2    44   284     1   248     1   252 0.90 -
NW_025965274.1_RagTag:27055-27957     -            301 27824at314147        -            297   7.8e-42  140.4  24.4   1   1   9.3e-43   8.6e-42  140.2  24.4    12   287    15   296     4   301 0.86 -
contig_72712_pilon:604-1510           -            297 27824at314147        -            297   1.5e-40  136.1  25.0   1   1   1.9e-41   1.7e-40  136.0  25.0    12   286    20   295     9   297 0.85 -
contig_30879_pilon:3584-2657          -            305 27824at314147        -            297   1.1e-39  133.3  21.1   1   1   1.5e-40   1.4e-39  133.0  21.1    16   288    24   303    16   305 0.87 -
contig_26960_pilon:493-1408           -            302 27824at314147        -            297   4.3e-39  131.4  16.5   1   1   5.6e-40   5.2e-39  131.1  16.5    21   287    31   300    16   302 0.85 -
NW_025965274.1_RagTag:6040-6949       -            298 27824at314147        -            297   9.7e-39  130.2  23.3   1   1   1.2e-39   1.1e-38  130.1  23.3    12   286    20   295     9   298 0.85 -
NW_025965123.1_RagTag:1816714-1817616 -            301 27824at314147        -            297   5.9e-38  127.7  21.9   1   1   7.2e-39   6.7e-38  127.5  21.9     1   287     8   297     8   301 0.86 -
NW_025965426.1_RagTag:16724-114327    -            212 27824at314147        -            297   7.2e-38  127.4   9.1   1   1     1e-38   9.2e-38  127.0   9.1   100   283    17   205     3   211 0.93 -
NW_025965324.1_RagTag:3944352-3943433 -            303 27824at314147        -            297   2.9e-37  125.4  22.4   1   1   3.6e-38   3.4e-37  125.2  22.4     1   286    15   302    15   303 0.85 -
contig_57973_pilon:1283-390           -            298 27824at314147        -            297   3.1e-37  125.3  14.6   1   1   4.1e-38   3.8e-37  125.0  14.6     5   287     8   296     4   298 0.80 -
NW_025965305.1_RagTag:1658252-1659099 -            275 27824at314147        -            297   6.2e-37  124.3  19.7   1   1   9.6e-38   8.8e-37  123.8  19.7    21   286    10   271     2   274 0.81 -
NW_025965101.1_RagTag:64024-64942     -            302 27824at314147        -            297   6.3e-37  124.3  22.3   1   1     8e-38   7.4e-37  124.0  22.3    14   286    21   295     8   301 0.83 -
NW_025965182.1_RagTag:1842087-1841159 -            308 27824at314147        -            297   1.4e-36  123.1  20.6   1   1     2e-37   1.8e-36  122.8  20.6    23   285    34   300    20   304 0.82 -
NW_025965407.1_RagTag:8718-7813       -            302 27824at314147        -            297   1.6e-36  122.9  20.9   1   1     2e-37   1.8e-36  122.8  20.9    12   286    20   300     9   302 0.86 -
NW_025965431.1_RagTag:15927-16824     -            297 27824at314147        -            297   2.4e-36  122.4  22.7   1   1   3.2e-37     3e-36  122.0  22.7     4   288     5   293     2   296 0.79 -
NW_025965008.1_RagTag:215030-201358   -            296 27824at314147        -            297   1.8e-35  119.5  28.8   1   1   2.2e-36     2e-35  119.3  28.8     2   286     9   295     8   296 0.83 -
NW_025965123.1_RagTag:1711444-1710527 -            306 27824at314147        -            297   1.9e-35  119.4  25.9   1   1   2.5e-36   2.3e-35  119.1  25.9    14   286    21   298     8   304 0.83 -
NW_025965431.1_RagTag:38831-37914     -            306 27824at314147        -            297   2.4e-35  119.1  19.5   1   1   3.1e-36   2.9e-35  118.8  19.5    20   286    31   303    22   306 0.82 -
NW_025965138.1_RagTag:16292-15471     -            274 27824at314147        -            297   3.6e-35  118.5  22.9   1   1   4.3e-36     4e-35  118.4  22.9    19   286     3   273     1   274 0.83 -
contig_45643_pilon:2022-1121          -            299 27824at314147        -            297     4e-35  118.4  22.2   1   1   4.7e-36   4.4e-35  118.2  22.2    16   286    23   298     8   299 0.82 -
NW_025965331.1_RagTag:92489-91727     -            250 27824at314147        -            297   1.2e-34  116.8  11.1   1   1   1.6e-35   1.5e-34  116.5  11.1    44   285     6   249     3   250 0.90 -
contig_14807_pilon:1469-638           -            273 27824at314147        -            297   1.5e-34  116.4  15.0   1   1   1.9e-35   1.7e-34  116.3  15.0    15   284     1   272     1   273 0.88 -
contig_75679_pilon:841-1732           -            295 27824at314147        -            297   1.6e-34  116.4  23.7   1   1   1.9e-35   1.8e-34  116.2  23.7    14   286    17   293     4   295 0.81 -
NW_025965636.1_RagTag:15151-17852     -            294 27824at314147        -            297     2e-34  116.1  27.5   1   1   2.4e-35   2.2e-34  115.9  27.5    10   289    17   292     8   294 0.85 -
NW_025965008.1_RagTag:215033-201349   -            281 27824at314147        -            297   2.3e-34  115.8  24.1   1   2   2.6e-19   2.4e-18   63.3   9.5     2   128    10   139     9   140 0.91 -
NW_025965008.1_RagTag:215033-201349   -            281 27824at314147        -            297   2.3e-34  115.8  24.1   2   2   4.4e-18   4.1e-17   59.2   7.1   148   287   139   278   136   281 0.82 -
contig_70120_pilon:673-1551           -            293 27824at314147        -            297   3.2e-34  115.4  20.5   1   1   3.9e-35   3.6e-34  115.2  20.5     8   286     9   292     1   293 0.80 -
contig_56588_pilon:2328-1531          -            266 27824at314147        -            297   3.5e-34  115.2  22.2   1   1   4.3e-35   3.9e-34  115.1  22.2    29   286     2   265     1   266 0.87 -
NW_025965123.1_RagTag:1929321-1843492 -            299 27824at314147        -            297   4.4e-34  114.9  24.9   1   1     6e-35   5.6e-34  114.6  24.9    13   285    21   297     9   298 0.83 -
NW_025965101.1_RagTag:53784-23313     -            277 27824at314147        -            297   6.2e-34  114.4  18.8   1   2     3e-28   2.8e-27   92.6  13.9     4   182    13   197    10   199 0.86 -
NW_025965101.1_RagTag:53784-23313     -            277 27824at314147        -            297   6.2e-34  114.4  18.8   2   2   1.9e-08   1.8e-07   27.6   0.9   196   285   191   276   190   277 0.85 -
NW_025965008.1_RagTag:162738-163665   -            290 27824at314147        -            297   6.3e-34  114.4  22.8   1   1   2.9e-34   2.7e-33  112.4  22.8     1   287    12   286    12   289 0.84 -
contig_45284_pilon:1200-2107          -            300 27824at314147        -            297   1.3e-33  113.4  28.1   1   1   1.6e-34   1.5e-33  113.2  28.1    19   284    27   294     9   299 0.86 -
NW_025965431.1_RagTag:7900-8679       -            260 27824at314147        -            297   2.2e-33  112.6  19.9   1   1   2.8e-34   2.6e-33  112.4  19.9    40   285     4   255     1   259 0.81 -
NW_025965320.1_RagTag:840022-839114   -            303 27824at314147        -            297   3.7e-33  111.9  21.4   1   1   4.4e-34   4.1e-33  111.8  21.4    17   286    28   303    12   303 0.83 -
NW_025965140.1_RagTag:853176-852295   -            294 27824at314147        -            297   4.2e-33  111.7  23.0   1   1   5.1e-34   4.7e-33  111.5  23.0    15   281    22   294     8   294 0.84 -
contig_68255_pilon:901-34             -            262 27824at314147        -            297   4.9e-33  111.5  18.9   1   1   4.9e-33   4.5e-32  108.3  18.9    18   271    29   262    12   262 0.89 -
NW_025965223.1_RagTag:142315-141397   -            298 27824at314147        -            297   6.1e-33  111.2  28.5   1   1   1.2e-33   1.1e-32  110.3  28.5    13   288    20   293     8   296 0.83 -
NW_025965230.1_RagTag:1057613-1056714 -            300 27824at314147        -            297   6.7e-33  111.1  20.8   1   1   8.8e-34   8.2e-33  110.8  20.8    13   286    18   299     8   300 0.80 -
contig_67131_pilon:1249-312           -            306 27824at314147        -            297   7.4e-33  110.9  20.3   1   1   9.8e-34     9e-33  110.6  20.3    20   285    42   306    25   306 0.83 -
NW_025965320.1_RagTag:879423-878506   -            306 27824at314147        -            297     1e-32  110.4  23.0   1   1   1.3e-33   1.2e-32  110.2  23.0    17   284    33   306    18   306 0.86 -
NW_025965080.1_RagTag:598491-599370   -            289 27824at314147        -            297   1.1e-32  110.4  17.9   1   1   1.4e-33   1.3e-32  110.1  17.9    20   286    23   288     6   289 0.82 -
NW_025965151.1_RagTag:2674-3609       -            290 27824at314147        -            297   1.1e-32  110.4  19.6   1   2   1.3e-11   1.2e-10   38.0   6.4     1    93    12   107    12   128 0.90 -
NW_025965151.1_RagTag:2674-3609       -            290 27824at314147        -            297   1.1e-32  110.4  19.6   2   2   9.6e-24   8.9e-23   77.8   6.2   145   288   141   284   108   288 0.84 -
NW_025965320.1_RagTag:900507-899674   -            264 27824at314147        -            297   2.2e-32  109.4  19.1   1   1   2.7e-33   2.5e-32  109.2  19.1    20   287     2   262     1   264 0.86 -
NW_025965123.1_RagTag:1718891-1717962 -            310 27824at314147        -            297   2.7e-32  109.1  23.2   1   1   3.7e-33   3.4e-32  108.7  23.2     2   286    13   303    12   308 0.83 -
NW_025965146.1_RagTag:101503-100609   -            285 27824at314147        -            297   3.4e-32  108.7  20.0   1   1   8.8e-33   8.1e-32  107.5  20.0    12   286    21   284    10   285 0.81 -
NW_025965306.1_RagTag:21655-22420     -            246 27824at314147        -            297   3.4e-32  108.7  15.8   1   1   4.2e-33   3.9e-32  108.6  15.8    43   286     3   244     1   246 0.83 -
contig_9927_pilon:1818-943            -            292 27824at314147        -            297   3.8e-32  108.6  17.6   1   1   5.4e-33     5e-32  108.2  17.6    19   286    15   288     3   291 0.82 -
NW_025965313.1_RagTag:1671616-1670725 -            295 27824at314147        -            297   3.8e-32  108.6  24.9   1   1   5.4e-33     5e-32  108.2  24.9    20   289    18   291     8   294 0.81 -
contig_72985_pilon:1524-2450          -            309 27824at314147        -            297   4.3e-32  108.4  24.1   1   1   5.9e-33   5.4e-32  108.1  24.1    12   287    25   306    14   308 0.82 -
NW_025965426.1_RagTag:62278-62697     -            140 27824at314147        -            297   5.8e-32  108.0   8.4   1   1   6.8e-33   6.3e-32  107.9   8.4   150   284     1   137     1   140 0.96 -
NW_025965305.1_RagTag:1655528-1654657 -            283 27824at314147        -            297   7.8e-32  107.6  26.9   1   1   4.7e-32   4.4e-31  105.1  26.9     1   279     8   282     8   283 0.84 -
contig_48637_pilon:1312-407           -            302 27824at314147        -            297   1.5e-31  106.6  20.8   1   1   1.8e-32   1.6e-31  106.5  20.8    17   286    24   299     8   302 0.82 -
NW_025965008.1_RagTag:175868-175071   -            266 27824at314147        -            297   1.6e-31  106.6  24.3   1   1   2.1e-32   1.9e-31  106.3  24.3     1   237    12   256    12   262 0.84 -
contig_59306_pilon:1348-2245          -            296 27824at314147        -            297   1.8e-31  106.4  16.4   1   1   2.3e-32   2.1e-31  106.1  16.4    21   280    34   295    19   296 0.83 -
NW_025965057.1_RagTag:7581-6671       -            299 27824at314147        -            297   1.8e-31  106.3  21.8   1   1   2.5e-32   2.3e-31  106.0  21.8    20   288    27   295     8   298 0.83 -
contig_36220_pilon:1250-2170          -            307 27824at314147        -            297   3.2e-31  105.5  22.5   1   1   4.5e-32   4.1e-31  105.2  22.5    20   286    31   303    14   306 0.82 -
NW_025965008.1_RagTag:223693-234352   -            306 27824at314147        -            297     1e-30  103.9  20.6   1   1   1.3e-31   1.2e-30  103.6  20.6     1   286    11   305    11   306 0.79 -
NW_025965008.1_RagTag:230160-174970   -            285 27824at314147        -            297   1.1e-30  103.8  21.4   1   1   1.4e-31   1.3e-30  103.6  21.4    19   283    17   284     2   285 0.87 -
NW_025965233.1_RagTag:201426-202343   -            306 27824at314147        -            297   1.1e-30  103.8  17.9   1   1   1.5e-31   1.4e-30  103.5  17.9    16   285    26   301    10   305 0.85 -
NW_025965203.1_RagTag:474900-475721   -            274 27824at314147        -            297   1.3e-30  103.5  20.3   1   1   1.6e-31   1.5e-30  103.4  20.3     2   270     2   274     1   274 0.83 -
NW_025965123.1_RagTag:1777274-1722033 -            296 27824at314147        -            297   1.4e-30  103.4  21.4   1   1   1.8e-31   1.6e-30  103.2  21.4     3   282    10   295     8   296 0.81 -
NW_025965080.1_RagTag:600357-601221   -            286 27824at314147        -            297   1.5e-30  103.4  22.7   1   1   1.9e-31   1.7e-30  103.1  22.7    16   271    22   278     7   285 0.82 -
NW_025965258.1_RagTag:3878-4798       -            307 27824at314147        -            297   1.9e-30  103.0  20.4   1   1   2.4e-31   2.2e-30  102.8  20.4    12   287    23   304    12   307 0.85 -
NW_025965331.1_RagTag:94452-97432     -            301 27824at314147        -            297   3.3e-30  102.2  17.0   1   1   4.3e-30     4e-29   98.7  17.0    20   286    36   301    17   301 0.79 -
NW_025965426.1_RagTag:97742-87151     -            162 27824at314147        -            297   5.7e-30  101.4   4.3   1   2   2.2e-10   2.1e-09   33.9   0.1    91   128     1    38     1    68 0.87 -
NW_025965426.1_RagTag:97742-87151     -            162 27824at314147        -            297   5.7e-30  101.4   4.3   2   2   4.7e-21   4.4e-20   69.0   1.2   194   282    68   157    60   161 0.92 -
contig_45575_pilon:1243-2022          -            243 27824at314147        -            297   1.3e-29  100.3   9.3   1   1   2.5e-30   2.3e-29   99.5   9.3    36   286     3   243     1   243 0.79 -
contig_11065_pilon:1196-296           -            288 27824at314147        -            297   2.2e-29   99.5  20.4   1   1   1.5e-29   1.3e-28   96.9  20.4    19   286    26   285     8   288 0.84 -
NW_025965636.1_RagTag:16959-17840     -            270 27824at314147        -            297   2.9e-29   99.1  27.1   1   2   4.5e-07   4.2e-06   23.1   3.3     9    68    13    72     5    80 0.85 -
NW_025965636.1_RagTag:16959-17840     -            270 27824at314147        -            297   2.9e-29   99.1  27.1   2   2   5.3e-25   4.9e-24   82.0  16.1    97   286    84   269    75   270 0.87 -
NW_025965574.1_RagTag:1186-283        -            296 27824at314147        -            297   8.2e-29   97.6  21.9   1   1   9.9e-30   9.2e-29   97.5  21.9    14   286    21   294     8   296 0.85 -
NW_025965140.1_RagTag:1050743-1049919 -            243 27824at314147        -            297   1.2e-28   97.1  12.5   1   2   1.8e-19   1.6e-18   63.8   8.4    30   175     1   150     1   159 0.87 -
NW_025965140.1_RagTag:1050743-1049919 -            243 27824at314147        -            297   1.2e-28   97.1  12.5   2   2   6.4e-11   5.9e-10   35.7   0.2   215   289   163   236   152   242 0.86 -
contig_23379_pilon:2126-1275          -            284 27824at314147        -            297   1.7e-28   96.6  21.7   1   1   2.2e-29   2.1e-28   96.3  21.7    20   238    37   263    18   281 0.81 -
contig_81842_pilon:1501-733           -            237 27824at314147        -            297   6.4e-28   94.7  12.8   1   1   1.4e-28   1.3e-27   93.7  12.8    43   286     3   233     1   236 0.82 -
NW_025965235.1_RagTag:62433-61518     -            300 27824at314147        -            297     8e-28   94.4  17.9   1   1   9.5e-29   8.8e-28   94.3  17.9    21   288    31   299    11   300 0.80 -
NW_025965123.1_RagTag:1758147-1868285 -            279 27824at314147        -            297   8.4e-28   94.3  21.9   1   1     1e-28   9.3e-28   94.2  21.9    20   284    21   278     2   279 0.81 -
NW_025965405.1_RagTag:31012-31872     -            287 27824at314147        -            297   1.3e-27   93.7  24.0   1   1   1.5e-28   1.4e-27   93.6  24.0     3   251    14   272    12   287 0.80 -
contig_19626_pilon:1319-2246          -            307 27824at314147        -            297   1.8e-27   93.2  24.7   1   1   2.5e-28   2.3e-27   92.9  24.7     4   288    15   303    12   306 0.81 -
NW_025965123.1_RagTag:1777286-1697764 -            311 27824at314147        -            297     2e-27   93.0  23.9   1   1   2.7e-28   2.5e-27   92.8  23.9     3   286    14   303    12   309 0.80 -
NW_025965123.1_RagTag:1940884-1843483 -            226 27824at314147        -            297   2.3e-27   92.9  14.5   1   1     3e-28   2.8e-27   92.6  14.5    78   288    14   224     7   226 0.84 -
NW_025965331.1_RagTag:109596-117599   -            283 27824at314147        -            297   2.8e-27   92.6  16.1   1   1   6.6e-28   6.1e-27   91.5  16.1    17   285    24   280     8   283 0.82 -
NW_025965307.1_RagTag:101318-100653   -            222 27824at314147        -            297   9.5e-27   90.9  10.1   1   1   1.3e-27   1.2e-26   90.5  10.1    83   286     5   211     2   219 0.86 -
NW_025965581.1_RagTag:2793-3509       -            239 27824at314147        -            297   1.2e-26   90.5  13.7   1   1   1.4e-27   1.3e-26   90.4  13.7     5   222    14   239    10   239 0.81 -
contig_19055_pilon:1689-777           -            302 27824at314147        -            297   1.3e-26   90.4  15.0   1   1   1.4e-27   1.3e-26   90.4  15.0    78   287    89   299    74   302 0.82 -
contig_17327_pilon:1297-559           -            244 27824at314147        -            297   2.1e-26   89.7  17.3   1   1   2.8e-27   2.6e-26   89.4  17.3    50   286     1   238     1   243 0.81 -
NW_025965151.1_RagTag:9979-9395       -            195 27824at314147        -            297   2.5e-26   89.5  19.7   1   1   3.4e-27   3.1e-26   89.2  19.7    20   203     6   195     2   195 0.88 -
NW_025965235.1_RagTag:60637-59771     -            289 27824at314147        -            297   2.7e-26   89.4  15.4   1   1   3.2e-27   2.9e-26   89.2  15.4    13   240    28   261    15   289 0.80 -
contig_30302_pilon:2113-1269          -            253 27824at314147        -            297   3.3e-26   89.1  24.6   1   2     1e-26   9.3e-26   87.6  22.6    17   237     5   225     1   229 0.84 -
contig_30302_pilon:2113-1269          -            253 27824at314147        -            297   3.3e-26   89.1  24.6   2   2       1.4        13    1.8   0.0   268   286   233   251   226   253 0.88 -
NW_025965023.1_RagTag:902040-902803   -            238 27824at314147        -            297   1.3e-25   87.2  14.8   1   1   3.7e-25   3.5e-24   82.4  14.8    44   286     2   233     1   237 0.80 -
NW_025965146.1_RagTag:107958-108871   -            289 27824at314147        -            297   1.5e-25   86.9  18.0   1   1   4.8e-26   4.4e-25   85.4  18.0    20   288    27   287    22   289 0.83 -
NW_025965313.1_RagTag:1712957-1713863 -            300 27824at314147        -            297   2.2e-25   86.4  22.1   1   1   2.8e-26   2.6e-25   86.2  22.1    14   288    21   300     8   300 0.78 -
NW_025965161.1_RagTag:669619-679059   -            305 27824at314147        -            297   3.1e-25   85.9  20.7   1   1   4.2e-26   3.9e-25   85.6  20.7    14   286    21   303    12   305 0.80 -
NW_025965315.1_RagTag:2533229-2534137 -            303 27824at314147        -            297   1.1e-24   84.1  24.3   1   1   1.4e-25   1.3e-24   83.8  24.3    20   285    29   300    10   302 0.81 -
NW_025965313.1_RagTag:72611-73496     -            284 27824at314147        -            297   1.1e-24   84.1  25.6   1   1   2.4e-25   2.2e-24   83.1  25.6    18   288    14   279     7   283 0.80 -
NW_025965054.1_RagTag:13488-18611     -            290 27824at314147        -            297   1.2e-24   84.0  10.7   1   1   4.2e-25   3.9e-24   82.3  10.7    20   286    28   286    11   290 0.83 -
contig_78135_pilon:1434-667           -            249 27824at314147        -            297   1.8e-24   83.4  16.4   1   1   2.2e-25     2e-24   83.2  16.4    42   288     3   247     1   249 0.79 -
contig_16391_pilon:1989-1067          -            287 27824at314147        -            297   2.7e-24   82.8  22.0   1   1   3.9e-25   3.6e-24   82.4  22.0     5   286    16   284    12   287 0.81 -
NW_025965305.1_RagTag:1691060-1691545 -            162 27824at314147        -            297   3.2e-24   82.6   6.5   1   1   4.1e-25   3.8e-24   82.3   6.5    28   174     2   154     1   159 0.89 -
NW_025965182.1_RagTag:1828145-1827444 -            234 27824at314147        -            297   1.7e-23   80.2  10.5   1   1   2.1e-24     2e-23   80.0  10.5    78   286    19   230     1   233 0.75 -
NW_025965123.1_RagTag:1758126-1758835 -            231 27824at314147        -            297     5e-23   78.6  15.8   1   1   6.3e-24   5.8e-23   78.4  15.8    20   211    28   220     9   230 0.82 -
contig_32555_pilon:2233-1294          -            241 27824at314147        -            297   5.1e-23   78.6   9.1   1   2   6.8e-09   6.3e-08   29.1   1.9    13    90    22   102    10   105 0.84 -
contig_32555_pilon:2233-1294          -            241 27824at314147        -            297   5.1e-23   78.6   9.1   2   2   7.2e-17   6.7e-16   55.2   2.1   144   288   100   234    90   238 0.82 -
NW_025965307.1_RagTag:60810-79018     -            243 27824at314147        -            297   5.7e-23   78.5  10.4   1   2   1.4e-17   1.3e-16   57.6   8.5    17   155    28   170    14   174 0.79 -
NW_025965307.1_RagTag:60810-79018     -            243 27824at314147        -            297   5.7e-23   78.5  10.4   2   2   1.5e-06   1.4e-05   21.4   0.0   216   286   174   242   167   243 0.84 -
NW_025965151.1_RagTag:3061-3582       -            174 27824at314147        -            297   1.5e-22   77.1   6.1   1   1   1.7e-23   1.5e-22   77.0   6.1   145   285    34   174     1   174 0.83 -
NW_025965101.1_RagTag:83408-84172     -            255 27824at314147        -            297   1.6e-22   76.9   5.9   1   2     0.091      0.84    5.7   0.1    44    74     2    32     1    55 0.88 -
NW_025965101.1_RagTag:83408-84172     -            255 27824at314147        -            297   1.6e-22   76.9   5.9   2   2   2.6e-22   2.4e-21   73.1   2.2   148   286   111   249    87   254 0.86 -
NW_025965320.1_RagTag:880988-851125   -            266 27824at314147        -            297   2.7e-22   76.2  20.9   1   2   1.4e-06   1.3e-05   21.5   0.9    14    62    16    64     4    74 0.85 -
NW_025965320.1_RagTag:880988-851125   -            266 27824at314147        -            297   2.7e-22   76.2  20.9   2   2   2.1e-18   1.9e-17   60.3  12.8    95   281    80   264    67   266 0.78 -
NW_025965341.1_RagTag:125096-124200   -            260 27824at314147        -            297   8.2e-22   74.6  25.3   1   2   5.4e-07     5e-06   22.8   9.5    18   105    19   111     2   119 0.81 -
NW_025965341.1_RagTag:125096-124200   -            260 27824at314147        -            297   8.2e-22   74.6  25.3   2   2     1e-17   9.5e-17   58.0   8.4   147   288   117   258   111   260 0.89 -
NW_025965313.1_RagTag:1749400-1728520 -            295 27824at314147        -            297   8.9e-22   74.5  22.8   1   1   1.2e-22   1.1e-21   74.2  22.8     4   288    11   293     8   295 0.80 -
NW_025965161.1_RagTag:680683-681431   -            245 27824at314147        -            297   2.6e-21   73.0  12.0   1   1   3.1e-22   2.9e-21   72.9  12.0    47   288     1   244     1   245 0.85 -
NW_025965256.1_RagTag:10304-9232      -            245 27824at314147        -            297   3.1e-21   72.8  17.6   1   1     1e-21   9.3e-21   71.2  17.6    35   286     3   241     1   244 0.76 -
NW_025965008.1_RagTag:233145-252500   -            270 27824at314147        -            297   3.7e-21   72.5  23.9   1   2   1.5e-19   1.4e-18   64.0  21.2     1   231    12   241    12   245 0.81 -
NW_025965008.1_RagTag:233145-252500   -            270 27824at314147        -            297   3.7e-21   72.5  23.9   2   2    0.0041     0.038   10.1   0.1   259   285   243   269   240   270 0.84 -
contig_44821_pilon:583-29             -            185 27824at314147        -            297   6.5e-21   71.7  11.5   1   1   7.4e-22   6.8e-21   71.6  11.5    16   164    25   179    10   185 0.82 -
NW_025965418.1_RagTag:2486-3054       -            181 27824at314147        -            297   2.2e-20   69.9   5.8   1   1   2.9e-21   2.6e-20   69.7   5.8   101   285     2   180     1   181 0.81 -
contig_27735_pilon:496-10             -            160 27824at314147        -            297   3.3e-19   66.1  10.3   1   1   3.6e-20   3.3e-19   66.1  10.3    18   147    29   157    12   160 0.84 -
NW_025965313.1_RagTag:72608-73156     -            183 27824at314147        -            297     1e-17   61.2  17.4   1   1   1.4e-18   1.3e-17   60.8  17.4    18   174    15   177     5   181 0.83 -
NW_025965250.1_RagTag:33393-32875     -            173 27824at314147        -            297   1.2e-17   61.0  14.4   1   1   1.5e-18   1.4e-17   60.8  14.4    20   170    17   172     6   173 0.81 -
NW_025965054.1_RagTag:13789-14400     -            169 27824at314147        -            297   1.9e-17   60.3   1.3   1   2     4e-11   3.7e-10   36.4   0.3    94   178     4    87     1    93 0.82 -
NW_025965054.1_RagTag:13789-14400     -            169 27824at314147        -            297   1.9e-17   60.3   1.3   2   2   3.8e-07   3.5e-06   23.3   0.0   216   284    97   163    89   168 0.83 -
NW_025965331.1_RagTag:96699-97295     -            199 27824at314147        -            297   3.3e-17   59.5  16.8   1   1   4.1e-18   3.8e-17   59.3  16.8    50   235     1   194     1   198 0.82 -
NW_025965149.1_RagTag:1697337-1697923 -            178 27824at314147        -            297   3.8e-17   59.3   6.1   1   1   2.9e-17   2.7e-16   56.5   6.1   152   287    38   173     1   177 0.79 -
contig_17158_pilon:2154-1615          -            180 27824at314147        -            297   4.4e-17   59.1   9.3   1   1   5.2e-18   4.8e-17   59.0   9.3   115   286     1   177     1   180 0.81 -
NW_025965182.1_RagTag:1858969-1859367 -            133 27824at314147        -            297   9.8e-17   58.0   8.5   1   1   1.2e-17   1.1e-16   57.8   8.5    20   121    28   132    19   133 0.91 -
NW_025965054.1_RagTag:8388-7809       -            191 27824at314147        -            297   1.2e-16   57.7  10.1   1   1   1.5e-17   1.4e-16   57.5  10.1    19   165    28   178    10   185 0.82 -
NW_025965080.1_RagTag:598939-599367   -            143 27824at314147        -            297   3.3e-16   56.3   4.7   1   1   4.3e-17     4e-16   56.0   4.7   144   286     4   143     2   143 0.79 -
NW_025965320.1_RagTag:848571-848158   -            138 27824at314147        -            297   5.1e-16   55.6   7.4   1   1   6.1e-17   5.6e-16   55.5   7.4     5   124    12   134     8   138 0.86 -
NW_025965315.1_RagTag:2553422-2554338 -            263 27824at314147        -            297   1.4e-15   54.1  21.2   1   1   6.9e-14   6.4e-13   45.5  21.2    13   286    21   259     9   262 0.80 -
contig_11065_pilon:1196-711           -            162 27824at314147        -            297   1.7e-15   53.9   6.2   1   1   2.1e-16     2e-15   53.7   6.2    19   145    26   154     8   158 0.80 -
NW_025965274.1_RagTag:34955-34398     -            172 27824at314147        -            297   2.1e-15   53.6   9.0   1   1   2.7e-16   2.5e-15   53.4   9.0    20   168    27   171    10   172 0.88 -
NW_025965313.1_RagTag:66003-66494     -            164 27824at314147        -            297     3e-15   53.1  13.1   1   1   3.7e-16   3.4e-15   52.9  13.1     1   127     8   138     8   161 0.86 -
NW_025965123.1_RagTag:1698432-1698860 -            143 27824at314147        -            297   4.3e-15   52.6   7.1   1   1   5.1e-16   4.7e-15   52.5   7.1   149   286     3   140     1   143 0.79 -
NW_025965313.1_RagTag:1729048-1728523 -            173 27824at314147        -            297   4.3e-15   52.6   7.2   1   1   5.3e-16   4.9e-15   52.4   7.2   148   287    34   171    10   173 0.85 -
NW_025965305.1_RagTag:1658676-1659117 -            140 27824at314147        -            297   6.7e-15   52.0   4.0   1   1   3.2e-15     3e-14   49.8   4.0   149   286     3   130     1   136 0.84 -
NW_025965008.1_RagTag:183941-179497   -            147 27824at314147        -            297   6.1e-14   48.8   5.3   1   1   7.4e-15   6.8e-14   48.6   5.3    19   122    22   121     4   140 0.82 -
NW_025965274.1_RagTag:8635-9216       -            194 27824at314147        -            297   1.2e-13   47.8  15.6   1   1   1.5e-14   1.4e-13   47.7  15.6    16   176    24   189     9   193 0.81 -
NW_025965470.1_RagTag:910-142         -            164 27824at314147        -            297   2.3e-13   46.9   7.6   1   2   2.6e-09   2.4e-08   30.4   4.2    49   124     6    84     1   126 0.81 -
NW_025965470.1_RagTag:910-142         -            164 27824at314147        -            297   2.3e-13   46.9   7.6   2   2   0.00043     0.004   13.3   0.1   259   284   131   156   120   161 0.85 -
contig_38642_pilon:2280-1668          -            164 27824at314147        -            297   2.8e-13   46.6   8.3   1   2   3.1e-11   2.8e-10   36.8   4.9    98   208     5   117     2   128 0.83 -
contig_38642_pilon:2280-1668          -            164 27824at314147        -            297   2.8e-13   46.6   8.3   2   2    0.0016     0.015   11.4   0.1   262   287   131   156   121   162 0.87 -
contig_31446_pilon:626-132            -            165 27824at314147        -            297   5.7e-13   45.6   9.7   1   1   7.2e-14   6.7e-13   45.4   9.7     3   151     8   162     6   164 0.83 -
contig_75679_pilon:1376-1732          -            119 27824at314147        -            297   1.2e-12   44.6   2.9   1   1   1.3e-13   1.2e-12   44.6   2.9   192   286    24   117     1   119 0.76 -
NW_025965251.1_RagTag:397714-396854   -            232 27824at314147        -            297   4.7e-12   42.6  13.5   1   2   2.3e-06   2.2e-05   20.7   9.8    16    95     9    81     3   157 0.79 -
NW_025965251.1_RagTag:397714-396854   -            232 27824at314147        -            297   4.7e-12   42.6  13.5   2   2   1.6e-05   0.00015   18.0   0.1   256   286   201   231   193   232 0.89 -
NW_025965131.1_RagTag:183-786         -            196 27824at314147        -            297   1.1e-11   41.3  13.7   1   1   1.4e-12   1.3e-11   41.2  13.7    88   286     1   194     1   196 0.80 -
NW_025965182.1_RagTag:1842054-1841779 -             92 27824at314147        -            297   1.7e-10   37.5   2.1   1   1     2e-11   1.8e-10   37.4   2.1    23    89    23    92     7    92 0.86 -
NW_025965054.1_RagTag:17697-18182     -            162 27824at314147        -            297   2.5e-10   37.0   4.3   1   1   3.2e-11   2.9e-10   36.7   4.3    20   117    29   128    11   143 0.85 -
NW_025965305.1_RagTag:1696100-1695798 -            101 27824at314147        -            297   4.4e-10   36.1   3.4   1   1   5.5e-11   5.1e-10   35.9   3.4   192   285    10    99     1   101 0.83 -
NW_025965331.1_RagTag:86186-85872     -            105 27824at314147        -            297   2.1e-09   33.9   6.7   1   1   2.4e-10   2.3e-09   33.8   6.7    18    93    26   104    10   105 0.88 -
NW_025965307.1_RagTag:989220-990869   -            550 27824at314147        -            297   4.3e-06   23.1   7.3   1   2   4.6e-07   4.3e-06   23.1   7.3    16   153    70   211    60   251 0.75 -
NW_025965307.1_RagTag:989220-990869   -            550 27824at314147        -            297   4.3e-06   23.1   7.3   2   2       2.5        23    0.9   1.7   212   281   481   550   468   550 0.87 -
NW_025965235.1_RagTag:62409-62128     -             94 27824at314147        -            297   4.6e-05   19.7   1.5   1   1     5e-06   4.6e-05   19.7   1.5    20    68    22    70     3    87 0.81 -
NW_025965305.1_RagTag:1736908-1736606 -            101 27824at314147        -            297   0.00019   17.6   0.6   1   1   2.5e-05   0.00024   17.3   0.6   203   286    16    92     5    97 0.76 -
NW_025965323.1_RagTag:1326522-1325617 -            302 27824at314147        -            297     0.019   11.0  14.9   1   1   0.00014    0.0013   14.9   7.2    25   129     3   109     2   123 0.71 -
#
# Program:         hmmsearch
# Version:         3.1b2 (February 2015)
# Pipeline mode:   SEARCH
# Query file:      /home/bgerda/guppy_SUP/busco_downloads/lineages/glires_odb10/hmms/27824at314147.hmm
# Target file:     /home/bgerda/guppy_SUP/busco_results_flye/run_glires_odb10/metaeuk_output/initial_results/ragtag.scaffold.fasta.modified.fas
# Option settings: hmmsearch --domtblout /home/bgerda/guppy_SUP/busco_results_flye/run_glires_odb10/hmmer_output/initial_run_results/27824at314147.out --cpu 1 /home/bgerda/guppy_SUP/busco_downloads/lineages/glires_odb10/hmms/27824at314147.hmm /home/bgerda/guppy_SUP/busco_results_flye/run_glires_odb10/metaeuk_output/initial_results/ragtag.scaffold.fasta.modified.fas 
# Current dir:     /home/bgerda/guppy_SUP
# Date:            Sun May 21 17:16:57 2023
# [ok]
