#                                                                                             --- full sequence --- -------------- this domain -------------   hmm coord   ali coord   env coord
# target name                         accession   tlen query name           accession   qlen   E-value  score  bias   #  of  c-Evalue  i-Evalue  score  bias  from    to  from    to  from    to  acc description of target
#                 ------------------- ---------- ----- -------------------- ---------- ----- --------- ------ ----- --- --- --------- --------- ------ ----- ----- ----- ----- ----- ----- ----- ---- ---------------------
NW_025965287.1_RagTag:853042-851954   -            363 28012at314147        -            299     1e-15   54.4  12.6   1   3   2.2e-07   2.6e-05   20.2   3.1     6   183    24   204    19   210 0.72 -
NW_025965287.1_RagTag:853042-851954   -            363 28012at314147        -            299     1e-15   54.4  12.6   2   3   1.4e-10   1.7e-08   30.7   5.5    37   170   149   284   146   288 0.85 -
NW_025965287.1_RagTag:853042-851954   -            363 28012at314147        -            299     1e-15   54.4  12.6   3   3   5.1e-07     6e-05   19.0   0.1    33   101   289   355   284   363 0.89 -
NW_025965319.1_RagTag:986038-984140   -            511 28012at314147        -            299   6.4e-10   35.4   2.7   1   1   1.6e-11   1.9e-09   33.8   2.6    14   171    61   222    45   257 0.66 -
NW_025965140.1_RagTag:200222-201283   -            354 28012at314147        -            299     1e-09   34.7   0.1   1   2   1.5e-09   1.8e-07   27.3   0.0   101   238    56   205    30   218 0.74 -
NW_025965140.1_RagTag:200222-201283   -            354 28012at314147        -            299     1e-09   34.7   0.1   2   2      0.01       1.2    4.9   0.0   119   163   223   267   205   286 0.82 -
NW_025965230.1_RagTag:745188-745661   -            158 28012at314147        -            299   1.6e-09   34.1   0.6   1   1   6.9e-11   8.1e-09   31.7   0.6     2   139     4   144     3   147 0.86 -
NW_025965304.1_RagTag:258820-256610   -            737 28012at314147        -            299   2.1e-09   33.7  27.6   1   5    0.0015      0.18    7.6   3.3   108   196     9   102     3   184 0.61 -
NW_025965304.1_RagTag:258820-256610   -            737 28012at314147        -            299   2.1e-09   33.7  27.6   2   5   0.00032     0.038    9.9   0.4   106   165   255   315   183   320 0.63 -
NW_025965304.1_RagTag:258820-256610   -            737 28012at314147        -            299   2.1e-09   33.7  27.6   3   5   0.00015     0.017   11.0   0.4   116   161   314   359   311   362 0.90 -
NW_025965304.1_RagTag:258820-256610   -            737 28012at314147        -            299   2.1e-09   33.7  27.6   4   5     3e-06   0.00035   16.5   1.7   108   181   355   428   355   436 0.89 -
NW_025965304.1_RagTag:258820-256610   -            737 28012at314147        -            299   2.1e-09   33.7  27.6   5   5   0.00048     0.056    9.3   0.5   120   185   416   483   414   506 0.73 -
NW_025965287.1_RagTag:855233-854658   -            192 28012at314147        -            299   2.4e-09   33.5   2.2   1   1   2.8e-11   3.3e-09   33.1   1.6   100   228    51   185    38   192 0.60 -
NW_025965301.1_RagTag:570707-569203   -            499 28012at314147        -            299     8e-08   28.5   3.1   1   1   7.9e-09   9.3e-07   25.0   3.2    33   158    56   183    26   186 0.73 -
NW_025965324.1_RagTag:3939084-3938365 -            240 28012at314147        -            299   4.2e-07   26.1   0.1   1   2   2.8e-07   3.3e-05   19.9   0.1   155   235    62   144    48   146 0.87 -
NW_025965324.1_RagTag:3939084-3938365 -            240 28012at314147        -            299   4.2e-07   26.1   0.1   2   2    0.0037      0.44    6.4   0.0   183   230   141   188   140   198 0.87 -
NW_025965028.1_RagTag:63265-63801     -            179 28012at314147        -            299   4.2e-06   22.8   3.3   1   2   2.1e-06   0.00024   17.0   0.2   184   268    48   133    32   134 0.81 -
NW_025965028.1_RagTag:63265-63801     -            179 28012at314147        -            299   4.2e-06   22.8   3.3   2   2     3e-05    0.0036   13.2   0.4    80   137    99   159    95   168 0.60 -
NW_025965212.1_RagTag:132792-133915   -            287 28012at314147        -            299   3.7e-05   19.8   0.1   1   1   4.7e-07   5.6e-05   19.2   0.1    75   141     7    78     2    96 0.71 -
NW_025965287.1_RagTag:853012-852479   -            178 28012at314147        -            299   5.8e-05   19.1   0.0   1   1     7e-07   8.3e-05   18.6   0.0     8   170    16   178     8   178 0.60 -
NW_025965182.1_RagTag:216767-217576   -            270 28012at314147        -            299    0.0024   13.8   0.2   1   1   2.6e-05    0.0031   13.4   0.2    62   166    20   126     9   151 0.70 -
#
# Program:         hmmsearch
# Version:         3.1b2 (February 2015)
# Pipeline mode:   SEARCH
# Query file:      /home/bgerda/guppy_SUP/busco_downloads/lineages/glires_odb10/hmms/28012at314147.hmm
# Target file:     /home/bgerda/guppy_SUP/busco_results_flye/run_glires_odb10/metaeuk_output/initial_results/ragtag.scaffold.fasta.modified.fas
# Option settings: hmmsearch --domtblout /home/bgerda/guppy_SUP/busco_results_flye/run_glires_odb10/hmmer_output/initial_run_results/28012at314147.out --cpu 1 /home/bgerda/guppy_SUP/busco_downloads/lineages/glires_odb10/hmms/28012at314147.hmm /home/bgerda/guppy_SUP/busco_results_flye/run_glires_odb10/metaeuk_output/initial_results/ragtag.scaffold.fasta.modified.fas 
# Current dir:     /home/bgerda/guppy_SUP
# Date:            Sun May 21 17:17:02 2023
# [ok]
