#                                                                                             --- full sequence --- -------------- this domain -------------   hmm coord   ali coord   env coord
# target name                         accession   tlen query name           accession   qlen   E-value  score  bias   #  of  c-Evalue  i-Evalue  score  bias  from    to  from    to  from    to  acc description of target
#                 ------------------- ---------- ----- -------------------- ---------- ----- --------- ------ ----- --- --- --------- --------- ------ ----- ----- ----- ----- ----- ----- ----- ---- ---------------------
contig_18340_pilon:996-2162           -            389 30469at314147        -            257  5.6e-143  471.5 138.7   1   9   2.4e-17   4.7e-16   55.6   3.0   176   240     3    67     1    68 0.97 -
contig_18340_pilon:996-2162           -            389 30469at314147        -            257  5.6e-143  471.5 138.7   2   9   3.1e-24   6.1e-23   78.2  10.6   163   249    44   132    42   133 0.97 -
contig_18340_pilon:996-2162           -            389 30469at314147        -            257  5.6e-143  471.5 138.7   3   9   3.2e-20   6.3e-19   65.0   7.4   176   250   115   189   114   191 0.97 -
contig_18340_pilon:996-2162           -            389 30469at314147        -            257  5.6e-143  471.5 138.7   4   9   1.2e-19   2.4e-18   63.2   7.9   174   249   169   244   168   244 0.97 -
contig_18340_pilon:996-2162           -            389 30469at314147        -            257  5.6e-143  471.5 138.7   5   9   5.8e-21   1.1e-19   67.5  11.5   166   249   187   272   187   272 0.96 -
contig_18340_pilon:996-2162           -            389 30469at314147        -            257  5.6e-143  471.5 138.7   6   9   5.8e-20   1.1e-18   64.2  10.4   174   250   225   301   224   304 0.96 -
contig_18340_pilon:996-2162           -            389 30469at314147        -            257  5.6e-143  471.5 138.7   7   9   9.9e-19   1.9e-17   60.2   9.7   168   241   245   320   245   322 0.94 -
contig_18340_pilon:996-2162           -            389 30469at314147        -            257  5.6e-143  471.5 138.7   8   9   3.7e-18   7.2e-17   58.3   7.0   174   240   281   347   280   348 0.97 -
contig_18340_pilon:996-2162           -            389 30469at314147        -            257  5.6e-143  471.5 138.7   9   9   1.9e-21   3.8e-20   69.1   7.3   174   250   309   385   308   389 0.96 -
contig_36320_pilon:1033-1992          -            320 30469at314147        -            257  1.4e-118  391.5 106.6   1   8     2e-17     4e-16   55.9   5.8   189   249     3    63     1    63 0.98 -
contig_36320_pilon:1033-1992          -            320 30469at314147        -            257  1.4e-118  391.5 106.6   2   8   2.8e-21   5.5e-20   68.5   8.7   174   249    44   119    43   119 0.97 -
contig_36320_pilon:1033-1992          -            320 30469at314147        -            257  1.4e-118  391.5 106.6   3   8     2e-20     4e-19   65.7   9.0   174   250   100   176    99   178 0.97 -
contig_36320_pilon:1033-1992          -            320 30469at314147        -            257  1.4e-118  391.5 106.6   4   8   5.4e-19   1.1e-17   61.0   7.0   168   240   120   194   120   196 0.94 -
contig_36320_pilon:1033-1992          -            320 30469at314147        -            257  1.4e-118  391.5 106.6   5   8   1.6e-15   3.2e-14   49.6   2.9   174   232   156   214   155   214 0.97 -
contig_36320_pilon:1033-1992          -            320 30469at314147        -            257  1.4e-118  391.5 106.6   6   8   1.4e-22   2.8e-21   72.7   7.9   164   249   172   259   171   259 0.95 -
contig_36320_pilon:1033-1992          -            320 30469at314147        -            257  1.4e-118  391.5 106.6   7   8   1.1e-17   2.2e-16   56.7   5.2   179   243   217   281   217   283 0.97 -
contig_36320_pilon:1033-1992          -            320 30469at314147        -            257  1.4e-118  391.5 106.6   8   8   3.2e-17   6.3e-16   55.2   4.4   189   250   255   316   254   320 0.59 -
contig_52188_pilon:1550-468           -            361 30469at314147        -            257   4.1e-96  318.0  80.5   1   6   7.4e-16   1.5e-14   50.7   3.4   176   235     3    62     1    62 0.98 -
contig_52188_pilon:1550-468           -            361 30469at314147        -            257   4.1e-96  318.0  80.5   2   6   4.5e-19   8.8e-18   61.3   7.5   176   248    31   103    31   103 0.97 -
contig_52188_pilon:1550-468           -            361 30469at314147        -            257   4.1e-96  318.0  80.5   3   6   2.2e-19   4.2e-18   62.3   7.2   176   248    87   159    87   159 0.98 -
contig_52188_pilon:1550-468           -            361 30469at314147        -            257   4.1e-96  318.0  80.5   4   6   3.8e-22   7.4e-21   71.4   7.2   176   248   143   215   141   216 0.97 -
contig_52188_pilon:1550-468           -            361 30469at314147        -            257   4.1e-96  318.0  80.5   5   6     6e-20   1.2e-18   64.2   6.0   174   243   197   266   196   268 0.95 -
contig_52188_pilon:1550-468           -            361 30469at314147        -            257   4.1e-96  318.0  80.5   6   6   1.4e-23   2.8e-22   76.0   9.2   162   250   267   357   264   360 0.95 -
contig_18339_pilon:77-1480            -            468 30469at314147        -            257   9.4e-94  310.2  78.0   1   6   7.1e-17   1.4e-15   54.1   3.9   180   249     1    70     1    70 0.95 -
contig_18339_pilon:77-1480            -            468 30469at314147        -            257   9.4e-94  310.2  78.0   2   6     6e-20   1.2e-18   64.2   5.0   174   241    51   118    50   127 0.94 -
contig_18339_pilon:77-1480            -            468 30469at314147        -            257   9.4e-94  310.2  78.0   3   6   5.3e-25     1e-23   80.7   9.5   159   249   231   323   224   324 0.95 -
contig_18339_pilon:77-1480            -            468 30469at314147        -            257   9.4e-94  310.2  78.0   4   6   2.4e-21   4.7e-20   68.7   9.1   173   249   303   379   299   379 0.96 -
contig_18339_pilon:77-1480            -            468 30469at314147        -            257   9.4e-94  310.2  78.0   5   6   3.3e-20   6.4e-19   65.0   7.7   173   249   359   435   358   435 0.97 -
contig_18339_pilon:77-1480            -            468 30469at314147        -            257   9.4e-94  310.2  78.0   6   6   8.9e-15   1.7e-13   47.2   3.2   174   225   416   467   415   468 0.96 -
contig_83186_pilon:3097-2462          -            212 30469at314147        -            257     5e-93  307.9  89.4   1   6   1.7e-19   3.4e-18   62.6  10.5   173   249     5    81     1    82 0.96 -
contig_83186_pilon:3097-2462          -            212 30469at314147        -            257     5e-93  307.9  89.4   2   6   7.9e-18   1.5e-16   57.2   9.8   176   244    36   104    34   106 0.95 -
contig_83186_pilon:3097-2462          -            212 30469at314147        -            257     5e-93  307.9  89.4   3   6   2.8e-19   5.4e-18   62.0   7.4   174   240    62   128    61   131 0.96 -
contig_83186_pilon:3097-2462          -            212 30469at314147        -            257     5e-93  307.9  89.4   4   6   8.4e-21   1.7e-19   66.9   7.0   174   249    90   165    89   165 0.97 -
contig_83186_pilon:3097-2462          -            212 30469at314147        -            257     5e-93  307.9  89.4   5   6   2.9e-20   5.7e-19   65.2   8.3   176   249   120   193   120   194 0.99 -
contig_83186_pilon:3097-2462          -            212 30469at314147        -            257     5e-93  307.9  89.4   6   6   3.8e-18   7.5e-17   58.2   6.5   174   239   146   211   145   212 0.97 -
NW_025965432.1_RagTag:538045-539154   -            370 30469at314147        -            257   7.7e-88  290.9  89.3   1   6   4.5e-14   8.9e-13   44.9   7.1   194   249     2    57     1    63 0.96 -
NW_025965432.1_RagTag:538045-539154   -            370 30469at314147        -            257   7.7e-88  290.9  89.3   2   6   1.6e-20   3.1e-19   66.1   8.1   170   249    62   141    57   143 0.95 -
NW_025965432.1_RagTag:538045-539154   -            370 30469at314147        -            257   7.7e-88  290.9  89.3   3   6   1.1e-19   2.2e-18   63.3   6.9   166   249   142   225   139   228 0.93 -
NW_025965432.1_RagTag:538045-539154   -            370 30469at314147        -            257   7.7e-88  290.9  89.3   4   6     1e-18     2e-17   60.1   9.5   163   249   193   281   192   282 0.94 -
NW_025965432.1_RagTag:538045-539154   -            370 30469at314147        -            257   7.7e-88  290.9  89.3   5   6   4.5e-19   8.8e-18   61.3   8.6   170   248   230   308   226   309 0.93 -
NW_025965432.1_RagTag:538045-539154   -            370 30469at314147        -            257   7.7e-88  290.9  89.3   6   6   9.4e-20   1.8e-18   63.5   9.1   166   249   282   365   279   370 0.92 -
NW_025965271.1_RagTag:644000-644971   -            324 30469at314147        -            257   1.2e-84  280.4  77.7   1   6   5.7e-12   1.1e-10   38.0   0.4   173   214     5    46     1    64 0.76 -
NW_025965271.1_RagTag:644000-644971   -            324 30469at314147        -            257   1.2e-84  280.4  77.7   2   6   1.1e-15   2.1e-14   50.2   6.4   180   248   124   192   100   193 0.82 -
NW_025965271.1_RagTag:644000-644971   -            324 30469at314147        -            257   1.2e-84  280.4  77.7   3   6   3.5e-20   6.8e-19   64.9   8.8   164   241   162   241   162   243 0.95 -
NW_025965271.1_RagTag:644000-644971   -            324 30469at314147        -            257   1.2e-84  280.4  77.7   4   6   2.8e-22   5.4e-21   71.8   9.4   163   248   189   276   188   277 0.95 -
NW_025965271.1_RagTag:644000-644971   -            324 30469at314147        -            257   1.2e-84  280.4  77.7   5   6   3.1e-19   6.2e-18   61.8   7.8   176   244   232   300   231   301 0.97 -
NW_025965271.1_RagTag:644000-644971   -            324 30469at314147        -            257   1.2e-84  280.4  77.7   6   6   2.2e-18   4.3e-17   59.0   6.8   174   239   258   323   257   324 0.97 -
contig_52188_pilon:1712-1068          -            215 30469at314147        -            257   2.3e-82  272.9  64.5   1   5   1.3e-20   2.6e-19   66.3   4.2   176   243     1    68     1    70 0.97 -
contig_52188_pilon:1712-1068          -            215 30469at314147        -            257   2.3e-82  272.9  64.5   2   5   2.2e-19   4.3e-18   62.3   6.2   176   240    29    93    29    96 0.98 -
contig_52188_pilon:1712-1068          -            215 30469at314147        -            257   2.3e-82  272.9  64.5   3   5   5.9e-20   1.2e-18   64.2   8.3   165   243    44   124    44   125 0.96 -
contig_52188_pilon:1712-1068          -            215 30469at314147        -            257   2.3e-82  272.9  64.5   4   5   3.8e-20   7.4e-19   64.8   6.9   174   248    83   157    82   157 0.96 -
contig_52188_pilon:1712-1068          -            215 30469at314147        -            257   2.3e-82  272.9  64.5   5   5   9.2e-21   1.8e-19   66.8   7.1   174   249   139   214   138   215 0.97 -
NW_025965250.1_RagTag:250643-249792   -            284 30469at314147        -            257   2.1e-74  246.8  76.0   1   6   1.2e-18   2.3e-17   59.9   5.8   173   249     7    83     3    84 0.95 -
NW_025965250.1_RagTag:250643-249792   -            284 30469at314147        -            257   2.1e-74  246.8  76.0   2   6   9.2e-19   1.8e-17   60.3  12.4   163   248    79   166    76   167 0.94 -
NW_025965250.1_RagTag:250643-249792   -            284 30469at314147        -            257   2.1e-74  246.8  76.0   3   6   2.7e-17   5.2e-16   55.5   7.8   174   248   120   194   119   195 0.96 -
NW_025965250.1_RagTag:250643-249792   -            284 30469at314147        -            257   2.1e-74  246.8  76.0   4   6   3.3e-14   6.4e-13   45.4   5.0   181   248   155   222   155   223 0.92 -
NW_025965250.1_RagTag:250643-249792   -            284 30469at314147        -            257   2.1e-74  246.8  76.0   5   6   3.3e-13   6.5e-12   42.1   2.5   181   239   183   241   183   242 0.98 -
NW_025965250.1_RagTag:250643-249792   -            284 30469at314147        -            257   2.1e-74  246.8  76.0   6   6   1.6e-15   3.1e-14   49.7   3.0   163   225   219   283   214   284 0.93 -
NW_025965071.1_RagTag:3231-4808       -            526 30469at314147        -            257   2.5e-71  236.7  79.4   1   8     4e-07   7.8e-06   22.1   1.5   176   240     3    66     1    79 0.90 -
NW_025965071.1_RagTag:3231-4808       -            526 30469at314147        -            257   2.5e-71  236.7  79.4   2   8   3.2e-08   6.4e-07   25.7   1.2   172   241    82   151    72   164 0.86 -
NW_025965071.1_RagTag:3231-4808       -            526 30469at314147        -            257   2.5e-71  236.7  79.4   3   8   3.5e-14     7e-13   45.2   5.2   173   246   167   241   158   245 0.90 -
NW_025965071.1_RagTag:3231-4808       -            526 30469at314147        -            257   2.5e-71  236.7  79.4   4   8   2.5e-10   4.8e-09   32.7   1.2   179   232   229   282   227   283 0.95 -
NW_025965071.1_RagTag:3231-4808       -            526 30469at314147        -            257   2.5e-71  236.7  79.4   5   8   5.1e-19     1e-17   61.1   2.6   173   249   279   355   277   360 0.96 -
NW_025965071.1_RagTag:3231-4808       -            526 30469at314147        -            257   2.5e-71  236.7  79.4   6   8   3.4e-15   6.7e-14   48.6   4.2   176   249   338   411   338   413 0.97 -
NW_025965071.1_RagTag:3231-4808       -            526 30469at314147        -            257   2.5e-71  236.7  79.4   7   8   3.6e-15   7.2e-14   48.5   4.8   168   248   386   466   385   467 0.94 -
NW_025965071.1_RagTag:3231-4808       -            526 30469at314147        -            257   2.5e-71  236.7  79.4   8   8   2.1e-15   4.1e-14   49.3   5.4   163   248   435   522   434   525 0.90 -
NW_025965207.1_RagTag:11562-10675     -            296 30469at314147        -            257   3.7e-69  229.6  77.8   1   6   6.1e-13   1.2e-11   41.2  11.3   176   248     7    78     2    78 0.69 -
NW_025965207.1_RagTag:11562-10675     -            296 30469at314147        -            257   3.7e-69  229.6  77.8   2   6   7.6e-17   1.5e-15   54.0   8.0   176   239    62   125    62   130 0.97 -
NW_025965207.1_RagTag:11562-10675     -            296 30469at314147        -            257   3.7e-69  229.6  77.8   3   6     2e-11   3.9e-10   36.2   3.0   190   248   131   189   126   189 0.94 -
NW_025965207.1_RagTag:11562-10675     -            296 30469at314147        -            257   3.7e-69  229.6  77.8   4   6     1e-19   2.1e-18   63.4   5.9   176   249   173   246   172   246 0.98 -
NW_025965207.1_RagTag:11562-10675     -            296 30469at314147        -            257   3.7e-69  229.6  77.8   5   6   8.8e-15   1.7e-13   47.2   1.7   190   239   215   264   214   265 0.95 -
NW_025965207.1_RagTag:11562-10675     -            296 30469at314147        -            257   3.7e-69  229.6  77.8   6   6   9.6e-17   1.9e-15   53.7   8.6   176   240   229   293   228   296 0.97 -
NW_025965071.1_RagTag:28229-29119     -            297 30469at314147        -            257   1.2e-67  224.7  88.6   1   6   1.8e-16   3.5e-15   52.8  10.5   150   243     1    96     1   102 0.91 -
NW_025965071.1_RagTag:28229-29119     -            297 30469at314147        -            257   1.2e-67  224.7  88.6   2   6     7e-15   1.4e-13   47.6   7.4   163   249    70   158    70   159 0.96 -
NW_025965071.1_RagTag:28229-29119     -            297 30469at314147        -            257   1.2e-67  224.7  88.6   3   6   1.6e-13   3.1e-12   43.1   7.9   168   249   105   186   104   191 0.88 -
NW_025965071.1_RagTag:28229-29119     -            297 30469at314147        -            257   1.2e-67  224.7  88.6   4   6   2.3e-15   4.4e-14   49.2   8.4   162   248   125   213   124   214 0.93 -
NW_025965071.1_RagTag:28229-29119     -            297 30469at314147        -            257   1.2e-67  224.7  88.6   5   6   2.7e-17   5.2e-16   55.5   8.3   170   249   191   270   187   271 0.94 -
NW_025965071.1_RagTag:28229-29119     -            297 30469at314147        -            257   1.2e-67  224.7  88.6   6   6   1.3e-13   2.5e-12   43.4   6.1   168   248   217   297   216   297 0.91 -
NW_025965328.1_RagTag:1309-710        -            200 30469at314147        -            257   1.1e-61  205.1  48.6   1   4   1.6e-19   3.2e-18   62.7   8.7   167   248     2    83     1    84 0.92 -
NW_025965328.1_RagTag:1309-710        -            200 30469at314147        -            257   1.1e-61  205.1  48.6   2   4   4.4e-20   8.7e-19   64.6   7.1   179   248    42   111    41   112 0.98 -
NW_025965328.1_RagTag:1309-710        -            200 30469at314147        -            257   1.1e-61  205.1  48.6   3   4     4e-22   7.9e-21   71.3   8.0   176   249    95   168    95   169 0.97 -
NW_025965328.1_RagTag:1309-710        -            200 30469at314147        -            257   1.1e-61  205.1  48.6   4   4     7e-14   1.4e-12   44.3   1.5   174   224   149   199   148   200 0.95 -
contig_10031_pilon:1043-315           -            243 30469at314147        -            257   1.5e-57  191.6  60.1   1   4   7.1e-23   1.4e-21   73.7  14.1   150   249     1   102     1   104 0.97 -
contig_10031_pilon:1043-315           -            243 30469at314147        -            257   1.5e-57  191.6  60.1   2   4     4e-15   7.8e-14   48.3   7.2   189   250    70   131    69   132 0.96 -
contig_10031_pilon:1043-315           -            243 30469at314147        -            257   1.5e-57  191.6  60.1   3   4   3.6e-14   7.2e-13   45.2   5.2   189   250    98   159    97   162 0.96 -
contig_10031_pilon:1043-315           -            243 30469at314147        -            257   1.5e-57  191.6  60.1   4   4   9.8e-20   1.9e-18   63.4   9.7   163   249   154   242   152   243 0.94 -
NW_025965182.1_RagTag:1756006-1757067 -            354 30469at314147        -            257   4.6e-57  190.0  59.2   1   6   2.2e-08   4.4e-07   26.2   0.2   179   242     1    64     1    68 0.78 -
NW_025965182.1_RagTag:1756006-1757067 -            354 30469at314147        -            257   4.6e-57  190.0  59.2   2   6   1.4e-14   2.8e-13   46.5   5.2   164   249    70   155    69   162 0.93 -
NW_025965182.1_RagTag:1756006-1757067 -            354 30469at314147        -            257   4.6e-57  190.0  59.2   3   6   1.2e-15   2.4e-14   50.1   7.0   165   250    97   184    94   186 0.93 -
NW_025965182.1_RagTag:1756006-1757067 -            354 30469at314147        -            257   4.6e-57  190.0  59.2   4   6   9.2e-18   1.8e-16   57.0   5.5   170   249   160   239   155   245 0.91 -
NW_025965182.1_RagTag:1756006-1757067 -            354 30469at314147        -            257   4.6e-57  190.0  59.2   5   6   6.9e-13   1.3e-11   41.0   1.9   163   228   235   302   231   304 0.88 -
NW_025965182.1_RagTag:1756006-1757067 -            354 30469at314147        -            257   4.6e-57  190.0  59.2   6   6   1.1e-10   2.3e-09   33.7   2.8   171   223   301   353   297   354 0.92 -
contig_43715_pilon:29-628             -            200 30469at314147        -            257   5.8e-54  179.8  42.7   1   4   1.6e-13   3.1e-12   43.1   2.8   192   249     1    58     1    59 0.82 -
contig_43715_pilon:29-628             -            200 30469at314147        -            257   5.8e-54  179.8  42.7   2   4   2.9e-21   5.8e-20   68.4   9.9   174   251    39   116    38   119 0.97 -
contig_43715_pilon:29-628             -            200 30469at314147        -            257   5.8e-54  179.8  42.7   3   4   4.7e-18   9.3e-17   57.9   5.4   172   240    93   161    89   161 0.96 -
contig_43715_pilon:29-628             -            200 30469at314147        -            257   5.8e-54  179.8  42.7   4   4   5.8e-15   1.1e-13   47.8   1.5   169   220   146   197   143   200 0.90 -
NW_025965250.1_RagTag:154575-54238    -            212 30469at314147        -            257   9.1e-54  179.2  29.1   1   4   1.8e-20   3.5e-19   65.9   2.5   172   248    16    92     7    92 0.95 -
NW_025965250.1_RagTag:154575-54238    -            212 30469at314147        -            257   9.1e-54  179.2  29.1   2   4   2.2e-23   4.3e-22   75.4   4.0   166   248    64   148    64   148 0.94 -
NW_025965250.1_RagTag:154575-54238    -            212 30469at314147        -            257   9.1e-54  179.2  29.1   3   4   7.7e-16   1.5e-14   50.7   3.7   173   232   129   188   127   188 0.95 -
NW_025965250.1_RagTag:154575-54238    -            212 30469at314147        -            257   9.1e-54  179.2  29.1   4   4   1.1e-06   2.2e-05   20.7   0.1   173   200   185   212   182   212 0.95 -
NW_025965279.1_RagTag:155988-77570    -            245 30469at314147        -            257   4.9e-52  173.5  48.5   1   4   1.7e-21   3.3e-20   69.3   7.4   167   249     4    86     1    88 0.94 -
NW_025965279.1_RagTag:155988-77570    -            245 30469at314147        -            257   4.9e-52  173.5  48.5   2   4   4.2e-15   8.3e-14   48.3   7.8   189   249    82   142    80   147 0.95 -
NW_025965279.1_RagTag:155988-77570    -            245 30469at314147        -            257   4.9e-52  173.5  48.5   3   4   4.3e-18   8.4e-17   58.1   6.4   162   240   137   217   135   219 0.92 -
NW_025965279.1_RagTag:155988-77570    -            245 30469at314147        -            257   4.9e-52  173.5  48.5   4   4   1.2e-11   2.4e-10   37.0   3.1   191   239   196   244   195   245 0.97 -
NW_025965022.1_RagTag:271697-270735   -            321 30469at314147        -            257   1.6e-51  171.8  39.8   1   5   5.4e-12   1.1e-10   38.1   2.4   185   240     3    58     1    60 0.86 -
NW_025965022.1_RagTag:271697-270735   -            321 30469at314147        -            257   1.6e-51  171.8  39.8   2   5   1.4e-14   2.8e-13   46.6   2.9   169   237    43   111    40   119 0.90 -
NW_025965022.1_RagTag:271697-270735   -            321 30469at314147        -            257   1.6e-51  171.8  39.8   3   5   3.5e-13   6.8e-12   42.0   1.7   167   248    97   177    96   178 0.92 -
NW_025965022.1_RagTag:271697-270735   -            321 30469at314147        -            257   1.6e-51  171.8  39.8   4   5   4.1e-16   8.2e-15   51.6   6.5   167   247   152   232   151   233 0.94 -
NW_025965022.1_RagTag:271697-270735   -            321 30469at314147        -            257   1.6e-51  171.8  39.8   5   5    0.0013     0.025   10.7   0.3   194   224   291   321   288   321 0.91 -
NW_025965341.1_RagTag:133798-133214   -            195 30469at314147        -            257   3.7e-51  170.6  43.5   1   4   1.4e-19   2.7e-18   63.0   6.1   171   250     8    87     1    88 0.92 -
NW_025965341.1_RagTag:133798-133214   -            195 30469at314147        -            257   3.7e-51  170.6  43.5   2   4     2e-18   3.9e-17   59.2   5.5   176   249    41   114    41   115 0.97 -
NW_025965341.1_RagTag:133798-133214   -            195 30469at314147        -            257   3.7e-51  170.6  43.5   3   4   1.6e-17   3.1e-16   56.2   6.2   170   247    91   168    87   170 0.90 -
NW_025965341.1_RagTag:133798-133214   -            195 30469at314147        -            257   3.7e-51  170.6  43.5   4   4   1.5e-09   2.9e-08   30.1   2.1   173   217   150   194   149   195 0.92 -
contig_10836_pilon:33-731             -            233 30469at314147        -            257   4.7e-51  170.3  47.8   1   4   3.6e-19     7e-18   61.6   7.5   171   248     8    85     2    86 0.93 -
contig_10836_pilon:33-731             -            233 30469at314147        -            257   4.7e-51  170.3  47.8   2   4   1.1e-15   2.1e-14   50.2   6.6   179   248    72   141    72   142 0.97 -
contig_10836_pilon:33-731             -            233 30469at314147        -            257   4.7e-51  170.3  47.8   3   4   2.6e-16   5.1e-15   52.2   5.1   191   249   140   198   133   198 0.88 -
contig_10836_pilon:33-731             -            233 30469at314147        -            257   4.7e-51  170.3  47.8   4   4   3.8e-14   7.4e-13   45.2   4.7   174   225   179   230   178   233 0.93 -
NW_025965250.1_RagTag:8956-9588       -            211 30469at314147        -            257   2.6e-48  161.3  40.8   1   4   2.6e-13   5.1e-12   42.4   4.4   186   249     2    65     1    69 0.87 -
NW_025965250.1_RagTag:8956-9588       -            211 30469at314147        -            257   2.6e-48  161.3  40.8   2   4   2.6e-13   5.1e-12   42.4   2.3   160   212    30    84    28    87 0.86 -
NW_025965250.1_RagTag:8956-9588       -            211 30469at314147        -            257   2.6e-48  161.3  40.8   3   4   3.2e-21   6.3e-20   68.3   8.0   164   248    62   148    59   150 0.93 -
NW_025965250.1_RagTag:8956-9588       -            211 30469at314147        -            257   2.6e-48  161.3  40.8   4   4   1.8e-14   3.6e-13   46.2   2.8   165   225   147   209   142   211 0.89 -
NW_025965235.1_RagTag:119535-118921   -            205 30469at314147        -            257   5.5e-48  160.3  33.0   1   3   4.6e-22   9.1e-21   71.1   4.0   169   242     6    79     1    82 0.93 -
NW_025965235.1_RagTag:119535-118921   -            205 30469at314147        -            257   5.5e-48  160.3  33.0   2   3   4.2e-18   8.2e-17   58.1   6.8   173   250    66   143    65   144 0.96 -
NW_025965235.1_RagTag:119535-118921   -            205 30469at314147        -            257   5.5e-48  160.3  33.0   3   3   1.2e-17   2.4e-16   56.6   6.3   162   225   137   202   134   205 0.93 -
contig_33351_pilon:8-595              -            196 30469at314147        -            257   1.5e-47  158.8  26.6   1   3   4.1e-20     8e-19   64.7   6.2   173   248     2    77     1    78 0.95 -
contig_33351_pilon:8-595              -            196 30469at314147        -            257   1.5e-47  158.8  26.6   2   3   1.3e-20   2.5e-19   66.3   6.2   176   248    61   133    61   134 0.97 -
contig_33351_pilon:8-595              -            196 30469at314147        -            257   1.5e-47  158.8  26.6   3   3   2.7e-16   5.2e-15   52.2   3.6   164   224   131   193   130   195 0.55 -
contig_43334_pilon:1190-1762          -            191 30469at314147        -            257   3.4e-47  157.7  30.0   1   3   3.7e-09   7.2e-08   28.8   0.8   187   220    21    54     8    55 0.90 -
contig_43334_pilon:1190-1762          -            191 30469at314147        -            257   3.4e-47  157.7  30.0   2   3   2.3e-23   4.5e-22   75.4   8.9   163   249    23   111    21   112 0.96 -
contig_43334_pilon:1190-1762          -            191 30469at314147        -            257   3.4e-47  157.7  30.0   3   3   4.5e-24   8.9e-23   77.7   5.7   161   244   105   190   104   191 0.95 -
contig_36320_pilon:384-1025           -            214 30469at314147        -            257   2.8e-46  154.6  42.4   1   3   2.6e-16     5e-15   52.3  10.6   143   249     2   111     1   111 0.92 -
contig_36320_pilon:384-1025           -            214 30469at314147        -            257   2.8e-46  154.6  42.4   2   3   4.6e-21     9e-20   67.8   8.9   174   248    92   166    91   167 0.97 -
contig_36320_pilon:384-1025           -            214 30469at314147        -            257   2.8e-46  154.6  42.4   3   3   8.6e-19   1.7e-17   60.4   7.0   174   239   148   213   147   214 0.97 -
NW_025965341.1_RagTag:10227-11063     -            279 30469at314147        -            257   6.5e-44  146.9  29.1   1   4   3.5e-12   6.9e-11   38.7   4.4   176   248     2    74     1    77 0.94 -
NW_025965341.1_RagTag:10227-11063     -            279 30469at314147        -            257   6.5e-44  146.9  29.1   2   4   1.7e-16   3.4e-15   52.8   3.7   166   242    74   152    70   163 0.91 -
NW_025965341.1_RagTag:10227-11063     -            279 30469at314147        -            257   6.5e-44  146.9  29.1   3   4   1.3e-15   2.6e-14   49.9   2.2   173   249   168   244   156   245 0.94 -
NW_025965341.1_RagTag:10227-11063     -            279 30469at314147        -            257   6.5e-44  146.9  29.1   4   4   1.2e-11   2.3e-10   37.0   0.7   175   226   226   277   224   279 0.94 -
contig_28105_pilon:1448-873           -            192 30469at314147        -            257     3e-42  141.5  29.6   1   3   1.3e-14   2.6e-13   46.7   4.6   173   248     4    79     1    80 0.95 -
contig_28105_pilon:1448-873           -            192 30469at314147        -            257     3e-42  141.5  29.6   2   3     2e-16     4e-15   52.6   4.2   173   241    60   128    57   130 0.94 -
contig_28105_pilon:1448-873           -            192 30469at314147        -            257     3e-42  141.5  29.6   3   3   5.5e-21   1.1e-19   67.5   5.0   176   248   119   191   119   192 0.98 -
NW_025965289.1_RagTag:81519-82214     -            232 30469at314147        -            257   4.2e-42  141.0  30.3   1   4   1.5e-19     3e-18   62.8   7.1   173   249    35   111    13   112 0.96 -
NW_025965289.1_RagTag:81519-82214     -            232 30469at314147        -            257   4.2e-42  141.0  30.3   2   4   5.7e-11   1.1e-09   34.7   3.1   179   224    97   142    97   142 0.98 -
NW_025965289.1_RagTag:81519-82214     -            232 30469at314147        -            257   4.2e-42  141.0  30.3   3   4   7.6e-15   1.5e-13   47.4   1.8   191   249   137   195   135   196 0.97 -
NW_025965289.1_RagTag:81519-82214     -            232 30469at314147        -            257   4.2e-42  141.0  30.3   4   4     1e-09     2e-08   30.6   3.3   179   225   181   227   181   231 0.97 -
NW_025965127.1_RagTag:122616-122107   -            170 30469at314147        -            257   9.9e-42  139.8  24.9   1   3   4.5e-18   8.9e-17   58.0   3.0   171   241     5    75     1    79 0.93 -
NW_025965127.1_RagTag:122616-122107   -            170 30469at314147        -            257   9.9e-42  139.8  24.9   2   3   1.3e-16   2.5e-15   53.3   4.7   173   251    35   113    35   116 0.97 -
NW_025965127.1_RagTag:122616-122107   -            170 30469at314147        -            257   9.9e-42  139.8  24.9   3   3   1.6e-16   3.1e-15   52.9   1.9   166   223   110   169   107   170 0.89 -
NW_025965317.1_RagTag:1475061-1474264 -            266 30469at314147        -            257   1.2e-41  139.5  29.4   1   4    0.0032     0.063    9.3   0.4   203   248    46    90     2    90 0.86 -
NW_025965317.1_RagTag:1475061-1474264 -            266 30469at314147        -            257   1.2e-41  139.5  29.4   2   4   1.7e-18   3.3e-17   59.4   3.5   176   249    74   147    67   149 0.97 -
NW_025965317.1_RagTag:1475061-1474264 -            266 30469at314147        -            257   1.2e-41  139.5  29.4   3   4   1.7e-13   3.3e-12   43.0   3.0   180   248   134   202   134   203 0.94 -
NW_025965317.1_RagTag:1475061-1474264 -            266 30469at314147        -            257   1.2e-41  139.5  29.4   4   4   1.2e-19   2.4e-18   63.1   7.4   167   251   177   261   176   265 0.93 -
contig_70752_pilon:1562-1984          -            141 30469at314147        -            257   1.6e-40  135.8  21.8   1   2   7.5e-25   1.5e-23   80.2   6.4   162   245     5    90     1    91 0.94 -
contig_70752_pilon:1562-1984          -            141 30469at314147        -            257   1.6e-40  135.8  21.8   2   2   4.4e-21   8.6e-20   67.9   7.5   165   239    64   140    64   141 0.97 -
NW_025965436.1_RagTag:1617-781        -            279 30469at314147        -            257     7e-40  133.7  56.8   1   4   1.8e-13   3.5e-12   42.9  16.8   149   249     2   104     1   104 0.90 -
NW_025965436.1_RagTag:1617-781        -            279 30469at314147        -            257     7e-40  133.7  56.8   2   4   6.6e-11   1.3e-09   34.5   7.1   190   248    73   131    69   137 0.93 -
NW_025965436.1_RagTag:1617-781        -            279 30469at314147        -            257     7e-40  133.7  56.8   3   4   2.9e-16   5.6e-15   52.1  10.3   175   248   142   215   131   217 0.94 -
NW_025965436.1_RagTag:1617-781        -            279 30469at314147        -            257     7e-40  133.7  56.8   4   4   7.9e-13   1.6e-11   40.8   8.3   190   250   213   273   209   276 0.95 -
NW_025965039.1_RagTag:269913-269302   -            204 30469at314147        -            257   3.1e-39  131.6  22.3   1   3   2.1e-20   4.1e-19   65.7   5.5   168   249     5    86     1    92 0.93 -
NW_025965039.1_RagTag:269913-269302   -            204 30469at314147        -            257   3.1e-39  131.6  22.3   2   3   7.3e-17   1.4e-15   54.0   5.8   167   248    88   169    83   171 0.95 -
NW_025965039.1_RagTag:269913-269302   -            204 30469at314147        -            257   3.1e-39  131.6  22.3   3   3   1.1e-06   2.1e-05   20.7   0.1   192   225   169   202   166   203 0.86 -
NW_025965230.1_RagTag:919885-919364   -            174 30469at314147        -            257   5.9e-39  130.7  25.3   1   3   2.9e-11   5.8e-10   35.7   1.8   191   249     7    65     3    66 0.89 -
NW_025965230.1_RagTag:919885-919364   -            174 30469at314147        -            257   5.9e-39  130.7  25.3   2   3     1e-18     2e-17   60.1   4.7   176   249    48   121    48   123 0.98 -
NW_025965230.1_RagTag:919885-919364   -            174 30469at314147        -            257   5.9e-39  130.7  25.3   3   3   1.7e-18   3.3e-17   59.4   3.6   169   245    97   173    94   174 0.93 -
contig_78026_pilon:1141-2283          -            381 30469at314147        -            257   1.3e-38  129.6  41.6   1   5   3.5e-12   6.9e-11   38.7   5.5   119   224     1   113     1   117 0.67 -
contig_78026_pilon:1141-2283          -            381 30469at314147        -            257   1.3e-38  129.6  41.6   2   5   1.1e-07   2.1e-06   24.0   4.1   173   220   149   196   144   196 0.91 -
contig_78026_pilon:1141-2283          -            381 30469at314147        -            257   1.3e-38  129.6  41.6   3   5   2.9e-09   5.6e-08   29.2   1.2   179   225   183   229   182   236 0.93 -
contig_78026_pilon:1141-2283          -            381 30469at314147        -            257   1.3e-38  129.6  41.6   4   5   5.6e-15   1.1e-13   47.9   4.7   175   248   274   347   258   349 0.94 -
contig_78026_pilon:1141-2283          -            381 30469at314147        -            257   1.3e-38  129.6  41.6   5   5   1.1e-09   2.3e-08   30.5   2.2   173   225   328   380   326   381 0.95 -
NW_025965215.1_RagTag:23669-22371     -            433 30469at314147        -            257     2e-38  128.9  24.3   1   3     9e-18   1.8e-16   57.0   4.9   175   249   245   318   239   321 0.96 -
NW_025965215.1_RagTag:23669-22371     -            433 30469at314147        -            257     2e-38  128.9  24.3   2   3   2.8e-18   5.6e-17   58.7   6.3   168   249   321   402   317   403 0.95 -
NW_025965215.1_RagTag:23669-22371     -            433 30469at314147        -            257     2e-38  128.9  24.3   3   3   4.5e-10   8.8e-09   31.8   3.2   179   224   388   433   388   433 0.97 -
NW_025965374.1_RagTag:84619-82388     -            744 30469at314147        -            257   2.1e-37  125.6  66.6   1   7   2.9e-11   5.6e-10   35.7   4.0   176   233     6    63     3    71 0.93 -
NW_025965374.1_RagTag:84619-82388     -            744 30469at314147        -            257   2.1e-37  125.6  66.6   2   7   3.4e-07   6.7e-06   22.3   2.5   175   251    74   154    63   157 0.84 -
NW_025965374.1_RagTag:84619-82388     -            744 30469at314147        -            257   2.1e-37  125.6  66.6   3   7   4.2e-06   8.2e-05   18.8   8.8   126   254   195   351   159   352 0.71 -
NW_025965374.1_RagTag:84619-82388     -            744 30469at314147        -            257   2.1e-37  125.6  66.6   4   7     0.068       1.3    5.0   0.3   115   146   325   357   318   363 0.79 -
NW_025965374.1_RagTag:84619-82388     -            744 30469at314147        -            257   2.1e-37  125.6  66.6   5   7   3.3e-12   6.4e-11   38.8  15.4    81   248   402   578   360   585 0.77 -
NW_025965374.1_RagTag:84619-82388     -            744 30469at314147        -            257   2.1e-37  125.6  66.6   6   7   1.6e-08   3.1e-07   26.7   9.2   176   255   562   642   562   644 0.90 -
NW_025965374.1_RagTag:84619-82388     -            744 30469at314147        -            257   2.1e-37  125.6  66.6   7   7      0.37       7.2    2.6   0.0   176   196   698   719   691   727 0.84 -
NW_025965301.1_RagTag:107840-107193   -            216 30469at314147        -            257   3.3e-36  121.7  20.7   1   3   2.6e-08   5.1e-07   26.0   0.2   175   225    31    82    23    85 0.89 -
NW_025965301.1_RagTag:107840-107193   -            216 30469at314147        -            257   3.3e-36  121.7  20.7   2   3   3.2e-22   6.2e-21   71.6   3.3   167   251    80   164    78   165 0.95 -
NW_025965301.1_RagTag:107840-107193   -            216 30469at314147        -            257   3.3e-36  121.7  20.7   3   3   1.5e-14     3e-13   46.4   4.6   173   248   142   216   142   216 0.96 -
NW_025965341.1_RagTag:79117-79728     -            204 30469at314147        -            257   3.4e-36  121.6  27.5   1   3   3.6e-09   7.1e-08   28.8   1.9   192   250     1    59     1    65 0.88 -
NW_025965341.1_RagTag:79117-79728     -            204 30469at314147        -            257   3.4e-36  121.6  27.5   2   3     3e-19   5.9e-18   61.9   5.8   163   249    54   142    51   143 0.93 -
NW_025965341.1_RagTag:79117-79728     -            204 30469at314147        -            257   3.4e-36  121.6  27.5   3   3   1.8e-17   3.5e-16   56.1   4.2   176   249   125   198   125   202 0.98 -
NW_025965341.1_RagTag:50625-49930     -            232 30469at314147        -            257   2.4e-35  118.8  28.4   1   3   8.3e-18   1.6e-16   57.1   2.7   175   248    15    88     5    89 0.93 -
NW_025965341.1_RagTag:50625-49930     -            232 30469at314147        -            257   2.4e-35  118.8  28.4   2   3   2.2e-15   4.2e-14   49.2   6.8   173   248    69   146    68   152 0.88 -
NW_025965341.1_RagTag:50625-49930     -            232 30469at314147        -            257   2.4e-35  118.8  28.4   3   3   5.5e-12   1.1e-10   38.1   3.2   166   249   146   229   141   232 0.89 -
NW_025965344.1_RagTag:2077-1649       -            143 30469at314147        -            257   3.2e-35  118.4  13.6   1   2   2.8e-21   5.4e-20   68.5   3.0   153   250     2    98     1   100 0.90 -
NW_025965344.1_RagTag:2077-1649       -            143 30469at314147        -            257   3.2e-35  118.4  13.6   2   2   3.1e-19     6e-18   61.8   3.0   160   239    62   143    61   143 0.95 -
contig_53583_pilon:2103-1624          -            160 30469at314147        -            257   4.8e-34  114.6  23.5   1   3   1.2e-13   2.4e-12   43.5   3.2   189   241     5    57     2    59 0.92 -
contig_53583_pilon:2103-1624          -            160 30469at314147        -            257   4.8e-34  114.6  23.5   2   3   1.1e-16   2.1e-15   53.5   8.8   174   240    46   112    45   117 0.94 -
contig_53583_pilon:2103-1624          -            160 30469at314147        -            257   4.8e-34  114.6  23.5   3   3   4.9e-12   9.6e-11   38.2   1.6   181   232   109   160   109   160 0.92 -
NW_025965182.1_RagTag:1737866-1738443 -            179 30469at314147        -            257   6.9e-34  114.1  26.9   1   3   3.4e-15   6.7e-14   48.6   2.8   153   219     2    70     1    76 0.84 -
NW_025965182.1_RagTag:1737866-1738443 -            179 30469at314147        -            257   6.9e-34  114.1  26.9   2   3   7.4e-10   1.5e-08   31.1   0.9   175   233    69   127    66   127 0.86 -
NW_025965182.1_RagTag:1737866-1738443 -            179 30469at314147        -            257   6.9e-34  114.1  26.9   3   3   3.5e-18   6.8e-17   58.4   8.4   148   220    96   170    96   178 0.84 -
NW_025965375.1_RagTag:160364-159888   -            159 30469at314147        -            257   1.1e-33  113.4  21.7   1   2   1.8e-15   3.5e-14   49.5   2.5   186   249    18    80     5    80 0.89 -
NW_025965375.1_RagTag:160364-159888   -            159 30469at314147        -            257   1.1e-33  113.4  21.7   2   2   1.4e-23   2.8e-22   76.0  11.5   163   251    48   138    48   143 0.96 -
NW_025965358.1_RagTag:7313-6858       -            152 30469at314147        -            257     2e-31  106.0  18.3   1   3   2.5e-08     5e-07   26.0   0.1   176   204     5    33     2    35 0.95 -
NW_025965358.1_RagTag:7313-6858       -            152 30469at314147        -            257     2e-31  106.0  18.3   2   3   1.9e-19   3.6e-18   62.5   3.0   173   249    30   106    30   108 0.97 -
NW_025965358.1_RagTag:7313-6858       -            152 30469at314147        -            257     2e-31  106.0  18.3   3   3   1.8e-09   3.5e-08   29.8   4.9   192   239   105   152   104   152 0.95 -
NW_025965166.1_RagTag:126554-126123   -            144 30469at314147        -            257   2.7e-31  105.6  21.6   1   2   1.1e-21   2.1e-20   69.9   9.4   146   241     5   102     2   104 0.95 -
NW_025965166.1_RagTag:126554-126123   -            144 30469at314147        -            257   2.7e-31  105.6  21.6   2   2   5.2e-15     1e-13   48.0   4.3   167   224    84   141    81   143 0.67 -
contig_31119_pilon:1895-1227          -            223 30469at314147        -            257   5.7e-31  104.5  27.1   1   4   1.4e-12   2.8e-11   40.0   7.5   172   245    23    98    17   101 0.90 -
contig_31119_pilon:1895-1227          -            223 30469at314147        -            257   5.7e-31  104.5  27.1   2   4   4.2e-14   8.3e-13   45.0   2.5   173   248    81   156    80   157 0.94 -
contig_31119_pilon:1895-1227          -            223 30469at314147        -            257   5.7e-31  104.5  27.1   3   4   1.4e-06   2.8e-05   20.3   1.9   190   218   154   182   150   184 0.85 -
contig_31119_pilon:1895-1227          -            223 30469at314147        -            257   5.7e-31  104.5  27.1   4   4   1.1e-09   2.2e-08   30.5   1.0   179   223   171   215   171   220 0.95 -
NW_025965190.1_RagTag:126348-126803   -            152 30469at314147        -            257   1.1e-30  103.5  14.8   1   2   1.9e-11   3.8e-10   36.3   3.1   190   247     2    59     1    60 0.91 -
NW_025965190.1_RagTag:126348-126803   -            152 30469at314147        -            257   1.1e-30  103.5  14.8   2   2   1.5e-22   2.9e-21   72.7   4.7   165   250    59   146    55   151 0.93 -
contig_81532_pilon:2155-1715          -            147 30469at314147        -            257   2.7e-30  102.3  32.3   1   3   0.00012    0.0023   14.1   0.4   224   249     2    27     1    28 0.93 -
contig_81532_pilon:2155-1715          -            147 30469at314147        -            257   2.7e-30  102.3  32.3   2   3     9e-15   1.8e-13   47.2   9.1   176   249    10    85     7    86 0.92 -
contig_81532_pilon:2155-1715          -            147 30469at314147        -            257   2.7e-30  102.3  32.3   3   3   7.4e-20   1.5e-18   63.8   8.7   176   250    68   142    64   146 0.95 -
NW_025965299.1_RagTag:2340-1810       -            177 30469at314147        -            257   4.6e-29   98.3  23.3   1   3   4.6e-12     9e-11   38.3   1.8   189   240     1    52     1    54 0.95 -
NW_025965299.1_RagTag:2340-1810       -            177 30469at314147        -            257   4.6e-29   98.3  23.3   2   3   2.1e-14     4e-13   46.0   1.7   176   248    44   116    44   117 0.96 -
NW_025965299.1_RagTag:2340-1810       -            177 30469at314147        -            257   4.6e-29   98.3  23.3   3   3   5.2e-12     1e-10   38.1   4.8   179   249   103   173   100   176 0.96 -
NW_025965341.1_RagTag:41694-41227     -            156 30469at314147        -            257   1.2e-27   93.6  14.3   1   2   2.4e-14   4.6e-13   45.8   2.2   182   250     2    70     1    74 0.94 -
NW_025965341.1_RagTag:41694-41227     -            156 30469at314147        -            257   1.2e-27   93.6  14.3   2   2   4.8e-17   9.4e-16   54.6   6.0   165   249    67   153    64   156 0.91 -
contig_37853_pilon:1183-1722          -            180 30469at314147        -            257     2e-26   89.6  26.3   1   3   8.4e-05    0.0017   14.5   2.3   176   243     1    69     1    76 0.81 -
contig_37853_pilon:1183-1722          -            180 30469at314147        -            257     2e-26   89.6  26.3   2   3   3.1e-08     6e-07   25.8   2.1   176   239    58   121    53   121 0.96 -
contig_37853_pilon:1183-1722          -            180 30469at314147        -            257     2e-26   89.6  26.3   3   3   6.5e-23   1.3e-21   73.9   6.7   146   241    82   179    77   180 0.93 -
contig_70752_pilon:955-1209           -             85 30469at314147        -            257   4.4e-26   88.5  15.1   1   2   3.1e-18   6.1e-17   58.5   3.8   180   248     2    70     1    71 0.90 -
contig_70752_pilon:955-1209           -             85 30469at314147        -            257   4.4e-26   88.5  15.1   2   2   5.5e-13   1.1e-11   41.3   3.5   189   235    39    85    39    85 0.96 -
NW_025965442.1_RagTag:53303-52854     -            150 30469at314147        -            257   7.2e-26   87.8  24.0   1   3   1.3e-10   2.5e-09   33.6   5.2   167   224    16    73     9    73 0.93 -
NW_025965442.1_RagTag:53303-52854     -            150 30469at314147        -            257   7.2e-26   87.8  24.0   2   3   4.6e-14   9.1e-13   44.9   3.1   189   243    66   120    65   123 0.94 -
NW_025965442.1_RagTag:53303-52854     -            150 30469at314147        -            257   7.2e-26   87.8  24.0   3   3   2.1e-10   4.2e-09   32.8   1.0   173   217   106   150   105   150 0.94 -
NW_025965341.1_RagTag:115157-115672   -            172 30469at314147        -            257   8.5e-26   87.5  19.9   1   2   2.5e-12   4.8e-11   39.2   7.1   167   250     2    85     1    91 0.91 -
NW_025965341.1_RagTag:115157-115672   -            172 30469at314147        -            257   8.5e-26   87.5  19.9   2   2   4.1e-18   8.1e-17   58.1  10.9   132   249    52   168    52   172 0.88 -
contig_43715_pilon:891-1472           -            194 30469at314147        -            257   5.5e-25   84.9  14.9   1   3   7.3e-14   1.4e-12   44.2   4.3   179   249     9    79     3    79 0.96 -
contig_43715_pilon:891-1472           -            194 30469at314147        -            257   5.5e-25   84.9  14.9   2   3   3.1e-07     6e-06   22.5   1.1   179   212    65    98    65   105 0.96 -
contig_43715_pilon:891-1472           -            194 30469at314147        -            257   5.5e-25   84.9  14.9   3   3   1.9e-10   3.7e-09   33.0   0.9   184   246   126   188   115   193 0.88 -
NW_025965039.1_RagTag:269384-268866   -            173 30469at314147        -            257   2.1e-24   83.0   7.3   1   2   9.3e-13   1.8e-11   40.6   0.8   191   249    48   106    30   107 0.92 -
NW_025965039.1_RagTag:269384-268866   -            173 30469at314147        -            257   2.1e-24   83.0   7.3   2   2   2.6e-15   5.1e-14   49.0   1.1   162   232   101   173    99   173 0.95 -
NW_025965233.1_RagTag:196599-200331   -            387 30469at314147        -            257     7e-23   78.0  17.8   1   2   1.4e-13   2.7e-12   43.3   6.7   172   249   211   288   195   295 0.92 -
NW_025965233.1_RagTag:196599-200331   -            387 30469at314147        -            257     7e-23   78.0  17.8   2   2     1e-12     2e-11   40.4   3.2   174   225   321   372   303   376 0.91 -
NW_025965028.1_RagTag:362640-363958   -            372 30469at314147        -            257   2.5e-18   63.1  11.4   1   1   1.3e-19   2.5e-18   63.1  11.4   115   224   261   369   257   371 0.91 -
NW_025965200.1_RagTag:17855-18731     -            223 30469at314147        -            257   1.1e-17   61.0   6.9   1   2     4e-08   7.8e-07   25.4   0.9   153   205   112   165    99   168 0.89 -
NW_025965200.1_RagTag:17855-18731     -            223 30469at314147        -            257   1.1e-17   61.0   6.9   2   2     1e-12     2e-11   40.4   1.1   174   228   164   220   163   223 0.91 -
contig_70752_pilon:1401-2117          -            239 30469at314147        -            257   7.3e-17   58.3   5.3   1   2   7.4e-13   1.5e-11   40.9   1.5   189   247     3    61     1    67 0.92 -
contig_70752_pilon:1401-2117          -            239 30469at314147        -            257   7.3e-17   58.3   5.3   2   2   3.6e-06   7.1e-05   19.0   0.1   187   218   198   229   169   236 0.80 -
NW_025965039.1_RagTag:270214-269894   -            107 30469at314147        -            257   1.3e-15   54.2   1.4   1   1     1e-16     2e-15   53.6   1.1   179   245     3    69     2    75 0.95 -
NW_025965279.1_RagTag:78436-77783     -            218 30469at314147        -            257   4.6e-13   45.8  17.6   1   1   3.4e-13   6.7e-12   42.0  17.4    75   219    70   211    58   215 0.82 -
NW_025965281.1_RagTag:529347-527455   -            631 30469at314147        -            257   5.6e-12   42.3  10.8   1   2   1.3e-06   2.5e-05   20.5   0.3   201   251   341   392   298   398 0.80 -
NW_025965281.1_RagTag:529347-527455   -            631 30469at314147        -            257   5.6e-12   42.3  10.8   2   2   1.2e-07   2.4e-06   23.8   5.0   148   251   460   537   451   543 0.55 -
NW_025965297.1_RagTag:263516-264714   -            299 30469at314147        -            257   2.1e-10   37.1  13.7   1   2   3.5e-10   6.8e-09   32.2   6.0   175   248    73   146    61   151 0.80 -
NW_025965297.1_RagTag:263516-264714   -            299 30469at314147        -            257   2.1e-10   37.1  13.7   2   2    0.0053       0.1    8.6   0.9   158   220   230   292   226   297 0.73 -
NW_025965324.1_RagTag:667631-665234   -            506 30469at314147        -            257   3.4e-10   36.4   1.9   1   2   2.8e-10   5.6e-09   32.4   0.4   176   224     1    49     1    94 0.93 -
NW_025965324.1_RagTag:667631-665234   -            506 30469at314147        -            257   3.4e-10   36.4   1.9   2   2      0.32       6.3    2.8   0.0   193   214   289   310   235   326 0.76 -
NW_025965300.1_RagTag:179035-179624   -            188 30469at314147        -            257   2.8e-09   33.5   1.7   1   2       5.5   1.1e+02   -1.3   0.0    59    78   106   125    95   139 0.76 -
NW_025965300.1_RagTag:179035-179624   -            188 30469at314147        -            257   2.8e-09   33.5   1.7   2   2   1.4e-10   2.8e-09   33.5   1.7   174   220   141   187   135   188 0.94 -
NW_025965054.1_RagTag:37671-36244     -            327 30469at314147        -            257   5.7e-08   29.1   6.6   1   3   2.9e-09   5.7e-08   29.1   6.6   160   228    69   136     2   151 0.69 -
NW_025965054.1_RagTag:37671-36244     -            327 30469at314147        -            257   5.7e-08   29.1   6.6   2   3    0.0046      0.09    8.8   2.9   192   243   190   240   161   251 0.82 -
NW_025965054.1_RagTag:37671-36244     -            327 30469at314147        -            257   5.7e-08   29.1   6.6   3   3       2.1        41    0.1   0.8   200   228   254   282   237   293 0.73 -
NW_025965259.1_RagTag:166355-164907   -            483 30469at314147        -            257   2.7e-07   26.9   3.4   1   2         7   1.4e+02   -1.6   0.1   176   203    23    50    14    56 0.65 -
NW_025965259.1_RagTag:166355-164907   -            483 30469at314147        -            257   2.7e-07   26.9   3.4   2   2   1.4e-08   2.7e-07   26.9   3.4   172   239   413   480   398   482 0.91 -
NW_025965341.1_RagTag:108391-110706   -            772 30469at314147        -            257   4.7e-07   26.1  10.3   1   3     5e-05   0.00099   15.3   1.0   176   250    34   110    29   117 0.83 -
NW_025965341.1_RagTag:108391-110706   -            772 30469at314147        -            257   4.7e-07   26.1  10.3   2   3    0.0037     0.073    9.1   0.1   175   224   174   225   162   249 0.76 -
NW_025965341.1_RagTag:108391-110706   -            772 30469at314147        -            257   4.7e-07   26.1  10.3   3   3     0.063       1.2    5.1   0.4   141   211   700   772   682   772 0.73 -
NW_025965182.1_RagTag:1737359-1737856 -            166 30469at314147        -            257   5.8e-05   19.3   0.6   1   2       3.5        69   -0.6   0.1   191   205    35    49    20    95 0.72 -
NW_025965182.1_RagTag:1737359-1737856 -            166 30469at314147        -            257   5.8e-05   19.3   0.6   2   2   7.5e-06   0.00015   18.0   0.4   180   226   116   162    66   166 0.90 -
#
# Program:         hmmsearch
# Version:         3.1b2 (February 2015)
# Pipeline mode:   SEARCH
# Query file:      /home/bgerda/guppy_SUP/busco_downloads/lineages/glires_odb10/hmms/30469at314147.hmm
# Target file:     /home/bgerda/guppy_SUP/busco_results_flye/run_glires_odb10/metaeuk_output/initial_results/ragtag.scaffold.fasta.modified.fas
# Option settings: hmmsearch --domtblout /home/bgerda/guppy_SUP/busco_results_flye/run_glires_odb10/hmmer_output/initial_run_results/30469at314147.out --cpu 1 /home/bgerda/guppy_SUP/busco_downloads/lineages/glires_odb10/hmms/30469at314147.hmm /home/bgerda/guppy_SUP/busco_results_flye/run_glires_odb10/metaeuk_output/initial_results/ragtag.scaffold.fasta.modified.fas 
# Current dir:     /home/bgerda/guppy_SUP
# Date:            Sun May 21 17:17:02 2023
# [ok]
