#                                                                                             --- full sequence --- -------------- this domain -------------   hmm coord   ali coord   env coord
# target name                         accession   tlen query name           accession   qlen   E-value  score  bias   #  of  c-Evalue  i-Evalue  score  bias  from    to  from    to  from    to  acc description of target
#                 ------------------- ---------- ----- -------------------- ---------- ----- --------- ------ ----- --- --- --------- --------- ------ ----- ----- ----- ----- ----- ----- ----- ---- ---------------------
NW_025965319.1_RagTag:190258-191328   -            357 30549at314147        -            302     1e-39  133.4  14.8   1   1   4.8e-41   1.3e-39  133.0  14.8    11   296    25   318    16   323 0.86 -
NW_025965230.1_RagTag:352259-351105   -            385 30549at314147        -            302     2e-34  116.0  13.6   1   1   9.5e-36   2.6e-34  115.6  13.6    15   299    41   331    30   334 0.82 -
NW_025965295.1_RagTag:981139-979895   -            415 30549at314147        -            302     1e-30  103.8  24.6   1   1   5.1e-32   1.4e-30  103.4  24.6    13   291    92   370    85   377 0.86 -
NW_025965322.1_RagTag:1960357-1959483 -            226 30549at314147        -            302   3.6e-25   85.6   8.3   1   2   1.2e-18   3.2e-17   59.5   2.7    46   121    28   102    18   116 0.91 -
NW_025965322.1_RagTag:1960357-1959483 -            226 30549at314147        -            302   3.6e-25   85.6   8.3   2   2   1.5e-09   4.2e-08   29.6   0.3   215   291   137   209   116   220 0.83 -
NW_025965108.1_RagTag:146432-147415   -            328 30549at314147        -            302   2.9e-22   76.1   6.9   1   1   1.3e-23   3.5e-22   75.8   6.9    23   289    46   323    23   327 0.82 -
contig_25261_pilon:2046-1063          -            328 30549at314147        -            302   1.8e-20   70.2  15.7   1   1   5.7e-21   1.5e-19   67.1  15.7    15   292    27   311    12   317 0.73 -
NW_025965322.1_RagTag:1960303-1959611 -            170 30549at314147        -            302   8.7e-20   68.0   7.1   1   2   4.6e-19   1.3e-17   60.8   2.5    46   121    10    84     4   102 0.89 -
NW_025965322.1_RagTag:1960303-1959611 -            170 30549at314147        -            302   8.7e-20   68.0   7.1   2   2    0.0016     0.043    9.9   0.2   215   250   120   155   100   160 0.83 -
NW_025965321.1_RagTag:4467400-4468179 -            237 30549at314147        -            302   1.2e-17   61.0  14.6   1   1   5.7e-18   1.6e-16   57.3  14.6    14   154    23   160    11   235 0.87 -
NW_025965307.1_RagTag:989220-990869   -            550 30549at314147        -            302   3.2e-15   53.0   4.9   1   2   1.2e-16   3.2e-15   53.0   4.9    21   199    75   255    63   278 0.83 -
NW_025965307.1_RagTag:989220-990869   -            550 30549at314147        -            302   3.2e-15   53.0   4.9   2   2       3.8     1e+02   -1.2   0.1   214   239   483   508   461   518 0.81 -
contig_67641_pilon:774-58             -            239 30549at314147        -            302   1.2e-12   44.5  12.7   1   1   1.4e-13   3.8e-12   42.9  12.7    22   196     9   199     2   238 0.70 -
NW_025965314.1_RagTag:122427-124252   -            303 30549at314147        -            302     3e-12   43.2  16.9   1   1   1.5e-13   4.1e-12   42.8  16.9    13   296    13   300     8   303 0.72 -
NW_025965161.1_RagTag:422258-421552   -            215 30549at314147        -            302   1.7e-10   37.4   2.2   1   1   8.8e-12   2.4e-10   37.0   2.2    46   150    50   154    36   208 0.86 -
NW_025965256.1_RagTag:853503-854828   -            442 30549at314147        -            302   7.2e-10   35.4  12.2   1   2   2.6e-08   7.1e-07   25.6   9.9     9   204    17   224    11   244 0.72 -
NW_025965256.1_RagTag:853503-854828   -            442 30549at314147        -            302   7.2e-10   35.4  12.2   2   2    0.0022      0.06    9.4   0.0   201   286   253   335   247   346 0.82 -
NW_025965266.1_RagTag:245825-244296   -            282 30549at314147        -            302   1.9e-09   34.0  12.0   1   1   9.2e-11   2.5e-09   33.6  12.0    21   207    53   236    33   254 0.79 -
NW_025965278.1_RagTag:275474-274923   -            184 30549at314147        -            302   9.2e-09   31.8   8.4   1   1   6.4e-10   1.7e-08   30.8   8.4   111   295     1   183     1   184 0.80 -
NW_025965421.1_RagTag:181807-182473   -            201 30549at314147        -            302   3.2e-08   30.0   0.1   1   2   1.2e-09   3.2e-08   30.0   0.1    77   148     7    76     1    98 0.82 -
NW_025965421.1_RagTag:181807-182473   -            201 30549at314147        -            302   3.2e-08   30.0   0.1   2   2      0.63        17    1.3   1.5    50    95   129   176   121   199 0.71 -
NW_025965148.1_RagTag:251890-251081   -            270 30549at314147        -            302     5e-08   29.3   2.9   1   2   1.8e-09     5e-08   29.3   2.9    59   198     3   140     1   163 0.84 -
NW_025965148.1_RagTag:251890-251081   -            270 30549at314147        -            302     5e-08   29.3   2.9   2   2       8.1   2.2e+02   -2.3   0.0   214   239   216   241   209   249 0.74 -
NW_025965407.1_RagTag:8718-7813       -            302 30549at314147        -            302     2e-07   27.4   5.4   1   2   7.3e-09     2e-07   27.4   5.4     7   147    15   154    11   175 0.83 -
NW_025965407.1_RagTag:8718-7813       -            302 30549at314147        -            302     2e-07   27.4   5.4   2   2      0.29       7.8    2.4   0.2   104   143   206   246   180   275 0.73 -
NW_025965316.1_RagTag:3970847-3970154 -            182 30549at314147        -            302     1e-06   25.0   6.3   1   2    0.0055      0.15    8.1   0.1    17    63    37    85    27    93 0.78 -
NW_025965316.1_RagTag:3970847-3970154 -            182 30549at314147        -            302     1e-06   25.0   6.3   2   2   1.7e-06   4.7e-05   19.6   3.3   112   199    84   171    83   181 0.81 -
contig_57973_pilon:1283-390           -            298 30549at314147        -            302   4.8e-06   22.8   6.2   1   1   1.8e-07   4.8e-06   22.8   6.2    16   130    19   133    13   164 0.75 -
contig_19055_pilon:1689-777           -            302 30549at314147        -            302   1.9e-05   20.9   3.7   1   2   6.9e-07   1.9e-05   20.9   3.7    83   140    91   147    81   163 0.78 -
contig_19055_pilon:1689-777           -            302 30549at314147        -            302   1.9e-05   20.9   3.7   2   2       3.6        98   -1.2   0.2   105   142   208   245   178   268 0.69 -
NW_025965161.1_RagTag:680683-681431   -            245 30549at314147        -            302   2.2e-05   20.7   7.0   1   1   1.9e-06   5.2e-05   19.4   6.8    54   203     8   166     3   199 0.71 -
contig_30302_pilon:2113-1269          -            253 30549at314147        -            302     3e-05   20.2   9.7   1   1   1.1e-06     3e-05   20.2   9.7    15   124     3   111     1   205 0.82 -
NW_025965146.1_RagTag:101503-100609   -            285 30549at314147        -            302     4e-05   19.8   4.2   1   2   1.5e-06     4e-05   19.8   4.2    21   121    30   130    18   144 0.80 -
NW_025965146.1_RagTag:101503-100609   -            285 30549at314147        -            302     4e-05   19.8   4.2   2   2       1.9        52   -0.3   0.8    15    51   189   227   184   250 0.58 -
NW_025965182.1_RagTag:1858969-1859367 -            133 30549at314147        -            302     4e-05   19.8   5.3   1   1   1.8e-06   4.9e-05   19.5   5.3    20   120    29   128    16   131 0.79 -
NW_025965138.1_RagTag:16292-15471     -            274 30549at314147        -            302   4.4e-05   19.7  16.1   1   2   3.9e-05    0.0011   15.1   5.0    19   139     3   122     1   126 0.71 -
NW_025965138.1_RagTag:16292-15471     -            274 30549at314147        -            302   4.4e-05   19.7  16.1   2   2    0.0011      0.03   10.4   3.4    70   172   146   255   126   263 0.70 -
NW_025965307.1_RagTag:60810-79018     -            243 30549at314147        -            302   4.6e-05   19.6   6.3   1   1   2.2e-06   6.1e-05   19.2   6.3    19   127    30   139    19   195 0.72 -
contig_31446_pilon:626-132            -            165 30549at314147        -            302   8.9e-05   18.7   4.0   1   1     4e-06   0.00011   18.4   4.0    22   139    30   143    13   155 0.72 -
NW_025965235.1_RagTag:60637-59771     -            289 30549at314147        -            302   0.00011   18.3   3.2   1   1   5.3e-06   0.00014   18.0   3.2    34   121    48   135    28   252 0.79 -
contig_27735_pilon:496-10             -            160 30549at314147        -            302   0.00012   18.3   4.8   1   1   5.2e-06   0.00014   18.0   4.8    15   141    26   149    17   159 0.70 -
contig_75679_pilon:841-1732           -            295 30549at314147        -            302   0.00015   17.9   6.0   1   2   5.6e-06   0.00015   17.9   6.0    19   143    22   146    14   176 0.79 -
contig_75679_pilon:841-1732           -            295 30549at314147        -            302   0.00015   17.9   6.0   2   2      0.28       7.8    2.4   2.0   100   166   196   261   158   282 0.76 -
NW_025965008.1_RagTag:233145-252500   -            270 30549at314147        -            302   0.00021   17.4   4.6   1   2   7.7e-06   0.00021   17.4   4.6    18   148    29   158    20   175 0.81 -
NW_025965008.1_RagTag:233145-252500   -            270 30549at314147        -            302   0.00021   17.4   4.6   2   2      0.26       7.1    2.6   0.2   111   150   208   247   177   264 0.55 -
NW_025965080.1_RagTag:598491-599370   -            289 30549at314147        -            302   0.00025   17.2  12.4   1   2   5.7e-05    0.0015   14.6   4.0    17   120    20   123    10   142 0.83 -
NW_025965080.1_RagTag:598491-599370   -            289 30549at314147        -            302   0.00025   17.2  12.4   2   2    0.0069      0.19    7.7   1.3    72   149   163   242   146   273 0.71 -
contig_44821_pilon:583-29             -            185 30549at314147        -            302   0.00039   16.6   5.5   1   1   1.7e-05   0.00047   16.3   5.5    15   131    24   139    15   163 0.76 -
NW_025965324.1_RagTag:3944352-3943433 -            303 30549at314147        -            302   0.00064   15.9   8.1   1   1     3e-05   0.00081   15.5   7.9    15   122    29   136    22   221 0.84 -
NW_025965305.1_RagTag:1655528-1654657 -            283 30549at314147        -            302   0.00065   15.8   4.4   1   1   4.7e-05    0.0013   14.9   4.4    45   144    51   150    16   161 0.68 -
NW_025965305.1_RagTag:1691060-1691545 -            162 30549at314147        -            302   0.00078   15.6   1.7   1   1   3.5e-05   0.00094   15.3   1.7    31   135     5   109     2   128 0.74 -
NW_025965313.1_RagTag:72608-73156     -            183 30549at314147        -            302    0.0022   14.1   8.9   1   1   9.2e-05    0.0025   13.9   8.9    20   141    17   138     7   174 0.73 -
NW_025965123.1_RagTag:1777286-1697764 -            311 30549at314147        -            302    0.0028   13.7  15.9   1   2   9.3e-05    0.0025   13.9   4.0    13   119    24   130    17   137 0.85 -
NW_025965123.1_RagTag:1777286-1697764 -            311 30549at314147        -            302    0.0028   13.7  15.9   2   2     0.078       2.1    4.3   3.7    69   144   172   250   144   285 0.69 -
contig_30879_pilon:3584-2657          -            305 30549at314147        -            302    0.0028   13.7  13.2   1   1   0.00039      0.01   11.9  12.8    13   133    22   148    17   226 0.80 -
NW_025965140.1_RagTag:1050743-1049919 -            243 30549at314147        -            302    0.0039   13.3   5.7   1   1   0.00012    0.0033   13.5   4.7    35   136     6   105     2   161 0.69 -
NW_025965323.1_RagTag:1326522-1325617 -            302 30549at314147        -            302    0.0042   13.2  10.7   1   1   0.00089     0.024   10.7  10.6    30   239     8   236     2   264 0.63 -
contig_36220_pilon:1250-2170          -            307 30549at314147        -            302    0.0043   13.1   8.4   1   1   6.7e-05    0.0018   14.4   5.9    19   120    31   131    20   158 0.75 -
NW_025965431.1_RagTag:15927-16824     -            297 30549at314147        -            302    0.0057   12.7   6.9   1   2     7e-05    0.0019   14.3   4.0    14   136    15   135    10   150 0.78 -
NW_025965431.1_RagTag:15927-16824     -            297 30549at314147        -            302    0.0057   12.7   6.9   2   2       8.7   2.4e+02   -2.4   0.0   157   191   180   214   166   232 0.61 -
NW_025965313.1_RagTag:72611-73496     -            284 30549at314147        -            302    0.0057   12.7   9.3   1   1   0.00026     0.007   12.4   9.3    20   149    16   145     6   221 0.74 -
NW_025965581.1_RagTag:2793-3509       -            239 30549at314147        -            302    0.0095   12.0   9.3   1   2   3.7e-05     0.001   15.2   4.9    18   121    27   130    18   170 0.75 -
NW_025965581.1_RagTag:2793-3509       -            239 30549at314147        -            302    0.0095   12.0   9.3   2   2       8.2   2.2e+02   -2.3   0.1   226   245   199   218   192   231 0.52 -
NW_025965008.1_RagTag:175868-175071   -            266 30549at314147        -            302     0.011   11.8  11.1   1   2   4.7e-05    0.0013   14.9   6.0    13   120    24   131    15   145 0.80 -
NW_025965008.1_RagTag:175868-175071   -            266 30549at314147        -            302     0.011   11.8  11.1   2   2       2.9        80   -0.9   0.2    93   139   198   245   158   257 0.76 -
NW_025965250.1_RagTag:33393-32875     -            173 30549at314147        -            302     0.015   11.4   6.7   1   1   0.00064     0.017   11.1   6.7    20   120    17   116     5   143 0.74 -
NW_025965230.1_RagTag:1057613-1056714 -            300 30549at314147        -            302     0.017   11.2  11.6   1   2   6.5e-05    0.0018   14.4   6.6    14   142    21   148    14   170 0.67 -
NW_025965230.1_RagTag:1057613-1056714 -            300 30549at314147        -            302     0.017   11.2  11.6   2   2       3.3        91   -1.1   0.2    97   152   201   252   183   258 0.63 -
NW_025965123.1_RagTag:1777274-1722033 -            296 30549at314147        -            302     0.022   10.8   9.0   1   2   5.5e-05    0.0015   14.6   3.8    13   120    20   127    13   153 0.85 -
NW_025965123.1_RagTag:1777274-1722033 -            296 30549at314147        -            302     0.022   10.8   9.0   2   2       7.6   2.1e+02   -2.2   0.2   230   251   208   229   178   255 0.55 -
NW_025965313.1_RagTag:1671616-1670725 -            295 30549at314147        -            302     0.043    9.8  13.1   1   2    0.0017     0.047    9.7  11.4    30   157    28   160     9   204 0.75 -
NW_025965313.1_RagTag:1671616-1670725 -            295 30549at314147        -            302     0.043    9.8  13.1   2   2       2.2        59   -0.4   1.0    70   143   160   234   145   247 0.69 -
NW_025965317.1_RagTag:2643605-2644525 -            307 30549at314147        -            302     0.065    9.3  10.6   1   2   0.00023    0.0064   12.6   5.3    45   120    56   131    23   143 0.73 -
NW_025965317.1_RagTag:2643605-2644525 -            307 30549at314147        -            302     0.065    9.3  10.6   2   2       3.1        85   -1.0   0.2   108   142   215   249   175   260 0.68 -
#
# Program:         hmmsearch
# Version:         3.1b2 (February 2015)
# Pipeline mode:   SEARCH
# Query file:      /home/bgerda/guppy_SUP/busco_downloads/lineages/glires_odb10/hmms/30549at314147.hmm
# Target file:     /home/bgerda/guppy_SUP/busco_results_flye/run_glires_odb10/metaeuk_output/initial_results/ragtag.scaffold.fasta.modified.fas
# Option settings: hmmsearch --domtblout /home/bgerda/guppy_SUP/busco_results_flye/run_glires_odb10/hmmer_output/initial_run_results/30549at314147.out --cpu 1 /home/bgerda/guppy_SUP/busco_downloads/lineages/glires_odb10/hmms/30549at314147.hmm /home/bgerda/guppy_SUP/busco_results_flye/run_glires_odb10/metaeuk_output/initial_results/ragtag.scaffold.fasta.modified.fas 
# Current dir:     /home/bgerda/guppy_SUP
# Date:            Sun May 21 17:17:03 2023
# [ok]
