#                                                                                             --- full sequence --- -------------- this domain -------------   hmm coord   ali coord   env coord
# target name                         accession   tlen query name           accession   qlen   E-value  score  bias   #  of  c-Evalue  i-Evalue  score  bias  from    to  from    to  from    to  acc description of target
#                 ------------------- ---------- ----- -------------------- ---------- ----- --------- ------ ----- --- --- --------- --------- ------ ----- ----- ----- ----- ----- ----- ----- ---- ---------------------
NW_025965309.1_RagTag:3395110-3394499 -            204 39527at314147        -            137   1.9e-10   37.0   0.1   1   1   1.8e-12   3.1e-10   36.3   0.1    67   126    69   128    45   134 0.91 -
NW_025965324.1_RagTag:3071511-3072352 -            184 39527at314147        -            137     5e-10   35.6   0.2   1   1   3.8e-12   6.8e-10   35.2   0.2    71   130    88   147    63   153 0.92 -
NW_025965275.1_RagTag:451509-451318   -             64 39527at314147        -            137   2.7e-09   33.3   1.5   1   1   1.6e-11   2.9e-09   33.2   1.5    69   126     5    62     2    64 0.94 -
NW_025965284.1_RagTag:358647-360583   -            161 39527at314147        -            137   9.1e-09   31.5   1.6   1   1   9.4e-11   1.7e-08   30.7   1.6    67   120   107   161    58   161 0.76 -
NW_025965177.1_RagTag:240911-240603   -            103 39527at314147        -            137   1.3e-08   31.0   0.1   1   1   8.9e-11   1.6e-08   30.8   0.1    68   122    49   103    42   103 0.96 -
NW_025965324.1_RagTag:3058697-3059438 -            122 39527at314147        -            137   1.3e-08   31.0   0.1   1   1   8.7e-11   1.5e-08   30.8   0.1    69   133    34    98    12   102 0.92 -
NW_025965218.1_RagTag:1405061-1401683 -            206 39527at314147        -            137   3.5e-06   23.1   0.3   1   1   2.4e-08   4.3e-06   22.9   0.3    69   127    73   131    34   141 0.89 -
NW_025965300.1_RagTag:1789604-1791787 -            728 39527at314147        -            137    0.0033   13.5   0.2   1   3      0.85   1.5e+02   -1.6   0.0   109   122   191   204   173   212 0.72 -
NW_025965300.1_RagTag:1789604-1791787 -            728 39527at314147        -            137    0.0033   13.5   0.2   2   3     0.028         5    3.2   0.0    76   121   428   473   420   483 0.89 -
NW_025965300.1_RagTag:1789604-1791787 -            728 39527at314147        -            137    0.0033   13.5   0.2   3   3    0.0042      0.75    5.9   0.0    71   125   520   576   513   588 0.87 -
#
# Program:         hmmsearch
# Version:         3.1b2 (February 2015)
# Pipeline mode:   SEARCH
# Query file:      /home/bgerda/guppy_SUP/busco_downloads/lineages/glires_odb10/hmms/39527at314147.hmm
# Target file:     /home/bgerda/guppy_SUP/busco_results_flye/run_glires_odb10/metaeuk_output/initial_results/ragtag.scaffold.fasta.modified.fas
# Option settings: hmmsearch --domtblout /home/bgerda/guppy_SUP/busco_results_flye/run_glires_odb10/hmmer_output/initial_run_results/39527at314147.out --cpu 1 /home/bgerda/guppy_SUP/busco_downloads/lineages/glires_odb10/hmms/39527at314147.hmm /home/bgerda/guppy_SUP/busco_results_flye/run_glires_odb10/metaeuk_output/initial_results/ragtag.scaffold.fasta.modified.fas 
# Current dir:     /home/bgerda/guppy_SUP
# Date:            Sun May 21 17:17:05 2023
# [ok]
