#                                                                                             --- full sequence --- -------------- this domain -------------   hmm coord   ali coord   env coord
# target name                         accession   tlen query name           accession   qlen   E-value  score  bias   #  of  c-Evalue  i-Evalue  score  bias  from    to  from    to  from    to  acc description of target
#                 ------------------- ---------- ----- -------------------- ---------- ----- --------- ------ ----- --- --- --------- --------- ------ ----- ----- ----- ----- ----- ----- ----- ---- ---------------------
NW_025965548.1_RagTag:8831-1842       -            515 6781at314147         -            723  6.8e-207  685.1   7.0   1   4   6.3e-76   4.1e-74  246.2   0.1   131   291     8   193     3   211 0.85 -
NW_025965548.1_RagTag:8831-1842       -            515 6781at314147         -            723  6.8e-207  685.1   7.0   2   4   2.5e-08   1.6e-06   22.8   0.0   373   420   211   256   203   267 0.84 -
NW_025965548.1_RagTag:8831-1842       -            515 6781at314147         -            723  6.8e-207  685.1   7.0   3   4     4e-79   2.6e-77  256.8   0.6   456   599   268   410   262   429 0.97 -
NW_025965548.1_RagTag:8831-1842       -            515 6781at314147         -            723  6.8e-207  685.1   7.0   4   4   9.9e-50   6.4e-48  159.6   0.0   594   677   428   514   417   515 0.94 -
NW_025965309.1_RagTag:3531840-3529118 -            326 6781at314147         -            723  1.7e-138  459.0   1.7   1   3    0.0011     0.073    7.4   0.0   274   291    12    30     5    48 0.69 -
NW_025965309.1_RagTag:3531840-3529118 -            326 6781at314147         -            723  1.7e-138  459.0   1.7   2   3  1.7e-128  1.1e-126  420.0   0.1   366   599    48   278    43   285 0.97 -
NW_025965309.1_RagTag:3531840-3529118 -            326 6781at314147         -            723  1.7e-138  459.0   1.7   3   3   1.5e-10   9.3e-09   30.1   0.1   593   621   298   326   293   326 0.92 -
NW_025965313.1_RagTag:91187-92498     -            211 6781at314147         -            723   1.3e-18   62.8   0.3   1   1   6.9e-19   4.5e-17   57.6   0.3   449   590    65   185    61   206 0.83 -
NW_025965222.1_RagTag:194675-192692   -            116 6781at314147         -            723   1.4e-16   56.0   0.0   1   1   2.6e-18   1.6e-16   55.8   0.0   589   674     8    95     5   115 0.90 -
NW_025965287.1_RagTag:77543-78792     -            357 6781at314147         -            723   5.6e-16   54.0   0.2   1   2   2.3e-13   1.5e-11   39.4   0.0   530   587    31    88    26    98 0.93 -
NW_025965287.1_RagTag:77543-78792     -            357 6781at314147         -            723   5.6e-16   54.0   0.2   2   2   2.9e-05    0.0019   12.6   0.1   590   621   115   148   111   159 0.77 -
NW_025965321.1_RagTag:4471412-4470762 -            217 6781at314147         -            723   6.3e-12   40.6   0.0   1   1     4e-13   2.6e-11   38.6   0.0   449   587    29   153     9   171 0.83 -
contig_37224_pilon:1729-2460          -            244 6781at314147         -            723     1e-09   33.3   1.2   1   2   1.8e-10   1.2e-08   29.8   0.6   421   587     5   145     2   150 0.79 -
contig_37224_pilon:1729-2460          -            244 6781at314147         -            723     1e-09   33.3   1.2   2   2       1.8   1.2e+02   -3.2   0.0   596   633   175   211   170   242 0.61 -
NW_025965233.1_RagTag:123560-122163   -            466 6781at314147         -            723   1.1e-08   29.9   0.4   1   1     1e-09   6.5e-08   27.3   0.3   450   586    35   151    30   162 0.81 -
NW_025965279.1_RagTag:87840-88469     -            210 6781at314147         -            723   4.1e-08   28.0   0.0   1   1   8.9e-10   5.7e-08   27.5   0.0   537   585    27    72    11    79 0.88 -
contig_34309_pilon:705-58             -            216 6781at314147         -            723   4.9e-08   27.7   0.1   1   1     6e-08   3.9e-06   21.5   0.1   422   588    15   155     5   186 0.80 -
NW_025965499.1_RagTag:3947-3072       -            292 6781at314147         -            723   1.5e-07   26.2   0.5   1   1   7.6e-08   4.9e-06   21.2   0.5   422   622     7   177     2   247 0.82 -
contig_66008_pilon:1783-2643          -            287 6781at314147         -            723   2.7e-07   25.3   0.6   1   2   2.8e-07   1.8e-05   19.3   0.2   450   584    14   128    10   133 0.79 -
contig_66008_pilon:1783-2643          -            287 6781at314147         -            723   2.7e-07   25.3   0.6   2   2     0.037       2.4    2.4   0.0   597   665   162   228   152   231 0.83 -
NW_025965324.1_RagTag:3286322-3285366 -            319 6781at314147         -            723   8.5e-07   23.7   0.0   1   2   2.6e-07   1.7e-05   19.4   0.0   143   222     6    91     2   103 0.78 -
NW_025965324.1_RagTag:3286322-3285366 -            319 6781at314147         -            723   8.5e-07   23.7   0.0   2   2     0.043       2.8    2.1   0.0   140   177   240   277   226   294 0.82 -
NW_025965099.1_RagTag:15123-16034     -            304 6781at314147         -            723   1.5e-06   22.8   1.3   1   1   4.6e-07     3e-05   18.6   1.3   421   588    33   174    18   273 0.83 -
NW_025965352.1_RagTag:111207-112973   -            318 6781at314147         -            723   2.6e-06   22.0   0.0   1   2         1        64   -2.4   0.0   452   491    68   107    63   130 0.67 -
NW_025965352.1_RagTag:111207-112973   -            318 6781at314147         -            723   2.6e-06   22.0   0.0   2   2   1.1e-07     7e-06   20.6   0.0   592   672   234   314   227   317 0.88 -
NW_025965256.1_RagTag:50807-50322     -            106 6781at314147         -            723   4.9e-06   21.1   0.0   1   1   8.6e-08   5.5e-06   21.0   0.0   541   586    45    90    26    95 0.87 -
NW_025965334.1_RagTag:180570-180424   -             49 6781at314147         -            723   9.1e-06   20.3   0.1   1   1   1.4e-07   9.1e-06   20.3   0.1   590   621    12    45     7    49 0.77 -
NW_025965291.1_RagTag:211544-210891   -            218 6781at314147         -            723   2.2e-05   19.0   0.9   1   2   9.8e-07   6.3e-05   17.5   0.9   182   221    20    59    15    85 0.81 -
NW_025965291.1_RagTag:211544-210891   -            218 6781at314147         -            723   2.2e-05   19.0   0.9   2   2      0.21        14   -0.2   0.1   315   344    61    90    50   124 0.61 -
contig_31429_pilon:336-926            -            197 6781at314147         -            723   2.5e-05   18.8   0.4   1   1   1.5e-05   0.00097   13.6   0.4   450   588    16   135    10   151 0.73 -
contig_34501_pilon:2315-1608          -            236 6781at314147         -            723   8.7e-05   17.0   0.0   1   1   2.1e-06   0.00013   16.4   0.0   543   588    31    76    18   141 0.93 -
NW_025965324.1_RagTag:3261955-3254736 -            264 6781at314147         -            723    0.0028   12.1   0.0   1   1   5.6e-05    0.0036   11.7   0.0   145   212   106   178    90   197 0.80 -
NW_025965321.1_RagTag:3058981-3059130 -             50 6781at314147         -            723    0.0029   12.0   0.0   1   1   4.6e-05    0.0029   12.0   0.0   576   595     2    21     1    37 0.87 -
#
# Program:         hmmsearch
# Version:         3.1b2 (February 2015)
# Pipeline mode:   SEARCH
# Query file:      /home/bgerda/guppy_SUP/busco_downloads/lineages/glires_odb10/hmms/6781at314147.hmm
# Target file:     /home/bgerda/guppy_SUP/busco_results_flye/run_glires_odb10/metaeuk_output/initial_results/ragtag.scaffold.fasta.modified.fas
# Option settings: hmmsearch --domtblout /home/bgerda/guppy_SUP/busco_results_flye/run_glires_odb10/hmmer_output/initial_run_results/6781at314147.out --cpu 1 /home/bgerda/guppy_SUP/busco_downloads/lineages/glires_odb10/hmms/6781at314147.hmm /home/bgerda/guppy_SUP/busco_results_flye/run_glires_odb10/metaeuk_output/initial_results/ragtag.scaffold.fasta.modified.fas 
# Current dir:     /home/bgerda/guppy_SUP
# Date:            Sun May 21 17:17:15 2023
# [ok]
