#                                                                                             --- full sequence --- -------------- this domain -------------   hmm coord   ali coord   env coord
# target name                         accession   tlen query name           accession   qlen   E-value  score  bias   #  of  c-Evalue  i-Evalue  score  bias  from    to  from    to  from    to  acc description of target
#                 ------------------- ---------- ----- -------------------- ---------- ----- --------- ------ ----- --- --- --------- --------- ------ ----- ----- ----- ----- ----- ----- ----- ---- ---------------------
contig_18340_pilon:996-2162           -            389 7638at314147         -            785   1.4e-99  330.6 106.6   1   5   1.4e-19   2.7e-18   61.8   9.5   246   323     1    78     1    78 0.98 -
contig_18340_pilon:996-2162           -            389 7638at314147         -            785   1.4e-99  330.6 106.6   2   5   2.2e-22   4.4e-21   71.0  14.2   233   322    72   161    71   162 0.97 -
contig_18340_pilon:996-2162           -            389 7638at314147         -            785   1.4e-99  330.6 106.6   3   5     1e-25     2e-24   82.0  16.6   220   323   143   246   143   246 0.99 -
contig_18340_pilon:996-2162           -            389 7638at314147         -            785   1.4e-99  330.6 106.6   4   5   2.6e-27   5.1e-26   87.3  18.9   220   323   227   330   227   330 0.99 -
contig_18340_pilon:996-2162           -            389 7638at314147         -            785   1.4e-99  330.6 106.6   5   5   3.8e-26   7.4e-25   83.5  15.3   226   323   289   386   289   389 0.97 -
contig_52188_pilon:1550-468           -            361 7638at314147         -            785   1.2e-85  284.5  67.9   1   4   1.3e-25   2.5e-24   81.7  14.3   220   323     3   106     1   107 0.99 -
contig_52188_pilon:1550-468           -            361 7638at314147         -            785   1.2e-85  284.5  67.9   2   4   4.4e-24   8.7e-23   76.6  12.0   233   323   100   190    97   191 0.97 -
contig_52188_pilon:1550-468           -            361 7638at314147         -            785   1.2e-85  284.5  67.9   3   4   5.8e-24   1.1e-22   76.2  15.3   222   323   173   274   172   275 0.98 -
contig_52188_pilon:1550-468           -            361 7638at314147         -            785   1.2e-85  284.5  67.9   4   4   2.3e-25   4.4e-24   80.9  14.8   223   323   258   358   257   361 0.97 -
contig_18339_pilon:77-1480            -            468 7638at314147         -            785   9.2e-85  281.6  88.2   1   6   3.1e-16   6.1e-15   50.7   5.7   260   323     9    72     2    72 0.94 -
contig_18339_pilon:77-1480            -            468 7638at314147         -            785   9.2e-85  281.6  88.2   2   6   3.8e-20   7.5e-19   63.6   8.2   240   315    45   120    45   128 0.96 -
contig_18339_pilon:77-1480            -            468 7638at314147         -            785   9.2e-85  281.6  88.2   3   6   7.2e-09   1.4e-07   26.3   1.7   288   323   234   269   220   269 0.92 -
contig_18339_pilon:77-1480            -            468 7638at314147         -            785   9.2e-85  281.6  88.2   4   6   2.9e-24   5.7e-23   77.2  12.4   233   323   263   353   262   354 0.97 -
contig_18339_pilon:77-1480            -            468 7638at314147         -            785   9.2e-85  281.6  88.2   5   6   1.2e-26   2.3e-25   85.2  15.9   215   323   329   437   328   437 0.98 -
contig_18339_pilon:77-1480            -            468 7638at314147         -            785   9.2e-85  281.6  88.2   6   6     2e-15   3.9e-14   48.0   4.9   240   298   410   468   410   468 0.99 -
contig_36320_pilon:1033-1992          -            320 7638at314147         -            785   1.9e-83  277.2  76.1   1   4   1.2e-23   2.4e-22   75.2  13.1   233   323     3    93     1    93 0.98 -
contig_36320_pilon:1033-1992          -            320 7638at314147         -            785   1.9e-83  277.2  76.1   2   4   7.2e-25   1.4e-23   79.2  14.8   220   312    74   166    74   168 0.98 -
contig_36320_pilon:1033-1992          -            320 7638at314147         -            785   1.9e-83  277.2  76.1   3   4   1.4e-25   2.7e-24   81.6   9.7   240   323   150   233   149   233 0.99 -
contig_36320_pilon:1033-1992          -            320 7638at314147         -            785   1.9e-83  277.2  76.1   4   4   1.4e-25   2.8e-24   81.6  14.6   220   323   214   317   214   320 0.98 -
NW_025965432.1_RagTag:538045-539154   -            370 7638at314147         -            785   1.1e-82  274.7 106.6   1   5   9.2e-19   1.8e-17   59.0  22.3   215   323     7   115     3   119 0.95 -
NW_025965432.1_RagTag:538045-539154   -            370 7638at314147         -            785   1.1e-82  274.7 106.6   2   5     6e-21   1.2e-19   66.3  18.7   216   322    36   142    33   143 0.98 -
NW_025965432.1_RagTag:538045-539154   -            370 7638at314147         -            785   1.1e-82  274.7 106.6   3   5   6.9e-24   1.4e-22   76.0  10.4   214   314   118   218   115   221 0.97 -
NW_025965432.1_RagTag:538045-539154   -            370 7638at314147         -            785   1.1e-82  274.7 106.6   4   5   4.8e-26   9.5e-25   83.1  16.7   215   322   203   310   200   311 0.98 -
NW_025965432.1_RagTag:538045-539154   -            370 7638at314147         -            785   1.1e-82  274.7 106.6   5   5   1.6e-14   3.2e-13   45.0   6.5   234   298   306   370   303   370 0.96 -
NW_025965071.1_RagTag:3231-4808       -            526 7638at314147         -            785   1.3e-77  257.9 122.1   1   7   1.9e-08   3.7e-07   24.9   7.1   233   320    15   102     1   103 0.88 -
NW_025965071.1_RagTag:3231-4808       -            526 7638at314147         -            785   1.3e-77  257.9 122.1   2   7   2.8e-13   5.5e-12   40.9   8.2   216   322    82   188    81   189 0.97 -
NW_025965071.1_RagTag:3231-4808       -            526 7638at314147         -            785   1.3e-77  257.9 122.1   3   7   5.4e-13   1.1e-11   39.9  11.8   227   314   177   264   176   269 0.93 -
NW_025965071.1_RagTag:3231-4808       -            526 7638at314147         -            785   1.3e-77  257.9 122.1   4   7   2.7e-20   5.4e-19   64.1  13.5   216   311   222   317   220   320 0.96 -
NW_025965071.1_RagTag:3231-4808       -            526 7638at314147         -            785   1.3e-77  257.9 122.1   5   7   8.9e-24   1.8e-22   75.6  13.5   216   320   306   410   306   411 0.97 -
NW_025965071.1_RagTag:3231-4808       -            526 7638at314147         -            785   1.3e-77  257.9 122.1   6   7   3.9e-20   7.6e-19   63.6  12.5   220   311   394   485   394   489 0.97 -
NW_025965071.1_RagTag:3231-4808       -            526 7638at314147         -            785   1.3e-77  257.9 122.1   7   7   3.7e-11   7.3e-10   33.9   7.4   228   296   458   526   456   526 0.93 -
contig_52188_pilon:1712-1068          -            215 7638at314147         -            785   5.2e-77  255.9  73.1   1   4   3.2e-19   6.3e-18   60.6   7.7   248   323     1    76     1    77 0.95 -
contig_52188_pilon:1712-1068          -            215 7638at314147         -            785   5.2e-77  255.9  73.1   2   4   8.9e-23   1.7e-21   72.3  12.5   233   323    42   132    41   133 0.97 -
contig_52188_pilon:1712-1068          -            215 7638at314147         -            785   5.2e-77  255.9  73.1   3   4   2.1e-23   4.1e-22   74.4  13.2   233   323    70   160    66   160 0.97 -
contig_52188_pilon:1712-1068          -            215 7638at314147         -            785   5.2e-77  255.9  73.1   4   4   2.5e-27   4.9e-26   87.4  15.7   215   322   108   215   107   215 0.99 -
NW_025965182.1_RagTag:1756006-1757067 -            354 7638at314147         -            785   1.8e-63  211.2  54.3   1   4   8.8e-10   1.7e-08   29.3   0.1   252   316     2    66     1    73 0.86 -
NW_025965182.1_RagTag:1756006-1757067 -            354 7638at314147         -            785   1.8e-63  211.2  54.3   2   4   1.5e-24     3e-23   78.2  12.1   214   323    76   185    70   188 0.96 -
NW_025965182.1_RagTag:1756006-1757067 -            354 7638at314147         -            785   1.8e-63  211.2  54.3   3   4   5.1e-24     1e-22   76.4  12.6   214   321   188   295   184   299 0.97 -
NW_025965182.1_RagTag:1756006-1757067 -            354 7638at314147         -            785   1.8e-63  211.2  54.3   4   4   2.5e-20   4.9e-19   64.2   9.3   228   320   258   350   255   354 0.96 -
NW_025965341.1_RagTag:50625-49930     -            232 7638at314147         -            785   2.7e-61  204.0  48.3   1   3   3.4e-29   6.6e-28   93.6  12.9   215   324    11   120     3   123 0.97 -
NW_025965341.1_RagTag:50625-49930     -            232 7638at314147         -            785   2.7e-61  204.0  48.3   2   3     8e-21   1.6e-19   65.9   9.4   236   322    60   146    60   147 0.98 -
NW_025965341.1_RagTag:50625-49930     -            232 7638at314147         -            785   2.7e-61  204.0  48.3   3   3     3e-22   5.8e-21   70.6  10.0   214   322   122   230   120   232 0.98 -
contig_10836_pilon:33-731             -            233 7638at314147         -            785   8.9e-61  202.3  64.7   1   4   6.3e-11   1.2e-09   33.1   3.7   267   322     4    59     2    59 0.94 -
contig_10836_pilon:33-731             -            233 7638at314147         -            785   8.9e-61  202.3  64.7   2   4     2e-23   3.9e-22   74.5  13.8   232   324    53   145    48   148 0.96 -
contig_10836_pilon:33-731             -            233 7638at314147         -            785   8.9e-61  202.3  64.7   3   4   2.1e-20   4.2e-19   64.4   9.5   240   323    89   172    89   172 0.99 -
contig_10836_pilon:33-731             -            233 7638at314147         -            785   8.9e-61  202.3  64.7   4   4   8.1e-22   1.6e-20   69.1  13.8   240   323   145   228   145   233 0.57 -
NW_025965207.1_RagTag:11562-10675     -            296 7638at314147         -            785   4.6e-59  196.6  66.6   1   4   5.4e-08   1.1e-06   23.4  10.8   271   322     2    52     1    53 0.94 -
NW_025965207.1_RagTag:11562-10675     -            296 7638at314147         -            785   4.6e-59  196.6  66.6   2   4   1.2e-22   2.4e-21   71.9  21.5   220   323    34   136    34   137 0.95 -
NW_025965207.1_RagTag:11562-10675     -            296 7638at314147         -            785   4.6e-59  196.6  66.6   3   4   1.3e-17   2.6e-16   55.2  13.6   233   322   130   219   126   219 0.95 -
NW_025965207.1_RagTag:11562-10675     -            296 7638at314147         -            785   4.6e-59  196.6  66.6   4   4   3.1e-24   6.1e-23   77.1  13.1   220   314   201   295   201   296 0.98 -
NW_025965328.1_RagTag:1309-710        -            200 7638at314147         -            785   1.8e-58  194.6  44.3   1   3   1.2e-23   2.3e-22   75.2  10.0   239   323     2    86     1    87 0.99 -
NW_025965328.1_RagTag:1309-710        -            200 7638at314147         -            785   1.8e-58  194.6  44.3   2   3   2.1e-24   4.2e-23   77.7   9.2   227   316    74   163    73   166 0.94 -
NW_025965328.1_RagTag:1309-710        -            200 7638at314147         -            785   1.8e-58  194.6  44.3   3   3   2.8e-21   5.6e-20   67.3   9.1   240   322   115   197   115   200 0.96 -
NW_025965022.1_RagTag:271697-270735   -            321 7638at314147         -            785   8.8e-58  192.4  43.6   1   5   7.5e-06   0.00015   16.3   0.6   290   322     8    40     3    41 0.91 -
NW_025965022.1_RagTag:271697-270735   -            321 7638at314147         -            785   8.8e-58  192.4  43.6   2   5   4.1e-13   8.1e-12   40.3   2.9   232   283    34    85    31    88 0.94 -
NW_025965022.1_RagTag:271697-270735   -            321 7638at314147         -            785   8.8e-58  192.4  43.6   3   5   2.8e-20   5.4e-19   64.1   7.5   216   322    74   179    73   180 0.96 -
NW_025965022.1_RagTag:271697-270735   -            321 7638at314147         -            785   8.8e-58  192.4  43.6   4   5   2.2e-13   4.3e-12   41.3   2.0   233   283   174   224   172   226 0.95 -
NW_025965022.1_RagTag:271697-270735   -            321 7638at314147         -            785   8.8e-58  192.4  43.6   5   5   1.3e-24   2.5e-23   78.4  10.1   215   320   212   317   211   320 0.97 -
NW_025965341.1_RagTag:10227-11063     -            279 7638at314147         -            785   8.8e-55  182.4  41.1   1   3   3.9e-16   7.7e-15   50.3   8.6   248   322     2    76     1    77 0.50 -
NW_025965341.1_RagTag:10227-11063     -            279 7638at314147         -            785   8.8e-55  182.4  41.1   2   3   7.3e-24   1.4e-22   75.9  11.2   220   314    58   152    58   161 0.97 -
NW_025965341.1_RagTag:10227-11063     -            279 7638at314147         -            785   8.8e-55  182.4  41.1   3   3   9.1e-25   1.8e-23   78.9  10.2   212   323   163   274   155   279 0.96 -
NW_025965271.1_RagTag:644000-644971   -            324 7638at314147         -            785   2.5e-54  180.9  48.6   1   4   7.7e-12   1.5e-10   36.1   2.7   271   312     3    44     1    54 0.91 -
NW_025965271.1_RagTag:644000-644971   -            324 7638at314147         -            785   2.5e-54  180.9  48.6   2   4   1.2e-08   2.4e-07   25.5   2.8   281   323   125   167   103   167 0.85 -
NW_025965271.1_RagTag:644000-644971   -            324 7638at314147         -            785   2.5e-54  180.9  48.6   3   4   5.9e-23   1.2e-21   72.9  15.5   223   323   151   251   150   251 0.98 -
NW_025965271.1_RagTag:644000-644971   -            324 7638at314147         -            785   2.5e-54  180.9  48.6   4   4   8.2e-23   1.6e-21   72.4  13.1   223   311   235   323   234   324 0.97 -
NW_025965250.1_RagTag:154575-54238    -            212 7638at314147         -            785   5.3e-53  176.5  34.4   1   3   4.7e-23   9.3e-22   73.2   7.1   215   323    15   123    10   127 0.96 -
NW_025965250.1_RagTag:154575-54238    -            212 7638at314147         -            785   5.3e-53  176.5  34.4   2   3   2.1e-20     4e-19   64.5   5.2   234   323    62   151    61   151 0.98 -
NW_025965250.1_RagTag:154575-54238    -            212 7638at314147         -            785   5.3e-53  176.5  34.4   3   3     2e-20     4e-19   64.5   6.1   214   300   126   212   123   212 0.97 -
NW_025965071.1_RagTag:28229-29119     -            297 7638at314147         -            785   5.9e-53  176.4  75.4   1   4   3.3e-18   6.5e-17   57.2  16.1   220   316     1    97     1   108 0.95 -
NW_025965071.1_RagTag:28229-29119     -            297 7638at314147         -            785   5.9e-53  176.4  75.4   2   4   3.7e-21   7.2e-20   67.0  17.9   213   321   106   214    94   216 0.95 -
NW_025965071.1_RagTag:28229-29119     -            297 7638at314147         -            785   5.9e-53  176.4  75.4   3   4   9.4e-22   1.9e-20   68.9  17.7   217   314   166   263   165   266 0.96 -
NW_025965071.1_RagTag:28229-29119     -            297 7638at314147         -            785   5.9e-53  176.4  75.4   4   4   1.3e-07   2.5e-06   22.2   0.8   220   264   253   297   253   297 0.97 -
contig_83186_pilon:3097-2462          -            212 7638at314147         -            785   7.6e-53  176.0  49.9   1   3   3.6e-20     7e-19   63.7  12.5   241   323     1    83     1    83 0.99 -
contig_83186_pilon:3097-2462          -            212 7638at314147         -            785   7.6e-53  176.0  49.9   2   3   1.2e-23   2.3e-22   75.2  12.8   220   313    64   157    64   161 0.97 -
contig_83186_pilon:3097-2462          -            212 7638at314147         -            785   7.6e-53  176.0  49.9   3   3   6.5e-20   1.3e-18   62.8   8.6   240   311   140   211   140   212 0.98 -
NW_025965250.1_RagTag:250643-249792   -            284 7638at314147         -            785     1e-52  175.6  54.5   1   3   1.1e-23   2.3e-22   75.3  16.3   214   323     4   113     1   114 0.97 -
NW_025965250.1_RagTag:250643-249792   -            284 7638at314147         -            785     1e-52  175.6  54.5   2   3   6.2e-19   1.2e-17   59.6  17.1   223   323    97   197    96   199 0.98 -
NW_025965250.1_RagTag:250643-249792   -            284 7638at314147         -            785     1e-52  175.6  54.5   3   3     2e-18   3.9e-17   57.9  12.3   236   323   194   281   191   284 0.93 -
NW_025965279.1_RagTag:155988-77570    -            245 7638at314147         -            785   3.8e-52  173.7  57.4   1   3   7.6e-19   1.5e-17   59.3   7.5   236   312     1    77     1    78 0.96 -
NW_025965279.1_RagTag:155988-77570    -            245 7638at314147         -            785   3.8e-52  173.7  57.4   2   3     6e-20   1.2e-18   63.0  17.5   216   312    65   161    64   163 0.98 -
NW_025965279.1_RagTag:155988-77570    -            245 7638at314147         -            785   3.8e-52  173.7  57.4   3   3   2.3e-24   4.4e-23   77.6  16.4   213   311   146   244   144   245 0.97 -
contig_10031_pilon:1043-315           -            243 7638at314147         -            785   2.9e-51  170.8  47.8   1   3   1.2e-22   2.3e-21   71.9  16.8   220   321     1   102     1   104 0.98 -
contig_10031_pilon:1043-315           -            243 7638at314147         -            785   2.9e-51  170.8  47.8   2   3     6e-24   1.2e-22   76.2  19.8   220   322    85   187    84   188 0.99 -
contig_10031_pilon:1043-315           -            243 7638at314147         -            785   2.9e-51  170.8  47.8   3   3   4.8e-15   9.4e-14   46.7   6.6   228   294   177   243   176   243 0.92 -
contig_43715_pilon:29-628             -            200 7638at314147         -            785   5.2e-48  160.0  41.5   1   2   1.5e-28   2.9e-27   91.4  18.6   214   323     7   116     1   117 0.97 -
contig_43715_pilon:29-628             -            200 7638at314147         -            785   5.2e-48  160.0  41.5   2   2   1.6e-25   3.2e-24   81.4  14.9   220   322    97   199    97   200 0.97 -
NW_025965317.1_RagTag:1475061-1474264 -            266 7638at314147         -            785   8.2e-48  159.4  57.7   1   3   5.2e-15     1e-13   46.6  14.4   193   322    18   148     3   149 0.86 -
NW_025965317.1_RagTag:1475061-1474264 -            266 7638at314147         -            785   8.2e-48  159.4  57.7   2   3   2.1e-22   4.1e-21   71.1  12.9   220   322   130   232   130   232 0.98 -
NW_025965317.1_RagTag:1475061-1474264 -            266 7638at314147         -            785   8.2e-48  159.4  57.7   3   3   1.7e-21   3.4e-20   68.0  14.4   215   323   153   261   151   266 0.94 -
contig_33351_pilon:8-595              -            196 7638at314147         -            785   8.9e-47  156.0  29.2   1   2   1.1e-21   2.1e-20   68.7   7.6   244   323     1    80     1    83 0.98 -
contig_33351_pilon:8-595              -            196 7638at314147         -            785   8.9e-47  156.0  29.2   2   2   3.9e-29   7.7e-28   93.3  14.0   214   323    83   192    81   196 0.95 -
NW_025965341.1_RagTag:133798-133214   -            195 7638at314147         -            785   1.8e-44  148.4  32.4   1   2   6.2e-33   1.2e-31  105.9  13.1   214   322     7   115     2   116 0.98 -
NW_025965341.1_RagTag:133798-133214   -            195 7638at314147         -            785   1.8e-44  148.4  32.4   2   2   1.3e-17   2.6e-16   55.2  11.2   226   316   103   193   101   195 0.96 -
NW_025965341.1_RagTag:79117-79728     -            204 7638at314147         -            785   1.8e-44  148.4  30.6   1   3   1.9e-19   3.7e-18   61.3  10.9   238   323     3    88     1    88 0.97 -
NW_025965341.1_RagTag:79117-79728     -            204 7638at314147         -            785   1.8e-44  148.4  30.6   2   3   2.3e-26   4.6e-25   84.1  10.9   223   322    72   171    71   172 0.98 -
NW_025965341.1_RagTag:79117-79728     -            204 7638at314147         -            785   1.8e-44  148.4  30.6   3   3   5.8e-08   1.1e-06   23.3   0.3   235   270   168   203   166   204 0.79 -
contig_43334_pilon:1190-1762          -            191 7638at314147         -            785   7.3e-44  146.3  23.3   1   2   1.1e-24   2.1e-23   78.7   9.5   230   323    20   113    12   114 0.96 -
contig_43334_pilon:1190-1762          -            191 7638at314147         -            785   7.3e-44  146.3  23.3   2   2   1.2e-24   2.4e-23   78.5   8.8   222   315    96   189    95   191 0.96 -
NW_025965341.1_RagTag:41694-41227     -            156 7638at314147         -            785   9.9e-44  145.9  26.1   1   2   1.5e-26     3e-25   84.8   7.6   230   322     6    98     1    99 0.96 -
NW_025965341.1_RagTag:41694-41227     -            156 7638at314147         -            785   9.9e-44  145.9  26.1   2   2   3.7e-23   7.3e-22   73.6  10.4   236   322    68   154    67   156 0.97 -
NW_025965127.1_RagTag:122616-122107   -            170 7638at314147         -            785   1.1e-42  142.4  28.4   1   2   3.6e-25     7e-24   80.2   8.2   240   326     2    88     1    90 0.99 -
NW_025965127.1_RagTag:122616-122107   -            170 7638at314147         -            785   1.1e-42  142.4  28.4   2   2   1.6e-23   3.2e-22   74.8  12.2   219   322    65   168    65   170 0.97 -
contig_70752_pilon:1562-1984          -            141 7638at314147         -            785   6.7e-42  139.8  26.1   1   2     1e-25   2.1e-24   82.0   8.8   229   312     2    85     1    86 0.97 -
contig_70752_pilon:1562-1984          -            141 7638at314147         -            785   6.7e-42  139.8  26.1   2   2     4e-22   7.9e-21   70.1   9.3   240   311    69   140    69   141 0.98 -
NW_025965235.1_RagTag:119535-118921   -            205 7638at314147         -            785   8.4e-42  139.5  35.4   1   2   4.1e-25   8.1e-24   80.0  12.4   216   316     9   109     8   113 0.95 -
NW_025965235.1_RagTag:119535-118921   -            205 7638at314147         -            785   8.4e-42  139.5  35.4   2   2   1.8e-22   3.6e-21   71.3  17.6   216   324    93   201    93   205 0.98 -
contig_78026_pilon:1141-2283          -            381 7638at314147         -            785   1.7e-41  138.5  36.2   1   3   3.7e-09   7.3e-08   27.3   3.3   220   327     1   117     1   127 0.80 -
contig_78026_pilon:1141-2283          -            381 7638at314147         -            785   1.7e-41  138.5  36.2   2   3   5.7e-16   1.1e-14   49.8   7.5   243   324   147   228   143   255 0.87 -
contig_78026_pilon:1141-2283          -            381 7638at314147         -            785   1.7e-41  138.5  36.2   3   3   3.4e-23   6.8e-22   73.7  10.1   216   323   271   378   228   381 0.91 -
NW_025965436.1_RagTag:1617-781        -            279 7638at314147         -            785   2.5e-41  137.9  69.1   1   3   7.4e-12   1.5e-10   36.2  14.3   246   311     1    66     1    70 0.97 -
NW_025965436.1_RagTag:1617-781        -            279 7638at314147         -            785   2.5e-41  137.9  69.1   2   3   2.4e-18   4.8e-17   57.6  18.7   214   311   109   206   105   209 0.96 -
NW_025965436.1_RagTag:1617-781        -            279 7638at314147         -            785   2.5e-41  137.9  69.1   3   3   6.8e-14   1.3e-12   42.9  14.9   220   300   199   279   199   279 0.98 -
NW_025965289.1_RagTag:81519-82214     -            232 7638at314147         -            785   2.1e-40  134.9  24.7   1   2   4.6e-24   9.1e-23   76.6  11.8   215   323    33   141    11   145 0.92 -
NW_025965289.1_RagTag:81519-82214     -            232 7638at314147         -            785   2.1e-40  134.9  24.7   2   2   2.9e-20   5.7e-19   64.0   5.1   214   302   144   232   141   232 0.87 -
NW_025965299.1_RagTag:2340-1810       -            177 7638at314147         -            785   2.1e-40  134.9  37.8   1   3     1e-11   2.1e-10   35.7   3.6   261   311     1    51     1    51 0.96 -
NW_025965299.1_RagTag:2340-1810       -            177 7638at314147         -            785   2.1e-40  134.9  37.8   2   3   7.1e-23   1.4e-21   72.6   8.2   220   311    44   135    44   141 0.97 -
NW_025965299.1_RagTag:2340-1810       -            177 7638at314147         -            785   2.1e-40  134.9  37.8   3   3   1.6e-16   3.1e-15   51.6  10.2   233   322    85   174    83   176 0.95 -
NW_025965039.1_RagTag:269913-269302   -            204 7638at314147         -            785   2.8e-39  131.2  28.1   1   2   2.4e-20   4.8e-19   64.3   9.1   236   321     1    86     1    91 0.94 -
NW_025965039.1_RagTag:269913-269302   -            204 7638at314147         -            785   2.8e-39  131.2  28.1   2   2   6.5e-23   1.3e-21   72.7  12.1   213   323    90   200    83   204 0.95 -
contig_36320_pilon:384-1025           -            214 7638at314147         -            785   6.9e-38  126.6  38.8   1   3   2.2e-05   0.00044   14.8   3.8   269   324     3    58     1    59 0.95 -
contig_36320_pilon:384-1025           -            214 7638at314147         -            785   6.9e-38  126.6  38.8   2   3   4.6e-21     9e-20   66.7  15.7   226   323    44   141    44   141 0.97 -
contig_36320_pilon:384-1025           -            214 7638at314147         -            785   6.9e-38  126.6  38.8   3   3   1.9e-21   3.8e-20   67.9  14.1   220   311   122   213   122   214 0.98 -
NW_025965215.1_RagTag:23669-22371     -            433 7638at314147         -            785     2e-37  125.0  25.5   1   2   2.5e-21   4.8e-20   67.5   8.4   183   322   210   347   193   347 0.93 -
NW_025965215.1_RagTag:23669-22371     -            433 7638at314147         -            785     2e-37  125.0  25.5   2   2   6.1e-22   1.2e-20   69.5  11.8   223   323   332   432   331   433 0.98 -
NW_025965166.1_RagTag:126554-126123   -            144 7638at314147         -            785   2.8e-37  124.6  30.1   1   2   4.2e-25   8.3e-24   80.0  14.1   215   323     4   112     2   113 0.98 -
NW_025965166.1_RagTag:126554-126123   -            144 7638at314147         -            785   2.8e-37  124.6  30.1   2   2     4e-18   7.9e-17   56.9   8.0   216   299    61   144    61   144 0.98 -
NW_025965250.1_RagTag:8956-9588       -            211 7638at314147         -            785   6.5e-37  123.3  27.2   1   3   1.2e-19   2.3e-18   62.0   7.5   233   312     5    84     2    86 0.96 -
NW_025965250.1_RagTag:8956-9588       -            211 7638at314147         -            785   6.5e-37  123.3  27.2   2   3   1.4e-13   2.8e-12   41.9   5.9   217   284    73   140    72   148 0.91 -
NW_025965250.1_RagTag:8956-9588       -            211 7638at314147         -            785   6.5e-37  123.3  27.2   3   3   1.7e-12   3.4e-11   38.3   2.8   262   323   146   207   141   211 0.72 -
contig_31119_pilon:1895-1227          -            223 7638at314147         -            785   6.7e-37  123.3  25.8   1   2     5e-17   9.8e-16   53.3   7.8   214   320    21   128    17   128 0.92 -
contig_31119_pilon:1895-1227          -            223 7638at314147         -            785   6.7e-37  123.3  25.8   2   2   5.8e-25   1.2e-23   79.5  12.9   220   324   112   216   112   222 0.96 -
contig_53583_pilon:2103-1624          -            160 7638at314147         -            785   1.1e-35  119.3  26.7   1   2     2e-21     4e-20   67.8  12.1   233   323     5    95     2    95 0.97 -
contig_53583_pilon:2103-1624          -            160 7638at314147         -            785   1.1e-35  119.3  26.7   2   2     2e-18     4e-17   57.9   8.3   235   304    91   160    89   160 0.96 -
contig_28105_pilon:1448-873           -            192 7638at314147         -            785     4e-35  117.4  18.0   1   2   3.3e-16   6.5e-15   50.6   1.2   242   324     1    83     1    86 0.97 -
contig_28105_pilon:1448-873           -            192 7638at314147         -            785     4e-35  117.4  18.0   2   2   9.1e-23   1.8e-21   72.3   9.8   215   321    86   192    83   192 0.98 -
NW_025965375.1_RagTag:160364-159888   -            159 7638at314147         -            785     3e-34  114.5  22.1   1   2   1.9e-22   3.7e-21   71.2   7.2   229   312    16    99     3   102 0.93 -
NW_025965375.1_RagTag:160364-159888   -            159 7638at314147         -            785     3e-34  114.5  22.1   2   2     9e-18   1.8e-16   55.8   7.0   215   279    86   150    84   154 0.92 -
NW_025965230.1_RagTag:919885-919364   -            174 7638at314147         -            785     1e-33  112.7  23.9   1   2   3.1e-19     6e-18   60.6   8.2   235   322     7    94     3    95 0.95 -
NW_025965230.1_RagTag:919885-919364   -            174 7638at314147         -            785     1e-33  112.7  23.9   2   2   6.9e-19   1.4e-17   59.5  10.1   230   317    88   173    85   174 0.93 -
NW_025965358.1_RagTag:7313-6858       -            152 7638at314147         -            785   2.2e-33  111.6  22.2   1   2   2.5e-26     5e-25   84.0   8.1   218   320     3   105     1   105 0.96 -
NW_025965358.1_RagTag:7313-6858       -            152 7638at314147         -            785   2.2e-33  111.6  22.2   2   2   1.3e-11   2.6e-10   35.4   6.8   261   311   102   152    98   152 0.95 -
NW_025965182.1_RagTag:1737866-1738443 -            179 7638at314147         -            785   3.7e-33  110.9  21.0   1   2   7.6e-16   1.5e-14   49.4   3.7   250   313     1    64     1    72 0.88 -
NW_025965182.1_RagTag:1737866-1738443 -            179 7638at314147         -            785   3.7e-33  110.9  21.0   2   2   2.4e-21   4.7e-20   67.6   9.4   235   322    85   172    80   178 0.94 -
NW_025965190.1_RagTag:126348-126803   -            152 7638at314147         -            785   5.2e-32  107.1  19.2   1   2   6.9e-08   1.4e-06   23.1   1.0   291   323     3    35     1    38 0.92 -
NW_025965190.1_RagTag:126348-126803   -            152 7638at314147         -            785   5.2e-32  107.1  19.2   2   2   8.4e-28   1.6e-26   88.9  11.6   215   323    39   147    36   151 0.97 -
NW_025965301.1_RagTag:107840-107193   -            216 7638at314147         -            785     1e-31  106.2  21.3   1   2   2.1e-22   4.2e-21   71.1   6.4   219   323    31   136    16   138 0.93 -
NW_025965301.1_RagTag:107840-107193   -            216 7638at314147         -            785     1e-31  106.2  21.3   2   2   1.2e-13   2.4e-12   42.1   7.3   240   320   137   216   136   216 0.92 -
contig_37853_pilon:1183-1722          -            180 7638at314147         -            785   2.2e-30  101.8  26.3   1   3    0.0011     0.022    9.1   6.3   223   311     4    93     1   104 0.65 -
contig_37853_pilon:1183-1722          -            180 7638at314147         -            785   2.2e-30  101.8  26.3   2   3   1.4e-13   2.8e-12   41.9   9.4   219   323    29   133    22   135 0.93 -
contig_37853_pilon:1183-1722          -            180 7638at314147         -            785   2.2e-30  101.8  26.3   3   3   7.7e-23   1.5e-21   72.5   8.9   235   313   101   179    96   180 0.96 -
NW_025965442.1_RagTag:53303-52854     -            150 7638at314147         -            785   9.4e-28   93.1  27.7   1   2   1.9e-16   3.7e-15   51.4  11.3   234   311    11    88     2    94 0.90 -
NW_025965442.1_RagTag:53303-52854     -            150 7638at314147         -            785   9.4e-28   93.1  27.7   2   2     3e-17   5.9e-16   54.0   8.3   240   313    73   146    73   150 0.97 -
NW_025965344.1_RagTag:2077-1649       -            143 7638at314147         -            785   9.9e-28   93.0  16.1   1   2     5e-10   9.8e-09   30.2   2.4   261   311     9    59     3    60 0.79 -
NW_025965344.1_RagTag:2077-1649       -            143 7638at314147         -            785   9.9e-28   93.0  16.1   2   2   6.4e-23   1.3e-21   72.8   9.0   220   311    52   143    52   143 0.97 -
NW_025965039.1_RagTag:269384-268866   -            173 7638at314147         -            785   1.7e-27   92.2  12.0   1   2   1.9e-28   3.7e-27   91.1  10.3   192   323    34   164    17   168 0.92 -
NW_025965039.1_RagTag:269384-268866   -            173 7638at314147         -            785   1.7e-27   92.2  12.0   2   2     0.015      0.29    5.4   0.1   290   304   159   173   155   173 0.57 -
contig_81532_pilon:2155-1715          -            147 7638at314147         -            785   2.1e-27   91.9  33.1   1   2   5.9e-15   1.2e-13   46.4  13.8   217   311     7   103     2   108 0.90 -
contig_81532_pilon:2155-1715          -            147 7638at314147         -            785   2.1e-27   91.9  33.1   2   2   2.2e-18   4.2e-17   57.8  11.2   243   323    63   143    62   147 0.95 -
contig_43715_pilon:891-1472           -            194 7638at314147         -            785   2.4e-25   85.1  19.9   1   2   1.8e-20   3.5e-19   64.7  11.8   216   312     2    98     1   102 0.94 -
contig_43715_pilon:891-1472           -            194 7638at314147         -            785   2.4e-25   85.1  19.9   2   2   1.2e-08   2.3e-07   25.6   1.0   260   317   130   187   117   193 0.78 -
NW_025965341.1_RagTag:115157-115672   -            172 7638at314147         -            785     1e-24   83.0  20.4   1   2   2.9e-13   5.7e-12   40.8   7.5   239   322     2    85     1    92 0.96 -
NW_025965341.1_RagTag:115157-115672   -            172 7638at314147         -            785     1e-24   83.0  20.4   2   2   7.5e-17   1.5e-15   52.7   9.6   220   322    67   169    65   172 0.97 -
NW_025965233.1_RagTag:196599-200331   -            387 7638at314147         -            785   1.8e-23   78.9  25.8   1   2   1.3e-16   2.6e-15   51.9  12.3   215   305   210   300   194   305 0.94 -
NW_025965233.1_RagTag:196599-200331   -            387 7638at314147         -            785   1.8e-23   78.9  25.8   2   2   7.5e-11   1.5e-09   32.9   5.6   215   273   318   376   304   381 0.89 -
contig_70752_pilon:955-1209           -             85 7638at314147         -            785   7.1e-22   73.6   7.3   1   1   3.8e-23   7.5e-22   73.5   7.3   223   307     1    85     1    85 0.96 -
NW_025965028.1_RagTag:362640-363958   -            372 7638at314147         -            785   1.9e-20   68.8  13.8   1   1   2.7e-21   5.4e-20   67.4  13.8   217   323   262   368   215   372 0.85 -
NW_025965200.1_RagTag:17855-18731     -            223 7638at314147         -            785     1e-16   56.6   5.9   1   1   8.5e-18   1.7e-16   55.8   5.9   212   298   128   218   112   223 0.90 -
NW_025965279.1_RagTag:78436-77783     -            218 7638at314147         -            785   3.2e-16   54.9  23.5   1   2      0.77        15   -0.2   0.1   672   703    71   102    56   107 0.78 -
NW_025965279.1_RagTag:78436-77783     -            218 7638at314147         -            785   3.2e-16   54.9  23.5   2   2   1.6e-17   3.2e-16   54.9  23.5   214   312   106   204    89   212 0.93 -
NW_025965297.1_RagTag:263516-264714   -            299 7638at314147         -            785     4e-14   48.0  10.0   1   2   2.2e-13   4.3e-12   41.3   4.0   243   323    69   149    59   161 0.89 -
NW_025965297.1_RagTag:263516-264714   -            299 7638at314147         -            785     4e-14   48.0  10.0   2   2   0.00043    0.0085   10.5   0.4   215   262   243   290   204   296 0.85 -
NW_025965039.1_RagTag:270214-269894   -            107 7638at314147         -            785   1.5e-12   42.8   1.0   1   1   7.6e-14   1.5e-12   42.8   1.0   223   299     3    79     1   101 0.88 -
contig_70752_pilon:1401-2117          -            239 7638at314147         -            785     2e-12   42.4   9.5   1   2   3.2e-09   6.4e-08   27.5   5.5   261   315     3    57     1    71 0.85 -
contig_70752_pilon:1401-2117          -            239 7638at314147         -            785     2e-12   42.4   9.5   2   2   6.2e-06   0.00012   16.6   0.1   290   318   201   229   185   235 0.85 -
NW_025965281.1_RagTag:529347-527455   -            631 7638at314147         -            785   3.5e-12   41.6   7.3   1   2     2e-06   3.9e-05   18.2   0.1   200   283   323   408   282   416 0.80 -
NW_025965281.1_RagTag:529347-527455   -            631 7638at314147         -            785   3.5e-12   41.6   7.3   2   2   1.8e-08   3.5e-07   25.0   3.1   239   322   453   536   439   551 0.69 -
NW_025965300.1_RagTag:179035-179624   -            188 7638at314147         -            785   2.4e-10   35.5   1.0   1   1   1.3e-11   2.6e-10   35.3   1.0   271   321   138   188   104   188 0.94 -
NW_025965374.1_RagTag:84619-82388     -            744 7638at314147         -            785   3.6e-10   34.9  64.6   1   6   1.3e-08   2.5e-07   25.5   6.8   216   273     2    59     1    65 0.92 -
NW_025965374.1_RagTag:84619-82388     -            744 7638at314147         -            785   3.6e-10   34.9  64.6   2   6    0.0074      0.15    6.4   4.6   217   297    72   160    66   170 0.66 -
NW_025965374.1_RagTag:84619-82388     -            744 7638at314147         -            785   3.6e-10   34.9  64.6   3   6      0.65        13   -0.0   0.3   274   311   219   257   207   272 0.81 -
NW_025965374.1_RagTag:84619-82388     -            744 7638at314147         -            785   3.6e-10   34.9  64.6   4   6    0.0064      0.13    6.6   0.3   220   264   292   345   286   357 0.66 -
NW_025965374.1_RagTag:84619-82388     -            744 7638at314147         -            785   3.6e-10   34.9  64.6   5   6   0.00023    0.0045   11.4   5.4   246   320   442   520   434   528 0.85 -
NW_025965374.1_RagTag:84619-82388     -            744 7638at314147         -            785   3.6e-10   34.9  64.6   6   6   0.00035    0.0069   10.8  10.9   219   336   531   653   526   663 0.80 -
NW_025965341.1_RagTag:108391-110706   -            772 7638at314147         -            785   4.6e-08   27.9  18.0   1   3   1.3e-05   0.00026   15.5   3.0   241   326    27   114    12   126 0.87 -
NW_025965341.1_RagTag:108391-110706   -            772 7638at314147         -            785   4.6e-08   27.9  18.0   2   3    0.0012     0.023    9.1   1.0   242   296   169   225   160   245 0.81 -
NW_025965341.1_RagTag:108391-110706   -            772 7638at314147         -            785   4.6e-08   27.9  18.0   3   3   0.00011    0.0021   12.5   0.7   243   310   704   771   685   772 0.91 -
NW_025965324.1_RagTag:667631-665234   -            506 7638at314147         -            785   1.3e-07   26.5   2.4   1   1   6.4e-09   1.3e-07   26.5   2.4   276   350     1    76     1   108 0.69 -
NW_025965054.1_RagTag:37671-36244     -            327 7638at314147         -            785   4.9e-07   24.5  19.9   1   2   1.1e-07   2.3e-06   22.3   3.2   216   278    80   142    58   150 0.80 -
NW_025965054.1_RagTag:37671-36244     -            327 7638at314147         -            785   4.9e-07   24.5  19.9   2   2    0.0024     0.048    8.0   8.7   223   366   176   322   164   326 0.80 -
NW_025965182.1_RagTag:1737359-1737856 -            166 7638at314147         -            785   2.4e-06   22.3   0.7   1   1   1.4e-07   2.7e-06   22.1   0.7   218   270   110   162    71   166 0.80 -
NW_025965259.1_RagTag:166355-164907   -            483 7638at314147         -            785      0.14    6.5  12.8   1   2       6.5   1.3e+02   -3.3   0.1   654   697   135   177    99   192 0.70 -
NW_025965259.1_RagTag:166355-164907   -            483 7638at314147         -            785      0.14    6.5  12.8   2   2   0.00074     0.015    9.7   8.0   241   311   410   480   390   483 0.70 -
#
# Program:         hmmsearch
# Version:         3.1b2 (February 2015)
# Pipeline mode:   SEARCH
# Query file:      /home/bgerda/guppy_SUP/busco_downloads/lineages/glires_odb10/hmms/7638at314147.hmm
# Target file:     /home/bgerda/guppy_SUP/busco_results_flye/run_glires_odb10/metaeuk_output/initial_results/ragtag.scaffold.fasta.modified.fas
# Option settings: hmmsearch --domtblout /home/bgerda/guppy_SUP/busco_results_flye/run_glires_odb10/hmmer_output/initial_run_results/7638at314147.out --cpu 1 /home/bgerda/guppy_SUP/busco_downloads/lineages/glires_odb10/hmms/7638at314147.hmm /home/bgerda/guppy_SUP/busco_results_flye/run_glires_odb10/metaeuk_output/initial_results/ragtag.scaffold.fasta.modified.fas 
# Current dir:     /home/bgerda/guppy_SUP
# Date:            Sun May 21 17:17:16 2023
# [ok]
