#                                                                                             --- full sequence --- -------------- this domain -------------   hmm coord   ali coord   env coord
# target name                         accession   tlen query name           accession   qlen   E-value  score  bias   #  of  c-Evalue  i-Evalue  score  bias  from    to  from    to  from    to  acc description of target
#                 ------------------- ---------- ----- -------------------- ---------- ----- --------- ------ ----- --- --- --------- --------- ------ ----- ----- ----- ----- ----- ----- ----- ---- ---------------------
NW_025965191.1_RagTag:501990-499938   -            619 11365at314147        -            451   3.7e-37  124.3   0.0   1   4   1.1e-34   1.7e-32  108.9   0.0    47   317    10   289     5   310 0.87 -
NW_025965191.1_RagTag:501990-499938   -            619 11365at314147        -            451   3.7e-37  124.3   0.0   2   4   9.6e-05     0.015   10.2   0.0   324   367   331   375   325   380 0.86 -
NW_025965191.1_RagTag:501990-499938   -            619 11365at314147        -            451   3.7e-37  124.3   0.0   3   4      0.74   1.2e+02   -2.6   0.0   311   366   427   482   411   485 0.76 -
NW_025965191.1_RagTag:501990-499938   -            619 11365at314147        -            451   3.7e-37  124.3   0.0   4   4      0.11        17    0.1   0.0   333   376   520   564   515   578 0.84 -
NW_025965321.1_RagTag:1193121-1192426 -            232 11365at314147        -            451   2.4e-35  118.3   1.0   1   3     0.002      0.31    5.9   0.0   333   368     7    43     3    49 0.86 -
NW_025965321.1_RagTag:1193121-1192426 -            232 11365at314147        -            451   2.4e-35  118.3   1.0   2   3     0.013         2    3.3   0.0   319   366    87   135    68   152 0.81 -
NW_025965321.1_RagTag:1193121-1192426 -            232 11365at314147        -            451   2.4e-35  118.3   1.0   3   3   7.8e-34   1.2e-31  106.1   0.2   384   435   181   232   169   232 0.94 -
NW_025965317.1_RagTag:3691843-3692553 -            237 11365at314147        -            451     2e-16   56.0   0.0   1   2     1e-17   1.6e-15   53.0   0.0   246   386     3   149     1   169 0.79 -
NW_025965317.1_RagTag:3691843-3692553 -            237 11365at314147        -            451     2e-16   56.0   0.0   2   2      0.02       3.1    2.6   0.0   333   367   150   184   144   197 0.83 -
NW_025965172.1_RagTag:365765-366925   -            387 11365at314147        -            451   6.4e-16   54.3   0.7   1   2     2e-17   3.2e-15   52.0   0.2    99   248    26   176     3   191 0.88 -
NW_025965172.1_RagTag:365765-366925   -            387 11365at314147        -            451   6.4e-16   54.3   0.7   2   2     0.087        14    0.5   0.0   306   349   327   373   310   385 0.69 -
NW_025965250.1_RagTag:114576-111308   -            306 11365at314147        -            451   4.7e-14   48.2   0.0   1   2   9.2e-13   1.4e-10   36.7   0.0   193   373     3   178     1   188 0.86 -
NW_025965250.1_RagTag:114576-111308   -            306 11365at314147        -            451   4.7e-14   48.2   0.0   2   2   0.00013      0.02    9.8   0.0   331   427   187   289   178   300 0.69 -
NW_025965359.1_RagTag:192785-193660   -            292 11365at314147        -            451   8.2e-12   40.8   0.1   1   1   6.2e-14   9.8e-12   40.5   0.1    52   194   109   254    41   270 0.89 -
NW_025965028.1_RagTag:335459-336641   -            329 11365at314147        -            451   1.8e-10   36.3   0.3   1   1   1.7e-12   2.7e-10   35.8   0.3    45   154    15   126     6   133 0.90 -
NW_025965312.1_RagTag:1334365-1328700 -            355 11365at314147        -            451   2.3e-10   36.0   3.8   1   2   3.5e-12   5.5e-10   34.7   2.7   143   292     2   152     1   164 0.94 -
NW_025965312.1_RagTag:1334365-1328700 -            355 11365at314147        -            451   2.3e-10   36.0   3.8   2   2      0.13        21   -0.1   0.0   335   365   304   334   269   346 0.59 -
NW_025965281.1_RagTag:499506-497614   -            631 11365at314147        -            451   5.9e-08   28.0   0.3   1   1   7.1e-10   1.1e-07   27.1   0.3    37   182     6   151     2   156 0.85 -
#
# Program:         hmmsearch
# Version:         3.1b2 (February 2015)
# Pipeline mode:   SEARCH
# Query file:      /home/bgerda/guppy_SUP/busco_downloads/lineages/glires_odb10/hmms/11365at314147.hmm
# Target file:     /home/bgerda/guppy_SUP/busco_results_racon/run_glires_odb10/metaeuk_output/initial_results/ragtag.scaffold.fasta.modified.fas
# Option settings: hmmsearch --domtblout /home/bgerda/guppy_SUP/busco_results_racon/run_glires_odb10/hmmer_output/initial_run_results/11365at314147.out --cpu 1 /home/bgerda/guppy_SUP/busco_downloads/lineages/glires_odb10/hmms/11365at314147.hmm /home/bgerda/guppy_SUP/busco_results_racon/run_glires_odb10/metaeuk_output/initial_results/ragtag.scaffold.fasta.modified.fas 
# Current dir:     /home/bgerda/guppy_SUP
# Date:            Sun May 21 17:05:42 2023
# [ok]
