#                                                                                             --- full sequence --- -------------- this domain -------------   hmm coord   ali coord   env coord
# target name                         accession   tlen query name           accession   qlen   E-value  score  bias   #  of  c-Evalue  i-Evalue  score  bias  from    to  from    to  from    to  acc description of target
#                 ------------------- ---------- ----- -------------------- ---------- ----- --------- ------ ----- --- --- --------- --------- ------ ----- ----- ----- ----- ----- ----- ----- ---- ---------------------
NW_025965440.1_RagTag:12616-13782     -            389 11567at314147        -            530   2.1e-75  250.9  77.9   1   2     1e-47     2e-46  155.2  39.1   267   499     2   234     1   235 0.99 -
NW_025965440.1_RagTag:12616-13782     -            389 11567at314147        -            530   2.1e-75  250.9  77.9   2   2   1.1e-18   2.2e-17   59.4  12.6   230   316   301   387   299   389 0.96 -
NW_025965022.1_RagTag:243183-242221   -            321 11567at314147        -            530   2.3e-71  237.6  58.0   1   3   5.8e-30   1.1e-28   96.6  17.0   335   498     5   167     1   168 0.83 -
NW_025965022.1_RagTag:243183-242221   -            321 11567at314147        -            530   2.3e-71  237.6  58.0   2   3     4e-18   7.8e-17   57.6   4.3   232   300   125   193   116   193 0.96 -
NW_025965022.1_RagTag:243183-242221   -            321 11567at314147        -            530   2.3e-71  237.6  58.0   3   3   4.5e-34   8.9e-33  110.2  20.8   240   399   161   320   161   321 0.97 -
NW_025965182.1_RagTag:1639771-1640832 -            354 11567at314147        -            530   1.6e-65  218.2  46.7   1   2   1.6e-20   3.1e-19   65.5   2.1   355   472     1   118     1   121 0.98 -
NW_025965182.1_RagTag:1639771-1640832 -            354 11567at314147        -            530   1.6e-65  218.2  46.7   2   2   5.9e-51   1.2e-49  165.9  37.0   232   483   102   353   101   354 0.98 -
NW_025965271.1_RagTag:496368-615075   -            290 11567at314147        -            530   2.6e-57  191.1  60.7   1   4   1.3e-15   2.6e-14   49.2   7.7   240   316     3    79     1    80 0.96 -
NW_025965271.1_RagTag:496368-615075   -            290 11567at314147        -            530   2.6e-57  191.1  60.7   2   4   3.2e-20   6.2e-19   64.5  17.0   224   316    71   163    71   164 0.97 -
NW_025965271.1_RagTag:496368-615075   -            290 11567at314147        -            530   2.6e-57  191.1  60.7   3   4   3.4e-21   6.6e-20   67.7  13.6   227   316   158   247   156   250 0.96 -
NW_025965271.1_RagTag:496368-615075   -            290 11567at314147        -            530   2.6e-57  191.1  60.7   4   4   1.2e-11   2.4e-10   36.2   6.5   251   303   238   290   237   290 0.91 -
NW_025965279.1_RagTag:138661-99482    -            245 11567at314147        -            530   6.6e-54  179.9  39.6   1   1   3.7e-55   7.4e-54  179.8  39.6   259   499     4   244     1   245 0.99 -
contig_78026_pilon:1103-2245          -            381 11567at314147        -            530   4.5e-51  170.6  37.0   1   2   1.1e-24   2.2e-23   79.2  12.1   298   513     3   229     1   238 0.82 -
contig_78026_pilon:1103-2245          -            381 11567at314147        -            530   4.5e-51  170.6  37.0   2   2   1.6e-32   3.2e-31  105.1  16.9   236   457   148   380   140   381 0.89 -
NW_025965250.1_RagTag:230438-229587   -            284 11567at314147        -            530   1.2e-50  169.2  50.6   1   1     6e-51   1.2e-49  165.9  50.6   234   513     4   283     2   284 0.99 -
contig_64050_pilon:924-1673           -            250 11567at314147        -            530   1.8e-50  168.6  59.5   1   3   3.5e-21   6.8e-20   67.7  16.0   212   312     2   102     1   103 0.97 -
contig_64050_pilon:924-1673           -            250 11567at314147        -            530   1.8e-50  168.6  59.5   2   3   2.6e-20   5.1e-19   64.8  13.7   230   316    76   162    74   165 0.96 -
contig_64050_pilon:924-1673           -            250 11567at314147        -            530   1.8e-50  168.6  59.5   3   3   1.4e-19   2.8e-18   62.4  13.8   232   317   162   247   160   250 0.97 -
NW_025965436.1_RagTag:1558-722        -            279 11567at314147        -            530   1.3e-49  165.7  71.0   1   2   1.1e-41   2.1e-40  135.4  51.5   266   510     1   245     1   246 0.99 -
NW_025965436.1_RagTag:1558-722        -            279 11567at314147        -            530   1.3e-49  165.7  71.0   2   2   6.7e-14   1.3e-12   43.6  11.4   228   290   215   277   213   279 0.94 -
NW_025965432.1_RagTag:502378-503097   -            240 11567at314147        -            530   4.1e-49  164.1  29.9   1   2   2.1e-23     4e-22   75.0   6.9   421   514     5    98     1   100 0.96 -
NW_025965432.1_RagTag:502378-503097   -            240 11567at314147        -            530   4.1e-49  164.1  29.9   2   2   1.6e-30     3e-29   98.5  16.3   338   488    90   240    89   240 0.98 -
NW_025965358.1_RagTag:7183-6533       -            217 11567at314147        -            530   4.2e-46  154.2  28.8   1   1   6.7e-47   1.3e-45  152.5  28.8   207   420     3   216     1   217 0.98 -
contig_36320_pilon:719-1438           -            240 11567at314147        -            530   3.3e-45  151.2  55.5   1   3   8.7e-17   1.7e-15   53.2  13.8   234   316     2    84     1    86 0.97 -
contig_36320_pilon:719-1438           -            240 11567at314147        -            530   3.3e-45  151.2  55.5   2   3   5.1e-18     1e-16   57.2  18.5   228   316    80   168    79   169 0.96 -
contig_36320_pilon:719-1438           -            240 11567at314147        -            530   3.3e-45  151.2  55.5   3   3   6.2e-17   1.2e-15   53.6  12.7   228   304   164   240   162   240 0.97 -
contig_52188_pilon:954-280            -            225 11567at314147        -            530   5.8e-45  150.4  44.9   1   1   9.3e-45   1.8e-43  145.5  44.9   234   455     2   223     1   224 0.98 -
NW_025965301.1_RagTag:101661-100954   -            236 11567at314147        -            530   3.8e-44  147.7  21.3   1   2   4.2e-29   8.2e-28   93.8   6.9   376   508    16   149     6   151 0.93 -
NW_025965301.1_RagTag:101661-100954   -            236 11567at314147        -            530   3.8e-44  147.7  21.3   2   2   6.7e-21   1.3e-19   66.7   8.9   212   316   133   236   133   236 0.96 -
NW_025965250.1_RagTag:140650-46794    -            212 11567at314147        -            530   5.2e-43  143.9  22.8   1   2   1.6e-32   3.2e-31  105.1  10.6   376   509    16   149    10   150 0.97 -
NW_025965250.1_RagTag:140650-46794    -            212 11567at314147        -            530   5.2e-43  143.9  22.8   2   2   2.3e-16   4.5e-15   51.8   8.2   212   289   132   209   131   212 0.72 -
NW_025965289.1_RagTag:78350-79000     -            217 11567at314147        -            530   2.6e-42  141.7  13.0   1   1   1.6e-43   3.1e-42  141.4  13.0   292   489    20   217    15   217 0.96 -
contig_28105_pilon:1415-840           -            192 11567at314147        -            530     4e-42  141.0  27.4   1   2   1.3e-25   2.5e-24   82.3  10.1   209   320     4   115     1   117 0.97 -
contig_28105_pilon:1415-840           -            192 11567at314147        -            530     4e-42  141.0  27.4   2   2   4.4e-21   8.6e-20   67.3  11.6   225   312   104   191   103   192 0.96 -
NW_025965341.1_RagTag:72137-72748     -            204 11567at314147        -            530   8.7e-42  139.9  23.1   1   2   3.7e-30   7.3e-29   97.3  11.7   370   514     3   147     1   148 0.97 -
NW_025965341.1_RagTag:72137-72748     -            204 11567at314147        -            530   8.7e-42  139.9  23.1   2   2   1.9e-17   3.7e-16   55.3   3.5   407   486   124   203   123   204 0.58 -
NW_025965375.1_RagTag:139175-138555   -            207 11567at314147        -            530   1.4e-41  139.3  27.3   1   1   2.3e-42   4.6e-41  137.5  27.3   207   402    10   205     3   207 0.78 -
NW_025965341.1_RagTag:36059-35526     -            178 11567at314147        -            530   7.5e-41  136.8  20.1   1   2     6e-22   1.2e-20   70.2   4.2   423   514     5    96     2    96 0.94 -
NW_025965341.1_RagTag:36059-35526     -            178 11567at314147        -            530   7.5e-41  136.8  20.1   2   2   1.1e-24   2.2e-23   79.2   8.0   376   484    70   178    70   178 0.96 -
NW_025965341.1_RagTag:8946-9722       -            259 11567at314147        -            530   1.1e-40  136.2  31.1   1   1   7.1e-42   1.4e-40  135.9  31.1   242   484    17   259     7   259 0.95 -
contig_33351_pilon:5-592              -            196 11567at314147        -            530   3.9e-40  134.5  36.0   1   2   4.8e-21   9.5e-20   67.2  13.3   209   316     2   109     1   110 0.82 -
contig_33351_pilon:5-592              -            196 11567at314147        -            530   3.9e-40  134.5  36.0   2   2   6.2e-25   1.2e-23   80.0  14.7   207   317    84   194    84   196 0.98 -
NW_025965341.1_RagTag:124400-123816   -            195 11567at314147        -            530   2.7e-39  131.7  31.8   1   2     7e-14   1.4e-12   43.6   1.3   452   513     1    62     1    63 0.85 -
NW_025965341.1_RagTag:124400-123816   -            195 11567at314147        -            530   2.7e-39  131.7  31.8   2   2   5.2e-31     1e-29  100.1  23.3   215   365    44   194    43   195 0.97 -
NW_025965215.1_RagTag:22972-21674     -            433 11567at314147        -            530   4.3e-39  131.0  25.0   1   1   2.6e-39     5e-38  127.5  25.1   321   511   243   432   240   433 0.98 -
NW_025965190.1_RagTag:118118-118627   -            170 11567at314147        -            530   5.5e-39  130.7  16.9   1   1   8.9e-40   1.8e-38  129.0  16.9   247   415     1   169     1   170 0.97 -
NW_025965317.1_RagTag:1373618-1373070 -            183 11567at314147        -            530   1.2e-38  129.6  22.9   1   2   6.1e-31   1.2e-29   99.9  14.8   376   514     3   141     1   142 0.98 -
NW_025965317.1_RagTag:1373618-1373070 -            183 11567at314147        -            530   1.2e-38  129.6  22.9   2   2   1.1e-11   2.2e-10   36.3   2.8   452   499   135   182   135   183 0.50 -
contig_10836_pilon:82-696             -            205 11567at314147        -            530   1.9e-38  128.9  35.0   1   1   1.3e-39   2.5e-38  128.5  35.0   230   430     3   203     1   205 0.98 -
NW_025965235.1_RagTag:117217-116603   -            205 11567at314147        -            530   2.3e-38  128.6  32.3   1   2   7.2e-10   1.4e-08   30.3   0.4   288   331     5    48     1    50 0.49 -
NW_025965235.1_RagTag:117217-116603   -            205 11567at314147        -            530   2.3e-38  128.6  32.3   2   2   4.3e-33   8.4e-32  107.0  27.6   350   510    39   199    35   202 0.66 -
contig_52188_pilon:1642-1031          -            204 11567at314147        -            530   6.2e-38  127.2  38.0   1   2   1.7e-18   3.4e-17   58.8  12.3   230   316     3    89     1    89 0.96 -
contig_52188_pilon:1642-1031          -            204 11567at314147        -            530   6.2e-38  127.2  38.0   2   2   8.4e-23   1.6e-21   73.0  20.2   228   346    85   203    84   204 0.96 -
NW_025965250.1_RagTag:8860-9492       -            211 11567at314147        -            530   1.2e-37  126.2  27.1   1   2   3.9e-23   7.7e-22   74.1  12.8   232   340    40   148    39   148 0.97 -
NW_025965250.1_RagTag:8860-9492       -            211 11567at314147        -            530   1.2e-37  126.2  27.1   2   2     6e-17   1.2e-15   53.7   5.4   404   485   128   209   128   211 0.97 -
contig_18339_pilon:2-553              -            184 11567at314147        -            530   1.4e-36  122.7  46.5   1   2   1.2e-20   2.4e-19   65.9  22.0   236   345     2   111     1   112 0.56 -
contig_18339_pilon:2-553              -            184 11567at314147        -            530   1.4e-36  122.7  46.5   2   2   9.9e-22   1.9e-20   69.5  16.5   210   304    88   182    86   184 0.43 -
NW_025965341.1_RagTag:44730-43969     -            254 11567at314147        -            530   1.5e-35  119.4  22.0   1   1   8.8e-37   1.7e-35  119.1  22.0   261   480    32   251    18   254 0.91 -
NW_025965341.1_RagTag:9727-10227      -            167 11567at314147        -            530   1.7e-35  119.2  12.5   1   1   1.2e-36   2.4e-35  118.7  12.5   350   511     5   166     2   167 0.98 -
NW_025965039.1_RagTag:251791-251321   -            157 11567at314147        -            530   3.9e-35  118.0  15.8   1   1   3.8e-36   7.5e-35  117.0  15.8   354   510     1   157     1   157 0.98 -
contig_59446_pilon:259-795            -            179 11567at314147        -            530     2e-34  115.6  34.0   1   2     4e-17   7.8e-16   54.3  17.3   228   316     3    91     1    93 0.96 -
contig_59446_pilon:259-795            -            179 11567at314147        -            530     2e-34  115.6  34.0   2   2   1.8e-21   3.6e-20   68.6  13.6   224   317    83   176    80   179 0.92 -
NW_025965127.1_RagTag:114163-113654   -            170 11567at314147        -            530   2.5e-33  112.0  13.9   1   1   7.5e-34   1.5e-32  109.5  13.9   344   510     2   168     1   170 0.98 -
contig_31119_pilon:1872-1279          -            198 11567at314147        -            530   1.4e-32  109.5  20.6   1   1   8.7e-34   1.7e-32  109.3  20.6   211   402     5   197     2   198 0.98 -
NW_025965071.1_RagTag:3724-4116       -            131 11567at314147        -            530   1.4e-29   99.6  12.7   1   1   1.3e-30   2.6e-29   98.8  12.7   344   471     4   131     2   131 0.91 -
NW_025965341.1_RagTag:106501-107016   -            172 11567at314147        -            530   1.6e-29   99.5  20.5   1   1   1.3e-30   2.6e-29   98.8  20.5   260   424     3   167     1   172 0.96 -
NW_025965039.1_RagTag:250966-250448   -            173 11567at314147        -            530   1.8e-29   99.3   6.7   1   1   1.1e-30   2.1e-29   99.0   5.9   398   514    51   167    16   170 0.93 -
NW_025965230.1_RagTag:860644-860186   -            153 11567at314147        -            530     5e-29   97.8  17.9   1   1   6.3e-30   1.2e-28   96.5  17.9   245   392     4   151     2   153 0.88 -
NW_025965374.1_RagTag:79809-77578     -            744 11567at314147        -            530   5.2e-29   97.8  76.1   1   6   1.7e-09   3.2e-08   29.1   8.5   237   292     3    58     1    65 0.65 -
NW_025965374.1_RagTag:79809-77578     -            744 11567at314147        -            530   5.2e-29   97.8  76.1   2   6   1.8e-06   3.6e-05   19.1   7.0   266   347    73   158    60   164 0.89 -
NW_025965374.1_RagTag:79809-77578     -            744 11567at314147        -            530   5.2e-29   97.8  76.1   3   6    0.0057      0.11    7.6   9.4   238   342   219   347   212   359 0.61 -
NW_025965374.1_RagTag:79809-77578     -            744 11567at314147        -            530   5.2e-29   97.8  76.1   4   6       4.7        91   -2.0   0.1   490   515   373   400   367   412 0.64 -
NW_025965374.1_RagTag:79809-77578     -            744 11567at314147        -            530   5.2e-29   97.8  76.1   5   6     4e-18   7.9e-17   57.6  23.0   323   519   443   646   434   652 0.88 -
NW_025965374.1_RagTag:79809-77578     -            744 11567at314147        -            530   5.2e-29   97.8  76.1   6   6     0.081       1.6    3.8   0.0   349   377   695   723   682   729 0.83 -
contig_36320_pilon:1627-2073          -            149 11567at314147        -            530   2.3e-28   95.6  26.9   1   1   7.3e-20   1.4e-18   63.3  15.6   228   317    57   146    56   149 0.96 -
contig_53583_pilon:2068-1598          -            157 11567at314147        -            530   5.2e-27   91.2  26.9   1   1     7e-28   1.4e-26   89.8  26.9   251   401     3   153     1   157 0.98 -
contig_63057_pilon:3037-2600          -            146 11567at314147        -            530   7.9e-27   90.6  24.7   1   1   5.3e-28     1e-26   90.2  24.7   227   368     3   144     1   146 0.97 -
contig_18339_pilon:483-968            -            162 11567at314147        -            530   1.6e-26   89.6  33.9   1   2   2.7e-14   5.2e-13   45.0  14.2   243   316    17    90     6    92 0.92 -
contig_18339_pilon:483-968            -            162 11567at314147        -            530   1.6e-26   89.6  33.9   2   2   6.6e-16   1.3e-14   50.3  17.1   225   304    83   162    80   162 0.87 -
NW_025965375.1_RagTag:139930-139190   -            247 11567at314147        -            530   1.4e-25   86.5  29.9   1   1   8.3e-27   1.6e-25   86.2  29.9   239   471    15   246     6   247 0.96 -
NW_025965233.1_RagTag:185066-188790   -            387 11567at314147        -            530   4.2e-25   84.9  27.2   1   1   1.3e-25   2.5e-24   82.3  27.3   235   402   210   373   197   376 0.94 -
contig_43334_pilon:1147-1967          -            144 11567at314147        -            530     7e-25   84.1  26.0   1   2   4.2e-18   8.3e-17   57.5  10.3   225   303     9    87     4    89 0.94 -
contig_43334_pilon:1147-1967          -            144 11567at314147        -            530     7e-25   84.1  26.0   2   2   9.8e-11   1.9e-09   33.2   7.9   259   313    89   143    87   144 0.80 -
contig_10031_pilon:1322-846           -            159 11567at314147        -            530   2.6e-24   82.3  21.2   1   1   1.7e-25   3.3e-24   81.9  21.2   354   498    15   158     2   159 0.78 -
contig_83186_pilon:2808-2119          -            230 11567at314147        -            530   7.6e-24   80.7  33.7   1   3     8e-08   1.6e-06   23.6   4.1   272   312    10    50     2    90 0.72 -
contig_83186_pilon:2808-2119          -            230 11567at314147        -            530   7.6e-24   80.7  33.7   2   3       1.5        29   -0.4   0.2   424   463    87   126    67   130 0.70 -
contig_83186_pilon:2808-2119          -            230 11567at314147        -            530   7.6e-24   80.7  33.7   3   3   4.6e-20   9.1e-19   64.0  20.0   219   324   125   230   112   230 0.94 -
NW_025965442.1_RagTag:49839-49393     -            149 11567at314147        -            530   2.7e-23   78.9  18.2   1   1   1.7e-24   3.4e-23   78.6  18.2   331   476     4   149     1   149 0.86 -
NW_025965071.1_RagTag:26238-26928     -            176 11567at314147        -            530   8.9e-23   77.2  19.9   1   2     2e-09   3.9e-08   28.9   2.5   422   477     8    62     1    78 0.86 -
NW_025965071.1_RagTag:26238-26928     -            176 11567at314147        -            530   8.9e-23   77.2  19.9   2   2   5.3e-17     1e-15   53.9  10.2   387   473    84   170    65   176 0.76 -
NW_025965318.1_RagTag:51761-52207     -            149 11567at314147        -            530   3.7e-22   75.1   6.6   1   1   2.3e-23   4.6e-22   74.8   6.6   234   346    34   146    30   149 0.82 -
NW_025965279.1_RagTag:100214-99645    -            190 11567at314147        -            530   5.9e-22   74.5  16.3   1   2      0.11       2.1    3.4   0.1   454   488     4    38     1    56 0.63 -
NW_025965279.1_RagTag:100214-99645    -            190 11567at314147        -            530   5.9e-22   74.5  16.3   2   2   3.4e-22   6.6e-21   71.0  13.5   218   360    48   188    36   190 0.83 -
contig_81532_pilon:2097-1657          -            147 11567at314147        -            530     3e-21   72.1  21.4   1   1   2.3e-21   4.5e-20   68.3  15.6   207   317    34   145    31   147 0.96 -
NW_025965215.1_RagTag:381710-337497   -            257 11567at314147        -            530   3.9e-21   71.8  27.8   1   1   4.2e-22   8.3e-21   70.7  27.8   242   456    41   254    25   256 0.68 -
contig_70752_pilon:1105-1494          -            130 11567at314147        -            530   6.4e-21   71.1  16.0   1   1   3.9e-22   7.7e-21   70.8  16.0   391   503     5   117     1   128 0.77 -
contig_37853_pilon:1171-1692          -            174 11567at314147        -            530   3.8e-18   61.9  17.5   1   1   2.8e-18   5.4e-17   58.1  16.9   350   512     3   166     1   168 0.91 -
NW_025965281.1_RagTag:499506-497614   -            631 11567at314147        -            530   2.8e-15   52.5  11.5   1   2   1.7e-06   3.3e-05   19.2   0.6   347   396   339   389   333   409 0.60 -
NW_025965281.1_RagTag:499506-497614   -            631 11567at314147        -            530   2.8e-15   52.5  11.5   2   2   5.3e-12     1e-10   37.4   4.4   261   344   455   538   446   547 0.91 -
NW_025965341.1_RagTag:36862-36050     -            271 11567at314147        -            530   9.5e-15   50.7   6.8   1   2      0.78        15    0.5   0.6   234   303    59   129    54   137 0.84 -
NW_025965341.1_RagTag:36862-36050     -            271 11567at314147        -            530   9.5e-15   50.7   6.8   2   2   4.8e-16   9.5e-15   50.7   6.8   215   307   177   269   163   271 0.60 -
NW_025965028.1_RagTag:335459-336641   -            329 11567at314147        -            530     5e-14   48.3   3.3   1   1   3.6e-15   7.2e-14   47.8   3.3   406   469   265   328   248   329 0.56 -
NW_025965468.1_RagTag:9322-9071       -             84 11567at314147        -            530     7e-14   47.8   7.2   1   1   3.9e-15   7.6e-14   47.7   7.2   271   348     1    77     1    84 0.56 -
NW_025965200.1_RagTag:16831-17695     -            219 11567at314147        -            530   2.6e-13   46.0   4.9   1   1   2.5e-14   4.8e-13   45.1   4.9   354   457   111   215    81   218 0.86 -
NW_025965432.1_RagTag:501802-502290   -            163 11567at314147        -            530   3.8e-13   45.4  13.5   1   1   3.4e-14   6.6e-13   44.6  13.5   322   471    17   163    14   163 0.91 -
NW_025965054.1_RagTag:36381-34963     -            327 11567at314147        -            530   3.8e-13   45.4  24.7   1   3     0.014      0.28    6.2   0.4   344   375    33    64    25    72 0.87 -
NW_025965054.1_RagTag:36381-34963     -            327 11567at314147        -            530   3.8e-13   45.4  24.7   2   3   3.3e-13   6.6e-12   41.3   1.8   234   295    78   139    65   144 0.93 -
NW_025965054.1_RagTag:36381-34963     -            327 11567at314147        -            530   3.8e-13   45.4  24.7   3   3      0.01       0.2    6.7   9.4   433   513   199   279   179   298 0.40 -
NW_025965297.1_RagTag:247529-248653   -            301 11567at314147        -            530   2.8e-11   39.3   9.9   1   2   1.7e-12   3.3e-11   39.0   3.3   239   512    73   150    61   159 0.67 -
NW_025965297.1_RagTag:247529-248653   -            301 11567at314147        -            530   2.8e-11   39.3   9.9   2   2     0.057       1.1    4.3   0.5   233   289   240   296   233   301 0.88 -
NW_025965300.1_RagTag:165512-166000   -            163 11567at314147        -            530   1.2e-10   37.2   0.9   1   1   7.3e-12   1.4e-10   36.9   0.9   398   452   108   162   102   163 0.93 -
NW_025965341.1_RagTag:99789-100445    -            219 11567at314147        -            530   1.9e-09   33.2   2.9   1   2   4.2e-06   8.2e-05   17.9   0.2   388   485     6   107     2   113 0.82 -
NW_025965341.1_RagTag:99789-100445    -            219 11567at314147        -            530   1.9e-09   33.2   2.9   2   2     2e-05    0.0004   15.6   0.2   403   449   164   212   145   217 0.74 -
NW_025965324.1_RagTag:640103-637710   -            506 11567at314147        -            530   1.9e-09   33.2   5.5   1   2   4.4e-09   8.7e-08   27.7   3.8   464   521     1    58     1    64 0.93 -
NW_025965324.1_RagTag:640103-637710   -            506 11567at314147        -            530   1.9e-09   33.2   5.5   2   2     0.033      0.65    5.0   0.0   287   313   291   317   262   326 0.86 -
NW_025965259.1_RagTag:155329-153884   -            482 11567at314147        -            530   2.1e-08   29.8   5.5   1   3       0.3       5.9    1.9   0.1   426   457    12    43     3    50 0.67 -
NW_025965259.1_RagTag:155329-153884   -            482 11567at314147        -            530   2.1e-08   29.8   5.5   2   3       1.7        33   -0.6   0.1    82   151   114   186   109   206 0.76 -
NW_025965259.1_RagTag:155329-153884   -            482 11567at314147        -            530   2.1e-08   29.8   5.5   3   3   1.1e-09   2.1e-08   29.8   5.5   262   331   410   479   397   481 0.73 -
NW_025965344.1_RagTag:898-710         -             63 11567at314147        -            530   3.1e-07   25.9   0.5   1   1   1.6e-08   3.2e-07   25.8   0.5   265   318     6    59     2    63 0.77 -
#
# Program:         hmmsearch
# Version:         3.1b2 (February 2015)
# Pipeline mode:   SEARCH
# Query file:      /home/bgerda/guppy_SUP/busco_downloads/lineages/glires_odb10/hmms/11567at314147.hmm
# Target file:     /home/bgerda/guppy_SUP/busco_results_racon/run_glires_odb10/metaeuk_output/initial_results/ragtag.scaffold.fasta.modified.fas
# Option settings: hmmsearch --domtblout /home/bgerda/guppy_SUP/busco_results_racon/run_glires_odb10/hmmer_output/initial_run_results/11567at314147.out --cpu 1 /home/bgerda/guppy_SUP/busco_downloads/lineages/glires_odb10/hmms/11567at314147.hmm /home/bgerda/guppy_SUP/busco_results_racon/run_glires_odb10/metaeuk_output/initial_results/ragtag.scaffold.fasta.modified.fas 
# Current dir:     /home/bgerda/guppy_SUP
# Date:            Sun May 21 17:05:44 2023
# [ok]
