#                                                                                             --- full sequence --- -------------- this domain -------------   hmm coord   ali coord   env coord
# target name                         accession   tlen query name           accession   qlen   E-value  score  bias   #  of  c-Evalue  i-Evalue  score  bias  from    to  from    to  from    to  acc description of target
#                 ------------------- ---------- ----- -------------------- ---------- ----- --------- ------ ----- --- --- --------- --------- ------ ----- ----- ----- ----- ----- ----- ----- ---- ---------------------
NW_025965080.1_RagTag:516862-514868   -            240 12186at314147        -            524   2.7e-20   68.8  24.2   1   4     0.013      0.86    4.4   0.1    31    65     6    40     3    46 0.87 -
NW_025965080.1_RagTag:516862-514868   -            240 12186at314147        -            524   2.7e-20   68.8  24.2   2   4   3.4e-10   2.2e-08   29.5   2.3     2    64    35    98    34   107 0.92 -
NW_025965080.1_RagTag:516862-514868   -            240 12186at314147        -            524   2.7e-20   68.8  24.2   3   4   1.3e-07   8.4e-06   20.9   1.4    17    61   110   154   104   160 0.94 -
NW_025965080.1_RagTag:516862-514868   -            240 12186at314147        -            524   2.7e-20   68.8  24.2   4   4   1.4e-10   8.9e-09   30.8   4.4    10    86   160   235   154   239 0.84 -
NW_025965099.1_RagTag:14363-15274     -            304 12186at314147        -            524   3.8e-20   68.3   2.6   1   2   1.6e-17     1e-15   53.6   1.1   272   411    35   174     6   180 0.83 -
NW_025965099.1_RagTag:14363-15274     -            304 12186at314147        -            524   3.8e-20   68.3   2.6   2   2   1.2e-05   0.00076   14.5   0.0   439   477   181   221   173   238 0.82 -
NW_025965499.1_RagTag:3791-2706       -            362 12186at314147        -            524   2.6e-19   65.5   1.7   1   2     1e-17   6.6e-16   54.3   0.5   273   412    26   165    18   172 0.88 -
NW_025965499.1_RagTag:3791-2706       -            362 12186at314147        -            524   2.6e-19   65.5   1.7   2   2   0.00017     0.011   10.7   0.0   439   476   171   210   164   222 0.84 -
NW_025965313.1_RagTag:82152-83454     -            215 12186at314147        -            524   2.8e-17   58.8   0.0   1   1   5.2e-19   3.4e-17   58.6   0.0   298   409    71   185    47   208 0.87 -
contig_66008_pilon:1779-2636          -            286 12186at314147        -            524   8.2e-16   54.0   0.6   1   2   3.8e-15   2.4e-13   45.8   0.2   307   414    25   135    10   139 0.88 -
contig_66008_pilon:1779-2636          -            286 12186at314147        -            524   8.2e-16   54.0   0.6   2   2    0.0025      0.16    6.8   0.0   443   472   142   172   133   181 0.83 -
NW_025965548.1_RagTag:8433-1774       -            515 12186at314147        -            524   2.4e-15   52.4   0.0   1   1   1.7e-14   1.1e-12   43.6   0.0   308   474   279   444   268   451 0.80 -
contig_37224_pilon:1693-2424          -            244 12186at314147        -            524   1.6e-14   49.7   0.4   1   2     7e-16   4.5e-14   48.2   0.2   271   411     6   146     3   156 0.84 -
contig_37224_pilon:1693-2424          -            244 12186at314147        -            524   1.6e-14   49.7   0.4   2   2      0.52        34   -0.8   0.0   446   478   160   193   148   196 0.84 -
NW_025965309.1_RagTag:3330510-3327790 -            323 12186at314147        -            524     6e-14   47.8   0.4   1   2   5.2e-11   3.3e-09   32.2   0.1   266   410    97   266    91   279 0.73 -
NW_025965309.1_RagTag:3330510-3327790 -            323 12186at314147        -            524     6e-14   47.8   0.4   2   2   4.2e-05    0.0027   12.7   0.0   445   474   283   312   267   317 0.86 -
contig_34309_pilon:592-2              -            197 12186at314147        -            524   3.3e-13   45.4   0.4   1   2   4.3e-13   2.8e-11   39.0   0.1   272   412    16   156     9   164 0.89 -
contig_34309_pilon:592-2              -            197 12186at314147        -            524   3.3e-13   45.4   0.4   2   2    0.0093      0.59    4.9   0.0   445   470   168   194   161   197 0.83 -
NW_025965233.1_RagTag:114859-113462   -            466 12186at314147        -            524   3.1e-12   42.2   0.8   1   2   1.8e-13   1.2e-11   40.3   0.2   272   410    15   152     5   161 0.79 -
NW_025965233.1_RagTag:114859-113462   -            466 12186at314147        -            524   3.1e-12   42.2   0.8   2   2      0.24        15    0.3   0.0   441   475   162   197   156   241 0.79 -
NW_025965279.1_RagTag:78582-79082     -            167 12186at314147        -            524   5.3e-11   38.1   0.1   1   2     1e-10   6.7e-09   31.2   0.0   368   410    12    54     2    64 0.89 -
NW_025965279.1_RagTag:78582-79082     -            167 12186at314147        -            524   5.3e-11   38.1   0.1   2   2    0.0058      0.37    5.6   0.0   440   474    63    97    57   118 0.88 -
NW_025965352.1_RagTag:102445-104127   -            319 12186at314147        -            524   6.2e-09   31.3   0.0   1   1   6.6e-10   4.3e-08   28.5   0.0   288   518    63   296    46   302 0.67 -
contig_7816_pilon:159-2074            -            189 12186at314147        -            524   1.3e-06   23.6  14.5   1   2     9e-08   5.8e-06   21.5   3.6     2    68    31    97    30   105 0.89 -
contig_7816_pilon:159-2074            -            189 12186at314147        -            524   1.3e-06   23.6  14.5   2   2    0.0012     0.077    7.9   3.4    17    88   106   186    94   188 0.79 -
contig_34501_pilon:2271-1564          -            236 12186at314147        -            524   1.4e-06   23.5   0.1   1   2   8.8e-06   0.00057   14.9   0.0   338   412     2    77     1    84 0.89 -
contig_34501_pilon:2271-1564          -            236 12186at314147        -            524   1.4e-06   23.5   0.1   2   2    0.0023      0.15    6.9   0.0   445   476    89   122    79   133 0.79 -
NW_025965240.1_RagTag:95899-92013     -            305 12186at314147        -            524   1.6e-05   20.0   0.1   1   1   3.3e-07   2.1e-05   19.6   0.1   305   386   222   304   214   305 0.88 -
NW_025965066.1_RagTag:85339-85662     -             64 12186at314147        -            524   7.9e-05   17.7   0.0   1   1   1.2e-06   7.9e-05   17.7   0.0   445   475     4    34     2    58 0.88 -
NW_025965401.1_RagTag:63455-65494     -            216 12186at314147        -            524    0.0002   16.4   0.6   1   2   6.5e-05    0.0042   12.0   0.1   368   477    26   125    19   136 0.75 -
NW_025965401.1_RagTag:63455-65494     -            216 12186at314147        -            524    0.0002   16.4   0.6   2   2      0.47        30   -0.7   0.0   506   523   197   214   190   215 0.87 -
contig_31429_pilon:462-998            -            179 12186at314147        -            524   0.00026   16.0   0.5   1   2   2.9e-05    0.0018   13.2   0.2   344   410     7    73     1    81 0.86 -
contig_31429_pilon:462-998            -            179 12186at314147        -            524   0.00026   16.0   0.5   2   2     0.054       3.5    2.4   0.0   430   475    72   118    70   138 0.81 -
NW_025965222.1_RagTag:185086-183102   -            116 12186at314147        -            524   0.00044   15.3   0.0   1   1   8.1e-06   0.00052   15.0   0.0   446   517     3    73     1    79 0.72 -
NW_025965334.1_RagTag:171576-171430   -             49 12186at314147        -            524    0.0022   12.9   0.0   1   1     4e-05    0.0026   12.7   0.0   446   474     6    34     3    40 0.93 -
NW_025965287.1_RagTag:72767-73151     -             93 12186at314147        -            524    0.0051   11.8   0.0   1   1   8.7e-05    0.0056   11.6   0.0   446   475     7    36     3    75 0.84 -
NW_025965284.1_RagTag:30827-30266     -            101 12186at314147        -            524    0.0057   11.6   0.5   1   1    0.0001    0.0066   11.4   0.5    33    93    31    89    24    97 0.81 -
#
# Program:         hmmsearch
# Version:         3.1b2 (February 2015)
# Pipeline mode:   SEARCH
# Query file:      /home/bgerda/guppy_SUP/busco_downloads/lineages/glires_odb10/hmms/12186at314147.hmm
# Target file:     /home/bgerda/guppy_SUP/busco_results_racon/run_glires_odb10/metaeuk_output/initial_results/ragtag.scaffold.fasta.modified.fas
# Option settings: hmmsearch --domtblout /home/bgerda/guppy_SUP/busco_results_racon/run_glires_odb10/hmmer_output/initial_run_results/12186at314147.out --cpu 1 /home/bgerda/guppy_SUP/busco_downloads/lineages/glires_odb10/hmms/12186at314147.hmm /home/bgerda/guppy_SUP/busco_results_racon/run_glires_odb10/metaeuk_output/initial_results/ragtag.scaffold.fasta.modified.fas 
# Current dir:     /home/bgerda/guppy_SUP
# Date:            Sun May 21 17:05:40 2023
# [ok]
