#                                                                                             --- full sequence --- -------------- this domain -------------   hmm coord   ali coord   env coord
# target name                         accession   tlen query name           accession   qlen   E-value  score  bias   #  of  c-Evalue  i-Evalue  score  bias  from    to  from    to  from    to  acc description of target
#                 ------------------- ---------- ----- -------------------- ---------- ----- --------- ------ ----- --- --- --------- --------- ------ ----- ----- ----- ----- ----- ----- ----- ---- ---------------------
NW_025965279.1_RagTag:78582-79082     -            167 12400at314147        -            519   6.8e-31  103.7   0.0   1   2   3.6e-30   3.4e-28   94.8   0.0   112   240     4   126     1   135 0.92 -
NW_025965279.1_RagTag:78582-79082     -            167 12400at314147        -            519   6.8e-31  103.7   0.0   2   2    0.0011       0.1    7.4   0.0   275   298   139   162   129   166 0.87 -
NW_025965099.1_RagTag:14363-15274     -            304 12400at314147        -            519   5.1e-18   61.2   0.3   1   1   7.5e-20   7.1e-18   60.7   0.3    18   232    31   238    24   246 0.82 -
contig_37224_pilon:1693-2424          -            244 12400at314147        -            519   7.2e-17   57.4   0.0   1   1   9.4e-19   8.9e-17   57.1   0.0    38   230    27   207     2   213 0.82 -
NW_025965499.1_RagTag:3791-2706       -            362 12400at314147        -            519   4.8e-16   54.7   0.2   1   1   7.3e-18   6.9e-16   54.2   0.2    20   232    23   228    16   238 0.80 -
contig_66008_pilon:1779-2636          -            286 12400at314147        -            519   3.4e-15   51.9   0.1   1   1   6.9e-17   6.5e-15   50.9   0.0    36   222    11   185     5   202 0.79 -
contig_34309_pilon:592-2              -            197 12400at314147        -            519   1.5e-13   46.4   0.1   1   1   1.9e-15   1.8e-13   46.2   0.1    21   206    15   193     7   197 0.84 -
contig_34501_pilon:2271-1564          -            236 12400at314147        -            519     8e-12   40.8   0.0   1   1   1.1e-13     1e-11   40.4   0.0    90   233     1   140     1   146 0.84 -
NW_025965233.1_RagTag:114859-113462   -            466 12400at314147        -            519   2.5e-11   39.1   0.0   1   1   3.6e-13   3.4e-11   38.7   0.0    51   218    47   203    15   222 0.78 -
NW_025965548.1_RagTag:8433-1774       -            515 12400at314147        -            519   4.1e-11   38.4   0.0   1   1   6.2e-13   5.9e-11   37.9   0.0   101   212   337   445   323   465 0.82 -
contig_31429_pilon:462-998            -            179 12400at314147        -            519   3.5e-10   35.3   0.0   1   1   3.7e-12   3.5e-10   35.3   0.0    99   236     9   142     1   175 0.84 -
NW_025965313.1_RagTag:82152-83454     -            215 12400at314147        -            519   3.7e-10   35.2   0.1   1   1   4.9e-12   4.6e-10   34.9   0.1    23   161    50   184    38   195 0.79 -
NW_025965309.1_RagTag:3330510-3327790 -            323 12400at314147        -            519   5.9e-10   34.6   0.0   1   1   8.9e-12   8.4e-10   34.1   0.0   106   212   211   313   200   317 0.82 -
NW_025965401.1_RagTag:63455-65494     -            216 12400at314147        -            519   1.4e-07   26.8   0.0   1   1   1.9e-09   1.8e-07   26.4   0.0   111   227    17   137     5   145 0.82 -
NW_025965301.1_RagTag:70135-68389     -            312 12400at314147        -            519   0.00047   15.1   0.0   1   2   1.2e-05    0.0011   13.9   0.0   148   218   146   209   131   228 0.85 -
NW_025965301.1_RagTag:70135-68389     -            312 12400at314147        -            519   0.00047   15.1   0.0   2   2      0.76        72   -2.0   0.0   272   299   285   312   259   312 0.84 -
NW_025965240.1_RagTag:95899-92013     -            305 12400at314147        -            519    0.0068   11.3   0.9   1   1    0.0001    0.0095   10.8   0.9    54   139   226   305   221   305 0.79 -
#
# Program:         hmmsearch
# Version:         3.1b2 (February 2015)
# Pipeline mode:   SEARCH
# Query file:      /home/bgerda/guppy_SUP/busco_downloads/lineages/glires_odb10/hmms/12400at314147.hmm
# Target file:     /home/bgerda/guppy_SUP/busco_results_racon/run_glires_odb10/metaeuk_output/initial_results/ragtag.scaffold.fasta.modified.fas
# Option settings: hmmsearch --domtblout /home/bgerda/guppy_SUP/busco_results_racon/run_glires_odb10/hmmer_output/initial_run_results/12400at314147.out --cpu 1 /home/bgerda/guppy_SUP/busco_downloads/lineages/glires_odb10/hmms/12400at314147.hmm /home/bgerda/guppy_SUP/busco_results_racon/run_glires_odb10/metaeuk_output/initial_results/ragtag.scaffold.fasta.modified.fas 
# Current dir:     /home/bgerda/guppy_SUP
# Date:            Sun May 21 17:05:40 2023
# [ok]
