#                                                                                             --- full sequence --- -------------- this domain -------------   hmm coord   ali coord   env coord
# target name                         accession   tlen query name           accession   qlen   E-value  score  bias   #  of  c-Evalue  i-Evalue  score  bias  from    to  from    to  from    to  acc description of target
#                 ------------------- ---------- ----- -------------------- ---------- ----- --------- ------ ----- --- --- --------- --------- ------ ----- ----- ----- ----- ----- ----- ----- ---- ---------------------
NW_025965440.1_RagTag:12616-13782     -            389 12499at314147        -            682   3.7e-15   51.8  62.6   1  11    0.0014     0.032    9.1   2.9   586   641     6    62     1    63 0.79 -
NW_025965440.1_RagTag:12616-13782     -            389 12499at314147        -            682   3.7e-15   51.8  62.6   2  11    0.0028     0.064    8.1   6.0   580   641    57   118    52   119 0.82 -
NW_025965440.1_RagTag:12616-13782     -            389 12499at314147        -            682   3.7e-15   51.8  62.6   3  11    0.0009     0.021    9.7   5.9   580   641    85   146    80   147 0.80 -
NW_025965440.1_RagTag:12616-13782     -            389 12499at314147        -            682   3.7e-15   51.8  62.6   4  11   0.00021    0.0047   11.8   2.0   580   631   113   163   109   166 0.71 -
NW_025965440.1_RagTag:12616-13782     -            389 12499at314147        -            682   3.7e-15   51.8  62.6   5  11   1.2e-05   0.00028   15.9   2.6   580   641   141   202   137   203 0.82 -
NW_025965440.1_RagTag:12616-13782     -            389 12499at314147        -            682   3.7e-15   51.8  62.6   6  11   0.00045      0.01   10.7   5.0   580   641   197   258   193   258 0.81 -
NW_025965440.1_RagTag:12616-13782     -            389 12499at314147        -            682   3.7e-15   51.8  62.6   7  11   0.00056     0.013   10.4   5.0   580   641   225   286   221   286 0.74 -
NW_025965440.1_RagTag:12616-13782     -            389 12499at314147        -            682   3.7e-15   51.8  62.6   8  11   0.00079     0.018    9.9   5.4   581   641   254   314   249   314 0.72 -
NW_025965440.1_RagTag:12616-13782     -            389 12499at314147        -            682   3.7e-15   51.8  62.6   9  11    0.0026     0.059    8.2   6.1   582   641   283   342   279   346 0.75 -
NW_025965440.1_RagTag:12616-13782     -            389 12499at314147        -            682   3.7e-15   51.8  62.6  10  11    0.0026     0.059    8.2   2.9   580   631   309   359   304   363 0.60 -
NW_025965440.1_RagTag:12616-13782     -            389 12499at314147        -            682   3.7e-15   51.8  62.6  11  11   7.1e-05    0.0016   13.4   1.2   576   631   333   387   328   389 0.75 -
contig_52188_pilon:954-280            -            225 12499at314147        -            682   5.9e-15   51.1  30.1   1   5   0.00024    0.0054   11.6   2.2   580   631     6    56     2    56 0.63 -
contig_52188_pilon:954-280            -            225 12499at314147        -            682   5.9e-15   51.1  30.1   2   5   0.00016    0.0037   12.2   1.1   602   641    55    95    49    95 0.82 -
contig_52188_pilon:954-280            -            225 12499at314147        -            682   5.9e-15   51.1  30.1   3   5   1.1e-05   0.00025   16.0   3.0   580   631    90   140    86   143 0.85 -
contig_52188_pilon:954-280            -            225 12499at314147        -            682   5.9e-15   51.1  30.1   4   5   4.8e-05    0.0011   13.9   1.3   581   631   147   196   143   199 0.78 -
contig_52188_pilon:954-280            -            225 12499at314147        -            682   5.9e-15   51.1  30.1   5   5    0.0017     0.039    8.8   0.1   603   631   196   224   194   225 0.89 -
contig_28105_pilon:1415-840           -            192 12499at314147        -            682   1.5e-14   49.8  20.0   1   4   1.4e-06   3.1e-05   19.0   6.1   582   655     7    80     5    87 0.73 -
contig_28105_pilon:1415-840           -            192 12499at314147        -            682   1.5e-14   49.8  20.0   2   4   1.6e-05   0.00037   15.5   0.6   586   641    66   122    65   122 0.82 -
contig_28105_pilon:1415-840           -            192 12499at314147        -            682   1.5e-14   49.8  20.0   3   4   6.7e-07   1.5e-05   20.0   1.1   581   642    90   151    84   156 0.79 -
contig_28105_pilon:1415-840           -            192 12499at314147        -            682   1.5e-14   49.8  20.0   4   4   1.7e-05   0.00039   15.4   0.7   580   627   145   191   140   192 0.75 -
contig_33351_pilon:5-592              -            196 12499at314147        -            682   1.8e-13   46.2  21.5   1   5   2.8e-05   0.00063   14.7   1.3   582   631     5    53     1    57 0.81 -
contig_33351_pilon:5-592              -            196 12499at314147        -            682   1.8e-13   46.2  21.5   2   5   9.3e-06   0.00021   16.3   0.5   603   641    53    92    50    94 0.89 -
contig_33351_pilon:5-592              -            196 12499at314147        -            682   1.8e-13   46.2  21.5   3   5   0.00064     0.015   10.2   0.5   603   641    81   120    78   120 0.85 -
contig_33351_pilon:5-592              -            196 12499at314147        -            682   1.8e-13   46.2  21.5   4   5   0.00071     0.016   10.0   1.0   586   631    92   137    87   140 0.81 -
contig_33351_pilon:5-592              -            196 12499at314147        -            682   1.8e-13   46.2  21.5   5   5   2.3e-05   0.00053   15.0   3.4   603   653   137   188   132   195 0.78 -
NW_025965250.1_RagTag:140650-46794    -            212 12499at314147        -            682   3.4e-13   45.3  21.7   1   4   2.1e-06   4.7e-05   18.4   3.3   580   641    18    79     6    79 0.86 -
NW_025965250.1_RagTag:140650-46794    -            212 12499at314147        -            682   3.4e-13   45.3  21.7   2   4   5.5e-06   0.00012   17.0   1.9   576   641    70   135    68   136 0.84 -
NW_025965250.1_RagTag:140650-46794    -            212 12499at314147        -            682   3.4e-13   45.3  21.7   3   4   2.7e-05   0.00061   14.7   2.1   580   631   130   180   125   183 0.85 -
NW_025965250.1_RagTag:140650-46794    -            212 12499at314147        -            682   3.4e-13   45.3  21.7   4   4     0.001     0.023    9.5   0.7   602   631   179   208   171   211 0.82 -
contig_64050_pilon:924-1673           -            250 12499at314147        -            682   4.3e-13   45.0  39.8   1   8   0.00037    0.0084   11.0   2.0   611   657     2    50     1    54 0.86 -
contig_64050_pilon:924-1673           -            250 12499at314147        -            682   4.3e-13   45.0  39.8   2   8   4.9e-05    0.0011   13.9   1.1   603   641    50    89    47    89 0.84 -
contig_64050_pilon:924-1673           -            250 12499at314147        -            682   4.3e-13   45.0  39.8   3   8    0.0025     0.058    8.2   0.3   603   631    78   106    75   109 0.88 -
contig_64050_pilon:924-1673           -            250 12499at314147        -            682   4.3e-13   45.0  39.8   4   8   0.00073     0.017   10.0   0.5   603   631   106   134   101   137 0.87 -
contig_64050_pilon:924-1673           -            250 12499at314147        -            682   4.3e-13   45.0  39.8   5   8    0.0026     0.058    8.2   0.3   603   631   134   162   132   166 0.87 -
contig_64050_pilon:924-1673           -            250 12499at314147        -            682   4.3e-13   45.0  39.8   6   8     0.001     0.024    9.5   0.4   603   631   162   190   160   194 0.88 -
contig_64050_pilon:924-1673           -            250 12499at314147        -            682   4.3e-13   45.0  39.8   7   8    0.0015     0.033    9.0   0.1   603   631   190   218   188   222 0.88 -
contig_64050_pilon:924-1673           -            250 12499at314147        -            682   4.3e-13   45.0  39.8   8   8    0.0018      0.04    8.8   0.5   603   631   218   246   215   249 0.88 -
NW_025965190.1_RagTag:118118-118627   -            170 12499at314147        -            682     5e-13   44.8  11.5   1   4   0.00029    0.0066   11.3   0.2   603   632    14    43     5    45 0.85 -
NW_025965190.1_RagTag:118118-118627   -            170 12499at314147        -            682     5e-13   44.8  11.5   2   4   0.00013     0.003   12.5   1.2   603   642    42    82    34    94 0.80 -
NW_025965190.1_RagTag:118118-118627   -            170 12499at314147        -            682     5e-13   44.8  11.5   3   4   9.9e-05    0.0022   12.9   0.1   580   631    76   126    72   130 0.73 -
NW_025965190.1_RagTag:118118-118627   -            170 12499at314147        -            682     5e-13   44.8  11.5   4   4   3.1e-08     7e-07   24.5   0.9   576   641   100   165    98   169 0.84 -
NW_025965235.1_RagTag:117217-116603   -            205 12499at314147        -            682   6.9e-13   44.3  26.1   1   7   0.00045      0.01   10.7   0.1   603   631     5    33     2    37 0.89 -
NW_025965235.1_RagTag:117217-116603   -            205 12499at314147        -            682   6.9e-13   44.3  26.1   2   7     0.001     0.024    9.5   0.2   603   632    33    62    31    65 0.91 -
NW_025965235.1_RagTag:117217-116603   -            205 12499at314147        -            682   6.9e-13   44.3  26.1   3   7   0.00033    0.0075   11.2   2.1   586   631    44    89    39    92 0.81 -
NW_025965235.1_RagTag:117217-116603   -            205 12499at314147        -            682   6.9e-13   44.3  26.1   4   7   4.5e-06    0.0001   17.3   4.1   576   632    63   118    63   121 0.86 -
NW_025965235.1_RagTag:117217-116603   -            205 12499at314147        -            682   6.9e-13   44.3  26.1   5   7     0.002     0.045    8.6   0.2   603   631   117   145   114   149 0.88 -
NW_025965235.1_RagTag:117217-116603   -            205 12499at314147        -            682   6.9e-13   44.3  26.1   6   7    0.0037     0.084    7.7   1.1   603   641   145   184   142   184 0.84 -
NW_025965235.1_RagTag:117217-116603   -            205 12499at314147        -            682   6.9e-13   44.3  26.1   7   7    0.0014     0.031    9.1   2.3   586   631   156   201   152   204 0.76 -
NW_025965432.1_RagTag:502378-503097   -            240 12499at314147        -            682   1.2e-12   43.6  30.0   1   4   6.1e-07   1.4e-05   20.2   2.2   574   631    12    68     5    72 0.83 -
NW_025965432.1_RagTag:502378-503097   -            240 12499at314147        -            682   1.2e-12   43.6  30.0   2   4   1.1e-05   0.00026   16.0   6.4   575   648    69   140    65   153 0.78 -
NW_025965432.1_RagTag:502378-503097   -            240 12499at314147        -            682   1.2e-12   43.6  30.0   3   4   3.3e-06   7.5e-05   17.8   6.4   574   642   152   220   145   228 0.87 -
NW_025965432.1_RagTag:502378-503097   -            240 12499at314147        -            682   1.2e-12   43.6  30.0   4   4     0.013      0.29    5.9   0.1   603   631   208   236   203   239 0.86 -
NW_025965071.1_RagTag:3724-4116       -            131 12499at314147        -            682   1.7e-12   43.0  13.7   1   3    0.0001    0.0024   12.8   0.2   603   631     4    32     2    36 0.87 -
NW_025965071.1_RagTag:3724-4116       -            131 12499at314147        -            682   1.7e-12   43.0  13.7   2   3   5.4e-07   1.2e-05   20.4   1.5   603   643    32    73    27    88 0.83 -
NW_025965071.1_RagTag:3724-4116       -            131 12499at314147        -            682   1.7e-12   43.0  13.7   3   3   5.7e-06   0.00013   17.0   2.1   603   641    88   127    82   131 0.86 -
NW_025965022.1_RagTag:243183-242221   -            321 12499at314147        -            682   2.1e-12   42.8  38.9   1   6   7.1e-05    0.0016   13.4   5.7   576   660    16   101     6   104 0.80 -
NW_025965022.1_RagTag:243183-242221   -            321 12499at314147        -            682   2.1e-12   42.8  38.9   2   6   0.00023    0.0052   11.7   0.8   597   641   119   164   106   167 0.84 -
NW_025965022.1_RagTag:243183-242221   -            321 12499at314147        -            682   2.1e-12   42.8  38.9   3   6     0.024      0.55    5.0   0.3   603   631   153   181   151   184 0.88 -
NW_025965022.1_RagTag:243183-242221   -            321 12499at314147        -            682   2.1e-12   42.8  38.9   4   6   6.7e-07   1.5e-05   20.1   5.6   576   641   183   248   178   252 0.89 -
NW_025965022.1_RagTag:243183-242221   -            321 12499at314147        -            682   2.1e-12   42.8  38.9   5   6    0.0089       0.2    6.4   1.7   605   642   239   277   236   289 0.69 -
NW_025965022.1_RagTag:243183-242221   -            321 12499at314147        -            682   2.1e-12   42.8  38.9   6   6    0.0025     0.058    8.2   1.8   580   631   271   321   265   321 0.70 -
NW_025965358.1_RagTag:7183-6533       -            217 12499at314147        -            682     4e-12   41.8  29.0   1   4   2.9e-11   6.7e-10   34.5   7.5   576   654     2    80     1    86 0.87 -
NW_025965358.1_RagTag:7183-6533       -            217 12499at314147        -            682     4e-12   41.8  29.0   2   4    0.0049      0.11    7.3   2.9   580   641    62   123    58   130 0.64 -
NW_025965358.1_RagTag:7183-6533       -            217 12499at314147        -            682     4e-12   41.8  29.0   3   4    0.0011     0.024    9.5   5.9   574   632   112   169   108   171 0.74 -
NW_025965358.1_RagTag:7183-6533       -            217 12499at314147        -            682     4e-12   41.8  29.0   4   4     0.006      0.14    7.0   0.5   601   633   163   198   158   210 0.77 -
NW_025965271.1_RagTag:496368-615075   -            290 12499at314147        -            682   4.3e-12   41.7  46.4   1   8   0.00044      0.01   10.7   2.7   581   641     2    62     1    62 0.77 -
NW_025965271.1_RagTag:496368-615075   -            290 12499at314147        -            682   4.3e-12   41.7  46.4   2   8   0.00078     0.018    9.9   0.8   603   641    51    90    48    90 0.84 -
NW_025965271.1_RagTag:496368-615075   -            290 12499at314147        -            682   4.3e-12   41.7  46.4   3   8     0.001     0.023    9.5   1.1   603   641    79   118    76   118 0.84 -
NW_025965271.1_RagTag:496368-615075   -            290 12499at314147        -            682   4.3e-12   41.7  46.4   4   8    0.0039     0.088    7.6   4.5   586   631    90   135    85   139 0.78 -
NW_025965271.1_RagTag:496368-615075   -            290 12499at314147        -            682   4.3e-12   41.7  46.4   5   8    0.0023     0.052    8.4   1.1   602   631   134   163   126   166 0.84 -
NW_025965271.1_RagTag:496368-615075   -            290 12499at314147        -            682   4.3e-12   41.7  46.4   6   8   0.00074     0.017   10.0   1.0   603   641   163   202   160   202 0.84 -
NW_025965271.1_RagTag:496368-615075   -            290 12499at314147        -            682   4.3e-12   41.7  46.4   7   8   0.00025    0.0056   11.6   1.7   580   631   197   247   193   250 0.71 -
NW_025965271.1_RagTag:496368-615075   -            290 12499at314147        -            682   4.3e-12   41.7  46.4   8   8   0.00066     0.015   10.1   1.8   603   641   247   286   244   290 0.84 -
contig_18339_pilon:2-553              -            184 12499at314147        -            682     5e-12   41.5  31.5   1   6   6.4e-05    0.0015   13.5   1.0   607   641     2    37     1    38 0.88 -
contig_18339_pilon:2-553              -            184 12499at314147        -            682     5e-12   41.5  31.5   2   6   0.00063     0.014   10.2   0.5   603   631    26    54    23    57 0.89 -
contig_18339_pilon:2-553              -            184 12499at314147        -            682     5e-12   41.5  31.5   3   6   0.00055     0.012   10.4   0.7   602   631    53    82    46    86 0.86 -
contig_18339_pilon:2-553              -            184 12499at314147        -            682     5e-12   41.5  31.5   4   6   8.1e-05    0.0019   13.2   0.8   603   632    82   111    80   114 0.89 -
contig_18339_pilon:2-553              -            184 12499at314147        -            682     5e-12   41.5  31.5   5   6    0.0007     0.016   10.1   0.2   603   631   110   138   108   142 0.88 -
contig_18339_pilon:2-553              -            184 12499at314147        -            682     5e-12   41.5  31.5   6   6   0.00029    0.0066   11.3   2.3   603   641   138   177   136   183 0.85 -
contig_52188_pilon:1642-1031          -            204 12499at314147        -            682   5.1e-12   41.5  27.4   1   5   3.9e-05   0.00088   14.2   3.0   576   631     7    61     2    65 0.75 -
contig_52188_pilon:1642-1031          -            204 12499at314147        -            682   5.1e-12   41.5  27.4   2   5   0.00091     0.021    9.7   0.7   603   632    61    90    54    93 0.84 -
contig_52188_pilon:1642-1031          -            204 12499at314147        -            682   5.1e-12   41.5  27.4   3   5   0.00043    0.0098   10.8   0.8   603   641    89   128    86   129 0.86 -
contig_52188_pilon:1642-1031          -            204 12499at314147        -            682   5.1e-12   41.5  27.4   4   5   6.4e-05    0.0015   13.5   1.8   580   631   123   173   118   177 0.82 -
contig_52188_pilon:1642-1031          -            204 12499at314147        -            682   5.1e-12   41.5  27.4   5   5    0.0007     0.016   10.1   0.3   603   631   173   201   170   204 0.88 -
NW_025965375.1_RagTag:139175-138555   -            207 12499at314147        -            682   8.2e-12   40.8  22.8   1   5   2.4e-05   0.00055   14.9   1.4   580   641    13    74     9    74 0.76 -
NW_025965375.1_RagTag:139175-138555   -            207 12499at314147        -            682   8.2e-12   40.8  22.8   2   5   0.00051     0.012   10.5   0.3   603   641    63   102    60   103 0.85 -
NW_025965375.1_RagTag:139175-138555   -            207 12499at314147        -            682   8.2e-12   40.8  22.8   3   5   9.8e-06   0.00022   16.2   3.8   576   641    93   158    90   162 0.84 -
NW_025965375.1_RagTag:139175-138555   -            207 12499at314147        -            682   8.2e-12   40.8  22.8   4   5    0.0019     0.043    8.7   3.0   582   631   127   175   124   186 0.63 -
NW_025965375.1_RagTag:139175-138555   -            207 12499at314147        -            682   8.2e-12   40.8  22.8   5   5   0.00086      0.02    9.8   3.7   578   631   151   203   148   206 0.82 -
NW_025965250.1_RagTag:8860-9492       -            211 12499at314147        -            682   1.1e-11   40.3  25.1   1   4    0.0002    0.0046   11.8   0.5   602   642    11    52     3    58 0.87 -
NW_025965250.1_RagTag:8860-9492       -            211 12499at314147        -            682   1.1e-11   40.3  25.1   2   4   6.5e-06   0.00015   16.8   9.7   586   657    51   127    44   143 0.73 -
NW_025965250.1_RagTag:8860-9492       -            211 12499at314147        -            682   1.1e-11   40.3  25.1   3   4   0.00016    0.0038   12.1   1.9   598   632   147   181   127   183 0.77 -
NW_025965250.1_RagTag:8860-9492       -            211 12499at314147        -            682   1.1e-11   40.3  25.1   4   4     3e-06   6.7e-05   17.9   3.5   584   633   160   210   147   211 0.85 -
contig_36320_pilon:719-1438           -            240 12499at314147        -            682   2.9e-11   38.9  46.1   1   7    0.0005     0.011   10.5   3.8   607   642     4    40     2    54 0.82 -
contig_36320_pilon:719-1438           -            240 12499at314147        -            682   2.9e-11   38.9  46.1   2   7   0.00045      0.01   10.7   3.5   601   641    54    95    42    95 0.76 -
contig_36320_pilon:719-1438           -            240 12499at314147        -            682   2.9e-11   38.9  46.1   3   7   0.00097     0.022    9.6   0.7   603   631    84   112    81   116 0.88 -
contig_36320_pilon:719-1438           -            240 12499at314147        -            682   2.9e-11   38.9  46.1   4   7   0.00077     0.017    9.9   4.4   603   643   112   153   109   164 0.69 -
contig_36320_pilon:719-1438           -            240 12499at314147        -            682   2.9e-11   38.9  46.1   5   7   0.00025    0.0057   11.6   1.3   603   641   140   179   137   179 0.84 -
contig_36320_pilon:719-1438           -            240 12499at314147        -            682   2.9e-11   38.9  46.1   6   7   0.00098     0.022    9.6   0.4   603   631   168   196   166   199 0.89 -
contig_36320_pilon:719-1438           -            240 12499at314147        -            682   2.9e-11   38.9  46.1   7   7   0.00025    0.0057   11.5   2.1   603   641   196   235   193   240 0.85 -
NW_025965317.1_RagTag:1373618-1373070 -            183 12499at314147        -            682   1.4e-10   36.7  22.4   1   4   6.1e-05    0.0014   13.6   0.6   580   631     5    55     1    58 0.84 -
NW_025965317.1_RagTag:1373618-1373070 -            183 12499at314147        -            682   1.4e-10   36.7  22.4   2   4   0.00029    0.0067   11.3   0.2   603   631    55    83    52    87 0.87 -
NW_025965317.1_RagTag:1373618-1373070 -            183 12499at314147        -            682   1.4e-10   36.7  22.4   3   4   1.3e-05   0.00029   15.8   5.9   575   641    84   150    80   151 0.88 -
NW_025965317.1_RagTag:1373618-1373070 -            183 12499at314147        -            682   1.4e-10   36.7  22.4   4   4   0.00039    0.0088   10.9   2.5   603   641   139   178   137   183 0.78 -
NW_025965279.1_RagTag:138661-99482    -            245 12499at314147        -            682   1.6e-10   36.5  34.9   1   6   5.2e-05    0.0012   13.8   1.0   603   641     5    44     2    45 0.87 -
NW_025965279.1_RagTag:138661-99482    -            245 12499at314147        -            682   1.6e-10   36.5  34.9   2   6   2.5e-05   0.00058   14.8   1.7   603   654    33    85    31    89 0.80 -
NW_025965279.1_RagTag:138661-99482    -            245 12499at314147        -            682   1.6e-10   36.5  34.9   3   6   8.9e-05     0.002   13.0   2.1   603   654    61   113    58   119 0.78 -
NW_025965279.1_RagTag:138661-99482    -            245 12499at314147        -            682   1.6e-10   36.5  34.9   4   6    0.0034     0.077    7.8   4.5   603   643    89   130    79   145 0.65 -
NW_025965279.1_RagTag:138661-99482    -            245 12499at314147        -            682   1.6e-10   36.5  34.9   5   6     0.036      0.82    4.4   8.8   580   643   123   186   120   201 0.68 -
NW_025965279.1_RagTag:138661-99482    -            245 12499at314147        -            682   1.6e-10   36.5  34.9   6   6   2.9e-05   0.00065   14.7   5.8   576   642   175   241   173   244 0.85 -
contig_59446_pilon:259-795            -            179 12499at314147        -            682   1.6e-10   36.5  27.8   1   5   6.3e-05    0.0014   13.5   2.3   602   641     6    46     2    47 0.87 -
contig_59446_pilon:259-795            -            179 12499at314147        -            682   1.6e-10   36.5  27.8   2   5   0.00011    0.0026   12.7   5.1   580   631    41    91    36    94 0.85 -
contig_59446_pilon:259-795            -            179 12499at314147        -            682   1.6e-10   36.5  27.8   3   5   0.00016    0.0037   12.2   5.2   586   641    74   130    69   131 0.80 -
contig_59446_pilon:259-795            -            179 12499at314147        -            682   1.6e-10   36.5  27.8   4   5    0.0055      0.13    7.1   1.0   603   631   119   147   113   151 0.85 -
contig_59446_pilon:259-795            -            179 12499at314147        -            682   1.6e-10   36.5  27.8   5   5   0.00027    0.0061   11.5   2.5   588   631   132   175   127   178 0.70 -
NW_025965182.1_RagTag:1639771-1640832 -            354 12499at314147        -            682   3.7e-10   35.3  35.5   1   6    0.0032     0.074    7.9   0.1   596   629    11    45     1    64 0.75 -
NW_025965182.1_RagTag:1639771-1640832 -            354 12499at314147        -            682   3.7e-10   35.3  35.5   2   6     0.098       2.2    3.0   0.0   595   631    66   102    55   105 0.76 -
NW_025965182.1_RagTag:1639771-1640832 -            354 12499at314147        -            682   3.7e-10   35.3  35.5   3   6   0.00024    0.0055   11.6   4.5   601   655   100   155    74   159 0.75 -
NW_025965182.1_RagTag:1639771-1640832 -            354 12499at314147        -            682   3.7e-10   35.3  35.5   4   6   0.00059     0.014   10.3   7.3   574   654   158   238   155   242 0.79 -
NW_025965182.1_RagTag:1639771-1640832 -            354 12499at314147        -            682   3.7e-10   35.3  35.5   5   6   0.00049     0.011   10.6   5.3   569   641   237   309   229   323 0.79 -
NW_025965182.1_RagTag:1639771-1640832 -            354 12499at314147        -            682   3.7e-10   35.3  35.5   6   6     0.035       0.8    4.5   0.5   581   630   305   353   295   354 0.70 -
contig_36320_pilon:1627-2073          -            149 12499at314147        -            682   1.1e-09   33.7  18.8   1   4    0.0011     0.025    9.4   0.3   603   631     5    33     2    36 0.88 -
contig_36320_pilon:1627-2073          -            149 12499at314147        -            682   1.1e-09   33.7  18.8   2   4   0.00011    0.0026   12.7   1.7   603   642    33    73    30    85 0.76 -
contig_36320_pilon:1627-2073          -            149 12499at314147        -            682   1.1e-09   33.7  18.8   3   4   0.00019    0.0043   11.9   2.9   591   631    74   117    67   120 0.69 -
contig_36320_pilon:1627-2073          -            149 12499at314147        -            682   1.1e-09   33.7  18.8   4   4    0.0003    0.0069   11.3   0.3   603   631   117   145   114   148 0.89 -
NW_025965341.1_RagTag:9727-10227      -            167 12499at314147        -            682   8.4e-09   30.8   7.9   1   3     2e-05   0.00045   15.2   0.5   577   641     2    66     1    67 0.86 -
NW_025965341.1_RagTag:9727-10227      -            167 12499at314147        -            682   8.4e-09   30.8   7.9   2   3     9e-05    0.0021   13.0   1.5   580   641    60   122    53   122 0.79 -
NW_025965341.1_RagTag:9727-10227      -            167 12499at314147        -            682   8.4e-09   30.8   7.9   3   3   7.5e-05    0.0017   13.3   1.0   581   642    90   151    85   167 0.77 -
NW_025965341.1_RagTag:72137-72748     -            204 12499at314147        -            682     9e-09   30.7  13.5   1   3     0.075       1.7    3.4   0.1   603   641     5    44     2    45 0.82 -
NW_025965341.1_RagTag:72137-72748     -            204 12499at314147        -            682     9e-09   30.7  13.5   2   3   2.7e-07   6.2e-06   21.3   1.6   580   642    39   101    33   115 0.79 -
NW_025965341.1_RagTag:72137-72748     -            204 12499at314147        -            682     9e-09   30.7  13.5   3   3    0.0061      0.14    7.0   0.2   592   631   162   201   151   203 0.69 -
NW_025965341.1_RagTag:36059-35526     -            178 12499at314147        -            682   9.2e-09   30.7  15.2   1   4   0.00029    0.0066   11.3   0.7   602   642     6    50     2    54 0.74 -
NW_025965341.1_RagTag:36059-35526     -            178 12499at314147        -            682   9.2e-09   30.7  15.2   2   4   8.1e-05    0.0018   13.2   1.6   580   641    44   105    40   106 0.82 -
NW_025965341.1_RagTag:36059-35526     -            178 12499at314147        -            682   9.2e-09   30.7  15.2   3   4   1.6e-05   0.00036   15.5   2.3   577   641    69   133    65   133 0.73 -
NW_025965341.1_RagTag:36059-35526     -            178 12499at314147        -            682   9.2e-09   30.7  15.2   4   4   0.00097     0.022    9.6   1.0   606   642   125   162   119   178 0.56 -
NW_025965341.1_RagTag:124400-123816   -            195 12499at314147        -            682   1.8e-08   29.7  24.6   1   4   0.00021    0.0048   11.8   0.9   576   631     7    61     1    65 0.77 -
NW_025965341.1_RagTag:124400-123816   -            195 12499at314147        -            682   1.8e-08   29.7  24.6   2   4     5e-05    0.0011   13.8   5.4   575   641    62   128    58   128 0.83 -
NW_025965341.1_RagTag:124400-123816   -            195 12499at314147        -            682   1.8e-08   29.7  24.6   3   4   8.7e-05     0.002   13.1   3.1   580   641    95   156    91   156 0.70 -
NW_025965341.1_RagTag:124400-123816   -            195 12499at314147        -            682   1.8e-08   29.7  24.6   4   4    0.0025     0.057    8.2   3.1   579   618   150   188   144   195 0.51 -
NW_025965039.1_RagTag:251791-251321   -            157 12499at314147        -            682   1.9e-08   29.7  12.9   1   3   0.00055     0.013   10.4   0.7   601   641    17    58     2    58 0.74 -
NW_025965039.1_RagTag:251791-251321   -            157 12499at314147        -            682   1.9e-08   29.7  12.9   2   3   2.8e-05   0.00064   14.7   2.9   576   641    21    86    14    93 0.79 -
NW_025965039.1_RagTag:251791-251321   -            157 12499at314147        -            682   1.9e-08   29.7  12.9   3   3   5.8e-06   0.00013   16.9   4.7   586   650    86   149    79   156 0.74 -
NW_025965289.1_RagTag:78350-79000     -            217 12499at314147        -            682   6.2e-08   28.0  15.9   1   3   3.6e-06   8.2e-05   17.6   1.2   586   645    27    87    21   104 0.84 -
NW_025965289.1_RagTag:78350-79000     -            217 12499at314147        -            682   6.2e-08   28.0  15.9   2   3    0.0011     0.025    9.4   1.3   576   631   102   156    92   159 0.58 -
NW_025965289.1_RagTag:78350-79000     -            217 12499at314147        -            682   6.2e-08   28.0  15.9   3   3   0.00057     0.013   10.4   1.4   575   631   157   212   149   215 0.85 -
contig_10836_pilon:82-696             -            205 12499at314147        -            682   6.6e-08   27.9  25.2   1   4     0.071       1.6    3.4   0.2   603   631     5    33     2    36 0.83 -
contig_10836_pilon:82-696             -            205 12499at314147        -            682   6.6e-08   27.9  25.2   2   4    0.0016     0.037    8.9   2.7   603   642    33    73    24    76 0.82 -
contig_10836_pilon:82-696             -            205 12499at314147        -            682   6.6e-08   27.9  25.2   3   4   1.5e-05   0.00034   15.6   1.9   562   631    77   145    73   148 0.87 -
contig_10836_pilon:82-696             -            205 12499at314147        -            682   6.6e-08   27.9  25.2   4   4   9.6e-05    0.0022   12.9   2.2   603   654   145   197   142   202 0.78 -
contig_63057_pilon:3037-2600          -            146 12499at314147        -            682   7.2e-08   27.7  16.3   1   3   0.00031     0.007   11.3   0.3   602   631     7    36     1    39 0.86 -
contig_63057_pilon:3037-2600          -            146 12499at314147        -            682   7.2e-08   27.7  16.3   2   3   0.00041    0.0093   10.8   0.3   603   631    36    64    33    67 0.89 -
contig_63057_pilon:3037-2600          -            146 12499at314147        -            682   7.2e-08   27.7  16.3   3   3   0.00033    0.0075   11.2   4.6   580   642    70   132    66   144 0.70 -
contig_43334_pilon:1147-1967          -            144 12499at314147        -            682   8.3e-08   27.5  20.7   1   4   0.00017    0.0039   12.1   0.2   601   631    14    44     3    48 0.84 -
contig_43334_pilon:1147-1967          -            144 12499at314147        -            682   8.3e-08   27.5  20.7   2   4    0.0014     0.032    9.1   4.1   603   641    44    83    41    91 0.79 -
contig_43334_pilon:1147-1967          -            144 12499at314147        -            682   8.3e-08   27.5  20.7   3   4   0.00019    0.0043   11.9   0.7   602   631    89   118    85   122 0.89 -
contig_43334_pilon:1147-1967          -            144 12499at314147        -            682   8.3e-08   27.5  20.7   4   4    0.0021     0.049    8.5   0.4   603   627   118   142   115   144 0.89 -
contig_81532_pilon:2097-1657          -            147 12499at314147        -            682   1.4e-07   26.7  20.0   1   2   4.4e-06    0.0001   17.3   7.5   578   633     5    61     2    71 0.85 -
contig_81532_pilon:2097-1657          -            147 12499at314147        -            682   1.4e-07   26.7  20.0   2   2   0.00019    0.0044   11.9   7.4   580   642    66   128    61   147 0.74 -
contig_70752_pilon:1105-1494          -            130 12499at314147        -            682   2.7e-07   25.8  13.1   1   4   0.00047     0.011   10.6   0.6   602   631    13    42     4    46 0.86 -
contig_70752_pilon:1105-1494          -            130 12499at314147        -            682   2.7e-07   25.8  13.1   2   4   5.5e-05    0.0013   13.7   0.8   603   641    42    81    40    82 0.86 -
contig_70752_pilon:1105-1494          -            130 12499at314147        -            682   2.7e-07   25.8  13.1   3   4    0.0045       0.1    7.4   0.3   603   631    70    98    67   102 0.85 -
contig_70752_pilon:1105-1494          -            130 12499at314147        -            682   2.7e-07   25.8  13.1   4   4    0.0051      0.12    7.2   0.3   603   631    98   126    92   129 0.75 -
NW_025965341.1_RagTag:8946-9722       -            259 12499at314147        -            682   5.2e-07   24.9  16.9   1   4   3.5e-05    0.0008   14.4   2.1   606   644    66   105    48   122 0.71 -
NW_025965341.1_RagTag:8946-9722       -            259 12499at314147        -            682   5.2e-07   24.9  16.9   2   4    0.0021     0.048    8.5   1.1   600   641   116   158    97   166 0.64 -
NW_025965341.1_RagTag:8946-9722       -            259 12499at314147        -            682   5.2e-07   24.9  16.9   3   4     0.033      0.74    4.6   1.8   597   641   166   214   153   216 0.71 -
NW_025965341.1_RagTag:8946-9722       -            259 12499at314147        -            682   5.2e-07   24.9  16.9   4   4    0.0016     0.037    8.9   1.6   588   651   188   250   183   259 0.74 -
NW_025965301.1_RagTag:101661-100954   -            236 12499at314147        -            682     7e-07   24.5  17.3   1   5    0.0036     0.081    7.7   1.2   576   631    14    68     7    77 0.73 -
NW_025965301.1_RagTag:101661-100954   -            236 12499at314147        -            682     7e-07   24.5  17.3   2   5    0.0051      0.12    7.2   0.3   575   631    69   125    63   128 0.79 -
NW_025965301.1_RagTag:101661-100954   -            236 12499at314147        -            682     7e-07   24.5  17.3   3   5   0.00022    0.0049   11.8   0.3   581   631   104   153   102   157 0.80 -
NW_025965301.1_RagTag:101661-100954   -            236 12499at314147        -            682     7e-07   24.5  17.3   4   5    0.0015     0.035    8.9   2.2   576   641   155   219   150   220 0.75 -
NW_025965301.1_RagTag:101661-100954   -            236 12499at314147        -            682     7e-07   24.5  17.3   5   5    0.0051      0.12    7.2   0.3   575   629   182   234   181   236 0.65 -
NW_025965215.1_RagTag:381710-337497   -            257 12499at314147        -            682   1.2e-06   23.7  18.7   1   3      0.23       5.2    1.8   0.4   606   621    90   105    31   119 0.83 -
NW_025965215.1_RagTag:381710-337497   -            257 12499at314147        -            682   1.2e-06   23.7  18.7   2   3   1.1e-05   0.00025   16.0   1.6   592   644   132   185   121   196 0.81 -
NW_025965215.1_RagTag:381710-337497   -            257 12499at314147        -            682   1.2e-06   23.7  18.7   3   3   2.1e-05   0.00048   15.1   4.2   602   643   198   239   189   256 0.85 -
NW_025965230.1_RagTag:860644-860186   -            153 12499at314147        -            682   1.3e-06   23.6  15.7   1   3   0.00053     0.012   10.5   1.9   596   638    14    55     2    58 0.72 -
NW_025965230.1_RagTag:860644-860186   -            153 12499at314147        -            682   1.3e-06   23.6  15.7   2   3   0.00034    0.0078   11.1   7.9   569   641    42   114    38   114 0.81 -
NW_025965230.1_RagTag:860644-860186   -            153 12499at314147        -            682   1.3e-06   23.6  15.7   3   3    0.0022     0.051    8.4   3.7   597   641    97   142    94   151 0.84 -
NW_025965127.1_RagTag:114163-113654   -            170 12499at314147        -            682   2.7e-06   22.5  13.2   1   3     0.018      0.42    5.4   1.6   579   643     7    71     2    73 0.68 -
NW_025965127.1_RagTag:114163-113654   -            170 12499at314147        -            682   2.7e-06   22.5  13.2   2   3   1.3e-05    0.0003   15.8   2.8   574   641    58   125    53   126 0.85 -
NW_025965127.1_RagTag:114163-113654   -            170 12499at314147        -            682   2.7e-06   22.5  13.2   3   3   0.00032    0.0073   11.2   1.4   603   659   114   167   111   170 0.59 -
NW_025965250.1_RagTag:230438-229587   -            284 12499at314147        -            682     3e-06   22.4  43.9   1   6    0.0029     0.065    8.1   5.5   600   641    27    69     2    76 0.72 -
NW_025965250.1_RagTag:230438-229587   -            284 12499at314147        -            682     3e-06   22.4  43.9   2   6    0.0052      0.12    7.2   6.2   577   631    33    86    28   104 0.52 -
NW_025965250.1_RagTag:230438-229587   -            284 12499at314147        -            682     3e-06   22.4  43.9   3   6   0.00097     0.022    9.6   4.0   576   631    60   114    57   117 0.83 -
NW_025965250.1_RagTag:230438-229587   -            284 12499at314147        -            682     3e-06   22.4  43.9   4   6    0.0057      0.13    7.1  12.8   576   642    88   154    85   171 0.73 -
NW_025965250.1_RagTag:230438-229587   -            284 12499at314147        -            682     3e-06   22.4  43.9   5   6    0.0023     0.053    8.3   2.1   576   641   144   209   141   210 0.74 -
NW_025965250.1_RagTag:230438-229587   -            284 12499at314147        -            682     3e-06   22.4  43.9   6   6    0.0034     0.078    7.8   7.9   578   654   202   282   198   284 0.69 -
NW_025965442.1_RagTag:49839-49393     -            149 12499at314147        -            682   6.8e-06   21.2  15.0   1   3    0.0013     0.029    9.2   2.9   606   642    20    57     7    72 0.84 -
NW_025965442.1_RagTag:49839-49393     -            149 12499at314147        -            682   6.8e-06   21.2  15.0   2   3     0.039      0.88    4.3   0.2   602   627    72    97    64   101 0.77 -
NW_025965442.1_RagTag:49839-49393     -            149 12499at314147        -            682   6.8e-06   21.2  15.0   3   3   2.4e-05   0.00054   14.9   1.6   601   642    99   141    92   146 0.86 -
contig_10031_pilon:1322-846           -            159 12499at314147        -            682     8e-06   21.0  19.2   1   3       1.6        37   -1.0   4.6   586   641    16    72     6    79 0.75 -
contig_10031_pilon:1322-846           -            159 12499at314147        -            682     8e-06   21.0  19.2   2   3   5.7e-05    0.0013   13.7   8.3   569   632    56   117    28   120 0.74 -
contig_10031_pilon:1322-846           -            159 12499at314147        -            682     8e-06   21.0  19.2   3   3   1.1e-05   0.00024   16.1   2.7   600   641   113   155   112   159 0.89 -
NW_025965341.1_RagTag:106501-107016   -            172 12499at314147        -            682     1e-05   20.6  16.7   1   4   0.00019    0.0043   12.0   0.7   603   641     3    42     1    43 0.85 -
NW_025965341.1_RagTag:106501-107016   -            172 12499at314147        -            682     1e-05   20.6  16.7   2   4     0.016      0.37    5.6   0.6   607   641    35    70    29    75 0.81 -
NW_025965341.1_RagTag:106501-107016   -            172 12499at314147        -            682     1e-05   20.6  16.7   3   4    0.0013      0.03    9.2   4.8   591   641    76   126    63   127 0.80 -
NW_025965341.1_RagTag:106501-107016   -            172 12499at314147        -            682     1e-05   20.6  16.7   4   4   0.00073     0.017   10.0   4.8   576   632    89   144    80   171 0.66 -
NW_025965468.1_RagTag:9322-9071       -             84 12499at314147        -            682   1.7e-05   19.9   5.1   1   1   7.9e-07   1.8e-05   19.8   4.7   592   642     3    58     1    82 0.79 -
NW_025965436.1_RagTag:1558-722        -            279 12499at314147        -            682   3.2e-05   19.0  51.3   1   5     0.033      0.75    4.5   3.0   609   642     1    35     1    37 0.87 -
NW_025965436.1_RagTag:1558-722        -            279 12499at314147        -            682   3.2e-05   19.0  51.3   2   5   0.00027    0.0062   11.4   2.8   603   642    79   119    74   132 0.85 -
NW_025965436.1_RagTag:1558-722        -            279 12499at314147        -            682   3.2e-05   19.0  51.3   3   5    0.0014     0.031    9.1   8.9   574   643   135   204   124   215 0.76 -
NW_025965436.1_RagTag:1558-722        -            279 12499at314147        -            682   3.2e-05   19.0  51.3   4   5   0.00013     0.003   12.5   3.8   596   642   184   231   181   235 0.89 -
NW_025965436.1_RagTag:1558-722        -            279 12499at314147        -            682   3.2e-05   19.0  51.3   5   5    0.0085      0.19    6.5   7.6   603   658   219   271   207   279 0.74 -
contig_18339_pilon:483-968            -            162 12499at314147        -            682   3.2e-05   19.0  27.4   1   4    0.0012     0.027    9.3   4.7   599   641    30    73    14    74 0.77 -
contig_18339_pilon:483-968            -            162 12499at314147        -            682   3.2e-05   19.0  27.4   2   4    0.0099      0.23    6.3   0.9   603   631    62    90    60    94 0.86 -
contig_18339_pilon:483-968            -            162 12499at314147        -            682   3.2e-05   19.0  27.4   3   4    0.0029     0.065    8.0   7.8   588   631    72   118    68   121 0.73 -
contig_18339_pilon:483-968            -            162 12499at314147        -            682   3.2e-05   19.0  27.4   4   4   0.00035     0.008   11.1   2.3   603   641   118   157   115   161 0.84 -
contig_83186_pilon:2808-2119          -            230 12499at314147        -            682   3.3e-05   19.0  19.9   1   3     0.008      0.18    6.6   2.1   586   625     9    48     2    52 0.81 -
contig_83186_pilon:2808-2119          -            230 12499at314147        -            682   3.3e-05   19.0  19.9   2   3   0.00078     0.018    9.9   0.5   602   631   137   166   119   170 0.82 -
contig_83186_pilon:2808-2119          -            230 12499at314147        -            682   3.3e-05   19.0  19.9   3   3   0.00027    0.0062   11.4   4.1   603   654   166   218   164   228 0.70 -
NW_025965071.1_RagTag:26238-26928     -            176 12499at314147        -            682   3.4e-05   18.9  14.9   1   3     0.044         1    4.1   0.8   602   619    40    57    10    69 0.70 -
NW_025965071.1_RagTag:26238-26928     -            176 12499at314147        -            682   3.4e-05   18.9  14.9   2   3   0.00016    0.0036   12.2   0.1   595   631    89   125    80   128 0.84 -
NW_025965071.1_RagTag:26238-26928     -            176 12499at314147        -            682   3.4e-05   18.9  14.9   3   3   0.00063     0.014   10.2   3.9   603   642   125   165   123   173 0.86 -
contig_31119_pilon:1872-1279          -            198 12499at314147        -            682   4.6e-05   18.4  13.1   1   3      0.56        13    0.5   0.1   601   641    24    66     6    72 0.79 -
contig_31119_pilon:1872-1279          -            198 12499at314147        -            682   4.6e-05   18.4  13.1   2   3   0.00011    0.0026   12.7   0.5   594   647    74   128    57   137 0.76 -
contig_31119_pilon:1872-1279          -            198 12499at314147        -            682   4.6e-05   18.4  13.1   3   3   0.00026    0.0059   11.5   3.6   603   659   139   192   128   198 0.64 -
NW_025965318.1_RagTag:51761-52207     -            149 12499at314147        -            682   5.4e-05   18.2   5.7   1   2    0.0001    0.0023   12.8   1.1   607   650    36    80    31    90 0.85 -
NW_025965318.1_RagTag:51761-52207     -            149 12499at314147        -            682   5.4e-05   18.2   5.7   2   2    0.0028     0.063    8.1   0.3   607   642    92   128    79   147 0.75 -
NW_025965039.1_RagTag:250966-250448   -            173 12499at314147        -            682   0.00011   17.2   4.3   1   3     0.046         1    4.1   0.3   600   641    47    92    32    94 0.69 -
NW_025965039.1_RagTag:250966-250448   -            173 12499at314147        -            682   0.00011   17.2   4.3   2   3    0.0022      0.05    8.4   2.0   577   646    56   125    48   137 0.68 -
NW_025965039.1_RagTag:250966-250448   -            173 12499at314147        -            682   0.00011   17.2   4.3   3   3    0.0009     0.021    9.7   0.4   580   631   115   165   108   173 0.74 -
contig_53583_pilon:2068-1598          -            157 12499at314147        -            682   0.00012   17.1  18.8   1   2    0.0095      0.22    6.3   8.7   576   642    14    80     7    94 0.70 -
contig_53583_pilon:2068-1598          -            157 12499at314147        -            682   0.00012   17.1  18.8   2   2    0.0007     0.016   10.1   4.5   569   631    91   152    82   155 0.75 -
NW_025965341.1_RagTag:44730-43969     -            254 12499at314147        -            682   0.00029   15.8  18.5   1   3    0.0031     0.071    7.9   0.7   603   642    59    99    43   131 0.77 -
NW_025965341.1_RagTag:44730-43969     -            254 12499at314147        -            682   0.00029   15.8  18.5   2   3    0.0018     0.041    8.7   1.7   603   642   143   183   136   201 0.77 -
NW_025965341.1_RagTag:44730-43969     -            254 12499at314147        -            682   0.00029   15.8  18.5   3   3    0.0042     0.096    7.5   5.6   599   642   195   239   176   251 0.73 -
NW_025965215.1_RagTag:22972-21674     -            433 12499at314147        -            682    0.0004   15.4  34.6   1   4   2.3e-05   0.00053   15.0   1.1   566   631   230   294   201   297 0.79 -
NW_025965215.1_RagTag:22972-21674     -            433 12499at314147        -            682    0.0004   15.4  34.6   2   4     0.025      0.56    5.0   0.5   604   641   295   332   286   336 0.49 -
NW_025965215.1_RagTag:22972-21674     -            433 12499at314147        -            682    0.0004   15.4  34.6   3   4   2.8e-05   0.00063   14.7   9.4   572   655   319   402   306   407 0.86 -
NW_025965215.1_RagTag:22972-21674     -            433 12499at314147        -            682    0.0004   15.4  34.6   4   4     0.082       1.9    3.2   1.2   603   631   405   433   401   433 0.81 -
NW_025965279.1_RagTag:100214-99645    -            190 12499at314147        -            682   0.00043   15.3  11.1   1   2   0.00013     0.003   12.5   6.8   599   645    85   132    63   159 0.76 -
NW_025965279.1_RagTag:100214-99645    -            190 12499at314147        -            682   0.00043   15.3  11.1   2   2     0.034      0.77    4.5   0.1   603   620   172   189   156   190 0.80 -
NW_025965300.1_RagTag:165512-166000   -            163 12499at314147        -            682    0.0012   13.8   0.8   1   1   6.7e-05    0.0015   13.4   0.8   575   627   111   162   106   163 0.83 -
NW_025965341.1_RagTag:99789-100445    -            219 12499at314147        -            682    0.0016   13.4   0.3   1   3       1.7        39   -1.1   0.0   607   636    24    53     6    65 0.72 -
NW_025965341.1_RagTag:99789-100445    -            219 12499at314147        -            682    0.0016   13.4   0.3   2   3     0.028      0.64    4.8   0.0   608   633    83   108    70   119 0.89 -
NW_025965341.1_RagTag:99789-100445    -            219 12499at314147        -            682    0.0016   13.4   0.3   3   3     0.016      0.36    5.6   0.0   608   632   166   190   159   210 0.88 -
contig_78026_pilon:1103-2245          -            381 12499at314147        -            682    0.0036   12.2  21.8   1   5      0.15       3.5    2.3   1.1   608   659    29    82     3    89 0.77 -
contig_78026_pilon:1103-2245          -            381 12499at314147        -            682    0.0036   12.2  21.8   2   5     0.021      0.48    5.2   0.9   605   642   146   184   141   197 0.84 -
contig_78026_pilon:1103-2245          -            381 12499at314147        -            682    0.0036   12.2  21.8   3   5      0.14       3.1    2.5   0.1   603   635   200   232   186   239 0.84 -
contig_78026_pilon:1103-2245          -            381 12499at314147        -            682    0.0036   12.2  21.8   4   5    0.0015     0.034    9.0   0.4   609   655   273   316   265   327 0.79 -
contig_78026_pilon:1103-2245          -            381 12499at314147        -            682    0.0036   12.2  21.8   5   5     0.026       0.6    4.9   0.1   582   630   331   378   321   380 0.78 -
NW_025965344.1_RagTag:898-710         -             63 12499at314147        -            682    0.0038   12.1   0.0   1   1   0.00017    0.0039   12.1   0.0   601   631    27    57    12    61 0.84 -
NW_025965432.1_RagTag:501802-502290   -            163 12499at314147        -            682      0.01   10.7  10.9   1   3         1        23   -0.4   0.0   608   639    16    48    11    57 0.80 -
NW_025965432.1_RagTag:501802-502290   -            163 12499at314147        -            682      0.01   10.7  10.9   2   3      0.59        13    0.4   0.2   607   644    71   109    54   122 0.69 -
NW_025965432.1_RagTag:501802-502290   -            163 12499at314147        -            682      0.01   10.7  10.9   3   3   0.00014    0.0032   12.4   5.6   601   641   118   159   103   162 0.82 -
NW_025965375.1_RagTag:139930-139190   -            247 12499at314147        -            682     0.015   10.1  22.6   1   3     0.087         2    3.1   8.0   602   667    63   129    53   144 0.85 -
NW_025965375.1_RagTag:139930-139190   -            247 12499at314147        -            682     0.015   10.1  22.6   2   3     0.043      0.98    4.2   0.5   596   631   168   203   160   207 0.84 -
NW_025965375.1_RagTag:139930-139190   -            247 12499at314147        -            682     0.015   10.1  22.6   3   3   0.00017    0.0039   12.1   3.8   586   641   186   242   175   246 0.73 -
NW_025965297.1_RagTag:247529-248653   -            301 12499at314147        -            682       2.6    2.8  11.7   1   2    0.0053      0.12    7.2   5.7   578   654    70   146    64   154 0.80 -
NW_025965297.1_RagTag:247529-248653   -            301 12499at314147        -            682       2.6    2.8  11.7   2   2       3.8        86   -2.3   0.3    10    35   269   294   265   296 0.83 -
#
# Program:         hmmsearch
# Version:         3.1b2 (February 2015)
# Pipeline mode:   SEARCH
# Query file:      /home/bgerda/guppy_SUP/busco_downloads/lineages/glires_odb10/hmms/12499at314147.hmm
# Target file:     /home/bgerda/guppy_SUP/busco_results_racon/run_glires_odb10/metaeuk_output/initial_results/ragtag.scaffold.fasta.modified.fas
# Option settings: hmmsearch --domtblout /home/bgerda/guppy_SUP/busco_results_racon/run_glires_odb10/hmmer_output/initial_run_results/12499at314147.out --cpu 1 /home/bgerda/guppy_SUP/busco_downloads/lineages/glires_odb10/hmms/12499at314147.hmm /home/bgerda/guppy_SUP/busco_results_racon/run_glires_odb10/metaeuk_output/initial_results/ragtag.scaffold.fasta.modified.fas 
# Current dir:     /home/bgerda/guppy_SUP
# Date:            Sun May 21 17:05:43 2023
# [ok]
