#                                                                                             --- full sequence --- -------------- this domain -------------   hmm coord   ali coord   env coord
# target name                         accession   tlen query name           accession   qlen   E-value  score  bias   #  of  c-Evalue  i-Evalue  score  bias  from    to  from    to  from    to  acc description of target
#                 ------------------- ---------- ----- -------------------- ---------- ----- --------- ------ ----- --- --- --------- --------- ------ ----- ----- ----- ----- ----- ----- ----- ---- ---------------------
NW_025965287.1_RagTag:800819-799737   -            361 14035at314147        -            512     6e-27   90.7  19.8   1   3   3.7e-10   4.7e-08   28.4   0.4   126   263    18   157    12   158 0.86 -
NW_025965287.1_RagTag:800819-799737   -            361 14035at314147        -            512     6e-27   90.7  19.8   2   3   3.4e-16   4.4e-14   48.3   3.9   164   335    81   254    74   256 0.86 -
NW_025965287.1_RagTag:800819-799737   -            361 14035at314147        -            512     6e-27   90.7  19.8   3   3   2.5e-13   3.2e-11   38.8   2.0   163   290   224   350   221   361 0.88 -
NW_025965287.1_RagTag:802961-802386   -            192 14035at314147        -            512   1.1e-15   53.6   1.4   1   1   2.6e-14   3.3e-12   42.1   0.5   211   318    39   147    31   151 0.89 -
NW_025965140.1_RagTag:194226-195287   -            354 14035at314147        -            512   8.5e-12   40.7   0.1   1   2     1e-10   1.3e-08   30.2   0.1   136   308    38   216    31   227 0.71 -
NW_025965140.1_RagTag:194226-195287   -            354 14035at314147        -            512   8.5e-12   40.7   0.1   2   2    0.0017      0.22    6.3   0.0   167   229   242   303   227   311 0.77 -
NW_025965028.1_RagTag:53297-54208     -            304 14035at314147        -            512   2.5e-10   35.9   5.8   1   2   2.4e-11   3.1e-09   32.3   1.3   160   316    55   207    49   212 0.71 -
NW_025965028.1_RagTag:53297-54208     -            304 14035at314147        -            512   2.5e-10   35.9   5.8   2   2    0.0028      0.36    5.6   0.2   422   460   213   251   208   261 0.80 -
NW_025965230.1_RagTag:694060-694533   -            158 14035at314147        -            512   4.1e-09   31.9   1.0   1   1   1.9e-10   2.4e-08   29.3   1.0   128   265     4   145     2   153 0.86 -
NW_025965233.1_RagTag:1527483-1527755 -             91 14035at314147        -            512   5.7e-08   28.1   0.0   1   1   1.1e-09   1.4e-07   26.8   0.0   160   232     2    72     1    88 0.83 -
NW_025965324.1_RagTag:3746853-3746134 -            240 14035at314147        -            512   1.2e-07   27.0   0.0   1   1   2.2e-09   2.9e-07   25.8   0.0   129   267    51   192    40   217 0.79 -
NW_025965319.1_RagTag:936680-934538   -            651 14035at314147        -            512   1.4e-07   26.8   0.9   1   2   1.6e-09     2e-07   26.3   0.2   152   287   152   286   124   311 0.77 -
NW_025965319.1_RagTag:936680-934538   -            651 14035at314147        -            512   1.4e-07   26.8   0.9   2   2       1.1   1.5e+02   -3.0   0.0   345   374   425   454   408   456 0.72 -
NW_025965322.1_RagTag:1889052-1889456 -            135 14035at314147        -            512   1.7e-07   26.6   0.0   1   1   6.5e-08   8.3e-06   20.9   0.0   162   261     2   110     1   110 0.71 -
NW_025965301.1_RagTag:529721-528217   -            499 14035at314147        -            512   9.3e-06   20.8   4.0   1   1   2.2e-06   0.00028   15.9   1.5   370   458    81   165    81   175 0.85 -
NW_025965298.1_RagTag:1878200-1877439 -            254 14035at314147        -            512   0.00098   14.1   0.5   1   1   1.2e-05    0.0015   13.5   0.5   204   282    44   127    13   135 0.78 -
#
# Program:         hmmsearch
# Version:         3.1b2 (February 2015)
# Pipeline mode:   SEARCH
# Query file:      /home/bgerda/guppy_SUP/busco_downloads/lineages/glires_odb10/hmms/14035at314147.hmm
# Target file:     /home/bgerda/guppy_SUP/busco_results_racon/run_glires_odb10/metaeuk_output/initial_results/ragtag.scaffold.fasta.modified.fas
# Option settings: hmmsearch --domtblout /home/bgerda/guppy_SUP/busco_results_racon/run_glires_odb10/hmmer_output/initial_run_results/14035at314147.out --cpu 1 /home/bgerda/guppy_SUP/busco_downloads/lineages/glires_odb10/hmms/14035at314147.hmm /home/bgerda/guppy_SUP/busco_results_racon/run_glires_odb10/metaeuk_output/initial_results/ragtag.scaffold.fasta.modified.fas 
# Current dir:     /home/bgerda/guppy_SUP
# Date:            Sun May 21 17:05:40 2023
# [ok]
