#                                                                                             --- full sequence --- -------------- this domain -------------   hmm coord   ali coord   env coord
# target name                         accession   tlen query name           accession   qlen   E-value  score  bias   #  of  c-Evalue  i-Evalue  score  bias  from    to  from    to  from    to  acc description of target
#                 ------------------- ---------- ----- -------------------- ---------- ----- --------- ------ ----- --- --- --------- --------- ------ ----- ----- ----- ----- ----- ----- ----- ---- ---------------------
contig_66008_pilon:1779-2636          -            286 14334at314147        -            478   1.1e-53  178.8   0.0   1   1     2e-55   1.4e-53  178.4   0.0     3   238     6   236     4   246 0.96 -
NW_025965499.1_RagTag:3791-2706       -            362 14334at314147        -            478   7.6e-48  159.5   0.3   1   1   2.2e-49   1.5e-47  158.5   0.2     6   236    41   267    36   279 0.96 -
NW_025965099.1_RagTag:14363-15274     -            304 14334at314147        -            478   2.2e-47  158.0   0.4   1   1   3.9e-49   2.7e-47  157.7   0.4     5   236    50   277    46   289 0.95 -
NW_025965233.1_RagTag:114859-113462   -            466 14334at314147        -            478   2.4e-47  157.9   0.0   1   1   4.6e-49   3.3e-47  157.4   0.0    30   256    50   276    28   304 0.90 -
contig_37224_pilon:1693-2424          -            244 14334at314147        -            478   1.3e-42  142.3   0.1   1   1     2e-44   1.4e-42  142.1   0.1     3   230    20   243    18   244 0.97 -
contig_31429_pilon:462-998            -            179 14334at314147        -            478   1.8e-37  125.3   0.2   1   1   2.8e-39     2e-37  125.2   0.2    60   236     1   179     1   179 0.97 -
contig_34309_pilon:592-2              -            197 14334at314147        -            478   3.4e-29   98.0   0.0   1   1   5.3e-31   3.7e-29   97.9   0.0     6   175    32   197    27   197 0.94 -
contig_34501_pilon:2271-1564          -            236 14334at314147        -            478     1e-25   86.5   0.0   1   1   1.6e-27   1.1e-25   86.4   0.0    58   218     1   161     1   201 0.90 -
NW_025965218.1_RagTag:1578470-1576498 -            278 14334at314147        -            478   1.9e-23   79.1   0.0   1   1   3.8e-25   2.7e-23   78.6   0.0   134   295   103   270    86   276 0.82 -
NW_025965279.1_RagTag:78582-79082     -            167 14334at314147        -            478   3.1e-19   65.2   0.0   1   1   5.1e-21   3.6e-19   65.0   0.0    85   234     7   159     3   166 0.85 -
contig_18707_pilon:1317-1844          -            176 14334at314147        -            478   1.4e-16   56.4   0.0   1   1   2.2e-18   1.6e-16   56.2   0.0    81   218     3   140     1   151 0.92 -
NW_025965548.1_RagTag:8433-1774       -            515 14334at314147        -            478   3.1e-15   52.0   0.0   1   1   6.9e-17   4.9e-15   51.3   0.0    32   197   282   466   267   502 0.83 -
NW_025965072.1_RagTag:97023-94742     -            255 14334at314147        -            478   5.7e-14   47.8   0.0   1   1   1.1e-15   8.1e-14   47.3   0.0    28   182    10   166     3   171 0.86 -
NW_025965313.1_RagTag:82152-83454     -            215 14334at314147        -            478   2.9e-11   38.9   0.0   1   1   4.8e-13   3.4e-11   38.7   0.0    31   161    82   213    60   215 0.77 -
NW_025965240.1_RagTag:95899-92013     -            305 14334at314147        -            478   7.8e-09   30.9   0.6   1   1   1.4e-10   9.8e-09   30.5   0.6    31   109   227   305   215   305 0.92 -
NW_025965309.1_RagTag:3330510-3327790 -            323 14334at314147        -            478   1.9e-07   26.3   0.0   1   1   4.4e-09   3.1e-07   25.6   0.0    28   176   146   312   123   320 0.74 -
NW_025965401.1_RagTag:63455-65494     -            216 14334at314147        -            478   0.00048   15.1   0.0   1   1     1e-05   0.00072   14.5   0.0    85   198    21   143     8   152 0.74 -
NW_025965352.1_RagTag:102445-104127   -            319 14334at314147        -            478   0.00085   14.3   0.0   1   1   1.5e-05    0.0011   13.9   0.0   132   226   204   305    61   315 0.78 -
NW_025965039.1_RagTag:226766-224869   -            386 14334at314147        -            478    0.0039   12.1   0.0   1   1   7.5e-05    0.0053   11.6   0.0    83   131    40    92    11   115 0.77 -
NW_025965302.1_RagTag:51838-52392     -            109 14334at314147        -            478    0.0043   11.9   0.3   1   1   6.9e-05    0.0049   11.7   0.3   152   221    36   105    20   108 0.89 -
#
# Program:         hmmsearch
# Version:         3.1b2 (February 2015)
# Pipeline mode:   SEARCH
# Query file:      /home/bgerda/guppy_SUP/busco_downloads/lineages/glires_odb10/hmms/14334at314147.hmm
# Target file:     /home/bgerda/guppy_SUP/busco_results_racon/run_glires_odb10/metaeuk_output/initial_results/ragtag.scaffold.fasta.modified.fas
# Option settings: hmmsearch --domtblout /home/bgerda/guppy_SUP/busco_results_racon/run_glires_odb10/hmmer_output/initial_run_results/14334at314147.out --cpu 1 /home/bgerda/guppy_SUP/busco_downloads/lineages/glires_odb10/hmms/14334at314147.hmm /home/bgerda/guppy_SUP/busco_results_racon/run_glires_odb10/metaeuk_output/initial_results/ragtag.scaffold.fasta.modified.fas 
# Current dir:     /home/bgerda/guppy_SUP
# Date:            Sun May 21 17:05:41 2023
# [ok]
