#                                                                                             --- full sequence --- -------------- this domain -------------   hmm coord   ali coord   env coord
# target name                         accession   tlen query name           accession   qlen   E-value  score  bias   #  of  c-Evalue  i-Evalue  score  bias  from    to  from    to  from    to  acc description of target
#                 ------------------- ---------- ----- -------------------- ---------- ----- --------- ------ ----- --- --- --------- --------- ------ ----- ----- ----- ----- ----- ----- ----- ---- ---------------------
NW_025965313.1_RagTag:82152-83454     -            215 14934at314147        -            432   1.3e-44  148.9   0.0   1   1   2.3e-46   1.5e-44  148.7   0.0   144   336     2   206     1   211 0.89 -
NW_025965548.1_RagTag:8433-1774       -            515 14934at314147        -            432   1.9e-41  138.5   0.0   1   1   4.1e-43   2.6e-41  138.0   0.0   215   424   280   514   272   515 0.83 -
NW_025965309.1_RagTag:3330510-3327790 -            323 14934at314147        -            432   1.3e-33  112.7   0.0   1   1   3.3e-35   2.1e-33  112.0   0.0   159   367    82   322    61   323 0.79 -
NW_025965222.1_RagTag:185086-183102   -            116 14934at314147        -            432   1.4e-24   82.9   0.0   1   1   2.4e-26   1.6e-24   82.8   0.0   327   420     1    94     1   105 0.92 -
NW_025965233.1_RagTag:114859-113462   -            466 14934at314147        -            432   9.5e-21   70.3   0.0   1   1     2e-22   1.3e-20   69.8   0.0   175   411    10   248     4   258 0.83 -
NW_025965287.1_RagTag:72767-73151     -             93 14934at314147        -            432   2.3e-20   69.0   0.1   1   1   3.8e-22   2.4e-20   68.9   0.1   324   418     2    90     1    93 0.91 -
contig_37224_pilon:1693-2424          -            244 14934at314147        -            432   2.5e-18   62.3   0.0   1   1   4.3e-20   2.8e-18   62.2   0.0   175   408     2   238     1   243 0.78 -
contig_34309_pilon:592-2              -            197 14934at314147        -            432   4.5e-18   61.5   0.0   1   1   7.6e-20   4.9e-18   61.4   0.0   167   353     3   194     1   197 0.82 -
NW_025965499.1_RagTag:3791-2706       -            362 14934at314147        -            432   1.5e-17   59.7   0.0   1   1   3.3e-19   2.1e-17   59.3   0.0   169   367    14   216     8   244 0.84 -
contig_66008_pilon:1779-2636          -            286 14934at314147        -            432   3.6e-17   58.5   0.0   1   1   7.8e-19     5e-17   58.0   0.0   196   411    10   226     5   232 0.85 -
NW_025965099.1_RagTag:14363-15274     -            304 14934at314147        -            432   4.7e-17   58.1   0.1   1   1   8.6e-19   5.5e-17   57.9   0.1   169   366    24   225     4   274 0.79 -
NW_025965334.1_RagTag:171576-171430   -             49 14934at314147        -            432     2e-16   56.1   0.2   1   1   3.3e-18   2.1e-16   56.0   0.2   324   372     1    49     1    49 0.98 -
NW_025965066.1_RagTag:85339-85662     -             64 14934at314147        -            432   3.7e-16   55.2   0.0   1   1   6.3e-18     4e-16   55.0   0.0   325   379     1    55     1    60 0.94 -
NW_025965595.1_RagTag:842-3454        -            871 14934at314147        -            432   1.2e-15   53.5   0.0   1   2   6.5e-07   4.2e-05   18.7   0.0    64   151     1    82     1   100 0.84 -
NW_025965595.1_RagTag:842-3454        -            871 14934at314147        -            432   1.2e-15   53.5   0.0   2   2   5.2e-11   3.4e-09   32.2   0.0    62   149   105   196    95   208 0.86 -
contig_31429_pilon:462-998            -            179 14934at314147        -            432     2e-13   46.2   0.0   1   1   3.6e-15   2.3e-13   46.0   0.0   245   410     2   170     1   176 0.85 -
NW_025965279.1_RagTag:78582-79082     -            167 14934at314147        -            432   4.2e-12   41.8   0.0   1   1   7.5e-14   4.8e-12   41.6   0.0   269   357     5    97     1   118 0.87 -
NW_025965352.1_RagTag:102445-104127   -            319 14934at314147        -            432   1.9e-11   39.6   0.0   1   1   1.3e-12   8.1e-11   37.6   0.0   213   419    84   315    52   318 0.60 -
contig_34501_pilon:2271-1564          -            236 14934at314147        -            432   2.9e-08   29.1   0.0   1   1   4.6e-10     3e-08   29.1   0.0   273   377    30   137     1   186 0.75 -
NW_025965401.1_RagTag:63455-65494     -            216 14934at314147        -            432   3.2e-05   19.1   0.0   1   1   7.6e-07   4.9e-05   18.5   0.0   269   374    21   137     2   146 0.67 -
NW_025965321.1_RagTag:2875545-2875694 -             50 14934at314147        -            432   5.4e-05   18.4   0.0   1   1   9.3e-07   5.9e-05   18.2   0.0   307   346     2    50     1    50 0.82 -
NW_025965240.1_RagTag:95899-92013     -            305 14934at314147        -            432   0.00039   15.5   0.4   1   1     8e-06   0.00051   15.2   0.4   211   295   222   305   218   305 0.83 -
contig_18707_pilon:1317-1844          -            176 14934at314147        -            432    0.0018   13.3   0.0   1   1   3.3e-05    0.0021   13.1   0.0   279   386    15   125     6   161 0.77 -
#
# Program:         hmmsearch
# Version:         3.1b2 (February 2015)
# Pipeline mode:   SEARCH
# Query file:      /home/bgerda/guppy_SUP/busco_downloads/lineages/glires_odb10/hmms/14934at314147.hmm
# Target file:     /home/bgerda/guppy_SUP/busco_results_racon/run_glires_odb10/metaeuk_output/initial_results/ragtag.scaffold.fasta.modified.fas
# Option settings: hmmsearch --domtblout /home/bgerda/guppy_SUP/busco_results_racon/run_glires_odb10/hmmer_output/initial_run_results/14934at314147.out --cpu 1 /home/bgerda/guppy_SUP/busco_downloads/lineages/glires_odb10/hmms/14934at314147.hmm /home/bgerda/guppy_SUP/busco_results_racon/run_glires_odb10/metaeuk_output/initial_results/ragtag.scaffold.fasta.modified.fas 
# Current dir:     /home/bgerda/guppy_SUP
# Date:            Sun May 21 17:05:43 2023
# [ok]
