#                                                                                             --- full sequence --- -------------- this domain -------------   hmm coord   ali coord   env coord
# target name                         accession   tlen query name           accession   qlen   E-value  score  bias   #  of  c-Evalue  i-Evalue  score  bias  from    to  from    to  from    to  acc description of target
#                 ------------------- ---------- ----- -------------------- ---------- ----- --------- ------ ----- --- --- --------- --------- ------ ----- ----- ----- ----- ----- ----- ----- ---- ---------------------
NW_025965028.1_RagTag:53297-54208     -            304 15688at314147        -            453   6.1e-26   87.6  28.6   1   3   1.7e-12   2.6e-10   36.1   1.5   207   311    65   171    55   171 0.86 -
NW_025965028.1_RagTag:53297-54208     -            304 15688at314147        -            453   6.1e-26   87.6  28.6   2   3   1.1e-14   1.8e-12   43.2   7.6   221   335   125   242   121   245 0.87 -
NW_025965028.1_RagTag:53297-54208     -            304 15688at314147        -            453   6.1e-26   87.6  28.6   3   3   5.6e-12   8.7e-10   34.3   4.2   218   313   168   265   165   270 0.90 -
NW_025965287.1_RagTag:800819-799737   -            361 15688at314147        -            453   9.9e-15   50.6  16.0   1   3      0.41        64   -1.5   0.0   317   359    39    81    33    89 0.79 -
NW_025965287.1_RagTag:800819-799737   -            361 15688at314147        -            453   9.9e-15   50.6  16.0   2   3     6e-11   9.3e-09   30.9   5.3   220   324   125   235   108   245 0.87 -
NW_025965287.1_RagTag:800819-799737   -            361 15688at314147        -            453   9.9e-15   50.6  16.0   3   3   1.7e-09   2.6e-07   26.2   1.7   217   326   239   357   232   360 0.83 -
NW_025965287.1_RagTag:802961-802386   -            192 15688at314147        -            453     6e-09   31.6   1.4   1   1   4.5e-11     7e-09   31.4   1.4   228   340    67   188    42   191 0.82 -
NW_025965230.1_RagTag:694060-694533   -            158 15688at314147        -            453   4.1e-08   28.8   2.2   1   1   3.2e-10     5e-08   28.5   1.6   218   296    61   144    46   150 0.84 -
NW_025965324.1_RagTag:3746853-3746134 -            240 15688at314147        -            453   1.9e-05   20.0   0.1   1   3    0.0013      0.21    6.7   0.0   221   255    84   119    71   121 0.85 -
NW_025965324.1_RagTag:3746853-3746134 -            240 15688at314147        -            453   1.9e-05   20.0   0.1   2   3   2.4e-05    0.0038   12.5   0.0   274   304   116   148   115   197 0.78 -
NW_025965324.1_RagTag:3746853-3746134 -            240 15688at314147        -            453   1.9e-05   20.0   0.1   3   3      0.16        26   -0.2   0.0   283   316   176   210   167   214 0.79 -
NW_025965140.1_RagTag:194226-195287   -            354 15688at314147        -            453   4.8e-05   18.7   0.1   1   3   2.5e-05     0.004   12.4   0.0   284   327    86   130    80   142 0.87 -
NW_025965140.1_RagTag:194226-195287   -            354 15688at314147        -            453   4.8e-05   18.7   0.1   2   3   3.4e-05    0.0054   11.9   0.0   221   325   114   225   110   242 0.75 -
NW_025965140.1_RagTag:194226-195287   -            354 15688at314147        -            453   4.8e-05   18.7   0.1   3   3     0.017       2.7    3.1   0.0   220   326   189   300   168   308 0.67 -
NW_025965319.1_RagTag:936680-934538   -            651 15688at314147        -            453     0.011   10.9   1.8   1   1   0.00013      0.02   10.0   1.8   242   335   159   258   148   286 0.52 -
NW_025965233.1_RagTag:1527483-1527755 -             91 15688at314147        -            453     0.019   10.1   0.0   1   1   0.00013      0.02   10.0   0.0   244   324     3    88     1    91 0.78 -
NW_025965301.1_RagTag:529721-528217   -            499 15688at314147        -            453     0.057    8.6   8.0   1   1    0.0012      0.18    6.9   3.8   218   263   106   152   102   171 0.77 -
#
# Program:         hmmsearch
# Version:         3.1b2 (February 2015)
# Pipeline mode:   SEARCH
# Query file:      /home/bgerda/guppy_SUP/busco_downloads/lineages/glires_odb10/hmms/15688at314147.hmm
# Target file:     /home/bgerda/guppy_SUP/busco_results_racon/run_glires_odb10/metaeuk_output/initial_results/ragtag.scaffold.fasta.modified.fas
# Option settings: hmmsearch --domtblout /home/bgerda/guppy_SUP/busco_results_racon/run_glires_odb10/hmmer_output/initial_run_results/15688at314147.out --cpu 1 /home/bgerda/guppy_SUP/busco_downloads/lineages/glires_odb10/hmms/15688at314147.hmm /home/bgerda/guppy_SUP/busco_results_racon/run_glires_odb10/metaeuk_output/initial_results/ragtag.scaffold.fasta.modified.fas 
# Current dir:     /home/bgerda/guppy_SUP
# Date:            Sun May 21 17:05:41 2023
# [ok]
