#                                                                                             --- full sequence --- -------------- this domain -------------   hmm coord   ali coord   env coord
# target name                         accession   tlen query name           accession   qlen   E-value  score  bias   #  of  c-Evalue  i-Evalue  score  bias  from    to  from    to  from    to  acc description of target
#                 ------------------- ---------- ----- -------------------- ---------- ----- --------- ------ ----- --- --- --------- --------- ------ ----- ----- ----- ----- ----- ----- ----- ---- ---------------------
NW_025965287.1_RagTag:800819-799737   -            361 1570at314147         -           1346   1.1e-37  125.3   3.6   1   3   1.2e-19     1e-17   59.0   0.0   230   388    20   179    14   183 0.96 -
NW_025965287.1_RagTag:800819-799737   -            361 1570at314147         -           1346   1.1e-37  125.3   3.6   2   3   1.4e-14   1.2e-12   42.3   1.0   278   389   164   276   161   279 0.93 -
NW_025965287.1_RagTag:800819-799737   -            361 1570at314147         -           1346   1.1e-37  125.3   3.6   3   3   4.9e-12   4.3e-10   33.8   0.1   261   353   267   360   266   361 0.93 -
NW_025965324.1_RagTag:3746853-3746134 -            240 1570at314147         -           1346   6.7e-25   82.9   0.0   1   1   9.6e-27   8.4e-25   82.5   0.0   229   406    49   228    40   237 0.92 -
NW_025965301.1_RagTag:529721-528217   -            499 1570at314147         -           1346   2.4e-23   77.7   7.2   1   2     2e-12   1.7e-10   35.1   0.4   686   787    14   118     2   121 0.86 -
NW_025965301.1_RagTag:529721-528217   -            499 1570at314147         -           1346   2.4e-23   77.7   7.2   2   2   4.1e-18   3.7e-16   53.9   1.6   264   422    61   222    40   232 0.90 -
NW_025965287.1_RagTag:802961-802386   -            192 1570at314147         -           1346   2.1e-22   74.6   0.1   1   1     3e-24   2.7e-22   74.2   0.1   227   390    22   187    13   189 0.89 -
NW_025965230.1_RagTag:694060-694533   -            158 1570at314147         -           1346   6.2e-20   66.4   0.3   1   1   8.3e-22   7.4e-20   66.2   0.3   231   375     5   152     2   156 0.94 -
NW_025965322.1_RagTag:1889052-1889456 -            135 1570at314147         -           1346   9.3e-19   62.5   0.3   1   2   3.1e-10   2.8e-08   27.8   0.1   537   608     2    73     1    77 0.77 -
NW_025965322.1_RagTag:1889052-1889456 -            135 1570at314147         -           1346   9.3e-19   62.5   0.3   2   2   6.6e-12   5.9e-10   33.4   0.0   141   192    80   131    74   135 0.91 -
NW_025965319.1_RagTag:936680-934538   -            651 1570at314147         -           1346   5.1e-17   56.8   2.2   1   2   6.1e-06   0.00054   13.6   0.2   675   756    97   187    72   189 0.65 -
NW_025965319.1_RagTag:936680-934538   -            651 1570at314147         -           1346   5.1e-17   56.8   2.2   2   2   2.1e-17   1.9e-15   51.6   0.2   269   432   166   332   163   346 0.87 -
NW_025965304.1_RagTag:236053-233843   -            737 1570at314147         -           1346   2.8e-12   41.0  19.1   1   4   0.00061     0.053    7.0   0.3   302   365     1    64     1    67 0.73 -
NW_025965304.1_RagTag:236053-233843   -            737 1570at314147         -           1346   2.8e-12   41.0  19.1   2   4     1e-06   9.2e-05   16.1   1.0   686   783    37   139    34   158 0.80 -
NW_025965304.1_RagTag:236053-233843   -            737 1570at314147         -           1346   2.8e-12   41.0  19.1   3   4    0.0032      0.28    4.6   0.8   727   793   326   393   301   402 0.63 -
NW_025965304.1_RagTag:236053-233843   -            737 1570at314147         -           1346   2.8e-12   41.0  19.1   4   4   6.3e-10   5.6e-08   26.8   2.2   710   844   381   523   376   533 0.83 -
NW_025965140.1_RagTag:194226-195287   -            354 1570at314147         -           1346   1.5e-10   35.4   0.1   1   2   7.4e-09   6.6e-07   23.3   0.0   242   369    42   173    24   206 0.76 -
NW_025965140.1_RagTag:194226-195287   -            354 1570at314147         -           1346   1.5e-10   35.4   0.1   2   2    0.0001    0.0092    9.5   0.0   262   339   209   289   195   315 0.78 -
NW_025965233.1_RagTag:1527483-1527755 -             91 1570at314147         -           1346   4.1e-10   33.8   0.0   1   1     5e-12   4.4e-10   33.8   0.0   266   350     5    90     1    91 0.90 -
NW_025965028.1_RagTag:53297-54208     -            304 1570at314147         -           1346   1.4e-09   32.1   6.2   1   2   7.2e-11   6.3e-09   29.9   2.6   685   795   101   210    64   216 0.84 -
NW_025965028.1_RagTag:53297-54208     -            304 1570at314147         -           1346   1.4e-09   32.1   6.2   2   2   0.00014     0.012    9.1   0.2   274   348   181   252   179   266 0.83 -
contig_74745_pilon:840-1613           -            258 1570at314147         -           1346   0.00014   15.5   0.2   1   1   2.1e-06   0.00018   15.2   0.2   136   203     7    77     3   110 0.85 -
NW_025965131.1_RagTag:161972-161694   -             93 1570at314147         -           1346   0.00018   15.2   0.0   1   1   2.1e-06   0.00018   15.2   0.0   358   428     4    75     1    89 0.83 -
NW_025965298.1_RagTag:1878200-1877439 -            254 1570at314147         -           1346   0.00054   13.6   0.1   1   1   7.6e-06   0.00067   13.3   0.1   268   367    26   135     9   141 0.77 -
NW_025965283.1_RagTag:55529-55365     -             55 1570at314147         -           1346     0.015    8.8   5.7   1   1   0.00017     0.015    8.8   5.7   919   957    13    54     4    55 0.63 -
NW_025965318.1_RagTag:869239-873625   -            203 1570at314147         -           1346     0.038    7.5  10.8   1   1   0.00048     0.043    7.3  10.8   857   924    22    93     3   143 0.69 -
#
# Program:         hmmsearch
# Version:         3.1b2 (February 2015)
# Pipeline mode:   SEARCH
# Query file:      /home/bgerda/guppy_SUP/busco_downloads/lineages/glires_odb10/hmms/1570at314147.hmm
# Target file:     /home/bgerda/guppy_SUP/busco_results_racon/run_glires_odb10/metaeuk_output/initial_results/ragtag.scaffold.fasta.modified.fas
# Option settings: hmmsearch --domtblout /home/bgerda/guppy_SUP/busco_results_racon/run_glires_odb10/hmmer_output/initial_run_results/1570at314147.out --cpu 1 /home/bgerda/guppy_SUP/busco_downloads/lineages/glires_odb10/hmms/1570at314147.hmm /home/bgerda/guppy_SUP/busco_results_racon/run_glires_odb10/metaeuk_output/initial_results/ragtag.scaffold.fasta.modified.fas 
# Current dir:     /home/bgerda/guppy_SUP
# Date:            Sun May 21 17:05:42 2023
# [ok]
