#                                                                                             --- full sequence --- -------------- this domain -------------   hmm coord   ali coord   env coord
# target name                         accession   tlen query name           accession   qlen   E-value  score  bias   #  of  c-Evalue  i-Evalue  score  bias  from    to  from    to  from    to  acc description of target
#                 ------------------- ---------- ----- -------------------- ---------- ----- --------- ------ ----- --- --- --------- --------- ------ ----- ----- ----- ----- ----- ----- ----- ---- ---------------------
NW_025965440.1_RagTag:12616-13782     -            389 16205at314147        -            424   2.5e-83  276.6  95.0   1   7   1.4e-15   2.6e-14   49.2   6.6   325   400     3    78     1    81 0.95 -
NW_025965440.1_RagTag:12616-13782     -            389 16205at314147        -            424   2.5e-83  276.6  95.0   2   7   4.1e-16   7.7e-15   50.9   9.3   325   402    59   135    59   140 0.95 -
NW_025965440.1_RagTag:12616-13782     -            389 16205at314147        -            424   2.5e-83  276.6  95.0   3   7   1.9e-16   3.6e-15   52.0   6.5   325   400   115   190   115   194 0.95 -
NW_025965440.1_RagTag:12616-13782     -            389 16205at314147        -            424   2.5e-83  276.6  95.0   4   7   2.8e-17   5.3e-16   54.8   6.1   325   399   143   217   136   219 0.96 -
NW_025965440.1_RagTag:12616-13782     -            389 16205at314147        -            424   2.5e-83  276.6  95.0   5   7     2e-17   3.9e-16   55.2   6.7   325   400   199   274   194   277 0.95 -
NW_025965440.1_RagTag:12616-13782     -            389 16205at314147        -            424   2.5e-83  276.6  95.0   6   7   3.6e-14   6.8e-13   44.5   5.0   325   389   255   319   255   320 0.98 -
NW_025965440.1_RagTag:12616-13782     -            389 16205at314147        -            424   2.5e-83  276.6  95.0   7   7   1.7e-16   3.2e-15   52.2   7.0   325   400   311   386   306   389 0.95 -
NW_025965271.1_RagTag:496368-615075   -            290 16205at314147        -            424     1e-82  274.6  90.7   1   7   1.8e-16   3.4e-15   52.1   3.5   324   400     2    78     1    83 0.95 -
NW_025965271.1_RagTag:496368-615075   -            290 16205at314147        -            424     1e-82  274.6  90.7   2   7   1.8e-15   3.3e-14   48.9   6.8   325   399    59   133    59   133 0.97 -
NW_025965271.1_RagTag:496368-615075   -            290 16205at314147        -            424     1e-82  274.6  90.7   3   7   1.3e-16   2.4e-15   52.6   7.8   325   400    87   162    81   168 0.94 -
NW_025965271.1_RagTag:496368-615075   -            290 16205at314147        -            424     1e-82  274.6  90.7   4   7   3.9e-15   7.3e-14   47.7   7.2   328   399   118   189   117   191 0.97 -
NW_025965271.1_RagTag:496368-615075   -            290 16205at314147        -            424     1e-82  274.6  90.7   5   7   2.4e-16   4.5e-15   51.7   7.2   325   400   143   218   138   223 0.94 -
NW_025965271.1_RagTag:496368-615075   -            290 16205at314147        -            424     1e-82  274.6  90.7   6   7   8.4e-17   1.6e-15   53.2   6.1   325   399   171   245   167   247 0.96 -
NW_025965271.1_RagTag:496368-615075   -            290 16205at314147        -            424     1e-82  274.6  90.7   7   7     3e-15   5.6e-14   48.1   4.4   325   388   227   290   222   290 0.97 -
NW_025965375.1_RagTag:139175-138555   -            207 16205at314147        -            424   1.7e-70  234.3  43.2   1   5   5.6e-15   1.1e-13   47.2   0.8   341   400     3    62     2    67 0.94 -
NW_025965375.1_RagTag:139175-138555   -            207 16205at314147        -            424   1.7e-70  234.3  43.2   2   5   3.7e-19   6.9e-18   61.0   2.2   325   400    43   118    43   122 0.96 -
NW_025965375.1_RagTag:139175-138555   -            207 16205at314147        -            424   1.7e-70  234.3  43.2   3   5   2.5e-19   4.7e-18   61.5   2.2   325   398    71   144    64   145 0.95 -
NW_025965375.1_RagTag:139175-138555   -            207 16205at314147        -            424   1.7e-70  234.3  43.2   4   5     2e-18   3.7e-17   58.6   2.8   325   390    99   164    99   168 0.96 -
NW_025965375.1_RagTag:139175-138555   -            207 16205at314147        -            424   1.7e-70  234.3  43.2   5   5   2.1e-17   3.9e-16   55.2   5.3   325   399   127   201   125   207 0.95 -
NW_025965182.1_RagTag:1639771-1640832 -            354 16205at314147        -            424   9.2e-57  189.0  38.5   1   5   1.5e-09   2.8e-08   29.3   0.2   328   396     1    69     1    77 0.95 -
NW_025965182.1_RagTag:1639771-1640832 -            354 16205at314147        -            424   9.2e-57  189.0  38.5   2   5   7.6e-14   1.4e-12   43.5   6.0   323   397    80   154    72   156 0.94 -
NW_025965182.1_RagTag:1639771-1640832 -            354 16205at314147        -            424   9.2e-57  189.0  38.5   3   5   1.2e-14   2.2e-13   46.1   2.4   339   398   152   211   149   218 0.93 -
NW_025965182.1_RagTag:1639771-1640832 -            354 16205at314147        -            424   9.2e-57  189.0  38.5   4   5   8.3e-17   1.6e-15   53.2   2.3   321   388   217   285   211   286 0.94 -
NW_025965182.1_RagTag:1639771-1640832 -            354 16205at314147        -            424   9.2e-57  189.0  38.5   5   5   1.7e-15   3.2e-14   48.9   3.9   324   397   277   350   276   353 0.95 -
contig_36320_pilon:719-1438           -            240 16205at314147        -            424   3.6e-56  187.1  74.1   1   5   6.7e-17   1.3e-15   53.5   8.3   325   400     8    83     3    86 0.95 -
contig_36320_pilon:719-1438           -            240 16205at314147        -            424   3.6e-56  187.1  74.1   2   5   8.1e-16   1.5e-14   50.0   8.7   325   400    64   139    64   143 0.96 -
contig_36320_pilon:719-1438           -            240 16205at314147        -            424   3.6e-56  187.1  74.1   3   5   3.3e-14   6.2e-13   44.7   8.9   325   400   120   195   120   197 0.97 -
contig_36320_pilon:719-1438           -            240 16205at314147        -            424   3.6e-56  187.1  74.1   4   5   2.2e-16   4.1e-15   51.8   9.1   325   399   148   222   141   223 0.96 -
contig_36320_pilon:719-1438           -            240 16205at314147        -            424   3.6e-56  187.1  74.1   5   5   1.4e-12   2.6e-11   39.3   7.1   325   388   176   239   176   240 0.98 -
NW_025965250.1_RagTag:140650-46794    -            212 16205at314147        -            424   1.9e-53  178.1  33.4   1   4   1.6e-19     3e-18   62.1   3.8   316   404    11    98     2   102 0.91 -
NW_025965250.1_RagTag:140650-46794    -            212 16205at314147        -            424   1.9e-53  178.1  33.4   2   4   3.1e-18   5.8e-17   57.9   1.6   325   390    48   113    48   119 0.95 -
NW_025965250.1_RagTag:140650-46794    -            212 16205at314147        -            424   1.9e-53  178.1  33.4   3   4     1e-18     2e-17   59.5   3.8   325   388   104   167   100   172 0.96 -
NW_025965250.1_RagTag:140650-46794    -            212 16205at314147        -            424   1.9e-53  178.1  33.4   4   4   1.6e-11     3e-10   35.8   1.5   325   377   160   212   158   212 0.92 -
contig_52188_pilon:1642-1031          -            204 16205at314147        -            424   5.7e-48  160.1  45.7   1   4     1e-12   1.9e-11   39.7   2.9   341   400     1    60     1    65 0.94 -
contig_52188_pilon:1642-1031          -            204 16205at314147        -            424   5.7e-48  160.1  45.7   2   4   5.6e-16     1e-14   50.5   7.1   325   402    41   117    41   122 0.95 -
contig_52188_pilon:1642-1031          -            204 16205at314147        -            424   5.7e-48  160.1  45.7   3   4   9.8e-16   1.8e-14   49.7   6.3   325   399    69   143    66   143 0.97 -
contig_52188_pilon:1642-1031          -            204 16205at314147        -            424   5.7e-48  160.1  45.7   4   4   2.3e-18   4.2e-17   58.4   5.6   325   400   125   200   119   204 0.95 -
contig_64050_pilon:924-1673           -            250 16205at314147        -            424   2.1e-47  158.2  46.8   1   4   5.4e-15     1e-13   47.2   5.5   325   397     2    74     1    74 0.97 -
contig_64050_pilon:924-1673           -            250 16205at314147        -            424   2.1e-47  158.2  46.8   2   4   1.1e-15   2.2e-14   49.5   6.0   325   397    58   130    58   131 0.95 -
contig_64050_pilon:924-1673           -            250 16205at314147        -            424   2.1e-47  158.2  46.8   3   4   2.7e-15   5.2e-14   48.2   4.3   328   397   117   186   116   186 0.98 -
contig_64050_pilon:924-1673           -            250 16205at314147        -            424   2.1e-47  158.2  46.8   4   4   1.4e-16   2.6e-15   52.5   7.1   325   400   170   245   170   249 0.96 -
NW_025965250.1_RagTag:230438-229587   -            284 16205at314147        -            424   7.2e-47  156.5  73.0   1   5   5.7e-16   1.1e-14   50.5   6.6   324   399     9    84     4    85 0.95 -
NW_025965250.1_RagTag:230438-229587   -            284 16205at314147        -            424   7.2e-47  156.5  73.0   2   5   2.6e-13   4.8e-12   41.7  10.0   325   400    66   141    65   146 0.95 -
NW_025965250.1_RagTag:230438-229587   -            284 16205at314147        -            424   7.2e-47  156.5  73.0   3   5   2.8e-12   5.3e-11   38.3  10.4   325   400    94   169    93   172 0.96 -
NW_025965250.1_RagTag:230438-229587   -            284 16205at314147        -            424   7.2e-47  156.5  73.0   4   5   1.9e-13   3.7e-12   42.1   6.7   325   399   150   224   145   225 0.95 -
NW_025965250.1_RagTag:230438-229587   -            284 16205at314147        -            424   7.2e-47  156.5  73.0   5   5   7.1e-12   1.3e-10   37.0   7.3   328   400   209   281   208   284 0.96 -
NW_025965432.1_RagTag:502378-503097   -            240 16205at314147        -            424     5e-46  153.7  32.2   1   3   1.3e-14   2.5e-13   46.0   3.4   334   400     1    67     1    73 0.94 -
NW_025965432.1_RagTag:502378-503097   -            240 16205at314147        -            424     5e-46  153.7  32.2   2   3   4.7e-20   8.8e-19   63.9   5.5   324   402    75   152    70   157 0.93 -
NW_025965432.1_RagTag:502378-503097   -            240 16205at314147        -            424     5e-46  153.7  32.2   3   3   1.1e-17     2e-16   56.1   7.8   324   400   159   235   152   239 0.94 -
NW_025965289.1_RagTag:78350-79000     -            217 16205at314147        -            424   1.5e-44  148.8  36.2   1   4   8.6e-16   1.6e-14   49.9   4.0   325   400    24    99    19   102 0.95 -
NW_025965289.1_RagTag:78350-79000     -            217 16205at314147        -            424   1.5e-44  148.8  36.2   2   4     4e-15   7.6e-14   47.7   3.9   328   400    55   127    54   132 0.97 -
NW_025965289.1_RagTag:78350-79000     -            217 16205at314147        -            424   1.5e-44  148.8  36.2   3   4   3.2e-12     6e-11   38.1   1.7   325   388    80   143    80   146 0.96 -
NW_025965289.1_RagTag:78350-79000     -            217 16205at314147        -            424   1.5e-44  148.8  36.2   4   4   3.8e-16   7.1e-15   51.0   3.5   324   400   135   211   131   216 0.95 -
NW_025965022.1_RagTag:243183-242221   -            321 16205at314147        -            424   5.2e-44  147.1  43.6   1   5   3.3e-10   6.3e-09   31.5   1.6   332   390     1    59     1    64 0.92 -
NW_025965022.1_RagTag:243183-242221   -            321 16205at314147        -            424   5.2e-44  147.1  43.6   2   5   1.4e-11   2.6e-10   36.0   1.4   325   385    50   110    50   125 0.92 -
NW_025965022.1_RagTag:243183-242221   -            321 16205at314147        -            424   5.2e-44  147.1  43.6   3   5   2.6e-14   4.9e-13   45.0   3.4   325   393   133   201   123   202 0.94 -
NW_025965022.1_RagTag:243183-242221   -            321 16205at314147        -            424   5.2e-44  147.1  43.6   4   5   2.8e-15   5.4e-14   48.2   3.3   323   397   187   261   184   261 0.95 -
NW_025965022.1_RagTag:243183-242221   -            321 16205at314147        -            424   5.2e-44  147.1  43.6   5   5   2.3e-12   4.2e-11   38.6   3.7   325   399   245   319   245   321 0.96 -
NW_025965279.1_RagTag:138661-99482    -            245 16205at314147        -            424   3.3e-42  141.1  46.7   1   4   1.8e-14   3.5e-13   45.5   2.1   341   404     1    63     1    66 0.93 -
NW_025965279.1_RagTag:138661-99482    -            245 16205at314147        -            424   3.3e-42  141.1  46.7   2   4   2.8e-15   5.3e-14   48.2   7.8   324   399    68   143    62   147 0.94 -
NW_025965279.1_RagTag:138661-99482    -            245 16205at314147        -            424   3.3e-42  141.1  46.7   3   4   2.9e-15   5.4e-14   48.1   7.6   318   401   146   228   144   231 0.92 -
NW_025965279.1_RagTag:138661-99482    -            245 16205at314147        -            424   3.3e-42  141.1  46.7   4   4   3.3e-12   6.2e-11   38.1   5.6   325   388   181   244   181   245 0.98 -
contig_52188_pilon:954-280            -            225 16205at314147        -            424   5.3e-42  140.4  28.8   1   3   1.1e-18     2e-17   59.4   5.0   325   400     8    83     3    87 0.95 -
contig_52188_pilon:954-280            -            225 16205at314147        -            424   5.3e-42  140.4  28.8   2   3   1.6e-15   3.1e-14   49.0   4.7   325   389    92   156    85   157 0.96 -
contig_52188_pilon:954-280            -            225 16205at314147        -            424   5.3e-42  140.4  28.8   3   3   3.8e-17   7.2e-16   54.3   5.5   325   400   148   223   145   225 0.96 -
contig_33351_pilon:5-592              -            196 16205at314147        -            424   9.7e-41  136.3  30.9   1   3   5.3e-17     1e-15   53.9   5.5   325   402     5    81     1    83 0.95 -
contig_33351_pilon:5-592              -            196 16205at314147        -            424   9.7e-41  136.3  30.9   2   3   3.2e-16   6.1e-15   51.3   3.2   325   389    61   125    60   130 0.96 -
contig_33351_pilon:5-592              -            196 16205at314147        -            424   9.7e-41  136.3  30.9   3   3   8.6e-18   1.6e-16   56.5   6.4   325   401   117   193   117   196 0.97 -
NW_025965317.1_RagTag:1373618-1373070 -            183 16205at314147        -            424   1.8e-40  135.4  28.9   1   3   2.4e-17   4.5e-16   55.0   3.9   325   388     7    70     2    71 0.97 -
NW_025965317.1_RagTag:1373618-1373070 -            183 16205at314147        -            424   1.8e-40  135.4  28.9   2   3     7e-18   1.3e-16   56.8   5.5   325   399    63   137    63   137 0.98 -
NW_025965317.1_RagTag:1373618-1373070 -            183 16205at314147        -            424   1.8e-40  135.4  28.9   3   3   1.9e-15   3.6e-14   48.7   3.8   327   388   121   182   121   183 0.97 -
NW_025965341.1_RagTag:8946-9722       -            259 16205at314147        -            424     5e-40  133.9  58.2   1   5     2e-06   3.9e-05   19.0   4.2   330   401    20    91    16    98 0.88 -
NW_025965341.1_RagTag:8946-9722       -            259 16205at314147        -            424     5e-40  133.9  58.2   2   5   9.3e-10   1.7e-08   30.0   5.9   328   400    46   118    37   125 0.95 -
NW_025965341.1_RagTag:8946-9722       -            259 16205at314147        -            424     5e-40  133.9  58.2   3   5   3.8e-14   7.2e-13   44.4   5.6   324   399    98   173    93   181 0.92 -
NW_025965341.1_RagTag:8946-9722       -            259 16205at314147        -            424     5e-40  133.9  58.2   4   5   4.6e-16   8.7e-15   50.8   5.3   324   399   126   201   120   201 0.96 -
NW_025965341.1_RagTag:8946-9722       -            259 16205at314147        -            424     5e-40  133.9  58.2   5   5   1.9e-13   3.5e-12   42.2   5.4   325   399   183   257   181   259 0.97 -
NW_025965358.1_RagTag:7183-6533       -            217 16205at314147        -            424   2.7e-38  128.2  30.3   1   4     1e-13   1.9e-12   43.1   1.5   351   398     6    53     2    55 0.94 -
NW_025965358.1_RagTag:7183-6533       -            217 16205at314147        -            424   2.7e-38  128.2  30.3   2   4   6.6e-12   1.2e-10   37.1   1.6   337   397    48   108    46   108 0.93 -
NW_025965358.1_RagTag:7183-6533       -            217 16205at314147        -            424   2.7e-38  128.2  30.3   3   4   2.9e-13   5.5e-12   41.5   6.4   328   399    95   166    94   167 0.97 -
NW_025965358.1_RagTag:7183-6533       -            217 16205at314147        -            424   2.7e-38  128.2  30.3   4   4   2.9e-13   5.5e-12   41.5   3.6   328   394   151   217   151   217 0.98 -
NW_025965341.1_RagTag:36059-35526     -            178 16205at314147        -            424   1.6e-37  125.7  19.5   1   3   8.5e-14   1.6e-12   43.3   0.6   337   399     2    64     1    64 0.97 -
NW_025965341.1_RagTag:36059-35526     -            178 16205at314147        -            424   1.6e-37  125.7  19.5   2   3   4.2e-18   7.9e-17   57.5   1.5   325   399    46   120    46   120 0.98 -
NW_025965341.1_RagTag:36059-35526     -            178 16205at314147        -            424   1.6e-37  125.7  19.5   3   3   3.5e-15   6.6e-14   47.9   3.6   325   398   102   175   102   178 0.94 -
NW_025965039.1_RagTag:251791-251321   -            157 16205at314147        -            424   2.6e-37  125.0  26.0   1   3   7.5e-17   1.4e-15   53.4   2.3   328   397     2    71     1    73 0.97 -
NW_025965039.1_RagTag:251791-251321   -            157 16205at314147        -            424   2.6e-37  125.0  26.0   2   3   9.2e-16   1.7e-14   49.8   3.9   325   399    55   129    55   132 0.96 -
NW_025965039.1_RagTag:251791-251321   -            157 16205at314147        -            424   2.6e-37  125.0  26.0   3   3   1.1e-14     2e-13   46.2   4.4   324   397    82   155    78   157 0.94 -
contig_18339_pilon:2-553              -            184 16205at314147        -            424   1.4e-36  122.5  32.2   1   3     2e-16   3.8e-15   51.9   6.2   325   399     6    80     2    80 0.96 -
contig_18339_pilon:2-553              -            184 16205at314147        -            424   1.4e-36  122.5  32.2   2   3     8e-15   1.5e-13   46.7   5.7   325   389    62   126    62   128 0.97 -
contig_18339_pilon:2-553              -            184 16205at314147        -            424   1.4e-36  122.5  32.2   3   3   1.4e-15   2.7e-14   49.1   4.5   325   389   118   182   117   184 0.97 -
NW_025965341.1_RagTag:124400-123816   -            195 16205at314147        -            424   1.4e-36  122.5  25.8   1   3   2.5e-13   4.7e-12   41.7   0.7   341   399     1    59     1    60 0.97 -
NW_025965341.1_RagTag:124400-123816   -            195 16205at314147        -            424   1.4e-36  122.5  25.8   2   3   2.9e-17   5.4e-16   54.7   4.5   325   400    41   116    41   123 0.95 -
NW_025965341.1_RagTag:124400-123816   -            195 16205at314147        -            424   1.4e-36  122.5  25.8   3   3   7.6e-16   1.4e-14   50.0   6.1   324   392   124   192   119   195 0.95 -
contig_10836_pilon:82-696             -            205 16205at314147        -            424   3.8e-36  121.2  41.7   1   4   5.6e-05    0.0011   14.3   0.4   369   399     1    31     1    31 0.93 -
contig_10836_pilon:82-696             -            205 16205at314147        -            424   3.8e-36  121.2  41.7   2   4   6.2e-16   1.2e-14   50.3   8.3   325   399    13    87    11    88 0.97 -
contig_10836_pilon:82-696             -            205 16205at314147        -            424   3.8e-36  121.2  41.7   3   4   3.7e-13   6.9e-12   41.2   3.4   328   399    72   143    72   144 0.98 -
contig_10836_pilon:82-696             -            205 16205at314147        -            424   3.8e-36  121.2  41.7   4   4   2.6e-16   4.9e-15   51.6   7.9   325   399   125   199   125   204 0.96 -
NW_025965215.1_RagTag:22972-21674     -            433 16205at314147        -            424   6.4e-36  120.4  21.8   1   3   1.6e-14     3e-13   45.7   1.6   317   382   238   303   224   304 0.94 -
NW_025965215.1_RagTag:22972-21674     -            433 16205at314147        -            424   6.4e-36  120.4  21.8   2   3   3.4e-13   6.3e-12   41.3   2.4   327   388   303   364   302   364 0.98 -
NW_025965215.1_RagTag:22972-21674     -            433 16205at314147        -            424   6.4e-36  120.4  21.8   3   3   1.3e-16   2.4e-15   52.6   7.0   325   399   357   431   357   433 0.97 -
contig_53583_pilon:2068-1598          -            157 16205at314147        -            424   1.8e-35  118.9  35.4   1   3   4.1e-13   7.8e-12   41.0   3.3   337   398     4    65     1    72 0.92 -
contig_53583_pilon:2068-1598          -            157 16205at314147        -            424   1.8e-35  118.9  35.4   2   3     3e-16   5.7e-15   51.4   7.6   325   399    48   122    45   123 0.97 -
contig_53583_pilon:2068-1598          -            157 16205at314147        -            424   1.8e-35  118.9  35.4   3   3   3.3e-16   6.3e-15   51.2   8.6   325   400    76   151    70   157 0.95 -
NW_025965190.1_RagTag:118118-118627   -            170 16205at314147        -            424   4.3e-35  117.7  22.6   1   3   9.4e-15   1.8e-13   46.4   0.9   333   400     2    69     1    71 0.94 -
NW_025965190.1_RagTag:118118-118627   -            170 16205at314147        -            424   4.3e-35  117.7  22.6   2   3   1.9e-13   3.5e-12   42.2   3.3   325   389    50   114    50   117 0.97 -
NW_025965190.1_RagTag:118118-118627   -            170 16205at314147        -            424   4.3e-35  117.7  22.6   3   3   1.1e-16   2.1e-15   52.8   3.7   325   388   106   169   106   170 0.98 -
NW_025965235.1_RagTag:117217-116603   -            205 16205at314147        -            424   1.2e-34  116.2  27.0   1   3   1.7e-05   0.00032   15.9   0.2   369   400     1    32     1    38 0.87 -
NW_025965235.1_RagTag:117217-116603   -            205 16205at314147        -            424   1.2e-34  116.2  27.0   2   3   1.1e-18     2e-17   59.5   6.3   325   398    41   114    36   122 0.95 -
NW_025965235.1_RagTag:117217-116603   -            205 16205at314147        -            424   1.2e-34  116.2  27.0   3   3   8.1e-16   1.5e-14   50.0   7.5   324   400   124   200   114   204 0.94 -
contig_59446_pilon:259-795            -            179 16205at314147        -            424   2.2e-34  115.3  31.4   1   3     2e-10   3.7e-09   32.2   1.8   340   392     2    54     1    56 0.94 -
contig_59446_pilon:259-795            -            179 16205at314147        -            424   2.2e-34  115.3  31.4   2   3   2.1e-17   3.9e-16   55.2   8.5   325   402    43   119    43   123 0.95 -
contig_59446_pilon:259-795            -            179 16205at314147        -            424   2.2e-34  115.3  31.4   3   3   1.2e-16   2.3e-15   52.7   5.6   325   399    99   173    99   179 0.95 -
NW_025965341.1_RagTag:72137-72748     -            204 16205at314147        -            424   5.9e-34  113.9  24.2   1   3   1.9e-14   3.6e-13   45.4   5.0   324   391    12    79     1    81 0.94 -
NW_025965341.1_RagTag:72137-72748     -            204 16205at314147        -            424   5.9e-34  113.9  24.2   2   3   1.9e-15   3.6e-14   48.7   5.5   328   397    72   141    71   141 0.96 -
NW_025965341.1_RagTag:72137-72748     -            204 16205at314147        -            424   5.9e-34  113.9  24.2   3   3   6.7e-14   1.3e-12   43.6   1.2   332   397   132   197   132   203 0.94 -
NW_025965028.1_RagTag:335459-336641   -            329 16205at314147        -            424     6e-34  113.9   6.1   1   2   1.8e-17   3.4e-16   55.4   0.3     5   121     8   126     5   142 0.82 -
NW_025965028.1_RagTag:335459-336641   -            329 16205at314147        -            424     6e-34  113.9   6.1   2   2     3e-19   5.6e-18   61.3   1.1   275   386   213   328   199   329 0.83 -
contig_78026_pilon:1103-2245          -            381 16205at314147        -            424     2e-33  112.2  29.4   1   5   1.7e-07   3.3e-06   22.5   0.8   325   405     1    85     1    89 0.91 -
contig_78026_pilon:1103-2245          -            381 16205at314147        -            424     2e-33  112.2  29.4   2   5   0.00029    0.0054   11.9   0.3   321   386    89   157    84   157 0.79 -
contig_78026_pilon:1103-2245          -            381 16205at314147        -            424     2e-33  112.2  29.4   3   5   8.9e-14   1.7e-12   43.2   5.5   323   398   150   225   130   237 0.92 -
contig_78026_pilon:1103-2245          -            381 16205at314147        -            424     2e-33  112.2  29.4   4   5   8.1e-15   1.5e-13   46.7   2.3   325   403   275   353   268   354 0.94 -
contig_78026_pilon:1103-2245          -            381 16205at314147        -            424     2e-33  112.2  29.4   5   5   7.1e-07   1.3e-05   20.5   0.6   325   374   331   380   331   381 0.80 -
contig_28105_pilon:1415-840           -            192 16205at314147        -            424     2e-33  112.1  11.7   1   3   3.9e-10   7.3e-09   31.2   0.4   347   400     1    54     1    61 0.94 -
contig_28105_pilon:1415-840           -            192 16205at314147        -            424     2e-33  112.1  11.7   2   3   2.2e-14   4.2e-13   45.2   0.5   325   388    63   126    59   127 0.97 -
contig_28105_pilon:1415-840           -            192 16205at314147        -            424     2e-33  112.1  11.7   3   3   1.4e-16   2.7e-15   52.4   2.1   325   397   119   191   119   192 0.97 -
NW_025965301.1_RagTag:101661-100954   -            236 16205at314147        -            424   4.3e-33  111.1  18.6   1   4   1.6e-13   2.9e-12   42.4   1.3   320   385    15    80     4    84 0.93 -
NW_025965301.1_RagTag:101661-100954   -            236 16205at314147        -            424   4.3e-33  111.1  18.6   2   4   3.9e-12   7.3e-11   37.8   0.2   329   399    81   151    78   151 0.94 -
NW_025965301.1_RagTag:101661-100954   -            236 16205at314147        -            424   4.3e-33  111.1  18.6   3   4   1.7e-14   3.2e-13   45.6   3.3   325   389   133   197   133   203 0.96 -
NW_025965301.1_RagTag:101661-100954   -            236 16205at314147        -            424   4.3e-33  111.1  18.6   4   4    0.0022     0.041    9.0   0.1   340   369   203   232   196   236 0.59 -
NW_025965127.1_RagTag:114163-113654   -            170 16205at314147        -            424   2.8e-32  108.4  23.0   1   3     2e-08   3.7e-07   25.6   0.6   345   388     2    45     1    45 0.94 -
NW_025965127.1_RagTag:114163-113654   -            170 16205at314147        -            424   2.8e-32  108.4  23.0   2   3   6.8e-18   1.3e-16   56.8   4.8   324   398    37   111    36   113 0.97 -
NW_025965127.1_RagTag:114163-113654   -            170 16205at314147        -            424   2.8e-32  108.4  23.0   3   3   1.2e-15   2.3e-14   49.4   3.4   328   400    97   169    96   170 0.97 -
NW_025965250.1_RagTag:8860-9492       -            211 16205at314147        -            424   3.5e-31  104.8  25.0   1   3   4.2e-09     8e-08   27.8   1.8   337   390     4    57     2    64 0.90 -
NW_025965250.1_RagTag:8860-9492       -            211 16205at314147        -            424   3.5e-31  104.8  25.0   2   3   1.2e-12   2.2e-11   39.6   6.2   328   402    51   124    51   131 0.95 -
NW_025965250.1_RagTag:8860-9492       -            211 16205at314147        -            424   3.5e-31  104.8  25.0   3   3   3.5e-16   6.6e-15   51.2   4.4   324   400   131   206   125   210 0.93 -
NW_025965341.1_RagTag:9727-10227      -            167 16205at314147        -            424   3.6e-31  104.7  11.0   1   2   1.6e-17   3.1e-16   55.6   1.9   324   400     6    82     2    88 0.95 -
NW_025965341.1_RagTag:9727-10227      -            167 16205at314147        -            424   3.6e-31  104.7  11.0   2   2     3e-17   5.7e-16   54.7   1.9   325   399    91   165    84   167 0.96 -
NW_025965341.1_RagTag:44730-43969     -            254 16205at314147        -            424   5.9e-31  104.0  26.7   1   3     1e-12   1.9e-11   39.7   3.8   325   404    39   117    30   121 0.92 -
NW_025965341.1_RagTag:44730-43969     -            254 16205at314147        -            424   5.9e-31  104.0  26.7   2   3   1.9e-13   3.7e-12   42.1   3.1   325   397   123   195   120   195 0.95 -
NW_025965341.1_RagTag:44730-43969     -            254 16205at314147        -            424   5.9e-31  104.0  26.7   3   3   1.4e-13   2.6e-12   42.6   8.2   325   397   179   251   179   254 0.95 -
NW_025965436.1_RagTag:1558-722        -            279 16205at314147        -            424   1.3e-28   96.3  50.1   1   4   4.7e-10   8.8e-09   31.0  12.0   325   399     3    77     1    78 0.96 -
NW_025965436.1_RagTag:1558-722        -            279 16205at314147        -            424   1.3e-28   96.3  50.1   2   4   1.1e-08   2.1e-07   26.5   3.6   339   398    73   132    69   139 0.93 -
NW_025965436.1_RagTag:1558-722        -            279 16205at314147        -            424   1.3e-28   96.3  50.1   3   4   1.7e-10   3.2e-09   32.4   8.9   324   399   142   217   137   224 0.92 -
NW_025965436.1_RagTag:1558-722        -            279 16205at314147        -            424   1.3e-28   96.3  50.1   4   4   1.8e-08   3.5e-07   25.7   3.3   325   377   227   279   220   279 0.94 -
contig_43334_pilon:1147-1967          -            144 16205at314147        -            424     2e-27   92.4  27.4   1   3   1.6e-13     3e-12   42.4   2.1   338   405     9    75     4    76 0.93 -
contig_43334_pilon:1147-1967          -            144 16205at314147        -            424     2e-27   92.4  27.4   2   3   1.6e-13   3.1e-12   42.4   5.6   325   389    24    88    20    91 0.96 -
contig_43334_pilon:1147-1967          -            144 16205at314147        -            424     2e-27   92.4  27.4   3   3   2.7e-10     5e-09   31.8   4.2   344   399    89   144    87   144 0.94 -
contig_63057_pilon:3037-2600          -            146 16205at314147        -            424   3.6e-27   91.6  16.1   1   3   1.2e-13   2.3e-12   42.8   2.9   338   399     1    62     1    62 0.97 -
contig_63057_pilon:3037-2600          -            146 16205at314147        -            424   3.6e-27   91.6  16.1   2   3   3.8e-19   7.2e-18   60.9   5.5   325   399    44   118    44   119 0.98 -
contig_63057_pilon:3037-2600          -            146 16205at314147        -            424   3.6e-27   91.6  16.1   3   3    0.0013     0.024    9.8   0.4   366   397   113   144   111   146 0.83 -
contig_31119_pilon:1872-1279          -            198 16205at314147        -            424   2.3e-26   88.9  18.0   1   3   3.4e-10   6.3e-09   31.4   0.3   323   400     4    82     1    84 0.93 -
contig_31119_pilon:1872-1279          -            198 16205at314147        -            424   2.3e-26   88.9  18.0   2   3   3.1e-11   5.9e-10   34.8   0.5   324   386    62   124    61   126 0.96 -
contig_31119_pilon:1872-1279          -            198 16205at314147        -            424   2.3e-26   88.9  18.0   3   3   6.2e-14   1.2e-12   43.8   5.6   325   399   119   193   118   197 0.95 -
contig_36320_pilon:1627-2073          -            149 16205at314147        -            424   2.6e-26   88.7  18.3   1   2   1.5e-12   2.8e-11   39.2   2.8   341   402     1    61     1    66 0.93 -
contig_36320_pilon:1627-2073          -            149 16205at314147        -            424   2.6e-26   88.7  18.3   2   2   1.8e-17   3.4e-16   55.4   7.6   325   402    69   145    63   149 0.94 -
contig_10031_pilon:1322-846           -            159 16205at314147        -            424   3.6e-26   88.2  33.1   1   3   3.5e-08   6.5e-07   24.8   5.9   327   392    15    80     7    90 0.89 -
contig_10031_pilon:1322-846           -            159 16205at314147        -            424   3.6e-26   88.2  33.1   2   3     2e-12   3.8e-11   38.8   6.9   329   399    45   114    45   115 0.96 -
contig_10031_pilon:1322-846           -            159 16205at314147        -            424   3.6e-26   88.2  33.1   3   3   1.1e-15   2.1e-14   49.5   4.4   325   388    96   159    94   159 0.98 -
NW_025965341.1_RagTag:106501-107016   -            172 16205at314147        -            424   1.3e-25   86.5  19.4   1   2   7.6e-12   1.4e-10   36.9   5.3   325   400    11    86     3    91 0.94 -
NW_025965341.1_RagTag:106501-107016   -            172 16205at314147        -            424   1.3e-25   86.5  19.4   2   2     1e-17     2e-16   56.2   6.2   320   400    90   170    86   172 0.95 -
NW_025965071.1_RagTag:26238-26928     -            176 16205at314147        -            424     6e-25   84.2  27.6   1   3   5.8e-08   1.1e-06   24.1   4.0   338   395     7    63     1    81 0.76 -
NW_025965071.1_RagTag:26238-26928     -            176 16205at314147        -            424     6e-25   84.2  27.6   2   3   1.5e-12   2.9e-11   39.2   1.7   330   399    82   151    76   152 0.96 -
NW_025965071.1_RagTag:26238-26928     -            176 16205at314147        -            424     6e-25   84.2  27.6   3   3   1.7e-14   3.2e-13   45.6   6.6   325   394   105   174   101   176 0.95 -
NW_025965374.1_RagTag:79809-77578     -            744 16205at314147        -            424     8e-25   83.8  42.9   1   8   1.7e-08   3.2e-07   25.8   0.9   351   407     4    59     2    71 0.84 -
NW_025965374.1_RagTag:79809-77578     -            744 16205at314147        -            424     8e-25   83.8  42.9   2   8   0.00026    0.0048   12.1   1.5   312   399    62   153    56   170 0.78 -
NW_025965374.1_RagTag:79809-77578     -            744 16205at314147        -            424     8e-25   83.8  42.9   3   8     2e-05   0.00038   15.7   0.2   351   404   219   276   214   282 0.84 -
NW_025965374.1_RagTag:79809-77578     -            744 16205at314147        -            424     8e-25   83.8  42.9   4   8   0.00055      0.01   11.0   0.1   347   413   286   362   279   373 0.79 -
NW_025965374.1_RagTag:79809-77578     -            744 16205at314147        -            424     8e-25   83.8  42.9   5   8       4.4        83   -1.9   0.0   305   347   423   466   404   469 0.72 -
NW_025965374.1_RagTag:79809-77578     -            744 16205at314147        -            424     8e-25   83.8  42.9   6   8   4.3e-07     8e-06   21.2   2.1   324   403   473   554   465   560 0.89 -
NW_025965374.1_RagTag:79809-77578     -            744 16205at314147        -            424     8e-25   83.8  42.9   7   8   7.1e-07   1.3e-05   20.5   5.3   324   403   561   641   554   652 0.86 -
NW_025965374.1_RagTag:79809-77578     -            744 16205at314147        -            424     8e-25   83.8  42.9   8   8       1.9        35   -0.6   0.0   379   402   696   719   688   727 0.77 -
NW_025965281.1_RagTag:499506-497614   -            631 16205at314147        -            424   2.2e-24   82.4   8.7   1   3   3.3e-14   6.2e-13   44.7   0.2    15   107    17   112     7   122 0.83 -
NW_025965281.1_RagTag:499506-497614   -            631 16205at314147        -            424   2.2e-24   82.4   8.7   2   3   8.7e-07   1.6e-05   20.2   0.0   325   369   344   389   311   400 0.89 -
NW_025965281.1_RagTag:499506-497614   -            631 16205at314147        -            424   2.2e-24   82.4   8.7   3   3   1.3e-06   2.5e-05   19.6   2.4   324   408   461   544   453   553 0.89 -
contig_83186_pilon:2808-2119          -            230 16205at314147        -            424   3.7e-24   81.6  22.8   1   3   4.1e-06   7.6e-05   18.0   0.3   357   394    10    47     2    76 0.78 -
contig_83186_pilon:2808-2119          -            230 16205at314147        -            424   3.7e-24   81.6  22.8   2   3   1.5e-12   2.8e-11   39.2   2.0   325   390   118   183   109   187 0.91 -
contig_83186_pilon:2808-2119          -            230 16205at314147        -            424   3.7e-24   81.6  22.8   3   3   4.4e-15   8.2e-14   47.6   7.4   325   404   146   224   146   230 0.94 -
contig_18339_pilon:483-968            -            162 16205at314147        -            424   4.7e-24   81.3  21.7   1   2   6.4e-13   1.2e-11   40.4   6.4   326   400    15    89     5    94 0.91 -
contig_18339_pilon:483-968            -            162 16205at314147        -            424   4.7e-24   81.3  21.7   2   2   9.6e-15   1.8e-13   46.4   7.9   324   388    97   161    89   162 0.96 -
NW_025965230.1_RagTag:860644-860186   -            153 16205at314147        -            424   9.3e-24   80.3  25.0   1   3   4.7e-05   0.00089   14.5   0.1   358   389     4    35     2    39 0.91 -
NW_025965230.1_RagTag:860644-860186   -            153 16205at314147        -            424   9.3e-24   80.3  25.0   2   3   9.4e-15   1.8e-13   46.4   5.5   325   395    27    97    25    99 0.94 -
NW_025965230.1_RagTag:860644-860186   -            153 16205at314147        -            424   9.3e-24   80.3  25.0   3   3   6.4e-13   1.2e-11   40.4   7.1   325   390    83   148    81   153 0.95 -
contig_70752_pilon:1105-1494          -            130 16205at314147        -            424   4.4e-23   78.1  16.1   1   2   6.2e-13   1.2e-11   40.5   2.3   337   394     6    63     1    63 0.93 -
contig_70752_pilon:1105-1494          -            130 16205at314147        -            424   4.4e-23   78.1  16.1   2   2   1.1e-15   2.1e-14   49.5   6.2   325   396    50   121    50   129 0.93 -
NW_025965039.1_RagTag:250966-250448   -            173 16205at314147        -            424   2.1e-21   72.6  12.4   1   2   4.4e-16   8.2e-15   50.8   5.0   322   393    58   129    44   134 0.93 -
NW_025965039.1_RagTag:250966-250448   -            173 16205at314147        -            424   2.1e-21   72.6  12.4   2   2   8.1e-09   1.5e-07   26.9   1.1   341   381   133   173   129   173 0.97 -
NW_025965071.1_RagTag:3724-4116       -            131 16205at314147        -            424   2.3e-21   72.4  15.9   1   2   6.9e-12   1.3e-10   37.0   2.2   343   398     2    57     1    65 0.94 -
NW_025965071.1_RagTag:3724-4116       -            131 16205at314147        -            424   2.3e-21   72.4  15.9   2   2   4.3e-13   8.1e-12   41.0   6.1   325   388    68   131    63   131 0.97 -
NW_025965215.1_RagTag:381710-337497   -            257 16205at314147        -            424   1.1e-18   63.6  22.6   1   3     0.047      0.89    4.6   1.5   324   398    37   110    28   128 0.69 -
NW_025965215.1_RagTag:381710-337497   -            257 16205at314147        -            424   1.1e-18   63.6  22.6   2   3   9.4e-13   1.8e-11   39.9   2.9   333   402   131   199   118   204 0.89 -
NW_025965215.1_RagTag:381710-337497   -            257 16205at314147        -            424   1.1e-18   63.6  22.6   3   3   6.6e-10   1.2e-08   30.5   3.7   324   375   206   256   199   257 0.93 -
NW_025965442.1_RagTag:49839-49393     -            149 16205at314147        -            424   5.2e-18   61.4  25.3   1   2   3.4e-13   6.4e-12   41.3  10.2   324   398    24    98     8   103 0.89 -
NW_025965442.1_RagTag:49839-49393     -            149 16205at314147        -            424   5.2e-18   61.4  25.3   2   2   1.7e-10   3.2e-09   32.4   7.1   325   389    81   145    81   148 0.97 -
contig_81532_pilon:2097-1657          -            147 16205at314147        -            424   5.9e-18   61.2  20.3   1   3   0.00056     0.011   10.9   1.3   373   403     2    32     1    38 0.89 -
contig_81532_pilon:2097-1657          -            147 16205at314147        -            424   5.9e-18   61.2  20.3   2   3   9.8e-13   1.8e-11   39.8   6.8   320   397    34   112    31   112 0.94 -
contig_81532_pilon:2097-1657          -            147 16205at314147        -            424   5.9e-18   61.2  20.3   3   3   1.3e-09   2.5e-08   29.5   2.9   325   375    96   146    95   147 0.97 -
NW_025965318.1_RagTag:51761-52207     -            149 16205at314147        -            424     1e-17   60.4   6.8   1   2   1.2e-07   2.2e-06   23.1   0.7   348   388    35    75    30    77 0.92 -
NW_025965318.1_RagTag:51761-52207     -            149 16205at314147        -            424     1e-17   60.4   6.8   2   2   3.9e-15   7.3e-14   47.7   2.0   325   400    68   143    68   148 0.96 -
NW_025965233.1_RagTag:185066-188790   -            387 16205at314147        -            424   1.1e-16   57.1  15.9   1   2     1e-11   1.9e-10   36.4   6.1   325   404   215   294   208   307 0.93 -
NW_025965233.1_RagTag:185066-188790   -            387 16205at314147        -            424   1.1e-16   57.1  15.9   2   2   1.2e-08   2.3e-07   26.3   2.1   323   377   321   375   304   379 0.82 -
NW_025965279.1_RagTag:100214-99645    -            190 16205at314147        -            424   8.4e-16   54.1  14.3   1   2   7.6e-14   1.4e-12   43.5   7.0   323   389    67   133    38   158 0.85 -
NW_025965279.1_RagTag:100214-99645    -            190 16205at314147        -            424   8.4e-16   54.1  14.3   2   2     2e-05   0.00039   15.7   0.2   362   389   161   188   150   190 0.86 -
NW_025965375.1_RagTag:139930-139190   -            247 16205at314147        -            424   7.9e-15   50.9  23.4   1   3    0.0082      0.15    7.1   6.1   336   401    55   120    41   125 0.84 -
NW_025965375.1_RagTag:139930-139190   -            247 16205at314147        -            424   7.9e-15   50.9  23.4   2   3   1.8e-05   0.00034   15.8   1.6   325   389   128   191   121   197 0.87 -
NW_025965375.1_RagTag:139930-139190   -            247 16205at314147        -            424   7.9e-15   50.9  23.4   3   3   6.1e-15   1.1e-13   47.1   3.5   321   388   179   246   176   247 0.96 -
NW_025965341.1_RagTag:36862-36050     -            271 16205at314147        -            424   3.5e-14   48.8   3.4   1   2       2.6        50   -1.2   0.0   371   390    52    71    30    99 0.70 -
NW_025965341.1_RagTag:36862-36050     -            271 16205at314147        -            424   3.5e-14   48.8   3.4   2   2   1.9e-15   3.5e-14   48.8   3.4   323   390   200   267   162   271 0.83 -
NW_025965191.1_RagTag:501990-499938   -            619 16205at314147        -            424   1.1e-13   47.1   0.0   1   1     8e-15   1.5e-13   46.7   0.0    13   124     9   123     1   128 0.84 -
NW_025965297.1_RagTag:247529-248653   -            301 16205at314147        -            424   2.8e-13   45.8   2.4   1   1   2.2e-14   4.2e-13   45.2   2.4   321   403    70   152    62   159 0.95 -
NW_025965468.1_RagTag:9322-9071       -             84 16205at314147        -            424   1.9e-12   43.1   3.3   1   1   1.1e-13   2.1e-12   42.9   3.3   328   402     1    73     1    78 0.94 -
contig_37853_pilon:1171-1692          -            174 16205at314147        -            424   1.2e-11   40.5  15.1   1   2    0.0018     0.034    9.3   4.4   325   405     5    85     2   101 0.66 -
contig_37853_pilon:1171-1692          -            174 16205at314147        -            424   1.2e-11   40.5  15.1   2   2   6.4e-12   1.2e-10   37.1   3.1   336   402   101   166    90   173 0.90 -
NW_025965300.1_RagTag:165512-166000   -            163 16205at314147        -            424   2.6e-11   39.3   2.7   1   1   1.7e-12   3.2e-11   39.0   2.7   350   397   115   162   105   163 0.94 -
NW_025965432.1_RagTag:501802-502290   -            163 16205at314147        -            424   5.7e-08   28.3  11.5   1   2      0.01       0.2    6.8   0.5   322   391    16    85    12    99 0.87 -
NW_025965432.1_RagTag:501802-502290   -            163 16205at314147        -            424   5.7e-08   28.3  11.5   2   2   2.3e-08   4.3e-07   25.4   5.5   326   388   104   163    91   163 0.92 -
NW_025965359.1_RagTag:192785-193660   -            292 16205at314147        -            424   7.6e-08   27.9   0.0   1   1   5.1e-09   9.6e-08   27.6   0.0    18   109   108   202    91   245 0.71 -
NW_025965054.1_RagTag:36381-34963     -            327 16205at314147        -            424   8.5e-08   27.7   1.2   1   3       1.7        32   -0.5   0.2   379   404    39    64    21    81 0.75 -
NW_025965054.1_RagTag:36381-34963     -            327 16205at314147        -            424   8.5e-08   27.7   1.2   2   3   4.5e-09   8.5e-08   27.7   1.2   323   380    82   139    72   147 0.90 -
NW_025965054.1_RagTag:36381-34963     -            327 16205at314147        -            424   8.5e-08   27.7   1.2   3   3     0.087       1.6    3.7   5.8   304   400   181   277   159   285 0.77 -
NW_025965344.1_RagTag:898-710         -             63 16205at314147        -            424   8.8e-07   24.4   0.3   1   1   4.7e-08   8.8e-07   24.4   0.3   359   401    15    57     3    63 0.56 -
NW_025965324.1_RagTag:640103-637710   -            506 16205at314147        -            424   1.7e-06   23.4   4.5   1   2   7.5e-07   1.4e-05   20.4   1.7   353   399     1    47     1    67 0.71 -
NW_025965324.1_RagTag:640103-637710   -            506 16205at314147        -            424   1.7e-06   23.4   4.5   2   2       0.1         2    3.5   0.1   369   399   288   318   277   334 0.83 -
NW_025965200.1_RagTag:16831-17695     -            219 16205at314147        -            424   3.1e-06   22.6   4.8   1   2    0.0012     0.023    9.8   0.5   328   369   112   152   102   162 0.88 -
NW_025965200.1_RagTag:16831-17695     -            219 16205at314147        -            424   3.1e-06   22.6   4.8   2   2   4.9e-05   0.00091   14.5   0.3   329   374   168   215   164   218 0.91 -
NW_025965259.1_RagTag:155329-153884   -            482 16205at314147        -            424   2.5e-05   19.6   2.5   1   2       1.1        20    0.1   0.7   313   347     8    44     1    50 0.81 -
NW_025965259.1_RagTag:155329-153884   -            482 16205at314147        -            424   2.5e-05   19.6   2.5   2   2   1.3e-06   2.5e-05   19.6   2.5   289   390   380   481   348   482 0.79 -
NW_025965341.1_RagTag:99789-100445    -            219 16205at314147        -            424     0.001   14.3   4.9   1   2     0.002     0.038    9.1   0.7   321   404    24   109    12   130 0.83 -
NW_025965341.1_RagTag:99789-100445    -            219 16205at314147        -            424     0.001   14.3   4.9   2   2    0.0081      0.15    7.1   0.2   351   388   167   206   148   216 0.68 -
NW_025965172.1_RagTag:365765-366925   -            387 16205at314147        -            424    0.0011   14.1   0.3   1   1   9.6e-05    0.0018   13.5   0.3    52   125    13    85     3    97 0.74 -
#
# Program:         hmmsearch
# Version:         3.1b2 (February 2015)
# Pipeline mode:   SEARCH
# Query file:      /home/bgerda/guppy_SUP/busco_downloads/lineages/glires_odb10/hmms/16205at314147.hmm
# Target file:     /home/bgerda/guppy_SUP/busco_results_racon/run_glires_odb10/metaeuk_output/initial_results/ragtag.scaffold.fasta.modified.fas
# Option settings: hmmsearch --domtblout /home/bgerda/guppy_SUP/busco_results_racon/run_glires_odb10/hmmer_output/initial_run_results/16205at314147.out --cpu 1 /home/bgerda/guppy_SUP/busco_downloads/lineages/glires_odb10/hmms/16205at314147.hmm /home/bgerda/guppy_SUP/busco_results_racon/run_glires_odb10/metaeuk_output/initial_results/ragtag.scaffold.fasta.modified.fas 
# Current dir:     /home/bgerda/guppy_SUP
# Date:            Sun May 21 17:05:41 2023
# [ok]
