#                                                                                             --- full sequence --- -------------- this domain -------------   hmm coord   ali coord   env coord
# target name                         accession   tlen query name           accession   qlen   E-value  score  bias   #  of  c-Evalue  i-Evalue  score  bias  from    to  from    to  from    to  acc description of target
#                 ------------------- ---------- ----- -------------------- ---------- ----- --------- ------ ----- --- --- --------- --------- ------ ----- ----- ----- ----- ----- ----- ----- ---- ---------------------
NW_025965256.1_RagTag:442815-446249   -            311 18333at314147        -            555   1.2e-88  294.4  24.3   1   2   1.6e-76   3.7e-74  246.6  12.1   133   300     9   182     5   188 0.93 -
NW_025965256.1_RagTag:442815-446249   -            311 18333at314147        -            555   1.2e-88  294.4  24.3   2   2     5e-18   1.2e-15   53.4   4.8   410   508   193   310   181   311 0.71 -
NW_025965258.1_RagTag:289001-288774   -             76 18333at314147        -            555   8.6e-08   27.5   0.0   1   1   3.9e-10   9.1e-08   27.4   0.0    25    93     4    73     1    75 0.88 -
NW_025965300.1_RagTag:2929511-2929762 -             84 18333at314147        -            555     9e-08   27.4   0.0   1   1     4e-10   9.4e-08   27.4   0.0    25    94     4    74     1    80 0.88 -
contig_28867_pilon:714-875            -             54 18333at314147        -            555   3.4e-06   22.2   0.0   1   1   1.6e-08   3.7e-06   22.1   0.0    44    93     2    51     1    53 0.93 -
NW_025965074.1_RagTag:842238-841813   -            142 18333at314147        -            555   8.1e-06   21.0   0.0   1   2    0.0012      0.29    6.0   0.0    38    92     2    57     1    63 0.85 -
NW_025965074.1_RagTag:842238-841813   -            142 18333at314147        -            555   8.1e-06   21.0   0.0   2   2   7.1e-06    0.0017   13.3   0.0    35    92    77   134    63   139 0.90 -
NW_025965144.1_RagTag:1020912-1021140 -             73 18333at314147        -            555   0.00033   15.7   0.3   1   1   1.5e-06   0.00034   15.6   0.3    34    91    12    68     1    71 0.81 -
#
# Program:         hmmsearch
# Version:         3.1b2 (February 2015)
# Pipeline mode:   SEARCH
# Query file:      /home/bgerda/guppy_SUP/busco_downloads/lineages/glires_odb10/hmms/18333at314147.hmm
# Target file:     /home/bgerda/guppy_SUP/busco_results_racon/run_glires_odb10/metaeuk_output/initial_results/ragtag.scaffold.fasta.modified.fas
# Option settings: hmmsearch --domtblout /home/bgerda/guppy_SUP/busco_results_racon/run_glires_odb10/hmmer_output/initial_run_results/18333at314147.out --cpu 1 /home/bgerda/guppy_SUP/busco_downloads/lineages/glires_odb10/hmms/18333at314147.hmm /home/bgerda/guppy_SUP/busco_results_racon/run_glires_odb10/metaeuk_output/initial_results/ragtag.scaffold.fasta.modified.fas 
# Current dir:     /home/bgerda/guppy_SUP
# Date:            Sun May 21 17:05:41 2023
# [ok]
