#                                                                                           --- full sequence --- -------------- this domain -------------   hmm coord   ali coord   env coord
# target name                       accession   tlen query name           accession   qlen   E-value  score  bias   #  of  c-Evalue  i-Evalue  score  bias  from    to  from    to  from    to  acc description of target
#               ------------------- ---------- ----- -------------------- ---------- ----- --------- ------ ----- --- --- --------- --------- ------ ----- ----- ----- ----- ----- ----- ----- ---- ---------------------
NW_025965058.1_RagTag:431097-429030 -            366 18929at314147        -            403   1.4e-20   69.9   0.1   1   2   1.5e-20   4.1e-18   61.7   0.0    42   156    79   205    36   218 0.83 -
NW_025965058.1_RagTag:431097-429030 -            366 18929at314147        -            403   1.4e-20   69.9   0.1   2   2   0.00091      0.26    6.4   0.0   177   205   252   280   228   339 0.89 -
NW_025965233.1_RagTag:154931-155695 -             69 18929at314147        -            403   9.4e-17   57.2   0.0   1   1   3.5e-19   9.9e-17   57.2   0.0    26    94     1    68     1    69 0.92 -
NW_025965242.1_RagTag:482570-479917 -            254 18929at314147        -            403   9.8e-14   47.3   0.0   1   2   7.2e-07    0.0002   16.6   0.0    21    62    90   131    80   141 0.87 -
NW_025965242.1_RagTag:482570-479917 -            254 18929at314147        -            403   9.8e-14   47.3   0.0   2   2   1.5e-10   4.2e-08   28.8   0.0   226   305   172   253   157   254 0.88 -
NW_025965209.1_RagTag:564613-561622 -            170 18929at314147        -            403   1.5e-13   46.7   0.1   1   1     3e-15   8.4e-13   44.2   0.1     2   159    24   168    23   170 0.80 -
NW_025965251.1_RagTag:25209-25337   -             43 18929at314147        -            403   5.9e-07   25.0   0.0   1   1   2.2e-09   6.2e-07   24.9   0.0    39    80     1    43     1    43 0.90 -
#
# Program:         hmmsearch
# Version:         3.1b2 (February 2015)
# Pipeline mode:   SEARCH
# Query file:      /home/bgerda/guppy_SUP/busco_downloads/lineages/glires_odb10/hmms/18929at314147.hmm
# Target file:     /home/bgerda/guppy_SUP/busco_results_racon/run_glires_odb10/metaeuk_output/initial_results/ragtag.scaffold.fasta.modified.fas
# Option settings: hmmsearch --domtblout /home/bgerda/guppy_SUP/busco_results_racon/run_glires_odb10/hmmer_output/initial_run_results/18929at314147.out --cpu 1 /home/bgerda/guppy_SUP/busco_downloads/lineages/glires_odb10/hmms/18929at314147.hmm /home/bgerda/guppy_SUP/busco_results_racon/run_glires_odb10/metaeuk_output/initial_results/ragtag.scaffold.fasta.modified.fas 
# Current dir:     /home/bgerda/guppy_SUP
# Date:            Sun May 21 17:05:41 2023
# [ok]
