#                                                                                             --- full sequence --- -------------- this domain -------------   hmm coord   ali coord   env coord
# target name                         accession   tlen query name           accession   qlen   E-value  score  bias   #  of  c-Evalue  i-Evalue  score  bias  from    to  from    to  from    to  acc description of target
#                 ------------------- ---------- ----- -------------------- ---------- ----- --------- ------ ----- --- --- --------- --------- ------ ----- ----- ----- ----- ----- ----- ----- ---- ---------------------
NW_025965288.1_RagTag:109483-111161   -            290 18936at314147        -            438  1.2e-142  472.0   3.0   1   1  9.7e-145  1.4e-142  471.7   3.0   117   363     2   254     1   287 0.94 -
NW_025965188.1_RagTag:427872-428438   -            189 18936at314147        -            438   1.6e-14   49.6   4.1   1   2   2.3e-09   3.2e-07   25.6   0.2   188   242    46   102    35   109 0.82 -
NW_025965188.1_RagTag:427872-428438   -            189 18936at314147        -            438   1.6e-14   49.6   4.1   2   2   2.8e-09   3.9e-07   25.3   0.5    93   147   123   177   110   183 0.82 -
NW_025965344.1_RagTag:40655-35255     -            204 18936at314147        -            438   7.3e-11   37.6   0.2   1   2    0.0005      0.07    8.0   0.0    85   135    43    93    16   102 0.48 -
NW_025965344.1_RagTag:40655-35255     -            204 18936at314147        -            438   7.3e-11   37.6   0.2   2   2   4.1e-10   5.7e-08   28.1   0.0    79   150   103   174    93   177 0.89 -
NW_025965288.1_RagTag:99923-99699     -             75 18936at314147        -            438     1e-07   27.3   0.0   1   1   7.8e-10   1.1e-07   27.1   0.0    91   136     1    49     1    57 0.86 -
NW_025965306.1_RagTag:1019039-1020148 -            370 18936at314147        -            438   1.3e-06   23.6   0.0   1   1   2.3e-08   3.2e-06   22.3   0.0   105   159    17    71     6   113 0.73 -
NW_025965163.1_RagTag:38535-29734     -            753 18936at314147        -            438   1.6e-06   23.3   0.8   1   2   2.3e-06   0.00033   15.7   0.1    78   133   453   508   421   513 0.76 -
NW_025965163.1_RagTag:38535-29734     -            753 18936at314147        -            438   1.6e-06   23.3   0.8   2   2   0.00016     0.023    9.6   0.1    79   134   487   541   483   552 0.83 -
NW_025965287.1_RagTag:1503606-1508138 -            432 18936at314147        -            438   3.6e-06   22.1   0.1   1   1   3.9e-08   5.6e-06   21.5   0.1   200   278   323   404   309   422 0.77 -
NW_025965352.1_RagTag:102445-104127   -            319 18936at314147        -            438   0.00011   17.3   0.0   1   1     1e-06   0.00015   16.9   0.0    76   127     3    54     1    68 0.50 -
NW_025965276.1_RagTag:371243-371716   -            158 18936at314147        -            438    0.0035   12.3   0.4   1   2    0.0019      0.27    6.1   0.0   229   262     9    42     4    62 0.71 -
NW_025965276.1_RagTag:371243-371716   -            158 18936at314147        -            438    0.0035   12.3   0.4   2   2    0.0075       1.1    4.1   0.1    90   134    69   110    48   128 0.48 -
NW_025965318.1_RagTag:155154-165181   -            166 18936at314147        -            438    0.0073   11.3   0.0   1   1   6.8e-05    0.0096   10.9   0.0   116   149   115   148   110   165 0.83 -
#
# Program:         hmmsearch
# Version:         3.1b2 (February 2015)
# Pipeline mode:   SEARCH
# Query file:      /home/bgerda/guppy_SUP/busco_downloads/lineages/glires_odb10/hmms/18936at314147.hmm
# Target file:     /home/bgerda/guppy_SUP/busco_results_racon/run_glires_odb10/metaeuk_output/initial_results/ragtag.scaffold.fasta.modified.fas
# Option settings: hmmsearch --domtblout /home/bgerda/guppy_SUP/busco_results_racon/run_glires_odb10/hmmer_output/initial_run_results/18936at314147.out --cpu 1 /home/bgerda/guppy_SUP/busco_downloads/lineages/glires_odb10/hmms/18936at314147.hmm /home/bgerda/guppy_SUP/busco_results_racon/run_glires_odb10/metaeuk_output/initial_results/ragtag.scaffold.fasta.modified.fas 
# Current dir:     /home/bgerda/guppy_SUP
# Date:            Sun May 21 17:05:42 2023
# [ok]
