#                                                                                             --- full sequence --- -------------- this domain -------------   hmm coord   ali coord   env coord
# target name                         accession   tlen query name           accession   qlen   E-value  score  bias   #  of  c-Evalue  i-Evalue  score  bias  from    to  from    to  from    to  acc description of target
#                 ------------------- ---------- ----- -------------------- ---------- ----- --------- ------ ----- --- --- --------- --------- ------ ----- ----- ----- ----- ----- ----- ----- ---- ---------------------
NW_025965177.1_RagTag:102793-106553   -            366 19518at314147        -            450  1.2e-174  577.6   0.4   1   2   9.2e-99   2.2e-96  319.6   0.1     1   194     1   220     1   221 0.92 -
NW_025965177.1_RagTag:102793-106553   -            366 19518at314147        -            450  1.2e-174  577.6   0.4   2   2   7.9e-80   1.8e-77  257.2   0.0   305   447   221   366   219   366 0.98 -
NW_025965233.1_RagTag:1450273-1452254 -            171 19518at314147        -            450   5.9e-31  104.0   0.0   1   1   3.2e-33   7.5e-31  103.6   0.0   273   418     4   150     2   157 0.92 -
NW_025965285.1_RagTag:1863833-1860001 -            104 19518at314147        -            450   4.5e-19   64.8   0.0   1   1   2.1e-21     5e-19   64.6   0.0   335   417     3    83     1    91 0.90 -
contig_50368_pilon:2025-1201          -            275 19518at314147        -            450   6.5e-17   57.7   0.0   1   1   5.5e-19   1.3e-16   56.7   0.0    13   210    30   264    17   268 0.70 -
NW_025965090.1_RagTag:14437-8702      -            223 19518at314147        -            450   9.1e-17   57.2   0.0   1   2   3.3e-13   7.7e-11   37.7   0.0    51   173     1   138     1   158 0.76 -
NW_025965090.1_RagTag:14437-8702      -            223 19518at314147        -            450   9.1e-17   57.2   0.0   2   2   3.8e-07     9e-05   17.6   0.1   381   410   168   198   157   213 0.82 -
NW_025965039.1_RagTag:304254-302722   -            109 19518at314147        -            450   9.1e-12   40.7   0.3   1   2   3.9e-09   9.3e-07   24.2   0.0   273   324     1    52     1    63 0.90 -
NW_025965039.1_RagTag:304254-302722   -            109 19518at314147        -            450   9.1e-12   40.7   0.3   2   2   1.4e-06   0.00033   15.8   0.1   381   412    62    94    52   104 0.85 -
#
# Program:         hmmsearch
# Version:         3.1b2 (February 2015)
# Pipeline mode:   SEARCH
# Query file:      /home/bgerda/guppy_SUP/busco_downloads/lineages/glires_odb10/hmms/19518at314147.hmm
# Target file:     /home/bgerda/guppy_SUP/busco_results_racon/run_glires_odb10/metaeuk_output/initial_results/ragtag.scaffold.fasta.modified.fas
# Option settings: hmmsearch --domtblout /home/bgerda/guppy_SUP/busco_results_racon/run_glires_odb10/hmmer_output/initial_run_results/19518at314147.out --cpu 1 /home/bgerda/guppy_SUP/busco_downloads/lineages/glires_odb10/hmms/19518at314147.hmm /home/bgerda/guppy_SUP/busco_results_racon/run_glires_odb10/metaeuk_output/initial_results/ragtag.scaffold.fasta.modified.fas 
# Current dir:     /home/bgerda/guppy_SUP
# Date:            Sun May 21 17:05:44 2023
# [ok]
