#                                                                                             --- full sequence --- -------------- this domain -------------   hmm coord   ali coord   env coord
# target name                         accession   tlen query name           accession   qlen   E-value  score  bias   #  of  c-Evalue  i-Evalue  score  bias  from    to  from    to  from    to  acc description of target
#                 ------------------- ---------- ----- -------------------- ---------- ----- --------- ------ ----- --- --- --------- --------- ------ ----- ----- ----- ----- ----- ----- ----- ---- ---------------------
NW_025965028.1_RagTag:53297-54208     -            304 20088at314147        -            375   1.6e-19   66.5   9.9   1   2   1.4e-10   1.9e-08   30.1   0.4   158   233    71   145    49   147 0.86 -
NW_025965028.1_RagTag:53297-54208     -            304 20088at314147        -            375   1.6e-19   66.5   9.9   2   2   2.8e-14   3.6e-12   42.3   5.0   150   273   132   257   126   261 0.87 -
NW_025965287.1_RagTag:800819-799737   -            361 20088at314147        -            375   1.5e-13   46.9  14.9   1   3   1.9e-05    0.0024   13.3   0.8   146   268    57   186    46   192 0.82 -
NW_025965287.1_RagTag:800819-799737   -            361 20088at314147        -            375   1.5e-13   46.9  14.9   2   3   0.00024     0.031    9.6   0.1   159   198   191   231   187   238 0.87 -
NW_025965287.1_RagTag:800819-799737   -            361 20088at314147        -            375   1.5e-13   46.9  14.9   3   3   1.4e-10   1.8e-08   30.1   3.1   160   274   240   361   236   361 0.86 -
NW_025965140.1_RagTag:194226-195287   -            354 20088at314147        -            375   3.9e-12   42.2   0.2   1   3     0.016       2.1    3.6   0.0   187   233    62   111    40   112 0.80 -
NW_025965140.1_RagTag:194226-195287   -            354 20088at314147        -            375   3.9e-12   42.2   0.2   2   3   1.6e-09     2e-07   26.7   0.0   160   223   108   173   102   182 0.85 -
NW_025965140.1_RagTag:194226-195287   -            354 20088at314147        -            375   3.9e-12   42.2   0.2   3   3   0.00013     0.017   10.5   0.0   209   284   186   266   178   275 0.84 -
NW_025965230.1_RagTag:694060-694533   -            158 20088at314147        -            375   1.2e-08   30.8   2.8   1   1   2.7e-10   3.5e-08   29.2   2.8   159   241    57   144    37   151 0.80 -
NW_025965287.1_RagTag:802961-802386   -            192 20088at314147        -            375   7.3e-07   24.8   1.3   1   2   3.1e-05     0.004   12.5   0.1   225   269    76   121    56   126 0.78 -
NW_025965287.1_RagTag:802961-802386   -            192 20088at314147        -            375   7.3e-07   24.8   1.3   2   2   7.2e-05    0.0093   11.3   0.2   160   224   126   191   122   192 0.79 -
NW_025965324.1_RagTag:3746853-3746134 -            240 20088at314147        -            375   3.2e-05   19.4   0.0   1   2   4.6e-05    0.0059   12.0   0.0   164   226    82   145    76   152 0.78 -
NW_025965324.1_RagTag:3746853-3746134 -            240 20088at314147        -            375   3.2e-05   19.4   0.0   2   2    0.0046      0.59    5.4   0.0   162   196   152   188   145   195 0.79 -
NW_025965301.1_RagTag:529721-528217   -            499 20088at314147        -            375   0.00042   15.8   0.7   1   1     6e-06   0.00077   14.9   0.7   159   269    54   169    33   189 0.70 -
NW_025965319.1_RagTag:936680-934538   -            651 20088at314147        -            375   0.00094   14.6   0.6   1   1   1.3e-05    0.0016   13.8   0.6   158   286   153   289   126   316 0.73 -
NW_025965233.1_RagTag:1527483-1527755 -             91 20088at314147        -            375    0.0015   13.9   0.1   1   1     2e-05    0.0025   13.2   0.1   165   240     2    82     1    87 0.77 -
NW_025965322.1_RagTag:1889052-1889456 -            135 20088at314147        -            375     0.007   11.7   0.0   1   1   6.8e-05    0.0087   11.4   0.0   158   228    17    96     2   112 0.72 -
NW_025965298.1_RagTag:1878200-1877439 -            254 20088at314147        -            375     0.017   10.4   0.6   1   1   0.00017     0.022   10.1   0.6   159   218    44   105    19   115 0.78 -
#
# Program:         hmmsearch
# Version:         3.1b2 (February 2015)
# Pipeline mode:   SEARCH
# Query file:      /home/bgerda/guppy_SUP/busco_downloads/lineages/glires_odb10/hmms/20088at314147.hmm
# Target file:     /home/bgerda/guppy_SUP/busco_results_racon/run_glires_odb10/metaeuk_output/initial_results/ragtag.scaffold.fasta.modified.fas
# Option settings: hmmsearch --domtblout /home/bgerda/guppy_SUP/busco_results_racon/run_glires_odb10/hmmer_output/initial_run_results/20088at314147.out --cpu 1 /home/bgerda/guppy_SUP/busco_downloads/lineages/glires_odb10/hmms/20088at314147.hmm /home/bgerda/guppy_SUP/busco_results_racon/run_glires_odb10/metaeuk_output/initial_results/ragtag.scaffold.fasta.modified.fas 
# Current dir:     /home/bgerda/guppy_SUP
# Date:            Sun May 21 17:05:48 2023
# [ok]
