#                                                                                             --- full sequence --- -------------- this domain -------------   hmm coord   ali coord   env coord
# target name                         accession   tlen query name           accession   qlen   E-value  score  bias   #  of  c-Evalue  i-Evalue  score  bias  from    to  from    to  from    to  acc description of target
#                 ------------------- ---------- ----- -------------------- ---------- ----- --------- ------ ----- --- --- --------- --------- ------ ----- ----- ----- ----- ----- ----- ----- ---- ---------------------
NW_025965548.1_RagTag:8433-1774       -            515 2106at314147         -           1207     2e-50  167.7   0.0   1   1   3.9e-52   2.9e-50  167.2   0.0   964  1180   280   511   270   514 0.85 -
NW_025965309.1_RagTag:3330510-3327790 -            323 2106at314147         -           1207   1.2e-41  138.6   0.0   1   1   2.4e-43   1.7e-41  138.1   0.0   923  1126   103   322    95   323 0.83 -
NW_025965313.1_RagTag:82152-83454     -            215 2106at314147         -           1207   6.9e-25   83.1   0.0   1   1   1.1e-26   8.4e-25   82.8   0.0   947  1096    67   207    42   211 0.85 -
NW_025965321.1_RagTag:2875545-2875694 -             50 2106at314147         -           1207   2.4e-23   78.0   0.1   1   1   3.4e-25   2.6e-23   77.9   0.1  1056  1105     1    50     1    50 0.99 -
NW_025965222.1_RagTag:185086-183102   -            116 2106at314147         -           1207   9.4e-22   72.7   0.1   1   1   1.5e-23   1.1e-21   72.5   0.1  1086  1177     1    92     1    97 0.96 -
NW_025965287.1_RagTag:72767-73151     -             93 2106at314147         -           1207   3.7e-21   70.7   0.1   1   1   5.3e-23   3.9e-21   70.7   0.1  1083  1176     2    89     1    93 0.95 -
NW_025965352.1_RagTag:102445-104127   -            319 2106at314147         -           1207   7.4e-15   49.9   0.0   1   1   1.3e-16   9.8e-15   49.5   0.0   963  1173    85   310    65   316 0.74 -
NW_025965066.1_RagTag:85339-85662     -             64 2106at314147         -           1207   1.1e-14   49.3   0.0   1   1   1.5e-16   1.1e-14   49.3   0.0  1084  1146     1    63     1    64 0.92 -
NW_025965334.1_RagTag:171576-171430   -             49 2106at314147         -           1207   7.5e-13   43.2   0.1   1   1     1e-14   7.6e-13   43.2   0.1  1083  1128     1    46     1    49 0.94 -
NW_025965233.1_RagTag:114859-113462   -            466 2106at314147         -           1207   1.5e-12   42.3   0.0   1   1   2.7e-14     2e-12   41.8   0.0   967  1175    53   253    31   256 0.81 -
contig_66008_pilon:1779-2636          -            286 2106at314147         -           1207   1.2e-11   39.3   0.0   1   1   2.1e-13   1.6e-11   38.9   0.0   963  1172    26   228     9   231 0.80 -
contig_37224_pilon:1693-2424          -            244 2106at314147         -           1207   1.6e-11   38.8   0.0   1   1   2.2e-13   1.7e-11   38.8   0.0   966  1166    45   237    13   244 0.79 -
NW_025965499.1_RagTag:3791-2706       -            362 2106at314147         -           1207   3.2e-11   37.8   0.1   1   1   5.6e-13   4.1e-11   37.5   0.1   942  1125    41   215    11   226 0.83 -
NW_025965099.1_RagTag:14363-15274     -            304 2106at314147         -           1207   1.9e-10   35.3   0.2   1   1   3.2e-12   2.4e-10   35.0   0.2   942  1125    51   225    32   237 0.82 -
contig_34309_pilon:592-2              -            197 2106at314147         -           1207   2.5e-09   31.6   0.0   1   1   3.7e-11   2.8e-09   31.4   0.0   923  1111    16   193     9   197 0.73 -
NW_025965279.1_RagTag:78582-79082     -            167 2106at314147         -           1207   2.6e-09   31.5   0.0   1   1   4.3e-11   3.2e-09   31.2   0.0  1016  1118     5    99     2   110 0.85 -
contig_31429_pilon:462-998            -            179 2106at314147         -           1207   2.7e-07   24.8   0.0   1   1   3.7e-09   2.7e-07   24.8   0.0   996  1129     2   134     1   174 0.75 -
contig_34501_pilon:2271-1564          -            236 2106at314147         -           1207   2.1e-06   21.9   0.0   1   1   3.2e-08   2.4e-06   21.7   0.0   996  1123     4   125     1   151 0.78 -
contig_18707_pilon:1317-1844          -            176 2106at314147         -           1207    0.0001   16.3   0.0   1   1   1.6e-06   0.00012   16.1   0.0  1029  1138    15   118     7   150 0.79 -
#
# Program:         hmmsearch
# Version:         3.1b2 (February 2015)
# Pipeline mode:   SEARCH
# Query file:      /home/bgerda/guppy_SUP/busco_downloads/lineages/glires_odb10/hmms/2106at314147.hmm
# Target file:     /home/bgerda/guppy_SUP/busco_results_racon/run_glires_odb10/metaeuk_output/initial_results/ragtag.scaffold.fasta.modified.fas
# Option settings: hmmsearch --domtblout /home/bgerda/guppy_SUP/busco_results_racon/run_glires_odb10/hmmer_output/initial_run_results/2106at314147.out --cpu 1 /home/bgerda/guppy_SUP/busco_downloads/lineages/glires_odb10/hmms/2106at314147.hmm /home/bgerda/guppy_SUP/busco_results_racon/run_glires_odb10/metaeuk_output/initial_results/ragtag.scaffold.fasta.modified.fas 
# Current dir:     /home/bgerda/guppy_SUP
# Date:            Sun May 21 17:05:45 2023
# [ok]
