#                                                                                             --- full sequence --- -------------- this domain -------------   hmm coord   ali coord   env coord
# target name                         accession   tlen query name           accession   qlen   E-value  score  bias   #  of  c-Evalue  i-Evalue  score  bias  from    to  from    to  from    to  acc description of target
#                 ------------------- ---------- ----- -------------------- ---------- ----- --------- ------ ----- --- --- --------- --------- ------ ----- ----- ----- ----- ----- ----- ----- ---- ---------------------
NW_025965314.1_RagTag:111342-113196   -            313 21087at314147        -            368   3.5e-45  151.2  23.5   1   1   3.4e-46   4.6e-45  150.8  23.5    10   291    15   298     8   306 0.88 -
NW_025965323.1_RagTag:1257581-1256595 -            329 21087at314147        -            368   1.2e-24   83.6  19.1   1   1   1.1e-25   1.5e-24   83.3  19.1    11   294    24   314    15   328 0.78 -
NW_025965319.1_RagTag:179652-180722   -            357 21087at314147        -            368   5.6e-23   78.1  13.9   1   1   5.2e-24   7.2e-23   77.7  13.9    10   283    29   300    23   347 0.79 -
NW_025965278.1_RagTag:261099-260431   -            223 21087at314147        -            368     1e-20   70.7   5.4   1   1   8.9e-22   1.2e-20   70.4   5.4   106   293     1   184     1   190 0.85 -
NW_025965161.1_RagTag:402292-401603   -            230 21087at314147        -            368   8.4e-20   67.6   9.8   1   1   7.5e-21     1e-19   67.3   9.8    12   195    36   228    28   230 0.81 -
NW_025965256.1_RagTag:799553-800899   -            449 21087at314147        -            368   9.8e-19   64.1  14.5   1   2   1.7e-14   2.3e-13   46.5  10.3    16   193    30   217    18   222 0.84 -
NW_025965256.1_RagTag:799553-800899   -            449 21087at314147        -            368   9.8e-19   64.1  14.5   2   2   2.3e-06   3.2e-05   19.7   0.1   209   299   259   353   243   369 0.78 -
NW_025965307.1_RagTag:921961-923724   -            588 21087at314147        -            368   1.6e-18   63.4  28.7   1   2     5e-16   6.9e-15   51.5  15.8     5   190    64   250    62   256 0.86 -
NW_025965307.1_RagTag:921961-923724   -            588 21087at314147        -            368   1.6e-18   63.4  28.7   2   2   9.5e-06   0.00013   17.7   4.9   213   293   480   556   469   571 0.81 -
NW_025965316.1_RagTag:3770392-3769725 -            220 21087at314147        -            368   1.8e-18   63.3   9.3   1   1   1.7e-19   2.4e-18   62.9   9.3    13   193    37   216    32   218 0.83 -
contig_25261_pilon:2013-1030          -            328 21087at314147        -            368   4.6e-18   61.9  18.9   1   1   4.5e-19   6.3e-18   61.5  18.9    10   288    24   310    18   317 0.79 -
contig_67641_pilon:735-19             -            239 21087at314147        -            368   5.8e-18   61.6  16.1   1   1   8.1e-19   1.1e-17   60.7  16.1    16   241     8   236     2   239 0.76 -
NW_025965321.1_RagTag:4191413-4192267 -            285 21087at314147        -            368   2.4e-16   56.3  19.6   1   1   3.8e-17   5.2e-16   55.2  19.7    15   246    29   252    22   263 0.82 -
NW_025965230.1_RagTag:330445-329291   -            385 21087at314147        -            368   4.5e-14   48.8   7.6   1   1   6.3e-15   8.7e-14   47.8   7.6    10   291    41   326    36   333 0.80 -
NW_025965148.1_RagTag:223803-222829   -            325 21087at314147        -            368   5.6e-14   48.5  13.6   1   2   9.3e-15   1.3e-13   47.3   9.5     4   185    42   219    39   245 0.85 -
NW_025965148.1_RagTag:223803-222829   -            325 21087at314147        -            368   5.6e-14   48.5  13.6   2   2      0.22       3.1    3.3   0.1   215   237   303   325   286   325 0.82 -
contig_57885_pilon:1608-2156          -            183 21087at314147        -            368     8e-14   48.0   9.0   1   1   7.4e-15     1e-13   47.6   9.0    10   152    32   178    25   182 0.82 -
NW_025965108.1_RagTag:141185-142166   -            318 21087at314147        -            368   2.1e-12   43.3   7.2   1   1     6e-13   8.3e-12   41.3   7.2    15   281    40   308    29   316 0.73 -
NW_025965421.1_RagTag:170983-171649   -            201 21087at314147        -            368   4.2e-12   42.3   6.5   1   2   1.1e-12   1.5e-11   40.5   0.2    71   191     6   125     2   132 0.90 -
NW_025965421.1_RagTag:170983-171649   -            201 21087at314147        -            368   4.2e-12   42.3   6.5   2   2      0.13       1.9    4.0   3.5   219   288   128   198   122   201 0.78 -
NW_025965322.1_RagTag:1853197-1851811 -            304 21087at314147        -            368   7.1e-11   38.3   8.0   1   2   6.9e-09   9.6e-08   28.0   3.8    11   117    46   151    40   163 0.85 -
NW_025965322.1_RagTag:1853197-1851811 -            304 21087at314147        -            368   7.1e-11   38.3   8.0   2   2   0.00038    0.0053   12.4   0.1   219   294   212   292   190   302 0.83 -
NW_025965317.1_RagTag:3117198-3115780 -            473 21087at314147        -            368   2.5e-10   36.5  13.7   1   1   2.6e-11   3.6e-10   36.0  13.7     7   298   119   417   111   462 0.73 -
contig_70120_pilon:645-1523           -            293 21087at314147        -            368   3.3e-10   36.1   6.2   1   2   7.7e-11   1.1e-09   34.4   2.8    13   129    15   137    11   165 0.83 -
contig_70120_pilon:645-1523           -            293 21087at314147        -            368   3.3e-10   36.1   6.2   2   2      0.27       3.8    3.0   0.1   244   291   244   291   226   293 0.81 -
contig_77425_pilon:139-1061           -            303 21087at314147        -            368   4.8e-10   35.5  15.2   1   2   1.1e-10   1.5e-09   33.9  14.1     3   146    20   163    18   226 0.78 -
contig_77425_pilon:139-1061           -            303 21087at314147        -            368   4.8e-10   35.5  15.2   2   2       2.5        34   -0.2   0.0   265   294   270   299   265   302 0.80 -
NW_025965315.1_RagTag:2428899-2429805 -            300 21087at314147        -            368   6.3e-10   35.2  16.8   1   1   8.5e-11   1.2e-09   34.3  16.8    20   291    34   297    19   300 0.75 -
contig_36220_pilon:1243-2185          -            312 21087at314147        -            368   7.1e-10   35.0  16.4   1   1   8.4e-10   1.2e-08   31.0  16.4    20   291    36   300    21   312 0.71 -
NW_025965266.1_RagTag:233489-231545   -            420 21087at314147        -            368   8.5e-10   34.7  11.4   1   2   1.2e-09   1.7e-08   30.4   6.6    11   134    47   173    42   230 0.81 -
NW_025965266.1_RagTag:233489-231545   -            420 21087at314147        -            368   8.5e-10   34.7  11.4   2   2      0.02      0.27    6.7   0.1   219   291   341   407   337   416 0.65 -
NW_025965295.1_RagTag:908868-907624   -            415 21087at314147        -            368   2.6e-09   33.1  25.1   1   1     3e-10   4.2e-09   32.4  25.1     5   245    89   326    85   372 0.74 -
contig_45643_pilon:1939-1040          -            300 21087at314147        -            368     3e-09   32.9   3.7   1   2   2.1e-10     3e-09   32.9   3.7     8   118    21   130    15   156 0.82 -
contig_45643_pilon:1939-1040          -            300 21087at314147        -            368     3e-09   32.9   3.7   2   2       4.1        57   -0.9   1.5   255   298   188   238   152   272 0.57 -
NW_025965313.1_RagTag:8909-65962      -            278 21087at314147        -            368   3.7e-09   32.6   9.9   1   2   4.6e-10   6.4e-09   31.8   7.2     3   120    24   140    22   208 0.79 -
NW_025965313.1_RagTag:8909-65962      -            278 21087at314147        -            368   3.7e-09   32.6   9.9   2   2      0.85        12    1.4   0.0   262   291   247   276   241   278 0.84 -
NW_025965313.1_RagTag:59105-59614     -            170 21087at314147        -            368   3.9e-09   32.6   9.1   1   1   3.3e-10   4.6e-09   32.3   9.1    14   143    26   153    15   168 0.75 -
NW_025965008.1_RagTag:207523-173283   -            295 21087at314147        -            368   4.6e-09   32.3  20.5   1   1   3.8e-08   5.3e-07   25.5  20.5    17   297    19   294     9   295 0.66 -
contig_27735_pilon:510-1              -            170 21087at314147        -            368     9e-09   31.4   4.2   1   1   7.3e-10     1e-08   31.2   4.2    15   136    40   163    29   170 0.80 -
NW_025965182.1_RagTag:1728940-1729338 -            133 21087at314147        -            368   1.1e-08   31.0   3.3   1   1   9.4e-10   1.3e-08   30.8   3.3    19   115    32   128    17   132 0.80 -
NW_025965320.1_RagTag:846847-801819   -            267 21087at314147        -            368   1.7e-08   30.4  11.9   1   2   3.2e-09   4.5e-08   29.1   5.6    20   143     5   126     2   158 0.84 -
NW_025965320.1_RagTag:846847-801819   -            267 21087at314147        -            368   1.7e-08   30.4  11.9   2   2     0.066      0.91    5.0   0.3   265   299   178   212   125   224 0.75 -
NW_025965320.1_RagTag:846850-846021   -            271 21087at314147        -            368   2.3e-08   30.0   4.7   1   3   1.7e-09   2.3e-08   30.0   4.7    20   137     6   125     1   140 0.82 -
NW_025965320.1_RagTag:846850-846021   -            271 21087at314147        -            368   2.3e-08   30.0   4.7   2   3      0.24       3.4    3.1   0.3   261   299   167   208   132   221 0.78 -
NW_025965320.1_RagTag:846850-846021   -            271 21087at314147        -            368   2.3e-08   30.0   4.7   3   3       7.7   1.1e+02   -1.8   0.0   264   293   240   269   234   271 0.74 -
NW_025965331.1_RagTag:86119-102345    -            282 21087at314147        -            368   2.4e-08   30.0   5.1   1   2   2.8e-08   3.9e-07   26.0   3.6    15   146    22   150    13   201 0.85 -
NW_025965331.1_RagTag:86119-102345    -            282 21087at314147        -            368   2.4e-08   30.0   5.1   2   2      0.19       2.7    3.5   0.0   254   293   240   279   221   281 0.84 -
contig_19626_pilon:706-1617           -            304 21087at314147        -            368   2.4e-08   29.9   7.0   1   3   1.7e-09   2.4e-08   29.9   7.0     6   115    25   133    21   141 0.81 -
contig_19626_pilon:706-1617           -            304 21087at314147        -            368   2.4e-08   29.9   7.0   2   3      0.28       3.9    3.0   2.0    73   133   145   210   133   241 0.80 -
contig_19626_pilon:706-1617           -            304 21087at314147        -            368   2.4e-08   29.9   7.0   3   3       4.3        60   -1.0   0.0   263   287   276   300   260   303 0.82 -
NW_025965146.1_RagTag:91849-90956     -            276 21087at314147        -            368   4.4e-08   29.1   3.7   1   2   3.2e-09   4.4e-08   29.1   3.7    20   115    34   129    16   160 0.85 -
NW_025965146.1_RagTag:91849-90956     -            276 21087at314147        -            368   4.4e-08   29.1   3.7   2   2       5.3        73   -1.2   0.0   264   288   247   271   242   275 0.73 -
NW_025965313.1_RagTag:1618159-1619045 -            294 21087at314147        -            368     6e-08   28.6   7.3   1   2   1.3e-07   1.8e-06   23.8   3.3     3   115     9   120     7   146 0.83 -
NW_025965313.1_RagTag:1618159-1619045 -            294 21087at314147        -            368     6e-08   28.6   7.3   2   2     0.021      0.29    6.7   0.1   241   294   238   292   224   294 0.81 -
NW_025965250.1_RagTag:29037-28351     -            229 21087at314147        -            368     7e-08   28.4   9.3   1   1   6.6e-09   9.1e-08   28.0   9.3    17   144    44   173    32   222 0.77 -
NW_025965008.1_RagTag:160158-159256   -            301 21087at314147        -            368   7.3e-08   28.4  10.6   1   2   4.2e-08   5.9e-07   25.4   5.1    11   116    27   132    18   168 0.79 -
NW_025965008.1_RagTag:160158-159256   -            301 21087at314147        -            368   7.3e-08   28.4  10.6   2   2     0.036       0.5    5.9   0.1   256   291   266   301   248   301 0.85 -
contig_72985_pilon:1531-2240          -            234 21087at314147        -            368   7.8e-08   28.3   8.7   1   1   6.5e-09   8.9e-08   28.1   8.7     4   137    21   155    18   220 0.83 -
NW_025965151.1_RagTag:183391-181437   -            195 21087at314147        -            368     8e-08   28.2  14.5   1   1   6.5e-09     9e-08   28.1  14.5    91   282     4   192     1   195 0.78 -
NW_025965101.1_RagTag:46542-45745     -            266 21087at314147        -            368   2.2e-07   26.8   6.1   1   1   1.8e-08   2.5e-07   26.6   6.1    16   141    32   159    17   225 0.82 -
NW_025965426.1_RagTag:106641-105805   -            279 21087at314147        -            368   2.8e-07   26.4   5.7   1   2     2e-08   2.8e-07   26.4   5.7    18   145     5   134     2   189 0.81 -
NW_025965426.1_RagTag:106641-105805   -            279 21087at314147        -            368   2.8e-07   26.4   5.7   2   2       3.8        53   -0.8   0.1   256   288   241   272   202   276 0.60 -
NW_025965426.1_RagTag:17750-65099     -            286 21087at314147        -            368   3.7e-07   26.0   4.8   1   2   2.7e-08   3.7e-07   26.0   4.8    12   132    15   136     9   154 0.82 -
NW_025965426.1_RagTag:17750-65099     -            286 21087at314147        -            368   3.7e-07   26.0   4.8   2   2       6.9        96   -1.6   0.1   244   282   244   281   212   286 0.57 -
NW_025965008.1_RagTag:184192-173292   -            306 21087at314147        -            368   9.9e-07   24.6  20.8   1   1   7.2e-06    0.0001   18.0  20.8    17   293    33   304    20   306 0.61 -
contig_26960_pilon:456-1361           -            302 21087at314147        -            368   1.3e-06   24.3   4.3   1   2   2.7e-05   0.00037   16.2   2.2    19   116    32   129    21   160 0.83 -
contig_26960_pilon:456-1361           -            302 21087at314147        -            368   1.3e-06   24.3   4.3   2   2    0.0077      0.11    8.1   0.0   262   293   271   301   267   302 0.85 -
NW_025965235.1_RagTag:60087-59185     -            301 21087at314147        -            368   1.5e-06   24.0   9.4   1   1   1.7e-06   2.4e-05   20.1   9.4    17   184    31   207    17   301 0.67 -
contig_30302_pilon:1965-1053          -            290 21087at314147        -            368   1.6e-06   24.0  12.0   1   1     3e-07   4.1e-06   22.6  12.0     7   135    26   156    21   289 0.80 -
contig_75679_pilon:812-1679           -            286 21087at314147        -            368   1.8e-06   23.8  19.0   1   1   1.3e-06   1.8e-05   20.5  19.0    15   186    20   184    10   286 0.71 -
NW_025965251.1_RagTag:376661-375814   -            272 21087at314147        -            368   2.7e-06   23.2  12.1   1   1   2.9e-06     4e-05   19.3  12.1    13   142    11   140     6   272 0.85 -
contig_14807_pilon:1398-489           -            298 21087at314147        -            368   3.4e-06   22.9   9.7   1   2   1.2e-06   1.7e-05   20.6   6.5    17   126    30   147    22   242 0.82 -
contig_14807_pilon:1398-489           -            298 21087at314147        -            368   3.4e-06   22.9   9.7   2   2       0.2       2.8    3.4   0.1   259   287   267   295   241   298 0.83 -
contig_23379_pilon:2033-1140          -            298 21087at314147        -            368   3.7e-06   22.8   7.6   1   2   2.7e-07   3.7e-06   22.8   7.6    20   141    32   155    21   172 0.78 -
contig_23379_pilon:2033-1140          -            298 21087at314147        -            368   3.7e-06   22.8   7.6   2   2       5.9        81   -1.4   0.0   256   284   262   290   200   298 0.60 -
NW_025965426.1_RagTag:64293-65108     -            272 21087at314147        -            368   3.8e-06   22.7   3.1   1   2   2.8e-07   3.8e-06   22.7   3.1    18   132     4   119     1   135 0.81 -
NW_025965426.1_RagTag:64293-65108     -            272 21087at314147        -            368   3.8e-06   22.7   3.1   2   2       4.5        62   -1.0   0.1   244   287   227   269   197   271 0.61 -
NW_025965320.1_RagTag:799549-798621   -            308 21087at314147        -            368   4.7e-06   22.4   2.8   1   3   3.4e-07   4.7e-06   22.4   2.8     4   118    21   134    18   160 0.85 -
NW_025965320.1_RagTag:799549-798621   -            308 21087at314147        -            368   4.7e-06   22.4   2.8   2   3       5.3        73   -1.2   0.4   266   298   202   240   164   252 0.63 -
NW_025965320.1_RagTag:799549-798621   -            308 21087at314147        -            368   4.7e-06   22.4   2.8   3   3       4.4        61   -1.0   0.1   261   286   270   295   213   304 0.63 -
NW_025965230.1_RagTag:981313-980414   -            300 21087at314147        -            368   6.3e-06   22.0  12.4   1   1     4e-05   0.00055   15.6  12.4    15   290    27   297    16   300 0.60 -
contig_56588_pilon:2289-1497          -            252 21087at314147        -            368   6.5e-06   21.9  12.6   1   2   2.2e-06   3.1e-05   19.7  10.8    25   148     2   120     1   189 0.77 -
contig_56588_pilon:2289-1497          -            252 21087at314147        -            368   6.5e-06   21.9  12.6   2   2      0.47       6.6    2.2   0.0   266   292   225   251   212   252 0.82 -
NW_025965008.1_RagTag:167884-163548   -            147 21087at314147        -            368   7.7e-06   21.7   1.4   1   1   6.6e-07   9.1e-06   21.5   1.4    17   116    25   117    13   138 0.79 -
NW_025965313.1_RagTag:1578926-1577992 -            301 21087at314147        -            368   8.6e-06   21.5  14.7   1   2     8e-06   0.00011   17.9   8.2    12   139    34   160    24   179 0.72 -
NW_025965313.1_RagTag:1578926-1577992 -            301 21087at314147        -            368   8.6e-06   21.5  14.7   2   2     0.013      0.19    7.3   1.0   235   293   240   299   167   301 0.65 -
NW_025965352.1_RagTag:34299-33355     -            315 21087at314147        -            368   9.8e-06   21.4  11.6   1   1   9.9e-07   1.4e-05   20.9  11.6    12   196    36   232    31   305 0.69 -
contig_68255_pilon:858-0              -            263 21087at314147        -            368   1.1e-05   21.1   1.0   1   1   8.3e-07   1.1e-05   21.1   1.0    19   116    35   125    20   134 0.81 -
NW_025965223.1_RagTag:121394-120495   -            300 21087at314147        -            368   1.3e-05   21.0  11.4   1   2   1.3e-06   1.8e-05   20.5   7.1    17   138    25   148    14   165 0.71 -
NW_025965223.1_RagTag:121394-120495   -            300 21087at314147        -            368   1.3e-05   21.0  11.4   2   2      0.55       7.6    2.0   0.0   265   293   268   296   242   299 0.81 -
NW_025965331.1_RagTag:82371-81553     -            273 21087at314147        -            368   1.4e-05   20.8  12.4   1   2   7.1e-06   9.8e-05   18.1   9.9    21   195     3   189     1   210 0.73 -
NW_025965331.1_RagTag:82371-81553     -            273 21087at314147        -            368   1.4e-05   20.8  12.4   2   2      0.24       3.3    3.2   0.0   263   294   240   271   217   273 0.86 -
NW_025965203.1_RagTag:450455-451276   -            274 21087at314147        -            368   1.9e-05   20.4   6.8   1   1   1.6e-06   2.3e-05   20.2   6.8    16   127    21   129    11   209 0.75 -
contig_16391_pilon:1811-892           -            276 21087at314147        -            368   2.1e-05   20.3  17.6   1   3   6.6e-05   0.00092   14.9  13.2    13   120    29   136    19   196 0.73 -
contig_16391_pilon:1811-892           -            276 21087at314147        -            368   2.1e-05   20.3  17.6   2   3       1.7        23    0.4   3.3   226   299   133   213   130   241 0.57 -
contig_16391_pilon:1811-892           -            276 21087at314147        -            368   2.1e-05   20.3  17.6   3   3      0.04      0.55    5.7   0.2   243   292   224   273   207   276 0.80 -
NW_025965320.1_RagTag:792323-791874   -            150 21087at314147        -            368   2.1e-05   20.2   1.6   1   1   1.7e-06   2.3e-05   20.1   1.6    14   118    26   130    16   150 0.79 -
NW_025965123.1_RagTag:1592694-1591777 -            306 21087at314147        -            368   2.5e-05   20.1  19.1   1   1   1.6e-05   0.00022   16.9  19.1     7   293    20   299    15   306 0.77 -
contig_45575_pilon:1119-2019          -            296 21087at314147        -            368   2.5e-05   20.0   1.4   1   2   1.8e-06   2.5e-05   20.0   1.4    24   142    36   152    24   174 0.89 -
contig_45575_pilon:1119-2019          -            296 21087at314147        -            368   2.5e-05   20.0   1.4   2   2         2        28    0.1   0.1   243   298   178   234   157   271 0.70 -
contig_30879_pilon:3182-2259          -            308 21087at314147        -            368   2.7e-05   19.9  12.4   1   2   1.3e-05   0.00018   17.2   8.7    17   115    37   135    25   237 0.83 -
contig_30879_pilon:3182-2259          -            308 21087at314147        -            368   2.7e-05   19.9  12.4   2   2      0.11       1.5    4.3   0.1   259   289   274   304   242   308 0.81 -
NW_025965123.1_RagTag:1599996-1599049 -            316 21087at314147        -            368     4e-05   19.4   6.4   1   2   2.9e-06     4e-05   19.4   6.4    15   127    42   153    32   174 0.82 -
NW_025965123.1_RagTag:1599996-1599049 -            316 21087at314147        -            368     4e-05   19.4   6.4   2   2      0.68       9.4    1.7   0.1   256   292   278   314   248   316 0.80 -
NW_025965209.1_RagTag:596644-597198   -            185 21087at314147        -            368   4.1e-05   19.3   8.6   1   1   4.5e-06   6.3e-05   18.7   8.6   215   298    96   177    44   184 0.65 -
NW_025965123.1_RagTag:1692788-1693690 -            301 21087at314147        -            368   5.8e-05   18.8   1.8   1   1   4.2e-06   5.8e-05   18.8   1.8    10   117    22   129    16   168 0.84 -
NW_025965431.1_RagTag:13941-14826     -            284 21087at314147        -            368   6.2e-05   18.7   6.7   1   2   0.00076      0.01   11.4   0.6    76   130    74   128    51   148 0.84 -
NW_025965431.1_RagTag:13941-14826     -            284 21087at314147        -            368   6.2e-05   18.7   6.7   2   2    0.0018     0.024   10.2   0.2   244   294   234   284   217   284 0.83 -
NW_025965320.1_RagTag:825316-811740   -            300 21087at314147        -            368   7.3e-05   18.5  14.4   1   1   7.4e-06    0.0001   18.0  13.7     6   191    28   217    24   229 0.71 -
NW_025965426.1_RagTag:29173-28250     -            308 21087at314147        -            368   8.5e-05   18.3  12.9   1   1   6.1e-06   8.5e-05   18.3  12.9    13   189    27   206    19   217 0.71 -
NW_025965008.1_RagTag:147463-148386   -            308 21087at314147        -            368   8.5e-05   18.3  11.7   1   2   0.00077     0.011   11.4   5.6    17   120    33   136    21   165 0.76 -
NW_025965008.1_RagTag:147463-148386   -            308 21087at314147        -            368   8.5e-05   18.3  11.7   2   2    0.0016     0.022   10.4   0.2   240   294   251   305   236   307 0.90 -
contig_57973_pilon:1251-358           -            298 21087at314147        -            368   8.6e-05   18.3   2.5   1   2   6.2e-06   8.6e-05   18.3   2.5    20   117    28   125    12   166 0.74 -
contig_57973_pilon:1251-358           -            298 21087at314147        -            368   8.6e-05   18.3   2.5   2   2         4        55   -0.9   0.0   248   298   183   234   163   242 0.72 -
NW_025965315.1_RagTag:2412143-2413039 -            299 21087at314147        -            368     9e-05   18.2  14.2   1   1   8.8e-06   0.00012   17.8  14.2    20   238    34   257    21   294 0.73 -
NW_025965581.1_RagTag:2490-3395       -            302 21087at314147        -            368   9.7e-05   18.1   9.6   1   3   5.4e-05   0.00074   15.2   2.9    17   143    26   154    13   167 0.72 -
NW_025965581.1_RagTag:2490-3395       -            302 21087at314147        -            368   9.7e-05   18.1   9.6   2   3      0.61       8.4    1.8   0.4   139   180   204   246   177   256 0.76 -
NW_025965581.1_RagTag:2490-3395       -            302 21087at314147        -            368   9.7e-05   18.1   9.6   3   3      0.17       2.3    3.7   0.0   265   293   271   299   263   301 0.83 -
NW_025965108.1_RagTag:141726-142244   -            173 21087at314147        -            368    0.0001   18.0   2.8   1   1   8.9e-06   0.00012   17.7   2.8   219   295    70   151    11   164 0.71 -
NW_025965352.1_RagTag:10910-11527     -            206 21087at314147        -            368    0.0001   18.0   7.9   1   1   7.9e-06   0.00011   17.9   7.3    12   139    26   151    20   178 0.80 -
NW_025965305.1_RagTag:1593388-1609213 -            255 21087at314147        -            368   0.00012   17.8   2.2   1   2   8.6e-06   0.00012   17.8   2.2    23   117     2    96     1   134 0.79 -
NW_025965305.1_RagTag:1593388-1609213 -            255 21087at314147        -            368   0.00012   17.8   2.2   2   2       7.1        98   -1.7   0.8   268   287   230   249   177   254 0.51 -
NW_025965140.1_RagTag:813619-812738   -            294 21087at314147        -            368   0.00012   17.7  14.3   1   2   9.1e-05    0.0013   14.4   8.9    17   116    29   128    18   160 0.82 -
NW_025965140.1_RagTag:813619-812738   -            294 21087at314147        -            368   0.00012   17.7  14.3   2   2     0.021      0.29    6.7   0.2   255   328   195   266   171   291 0.78 -
NW_025965324.1_RagTag:3751936-3751007 -            279 21087at314147        -            368   0.00019   17.1   6.8   1   3   1.4e-05   0.00019   17.1   6.8    15   117    31   130    19   156 0.69 -
NW_025965324.1_RagTag:3751936-3751007 -            279 21087at314147        -            368   0.00019   17.1   6.8   2   3       2.7        38   -0.3   0.3   287   358   147   219   130   229 0.62 -
NW_025965324.1_RagTag:3751936-3751007 -            279 21087at314147        -            368   0.00019   17.1   6.8   3   3       1.9        26    0.2   0.0   258   291   239   272   216   276 0.74 -
contig_67131_pilon:894-1              -            298 21087at314147        -            368   0.00022   16.9  12.2   1   1   0.00011    0.0015   14.1  12.2    20   143    33   158    22   298 0.82 -
contig_9927_pilon:1158-472            -            183 21087at314147        -            368   0.00022   16.9   2.8   1   2   0.00094     0.013   11.1   0.7    81   121    18    58     3    86 0.85 -
contig_9927_pilon:1158-472            -            183 21087at314147        -            368   0.00022   16.9   2.8   2   2     0.028      0.39    6.2   0.1   262   295   148   181   123   183 0.82 -
contig_11065_pilon:1203-445           -            242 21087at314147        -            368   0.00023   16.8   2.9   1   1   2.2e-05   0.00031   16.4   2.9    20   118    36   134    23   171 0.81 -
contig_48637_pilon:1311-406           -            302 21087at314147        -            368   0.00024   16.8   8.2   1   2   1.7e-05   0.00024   16.8   8.2     4   138    17   152    15   215 0.76 -
contig_48637_pilon:1311-406           -            302 21087at314147        -            368   0.00024   16.8   8.2   2   2       4.1        57   -0.9   0.2   119   149   194   224   170   239 0.63 -
NW_025965138.1_RagTag:8461-7640       -            274 21087at314147        -            368   0.00027   16.6   6.8   1   2   1.9e-05   0.00027   16.6   6.8    17   141     6   132     2   187 0.80 -
NW_025965138.1_RagTag:8461-7640       -            274 21087at314147        -            368   0.00027   16.6   6.8   2   2         4        55   -0.8   0.0   268   285   249   266   213   273 0.62 -
NW_025965307.1_RagTag:57189-57698     -            170 21087at314147        -            368   0.00029   16.5   1.7   1   1   2.4e-05   0.00034   16.3   1.7    17   135    33   153    19   165 0.76 -
NW_025965256.1_RagTag:9881-8692       -            297 21087at314147        -            368   0.00032   16.4  13.6   1   1   0.00042    0.0059   12.2  13.6    13   289    25   290    17   296 0.67 -
contig_45284_pilon:1146-1930          -            259 21087at314147        -            368   0.00035   16.3  17.7   1   1   4.2e-05   0.00058   15.5  17.0    20   181    33   199    22   220 0.71 -
NW_025965305.1_RagTag:1568367-1569271 -            291 21087at314147        -            368   0.00036   16.2  12.7   1   2   2.6e-05   0.00036   16.2   9.2    18   142    24   150    17   216 0.84 -
NW_025965305.1_RagTag:1568367-1569271 -            291 21087at314147        -            368   0.00036   16.2  12.7   2   2       2.1        29    0.1   0.0   266   292   264   290   255   291 0.81 -
contig_81842_pilon:1464-697           -            256 21087at314147        -            368    0.0008   15.1   6.4   1   2   0.00015     0.002   13.8   2.0    44   132    12   103     6   123 0.69 -
contig_81842_pilon:1464-697           -            256 21087at314147        -            368    0.0008   15.1   6.4   2   2      0.17       2.3    3.7   0.2   257   292   220   255   192   256 0.85 -
NW_025965054.1_RagTag:7836-7369       -            156 21087at314147        -            368   0.00086   15.0   0.3   1   1   7.3e-05     0.001   14.7   0.3    34   142    15   125     6   139 0.74 -
NW_025965101.1_RagTag:56170-56871     -            234 21087at314147        -            368   0.00088   14.9   3.6   1   2    0.0021     0.029    9.9   2.1    81   130    20    72    13   152 0.80 -
NW_025965101.1_RagTag:56170-56871     -            234 21087at314147        -            368   0.00088   14.9   3.6   2   2     0.093       1.3    4.5   0.0   262   295   196   229   192   234 0.86 -
NW_025965233.1_RagTag:189853-190770   -            306 21087at314147        -            368    0.0011   14.6   8.2   1   2   0.00039    0.0055   12.3   5.7     4   133    20   150    17   232 0.81 -
NW_025965233.1_RagTag:189853-190770   -            306 21087at314147        -            368    0.0011   14.6   8.2   2   2      0.24       3.3    3.2   0.0   265   294   275   304   233   306 0.79 -
contig_44821_pilon:548-0              -            183 21087at314147        -            368    0.0021   13.7   7.9   1   1   0.00018    0.0024   13.5   7.9    13   143    27   159    15   166 0.76 -
NW_025965273.1_RagTag:377227-377896   -            191 21087at314147        -            368    0.0024   13.5  10.1   1   1    0.0028     0.039    9.5  10.0    24   137    21   122     3   130 0.69 -
contig_59306_pilon:950-1787           -            276 21087at314147        -            368     0.003   13.2   4.5   1   2   0.00026    0.0036   12.9   3.8    18   116    36   134    27   228 0.80 -
contig_59306_pilon:950-1787           -            276 21087at314147        -            368     0.003   13.2   4.5   2   2       6.5        91   -1.6   0.0   273   297   216   240   179   251 0.70 -
NW_025965235.1_RagTag:58504-57605     -            300 21087at314147        -            368    0.0036   12.9  11.6   1   1    0.0028     0.039    9.5  11.6    19   157    31   180    18   300 0.69 -
NW_025965431.1_RagTag:35565-34649     -            304 21087at314147        -            368    0.0044   12.6  14.6   1   2   0.00077     0.011   11.4  13.6     4   145    21   163    18   247 0.63 -
NW_025965431.1_RagTag:35565-34649     -            304 21087at314147        -            368    0.0044   12.6  14.6   2   2       3.2        45   -0.5   0.0   262   290   271   299   232   304 0.74 -
NW_025965123.1_RagTag:1802252-1682359 -            266 21087at314147        -            368     0.013   11.1  16.2   1   2     0.034      0.47    6.0  12.4     6   144     3   127     1   199 0.73 -
NW_025965123.1_RagTag:1802252-1682359 -            266 21087at314147        -            368     0.013   11.1  16.2   2   2       0.8        11    1.4   0.1   264   291   237   264   202   266 0.74 -
NW_025965317.1_RagTag:2485493-2486315 -            269 21087at314147        -            368     0.027   10.1  13.7   1   1    0.0028     0.039    9.5  13.6    19   197    16   201     8   233 0.74 -
#
# Program:         hmmsearch
# Version:         3.1b2 (February 2015)
# Pipeline mode:   SEARCH
# Query file:      /home/bgerda/guppy_SUP/busco_downloads/lineages/glires_odb10/hmms/21087at314147.hmm
# Target file:     /home/bgerda/guppy_SUP/busco_results_racon/run_glires_odb10/metaeuk_output/initial_results/ragtag.scaffold.fasta.modified.fas
# Option settings: hmmsearch --domtblout /home/bgerda/guppy_SUP/busco_results_racon/run_glires_odb10/hmmer_output/initial_run_results/21087at314147.out --cpu 1 /home/bgerda/guppy_SUP/busco_downloads/lineages/glires_odb10/hmms/21087at314147.hmm /home/bgerda/guppy_SUP/busco_results_racon/run_glires_odb10/metaeuk_output/initial_results/ragtag.scaffold.fasta.modified.fas 
# Current dir:     /home/bgerda/guppy_SUP
# Date:            Sun May 21 17:05:45 2023
# [ok]
