#                                                                                             --- full sequence --- -------------- this domain -------------   hmm coord   ali coord   env coord
# target name                         accession   tlen query name           accession   qlen   E-value  score  bias   #  of  c-Evalue  i-Evalue  score  bias  from    to  from    to  from    to  acc description of target
#                 ------------------- ---------- ----- -------------------- ---------- ----- --------- ------ ----- --- --- --------- --------- ------ ----- ----- ----- ----- ----- ----- ----- ---- ---------------------
NW_025965314.1_RagTag:111342-113196   -            313 21809at314147        -            209   4.5e-22   75.2   4.5   1   2       2.7   2.5e+02   -2.4   0.4    91    91    48    48    10   123 0.59 -
NW_025965314.1_RagTag:111342-113196   -            313 21809at314147        -            209   4.5e-22   75.2   4.5   2   2   4.8e-24   4.5e-22   75.2   4.5     6   122   185   298   180   311 0.85 -
NW_025965278.1_RagTag:261099-260431   -            223 21809at314147        -            209   4.3e-12   42.6   5.1   1   1   6.2e-14   5.9e-12   42.2   5.1     3   124    67   184    65   192 0.84 -
NW_025965256.1_RagTag:799553-800899   -            449 21809at314147        -            209     9e-08   28.5   0.1   1   1     2e-09   1.9e-07   27.4   0.1    43   133   262   356   245   408 0.69 -
NW_025965323.1_RagTag:1257581-1256595 -            329 21809at314147        -            209   8.3e-06   22.1   2.5   1   2       0.9        85   -0.8   1.3    59    92    98   128    88   163 0.58 -
NW_025965323.1_RagTag:1257581-1256595 -            329 21809at314147        -            209   8.3e-06   22.1   2.5   2   2   8.9e-08   8.3e-06   22.1   2.5     6   123   190   312   185   325 0.68 -
NW_025965256.1_RagTag:1053763-1052636 -            376 21809at314147        -            209   3.5e-05   20.0   6.0   1   1   7.2e-07   6.8e-05   19.1   6.0    13   126   198   312   183   328 0.64 -
NW_025965307.1_RagTag:921961-923724   -            588 21809at314147        -            209   9.8e-05   18.6   3.3   1   1     3e-06   0.00028   17.1   3.3    44   127   480   559   464   577 0.82 -
NW_025965322.1_RagTag:1853197-1851811 -            304 21809at314147        -            209   0.00021   17.5   0.2   1   1   4.9e-06   0.00046   16.4   0.2    37   120   197   287   189   298 0.80 -
NW_025965151.1_RagTag:183391-181437   -            195 21809at314147        -            209   0.00023   17.3   8.2   1   1   3.5e-06   0.00033   16.8   8.2    44   112   126   191    81   195 0.67 -
NW_025965209.1_RagTag:596644-597198   -            185 21809at314147        -            209   0.00064   15.9  16.0   1   2       3.8   3.5e+02   -2.9   2.7    59    78    45    64    22    86 0.53 -
NW_025965209.1_RagTag:596644-597198   -            185 21809at314147        -            209   0.00064   15.9  16.0   2   2   1.1e-05    0.0011   15.2  15.3    48   129    98   177    45   184 0.72 -
contig_25261_pilon:2013-1030          -            328 21809at314147        -            209   0.00074   15.7   0.9   1   1   2.2e-05    0.0021   14.3   0.9    49   124   236   315   191   319 0.75 -
NW_025965108.1_RagTag:141726-142244   -            173 21809at314147        -            209   0.00093   15.4   3.1   1   1   1.5e-05    0.0014   14.8   3.1    40   117    60   142    26   162 0.57 -
NW_025965247.1_RagTag:66521-66763     -             81 21809at314147        -            209    0.0014   14.8   2.5   1   1     2e-05    0.0019   14.4   2.5    47   111    14    77     5    80 0.84 -
NW_025965108.1_RagTag:141185-142166   -            318 21809at314147        -            209    0.0021   14.3   2.1   1   2       1.5   1.5e+02   -1.6   0.0    56    80    43    68    36   103 0.62 -
NW_025965108.1_RagTag:141185-142166   -            318 21809at314147        -            209    0.0021   14.3   2.1   2   2   2.7e-05    0.0026   13.9   0.5    47   114   238   302   197   313 0.55 -
NW_025965319.1_RagTag:179652-180722   -            357 21809at314147        -            209     0.051    9.7  11.7   1   2   0.00054     0.051    9.7   7.3     6    79   197   266   193   304 0.85 -
NW_025965319.1_RagTag:179652-180722   -            357 21809at314147        -            209     0.051    9.7  11.7   2   2      0.32        31    0.6   1.3   124   156   294   328   276   355 0.71 -
NW_025965317.1_RagTag:3117198-3115780 -            473 21809at314147        -            209      0.21    7.7  12.5   1   2       1.5   1.4e+02   -1.5   1.7    88   113   272   296   210   332 0.62 -
NW_025965317.1_RagTag:3117198-3115780 -            473 21809at314147        -            209      0.21    7.7  12.5   2   2   2.9e-05    0.0027   13.9   3.3    44   130   335   418   314   466 0.80 -
#
# Program:         hmmsearch
# Version:         3.1b2 (February 2015)
# Pipeline mode:   SEARCH
# Query file:      /home/bgerda/guppy_SUP/busco_downloads/lineages/glires_odb10/hmms/21809at314147.hmm
# Target file:     /home/bgerda/guppy_SUP/busco_results_racon/run_glires_odb10/metaeuk_output/initial_results/ragtag.scaffold.fasta.modified.fas
# Option settings: hmmsearch --domtblout /home/bgerda/guppy_SUP/busco_results_racon/run_glires_odb10/hmmer_output/initial_run_results/21809at314147.out --cpu 1 /home/bgerda/guppy_SUP/busco_downloads/lineages/glires_odb10/hmms/21809at314147.hmm /home/bgerda/guppy_SUP/busco_results_racon/run_glires_odb10/metaeuk_output/initial_results/ragtag.scaffold.fasta.modified.fas 
# Current dir:     /home/bgerda/guppy_SUP
# Date:            Sun May 21 17:05:44 2023
# [ok]
