#                                                                                             --- full sequence --- -------------- this domain -------------   hmm coord   ali coord   env coord
# target name                         accession   tlen query name           accession   qlen   E-value  score  bias   #  of  c-Evalue  i-Evalue  score  bias  from    to  from    to  from    to  acc description of target
#                 ------------------- ---------- ----- -------------------- ---------- ----- --------- ------ ----- --- --- --------- --------- ------ ----- ----- ----- ----- ----- ----- ----- ---- ---------------------
NW_025965440.1_RagTag:12616-13782     -            389 23602at314147        -            372   1.5e-53  178.6  69.5   1   7   1.4e-07   2.7e-06   23.1   2.1   301   346     2    47     1    49 0.94 -
NW_025965440.1_RagTag:12616-13782     -            389 23602at314147        -            372   1.5e-53  178.6  69.5   2   7   1.6e-11     3e-10   36.1   8.3   280   349    37   106    36   109 0.94 -
NW_025965440.1_RagTag:12616-13782     -            389 23602at314147        -            372   1.5e-53  178.6  69.5   3   7   3.8e-11   7.3e-10   34.8   6.0   280   346    93   159    91   159 0.96 -
NW_025965440.1_RagTag:12616-13782     -            389 23602at314147        -            372   1.5e-53  178.6  69.5   4   7   2.5e-12   4.8e-11   38.7   4.9   281   349   150   218   147   221 0.93 -
NW_025965440.1_RagTag:12616-13782     -            389 23602at314147        -            372   1.5e-53  178.6  69.5   5   7     9e-11   1.7e-09   33.6   7.5   281   346   206   271   204   272 0.93 -
NW_025965440.1_RagTag:12616-13782     -            389 23602at314147        -            372   1.5e-53  178.6  69.5   6   7   1.7e-11   3.3e-10   35.9   9.0   280   349   261   330   259   333 0.94 -
NW_025965440.1_RagTag:12616-13782     -            389 23602at314147        -            372   1.5e-53  178.6  69.5   7   7     1e-10   1.9e-09   33.4   4.9   281   349   318   386   316   389 0.92 -
NW_025965279.1_RagTag:138661-99482    -            245 23602at314147        -            372   4.7e-49  163.8  60.8   1   6   2.7e-12   5.1e-11   38.6   2.9   290   348     1    59     1    60 0.95 -
NW_025965279.1_RagTag:138661-99482    -            245 23602at314147        -            372   4.7e-49  163.8  60.8   2   6     6e-12   1.1e-10   37.4   2.5   285   338    24    77    23    78 0.96 -
NW_025965279.1_RagTag:138661-99482    -            245 23602at314147        -            372   4.7e-49  163.8  60.8   3   6   5.4e-14     1e-12   44.2   5.4   281   351    48   118    46   122 0.94 -
NW_025965279.1_RagTag:138661-99482    -            245 23602at314147        -            372   4.7e-49  163.8  60.8   4   6   5.8e-12   1.1e-10   37.5   5.4   280   338    75   133    74   135 0.96 -
NW_025965279.1_RagTag:138661-99482    -            245 23602at314147        -            372   4.7e-49  163.8  60.8   5   6     3e-09   5.7e-08   28.6   4.7   281   338   132   189   131   190 0.95 -
NW_025965279.1_RagTag:138661-99482    -            245 23602at314147        -            372   4.7e-49  163.8  60.8   6   6   3.5e-13   6.6e-12   41.5   1.3   280   338   187   245   186   245 0.97 -
NW_025965375.1_RagTag:139175-138555   -            207 23602at314147        -            372   3.6e-47  157.6  42.6   1   5   4.1e-11   7.9e-10   34.7   0.9   290   346     3    59     2    59 0.95 -
NW_025965375.1_RagTag:139175-138555   -            207 23602at314147        -            372   3.6e-47  157.6  42.6   2   5   7.3e-14   1.4e-12   43.7   1.2   281   346    22    87    22    88 0.95 -
NW_025965375.1_RagTag:139175-138555   -            207 23602at314147        -            372   3.6e-47  157.6  42.6   3   5   5.4e-14     1e-12   44.2   2.2   280   346    49   115    47   118 0.95 -
NW_025965375.1_RagTag:139175-138555   -            207 23602at314147        -            372   3.6e-47  157.6  42.6   4   5   5.9e-15   1.1e-13   47.3   2.4   280   345    77   142    75   143 0.94 -
NW_025965375.1_RagTag:139175-138555   -            207 23602at314147        -            372   3.6e-47  157.6  42.6   5   5   1.3e-11   2.4e-10   36.4   6.5   280   349   133   202   131   207 0.93 -
NW_025965432.1_RagTag:502378-503097   -            240 23602at314147        -            372   4.7e-43  144.0  62.9   1   6   2.2e-09   4.3e-08   29.0   3.3   285   337     3    55     1    57 0.93 -
NW_025965432.1_RagTag:502378-503097   -            240 23602at314147        -            372   4.7e-43  144.0  62.9   2   6   9.4e-11   1.8e-09   33.5   3.9   281   340    27    86    24    87 0.94 -
NW_025965432.1_RagTag:502378-503097   -            240 23602at314147        -            372   4.7e-43  144.0  62.9   3   6   3.6e-11     7e-10   34.9   4.0   280   333    54   107    51   110 0.96 -
NW_025965432.1_RagTag:502378-503097   -            240 23602at314147        -            372   4.7e-43  144.0  62.9   4   6   2.9e-11   5.5e-10   35.2   2.6   280   337    82   139    80   143 0.95 -
NW_025965432.1_RagTag:502378-503097   -            240 23602at314147        -            372   4.7e-43  144.0  62.9   5   6   8.2e-11   1.6e-09   33.7   4.3   280   333   138   191   136   191 0.96 -
NW_025965432.1_RagTag:502378-503097   -            240 23602at314147        -            372   4.7e-43  144.0  62.9   6   6     2e-13   3.8e-12   42.3   5.5   281   348   167   234   165   240 0.91 -
NW_025965271.1_RagTag:496368-615075   -            290 23602at314147        -            372   1.1e-40  136.2  47.2   1   5   2.5e-10   4.8e-09   32.1   2.4   281   340    10    69     5    69 0.94 -
NW_025965271.1_RagTag:496368-615075   -            290 23602at314147        -            372   1.1e-40  136.2  47.2   2   5     5e-13   9.5e-12   41.0   7.0   280   346    65   131    63   132 0.95 -
NW_025965271.1_RagTag:496368-615075   -            290 23602at314147        -            372   1.1e-40  136.2  47.2   3   5   5.8e-11   1.1e-09   34.2   8.2   280   346   121   187   119   188 0.95 -
NW_025965271.1_RagTag:496368-615075   -            290 23602at314147        -            372   1.1e-40  136.2  47.2   4   5   2.8e-12   5.3e-11   38.5   5.0   280   346   177   243   175   245 0.95 -
NW_025965271.1_RagTag:496368-615075   -            290 23602at314147        -            372   1.1e-40  136.2  47.2   5   5   3.7e-10     7e-09   31.6   3.1   281   335   234   288   231   290 0.94 -
NW_025965022.1_RagTag:243183-242221   -            321 23602at314147        -            372   1.6e-37  125.8  38.2   1   6     2e-11   3.8e-10   35.7   2.5   281   346     1    66     1    68 0.96 -
NW_025965022.1_RagTag:243183-242221   -            321 23602at314147        -            372   1.6e-37  125.8  38.2   2   6   3.3e-06   6.2e-05   18.6   0.3   281   334    57   110    55   115 0.86 -
NW_025965022.1_RagTag:243183-242221   -            321 23602at314147        -            372   1.6e-37  125.8  38.2   3   6      0.13       2.6    3.4   0.0   307   333   108   136   105   139 0.82 -
NW_025965022.1_RagTag:243183-242221   -            321 23602at314147        -            372   1.6e-37  125.8  38.2   4   6   1.1e-11     2e-10   36.6   3.0   280   337   139   196   135   199 0.94 -
NW_025965022.1_RagTag:243183-242221   -            321 23602at314147        -            372   1.6e-37  125.8  38.2   5   6   1.5e-12   2.8e-11   39.5   1.7   281   346   196   261   193   263 0.94 -
NW_025965022.1_RagTag:243183-242221   -            321 23602at314147        -            372   1.6e-37  125.8  38.2   6   6     6e-07   1.2e-05   21.0   3.7   282   348   253   319   250   321 0.92 -
NW_025965341.1_RagTag:36059-35526     -            178 23602at314147        -            372   2.8e-36  121.7  20.5   1   3   3.9e-13   7.4e-12   41.4   1.5   287   339     3    55     1    58 0.93 -
NW_025965341.1_RagTag:36059-35526     -            178 23602at314147        -            372   2.8e-36  121.7  20.5   2   3   1.6e-15     3e-14   49.2   1.4   280   337    52   109    50   111 0.95 -
NW_025965341.1_RagTag:36059-35526     -            178 23602at314147        -            372   2.8e-36  121.7  20.5   3   3   1.8e-14   3.4e-13   45.7   3.5   280   348   108   176   106   178 0.94 -
contig_10836_pilon:82-696             -            205 23602at314147        -            372     3e-36  121.6  62.4   1   5   1.1e-08   2.1e-07   26.7   5.7   290   348     1    59     1    63 0.93 -
contig_10836_pilon:82-696             -            205 23602at314147        -            372     3e-36  121.6  62.4   2   5   3.4e-12   6.5e-11   38.3   7.9   281   348    20    87    17    91 0.94 -
contig_10836_pilon:82-696             -            205 23602at314147        -            372     3e-36  121.6  62.4   3   5     1e-10   1.9e-09   33.4   6.6   280   346    47   113    45   114 0.96 -
contig_10836_pilon:82-696             -            205 23602at314147        -            372     3e-36  121.6  62.4   4   5   1.5e-11   2.8e-10   36.2   2.4   280   333   103   156   101   157 0.97 -
contig_10836_pilon:82-696             -            205 23602at314147        -            372     3e-36  121.6  62.4   5   5   3.9e-12   7.4e-11   38.1   8.1   281   352   132   203   131   205 0.94 -
NW_025965289.1_RagTag:78350-79000     -            217 23602at314147        -            372     1e-35  119.9  42.3   1   5   4.4e-07   8.4e-06   21.4   0.5   298   333    20    55    15    55 0.95 -
NW_025965289.1_RagTag:78350-79000     -            217 23602at314147        -            372     1e-35  119.9  42.3   2   5   1.9e-12   3.5e-11   39.1   3.3   301   352    51   102    50   104 0.94 -
NW_025965289.1_RagTag:78350-79000     -            217 23602at314147        -            372     1e-35  119.9  42.3   3   5   4.3e-11   8.3e-10   34.6   2.6   280   336    86   142    85   144 0.94 -
NW_025965289.1_RagTag:78350-79000     -            217 23602at314147        -            372     1e-35  119.9  42.3   4   5   6.7e-14   1.3e-12   43.9   5.3   279   346   113   180   110   181 0.96 -
NW_025965289.1_RagTag:78350-79000     -            217 23602at314147        -            372     1e-35  119.9  42.3   5   5   1.5e-09   2.9e-08   29.6   1.6   281   327   171   217   170   217 0.97 -
NW_025965341.1_RagTag:72137-72748     -            204 23602at314147        -            372   1.6e-35  119.2  42.6   1   6   7.7e-05    0.0015   14.1   0.4   292   341     3    52     1    55 0.86 -
NW_025965341.1_RagTag:72137-72748     -            204 23602at314147        -            372   1.6e-35  119.2  42.6   2   6   1.8e-10   3.4e-09   32.6   0.9   286   340    25    79    18    80 0.91 -
NW_025965341.1_RagTag:72137-72748     -            204 23602at314147        -            372   1.6e-35  119.2  42.6   3   6   4.7e-10     9e-09   31.2   1.0   286   335    53   102    52   105 0.94 -
NW_025965341.1_RagTag:72137-72748     -            204 23602at314147        -            372   1.6e-35  119.2  42.6   4   6   2.5e-11   4.8e-10   35.4   4.7   280   346    75   141    72   143 0.94 -
NW_025965341.1_RagTag:72137-72748     -            204 23602at314147        -            372   1.6e-35  119.2  42.6   5   6   1.6e-12   3.1e-11   39.3   2.1   281   338   104   161   101   164 0.94 -
NW_025965341.1_RagTag:72137-72748     -            204 23602at314147        -            372   1.6e-35  119.2  42.6   6   6   7.3e-08   1.4e-06   24.0   0.3   280   324   159   203   157   204 0.94 -
contig_36320_pilon:719-1438           -            240 23602at314147        -            372   4.7e-35  117.7  99.5   1   7     2e-07   3.9e-06   22.5   4.9   296   346     2    52     1    52 0.93 -
contig_36320_pilon:719-1438           -            240 23602at314147        -            372   4.7e-35  117.7  99.5   2   7   6.7e-10   1.3e-08   30.7   7.4   281   346    43   108    41   109 0.93 -
contig_36320_pilon:719-1438           -            240 23602at314147        -            372   4.7e-35  117.7  99.5   3   7   7.7e-09   1.5e-07   27.2   8.3   285   346    75   136    74   138 0.93 -
contig_36320_pilon:719-1438           -            240 23602at314147        -            372   4.7e-35  117.7  99.5   4   7   3.1e-10     6e-09   31.8  10.0   281   351    99   169    96   171 0.93 -
contig_36320_pilon:719-1438           -            240 23602at314147        -            372   4.7e-35  117.7  99.5   5   7   8.9e-09   1.7e-07   27.0   9.9   281   346   127   192   125   195 0.92 -
contig_36320_pilon:719-1438           -            240 23602at314147        -            372   4.7e-35  117.7  99.5   6   7   3.7e-08     7e-07   25.0   5.8   281   333   155   207   153   207 0.95 -
contig_36320_pilon:719-1438           -            240 23602at314147        -            372   4.7e-35  117.7  99.5   7   7   3.5e-10   6.6e-09   31.7   5.3   281   338   183   240   181   240 0.94 -
NW_025965182.1_RagTag:1639771-1640832 -            354 23602at314147        -            372   1.1e-34  116.5  50.2   1   8   7.5e-06   0.00014   17.4   0.1   305   352     1    48     1    51 0.90 -
NW_025965182.1_RagTag:1639771-1640832 -            354 23602at314147        -            372   1.1e-34  116.5  50.2   2   8   1.1e-08   2.1e-07   26.7   1.9   280   342    60   122    53   127 0.90 -
NW_025965182.1_RagTag:1639771-1640832 -            354 23602at314147        -            372   1.1e-34  116.5  50.2   3   8   1.7e-07   3.3e-06   22.8   2.3   281   333   117   169   114   171 0.94 -
NW_025965182.1_RagTag:1639771-1640832 -            354 23602at314147        -            372   1.1e-34  116.5  50.2   4   8   1.4e-09   2.6e-08   29.7   2.7   287   337   151   201   149   203 0.94 -
NW_025965182.1_RagTag:1639771-1640832 -            354 23602at314147        -            372   1.1e-34  116.5  50.2   5   8   7.6e-10   1.4e-08   30.5   7.2   280   352   200   272   198   274 0.94 -
NW_025965182.1_RagTag:1639771-1640832 -            354 23602at314147        -            372   1.1e-34  116.5  50.2   6   8   1.3e-07   2.6e-06   23.1   5.7   280   346   228   294   227   295 0.96 -
NW_025965182.1_RagTag:1639771-1640832 -            354 23602at314147        -            372   1.1e-34  116.5  50.2   7   8   1.1e-06   2.2e-05   20.1   2.4   282   333   258   309   255   309 0.95 -
NW_025965182.1_RagTag:1639771-1640832 -            354 23602at314147        -            372   1.1e-34  116.5  50.2   8   8     2e-09   3.8e-08   29.2   6.3   280   346   284   350   279   353 0.95 -
NW_025965250.1_RagTag:230438-229587   -            284 23602at314147        -            372   3.8e-34  114.7  44.2   1   5   1.3e-07   2.4e-06   23.2   3.1   294   339     2    47     1    49 0.93 -
NW_025965250.1_RagTag:230438-229587   -            284 23602at314147        -            372   3.8e-34  114.7  44.2   2   5   2.3e-09   4.5e-08   28.9   2.6   281   337    45   101    42   104 0.93 -
NW_025965250.1_RagTag:230438-229587   -            284 23602at314147        -            372   3.8e-34  114.7  44.2   3   5   1.5e-07   2.9e-06   23.0   7.3   281   337   101   157    98   160 0.92 -
NW_025965250.1_RagTag:230438-229587   -            284 23602at314147        -            372   3.8e-34  114.7  44.2   4   5   5.7e-09   1.1e-07   27.7   2.0   280   337   156   213   154   216 0.93 -
NW_025965250.1_RagTag:230438-229587   -            284 23602at314147        -            372   3.8e-34  114.7  44.2   5   5   1.4e-11   2.6e-10   36.3   3.7   281   351   213   283   210   284 0.95 -
contig_64050_pilon:924-1673           -            250 23602at314147        -            372   1.3e-33  112.9  59.8   1   5   1.6e-06     3e-05   19.6   3.0   302   346     2    46     1    46 0.95 -
contig_64050_pilon:924-1673           -            250 23602at314147        -            372   1.3e-33  112.9  59.8   2   5   5.6e-11   1.1e-09   34.3   6.0   281   346    37   102    35   104 0.93 -
contig_64050_pilon:924-1673           -            250 23602at314147        -            372   1.3e-33  112.9  59.8   3   5     1e-12     2e-11   40.0   6.5   280   344    92   156    90   158 0.95 -
contig_64050_pilon:924-1673           -            250 23602at314147        -            372   1.3e-33  112.9  59.8   4   5   1.4e-10   2.7e-09   32.9   5.3   285   346   125   186   125   186 0.97 -
contig_64050_pilon:924-1673           -            250 23602at314147        -            372   1.3e-33  112.9  59.8   5   5   3.2e-12     6e-11   38.4   7.2   280   351   176   247   174   250 0.92 -
NW_025965358.1_RagTag:7183-6533       -            217 23602at314147        -            372   1.9e-33  112.4  34.7   1   6   2.8e-09   5.4e-08   28.6   1.2   296   343     2    49     1    52 0.87 -
NW_025965358.1_RagTag:7183-6533       -            217 23602at314147        -            372   1.9e-33  112.4  34.7   2   6   1.6e-14     3e-13   45.9   1.5   281   346    15    80    13    81 0.94 -
NW_025965358.1_RagTag:7183-6533       -            217 23602at314147        -            372   1.9e-33  112.4  34.7   3   6   2.2e-11   4.2e-10   35.6   1.2   283   346    45   108    41   109 0.95 -
NW_025965358.1_RagTag:7183-6533       -            217 23602at314147        -            372   1.9e-33  112.4  34.7   4   6    0.0008     0.015   10.7   0.9   281   311    99   129    95   131 0.88 -
NW_025965358.1_RagTag:7183-6533       -            217 23602at314147        -            372   1.9e-33  112.4  34.7   5   6   1.5e-10   2.9e-09   32.8   3.6   281   337   127   183   124   186 0.93 -
NW_025965358.1_RagTag:7183-6533       -            217 23602at314147        -            372   1.9e-33  112.4  34.7   6   6   2.1e-05    0.0004   15.9   0.2   281   314   183   216   180   217 0.89 -
contig_28105_pilon:1415-840           -            192 23602at314147        -            372   1.2e-32  109.7  24.0   1   4     2e-08   3.8e-07   25.9   3.8   297   350     2    55     1    57 0.92 -
contig_28105_pilon:1415-840           -            192 23602at314147        -            372   1.2e-32  109.7  24.0   2   4   6.6e-12   1.3e-10   37.3   0.6   280   333    41    94    39    94 0.97 -
contig_28105_pilon:1415-840           -            192 23602at314147        -            372   1.2e-32  109.7  24.0   3   4   2.4e-07   4.7e-06   22.3   0.4   302   337    91   126    90   128 0.93 -
contig_28105_pilon:1415-840           -            192 23602at314147        -            372   1.2e-32  109.7  24.0   4   4   7.8e-16   1.5e-14   50.2   3.2   280   346   125   191   123   192 0.94 -
NW_025965250.1_RagTag:140650-46794    -            212 23602at314147        -            372   1.9e-32  109.1  17.9   1   3     6e-14   1.1e-12   44.0   0.9   280   338    26    84    19    87 0.93 -
NW_025965250.1_RagTag:140650-46794    -            212 23602at314147        -            372   1.9e-32  109.1  17.9   2   3   9.1e-14   1.7e-12   43.4   0.7   280   338    82   140    78   143 0.94 -
NW_025965250.1_RagTag:140650-46794    -            212 23602at314147        -            372   1.9e-32  109.1  17.9   3   3   8.4e-11   1.6e-09   33.7   4.7   280   352   138   210   136   212 0.94 -
contig_52188_pilon:954-280            -            225 23602at314147        -            372   5.1e-32  107.7  34.2   1   4   2.2e-08   4.3e-07   25.7   1.4   296   339     2    45     1    47 0.93 -
contig_52188_pilon:954-280            -            225 23602at314147        -            372   5.1e-32  107.7  34.2   2   4   1.1e-12   2.1e-11   39.9   5.1   281   346    43   108    40   109 0.94 -
contig_52188_pilon:954-280            -            225 23602at314147        -            372   5.1e-32  107.7  34.2   3   4     6e-10   1.1e-08   30.9   5.2   281   344    99   162    96   165 0.92 -
contig_52188_pilon:954-280            -            225 23602at314147        -            372   5.1e-32  107.7  34.2   4   4   7.2e-11   1.4e-09   33.9   5.5   281   348   155   222   153   225 0.93 -
NW_025965341.1_RagTag:9727-10227      -            167 23602at314147        -            372   4.2e-31  104.7  17.2   1   3   6.4e-09   1.2e-07   27.5   0.7   300   337     5    42     2    44 0.92 -
NW_025965341.1_RagTag:9727-10227      -            167 23602at314147        -            372   4.2e-31  104.7  17.2   2   3   2.3e-14   4.4e-13   45.4   0.7   280   337    41    98    39   100 0.95 -
NW_025965341.1_RagTag:9727-10227      -            167 23602at314147        -            372   4.2e-31  104.7  17.2   3   3   6.3e-14   1.2e-12   44.0   3.2   280   347    97   164    95   167 0.96 -
contig_52188_pilon:1642-1031          -            204 23602at314147        -            372   1.1e-30  103.3  31.9   1   4   2.8e-09   5.3e-08   28.7   2.0   290   339     1    50     1    52 0.94 -
contig_52188_pilon:1642-1031          -            204 23602at314147        -            372   1.1e-30  103.3  31.9   2   4   2.4e-13   4.6e-12   42.1   4.8   281   339    48   106    45   108 0.95 -
contig_52188_pilon:1642-1031          -            204 23602at314147        -            372   1.1e-30  103.3  31.9   3   4   6.4e-11   1.2e-09   34.1   4.6   281   346   104   169   102   169 0.93 -
contig_52188_pilon:1642-1031          -            204 23602at314147        -            372   1.1e-30  103.3  31.9   4   4   3.1e-11     6e-10   35.1   6.7   281   351   132   202   130   204 0.92 -
NW_025965436.1_RagTag:1558-722        -            279 23602at314147        -            372   1.4e-30  102.9  57.9   1   5   5.6e-05    0.0011   14.5   5.1   301   337     2    38     1    43 0.92 -
NW_025965436.1_RagTag:1558-722        -            279 23602at314147        -            372   1.4e-30  102.9  57.9   2   5   2.3e-10   4.4e-09   32.2   5.7   281   346    38   103    35   103 0.95 -
NW_025965436.1_RagTag:1558-722        -            279 23602at314147        -            372   1.4e-30  102.9  57.9   3   5   1.2e-09   2.2e-08   29.9   9.6   278   346    91   159    90   161 0.96 -
NW_025965436.1_RagTag:1558-722        -            279 23602at314147        -            372   1.4e-30  102.9  57.9   4   5   1.4e-08   2.6e-07   26.4   7.9   280   346   149   215   148   217 0.93 -
NW_025965436.1_RagTag:1558-722        -            279 23602at314147        -            372   1.4e-30  102.9  57.9   5   5   1.4e-10   2.6e-09   33.0   9.5   281   348   206   273   204   278 0.94 -
NW_025965317.1_RagTag:1373618-1373070 -            183 23602at314147        -            372   1.5e-30  102.8  23.7   1   3   9.6e-12   1.8e-10   36.8   3.5   279   337    12    70     5    74 0.92 -
NW_025965317.1_RagTag:1373618-1373070 -            183 23602at314147        -            372   1.5e-30  102.8  23.7   2   3   1.2e-11   2.4e-10   36.4   3.7   280   337    69   126    65   130 0.94 -
NW_025965317.1_RagTag:1373618-1373070 -            183 23602at314147        -            372   1.5e-30  102.8  23.7   3   3   1.3e-13   2.4e-12   42.9   2.9   281   337   126   182   124   183 0.94 -
NW_025965301.1_RagTag:101661-100954   -            236 23602at314147        -            372   2.9e-30  102.0  22.2   1   4   2.7e-11   5.1e-10   35.3   0.6   279   332    25    78    11    82 0.92 -
NW_025965301.1_RagTag:101661-100954   -            236 23602at314147        -            372   2.9e-30  102.0  22.2   2   4   7.8e-12   1.5e-10   37.1   0.5   276   333    79   136    77   138 0.96 -
NW_025965301.1_RagTag:101661-100954   -            236 23602at314147        -            372   2.9e-30  102.0  22.2   3   4   4.4e-07   8.4e-06   21.4   0.4   302   337   133   168   132   170 0.93 -
NW_025965301.1_RagTag:101661-100954   -            236 23602at314147        -            372   2.9e-30  102.0  22.2   4   4   4.9e-09   9.4e-08   27.9   4.2   281   346   168   232   165   235 0.90 -
contig_78026_pilon:1103-2245          -            381 23602at314147        -            372   4.8e-30  101.2  36.3   1   5   2.4e-08   4.6e-07   25.6   2.1   278   351     5    82     2    88 0.89 -
contig_78026_pilon:1103-2245          -            381 23602at314147        -            372   4.8e-30  101.2  36.3   2   5      0.42       7.9    1.8   0.1   300   323    91   114    85   118 0.83 -
contig_78026_pilon:1103-2245          -            381 23602at314147        -            372   4.8e-30  101.2  36.3   3   5   2.1e-15     4e-14   48.8   6.7   234   349   118   227   107   239 0.76 -
contig_78026_pilon:1103-2245          -            381 23602at314147        -            372   4.8e-30  101.2  36.3   4   5   1.1e-05   0.00022   16.8   1.0   297   343   270   316   264   319 0.91 -
contig_78026_pilon:1103-2245          -            381 23602at314147        -            372   4.8e-30  101.2  36.3   5   5   3.9e-09   7.4e-08   28.2   3.5   280   348   309   377   307   381 0.92 -
NW_025965341.1_RagTag:8946-9722       -            259 23602at314147        -            372     9e-30  100.3  34.1   1   5   6.6e-05    0.0013   14.3   7.8   279   350    20    91     7   101 0.87 -
NW_025965341.1_RagTag:8946-9722       -            259 23602at314147        -            372     9e-30  100.3  34.1   2   5   4.1e-08   7.9e-07   24.8   2.1   281   333    78   130    76   131 0.92 -
NW_025965341.1_RagTag:8946-9722       -            259 23602at314147        -            372     9e-30  100.3  34.1   3   5   6.9e-12   1.3e-10   37.2   4.4   277   337   102   162    97   164 0.93 -
NW_025965341.1_RagTag:8946-9722       -            259 23602at314147        -            372     9e-30  100.3  34.1   4   5   1.3e-12   2.6e-11   39.6   1.1   281   333   162   214   159   214 0.95 -
NW_025965341.1_RagTag:8946-9722       -            259 23602at314147        -            372     9e-30  100.3  34.1   5   5   9.4e-10   1.8e-08   30.2   1.0   302   346   211   255   210   259 0.93 -
NW_025965341.1_RagTag:124400-123816   -            195 23602at314147        -            372   1.8e-29   99.3  24.4   1   4   5.4e-08     1e-06   24.4   0.5   290   337     1    48     1    50 0.95 -
NW_025965341.1_RagTag:124400-123816   -            195 23602at314147        -            372   1.8e-29   99.3  24.4   2   4     3e-13   5.8e-12   41.7   1.2   280   339    47   106    45   110 0.94 -
NW_025965341.1_RagTag:124400-123816   -            195 23602at314147        -            372   1.8e-29   99.3  24.4   3   4   6.2e-10   1.2e-08   30.8   1.8   281   333   104   156   101   156 0.95 -
NW_025965341.1_RagTag:124400-123816   -            195 23602at314147        -            372   1.8e-29   99.3  24.4   4   4   1.6e-07   3.1e-06   22.8   2.9   302   342   153   193   152   195 0.94 -
NW_025965341.1_RagTag:44730-43969     -            254 23602at314147        -            372   1.4e-28   96.4  25.7   1   4   7.8e-08   1.5e-06   23.9   0.7   275   324    40    89    28    92 0.89 -
NW_025965341.1_RagTag:44730-43969     -            254 23602at314147        -            372   1.4e-28   96.4  25.7   2   4   1.1e-08     2e-07   26.8   2.3   285   334    78   127    77   136 0.90 -
NW_025965341.1_RagTag:44730-43969     -            254 23602at314147        -            372   1.4e-28   96.4  25.7   3   4   1.9e-08   3.7e-07   25.9   1.3   283   336   132   185   125   188 0.87 -
NW_025965341.1_RagTag:44730-43969     -            254 23602at314147        -            372   1.4e-28   96.4  25.7   4   4   1.6e-13   3.1e-12   42.6   2.7   281   344   186   249   183   254 0.90 -
contig_33351_pilon:5-592              -            196 23602at314147        -            372   2.2e-28   95.8  28.6   1   4   3.7e-09     7e-08   28.3   3.1   299   349     2    52     1    55 0.91 -
contig_33351_pilon:5-592              -            196 23602at314147        -            372   2.2e-28   95.8  28.6   2   4   6.7e-07   1.3e-05   20.8   3.3   302   347    33    78    33    80 0.96 -
contig_33351_pilon:5-592              -            196 23602at314147        -            372   2.2e-28   95.8  28.6   3   4   3.4e-11   6.4e-10   35.0   3.4   281   339    68   126    66   127 0.93 -
contig_33351_pilon:5-592              -            196 23602at314147        -            372   2.2e-28   95.8  28.6   4   4   1.4e-13   2.7e-12   42.8   4.8   280   351   123   194   121   196 0.94 -
NW_025965190.1_RagTag:118118-118627   -            170 23602at314147        -            372   3.4e-28   95.1  25.7   1   4   4.1e-12   7.9e-11   38.0   1.8   281   336     1    56     1    58 0.95 -
NW_025965190.1_RagTag:118118-118627   -            170 23602at314147        -            372   3.4e-28   95.1  25.7   2   4   3.9e-06   7.4e-05   18.3   0.7   302   337    50    85    49    87 0.92 -
NW_025965190.1_RagTag:118118-118627   -            170 23602at314147        -            372   3.4e-28   95.1  25.7   3   4   1.8e-13   3.5e-12   42.4   2.5   280   336    84   140    80   142 0.93 -
NW_025965190.1_RagTag:118118-118627   -            170 23602at314147        -            372   3.4e-28   95.1  25.7   4   4   9.2e-10   1.8e-08   30.2   0.6   286   336   118   168   117   170 0.93 -
contig_59446_pilon:259-795            -            179 23602at314147        -            372     1e-26   90.3  30.2   1   3     2e-10   3.8e-09   32.5   9.6   290   348     3    61     1    63 0.95 -
contig_59446_pilon:259-795            -            179 23602at314147        -            372     1e-26   90.3  30.2   2   3   7.7e-13   1.5e-11   40.4   7.0   280   346    49   115    47   115 0.96 -
contig_59446_pilon:259-795            -            179 23602at314147        -            372     1e-26   90.3  30.2   3   3     3e-12   5.8e-11   38.4   4.9   281   349   106   174   104   179 0.92 -
NW_025965235.1_RagTag:117217-116603   -            205 23602at314147        -            372   2.9e-26   88.8  31.3   1   4   1.2e-08   2.3e-07   26.6   0.8   294   346     5    57     1    59 0.91 -
NW_025965235.1_RagTag:117217-116603   -            205 23602at314147        -            372   2.9e-26   88.8  31.3   2   4   5.9e-09   1.1e-07   27.6   3.9   281   333    48   100    46   100 0.95 -
NW_025965235.1_RagTag:117217-116603   -            205 23602at314147        -            372   2.9e-26   88.8  31.3   3   4     6e-11   1.1e-09   34.2   6.0   282   346    77   141    75   144 0.93 -
NW_025965235.1_RagTag:117217-116603   -            205 23602at314147        -            372   2.9e-26   88.8  31.3   4   4   3.8e-11   7.3e-10   34.8  10.1   280   352   131   203   130   205 0.94 -
NW_025965039.1_RagTag:251791-251321   -            157 23602at314147        -            372   3.3e-26   88.6  18.1   1   3   8.5e-14   1.6e-12   43.5   1.1   279   337     4    62     1    66 0.94 -
NW_025965039.1_RagTag:251791-251321   -            157 23602at314147        -            372   3.3e-26   88.6  18.1   2   3   2.2e-11   4.2e-10   35.6   1.0   281   333    62   114    59   114 0.94 -
NW_025965039.1_RagTag:251791-251321   -            157 23602at314147        -            372   3.3e-26   88.6  18.1   3   3   2.5e-10   4.7e-09   32.1   2.3   285   348    94   157    91   157 0.95 -
NW_025965230.1_RagTag:860644-860186   -            153 23602at314147        -            372   6.4e-26   87.7  21.1   1   3   8.6e-13   1.6e-11   40.2   2.5   281   338     6    63     2    65 0.95 -
NW_025965230.1_RagTag:860644-860186   -            153 23602at314147        -            372   6.4e-26   87.7  21.1   2   3   4.7e-12     9e-11   37.8   5.7   281   336    62   117    59   119 0.94 -
NW_025965230.1_RagTag:860644-860186   -            153 23602at314147        -            372   6.4e-26   87.7  21.1   3   3   3.6e-07   6.9e-06   21.7   0.3   281   315   118   152   115   153 0.91 -
contig_70752_pilon:1105-1494          -            130 23602at314147        -            372   2.7e-25   85.6  29.8   1   3   2.5e-10   4.8e-09   32.1   6.0   286   346     6    66     1    68 0.93 -
contig_70752_pilon:1105-1494          -            130 23602at314147        -            372   2.7e-25   85.6  29.8   2   3   3.8e-14   7.2e-13   44.7   3.5   280   338    28    86    26    86 0.96 -
contig_70752_pilon:1105-1494          -            130 23602at314147        -            372   2.7e-25   85.6  29.8   3   3   1.4e-10   2.7e-09   32.9   4.6   281   350    57   126    54   130 0.93 -
NW_025965127.1_RagTag:114163-113654   -            170 23602at314147        -            372   3.8e-25   85.1  15.8   1   3   2.5e-08   4.8e-07   25.5   1.1   294   346     2    54     1    54 0.95 -
NW_025965127.1_RagTag:114163-113654   -            170 23602at314147        -            372   3.8e-25   85.1  15.8   2   3   5.4e-12     1e-10   37.6   1.8   281   348    45   112    43   112 0.95 -
NW_025965127.1_RagTag:114163-113654   -            170 23602at314147        -            372   3.8e-25   85.1  15.8   3   3   2.8e-13   5.3e-12   41.8   1.4   280   348   100   168    98   170 0.95 -
NW_025965215.1_RagTag:22972-21674     -            433 23602at314147        -            372   1.9e-24   82.8  33.1   1   4   7.8e-07   1.5e-05   20.6   1.9   296   339   240   283   233   283 0.93 -
NW_025965215.1_RagTag:22972-21674     -            433 23602at314147        -            372   1.9e-24   82.8  33.1   2   4   3.9e-09   7.4e-08   28.2   4.0   279   347   279   346   276   347 0.94 -
NW_025965215.1_RagTag:22972-21674     -            433 23602at314147        -            372   1.9e-24   82.8  33.1   3   4   1.1e-10     2e-09   33.3   2.3   282   335   337   390   334   392 0.91 -
NW_025965215.1_RagTag:22972-21674     -            433 23602at314147        -            372   1.9e-24   82.8  33.1   4   4   6.5e-08   1.2e-06   24.2   6.4   280   322   391   433   389   433 0.95 -
NW_025965250.1_RagTag:8860-9492       -            211 23602at314147        -            372     1e-23   80.4  28.9   1   4   4.2e-08   8.1e-07   24.8   3.6   285   339     3    57     1    67 0.88 -
NW_025965250.1_RagTag:8860-9492       -            211 23602at314147        -            372     1e-23   80.4  28.9   2   4   6.8e-10   1.3e-08   30.7   7.6   279   349    53   123    50   124 0.93 -
NW_025965250.1_RagTag:8860-9492       -            211 23602at314147        -            372     1e-23   80.4  28.9   3   4   3.7e-06   7.1e-05   18.4   4.1   281   337   111   167   109   170 0.94 -
NW_025965250.1_RagTag:8860-9492       -            211 23602at314147        -            372     1e-23   80.4  28.9   4   4   2.5e-10   4.7e-09   32.1   4.3   288   348   146   206   140   211 0.91 -
contig_18339_pilon:2-553              -            184 23602at314147        -            372   2.7e-23   79.0  34.0   1   4   1.2e-06   2.4e-05   20.0   6.2   298   344     2    48     1    50 0.90 -
contig_18339_pilon:2-553              -            184 23602at314147        -            372   2.7e-23   79.0  34.0   2   4   3.2e-09   6.1e-08   28.5   9.0   281   346    41   106    38   108 0.93 -
contig_18339_pilon:2-553              -            184 23602at314147        -            372   2.7e-23   79.0  34.0   3   4   3.8e-10   7.3e-09   31.5   6.6   281   338    97   154    95   156 0.94 -
contig_18339_pilon:2-553              -            184 23602at314147        -            372   2.7e-23   79.0  34.0   4   4   2.9e-05   0.00056   15.4   0.5   281   311   153   183   150   184 0.81 -
contig_63057_pilon:3037-2600          -            146 23602at314147        -            372   1.7e-22   76.4  26.9   1   3   6.8e-11   1.3e-09   34.0   2.6   287   339     1    53     1    55 0.95 -
contig_63057_pilon:3037-2600          -            146 23602at314147        -            372   1.7e-22   76.4  26.9   2   3   3.9e-12   7.4e-11   38.1   3.6   281   341    51   111    48   113 0.94 -
contig_63057_pilon:3037-2600          -            146 23602at314147        -            372   1.7e-22   76.4  26.9   3   3   2.9e-09   5.6e-08   28.6   5.1   285   346    83   144    82   146 0.92 -
contig_36320_pilon:1627-2073          -            149 23602at314147        -            372   3.8e-21   71.9  31.6   1   3   1.7e-08   3.2e-07   26.1   1.9   290   339     1    50     1    51 0.95 -
contig_36320_pilon:1627-2073          -            149 23602at314147        -            372   3.8e-21   71.9  31.6   2   3   5.1e-12   9.6e-11   37.7   5.6   281   344    20    83    18    85 0.92 -
contig_36320_pilon:1627-2073          -            149 23602at314147        -            372   3.8e-21   71.9  31.6   3   3     2e-10   3.9e-09   32.4   8.6   281   352    76   147    74   149 0.91 -
NW_025965341.1_RagTag:106501-107016   -            172 23602at314147        -            372     3e-20   69.0  22.4   1   3     5e-08   9.6e-07   24.5   4.1   293   346     2    55     1    59 0.90 -
NW_025965341.1_RagTag:106501-107016   -            172 23602at314147        -            372     3e-20   69.0  22.4   2   3   5.6e-07   1.1e-05   21.1   6.6   280   347    45   112    43   114 0.95 -
NW_025965341.1_RagTag:106501-107016   -            172 23602at314147        -            372     3e-20   69.0  22.4   3   3   5.5e-13   1.1e-11   40.9   2.5   281   348   102   169   100   172 0.90 -
NW_025965318.1_RagTag:51761-52207     -            149 23602at314147        -            372     7e-20   67.8   9.5   1   2   3.7e-13     7e-12   41.4   2.2   299   349    37    87    30    90 0.90 -
NW_025965318.1_RagTag:51761-52207     -            149 23602at314147        -            372     7e-20   67.8   9.5   2   2   1.4e-11   2.6e-10   36.3   1.8   281   353    75   147    74   149 0.96 -
NW_025965071.1_RagTag:3724-4116       -            131 23602at314147        -            372   9.1e-20   67.4  13.7   1   3     2e-07   3.8e-06   22.6   0.9   293   335     3    45     1    47 0.94 -
NW_025965071.1_RagTag:3724-4116       -            131 23602at314147        -            372   9.1e-20   67.4  13.7   2   3   5.8e-10   1.1e-08   30.9   1.5   294   346    32    84    32    86 0.94 -
NW_025965071.1_RagTag:3724-4116       -            131 23602at314147        -            372   9.1e-20   67.4  13.7   3   3   6.1e-11   1.2e-09   34.1   3.2   281   335    75   129    72   131 0.92 -
contig_53583_pilon:2068-1598          -            157 23602at314147        -            372     2e-19   66.3  22.0   1   3   3.3e-12   6.2e-11   38.3   4.3   285   347     3    65     1    68 0.95 -
contig_53583_pilon:2068-1598          -            157 23602at314147        -            372     2e-19   66.3  22.0   2   3   1.5e-06   2.9e-05   19.7   2.7   302   338    48    84    47    88 0.93 -
contig_53583_pilon:2068-1598          -            157 23602at314147        -            372     2e-19   66.3  22.0   3   3   1.4e-09   2.7e-08   29.6   7.6   281   348    83   150    81   157 0.92 -
NW_025965279.1_RagTag:100214-99645    -            190 23602at314147        -            372   6.1e-19   64.7  11.2   1   3   2.1e-12   4.1e-11   38.9   1.9   268   337    34   104    19   104 0.78 -
NW_025965279.1_RagTag:100214-99645    -            190 23602at314147        -            372   6.1e-19   64.7  11.2   2   3   1.6e-09   3.1e-08   29.4   1.4   302   350    97   147    96   160 0.81 -
NW_025965279.1_RagTag:100214-99645    -            190 23602at314147        -            372   6.1e-19   64.7  11.2   3   3   0.00036    0.0069   11.9   0.1   285   310   163   188   156   190 0.74 -
NW_025965028.1_RagTag:335459-336641   -            329 23602at314147        -            372   2.3e-18   62.7   8.7   1   3   8.8e-12   1.7e-10   36.9   0.2     9    84    22    99    18   125 0.78 -
NW_025965028.1_RagTag:335459-336641   -            329 23602at314147        -            372   2.3e-18   62.7   8.7   2   3   3.8e-05   0.00073   15.0   0.3   300   333   265   298   257   299 0.92 -
NW_025965028.1_RagTag:335459-336641   -            329 23602at314147        -            372   2.3e-18   62.7   8.7   3   3   4.6e-09   8.7e-08   28.0   1.1   281   333   274   326   272   329 0.93 -
contig_18339_pilon:483-968            -            162 23602at314147        -            372   2.4e-18   62.7  38.0   1   3   1.7e-10   3.2e-09   32.7   9.2   283   346    23    86    13    89 0.91 -
contig_18339_pilon:483-968            -            162 23602at314147        -            372   2.4e-18   62.7  38.0   2   3     4e-09   7.7e-08   28.1   7.8   280   338    76   134    75   134 0.96 -
contig_18339_pilon:483-968            -            162 23602at314147        -            372   2.4e-18   62.7  38.0   3   3     1e-08   1.9e-07   26.8   5.1   285   338   109   162   108   162 0.95 -
contig_31119_pilon:1872-1279          -            198 23602at314147        -            372   7.9e-16   54.4  19.3   1   3   4.8e-06   9.2e-05   18.0   1.5   298   348    30    81     7    86 0.82 -
contig_31119_pilon:1872-1279          -            198 23602at314147        -            372   7.9e-16   54.4  19.3   2   3     3e-06   5.6e-05   18.7   1.4   287   346    76   135    73   136 0.93 -
contig_31119_pilon:1872-1279          -            198 23602at314147        -            372   7.9e-16   54.4  19.3   3   3   4.2e-11   8.1e-10   34.6   5.7   280   349   125   194   123   198 0.93 -
contig_83186_pilon:2808-2119          -            230 23602at314147        -            372     1e-15   54.0  20.8   1   3     7e-05    0.0013   14.2   0.7   281   316    13    48     7    68 0.76 -
contig_83186_pilon:2808-2119          -            230 23602at314147        -            372     1e-15   54.0  20.8   2   3   9.8e-10   1.9e-08   30.2   3.2   285   339   129   183   116   184 0.91 -
contig_83186_pilon:2808-2119          -            230 23602at314147        -            372     1e-15   54.0  20.8   3   3   1.1e-08   2.1e-07   26.7   5.9   302   353   174   225   173   230 0.94 -
NW_025965442.1_RagTag:49839-49393     -            149 23602at314147        -            372   1.5e-15   53.5  24.9   1   3   3.4e-09   6.5e-08   28.4   6.1   296   352    19    75     7    77 0.88 -
NW_025965442.1_RagTag:49839-49393     -            149 23602at314147        -            372   1.5e-15   53.5  24.9   2   3   1.3e-06   2.6e-05   19.8   1.6   281   333    60   112    58   112 0.95 -
NW_025965442.1_RagTag:49839-49393     -            149 23602at314147        -            372   1.5e-15   53.5  24.9   3   3   2.1e-09     4e-08   29.1   2.2   286   337    93   144    85   148 0.91 -
NW_025965039.1_RagTag:250966-250448   -            173 23602at314147        -            372   1.1e-14   50.6  12.0   1   3   6.6e-07   1.3e-05   20.9   0.8   283   335    44    94    30    97 0.86 -
NW_025965039.1_RagTag:250966-250448   -            173 23602at314147        -            372   1.1e-14   50.6  12.0   2   3   1.1e-08     2e-07   26.8   0.4   286   339    73   126    68   133 0.91 -
NW_025965039.1_RagTag:250966-250448   -            173 23602at314147        -            372   1.1e-14   50.6  12.0   3   3   1.9e-07   3.6e-06   22.7   0.3   283   330   126   173   121   173 0.91 -
contig_43334_pilon:1147-1967          -            144 23602at314147        -            372   1.4e-14   50.3  23.1   1   3   9.5e-10   1.8e-08   30.2   3.6   287   345     9    67     3    70 0.91 -
contig_43334_pilon:1147-1967          -            144 23602at314147        -            372   1.4e-14   50.3  23.1   2   3    0.0056      0.11    7.9   2.0   281   311    59    89    56    91 0.81 -
contig_43334_pilon:1147-1967          -            144 23602at314147        -            372   1.4e-14   50.3  23.1   3   3   2.7e-08   5.2e-07   25.4   6.1   292   346    88   142    85   144 0.91 -
contig_10031_pilon:1322-846           -            159 23602at314147        -            372   4.6e-14   48.6  19.7   1   3   5.2e-05   0.00099   14.6   5.6   277   339    16    78     4    82 0.90 -
contig_10031_pilon:1322-846           -            159 23602at314147        -            372   4.6e-14   48.6  19.7   2   3   1.1e-08   2.1e-07   26.7   2.8   287   333    81   127    77   127 0.95 -
contig_10031_pilon:1322-846           -            159 23602at314147        -            372   4.6e-14   48.6  19.7   3   3     1e-06     2e-05   20.2   1.0   302   335   124   157   123   159 0.93 -
NW_025965071.1_RagTag:26238-26928     -            176 23602at314147        -            372   5.7e-14   48.3  22.1   1   3   1.3e-05   0.00025   16.6   3.0   291   340    11    59     1    72 0.82 -
NW_025965071.1_RagTag:26238-26928     -            176 23602at314147        -            372   5.7e-14   48.3  22.1   2   3   2.5e-10   4.8e-09   32.1   5.1   279   346    82   149    73   149 0.95 -
NW_025965071.1_RagTag:26238-26928     -            176 23602at314147        -            372   5.7e-14   48.3  22.1   3   3    0.0002    0.0039   12.7   3.8   280   314   139   173   136   176 0.52 -
NW_025965233.1_RagTag:185066-188790   -            387 23602at314147        -            372   1.3e-12   43.9  24.9   1   3   4.5e-08   8.5e-07   24.7   3.0   296   348   209   261   195   263 0.90 -
NW_025965233.1_RagTag:185066-188790   -            387 23602at314147        -            372   1.3e-12   43.9  24.9   2   3   0.00052    0.0098   11.3   4.7   281   329   250   298   247   303 0.91 -
NW_025965233.1_RagTag:185066-188790   -            387 23602at314147        -            372   1.3e-12   43.9  24.9   3   3   3.9e-07   7.5e-06   21.6   5.4   298   353   319   374   311   379 0.94 -
NW_025965215.1_RagTag:381710-337497   -            257 23602at314147        -            372   1.4e-12   43.7  26.7   1   3     0.068       1.3    4.4   2.1   262   343    27   108    11   129 0.81 -
NW_025965215.1_RagTag:381710-337497   -            257 23602at314147        -            372   1.4e-12   43.7  26.7   2   3   1.1e-09   2.1e-08   30.0   2.3   287   343   136   192   125   195 0.89 -
NW_025965215.1_RagTag:381710-337497   -            257 23602at314147        -            372   1.4e-12   43.7  26.7   3   3   1.2e-07   2.2e-06   23.3   7.6   281   347   186   251   184   257 0.90 -
NW_025965341.1_RagTag:36862-36050     -            271 23602at314147        -            372   1.7e-12   43.5   8.0   1   2    0.0022     0.041    9.3   2.1   297   346   169   218   164   219 0.90 -
NW_025965341.1_RagTag:36862-36050     -            271 23602at314147        -            372   1.7e-12   43.5   8.0   2   2   1.2e-12   2.3e-11   39.7   0.8   283   338   211   266   206   271 0.90 -
contig_81532_pilon:2097-1657          -            147 23602at314147        -            372   5.8e-12   41.7  20.9   1   4   0.00013    0.0024   13.4   5.1   294   349     2    58     1    63 0.81 -
contig_81532_pilon:2097-1657          -            147 23602at314147        -            372   5.8e-12   41.7  20.9   2   4   3.2e-05    0.0006   15.3   3.5   289   340    26    78    24    79 0.88 -
contig_81532_pilon:2097-1657          -            147 23602at314147        -            372   5.8e-12   41.7  20.9   3   4   3.1e-09   5.9e-08   28.5   5.1   282   348    47   114    44   114 0.91 -
contig_81532_pilon:2097-1657          -            147 23602at314147        -            372   5.8e-12   41.7  20.9   4   4   4.3e-06   8.2e-05   18.2   0.6   280   324   102   146   100   147 0.93 -
NW_025965281.1_RagTag:499506-497614   -            631 23602at314147        -            372     4e-11   38.9  18.1   1   3   1.2e-05   0.00023   16.7   0.0    13    53    25    65    19   114 0.83 -
NW_025965281.1_RagTag:499506-497614   -            631 23602at314147        -            372     4e-11   38.9  18.1   2   3    0.0061      0.12    7.8   1.8   301   346   343   389   339   400 0.66 -
NW_025965281.1_RagTag:499506-497614   -            631 23602at314147        -            372     4e-11   38.9  18.1   3   3   1.5e-06   2.9e-05   19.7   5.8   277   351   465   539   452   549 0.85 -
NW_025965375.1_RagTag:139930-139190   -            247 23602at314147        -            372   4.5e-11   38.8   3.2   1   3     0.085       1.6    4.0   7.2   294   347    64   117    56   127 0.88 -
NW_025965375.1_RagTag:139930-139190   -            247 23602at314147        -            372   4.5e-11   38.8   3.2   2   3    0.0076      0.14    7.5   4.8   279   338   133   191   123   194 0.89 -
NW_025965375.1_RagTag:139930-139190   -            247 23602at314147        -            372   4.5e-11   38.8   3.2   3   3   2.4e-12   4.5e-11   38.8   3.2   278   338   187   247   182   247 0.92 -
NW_025965054.1_RagTag:36381-34963     -            327 23602at314147        -            372   4.1e-09   32.3  27.9   1   4       1.7        33   -0.3   0.2   300   318    39    57    28    64 0.82 -
NW_025965054.1_RagTag:36381-34963     -            327 23602at314147        -            372   4.1e-09   32.3  27.9   2   4   5.1e-08   9.7e-07   24.5   9.6   274   353    58   135    36   153 0.78 -
NW_025965054.1_RagTag:36381-34963     -            327 23602at314147        -            372   4.1e-09   32.3  27.9   3   4     0.006      0.11    7.8   2.5   255   333   154   233   148   242 0.84 -
NW_025965054.1_RagTag:36381-34963     -            327 23602at314147        -            372   4.1e-09   32.3  27.9   4   4    0.0012     0.023   10.1   1.5   298   330   254   286   236   292 0.86 -
NW_025965374.1_RagTag:79809-77578     -            744 23602at314147        -            372   5.1e-09   32.0  59.3   1   8   0.00011     0.002   13.6   6.2   298   350     2    54     1    70 0.87 -
NW_025965374.1_RagTag:79809-77578     -            744 23602at314147        -            372   5.1e-09   32.0  59.3   2   8     0.059       1.1    4.6   1.9   282   349    83   154    77   166 0.74 -
NW_025965374.1_RagTag:79809-77578     -            744 23602at314147        -            372   5.1e-09   32.0  59.3   3   8      0.12       2.3    3.6   2.0   294   352   245   314   222   321 0.72 -
NW_025965374.1_RagTag:79809-77578     -            744 23602at314147        -            372   5.1e-09   32.0  59.3   4   8      0.48       9.2    1.6   1.1   298   352   288   351   265   364 0.61 -
NW_025965374.1_RagTag:79809-77578     -            744 23602at314147        -            372   5.1e-09   32.0  59.3   5   8   0.00046    0.0088   11.5   1.4   282   351   452   525   439   529 0.82 -
NW_025965374.1_RagTag:79809-77578     -            744 23602at314147        -            372   5.1e-09   32.0  59.3   6   8   0.00014    0.0026   13.3   2.5   289   351   519   583   516   588 0.80 -
NW_025965374.1_RagTag:79809-77578     -            744 23602at314147        -            372   5.1e-09   32.0  59.3   7   8   6.4e-05    0.0012   14.3   6.9   296   354   587   643   581   655 0.86 -
NW_025965374.1_RagTag:79809-77578     -            744 23602at314147        -            372   5.1e-09   32.0  59.3   8   8       3.2        61   -1.1   0.0   300   322   696   718   684   725 0.79 -
NW_025965297.1_RagTag:247529-248653   -            301 23602at314147        -            372     6e-09   31.8   0.6   1   1   4.8e-10   9.1e-09   31.2   0.6   284   352    84   152    27   158 0.93 -
NW_025965432.1_RagTag:501802-502290   -            163 23602at314147        -            372   8.4e-09   31.3  12.1   1   2    0.0064      0.12    7.7   0.0   302   340    19    57     9    67 0.88 -
NW_025965432.1_RagTag:501802-502290   -            163 23602at314147        -            372   8.4e-09   31.3  12.1   2   2   4.1e-08   7.9e-07   24.8   7.7   269   335    98   161    91   163 0.92 -
contig_37853_pilon:1171-1692          -            174 23602at314147        -            372   1.8e-08   30.2  11.3   1   3    0.0037      0.07    8.5   1.0   283   337    43    97    20   102 0.84 -
contig_37853_pilon:1171-1692          -            174 23602at314147        -            372   1.8e-08   30.2  11.3   2   3   0.00016     0.003   13.0   4.3   275   348    63   136    57   139 0.87 -
contig_37853_pilon:1171-1692          -            174 23602at314147        -            372   1.8e-08   30.2  11.3   3   3   2.2e-07   4.3e-06   22.4   0.6   281   330   125   174   123   174 0.96 -
NW_025965324.1_RagTag:640103-637710   -            506 23602at314147        -            372   4.3e-08   29.0   5.0   1   2   2.7e-09   5.2e-08   28.7   3.4   302   349     1    48     1    56 0.93 -
NW_025965324.1_RagTag:640103-637710   -            506 23602at314147        -            372   4.3e-08   29.0   5.0   2   2       6.7   1.3e+02   -2.2   0.0   319   337   289   307   281   320 0.74 -
NW_025965468.1_RagTag:9322-9071       -             84 23602at314147        -            372   4.9e-08   28.8   4.6   1   1   2.6e-09   5.1e-08   28.7   4.6   281   343     5    67     1    81 0.89 -
NW_025965341.1_RagTag:99789-100445    -            219 23602at314147        -            372     3e-07   26.2   4.4   1   3     0.011       0.2    7.0   0.1   281   324     7    50     3    62 0.83 -
NW_025965341.1_RagTag:99789-100445    -            219 23602at314147        -            372     3e-07   26.2   4.4   2   3      0.15       2.8    3.3   0.0   325   353    81   108    66   121 0.67 -
NW_025965341.1_RagTag:99789-100445    -            219 23602at314147        -            372     3e-07   26.2   4.4   3   3   1.3e-05   0.00025   16.6   0.3   285   348   152   217   137   219 0.87 -
NW_025965191.1_RagTag:501990-499938   -            619 23602at314147        -            372   2.6e-06   23.1   0.0   1   2   4.3e-07   8.2e-06   21.5   0.0    14   117    20   126    14   140 0.84 -
NW_025965191.1_RagTag:501990-499938   -            619 23602at314147        -            372   2.6e-06   23.1   0.0   2   2       6.9   1.3e+02   -2.3   0.0   263   329   435   507   422   523 0.68 -
NW_025965200.1_RagTag:16831-17695     -            219 23602at314147        -            372   4.1e-05   19.2  10.0   1   3       1.9        37   -0.4   0.2   171   210    57    96    38   114 0.72 -
NW_025965200.1_RagTag:16831-17695     -            219 23602at314147        -            372   4.1e-05   19.2  10.0   2   3   0.00011    0.0022   13.5   0.5   281   320   116   154   107   162 0.85 -
NW_025965200.1_RagTag:16831-17695     -            219 23602at314147        -            372   4.1e-05   19.2  10.0   3   3    0.0006     0.011   11.1   0.5   278   325   168   217   157   219 0.87 -
NW_025965344.1_RagTag:898-710         -             63 23602at314147        -            372   4.7e-05   19.0   0.3   1   1   2.5e-06   4.7e-05   19.0   0.3   303   352    10    59     4    63 0.76 -
NW_025965300.1_RagTag:165512-166000   -            163 23602at314147        -            372   0.00011   17.7   2.6   1   1   8.4e-06   0.00016   17.2   2.6   297   346   113   162   106   163 0.92 -
NW_025965317.1_RagTag:1374090-1373608 -            161 23602at314147        -            372      0.02   10.3   8.4   1   2    0.0023     0.044    9.2   1.4   281   318    22    62     6    71 0.78 -
NW_025965317.1_RagTag:1374090-1373608 -            161 23602at314147        -            372      0.02   10.3   8.4   2   2     0.037      0.72    5.2   0.8   297   327   131   161    84   161 0.88 -
NW_025965259.1_RagTag:155329-153884   -            482 23602at314147        -            372     0.046    9.1   8.6   1   2      0.42         8    1.8   0.2   325   348   411   434   405   435 0.90 -
NW_025965259.1_RagTag:155329-153884   -            482 23602at314147        -            372     0.046    9.1   8.6   2   2    0.0066      0.13    7.7   8.5   286   340   428   482   414   482 0.90 -
#
# Program:         hmmsearch
# Version:         3.1b2 (February 2015)
# Pipeline mode:   SEARCH
# Query file:      /home/bgerda/guppy_SUP/busco_downloads/lineages/glires_odb10/hmms/23602at314147.hmm
# Target file:     /home/bgerda/guppy_SUP/busco_results_racon/run_glires_odb10/metaeuk_output/initial_results/ragtag.scaffold.fasta.modified.fas
# Option settings: hmmsearch --domtblout /home/bgerda/guppy_SUP/busco_results_racon/run_glires_odb10/hmmer_output/initial_run_results/23602at314147.out --cpu 1 /home/bgerda/guppy_SUP/busco_downloads/lineages/glires_odb10/hmms/23602at314147.hmm /home/bgerda/guppy_SUP/busco_results_racon/run_glires_odb10/metaeuk_output/initial_results/ragtag.scaffold.fasta.modified.fas 
# Current dir:     /home/bgerda/guppy_SUP
# Date:            Sun May 21 17:05:46 2023
# [ok]
