#                                                                                             --- full sequence --- -------------- this domain -------------   hmm coord   ali coord   env coord
# target name                         accession   tlen query name           accession   qlen   E-value  score  bias   #  of  c-Evalue  i-Evalue  score  bias  from    to  from    to  from    to  acc description of target
#                 ------------------- ---------- ----- -------------------- ---------- ----- --------- ------ ----- --- --- --------- --------- ------ ----- ----- ----- ----- ----- ----- ----- ---- ---------------------
NW_025965230.1_RagTag:330445-329291   -            385 23755at314147        -            300     2e-41  138.8  17.4   1   1     6e-43   2.8e-41  138.3  17.4    20   292    43   325    34   332 0.83 -
NW_025965319.1_RagTag:179652-180722   -            357 23755at314147        -            300     3e-41  138.2  19.2   1   1   8.7e-43   4.1e-41  137.8  19.2    17   292    28   315    20   322 0.86 -
NW_025965295.1_RagTag:908868-907624   -            415 23755at314147        -            300   7.7e-39  130.3  30.0   1   1   2.2e-40     1e-38  129.9  30.0    17   287    93   367    82   376 0.90 -
NW_025965322.1_RagTag:1853197-1851811 -            304 23755at314147        -            300   1.2e-32  109.9  10.2   1   2   1.6e-22   7.6e-21   71.2   6.8    15   139    42   167    31   182 0.91 -
NW_025965322.1_RagTag:1853197-1851811 -            304 23755at314147        -            300   1.2e-32  109.9  10.2   2   2   4.9e-13   2.3e-11   40.1   0.1   217   290   212   286   197   291 0.88 -
contig_25261_pilon:2013-1030          -            328 23755at314147        -            300   2.6e-27   92.4  24.0   1   1   1.9e-28   9.1e-27   90.7  24.0    15   291    24   311    15   317 0.81 -
NW_025965108.1_RagTag:141185-142166   -            318 23755at314147        -            300     1e-21   74.1   9.1   1   1   3.1e-23   1.5e-21   73.6   9.1    25   286    45   311    24   317 0.71 -
NW_025965321.1_RagTag:4191413-4192267 -            285 23755at314147        -            300   7.3e-21   71.3  19.8   1   1   1.9e-22   8.8e-21   71.0  19.8    18   275    24   284    12   285 0.82 -
contig_57885_pilon:1608-2156          -            183 23755at314147        -            300   5.3e-17   58.6  15.4   1   1   1.4e-18   6.7e-17   58.3  15.4    16   158    33   174    23   178 0.93 -
contig_67641_pilon:735-19             -            239 23755at314147        -            300   4.1e-15   52.4  22.5   1   1   4.6e-16   2.2e-14   50.0  22.5    22   240     6   237     1   239 0.81 -
NW_025965421.1_RagTag:170983-171649   -            201 23755at314147        -            300   9.9e-13   44.6   4.6   1   1   3.6e-12   1.7e-10   37.2   4.6    79   290     6   198     1   200 0.82 -
NW_025965314.1_RagTag:111342-113196   -            313 23755at314147        -            300     3e-12   43.0  24.8   1   1   9.1e-14   4.3e-12   42.5  24.8    17   296    14   301     6   305 0.73 -
NW_025965256.1_RagTag:799553-800899   -            449 23755at314147        -            300     2e-11   40.3  15.2   1   2   2.7e-07   1.3e-05   21.2  12.1     7   143    12   149     6   230 0.77 -
NW_025965256.1_RagTag:799553-800899   -            449 23755at314147        -            300     2e-11   40.3  15.2   2   2   6.5e-07   3.1e-05   20.0   0.0   216   288   268   338   259   347 0.85 -
NW_025965161.1_RagTag:402292-401603   -            230 23755at314147        -            300   8.8e-11   38.2  15.8   1   1   3.2e-12   1.5e-10   37.4  15.8    19   152    33   169    27   230 0.72 -
NW_025965316.1_RagTag:3770392-3769725 -            220 23755at314147        -            300   5.2e-10   35.7  12.8   1   1   1.4e-11   6.5e-10   35.3  12.8    19   199    36   216    25   220 0.71 -
NW_025965108.1_RagTag:141726-142244   -            173 23755at314147        -            300   1.7e-07   27.4   0.1   1   1   5.1e-09   2.4e-07   26.9   0.1   192   287    42   141     7   148 0.62 -
NW_025965266.1_RagTag:233489-231545   -            420 23755at314147        -            300   1.8e-07   27.3  19.0   1   2   4.6e-08   2.2e-06   23.7  14.2    25   206    54   233    35   250 0.77 -
NW_025965266.1_RagTag:233489-231545   -            420 23755at314147        -            300   1.8e-07   27.3  19.0   2   2     0.011      0.53    6.1   0.1   244   290   361   404   339   410 0.66 -
NW_025965235.1_RagTag:58504-57605     -            300 23755at314147        -            300   1.4e-06   24.4  16.1   1   1   3.2e-07   1.5e-05   21.0  16.1    25   236    29   250    19   261 0.59 -
NW_025965230.1_RagTag:981313-980414   -            300 23755at314147        -            300     8e-06   21.9  19.6   1   1   2.7e-07   1.3e-05   21.3  19.6    32   233    34   253     8   263 0.66 -
NW_025965148.1_RagTag:223803-222829   -            325 23755at314147        -            300   1.2e-05   21.3  11.6   1   2   2.7e-07   1.3e-05   21.3  10.6    22   199    50   227    35   254 0.76 -
NW_025965148.1_RagTag:223803-222829   -            325 23755at314147        -            300   1.2e-05   21.3  11.6   2   2       3.7   1.7e+02   -2.2   0.0   217   235   307   325   299   325 0.84 -
NW_025965313.1_RagTag:3-710           -            236 23755at314147        -            300   1.2e-05   21.3  15.2   1   1   4.9e-07   2.3e-05   20.4  15.2    66   226     8   180     2   213 0.73 -
NW_025965307.1_RagTag:921961-923724   -            588 23755at314147        -            300   0.00023   17.1   9.1   1   2   4.9e-06   0.00023   17.1   9.1    37   157    86   208    63   268 0.69 -
NW_025965307.1_RagTag:921961-923724   -            588 23755at314147        -            300   0.00023   17.1   9.1   2   2     0.082       3.9    3.2   0.6   228   295   490   556   461   560 0.84 -
NW_025965140.1_RagTag:813619-812738   -            294 23755at314147        -            300   0.00067   15.6  18.3   1   1   2.7e-05    0.0013   14.6  18.2    51   174    55   174     8   254 0.78 -
contig_57973_pilon:1251-358           -            298 23755at314147        -            300    0.0019   14.1  15.0   1   1   6.5e-05    0.0031   13.4  15.0    22   150    22   151    14   252 0.54 -
NW_025965407.1_RagTag:7923-7021       -            301 23755at314147        -            300    0.0032   13.4  16.4   1   1   0.00014    0.0068   12.3  16.4     8   145    12   149     8   252 0.66 -
NW_025965182.1_RagTag:1715520-1714610 -            302 23755at314147        -            300    0.0038   13.1  15.7   1   1   0.00022      0.01   11.7  15.6    93   204    99   224    34   285 0.67 -
NW_025965233.1_RagTag:189853-190770   -            306 23755at314147        -            300    0.0048   12.8  21.4   1   1    0.0002    0.0093   11.8  21.4    26   171    33   178     9   259 0.62 -
contig_23379_pilon:2033-1140          -            298 23755at314147        -            300     0.017   11.0  22.5   1   1    0.0006     0.028   10.3  22.4    35   205    37   223     8   265 0.64 -
NW_025965305.1_RagTag:1568367-1569271 -            291 23755at314147        -            300     0.029   10.2  21.9   1   1    0.0018     0.086    8.7  21.9     9   229     7   241     2   281 0.63 -
NW_025965307.1_RagTag:96079-95414     -            222 23755at314147        -            300     0.057    9.2  11.3   1   1     0.016      0.73    5.6  11.3    94   235    10   162     3   199 0.63 -
NW_025965315.1_RagTag:2428899-2429805 -            300 23755at314147        -            300      0.54    6.0  26.5   1   1     0.046       2.2    4.1  26.3    29   236    35   254    15   277 0.63 -
#
# Program:         hmmsearch
# Version:         3.1b2 (February 2015)
# Pipeline mode:   SEARCH
# Query file:      /home/bgerda/guppy_SUP/busco_downloads/lineages/glires_odb10/hmms/23755at314147.hmm
# Target file:     /home/bgerda/guppy_SUP/busco_results_racon/run_glires_odb10/metaeuk_output/initial_results/ragtag.scaffold.fasta.modified.fas
# Option settings: hmmsearch --domtblout /home/bgerda/guppy_SUP/busco_results_racon/run_glires_odb10/hmmer_output/initial_run_results/23755at314147.out --cpu 1 /home/bgerda/guppy_SUP/busco_downloads/lineages/glires_odb10/hmms/23755at314147.hmm /home/bgerda/guppy_SUP/busco_results_racon/run_glires_odb10/metaeuk_output/initial_results/ragtag.scaffold.fasta.modified.fas 
# Current dir:     /home/bgerda/guppy_SUP
# Date:            Sun May 21 17:05:44 2023
# [ok]
