#                                                                                             --- full sequence --- -------------- this domain -------------   hmm coord   ali coord   env coord
# target name                         accession   tlen query name           accession   qlen   E-value  score  bias   #  of  c-Evalue  i-Evalue  score  bias  from    to  from    to  from    to  acc description of target
#                 ------------------- ---------- ----- -------------------- ---------- ----- --------- ------ ----- --- --- --------- --------- ------ ----- ----- ----- ----- ----- ----- ----- ---- ---------------------
NW_025965256.1_RagTag:799553-800899   -            449 24961at314147        -            332   5.4e-22   74.7  19.3   1   1   3.7e-23   1.3e-21   73.5  19.3    17   297    29   340    14   362 0.76 -
NW_025965323.1_RagTag:1257581-1256595 -            329 24961at314147        -            332   5.4e-22   74.7  17.3   1   1   2.6e-23   8.9e-22   74.0  17.3    21   298    31   310    10   321 0.82 -
NW_025965148.1_RagTag:223803-222829   -            325 24961at314147        -            332   3.4e-19   65.5  10.8   1   2   2.3e-20     8e-19   64.3   9.2     8   194    41   234    35   255 0.83 -
NW_025965148.1_RagTag:223803-222829   -            325 24961at314147        -            332   3.4e-19   65.5  10.8   2   2      0.53        18    0.7   0.0   228   248   305   325   291   325 0.87 -
NW_025965307.1_RagTag:921961-923724   -            588 24961at314147        -            332   3.1e-18   62.3  21.2   1   2   2.7e-14   9.2e-13   44.4   9.3    19   193    76   259    63   270 0.83 -
NW_025965307.1_RagTag:921961-923724   -            588 24961at314147        -            332   3.1e-18   62.3  21.2   2   2   5.1e-08   1.7e-06   23.7   4.0   211   317   467   572   443   583 0.76 -
NW_025965314.1_RagTag:111342-113196   -            313 24961at314147        -            332   8.9e-17   57.5  22.0   1   2   4.9e-13   1.7e-11   40.2   9.7     4   142     7   146     4   169 0.89 -
NW_025965314.1_RagTag:111342-113196   -            313 24961at314147        -            332   8.9e-17   57.5  22.0   2   2   6.2e-08   2.1e-06   23.4   4.4   228   296   228   295   176   307 0.83 -
NW_025965266.1_RagTag:233489-231545   -            420 24961at314147        -            332   1.8e-13   46.7  15.3   1   2   2.2e-14   7.5e-13   44.7   9.6    18   212    53   247    40   255 0.75 -
NW_025965266.1_RagTag:233489-231545   -            420 24961at314147        -            332   1.8e-13   46.7  15.3   2   2     0.019      0.67    5.4   0.3   236   298   347   406   337   419 0.73 -
NW_025965319.1_RagTag:179652-180722   -            357 24961at314147        -            332     2e-13   46.5   8.3   1   2   5.9e-15     2e-13   46.5   8.3    14   188    31   216    21   231 0.76 -
NW_025965319.1_RagTag:179652-180722   -            357 24961at314147        -            332     2e-13   46.5   8.3   2   2     0.025      0.86    5.0   5.0   226   305   233   322   217   349 0.67 -
NW_025965321.1_RagTag:4191413-4192267 -            285 24961at314147        -            332   1.7e-12   43.5   9.0   1   2   4.8e-14   1.7e-12   43.5   9.0    19   191    31   214    20   226 0.81 -
NW_025965321.1_RagTag:4191413-4192267 -            285 24961at314147        -            332   1.7e-12   43.5   9.0   2   2       1.1        37   -0.4   0.3   231   262   226   257   220   266 0.75 -
NW_025965161.1_RagTag:402292-401603   -            230 24961at314147        -            332     4e-12   42.3   3.7   1   1   1.7e-13   5.7e-12   41.7   3.7     7   141    31   168    24   175 0.86 -
NW_025965278.1_RagTag:261099-260431   -            223 24961at314147        -            332   4.8e-09   32.1   3.2   1   2       2.1        71   -1.3   0.0   116   143    13    40     9    94 0.61 -
NW_025965278.1_RagTag:261099-260431   -            223 24961at314147        -            332   4.8e-09   32.1   3.2   2   2   1.4e-10   4.8e-09   32.1   3.2   228   316   109   199    99   204 0.77 -
contig_25261_pilon:2013-1030          -            328 24961at314147        -            332   1.2e-08   30.8  21.1   1   1   1.3e-07   4.6e-06   22.3  21.1    15   308    30   322    15   326 0.67 -
NW_025965230.1_RagTag:330445-329291   -            385 24961at314147        -            332   1.4e-08   30.6   5.7   1   2     3e-08     1e-06   24.5   3.6    24   142    53   174    35   205 0.80 -
NW_025965230.1_RagTag:330445-329291   -            385 24961at314147        -            332   1.4e-08   30.6   5.7   2   2     0.011       0.4    6.1   0.0   229   298   247   325   240   340 0.67 -
NW_025965322.1_RagTag:1853197-1851811 -            304 24961at314147        -            332   1.5e-07   27.2   6.8   1   2   1.5e-06   5.2e-05   18.9   2.3    18   112    51   144    35   164 0.83 -
NW_025965322.1_RagTag:1853197-1851811 -            304 24961at314147        -            332   1.5e-07   27.2   6.8   2   2   0.00047     0.016   10.7   0.2   230   305   212   295   185   301 0.63 -
NW_025965421.1_RagTag:170983-171649   -            201 24961at314147        -            332     2e-07   26.8   6.3   1   2   4.9e-08   1.7e-06   23.8   0.1    71   168     4   108     1   127 0.77 -
NW_025965421.1_RagTag:170983-171649   -            201 24961at314147        -            332     2e-07   26.8   6.3   2   2     0.024      0.82    5.1   2.5   236   296   134   198   123   200 0.77 -
NW_025965316.1_RagTag:3770392-3769725 -            220 24961at314147        -            332   4.4e-07   25.7   7.1   1   1   1.8e-08   6.1e-07   25.2   7.1    15   178    36   207    28   217 0.67 -
NW_025965209.1_RagTag:596644-597198   -            185 24961at314147        -            332   4.8e-07   25.6  14.3   1   2       1.2        41   -0.5   2.3    88   193    51    79    30    91 0.51 -
NW_025965209.1_RagTag:596644-597198   -            185 24961at314147        -            332   4.8e-07   25.6  14.3   2   2   6.8e-08   2.3e-06   23.3  13.7   226   302    98   170    43   177 0.76 -
NW_025965317.1_RagTag:3117198-3115780 -            473 24961at314147        -            332     2e-06   23.5  19.7   1   1   8.2e-08   2.8e-06   23.0  19.7     3   304   108   415   106   421 0.72 -
contig_67641_pilon:735-19             -            239 24961at314147        -            332   2.6e-06   23.2   9.5   1   2   7.5e-08   2.6e-06   23.2   9.5    16   147     6   140     2   154 0.83 -
contig_67641_pilon:735-19             -            239 24961at314147        -            332   2.6e-06   23.2   9.5   2   2      0.34        12    1.3   0.1   237   254   221   238   184   239 0.81 -
NW_025965108.1_RagTag:141185-142166   -            318 24961at314147        -            332   6.9e-06   21.8   1.3   1   2     2e-07   6.9e-06   21.8   1.3    19   192    45   224    36   235 0.70 -
NW_025965108.1_RagTag:141185-142166   -            318 24961at314147        -            332   6.9e-06   21.8   1.3   2   2     0.017      0.59    5.5   2.7   230   289   241   308   222   316 0.68 -
NW_025965101.1_RagTag:46542-45745     -            266 24961at314147        -            332   8.8e-06   21.4  14.7   1   1   4.5e-07   1.6e-05   20.6  14.7    13   197    27   230    17   243 0.69 -
NW_025965250.1_RagTag:29037-28351     -            229 24961at314147        -            332     1e-05   21.2  10.5   1   1   3.8e-07   1.3e-05   20.9  10.5    17   140    42   169    31   224 0.80 -
NW_025965305.1_RagTag:1568367-1569271 -            291 24961at314147        -            332   1.3e-05   20.8  14.1   1   1   6.2e-07   2.1e-05   20.2  14.1    19   196    23   220     5   238 0.74 -
contig_45575_pilon:1119-2019          -            296 24961at314147        -            332   0.00012   17.7   3.2   1   1     6e-06   0.00021   16.9   3.2    27   143    37   153    14   175 0.78 -
contig_26960_pilon:456-1361           -            302 24961at314147        -            332   0.00015   17.3  12.2   1   2   0.00037     0.013   11.0  12.4    16   133    27   148    19   225 0.86 -
contig_26960_pilon:456-1361           -            302 24961at314147        -            332   0.00015   17.3  12.2   2   2      0.16       5.4    2.4   0.0   273   297   273   297   259   302 0.84 -
NW_025965295.1_RagTag:908868-907624   -            415 24961at314147        -            332   0.00019   17.0  20.8   1   1   1.2e-05   0.00042   15.9  20.8    20   205   102   302    87   364 0.77 -
contig_44821_pilon:548-0              -            183 24961at314147        -            332   0.00056   15.5  10.0   1   1     2e-05   0.00069   15.2  10.0    18   139    30   155    19   172 0.78 -
NW_025965331.1_RagTag:76221-75907     -            105 24961at314147        -            332    0.0006   15.4   4.2   1   1   1.8e-05   0.00063   15.3   4.2     4    95    13   104    10   105 0.80 -
NW_025965182.1_RagTag:1728940-1729338 -            133 24961at314147        -            332    0.0013   14.3   4.8   1   1   4.4e-05    0.0015   14.0   4.8    10   113    22   124    14   128 0.83 -
NW_025965426.1_RagTag:85794-84919     -            288 24961at314147        -            332    0.0018   13.8  19.5   1   1    0.0005     0.017   10.6  19.5    13   132    16   130    11   288 0.71 -
NW_025965352.1_RagTag:3922-3104       -            273 24961at314147        -            332     0.002   13.6  17.1   1   2    0.0053      0.18    7.2  13.1    25   192     4   190     1   200 0.60 -
NW_025965352.1_RagTag:3922-3104       -            273 24961at314147        -            332     0.002   13.6  17.1   2   2    0.0069      0.24    6.8   0.2   244   300   214   269   186   273 0.64 -
contig_27735_pilon:510-1              -            170 24961at314147        -            332    0.0033   13.0   5.9   1   1   0.00012    0.0042   12.6   5.9    15   133    38   160    26   166 0.74 -
NW_025965305.1_RagTag:1593388-1609213 -            255 24961at314147        -            332    0.0041   12.6  11.9   1   2   4.1e-05    0.0014   14.1   8.4    26   149     3   133     1   192 0.78 -
NW_025965305.1_RagTag:1593388-1609213 -            255 24961at314147        -            332    0.0041   12.6  11.9   2   2       1.9        64   -1.1   0.7   236   254   183   201   168   253 0.46 -
NW_025965426.1_RagTag:64293-65108     -            272 24961at314147        -            332    0.0068   11.9  15.3   1   2    0.0019     0.065    8.7  13.1    23   193     7   196     2   210 0.59 -
NW_025965426.1_RagTag:64293-65108     -            272 24961at314147        -            332    0.0068   11.9  15.3   2   2      0.15       5.2    2.4   2.6   164   197   167   200   137   248 0.75 -
NW_025965426.1_RagTag:17750-65099     -            286 24961at314147        -            332    0.0076   11.7  18.2   1   2    0.0023     0.079    8.4  16.3    12   193    13   213     9   227 0.60 -
NW_025965426.1_RagTag:17750-65099     -            286 24961at314147        -            332    0.0076   11.7  18.2   2   2      0.57        20    0.5   4.7   163   197   183   217   122   266 0.75 -
NW_025965431.1_RagTag:35565-34649     -            304 24961at314147        -            332     0.014   10.9  16.3   1   3   9.8e-05    0.0034   12.9   4.9    21   114    35   128    24   144 0.80 -
NW_025965431.1_RagTag:35565-34649     -            304 24961at314147        -            332     0.014   10.9  16.3   2   3      0.11       3.7    2.9   2.7   154   193   187   225   156   248 0.65 -
NW_025965431.1_RagTag:35565-34649     -            304 24961at314147        -            332     0.014   10.9  16.3   3   3       0.8        28    0.1   0.0   275   300   276   301   252   304 0.81 -
NW_025965331.1_RagTag:82371-81553     -            273 24961at314147        -            332     0.015   10.8  17.0   1   2   0.00057      0.02   10.4  12.0    23   191     3   191     1   198 0.64 -
NW_025965331.1_RagTag:82371-81553     -            273 24961at314147        -            332     0.015   10.8  17.0   2   2      0.48        16    0.8   0.2   267   297   234   266   198   271 0.58 -
NW_025965352.1_RagTag:34299-33355     -            315 24961at314147        -            332     0.017   10.6  14.4   1   2    0.0004     0.014   10.9  11.3    13   114    35   136    30   249 0.90 -
NW_025965352.1_RagTag:34299-33355     -            315 24961at314147        -            332     0.017   10.6  14.4   2   2       1.2        40   -0.5   1.5   249   295   259   308   149   315 0.63 -
NW_025965008.1_RagTag:184192-173292   -            306 24961at314147        -            332     0.086    8.3  18.6   1   3    0.0034      0.12    7.9  15.8    15   145    32   163    19   240 0.83 -
NW_025965008.1_RagTag:184192-173292   -            306 24961at314147        -            332     0.086    8.3  18.6   2   3       2.3        80   -1.5   1.2    92   114   202   224   192   263 0.70 -
NW_025965008.1_RagTag:184192-173292   -            306 24961at314147        -            332     0.086    8.3  18.6   3   3       1.3        44   -0.6   0.0   274   295   277   298   234   301 0.66 -
NW_025965258.1_RagTag:3651-4571       -            307 24961at314147        -            332      0.12    7.8  17.5   1   2     0.011      0.38    6.2  14.8    17   191    31   225    20   237 0.67 -
NW_025965258.1_RagTag:3651-4571       -            307 24961at314147        -            332      0.12    7.8  17.5   2   2      0.76        26    0.1   0.0   272   302   275   305   231   307 0.74 -
NW_025965233.1_RagTag:189853-190770   -            306 24961at314147        -            332      0.16    7.4  18.8   1   3    0.0087       0.3    6.5  15.9    23   158    36   174    16   231 0.76 -
NW_025965233.1_RagTag:189853-190770   -            306 24961at314147        -            332      0.16    7.4  18.8   2   3       1.2        40   -0.5   1.0   170   260   203   227   190   262 0.49 -
NW_025965233.1_RagTag:189853-190770   -            306 24961at314147        -            332      0.16    7.4  18.8   3   3       1.2        40   -0.5   0.0   278   297   280   299   273   304 0.80 -
NW_025965235.1_RagTag:60087-59185     -            301 24961at314147        -            332      0.17    7.3  12.4   1   2   0.00034     0.012   11.1   5.3    12   138    24   154    18   176 0.79 -
NW_025965235.1_RagTag:60087-59185     -            301 24961at314147        -            332      0.17    7.3  12.4   2   2      0.56        19    0.6   0.2   230   294   234   295   223   300 0.61 -
#
# Program:         hmmsearch
# Version:         3.1b2 (February 2015)
# Pipeline mode:   SEARCH
# Query file:      /home/bgerda/guppy_SUP/busco_downloads/lineages/glires_odb10/hmms/24961at314147.hmm
# Target file:     /home/bgerda/guppy_SUP/busco_results_racon/run_glires_odb10/metaeuk_output/initial_results/ragtag.scaffold.fasta.modified.fas
# Option settings: hmmsearch --domtblout /home/bgerda/guppy_SUP/busco_results_racon/run_glires_odb10/hmmer_output/initial_run_results/24961at314147.out --cpu 1 /home/bgerda/guppy_SUP/busco_downloads/lineages/glires_odb10/hmms/24961at314147.hmm /home/bgerda/guppy_SUP/busco_results_racon/run_glires_odb10/metaeuk_output/initial_results/ragtag.scaffold.fasta.modified.fas 
# Current dir:     /home/bgerda/guppy_SUP
# Date:            Sun May 21 17:05:44 2023
# [ok]
