#                                                                                             --- full sequence --- -------------- this domain -------------   hmm coord   ali coord   env coord
# target name                         accession   tlen query name           accession   qlen   E-value  score  bias   #  of  c-Evalue  i-Evalue  score  bias  from    to  from    to  from    to  acc description of target
#                 ------------------- ---------- ----- -------------------- ---------- ----- --------- ------ ----- --- --- --------- --------- ------ ----- ----- ----- ----- ----- ----- ----- ---- ---------------------
NW_025965279.1_RagTag:78582-79082     -            167 24980at314147        -            283   9.9e-34  113.0   0.0   1   2   2.5e-35   1.9e-33  112.1   0.0    52   167     5   119     1   126 0.94 -
NW_025965279.1_RagTag:78582-79082     -            167 24980at314147        -            283   9.9e-34  113.0   0.0   2   2       2.6   1.9e+02   -2.8   0.0   210   230   141   161   128   165 0.79 -
NW_025965233.1_RagTag:114859-113462   -            466 24980at314147        -            283   2.2e-24   82.4   0.1   1   1   3.8e-26   2.8e-24   82.0   0.1     6   142    57   193    52   253 0.91 -
NW_025965099.1_RagTag:14363-15274     -            304 24980at314147        -            283     2e-23   79.2   0.3   1   2   1.7e-24   1.2e-22   76.6   0.3     6   154    78   226    73   245 0.91 -
NW_025965099.1_RagTag:14363-15274     -            304 24980at314147        -            283     2e-23   79.2   0.3   2   2      0.33        24    0.2   0.0   212   234   258   281   244   286 0.74 -
NW_025965499.1_RagTag:3791-2706       -            362 24980at314147        -            283     7e-23   77.4   0.1   1   1   1.4e-24   1.1e-22   76.8   0.1     6   151    68   213    63   232 0.93 -
contig_66008_pilon:1779-2636          -            286 24980at314147        -            283   7.1e-22   74.1   0.0   1   1   1.3e-23   9.7e-22   73.7   0.0     5   150    34   179    30   192 0.89 -
contig_34501_pilon:2271-1564          -            236 24980at314147        -            283   1.6e-21   73.0   0.0   1   1   2.8e-23   2.1e-21   72.6   0.0    28   176     2   149     1   156 0.92 -
contig_34309_pilon:592-2              -            197 24980at314147        -            283   4.9e-21   71.4   0.0   1   1   7.9e-23   5.9e-21   71.1   0.0     6   142    59   195    54   197 0.95 -
contig_37224_pilon:1693-2424          -            244 24980at314147        -            283   1.5e-19   66.5   0.1   1   1   2.5e-21   1.9e-19   66.2   0.1     6   148    50   192    45   208 0.91 -
contig_31429_pilon:462-998            -            179 24980at314147        -            283   9.5e-19   63.8   0.1   1   1   1.4e-20   1.1e-18   63.7   0.1    31   155     3   127     1   151 0.83 -
NW_025965548.1_RagTag:8433-1774       -            515 24980at314147        -            283   1.6e-13   46.7   0.0   1   1   5.6e-15   4.2e-13   45.3   0.0    15   153   319   453   287   469 0.81 -
contig_18707_pilon:1317-1844          -            176 24980at314147        -            283   5.6e-13   44.9   0.1   1   1   9.8e-15   7.3e-13   44.5   0.1    62   174    15   126     6   131 0.93 -
NW_025965401.1_RagTag:63455-65494     -            216 24980at314147        -            283   1.1e-10   37.3   0.0   1   1   2.5e-12   1.9e-10   36.6   0.0    45   149    12   125     5   139 0.83 -
NW_025965313.1_RagTag:82152-83454     -            215 24980at314147        -            283   2.4e-10   36.3   0.0   1   1   4.1e-12   3.1e-10   35.9   0.0     4    99    86   184    83   211 0.80 -
NW_025965301.1_RagTag:70135-68389     -            312 24980at314147        -            283   1.1e-08   30.8   0.0   1   1   1.5e-10   1.1e-08   30.8   0.0    89   172   149   235   134   252 0.79 -
NW_025965309.1_RagTag:3330510-3327790 -            323 24980at314147        -            283   4.6e-08   28.8   0.1   1   1     3e-09   2.2e-07   26.5   0.1     9   147   159   315   153   322 0.67 -
NW_025965039.1_RagTag:226766-224869   -            386 24980at314147        -            283   9.2e-07   24.5   0.1   1   1   1.6e-08   1.2e-06   24.2   0.1    19    99     6    91     1   121 0.82 -
NW_025965072.1_RagTag:97023-94742     -            255 24980at314147        -            283   6.8e-06   21.7   0.0   1   2   2.7e-07     2e-05   20.1   0.0     9   156    23   171    16   176 0.70 -
NW_025965072.1_RagTag:97023-94742     -            255 24980at314147        -            283   6.8e-06   21.7   0.0   2   2       3.3   2.5e+02   -3.1   0.0   211   231   220   240   212   246 0.75 -
NW_025965218.1_RagTag:1578470-1576498 -            278 24980at314147        -            283   0.00016   17.1   0.0   1   1   2.9e-06   0.00022   16.7   0.0    96   209    96   207    83   234 0.81 -
NW_025965334.1_RagTag:171576-171430   -             49 24980at314147        -            283     0.008   11.6   0.1   1   1   0.00011    0.0085   11.5   0.1   114   151     5    42     2    48 0.79 -
#
# Program:         hmmsearch
# Version:         3.1b2 (February 2015)
# Pipeline mode:   SEARCH
# Query file:      /home/bgerda/guppy_SUP/busco_downloads/lineages/glires_odb10/hmms/24980at314147.hmm
# Target file:     /home/bgerda/guppy_SUP/busco_results_racon/run_glires_odb10/metaeuk_output/initial_results/ragtag.scaffold.fasta.modified.fas
# Option settings: hmmsearch --domtblout /home/bgerda/guppy_SUP/busco_results_racon/run_glires_odb10/hmmer_output/initial_run_results/24980at314147.out --cpu 1 /home/bgerda/guppy_SUP/busco_downloads/lineages/glires_odb10/hmms/24980at314147.hmm /home/bgerda/guppy_SUP/busco_results_racon/run_glires_odb10/metaeuk_output/initial_results/ragtag.scaffold.fasta.modified.fas 
# Current dir:     /home/bgerda/guppy_SUP
# Date:            Sun May 21 17:05:44 2023
# [ok]
