#                                                                                             --- full sequence --- -------------- this domain -------------   hmm coord   ali coord   env coord
# target name                         accession   tlen query name           accession   qlen   E-value  score  bias   #  of  c-Evalue  i-Evalue  score  bias  from    to  from    to  from    to  acc description of target
#                 ------------------- ---------- ----- -------------------- ---------- ----- --------- ------ ----- --- --- --------- --------- ------ ----- ----- ----- ----- ----- ----- ----- ---- ---------------------
NW_025965323.1_RagTag:1257581-1256595 -            329 26160at314147        -            280   1.6e-77  257.3  21.9   1   1   2.2e-76   2.5e-75  250.0  21.9     2   279    20   329    19   329 0.87 -
NW_025965256.1_RagTag:799553-800899   -            449 26160at314147        -            280   3.2e-47  157.8  19.4   1   2   9.1e-34     1e-32  110.2  10.6     7   198    27   237    22   243 0.84 -
NW_025965256.1_RagTag:799553-800899   -            449 26160at314147        -            280   3.2e-47  157.8  19.4   2   2     6e-16   6.8e-15   51.7   1.5   191   263   265   344   255   349 0.79 -
NW_025965148.1_RagTag:223803-222829   -            325 26160at314147        -            280   1.8e-39  132.3   8.4   1   2   3.4e-34     4e-33  111.6   5.1     4   185    47   234    44   253 0.88 -
NW_025965148.1_RagTag:223803-222829   -            325 26160at314147        -            280   1.8e-39  132.3   8.4   2   2   5.9e-07   6.8e-06   22.2   0.1   185   213   297   325   281   325 0.85 -
NW_025965307.1_RagTag:921961-923724   -            588 26160at314147        -            280   2.8e-39  131.8  14.8   1   2     4e-26   4.6e-25   85.1   6.3     9   188    74   263    67   276 0.83 -
NW_025965307.1_RagTag:921961-923724   -            588 26160at314147        -            280   2.8e-39  131.8  14.8   2   2   5.9e-16   6.7e-15   51.8   1.3   183   271   475   564   455   571 0.85 -
NW_025965256.1_RagTag:1053763-1052636 -            376 26160at314147        -            280   1.1e-17   60.9  21.0   1   1   1.3e-18   1.5e-17   60.5  21.0    16   270    52   317    39   324 0.68 -
NW_025965314.1_RagTag:111342-113196   -            313 26160at314147        -            280   1.4e-17   60.6  22.6   1   1   1.6e-18   1.8e-17   60.2  22.6     9   264    20   301    11   311 0.79 -
NW_025965161.1_RagTag:402292-401603   -            230 26160at314147        -            280   5.5e-15   52.0   7.7   1   1   5.8e-16   6.7e-15   51.8   7.7     8   145    38   178    31   224 0.83 -
contig_25261_pilon:2013-1030          -            328 26160at314147        -            280   5.7e-15   52.0  21.4   1   1   1.1e-14   1.2e-13   47.6  21.4     8   260    31   312    22   320 0.68 -
NW_025965321.1_RagTag:4191413-4192267 -            285 26160at314147        -            280   7.8e-15   51.5  16.8   1   1   9.1e-16     1e-14   51.1  16.8     8   219    28   249    23   262 0.78 -
NW_025965317.1_RagTag:3117198-3115780 -            473 26160at314147        -            280   2.7e-13   46.5  18.8   1   2   4.7e-08   5.4e-07   25.8  11.3    15   200   130   318   117   323 0.72 -
NW_025965317.1_RagTag:3117198-3115780 -            473 26160at314147        -            280   2.7e-13   46.5  18.8   2   2   8.5e-08   9.8e-07   25.0   0.8   193   261   339   410   328   415 0.82 -
NW_025965266.1_RagTag:233489-231545   -            420 26160at314147        -            280   4.5e-13   45.8   9.6   1   2   1.3e-10   1.5e-09   34.2   5.1    10   190    53   238    45   248 0.76 -
NW_025965266.1_RagTag:233489-231545   -            420 26160at314147        -            280   4.5e-13   45.8   9.6   2   2   0.00025    0.0029   13.6   0.1   203   264   349   410   330   416 0.71 -
NW_025965407.1_RagTag:7923-7021       -            301 26160at314147        -            280   4.4e-12   42.5  19.2   1   1   4.9e-13   5.6e-12   42.2  19.2     4   264    22   301    20   301 0.76 -
NW_025965008.1_RagTag:184192-173292   -            306 26160at314147        -            280     5e-12   42.3  24.1   1   1   2.4e-12   2.7e-11   39.9  24.1     2   252    24   293    23   302 0.76 -
contig_67641_pilon:735-19             -            239 26160at314147        -            280   7.1e-12   41.8  15.4   1   2   5.9e-08   6.7e-07   25.5   6.5     6   111     4   108     1   136 0.86 -
contig_67641_pilon:735-19             -            239 26160at314147        -            280   7.1e-12   41.8  15.4   2   2   6.8e-07   7.8e-06   22.0   1.5   152   218   174   237   161   239 0.80 -
NW_025965319.1_RagTag:179652-180722   -            357 26160at314147        -            280   4.7e-11   39.2  22.3   1   1     2e-11   2.3e-10   36.9  22.3    10   229    35   271    29   329 0.69 -
NW_025965313.1_RagTag:1581324-1580538 -            260 26160at314147        -            280     5e-11   39.1  13.3   1   2   4.3e-12     5e-11   39.1  13.3     5   135    10   138     6   157 0.84 -
NW_025965313.1_RagTag:1581324-1580538 -            260 26160at314147        -            280     5e-11   39.1  13.3   2   2       8.7     1e+02   -1.3   1.1     9    44   166   199   158   223 0.58 -
NW_025965123.1_RagTag:1692788-1693690 -            301 26160at314147        -            280   5.4e-11   38.9  21.2   1   1   1.7e-11     2e-10   37.1  21.2     5   258    22   292    19   298 0.73 -
NW_025965230.1_RagTag:981313-980414   -            300 26160at314147        -            280   1.5e-10   37.4  17.7   1   1   3.7e-11   4.2e-10   36.0  17.7    14   261    32   298    19   300 0.71 -
contig_45575_pilon:1119-2019          -            296 26160at314147        -            280   1.8e-10   37.3   8.3   1   1     2e-11   2.3e-10   36.9   8.3    11   254    29   283    19   296 0.70 -
contig_23379_pilon:2033-1140          -            298 26160at314147        -            280     2e-10   37.1  22.6   1   1   2.2e-11   2.5e-10   36.8  22.6    10   259    28   295    21   298 0.73 -
NW_025965138.1_RagTag:8461-7640       -            274 26160at314147        -            280   2.2e-10   36.9  17.5   1   1   2.3e-11   2.7e-10   36.7  17.5    10   260     5   271     1   274 0.76 -
NW_025965421.1_RagTag:170983-171649   -            201 26160at314147        -            280   2.5e-10   36.8   7.3   1   1   8.8e-09     1e-07   28.2   7.3    64   217     5   150     1   201 0.68 -
contig_27735_pilon:510-1              -            170 26160at314147        -            280   3.7e-10   36.2   8.7   1   1     4e-11   4.6e-10   35.9   8.7     5   116    36   147    32   166 0.79 -
contig_67131_pilon:894-1              -            298 26160at314147        -            280   4.6e-10   35.9  21.5   1   1     5e-11   5.7e-10   35.6  21.5    12   253    31   290    22   298 0.71 -
NW_025965331.1_RagTag:86119-102345    -            282 26160at314147        -            280   6.2e-10   35.5  15.5   1   1   8.9e-11     1e-09   34.8  15.5     5   261    18   277    14   281 0.66 -
NW_025965140.1_RagTag:813619-812738   -            294 26160at314147        -            280   7.6e-10   35.2  23.9   1   1   1.5e-10   1.7e-09   34.0  23.9     3   252    21   289    19   293 0.75 -
NW_025965278.1_RagTag:261099-260431   -            223 26160at314147        -            280   1.2e-09   34.5   0.7   1   1   1.2e-10   1.3e-09   34.4   0.7   157   269    67   190    12   203 0.75 -
NW_025965209.1_RagTag:596644-597198   -            185 26160at314147        -            280   1.2e-09   34.5  10.1   1   1   1.5e-10   1.7e-09   34.0  10.1   157   264    52   170    24   182 0.82 -
NW_025965108.1_RagTag:141185-142166   -            318 26160at314147        -            280   1.5e-09   34.2   6.5   1   1   6.6e-10   7.6e-09   31.9   6.5    11   252    45   309    35   316 0.61 -
contig_70120_pilon:645-1523           -            293 26160at314147        -            280   2.9e-09   33.3   4.2   1   2   2.5e-10   2.9e-09   33.3   4.2     3   114    14   125    12   143 0.94 -
contig_70120_pilon:645-1523           -            293 26160at314147        -            280   2.9e-09   33.3   4.2   2   2       1.6        18    1.1   0.6   174   260   205   290   177   293 0.61 -
NW_025965235.1_RagTag:58504-57605     -            300 26160at314147        -            280   4.9e-09   32.5  22.0   1   1   1.4e-09   1.6e-08   30.9  22.0     5   263    23   299    19   300 0.73 -
NW_025965320.1_RagTag:799549-798621   -            308 26160at314147        -            280   9.6e-09   31.6  20.7   1   1   1.1e-09   1.2e-08   31.2  20.7     4   260    26   299    23   306 0.75 -
contig_19055_pilon:1243-491           -            245 26160at314147        -            280     1e-08   31.5  14.7   1   1   1.1e-09   1.3e-08   31.1  14.7    33   261     1   242     1   245 0.67 -
NW_025965322.1_RagTag:1853197-1851811 -            304 26160at314147        -            280     1e-08   31.5   6.8   1   2   1.9e-08   2.2e-07   27.1   2.7    14   150    55   194    43   239 0.76 -
NW_025965322.1_RagTag:1853197-1851811 -            304 26160at314147        -            280     1e-08   31.5   6.8   2   2      0.04      0.46    6.4   0.1   230   260   258   288   248   302 0.81 -
NW_025965146.1_RagTag:91849-90956     -            276 26160at314147        -            280   1.1e-08   31.3  17.5   1   1   2.8e-09   3.2e-08   29.8  17.5     8   252    28   265    21   276 0.58 -
NW_025965101.1_RagTag:46542-45745     -            266 26160at314147        -            280   1.3e-08   31.2  15.7   1   1   1.7e-09   1.9e-08   30.6  15.7     3   191    25   234    23   264 0.69 -
NW_025965182.1_RagTag:1728940-1729338 -            133 26160at314147        -            280   1.8e-08   30.7  10.1   1   1   1.7e-09   1.9e-08   30.6  10.1     5   112    24   131    20   133 0.89 -
contig_68255_pilon:858-0              -            263 26160at314147        -            280   1.9e-08   30.6  12.6   1   1   5.5e-09   6.3e-08   28.9  12.6     5   212    27   231    24   246 0.75 -
NW_025965123.1_RagTag:1592694-1591777 -            306 26160at314147        -            280   2.4e-08   30.2  29.1   1   1   3.3e-09   3.8e-08   29.6  29.1     2   269    20   305    19   306 0.79 -
contig_72985_pilon:1531-2240          -            234 26160at314147        -            280   2.5e-08   30.2  12.2   1   1   2.2e-09   2.5e-08   30.2  12.2     4   132    26   154    23   161 0.92 -
NW_025965274.1_RagTag:6065-6799       -            245 26160at314147        -            280   3.4e-08   29.8  10.8   1   2   2.9e-09   3.4e-08   29.8  10.8     3   112    26   135    24   154 0.90 -
NW_025965274.1_RagTag:6065-6799       -            245 26160at314147        -            280   3.4e-08   29.8  10.8   2   2       8.2        94   -1.2   0.3   159   178   203   222   186   241 0.55 -
NW_025965251.1_RagTag:376661-375814   -            272 26160at314147        -            280   3.5e-08   29.7  22.0   1   1   4.3e-09     5e-08   29.2  22.0     6   261    10   270     5   272 0.66 -
NW_025965320.1_RagTag:792323-791874   -            150 26160at314147        -            280     4e-08   29.5   5.1   1   1   3.7e-09   4.2e-08   29.4   5.1     2   118    20   136    19   150 0.90 -
NW_025965581.1_RagTag:2490-3395       -            302 26160at314147        -            280   5.4e-08   29.1  16.9   1   1   9.4e-08   1.1e-06   24.8  16.9     4   264    19   300    16   302 0.69 -
NW_025965123.1_RagTag:1802252-1682359 -            266 26160at314147        -            280   6.2e-08   28.9  21.1   1   1   4.8e-08   5.5e-07   25.8  21.1     4   261     6   264     4   266 0.74 -
NW_025965352.1_RagTag:34299-33355     -            315 26160at314147        -            280   6.3e-08   28.9  13.3   1   1   1.9e-08   2.1e-07   27.1  13.3    12   258    42   309    35   315 0.82 -
contig_57885_pilon:1608-2156          -            183 26160at314147        -            280   7.3e-08   28.7   8.6   1   1   7.7e-09   8.8e-08   28.4   8.6     8   112    39   142    30   176 0.77 -
contig_30302_pilon:1965-1053          -            290 26160at314147        -            280   7.4e-08   28.7  21.9   1   1     8e-09   9.2e-08   28.3  21.9     4   214    28   246    25   290 0.74 -
NW_025965324.1_RagTag:3751936-3751007 -            279 26160at314147        -            280   7.5e-08   28.6  23.0   1   1   9.1e-09     1e-07   28.2  23.0     5   261    27   272    24   274 0.81 -
contig_44821_pilon:548-0              -            183 26160at314147        -            280   7.7e-08   28.6  11.7   1   1   8.3e-09   9.5e-08   28.3  11.7     4   129    24   155    22   180 0.81 -
NW_025965108.1_RagTag:141726-142244   -            173 26160at314147        -            280   8.6e-08   28.4   2.5   1   1   1.3e-08   1.5e-07   27.6   2.5   161   252    31   138    22   151 0.67 -
contig_26960_pilon:456-1361           -            302 26160at314147        -            280   8.9e-08   28.4  14.1   1   1   2.1e-08   2.4e-07   27.0  14.1     5   260    24   298    21   302 0.71 -
NW_025965426.1_RagTag:29173-28250     -            308 26160at314147        -            280   1.2e-07   27.9  21.4   1   1   2.6e-08     3e-07   26.7  21.4    11   250    31   291    26   304 0.69 -
NW_025965008.1_RagTag:207523-173283   -            295 26160at314147        -            280   1.5e-07   27.7  26.0   1   1   7.2e-08   8.3e-07   25.2  26.0     2   252    10   279     9   288 0.75 -
NW_025965230.1_RagTag:330445-329291   -            385 26160at314147        -            280   2.5e-07   26.9   8.0   1   2   3.6e-06   4.1e-05   19.7   2.7    12   111    49   147    40   170 0.83 -
NW_025965230.1_RagTag:330445-329291   -            385 26160at314147        -            280   2.5e-07   26.9   8.0   2   2    0.0031     0.036   10.0   0.2   162   261   215   326   206   335 0.63 -
contig_22903_pilon:621-1529           -            303 26160at314147        -            280   2.8e-07   26.8  19.3   1   2   1.4e-07   1.6e-06   24.3  12.0     4   119    23   138    20   164 0.89 -
contig_22903_pilon:621-1529           -            303 26160at314147        -            280   2.8e-07   26.8  19.3   2   2     0.021      0.25    7.3   0.7   153   262   194   301   181   303 0.81 -
NW_025965008.1_RagTag:167884-163548   -            147 26160at314147        -            280   3.1e-07   26.6   6.6   1   1     4e-08   4.6e-07   26.1   6.6     2   115    16   122    15   143 0.72 -
NW_025965320.1_RagTag:846850-846021   -            271 26160at314147        -            280   3.3e-07   26.5  18.0   1   1   3.9e-08   4.5e-07   26.1  18.0    12   214     4   221     1   270 0.63 -
contig_16391_pilon:1811-892           -            276 26160at314147        -            280   4.2e-07   26.2  22.6   1   1   6.9e-08   7.9e-07   25.3  22.6     5   262    27   273    23   276 0.75 -
NW_025965313.1_RagTag:1578926-1577992 -            301 26160at314147        -            280     5e-07   25.9  25.4   1   1   9.1e-08     1e-06   24.9  25.4     6   263    33   299    28   301 0.73 -
contig_72712_pilon:528-1298           -            257 26160at314147        -            280   5.3e-07   25.8  11.4   1   2   4.7e-08   5.3e-07   25.8  11.4     4   113    29   138    26   166 0.84 -
contig_72712_pilon:528-1298           -            257 26160at314147        -            280   5.3e-07   25.8  11.4   2   2       6.9        79   -1.0   0.8   160   179   206   225   188   255 0.50 -
NW_025965008.1_RagTag:210473-211126   -            218 26160at314147        -            280   5.5e-07   25.8   9.2   1   1   4.8e-08   5.5e-07   25.8   9.2    11   138     3   132     1   158 0.80 -
NW_025965250.1_RagTag:29037-28351     -            229 26160at314147        -            280   5.6e-07   25.8  17.8   1   1   6.6e-08   7.6e-07   25.3  17.8     5   175    38   213    35   222 0.80 -
NW_025965203.1_RagTag:450455-451276   -            274 26160at314147        -            280   6.7e-07   25.5   5.6   1   1   5.8e-08   6.7e-07   25.5   5.6     3   116    14   126    12   145 0.88 -
NW_025965247.1_RagTag:66521-66763     -             81 26160at314147        -            280   8.1e-07   25.2   2.0   1   1   7.2e-08   8.3e-07   25.2   2.0   201   252    23    79     3    81 0.74 -
NW_025965008.1_RagTag:201239-228537   -            293 26160at314147        -            280   1.1e-06   24.8  12.0   1   1   2.1e-07   2.4e-06   23.7  12.0     2   131    14   143    13   286 0.93 -
NW_025965140.1_RagTag:1002759-1001962 -            240 26160at314147        -            280   1.2e-06   24.7  12.3   1   1     2e-07   2.3e-06   23.8  12.3    20   263     2   239     1   240 0.66 -
NW_025965305.1_RagTag:1568367-1569271 -            291 26160at314147        -            280   1.2e-06   24.7  21.5   1   1   1.4e-07   1.6e-06   24.3  21.5    10   261    22   289    16   291 0.72 -
NW_025965431.1_RagTag:35565-34649     -            304 26160at314147        -            280   1.3e-06   24.6  22.1   1   1   2.9e-07   3.4e-06   23.2  22.1     6   220    28   260    25   301 0.65 -
NW_025965418.1_RagTag:2394-2962       -            181 26160at314147        -            280   1.3e-06   24.6   1.5   1   1   1.3e-07   1.5e-06   24.4   1.5    93   260     2   179     1   181 0.77 -
NW_025965307.1_RagTag:57189-57698     -            170 26160at314147        -            280   1.5e-06   24.4   7.4   1   1   1.6e-07   1.8e-06   24.1   7.4     6   113    28   135    23   142 0.83 -
NW_025965274.1_RagTag:18043-18971     -            307 26160at314147        -            280   1.9e-06   24.0  23.3   1   2   1.7e-05    0.0002   17.4  12.6     4   113    29   135    26   165 0.83 -
NW_025965274.1_RagTag:18043-18971     -            307 26160at314147        -            280   1.9e-06   24.0  23.3   2   2   0.00052     0.006   12.5   2.9   159   260   200   301   182   306 0.84 -
NW_025965305.1_RagTag:1593388-1609213 -            255 26160at314147        -            280   2.4e-06   23.7  19.4   1   1   2.6e-07     3e-06   23.4  19.4    18   256     3   248     1   255 0.75 -
NW_025965320.1_RagTag:846847-801819   -            267 26160at314147        -            280     3e-06   23.4  19.7   1   1   3.3e-07   3.8e-06   23.0  19.7    12   251     3   261     1   266 0.68 -
contig_45284_pilon:1146-1930          -            259 26160at314147        -            280   3.3e-06   23.2  20.0   1   1   4.4e-07     5e-06   22.6  20.0    10   207    29   242    21   258 0.61 -
contig_36220_pilon:1243-2185          -            312 26160at314147        -            280   3.5e-06   23.1  24.1   1   1   3.8e-07   4.3e-06   22.9  24.1     5   269    27   303    23   311 0.70 -
contig_32555_pilon:1949-1238          -            233 26160at314147        -            280   4.2e-06   22.9   9.5   1   2     2e-05   0.00023   17.2   1.0     5    64    25    84    21   111 0.89 -
contig_32555_pilon:1949-1238          -            233 26160at314147        -            280   4.2e-06   22.9   9.5   2   2    0.0027     0.031   10.2   2.4   156   261   119   223   101   231 0.79 -
contig_57973_pilon:1251-358           -            298 26160at314147        -            280   4.2e-06   22.9   8.8   1   1   1.6e-06   1.8e-05   20.8   8.8     4   132    18   148    15   298 0.69 -
NW_025965313.1_RagTag:8909-65962      -            278 26160at314147        -            280     6e-06   22.4  12.8   1   1   9.2e-07   1.1e-05   21.6  12.8     3   121    29   147    27   173 0.87 -
NW_025965274.1_RagTag:775-1698        -            308 26160at314147        -            280   8.7e-06   21.9  26.3   1   1   6.5e-06   7.4e-05   18.8  26.3     3   262    28   307    26   308 0.71 -
contig_75679_pilon:812-1679           -            286 26160at314147        -            280   1.1e-05   21.6  26.4   1   1   1.9e-06   2.1e-05   20.6  26.4     5   251    16   278    12   286 0.76 -
contig_59306_pilon:950-1787           -            276 26160at314147        -            280   1.2e-05   21.4   7.6   1   1     1e-06   1.2e-05   21.4   7.6     5   115    29   139    25   168 0.83 -
NW_025965352.1_RagTag:20838-20083     -            252 26160at314147        -            280     2e-05   20.7  15.1   1   1   2.7e-05   0.00031   16.7  15.1    33   260     1   248     1   252 0.58 -
NW_025965316.1_RagTag:3770392-3769725 -            220 26160at314147        -            280   2.6e-05   20.3   3.4   1   1   2.3e-06   2.6e-05   20.3   3.4     9   106    39   135    32   142 0.78 -
NW_025965295.1_RagTag:908868-907624   -            415 26160at314147        -            280   2.8e-05   20.2  26.3   1   1     6e-06   6.9e-05   18.9  26.3     7   270    97   378    92   387 0.64 -
NW_025965470.1_RagTag:908-166         -            206 26160at314147        -            280   3.1e-05   20.0   0.4   1   2   6.1e-06     7e-05   18.9   0.1    42   114    13    85     4    99 0.82 -
NW_025965470.1_RagTag:908-166         -            206 26160at314147        -            280   3.1e-05   20.0   0.4   2   2       9.9   1.1e+02   -1.5   0.0   236   250   182   196   140   205 0.59 -
NW_025965054.1_RagTag:12799-13453     -            208 26160at314147        -            280   3.3e-05   20.0   2.1   1   1   1.5e-05   0.00017   17.6   2.1    86   259    22   203    14   208 0.50 -
NW_025965313.1_RagTag:1618159-1619045 -            294 26160at314147        -            280   3.5e-05   19.9  24.3   1   1   7.6e-06   8.8e-05   18.6  24.3     5   263    16   291    12   293 0.76 -
contig_11065_pilon:1203-445           -            242 26160at314147        -            280   4.6e-05   19.5   6.9   1   1   4.5e-06   5.2e-05   19.3   6.9     5   200    27   229    23   242 0.78 -
NW_025965274.1_RagTag:25462-24893     -            160 26160at314147        -            280   5.5e-05   19.2   6.2   1   2       2.9        33    0.3   0.2   198   216    25    43    20    65 0.71 -
NW_025965274.1_RagTag:25462-24893     -            160 26160at314147        -            280   5.5e-05   19.2   6.2   2   2   4.8e-06   5.5e-05   19.2   6.2    46   144    53   148    38   160 0.69 -
NW_025965101.1_RagTag:55949-75138     -            300 26160at314147        -            280   6.3e-05   19.0  16.0   1   1   1.7e-05    0.0002   17.4  16.1     3   262    22   295    20   298 0.78 -
NW_025965313.1_RagTag:59105-59614     -            170 26160at314147        -            280   6.7e-05   18.9  12.8   1   1     7e-06     8e-05   18.7  12.8     5   114    23   132    19   164 0.89 -
NW_025965235.1_RagTag:60087-59185     -            301 26160at314147        -            280   8.9e-05   18.6  16.3   1   1   2.9e-05   0.00034   16.6  16.3     8   251    28   290    21   295 0.69 -
NW_025965258.1_RagTag:3651-4571       -            307 26160at314147        -            280   9.1e-05   18.5  16.8   1   1   1.9e-05   0.00022   17.3  16.8     4   259    26   300    23   306 0.67 -
NW_025965331.1_RagTag:84058-84891     -            278 26160at314147        -            280   9.2e-05   18.5   3.7   1   1   8.1e-06   9.2e-05   18.5   3.7     3   113    30   144    28   171 0.80 -
NW_025965331.1_RagTag:82371-81553     -            273 26160at314147        -            280   9.5e-05   18.4   8.4   1   2   1.4e-05   0.00016   17.7   1.6    14   112     2   100     1   106 0.91 -
NW_025965331.1_RagTag:82371-81553     -            273 26160at314147        -            280   9.5e-05   18.4   8.4   2   2      0.12       1.4    4.8   0.7   154   260   163   267   151   271 0.60 -
NW_025965273.1_RagTag:377227-377896   -            191 26160at314147        -            280   9.6e-05   18.4   2.4   1   2   8.3e-06   9.6e-05   18.4   2.4    42   114    31   103     6   127 0.82 -
NW_025965273.1_RagTag:377227-377896   -            191 26160at314147        -            280   9.6e-05   18.4   2.4   2   2       8.9     1e+02   -1.3   0.0   162   194   135   169   118   175 0.67 -
NW_025965123.1_RagTag:1655672-1602571 -            294 26160at314147        -            280   9.8e-05   18.4  22.1   1   1     2e-05   0.00023   17.2  22.1     1   261    23   289    23   293 0.74 -
contig_30879_pilon:3182-2259          -            308 26160at314147        -            280   0.00011   18.3  18.1   1   1   1.3e-05   0.00015   17.8  18.1     9   260    35   305    27   308 0.76 -
contig_14807_pilon:1398-489           -            298 26160at314147        -            280   0.00014   17.9  16.1   1   1   2.5e-05   0.00029   16.9  16.1     9   252    28   290    20   298 0.73 -
contig_81842_pilon:1464-697           -            256 26160at314147        -            280   0.00021   17.3   4.8   1   1   1.9e-05   0.00021   17.3   4.8    32   115     6    89     4   164 0.86 -
NW_025965161.1_RagTag:650005-650751   -            249 26160at314147        -            280   0.00024   17.2   9.3   1   1   3.5e-05    0.0004   16.4   9.3    38   136     3   107     1   245 0.80 -
NW_025965054.1_RagTag:12554-17488     -            271 26160at314147        -            280   0.00029   16.9  11.8   1   2    0.0011     0.012   11.5   8.7     6   126    24   132    19   145 0.76 -
NW_025965054.1_RagTag:12554-17488     -            271 26160at314147        -            280   0.00029   16.9  11.8   2   2      0.27       3.2    3.6   0.0   207   263   208   268   167   271 0.83 -
NW_025965146.1_RagTag:97684-98594     -            291 26160at314147        -            280   0.00037   16.5  19.7   1   1   0.00049    0.0057   12.6  19.7     4   260    22   285    19   290 0.54 -
NW_025965080.1_RagTag:560460-561338   -            293 26160at314147        -            280   0.00041   16.4  20.2   1   1   0.00016    0.0018   14.3  20.2     6   261    19   291    15   293 0.66 -
NW_025965320.1_RagTag:825316-811740   -            300 26160at314147        -            280   0.00042   16.3  25.2   1   1   5.9e-05   0.00067   15.7  25.2     3   221    30   267    28   296 0.61 -
NW_025965008.1_RagTag:160158-159256   -            301 26160at314147        -            280   0.00055   16.0  22.5   1   1   0.00012    0.0013   14.7  22.5     6   255    28   295    23   301 0.73 -
NW_025965233.1_RagTag:189853-190770   -            306 26160at314147        -            280   0.00059   15.9  21.4   1   1   0.00014    0.0016   14.4  21.4     2   257    23   297    22   304 0.75 -
NW_025965317.1_RagTag:2485493-2486315 -            269 26160at314147        -            280   0.00085   15.3  19.3   1   1   0.00085    0.0098   11.9  19.4     5   211     8   228     4   235 0.60 -
NW_025965054.1_RagTag:7836-7369       -            156 26160at314147        -            280   0.00089   15.3   0.6   1   1   9.4e-05    0.0011   15.0   0.6    23   126    10   119     1   150 0.63 -
contig_48637_pilon:1311-406           -            302 26160at314147        -            280    0.0016   14.5  22.7   1   1   0.00025    0.0028   13.6  22.7     4   223    22   260    19   301 0.62 -
NW_025965315.1_RagTag:2412143-2413039 -            299 26160at314147        -            280    0.0016   14.4  22.9   1   1   0.00019    0.0022   14.0  22.9     3   261    23   296    21   299 0.63 -
NW_025965223.1_RagTag:121394-120495   -            300 26160at314147        -            280    0.0016   14.4  22.9   1   1   0.00026    0.0029   13.6  22.9     3   264    17   297    15   300 0.77 -
NW_025965008.1_RagTag:147463-148386   -            308 26160at314147        -            280    0.0017   14.4  22.8   1   1   0.00074    0.0085   12.1  22.8     4   259    26   300    23   307 0.69 -
NW_025965307.1_RagTag:96079-95414     -            222 26160at314147        -            280     0.002   14.1   4.3   1   1     0.001     0.012   11.6   4.3    90   114    20    44     9   220 0.75 -
NW_025965426.1_RagTag:17750-65099     -            286 26160at314147        -            280    0.0028   13.7  17.9   1   1    0.0045     0.052    9.5  17.9    10   120    19   134    13   286 0.53 -
NW_025965161.1_RagTag:647884-648477   -            198 26160at314147        -            280    0.0044   13.0   5.0   1   1    0.0009      0.01   11.8   5.0    92   261     7   195     3   198 0.62 -
contig_77425_pilon:139-1061           -            303 26160at314147        -            280    0.0059   12.6  25.7   1   1   0.00076    0.0088   12.0  25.7     5   250    27   285    23   301 0.63 -
NW_025965426.1_RagTag:64293-65108     -            272 26160at314147        -            280    0.0089   12.0  16.8   1   1     0.016      0.18    7.7  16.8    12   250     4   262     1   271 0.51 -
contig_45643_pilon:1939-1040          -            300 26160at314147        -            280    0.0091   12.0  25.6   1   1    0.0016     0.018   10.9  25.6     3   216    21   254    19   297 0.65 -
contig_31446_pilon:625-37             -            190 26160at314147        -            280     0.013   11.5  12.1   1   1    0.0014     0.016   11.2  12.1     3   134    19   156    17   188 0.77 -
NW_025965151.1_RagTag:9152-8292       -            287 26160at314147        -            280     0.015   11.2  24.2   1   1     0.011      0.13    8.2  24.2     9   260     5   275     1   283 0.65 -
contig_19626_pilon:706-1617           -            304 26160at314147        -            280      0.12    8.2  26.1   1   1     0.016      0.18    7.7  26.1     4   183    28   220    25   303 0.69 -
#
# Program:         hmmsearch
# Version:         3.1b2 (February 2015)
# Pipeline mode:   SEARCH
# Query file:      /home/bgerda/guppy_SUP/busco_downloads/lineages/glires_odb10/hmms/26160at314147.hmm
# Target file:     /home/bgerda/guppy_SUP/busco_results_racon/run_glires_odb10/metaeuk_output/initial_results/ragtag.scaffold.fasta.modified.fas
# Option settings: hmmsearch --domtblout /home/bgerda/guppy_SUP/busco_results_racon/run_glires_odb10/hmmer_output/initial_run_results/26160at314147.out --cpu 1 /home/bgerda/guppy_SUP/busco_downloads/lineages/glires_odb10/hmms/26160at314147.hmm /home/bgerda/guppy_SUP/busco_results_racon/run_glires_odb10/metaeuk_output/initial_results/ragtag.scaffold.fasta.modified.fas 
# Current dir:     /home/bgerda/guppy_SUP
# Date:            Sun May 21 17:05:46 2023
# [ok]
