#                                                                                             --- full sequence --- -------------- this domain -------------   hmm coord   ali coord   env coord
# target name                         accession   tlen query name           accession   qlen   E-value  score  bias   #  of  c-Evalue  i-Evalue  score  bias  from    to  from    to  from    to  acc description of target
#                 ------------------- ---------- ----- -------------------- ---------- ----- --------- ------ ----- --- --- --------- --------- ------ ----- ----- ----- ----- ----- ----- ----- ---- ---------------------
NW_025965319.1_RagTag:936680-934538   -            651 27045at314147        -            324   6.7e-18   61.5   6.1   1   2   1.1e-13   1.2e-11   40.9   0.3    62   143   135   220    97   227 0.83 -
NW_025965319.1_RagTag:936680-934538   -            651 27045at314147        -            324   6.7e-18   61.5   6.1   2   2   9.2e-11     1e-08   31.3   2.4    76   198   200   332   200   439 0.74 -
NW_025965287.1_RagTag:800819-799737   -            361 27045at314147        -            324   5.4e-17   58.5  13.8   1   3   2.7e-07     3e-05   19.9   1.0    70   141   111   183    99   188 0.93 -
NW_025965287.1_RagTag:800819-799737   -            361 27045at314147        -            324   5.4e-17   58.5  13.8   2   3   1.6e-08   1.8e-06   23.9   1.6    57   141   191   279   188   290 0.83 -
NW_025965287.1_RagTag:800819-799737   -            361 27045at314147        -            324   5.4e-17   58.5  13.8   3   3   4.6e-07     5e-05   19.2   0.1    70   123   303   356   289   361 0.86 -
NW_025965304.1_RagTag:236053-233843   -            737 27045at314147        -            324   1.5e-16   57.0  26.5   1   4   2.4e-06   0.00026   16.8   0.2    78   144     3    70     1    73 0.91 -
NW_025965304.1_RagTag:236053-233843   -            737 27045at314147        -            324   1.5e-16   57.0  26.5   2   4   0.00034     0.037    9.8   0.5    75   122    73   118    70   147 0.76 -
NW_025965304.1_RagTag:236053-233843   -            737 27045at314147        -            324   1.5e-16   57.0  26.5   3   4   2.3e-05    0.0025   13.6   0.7    34   141   275   387   257   391 0.78 -
NW_025965304.1_RagTag:236053-233843   -            737 27045at314147        -            324   1.5e-16   57.0  26.5   4   4   4.1e-10   4.5e-08   29.2  10.3    36   193   351   519   349   540 0.77 -
NW_025965322.1_RagTag:1889052-1889456 -            135 27045at314147        -            324   2.6e-15   53.0   0.1   1   1     3e-17   3.3e-15   52.6   0.1    66   170     6   126     1   133 0.81 -
NW_025965301.1_RagTag:529721-528217   -            499 27045at314147        -            324   1.2e-14   50.8   9.2   1   2   1.2e-11   1.3e-09   34.3   0.9    63   147    36   124    12   128 0.88 -
NW_025965301.1_RagTag:529721-528217   -            499 27045at314147        -            324   1.2e-14   50.8   9.2   2   2   4.3e-10   4.7e-08   29.1   3.6    74   187    98   218    93   229 0.81 -
NW_025965287.1_RagTag:802961-802386   -            192 27045at314147        -            324   9.8e-11   37.9   2.6   1   2       2.1   2.3e+02   -2.7   0.0   151   163    23    35    20    41 0.81 -
NW_025965287.1_RagTag:802961-802386   -            192 27045at314147        -            324   9.8e-11   37.9   2.6   2   2   9.1e-13   9.8e-11   37.9   2.6    29   140    50   164    32   188 0.80 -
NW_025965140.1_RagTag:194226-195287   -            354 27045at314147        -            324   9.1e-07   24.9   0.0   1   2   3.8e-05    0.0041   12.9   0.0    27   117    52   145    40   172 0.81 -
NW_025965140.1_RagTag:194226-195287   -            354 27045at314147        -            324   9.1e-07   24.9   0.0   2   2   0.00027      0.03   10.1   0.0    81   137   207   265   162   271 0.82 -
NW_025965230.1_RagTag:694060-694533   -            158 27045at314147        -            324   1.5e-05   20.9   8.0   1   2   5.8e-06   0.00063   15.5   2.6    65   137    41   117    34   134 0.69 -
NW_025965230.1_RagTag:694060-694533   -            158 27045at314147        -            324   1.5e-05   20.9   8.0   2   2   9.3e-06     0.001   14.9   0.2    73   142    76   146    71   155 0.89 -
NW_025965324.1_RagTag:3746853-3746134 -            240 27045at314147        -            324   3.2e-05   19.8   0.0   1   1   7.3e-07   7.9e-05   18.5   0.0    27   170    72   226    57   231 0.81 -
NW_025965233.1_RagTag:1527483-1527755 -             91 27045at314147        -            324     6e-05   18.9   0.0   1   1   6.7e-07   7.2e-05   18.6   0.0    75   141    17    84     2    90 0.57 -
NW_025965028.1_RagTag:53297-54208     -            304 27045at314147        -            324   0.00084   15.1  16.0   1   3   0.00026     0.028   10.1   2.9   101   147    71   118    63   146 0.61 -
NW_025965028.1_RagTag:53297-54208     -            304 27045at314147        -            324   0.00084   15.1  16.0   2   3    0.0018      0.19    7.4   6.3    61   141   122   203   114   226 0.72 -
NW_025965028.1_RagTag:53297-54208     -            304 27045at314147        -            324   0.00084   15.1  16.0   3   3    0.0011      0.11    8.1   4.8    74   155   160   245   148   251 0.80 -
NW_025965131.1_RagTag:161972-161694   -             93 27045at314147        -            324   0.00092   15.0   0.4   1   1   8.7e-06   0.00095   15.0   0.4   142   195    21    73     1    84 0.70 -
NW_025965321.1_RagTag:2887611-2888586 -            293 27045at314147        -            324    0.0041   12.9   1.2   1   2   5.4e-05    0.0059   12.4   0.7    99   170     1    85     1    98 0.72 -
NW_025965321.1_RagTag:2887611-2888586 -            293 27045at314147        -            324    0.0041   12.9   1.2   2   2       2.5   2.7e+02   -2.9   0.0   199   247   174   220   168   222 0.65 -
#
# Program:         hmmsearch
# Version:         3.1b2 (February 2015)
# Pipeline mode:   SEARCH
# Query file:      /home/bgerda/guppy_SUP/busco_downloads/lineages/glires_odb10/hmms/27045at314147.hmm
# Target file:     /home/bgerda/guppy_SUP/busco_results_racon/run_glires_odb10/metaeuk_output/initial_results/ragtag.scaffold.fasta.modified.fas
# Option settings: hmmsearch --domtblout /home/bgerda/guppy_SUP/busco_results_racon/run_glires_odb10/hmmer_output/initial_run_results/27045at314147.out --cpu 1 /home/bgerda/guppy_SUP/busco_downloads/lineages/glires_odb10/hmms/27045at314147.hmm /home/bgerda/guppy_SUP/busco_results_racon/run_glires_odb10/metaeuk_output/initial_results/ragtag.scaffold.fasta.modified.fas 
# Current dir:     /home/bgerda/guppy_SUP
# Date:            Sun May 21 17:05:46 2023
# [ok]
