#                                                                                             --- full sequence --- -------------- this domain -------------   hmm coord   ali coord   env coord
# target name                         accession   tlen query name           accession   qlen   E-value  score  bias   #  of  c-Evalue  i-Evalue  score  bias  from    to  from    to  from    to  acc description of target
#                 ------------------- ---------- ----- -------------------- ---------- ----- --------- ------ ----- --- --- --------- --------- ------ ----- ----- ----- ----- ----- ----- ----- ---- ---------------------
NW_025965099.1_RagTag:14363-15274     -            304 3096at314147         -           1090   1.8e-25   85.0   0.0   1   1   3.4e-27   2.3e-25   84.7   0.0   571   834    35   288    19   297 0.87 -
contig_66008_pilon:1779-2636          -            286 3096at314147         -           1090   2.7e-25   84.4   0.0   1   1   5.1e-27   3.4e-25   84.1   0.0   587   833     9   244     2   257 0.84 -
NW_025965499.1_RagTag:3791-2706       -            362 3096at314147         -           1090   6.8e-25   83.1   0.0   1   1   1.3e-26   8.5e-25   82.8   0.0   571   834    25   278     8   288 0.87 -
contig_34309_pilon:592-2              -            197 3096at314147         -           1090   7.3e-25   83.0   0.0   1   1   1.3e-26   8.9e-25   82.7   0.0   570   754    15   192     4   196 0.90 -
NW_025965233.1_RagTag:114859-113462   -            466 3096at314147         -           1090   3.8e-24   80.6   0.0   1   1   7.4e-26     5e-24   80.2   0.0   570   836    14   269     5   275 0.85 -
contig_37224_pilon:1693-2424          -            244 3096at314147         -           1090   6.7e-22   73.2   0.0   1   1   1.1e-23   7.6e-22   73.0   0.0   571   813     7   239     3   244 0.89 -
NW_025965279.1_RagTag:78582-79082     -            167 3096at314147         -           1090   5.5e-18   60.2   0.0   1   1   9.1e-20   6.1e-18   60.1   0.0   664   770     5   107     3   165 0.72 -
contig_34501_pilon:2271-1564          -            236 3096at314147         -           1090     1e-17   59.4   0.0   1   1   1.7e-19   1.1e-17   59.2   0.0   638   823     3   179     1   193 0.81 -
contig_31429_pilon:462-998            -            179 3096at314147         -           1090   6.3e-17   56.7   0.0   1   1   9.9e-19   6.7e-17   56.6   0.0   657   773    19   130     7   167 0.85 -
NW_025965548.1_RagTag:8433-1774       -            515 3096at314147         -           1090     5e-13   43.8   0.0   1   1   1.2e-14   8.1e-13   43.1   0.0   610   762   282   447   267   465 0.75 -
NW_025965401.1_RagTag:63455-65494     -            216 3096at314147         -           1090   1.3e-12   42.5   0.0   1   1   2.2e-14   1.5e-12   42.3   0.0   661   776    16   137     1   147 0.79 -
NW_025965313.1_RagTag:82152-83454     -            215 3096at314147         -           1090   2.6e-12   41.4   0.0   1   1   4.6e-14   3.1e-12   41.2   0.0   571   715    49   187    40   213 0.82 -
NW_025965309.1_RagTag:3330510-3327790 -            323 3096at314147         -           1090   8.8e-12   39.7   0.0   1   1   1.8e-13   1.2e-11   39.2   0.0   571   761   103   313    79   321 0.75 -
contig_18707_pilon:1317-1844          -            176 3096at314147         -           1090   1.3e-09   32.5   0.0   1   1   1.9e-11   1.3e-09   32.5   0.0   674   793    15   128     1   160 0.79 -
NW_025965072.1_RagTag:97023-94742     -            255 3096at314147         -           1090   1.3e-06   22.6   0.0   1   1     2e-08   1.3e-06   22.5   0.0   617   767    22   167     7   246 0.72 -
NW_025965301.1_RagTag:70135-68389     -            312 3096at314147         -           1090   9.8e-05   16.3   0.0   1   2   6.7e-05    0.0045   10.8   0.0   726   766   170   208   145   215 0.79 -
NW_025965301.1_RagTag:70135-68389     -            312 3096at314147         -           1090   9.8e-05   16.3   0.0   2   2     0.011      0.77    3.5   0.0   777   825   266   312   256   312 0.82 -
NW_025965352.1_RagTag:102445-104127   -            319 3096at314147         -           1090   0.00014   15.9   0.0   1   1   2.9e-06   0.00019   15.4   0.0   583   811    61   303    47   311 0.68 -
NW_025965240.1_RagTag:95899-92013     -            305 3096at314147         -           1090    0.0013   12.6   0.0   1   1   2.5e-05    0.0017   12.3   0.0   610   690   228   305   219   305 0.81 -
NW_025965218.1_RagTag:1578470-1576498 -            278 3096at314147         -           1090    0.0014   12.5   0.0   1   1   2.5e-05    0.0017   12.2   0.0   720   768   106   153    76   206 0.76 -
NW_025965222.1_RagTag:185086-183102   -            116 3096at314147         -           1090    0.0023   11.8   0.0   1   1   3.4e-05    0.0023   11.8   0.0   730   790     3    62     1   102 0.82 -
NW_025965334.1_RagTag:171576-171430   -             49 3096at314147         -           1090    0.0069   10.2   0.0   1   1   0.00011    0.0073   10.2   0.0   729   771     5    46     3    49 0.83 -
#
# Program:         hmmsearch
# Version:         3.1b2 (February 2015)
# Pipeline mode:   SEARCH
# Query file:      /home/bgerda/guppy_SUP/busco_downloads/lineages/glires_odb10/hmms/3096at314147.hmm
# Target file:     /home/bgerda/guppy_SUP/busco_results_racon/run_glires_odb10/metaeuk_output/initial_results/ragtag.scaffold.fasta.modified.fas
# Option settings: hmmsearch --domtblout /home/bgerda/guppy_SUP/busco_results_racon/run_glires_odb10/hmmer_output/initial_run_results/3096at314147.out --cpu 1 /home/bgerda/guppy_SUP/busco_downloads/lineages/glires_odb10/hmms/3096at314147.hmm /home/bgerda/guppy_SUP/busco_results_racon/run_glires_odb10/metaeuk_output/initial_results/ragtag.scaffold.fasta.modified.fas 
# Current dir:     /home/bgerda/guppy_SUP
# Date:            Sun May 21 17:05:48 2023
# [ok]
