#                                                                                             --- full sequence --- -------------- this domain -------------   hmm coord   ali coord   env coord
# target name                         accession   tlen query name           accession   qlen   E-value  score  bias   #  of  c-Evalue  i-Evalue  score  bias  from    to  from    to  from    to  acc description of target
#                 ------------------- ---------- ----- -------------------- ---------- ----- --------- ------ ----- --- --- --------- --------- ------ ----- ----- ----- ----- ----- ----- ----- ---- ---------------------
NW_025965440.1_RagTag:12616-13782     -            389 31230at314147        -            258     1e-95  316.7 148.9   1   9   7.5e-16   1.5e-14   50.7   8.5   179   247     3    69     1    73 0.93 -
NW_025965440.1_RagTag:12616-13782     -            389 31230at314147        -            258     1e-95  316.7 148.9   2   9     4e-13   7.8e-12   41.8   9.9   182   246    62   124    62   126 0.94 -
NW_025965440.1_RagTag:12616-13782     -            389 31230at314147        -            258     1e-95  316.7 148.9   3   9   2.3e-14   4.5e-13   45.8  10.9   179   246    87   152    85   156 0.93 -
NW_025965440.1_RagTag:12616-13782     -            389 31230at314147        -            258     1e-95  316.7 148.9   4   9   7.7e-14   1.5e-12   44.1   8.4   182   246   118   180   117   182 0.95 -
NW_025965440.1_RagTag:12616-13782     -            389 31230at314147        -            258     1e-95  316.7 148.9   5   9   1.3e-15   2.5e-14   50.0   8.0   180   246   144   208   144   212 0.94 -
NW_025965440.1_RagTag:12616-13782     -            389 31230at314147        -            258     1e-95  316.7 148.9   6   9   3.9e-14   7.5e-13   45.1   8.7   182   245   174   235   173   237 0.95 -
NW_025965440.1_RagTag:12616-13782     -            389 31230at314147        -            258     1e-95  316.7 148.9   7   9   4.2e-14   8.1e-13   45.0  10.5   180   246   200   264   200   266 0.95 -
NW_025965440.1_RagTag:12616-13782     -            389 31230at314147        -            258     1e-95  316.7 148.9   8   9   6.4e-17   1.2e-15   54.2  11.1   180   246   256   320   255   324 0.94 -
NW_025965440.1_RagTag:12616-13782     -            389 31230at314147        -            258     1e-95  316.7 148.9   9   9   1.6e-15   3.1e-14   49.7   8.9   182   257   314   387   313   388 0.95 -
NW_025965271.1_RagTag:496368-615075   -            290 31230at314147        -            258     1e-83  277.3 103.1   1   7   1.4e-14   2.7e-13   46.6   5.7   190   253    14    75     3    75 0.91 -
NW_025965271.1_RagTag:496368-615075   -            290 31230at314147        -            258     1e-83  277.3 103.1   2   7   1.9e-17   3.7e-16   56.0   8.5   180   253    32   103    32   103 0.96 -
NW_025965271.1_RagTag:496368-615075   -            290 31230at314147        -            258     1e-83  277.3 103.1   3   7   1.3e-16   2.6e-15   53.2   8.5   180   251    60   129    60   130 0.95 -
NW_025965271.1_RagTag:496368-615075   -            290 31230at314147        -            258     1e-83  277.3 103.1   4   7     7e-16   1.4e-14   50.8   9.6   180   244    88   150    87   151 0.95 -
NW_025965271.1_RagTag:496368-615075   -            290 31230at314147        -            258     1e-83  277.3 103.1   5   7   9.3e-16   1.8e-14   50.4   8.9   180   245   116   179   116   181 0.95 -
NW_025965271.1_RagTag:496368-615075   -            290 31230at314147        -            258     1e-83  277.3 103.1   6   7   5.8e-17   1.1e-15   54.4   7.0   180   245   172   235   172   239 0.95 -
NW_025965271.1_RagTag:496368-615075   -            290 31230at314147        -            258     1e-83  277.3 103.1   7   7   2.3e-14   4.5e-13   45.8   7.0   182   244   230   290   229   290 0.95 -
NW_025965250.1_RagTag:140650-46794    -            212 31230at314147        -            258   2.4e-61  204.1  54.9   1   5   5.5e-16   1.1e-14   51.2   3.9   180   253    21    92     7    93 0.94 -
NW_025965250.1_RagTag:140650-46794    -            212 31230at314147        -            258   2.4e-61  204.1  54.9   2   5   1.7e-17   3.4e-16   56.1   3.9   182   257    51   124    49   124 0.95 -
NW_025965250.1_RagTag:140650-46794    -            212 31230at314147        -            258   2.4e-61  204.1  54.9   3   5   9.7e-13   1.9e-11   40.5   2.4   189   253    86   148    86   149 0.93 -
NW_025965250.1_RagTag:140650-46794    -            212 31230at314147        -            258   2.4e-61  204.1  54.9   4   5   1.4e-16   2.7e-15   53.1   7.6   181   257   106   180   105   180 0.96 -
NW_025965250.1_RagTag:140650-46794    -            212 31230at314147        -            258   2.4e-61  204.1  54.9   5   5     7e-17   1.4e-15   54.1   5.6   182   257   135   208   134   209 0.96 -
NW_025965432.1_RagTag:502378-503097   -            240 31230at314147        -            258   3.3e-54  180.6  67.9   1   5   6.2e-12   1.2e-10   37.9   5.7   190   246     3    57     1    58 0.92 -
NW_025965432.1_RagTag:502378-503097   -            240 31230at314147        -            258   3.3e-54  180.6  67.9   2   5   1.9e-15   3.7e-14   49.4   6.6   181   246    22    85    21    87 0.94 -
NW_025965432.1_RagTag:502378-503097   -            240 31230at314147        -            258   3.3e-54  180.6  67.9   3   5   6.5e-16   1.3e-14   50.9   4.5   181   248    78   143    77   147 0.93 -
NW_025965432.1_RagTag:502378-503097   -            240 31230at314147        -            258   3.3e-54  180.6  67.9   4   5   2.1e-12   4.1e-11   39.4   9.2   182   246   135   197   135   202 0.91 -
NW_025965432.1_RagTag:502378-503097   -            240 31230at314147        -            258   3.3e-54  180.6  67.9   5   5   3.6e-17     7e-16   55.1  10.0   181   257   162   236   161   237 0.92 -
NW_025965250.1_RagTag:230438-229587   -            284 31230at314147        -            258   6.2e-54  179.8  62.3   1   5     1e-15   1.9e-14   50.3   8.6   181   253    12    82     2    82 0.89 -
NW_025965250.1_RagTag:230438-229587   -            284 31230at314147        -            258   6.2e-54  179.8  62.3   2   5     1e-15     2e-14   50.3  11.0   181   253    68   138    67   138 0.96 -
NW_025965250.1_RagTag:230438-229587   -            284 31230at314147        -            258   6.2e-54  179.8  62.3   3   5   3.4e-15   6.5e-14   48.6  10.7   182   250   125   191   124   193 0.91 -
NW_025965250.1_RagTag:230438-229587   -            284 31230at314147        -            258   6.2e-54  179.8  62.3   4   5   3.4e-08   6.6e-07   25.7   1.0   180   207   179   206   179   208 0.95 -
NW_025965250.1_RagTag:230438-229587   -            284 31230at314147        -            258   6.2e-54  179.8  62.3   5   5   1.9e-16   3.7e-15   52.7  10.0   181   257   208   282   205   283 0.94 -
contig_64050_pilon:924-1673           -            250 31230at314147        -            258   7.4e-53  176.2  51.7   1   4   3.5e-16   6.8e-15   51.8   8.0   180   250     3    71     1    71 0.94 -
contig_64050_pilon:924-1673           -            250 31230at314147        -            258   7.4e-53  176.2  51.7   2   4   6.8e-17   1.3e-15   54.2   9.3   182   250    61   127    60   127 0.96 -
contig_64050_pilon:924-1673           -            250 31230at314147        -            258   7.4e-53  176.2  51.7   3   4   3.2e-17   6.3e-16   55.2   7.1   180   246   115   179   115   183 0.94 -
contig_64050_pilon:924-1673           -            250 31230at314147        -            258   7.4e-53  176.2  51.7   4   4   6.5e-16   1.3e-14   50.9  10.4   182   257   173   246   173   247 0.95 -
NW_025965341.1_RagTag:9727-10227      -            167 31230at314147        -            258   7.9e-53  176.1  39.2   1   4   2.2e-16   4.3e-15   52.5   3.7   180   253     8    79     1    79 0.91 -
NW_025965341.1_RagTag:9727-10227      -            167 31230at314147        -            258   7.9e-53  176.1  39.2   2   4   5.4e-18     1e-16   57.8   2.6   181   253    37   107    36   107 0.94 -
NW_025965341.1_RagTag:9727-10227      -            167 31230at314147        -            258   7.9e-53  176.1  39.2   3   4   1.3e-15   2.5e-14   50.0   3.3   182   247    66   129    66   132 0.93 -
NW_025965341.1_RagTag:9727-10227      -            167 31230at314147        -            258   7.9e-53  176.1  39.2   4   4   1.5e-16   2.9e-15   53.0   6.2   182   257    94   167    93   167 0.94 -
NW_025965279.1_RagTag:138661-99482    -            245 31230at314147        -            258   2.2e-52  174.7  54.5   1   5   1.2e-13   2.3e-12   43.5   3.1   195   245     1    49     1    51 0.93 -
NW_025965279.1_RagTag:138661-99482    -            245 31230at314147        -            258   2.2e-52  174.7  54.5   2   5   2.7e-08   5.2e-07   26.0   0.6   182   207    44    69    43    71 0.95 -
NW_025965279.1_RagTag:138661-99482    -            245 31230at314147        -            258   2.2e-52  174.7  54.5   3   5   1.2e-19   2.4e-18   63.1  11.4   182   257    72   145    70   146 0.96 -
NW_025965279.1_RagTag:138661-99482    -            245 31230at314147        -            258   2.2e-52  174.7  54.5   4   5   9.2e-16   1.8e-14   50.4  11.3   173   244   149   216   144   219 0.90 -
NW_025965279.1_RagTag:138661-99482    -            245 31230at314147        -            258   2.2e-52  174.7  54.5   5   5   5.4e-07     1e-05   21.7   1.3   182   213   212   241   210   245 0.83 -
NW_025965301.1_RagTag:101661-100954   -            236 31230at314147        -            258     5e-52  173.5  49.0   1   6   5.4e-12     1e-10   38.1   2.4   167   238     8    77     3    81 0.88 -
NW_025965301.1_RagTag:101661-100954   -            236 31230at314147        -            258     5e-52  173.5  49.0   2   6   1.4e-12   2.8e-11   40.0   0.1   182   248    51   116    49   119 0.93 -
NW_025965301.1_RagTag:101661-100954   -            236 31230at314147        -            258     5e-52  173.5  49.0   3   6   3.5e-13   6.7e-12   42.0   0.4   183   252    81   148    78   149 0.93 -
NW_025965301.1_RagTag:101661-100954   -            236 31230at314147        -            258     5e-52  173.5  49.0   4   6   1.5e-13   2.9e-12   43.2   2.6   181   245   107   169   103   172 0.93 -
NW_025965301.1_RagTag:101661-100954   -            236 31230at314147        -            258     5e-52  173.5  49.0   5   6   4.2e-12   8.1e-11   38.5   4.2   182   245   136   197   135   202 0.92 -
NW_025965301.1_RagTag:101661-100954   -            236 31230at314147        -            258     5e-52  173.5  49.0   6   6     1e-09     2e-08   30.6   5.5   182   254   164   233   164   236 0.86 -
NW_025965375.1_RagTag:139175-138555   -            207 31230at314147        -            258   5.4e-52  173.4  40.3   1   5   4.9e-14   9.4e-13   44.8   2.3   195   247     3    53     1    56 0.92 -
NW_025965375.1_RagTag:139175-138555   -            207 31230at314147        -            258   5.4e-52  173.4  40.3   2   5   1.5e-15   2.8e-14   49.8   3.8   182   246    46   108    46   109 0.95 -
NW_025965375.1_RagTag:139175-138555   -            207 31230at314147        -            258   5.4e-52  173.4  40.3   3   5   1.8e-18   3.5e-17   59.3   4.9   180   253    72   143    72   144 0.96 -
NW_025965375.1_RagTag:139175-138555   -            207 31230at314147        -            258   5.4e-52  173.4  40.3   4   5   6.5e-18   1.3e-16   57.5   5.7   180   250   100   168   100   169 0.96 -
NW_025965375.1_RagTag:139175-138555   -            207 31230at314147        -            258   5.4e-52  173.4  40.3   5   5   0.00074     0.014   11.4   0.5   180   203   184   207   184   207 0.96 -
NW_025965341.1_RagTag:124400-123816   -            195 31230at314147        -            258   8.8e-52  172.7  60.8   1   5   2.9e-12   5.6e-11   39.0   2.6   195   253     1    57     1    57 0.94 -
NW_025965341.1_RagTag:124400-123816   -            195 31230at314147        -            258   8.8e-52  172.7  60.8   2   5     2e-16     4e-15   52.6   6.2   182   250    44   110    44   111 0.97 -
NW_025965341.1_RagTag:124400-123816   -            195 31230at314147        -            258   8.8e-52  172.7  60.8   3   5   5.8e-16   1.1e-14   51.1   7.3   182   245    72   133    70   140 0.93 -
NW_025965341.1_RagTag:124400-123816   -            195 31230at314147        -            258   8.8e-52  172.7  60.8   4   5     3e-14   5.7e-13   45.5   5.5   181   246    99   162    98   166 0.92 -
NW_025965341.1_RagTag:124400-123816   -            195 31230at314147        -            258   8.8e-52  172.7  60.8   5   5   4.1e-11   7.8e-10   35.2   7.5   182   249   128   193   126   195 0.91 -
contig_36320_pilon:719-1438           -            240 31230at314147        -            258     1e-49  165.9  60.7   1   5   6.4e-11   1.2e-09   34.6   5.1   200   250     1    49     1    50 0.95 -
contig_36320_pilon:719-1438           -            240 31230at314147        -            258     1e-49  165.9  60.7   2   5   5.7e-15   1.1e-13   47.8  10.0   187   250    44   105    42   105 0.94 -
contig_36320_pilon:719-1438           -            240 31230at314147        -            258     1e-49  165.9  60.7   3   5   7.3e-08   1.4e-06   24.6   2.0   180   209    93   122    93   124 0.93 -
contig_36320_pilon:719-1438           -            240 31230at314147        -            258     1e-49  165.9  60.7   4   5   2.3e-15   4.5e-14   49.1  11.3   180   245   121   184   121   186 0.95 -
contig_36320_pilon:719-1438           -            240 31230at314147        -            258     1e-49  165.9  60.7   5   5   1.6e-15   3.1e-14   49.7   9.2   180   244   177   239   177   240 0.95 -
contig_52188_pilon:954-280            -            225 31230at314147        -            258   7.7e-48  159.8  45.2   1   4   1.8e-16   3.5e-15   52.8   8.9   179   246     8    73     3    78 0.92 -
contig_52188_pilon:954-280            -            225 31230at314147        -            258   7.7e-48  159.8  45.2   2   4   1.9e-05   0.00036   16.7   1.0   186   209    71    94    69    96 0.75 -
contig_52188_pilon:954-280            -            225 31230at314147        -            258   7.7e-48  159.8  45.2   3   4   6.8e-19   1.3e-17   60.7   9.1   180   253    93   164    92   164 0.94 -
contig_52188_pilon:954-280            -            225 31230at314147        -            258   7.7e-48  159.8  45.2   4   4   1.6e-17   3.2e-16   56.2   8.4   180   257   149   224   149   225 0.95 -
contig_36320_pilon:1627-2073          -            149 31230at314147        -            258   5.5e-47  157.0  61.9   1   4   1.7e-13   3.3e-12   43.0   5.1   195   247     1    51     1    54 0.93 -
contig_36320_pilon:1627-2073          -            149 31230at314147        -            258   5.5e-47  157.0  61.9   2   4   3.8e-16   7.4e-15   51.7   9.9   180   250    14    82    13    83 0.95 -
contig_36320_pilon:1627-2073          -            149 31230at314147        -            258   5.5e-47  157.0  61.9   3   4   3.3e-15   6.4e-14   48.6   6.6   182   244    44   104    43   105 0.95 -
contig_36320_pilon:1627-2073          -            149 31230at314147        -            258   5.5e-47  157.0  61.9   4   4   7.5e-16   1.5e-14   50.7  16.2   180   257    70   145    69   146 0.96 -
contig_52188_pilon:1642-1031          -            204 31230at314147        -            258   6.2e-47  156.8  51.3   1   5   0.00097     0.019   11.0   0.4   195   209     1    15     1    17 0.79 -
contig_52188_pilon:1642-1031          -            204 31230at314147        -            258   6.2e-47  156.8  51.3   2   5   6.3e-17   1.2e-15   54.3   8.2   180   244    14    76    13    80 0.95 -
contig_52188_pilon:1642-1031          -            204 31230at314147        -            258   6.2e-47  156.8  51.3   3   5   2.1e-17     4e-16   55.9   6.9   180   253    70   141    70   141 0.95 -
contig_52188_pilon:1642-1031          -            204 31230at314147        -            258   6.2e-47  156.8  51.3   4   5   2.5e-16   4.9e-15   52.3   7.7   180   245    98   161    97   165 0.94 -
contig_52188_pilon:1642-1031          -            204 31230at314147        -            258   6.2e-47  156.8  51.3   5   5   2.2e-10   4.3e-09   32.8   4.6   180   231   154   203   154   204 0.95 -
contig_10836_pilon:82-696             -            205 31230at314147        -            258   7.1e-47  156.6  62.5   1   4   1.5e-10   2.9e-09   33.4   6.7   195   245     1    49     1    51 0.92 -
contig_10836_pilon:82-696             -            205 31230at314147        -            258   7.1e-47  156.6  62.5   2   4   5.7e-14   1.1e-12   44.6  10.2   180   246    14    78    13    82 0.93 -
contig_10836_pilon:82-696             -            205 31230at314147        -            258   7.1e-47  156.6  62.5   3   4   1.8e-18   3.6e-17   59.3   8.7   180   253    70   141    70   141 0.96 -
contig_10836_pilon:82-696             -            205 31230at314147        -            258   7.1e-47  156.6  62.5   4   4   4.9e-18   9.5e-17   57.9  12.9   180   257   126   201   126   202 0.95 -
NW_025965022.1_RagTag:243183-242221   -            321 31230at314147        -            258   1.1e-46  156.0  46.4   1   6   0.00053      0.01   11.9   0.3   191   207     6    22     1    24 0.76 -
NW_025965022.1_RagTag:243183-242221   -            321 31230at314147        -            258   1.1e-46  156.0  46.4   2   6   2.8e-16   5.5e-15   52.1   6.7   182   250    25    91    23   103 0.87 -
NW_025965022.1_RagTag:243183-242221   -            321 31230at314147        -            258   1.1e-46  156.0  46.4   3   6   9.4e-11   1.8e-09   34.0   1.0   192   247   118   171   105   172 0.90 -
NW_025965022.1_RagTag:243183-242221   -            321 31230at314147        -            258   1.1e-46  156.0  46.4   4   6   9.7e-16   1.9e-14   50.4   3.0   182   254   164   234   163   235 0.93 -
NW_025965022.1_RagTag:243183-242221   -            321 31230at314147        -            258   1.1e-46  156.0  46.4   5   6   1.2e-11   2.3e-10   37.0   7.3   182   247   220   284   220   290 0.90 -
NW_025965022.1_RagTag:243183-242221   -            321 31230at314147        -            258   1.1e-46  156.0  46.4   6   6   2.5e-08   4.9e-07   26.1   7.3   181   257   247   321   246   321 0.90 -
NW_025965436.1_RagTag:1558-722        -            279 31230at314147        -            258   4.9e-46  153.9  66.4   1   5   8.1e-10   1.6e-08   31.0  11.9   180   245     4    67     1    69 0.94 -
NW_025965436.1_RagTag:1558-722        -            279 31230at314147        -            258   4.9e-46  153.9  66.4   2   5   1.6e-06   3.2e-05   20.1   0.6   189   208    69    88    67    90 0.94 -
NW_025965436.1_RagTag:1558-722        -            279 31230at314147        -            258   4.9e-46  153.9  66.4   3   5   5.6e-10   1.1e-08   31.5   8.7   181   247    89   153    88   157 0.94 -
NW_025965436.1_RagTag:1558-722        -            279 31230at314147        -            258   4.9e-46  153.9  66.4   4   5   1.5e-14     3e-13   46.4   9.5   181   246   145   208   144   212 0.94 -
NW_025965436.1_RagTag:1558-722        -            279 31230at314147        -            258   4.9e-46  153.9  66.4   5   5     9e-17   1.7e-15   53.7  11.7   186   257   206   275   204   276 0.94 -
contig_33351_pilon:5-592              -            196 31230at314147        -            258   1.9e-42  142.1  34.3   1   4   4.9e-09   9.4e-08   28.4   1.6   203   245     1    41     1    47 0.88 -
contig_33351_pilon:5-592              -            196 31230at314147        -            258   1.9e-42  142.1  34.3   2   4   1.3e-17   2.4e-16   56.6   7.2   180   253    34   105    34   105 0.94 -
contig_33351_pilon:5-592              -            196 31230at314147        -            258   1.9e-42  142.1  34.3   3   4   6.7e-17   1.3e-15   54.2   6.9   182   246    92   154    92   157 0.94 -
contig_33351_pilon:5-592              -            196 31230at314147        -            258   1.9e-42  142.1  34.3   4   4   1.9e-11   3.8e-10   36.3   2.5   180   231   146   195   146   196 0.94 -
NW_025965182.1_RagTag:1639771-1640832 -            354 31230at314147        -            258   2.1e-42  142.0  49.0   1   6   1.1e-10   2.1e-09   33.8   0.1   182   254     1    71     1    74 0.93 -
NW_025965182.1_RagTag:1639771-1640832 -            354 31230at314147        -            258   2.1e-42  142.0  49.0   2   6   1.1e-06   2.2e-05   20.7   1.4   199   247    74   120    67   121 0.88 -
NW_025965182.1_RagTag:1639771-1640832 -            354 31230at314147        -            258   2.1e-42  142.0  49.0   3   6   1.4e-07   2.6e-06   23.7   6.2   181   246   112   175   110   176 0.90 -
NW_025965182.1_RagTag:1639771-1640832 -            354 31230at314147        -            258   2.1e-42  142.0  49.0   4   6   1.6e-12   3.1e-11   39.8   6.0   181   248   168   233   167   238 0.92 -
NW_025965182.1_RagTag:1639771-1640832 -            354 31230at314147        -            258   2.1e-42  142.0  49.0   5   6     2e-11   3.9e-10   36.2   4.5   182   250   225   291   225   294 0.91 -
NW_025965182.1_RagTag:1639771-1640832 -            354 31230at314147        -            258   2.1e-42  142.0  49.0   6   6     1e-08   1.9e-07   27.4   7.5   182   254   281   351   280   354 0.92 -
NW_025965289.1_RagTag:78350-79000     -            217 31230at314147        -            258   3.9e-42  141.1  53.2   1   4   3.9e-09   7.6e-08   28.7   3.1   211   249    26    64    14    66 0.88 -
NW_025965289.1_RagTag:78350-79000     -            217 31230at314147        -            258   3.9e-42  141.1  53.2   2   4   7.3e-16   1.4e-14   50.8   7.4   190   254    63   125    61   126 0.94 -
NW_025965289.1_RagTag:78350-79000     -            217 31230at314147        -            258   3.9e-42  141.1  53.2   3   4   5.8e-16   1.1e-14   51.1   8.5   182   253    83   152    82   153 0.96 -
NW_025965289.1_RagTag:78350-79000     -            217 31230at314147        -            258   3.9e-42  141.1  53.2   4   4   2.5e-15   4.8e-14   49.0  10.4   182   257   139   212   139   213 0.95 -
contig_18339_pilon:2-553              -            184 31230at314147        -            258   1.1e-41  139.6  56.6   1   4   2.1e-14     4e-13   46.0  10.8   179   244     6    69     1    70 0.94 -
contig_18339_pilon:2-553              -            184 31230at314147        -            258   1.1e-41  139.6  56.6   2   4   1.8e-15   3.4e-14   49.5  10.2   180   245    35    98    35   100 0.95 -
contig_18339_pilon:2-553              -            184 31230at314147        -            258   1.1e-41  139.6  56.6   3   4   1.2e-07   2.3e-06   23.9   2.5   180   208    91   119    91   121 0.95 -
contig_18339_pilon:2-553              -            184 31230at314147        -            258   1.1e-41  139.6  56.6   4   4     5e-18   9.6e-17   57.9   9.3   180   247   119   184   118   184 0.95 -
contig_63057_pilon:3037-2600          -            146 31230at314147        -            258   1.9e-41  138.8  43.4   1   3   1.2e-13   2.3e-12   43.5   7.3   192   245     1    52     1    54 0.93 -
contig_63057_pilon:3037-2600          -            146 31230at314147        -            258   1.9e-41  138.8  43.4   2   3   6.1e-19   1.2e-17   60.9  11.5   180   253    17    88    15    88 0.96 -
contig_63057_pilon:3037-2600          -            146 31230at314147        -            258   1.9e-41  138.8  43.4   3   3   2.1e-18     4e-17   59.1   8.6   180   255    73   146    73   146 0.94 -
NW_025965341.1_RagTag:36059-35526     -            178 31230at314147        -            258   3.2e-38  128.2  32.5   1   4   4.7e-05   0.00091   15.4   0.3   222   252     3    33     2    34 0.85 -
NW_025965341.1_RagTag:36059-35526     -            178 31230at314147        -            258   3.2e-38  128.2  32.5   2   4   8.9e-18   1.7e-16   57.0   4.0   182   252    21    89    20    90 0.93 -
NW_025965341.1_RagTag:36059-35526     -            178 31230at314147        -            258   3.2e-38  128.2  32.5   3   4   1.7e-15   3.3e-14   49.6   2.3   191   253    86   146    83   147 0.90 -
NW_025965341.1_RagTag:36059-35526     -            178 31230at314147        -            258   3.2e-38  128.2  32.5   4   4   6.5e-13   1.3e-11   41.1   5.0   182   257   105   178   104   178 0.96 -
NW_025965230.1_RagTag:860644-860186   -            153 31230at314147        -            258   3.8e-37  124.7  29.3   1   3   8.4e-14   1.6e-12   44.0   2.9   184   245     4    63     2    64 0.94 -
NW_025965230.1_RagTag:860644-860186   -            153 31230at314147        -            258   3.8e-37  124.7  29.3   2   3   9.2e-17   1.8e-15   53.7   5.2   182   253    30    99    28   100 0.94 -
NW_025965230.1_RagTag:860644-860186   -            153 31230at314147        -            258   3.8e-37  124.7  29.3   3   3   4.3e-16   8.3e-15   51.5   5.5   182   250    86   152    84   153 0.95 -
NW_025965250.1_RagTag:8860-9492       -            211 31230at314147        -            258   5.1e-37  124.3  52.4   1   4   9.2e-13   1.8e-11   40.6   3.0   190   250     3    61     1    62 0.90 -
NW_025965250.1_RagTag:8860-9492       -            211 31230at314147        -            258   5.1e-37  124.3  52.4   2   4   9.3e-18   1.8e-16   57.0  10.7   181   258    50   125    49   125 0.96 -
NW_025965250.1_RagTag:8860-9492       -            211 31230at314147        -            258   5.1e-37  124.3  52.4   3   4   1.5e-11   2.8e-10   36.7   8.6   181   258    78   153    77   156 0.88 -
NW_025965250.1_RagTag:8860-9492       -            211 31230at314147        -            258   5.1e-37  124.3  52.4   4   4   4.8e-09   9.3e-08   28.4   6.3   181   257   134   208   127   209 0.86 -
NW_025965190.1_RagTag:118118-118627   -            170 31230at314147        -            258   5.2e-37  124.3  23.1   1   3   9.4e-15   1.8e-13   47.1   2.0   187   250     2    63     1    64 0.95 -
NW_025965190.1_RagTag:118118-118627   -            170 31230at314147        -            258   5.2e-37  124.3  23.1   2   3   1.8e-14   3.4e-13   46.2   4.3   182   248    53   117    53   120 0.93 -
NW_025965190.1_RagTag:118118-118627   -            170 31230at314147        -            258   5.2e-37  124.3  23.1   3   3   2.5e-16   4.8e-15   52.3   3.9   182   245   109   170   108   170 0.95 -
NW_025965215.1_RagTag:22972-21674     -            433 31230at314147        -            258   1.1e-36  123.3  30.8   1   3   3.8e-13   7.4e-12   41.9   4.9   179   243   246   307   232   309 0.85 -
NW_025965215.1_RagTag:22972-21674     -            433 31230at314147        -            258   1.1e-36  123.3  30.8   2   3   1.6e-15   3.2e-14   49.6   2.5   181   247   303   367   296   371 0.91 -
NW_025965215.1_RagTag:22972-21674     -            433 31230at314147        -            258   1.1e-36  123.3  30.8   3   3   2.1e-14   4.1e-13   46.0   9.9   191   257   369   433   365   433 0.91 -
NW_025965358.1_RagTag:7183-6533       -            217 31230at314147        -            258   1.1e-36  123.3  50.0   1   4   1.4e-13   2.6e-12   43.3   5.8   173   246     4    73     1    76 0.88 -
NW_025965358.1_RagTag:7183-6533       -            217 31230at314147        -            258   1.1e-36  123.3  50.0   2   4   6.3e-17   1.2e-15   54.3   5.6   182   254    39   109    37   112 0.93 -
NW_025965358.1_RagTag:7183-6533       -            217 31230at314147        -            258   1.1e-36  123.3  50.0   3   4     2e-10   3.9e-09   33.0   9.1   182   246    95   157    95   161 0.93 -
NW_025965358.1_RagTag:7183-6533       -            217 31230at314147        -            258   1.1e-36  123.3  50.0   4   4   6.2e-10   1.2e-08   31.3   5.5   181   245   150   212   149   216 0.95 -
NW_025965341.1_RagTag:44730-43969     -            254 31230at314147        -            258   2.1e-36  122.3  80.7   1   6   1.1e-10     2e-09   33.9   8.4   182   257    42   115    29   116 0.92 -
NW_025965341.1_RagTag:44730-43969     -            254 31230at314147        -            258   2.1e-36  122.3  80.7   2   6     4e-07   7.7e-06   22.1   8.7   181   258    69   144    68   144 0.92 -
NW_025965341.1_RagTag:44730-43969     -            254 31230at314147        -            258   2.1e-36  122.3  80.7   3   6   5.8e-06   0.00011   18.3   6.5   178   245    94   159    90   163 0.90 -
NW_025965341.1_RagTag:44730-43969     -            254 31230at314147        -            258   2.1e-36  122.3  80.7   4   6   2.2e-10   4.3e-09   32.8   4.8   184   255   128   197   119   197 0.86 -
NW_025965341.1_RagTag:44730-43969     -            254 31230at314147        -            258   2.1e-36  122.3  80.7   5   6   3.6e-14     7e-13   45.2   9.0   180   253   152   223   136   225 0.90 -
NW_025965341.1_RagTag:44730-43969     -            254 31230at314147        -            258   2.1e-36  122.3  80.7   6   6   3.7e-11   7.2e-10   35.3   3.5   182   255   182   253   182   254 0.94 -
NW_025965235.1_RagTag:117217-116603   -            205 31230at314147        -            258   5.7e-36  120.9  41.0   1   4   9.4e-11   1.8e-09   34.0   3.1   195   245     1    49     1    53 0.92 -
NW_025965235.1_RagTag:117217-116603   -            205 31230at314147        -            258   5.7e-36  120.9  41.0   2   4     2e-14   3.8e-13   46.1   6.3   190   253    52   113    48   114 0.92 -
NW_025965235.1_RagTag:117217-116603   -            205 31230at314147        -            258   5.7e-36  120.9  41.0   3   4   8.5e-13   1.6e-11   40.7   7.0   180   250    98   166    98   167 0.94 -
NW_025965235.1_RagTag:117217-116603   -            205 31230at314147        -            258   5.7e-36  120.9  41.0   4   4   4.7e-10     9e-09   31.7   5.4   182   233   156   205   156   205 0.92 -
contig_59446_pilon:259-795            -            179 31230at314147        -            258   1.1e-35  119.9  36.2   1   4    0.0032     0.063    9.3   0.6   194   209     2    17     1    19 0.79 -
contig_59446_pilon:259-795            -            179 31230at314147        -            258   1.1e-35  119.9  36.2   2   4   8.1e-16   1.6e-14   50.6  10.5   180   246    16    80    16    84 0.94 -
contig_59446_pilon:259-795            -            179 31230at314147        -            258   1.1e-35  119.9  36.2   3   4   2.2e-15   4.3e-14   49.2   8.6   182   250    74   140    73   140 0.94 -
contig_59446_pilon:259-795            -            179 31230at314147        -            258   1.1e-35  119.9  36.2   4   4   7.2e-12   1.4e-10   37.7   1.4   180   233   128   179   128   179 0.95 -
NW_025965317.1_RagTag:1373618-1373070 -            183 31230at314147        -            258   1.4e-34  116.4  32.8   1   4   5.2e-05     0.001   15.2   1.6   181   208     9    36     2    39 0.80 -
NW_025965317.1_RagTag:1373618-1373070 -            183 31230at314147        -            258   1.4e-34  116.4  32.8   2   4   1.9e-16   3.6e-15   52.7   6.1   181   245    37    99    35   105 0.92 -
NW_025965317.1_RagTag:1373618-1373070 -            183 31230at314147        -            258   1.4e-34  116.4  32.8   3   4   1.4e-16   2.6e-15   53.2   7.0   192   257   104   167   100   167 0.94 -
NW_025965317.1_RagTag:1373618-1373070 -            183 31230at314147        -            258   1.4e-34  116.4  32.8   4   4   7.3e-08   1.4e-06   24.6   0.8   181   212   149   180   148   183 0.90 -
NW_025965341.1_RagTag:72137-72748     -            204 31230at314147        -            258   3.1e-34  115.2  34.6   1   4   7.7e-06   0.00015   17.9   5.8   195   245     1    49     1    51 0.92 -
NW_025965341.1_RagTag:72137-72748     -            204 31230at314147        -            258   3.1e-34  115.2  34.6   2   4     5e-07   9.6e-06   21.8   1.1   181   209    43    71    42    76 0.88 -
NW_025965341.1_RagTag:72137-72748     -            204 31230at314147        -            258   3.1e-34  115.2  34.6   3   4     9e-16   1.7e-14   50.5   7.4   181   250    71   138    70   140 0.91 -
NW_025965341.1_RagTag:72137-72748     -            204 31230at314147        -            258   3.1e-34  115.2  34.6   4   4   1.5e-14   2.9e-13   46.5   2.1   192   254   138   198   135   202 0.91 -
NW_025965215.1_RagTag:381710-337497   -            257 31230at314147        -            258   2.2e-32  109.1  35.4   1   3     2e-09   3.9e-08   29.7   4.1   167   258    29   115     3   115 0.73 -
NW_025965215.1_RagTag:381710-337497   -            257 31230at314147        -            258   2.2e-32  109.1  35.4   2   3   3.2e-13   6.1e-12   42.1   5.7   191   244   135   186   123   190 0.90 -
NW_025965215.1_RagTag:381710-337497   -            257 31230at314147        -            258   2.2e-32  109.1  35.4   3   3   1.9e-15   3.6e-14   49.4  10.2   189   257   189   254   184   255 0.93 -
NW_025965127.1_RagTag:114163-113654   -            170 31230at314147        -            258   1.7e-30  103.0  21.7   1   3   2.2e-09   4.2e-08   29.6   0.6   199   246     2    47     1    52 0.91 -
NW_025965127.1_RagTag:114163-113654   -            170 31230at314147        -            258   1.7e-30  103.0  21.7   2   3   1.1e-12   2.1e-11   40.4   3.1   191   245    50   102    45   108 0.86 -
NW_025965127.1_RagTag:114163-113654   -            170 31230at314147        -            258   1.7e-30  103.0  21.7   3   3   2.5e-14   4.9e-13   45.7   3.1   190   257   105   170   102   170 0.94 -
NW_025965341.1_RagTag:8946-9722       -            259 31230at314147        -            258   1.9e-30  102.8  52.0   1   4   1.5e-05   0.00029   17.0   8.8   184   258    20    92    14    92 0.91 -
NW_025965341.1_RagTag:8946-9722       -            259 31230at314147        -            258   1.9e-30  102.8  52.0   2   4   8.3e-15   1.6e-13   47.3   7.2   173   245    94   163    92   168 0.86 -
NW_025965341.1_RagTag:8946-9722       -            259 31230at314147        -            258   1.9e-30  102.8  52.0   3   4   5.7e-11   1.1e-09   34.7   6.1   181   249   129   195   128   198 0.90 -
NW_025965341.1_RagTag:8946-9722       -            259 31230at314147        -            258   1.9e-30  102.8  52.0   4   4   1.5e-13   2.9e-12   43.2   5.9   182   257   186   259   186   259 0.91 -
contig_53583_pilon:2068-1598          -            157 31230at314147        -            258   2.1e-30  102.6  25.6   1   3   0.00026    0.0051   12.9   0.1   222   240     5    23     1    24 0.57 -
contig_53583_pilon:2068-1598          -            157 31230at314147        -            258   2.1e-30  102.6  25.6   2   3   8.9e-17   1.7e-15   53.8   6.5   180   253    21    92    21    92 0.95 -
contig_53583_pilon:2068-1598          -            157 31230at314147        -            258   2.1e-30  102.6  25.6   3   3   3.1e-15   5.9e-14   48.7   9.8   185   257    82   152    81   153 0.94 -
contig_18339_pilon:483-968            -            162 31230at314147        -            258   2.5e-30  102.4  32.9   1   3   1.7e-06   3.4e-05   20.0   1.6   188   209    23    44     9    46 0.85 -
contig_18339_pilon:483-968            -            162 31230at314147        -            258   2.5e-30  102.4  32.9   2   3   2.4e-16   4.6e-15   52.4  11.9   180   250    43   111    42   111 0.95 -
contig_18339_pilon:483-968            -            162 31230at314147        -            258   2.5e-30  102.4  32.9   3   3   7.7e-15   1.5e-13   47.4  10.0   180   244    99   161    99   162 0.95 -
contig_78026_pilon:1103-2245          -            381 31230at314147        -            258     3e-30  102.1  45.7   1   5   0.00043    0.0083   12.2   4.3   182   256     4    80     1    82 0.78 -
contig_78026_pilon:1103-2245          -            381 31230at314147        -            258     3e-30  102.1  45.7   2   5   8.1e-06   0.00016   17.9   4.9   195   258    48   114    48   114 0.81 -
contig_78026_pilon:1103-2245          -            381 31230at314147        -            258     3e-30  102.1  45.7   3   5   1.4e-12   2.6e-11   40.1   7.0   178   257   151   228   141   229 0.92 -
contig_78026_pilon:1103-2245          -            381 31230at314147        -            258     3e-30  102.1  45.7   4   5   1.4e-13   2.6e-12   43.3   4.3   180   253   276   347   265   347 0.90 -
contig_78026_pilon:1103-2245          -            381 31230at314147        -            258     3e-30  102.1  45.7   5   5   3.9e-13   7.6e-12   41.8   5.6   182   257   306   379   304   380 0.96 -
NW_025965039.1_RagTag:251791-251321   -            157 31230at314147        -            258   1.4e-29   99.9  22.2   1   3   5.4e-11   1.1e-09   34.8   1.5   182   245     2    63     1    65 0.95 -
NW_025965039.1_RagTag:251791-251321   -            157 31230at314147        -            258   1.4e-29   99.9  22.2   2   3   9.6e-14   1.9e-12   43.8   2.4   181   250    29    96    28    98 0.93 -
NW_025965039.1_RagTag:251791-251321   -            157 31230at314147        -            258   1.4e-29   99.9  22.2   3   3   3.9e-14   7.5e-13   45.1   3.4   181   255    85   157    84   157 0.92 -
contig_28105_pilon:1415-840           -            192 31230at314147        -            258   1.4e-27   93.4  21.9   1   3   2.8e-09   5.4e-08   29.2   3.9   178   250     6    76     2    79 0.90 -
contig_28105_pilon:1415-840           -            192 31230at314147        -            258   1.4e-27   93.4  21.9   2   3   3.6e-14     7e-13   45.2   1.5   182   249    66   131    64   132 0.94 -
contig_28105_pilon:1415-840           -            192 31230at314147        -            258   1.4e-27   93.4  21.9   3   3   5.3e-13     1e-11   41.4   3.2   182   253   122   191   122   192 0.95 -
contig_43334_pilon:1147-1967          -            144 31230at314147        -            258   2.2e-27   92.7  27.9   1   3   4.2e-05   0.00081   15.5   0.3   192   209     9    26     3    28 0.84 -
contig_43334_pilon:1147-1967          -            144 31230at314147        -            258   2.2e-27   92.7  27.9   2   3   5.6e-16   1.1e-14   51.2   8.5   180   245    25    88    24    89 0.95 -
contig_43334_pilon:1147-1967          -            144 31230at314147        -            258   2.2e-27   92.7  27.9   3   3   9.9e-12   1.9e-10   37.2   8.1   197   253    88   142    85   144 0.92 -
contig_83186_pilon:2808-2119          -            230 31230at314147        -            258   5.3e-27   91.5  30.0   1   3   6.4e-08   1.2e-06   24.7   1.9   215   250    12    47     3    54 0.77 -
contig_83186_pilon:2808-2119          -            230 31230at314147        -            258   5.3e-27   91.5  30.0   2   3   1.1e-14   2.2e-13   46.9   5.5   188   246   127   183   111   184 0.90 -
contig_83186_pilon:2808-2119          -            230 31230at314147        -            258   5.3e-27   91.5  30.0   3   3   2.1e-11   4.2e-10   36.1   9.2   180   237   175   230   175   230 0.96 -
contig_10031_pilon:1322-846           -            159 31230at314147        -            258   5.5e-27   91.4  40.7   1   3   1.6e-09   3.1e-08   30.0   7.3   173   244     7    76     2    76 0.88 -
contig_10031_pilon:1322-846           -            159 31230at314147        -            258   5.5e-27   91.4  40.7   2   3   1.8e-13   3.4e-12   43.0  11.8   183   255    45   114    41   114 0.89 -
contig_10031_pilon:1322-846           -            159 31230at314147        -            258   5.5e-27   91.4  40.7   3   3   1.3e-13   2.5e-12   43.4   5.6   189   244   106   159   101   159 0.90 -
NW_025965071.1_RagTag:26238-26928     -            176 31230at314147        -            258   1.3e-26   90.2  37.6   1   3   6.1e-09   1.2e-07   28.1   6.1   193   246     8    58     1    72 0.80 -
NW_025965071.1_RagTag:26238-26928     -            176 31230at314147        -            258   1.3e-26   90.2  37.6   2   3   7.1e-12   1.4e-10   37.7   4.7   181   244    79   140    71   142 0.92 -
NW_025965071.1_RagTag:26238-26928     -            176 31230at314147        -            258   1.3e-26   90.2  37.6   3   3   1.7e-15   3.3e-14   49.6  10.9   182   250   108   174   106   176 0.95 -
contig_31119_pilon:1872-1279          -            198 31230at314147        -            258   1.4e-26   90.1  27.3   1   4   0.00044    0.0085   12.2   0.6   206   257     5    54     1    55 0.89 -
contig_31119_pilon:1872-1279          -            198 31230at314147        -            258   1.4e-26   90.1  27.3   2   4   2.2e-11   4.3e-10   36.1   5.3   182   257    37   111    35   112 0.95 -
contig_31119_pilon:1872-1279          -            198 31230at314147        -            258   1.4e-26   90.1  27.3   3   4   3.8e-10   7.3e-09   32.0   0.6   192   250   104   160   101   161 0.91 -
contig_31119_pilon:1872-1279          -            198 31230at314147        -            258   1.4e-26   90.1  27.3   4   4   2.1e-14     4e-13   46.0   7.0   188   257   128   195   121   196 0.92 -
NW_025965318.1_RagTag:51761-52207     -            149 31230at314147        -            258   1.8e-26   89.7  15.6   1   2   7.2e-17   1.4e-15   54.1   5.6   180   253    41   112    34   112 0.93 -
NW_025965318.1_RagTag:51761-52207     -            149 31230at314147        -            258   1.8e-26   89.7  15.6   2   2   6.4e-15   1.2e-13   47.7   2.3   182   257    71   144    70   145 0.94 -
contig_70752_pilon:1105-1494          -            130 31230at314147        -            258   2.1e-26   89.5  21.8   1   2   1.3e-14   2.6e-13   46.7   6.1   190   247     5    60     1    63 0.90 -
contig_70752_pilon:1105-1494          -            130 31230at314147        -            258   2.1e-26   89.5  21.8   2   2   3.7e-17   7.1e-16   55.0   7.7   180   258    51   127    51   127 0.96 -
NW_025965279.1_RagTag:100214-99645    -            190 31230at314147        -            258   2.6e-26   89.2  25.3   1   4    0.0087      0.17    7.9   0.4   195   247     2    52     1    60 0.87 -
NW_025965279.1_RagTag:100214-99645    -            190 31230at314147        -            258   2.6e-26   89.2  25.3   2   4   6.2e-12   1.2e-10   37.9   4.4   187   253    49   113    42   114 0.87 -
NW_025965279.1_RagTag:100214-99645    -            190 31230at314147        -            258   2.6e-26   89.2  25.3   3   4   1.3e-15   2.5e-14   50.0   9.6   178   247    68   135    62   144 0.91 -
NW_025965279.1_RagTag:100214-99645    -            190 31230at314147        -            258   2.6e-26   89.2  25.3   4   4   4.2e-07   8.1e-06   22.1   0.1   220   245   163   188   152   190 0.75 -
NW_025965442.1_RagTag:49839-49393     -            149 31230at314147        -            258   5.3e-25   84.9  32.9   1   3   2.9e-09   5.6e-08   29.2   5.6   192   244    10    60     2    63 0.91 -
NW_025965442.1_RagTag:49839-49393     -            149 31230at314147        -            258   5.3e-25   84.9  32.9   2   3   9.9e-13   1.9e-11   40.5   5.5   187   247    61   119    58   120 0.91 -
NW_025965442.1_RagTag:49839-49393     -            149 31230at314147        -            258   5.3e-25   84.9  32.9   3   3   1.5e-12   2.9e-11   39.9   6.0   181   245    83   145    82   148 0.95 -
NW_025965071.1_RagTag:3724-4116       -            131 31230at314147        -            258   5.3e-23   78.4  23.1   1   3   4.2e-11   8.1e-10   35.2   3.9   196   244     1    47     1    50 0.95 -
NW_025965071.1_RagTag:3724-4116       -            131 31230at314147        -            258   5.3e-23   78.4  23.1   2   3   5.1e-14   9.8e-13   44.7   9.3   182   254    43   113    43   116 0.91 -
NW_025965071.1_RagTag:3724-4116       -            131 31230at314147        -            258   5.3e-23   78.4  23.1   3   3   4.8e-05   0.00092   15.3   1.2   182   209    99   126    99   131 0.86 -
NW_025965039.1_RagTag:250966-250448   -            173 31230at314147        -            258   2.7e-21   72.8  12.8   1   3   3.4e-09   6.7e-08   28.9   0.7   196   247    50    99    32   102 0.85 -
NW_025965039.1_RagTag:250966-250448   -            173 31230at314147        -            258   2.7e-21   72.8  12.8   2   3   2.1e-12   4.1e-11   39.4   1.9   182   248    92   156    92   158 0.90 -
NW_025965039.1_RagTag:250966-250448   -            173 31230at314147        -            258   2.7e-21   72.8  12.8   3   3   2.3e-07   4.4e-06   23.0   0.3   181   207   147   173   146   173 0.96 -
NW_025965341.1_RagTag:106501-107016   -            172 31230at314147        -            258   1.5e-20   70.4  27.0   1   3   1.2e-11   2.3e-10   37.0   3.5   197   258     1    60     1    60 0.91 -
NW_025965341.1_RagTag:106501-107016   -            172 31230at314147        -            258   1.5e-20   70.4  27.0   2   3   2.3e-10   4.4e-09   32.8  11.4   176   257    64   143    62   144 0.92 -
NW_025965341.1_RagTag:106501-107016   -            172 31230at314147        -            258   1.5e-20   70.4  27.0   3   3   4.5e-05   0.00088   15.4   0.4   220   258   134   172   130   172 0.92 -
contig_81532_pilon:2097-1657          -            147 31230at314147        -            258   3.5e-19   65.9  32.2   1   2   3.8e-06   7.3e-05   18.9  11.1   180   251    11    82     2    83 0.81 -
contig_81532_pilon:2097-1657          -            147 31230at314147        -            258   3.5e-19   65.9  32.2   2   2   1.8e-18   3.5e-17   59.3  13.1   180   257    69   144    63   145 0.92 -
NW_025965375.1_RagTag:139930-139190   -            247 31230at314147        -            258   4.5e-18   62.2  33.7   1   4    0.0031      0.06    9.4   2.6   192   258    29    93    13    93 0.85 -
NW_025965375.1_RagTag:139930-139190   -            247 31230at314147        -            258   4.5e-18   62.2  33.7   2   4   0.00016    0.0032   13.6   8.5   171   248    94   167    90   175 0.83 -
NW_025965375.1_RagTag:139930-139190   -            247 31230at314147        -            258   4.5e-18   62.2  33.7   3   4   1.3e-07   2.5e-06   23.8   5.6   180   250   129   196   117   198 0.83 -
NW_025965375.1_RagTag:139930-139190   -            247 31230at314147        -            258   4.5e-18   62.2  33.7   4   4     5e-15   9.7e-14   48.0   9.5   172   244   176   246   170   247 0.92 -
NW_025965233.1_RagTag:185066-188790   -            387 31230at314147        -            258   4.6e-18   62.2  24.2   1   2   1.2e-12   2.3e-11   40.2  11.0   181   257   217   291   205   292 0.93 -
NW_025965233.1_RagTag:185066-188790   -            387 31230at314147        -            258   4.6e-18   62.2  24.2   2   2   7.6e-09   1.5e-07   27.8   5.2   208   257   322   371   307   372 0.85 -
contig_37853_pilon:1171-1692          -            174 31230at314147        -            258   1.4e-15   54.1  20.6   1   3   4.7e-06   9.1e-05   18.6   3.9   179   244    34    97    10   103 0.86 -
contig_37853_pilon:1171-1692          -            174 31230at314147        -            258   1.4e-15   54.1  20.6   2   3   3.2e-10   6.3e-09   32.3   4.8   193   253   104   162    95   162 0.92 -
contig_37853_pilon:1171-1692          -            174 31230at314147        -            258   1.4e-15   54.1  20.6   3   3   3.4e-07   6.5e-06   22.4   0.5   180   207   147   174   147   174 0.97 -
NW_025965432.1_RagTag:501802-502290   -            163 31230at314147        -            258   3.7e-13   46.1  12.2   1   2   4.7e-07   9.2e-06   21.9   0.3   181   258    21    96     9    96 0.82 -
NW_025965432.1_RagTag:501802-502290   -            163 31230at314147        -            258   3.7e-13   46.1  12.2   2   2   6.4e-09   1.2e-07   28.0   6.4   182   244   106   163    99   163 0.84 -
NW_025965468.1_RagTag:9322-9071       -             84 31230at314147        -            258   6.6e-12   42.0   6.2   1   1   4.2e-13     8e-12   41.7   6.2   182   258     1    74     1    81 0.92 -
NW_025965341.1_RagTag:36862-36050     -            271 31230at314147        -            258   5.1e-11   39.1   5.9   1   2       3.2        61   -0.5   0.6   168   206    70   108    12   120 0.59 -
NW_025965341.1_RagTag:36862-36050     -            271 31230at314147        -            258   5.1e-11   39.1   5.9   2   2   2.7e-12   5.1e-11   39.1   5.9   170   246   195   267   181   271 0.88 -
NW_025965344.1_RagTag:898-710         -             63 31230at314147        -            258   7.6e-09   32.0   0.5   1   1   5.1e-10   9.9e-09   31.6   0.5   182   235    12    63     5    63 0.82 -
NW_025965374.1_RagTag:79809-77578     -            744 31230at314147        -            258   1.2e-08   31.4   4.9   1   7   6.1e-10   1.2e-08   31.4   4.9   203   257     2    54     1    55 0.93 -
NW_025965374.1_RagTag:79809-77578     -            744 31230at314147        -            258   1.2e-08   31.4   4.9   2   7      0.68        13    1.7   2.3   210   250    76   120    56   156 0.50 -
NW_025965374.1_RagTag:79809-77578     -            744 31230at314147        -            258   1.2e-08   31.4   4.9   3   7       2.1        41    0.1   1.1   173   254   217   309   178   314 0.65 -
NW_025965374.1_RagTag:79809-77578     -            744 31230at314147        -            258   1.2e-08   31.4   4.9   4   7       3.8        73   -0.7   1.0   235   255   290   310   239   349 0.57 -
NW_025965374.1_RagTag:79809-77578     -            744 31230at314147        -            258   1.2e-08   31.4   4.9   5   7      0.65        12    1.8   0.1   235   257   442   464   434   465 0.89 -
NW_025965374.1_RagTag:79809-77578     -            744 31230at314147        -            258   1.2e-08   31.4   4.9   6   7     0.077       1.5    4.8   4.2   191   254   456   521   443   528 0.74 -
NW_025965374.1_RagTag:79809-77578     -            744 31230at314147        -            258   1.2e-08   31.4   4.9   7   7   0.00019    0.0037   13.4   6.2   182   257   535   613   524   616 0.81 -
NW_025965297.1_RagTag:247529-248653   -            301 31230at314147        -            258   2.6e-08   30.2   9.2   1   2   1.3e-09   2.6e-08   30.2   9.2   182   256    77   149    68   152 0.82 -
NW_025965297.1_RagTag:247529-248653   -            301 31230at314147        -            258   2.6e-08   30.2   9.2   2   2       1.3        24    0.8   0.7   236   257   274   295   268   296 0.89 -
NW_025965200.1_RagTag:16831-17695     -            219 31230at314147        -            258   5.4e-08   29.2   3.8   1   2     0.043      0.83    5.7   1.0   205   253   105   152    79   157 0.68 -
NW_025965200.1_RagTag:16831-17695     -            219 31230at314147        -            258   5.4e-08   29.2   3.8   2   2   8.9e-08   1.7e-06   24.3   0.1   186   232   171   217   156   219 0.86 -
NW_025965028.1_RagTag:335459-336641   -            329 31230at314147        -            258   9.1e-08   28.5   2.0   1   2       1.5        28    0.6   0.1   166   188    41    63    35    73 0.78 -
NW_025965028.1_RagTag:335459-336641   -            329 31230at314147        -            258   9.1e-08   28.5   2.0   2   2   4.7e-09   9.1e-08   28.5   2.0   179   242   267   328   220   329 0.90 -
NW_025965300.1_RagTag:165512-166000   -            163 31230at314147        -            258   1.1e-07   28.2   0.2   1   1     6e-09   1.2e-07   28.1   0.2   168   225   109   162    68   163 0.73 -
NW_025965054.1_RagTag:36381-34963     -            327 31230at314147        -            258   2.1e-06   24.0   5.6   1   1   1.1e-07   2.1e-06   24.0   5.6   169   239    76   142    61   154 0.85 -
NW_025965324.1_RagTag:640103-637710   -            506 31230at314147        -            258   3.1e-05   20.2   4.0   1   2     2e-06   3.8e-05   19.9   2.1   181   226     3    46     1    59 0.86 -
NW_025965324.1_RagTag:640103-637710   -            506 31230at314147        -            258   3.1e-05   20.2   4.0   2   2       8.1   1.6e+02   -1.8   0.0   227   244   290   307   280   316 0.83 -
NW_025965341.1_RagTag:99789-100445    -            219 31230at314147        -            258   3.9e-05   19.8  10.1   1   3   0.00064     0.012   11.6   0.1   227   257    18    48     5    49 0.82 -
NW_025965341.1_RagTag:99789-100445    -            219 31230at314147        -            258   3.9e-05   19.8  10.1   2   3      0.14       2.7    4.0   0.3   176   200    85   107    69   142 0.77 -
NW_025965341.1_RagTag:99789-100445    -            219 31230at314147        -            258   3.9e-05   19.8  10.1   3   3    0.0032     0.062    9.3   1.3   173   225   165   215   150   219 0.80 -
NW_025965281.1_RagTag:499506-497614   -            631 31230at314147        -            258   0.00021   17.4  11.8   1   2      0.11         2    4.4   0.4   206   253   343   389   334   396 0.57 -
NW_025965281.1_RagTag:499506-497614   -            631 31230at314147        -            258   0.00021   17.4  11.8   2   2   2.2e-05   0.00043   16.4   5.6   181   254   464   535   450   539 0.89 -
NW_025965317.1_RagTag:1374090-1373608 -            161 31230at314147        -            258     0.039   10.0  13.4   1   3    0.0075      0.15    8.1   2.2   197   247     5    56     2    66 0.81 -
NW_025965317.1_RagTag:1374090-1373608 -            161 31230at314147        -            258     0.039   10.0  13.4   2   3       5.2     1e+02   -1.2   0.3   230   247    86   103    58   115 0.66 -
NW_025965317.1_RagTag:1374090-1373608 -            161 31230at314147        -            258     0.039   10.0  13.4   3   3     0.004     0.078    9.0   1.3   193   234   122   161   101   161 0.56 -
NW_025965259.1_RagTag:155329-153884   -            482 31230at314147        -            258      0.91    5.5  13.4   1   1    0.0014     0.028   10.5   6.3   173   244   412   479   371   481 0.83 -
#
# Program:         hmmsearch
# Version:         3.1b2 (February 2015)
# Pipeline mode:   SEARCH
# Query file:      /home/bgerda/guppy_SUP/busco_downloads/lineages/glires_odb10/hmms/31230at314147.hmm
# Target file:     /home/bgerda/guppy_SUP/busco_results_racon/run_glires_odb10/metaeuk_output/initial_results/ragtag.scaffold.fasta.modified.fas
# Option settings: hmmsearch --domtblout /home/bgerda/guppy_SUP/busco_results_racon/run_glires_odb10/hmmer_output/initial_run_results/31230at314147.out --cpu 1 /home/bgerda/guppy_SUP/busco_downloads/lineages/glires_odb10/hmms/31230at314147.hmm /home/bgerda/guppy_SUP/busco_results_racon/run_glires_odb10/metaeuk_output/initial_results/ragtag.scaffold.fasta.modified.fas 
# Current dir:     /home/bgerda/guppy_SUP
# Date:            Sun May 21 17:05:49 2023
# [ok]
