#                                                                                             --- full sequence --- -------------- this domain -------------   hmm coord   ali coord   env coord
# target name                         accession   tlen query name           accession   qlen   E-value  score  bias   #  of  c-Evalue  i-Evalue  score  bias  from    to  from    to  from    to  acc description of target
#                 ------------------- ---------- ----- -------------------- ---------- ----- --------- ------ ----- --- --- --------- --------- ------ ----- ----- ----- ----- ----- ----- ----- ---- ---------------------
NW_025965273.1_RagTag:377227-377896   -            191 31261at314147        -            289   8.3e-92  304.1  21.1   1   2     3e-77     4e-76  252.7  17.3     1   159     1   148     1   149 0.99 -
NW_025965273.1_RagTag:377227-377896   -            191 31261at314147        -            289   8.3e-92  304.1  21.1   2   2   1.1e-16   1.4e-15   53.9   0.2   176   218   144   190   140   191 0.83 -
NW_025965256.1_RagTag:799553-800899   -            449 31261at314147        -            289     4e-18   62.3  17.8   1   1   1.8e-16   2.3e-15   53.3  17.8     2   274    16   334    15   346 0.72 -
NW_025965307.1_RagTag:921961-923724   -            588 31261at314147        -            289     1e-16   57.7  15.4   1   2   2.1e-13   2.7e-12   43.2   6.1    12   136    75   198    66   271 0.86 -
NW_025965307.1_RagTag:921961-923724   -            588 31261at314147        -            289     1e-16   57.7  15.4   2   2   2.7e-06   3.5e-05   19.8   1.8   212   282   483   553   470   559 0.89 -
NW_025965323.1_RagTag:1257581-1256595 -            329 31261at314147        -            289   9.8e-16   54.5  16.2   1   1     1e-16   1.3e-15   54.0  16.2    11   274    27   302    20   316 0.78 -
NW_025965256.1_RagTag:1053763-1052636 -            376 31261at314147        -            289   5.5e-15   52.0  20.6   1   1   7.7e-16     1e-14   51.2  20.6    10   286    43   311    37   314 0.72 -
NW_025965317.1_RagTag:3117198-3115780 -            473 31261at314147        -            289   2.6e-12   43.3  18.4   1   1   3.9e-13   5.1e-12   42.3  18.4     9   285   122   412   114   414 0.72 -
contig_45643_pilon:1939-1040          -            300 31261at314147        -            289   1.7e-11   40.6  19.7   1   1   1.5e-12     2e-11   40.3  19.7    15   281    27   296    18   300 0.75 -
NW_025965140.1_RagTag:1002759-1001962 -            240 31261at314147        -            289   1.1e-10   37.9  11.9   1   2   1.1e-09   1.4e-08   31.0  10.6    76   195    47   169    25   191 0.80 -
NW_025965140.1_RagTag:1002759-1001962 -            240 31261at314147        -            289   1.1e-10   37.9  11.9   2   2     0.039      0.51    6.2   0.0   257   282   211   236   204   239 0.87 -
NW_025965230.1_RagTag:981313-980414   -            300 31261at314147        -            289   1.7e-09   34.0  16.8   1   1   5.9e-10   7.8e-09   31.8  16.8    18   283    30   298    18   300 0.72 -
NW_025965266.1_RagTag:233489-231545   -            420 31261at314147        -            289   7.4e-09   31.9  10.4   1   2   7.4e-07   9.7e-06   21.7   9.8     7   185    47   226    41   250 0.74 -
NW_025965266.1_RagTag:233489-231545   -            420 31261at314147        -            289   7.4e-09   31.9  10.4   2   2    0.0067     0.087    8.7   0.0   208   280   333   404   317   410 0.68 -
contig_48637_pilon:1311-406           -            302 31261at314147        -            289   1.9e-08   30.6  16.5   1   1   1.9e-09   2.5e-08   30.2  16.5    27   282    39   297    19   301 0.67 -
NW_025965320.1_RagTag:846850-846021   -            271 31261at314147        -            289   3.2e-08   29.8  15.0   1   1   4.2e-09   5.5e-08   29.1  15.0    41   282    30   266     2   270 0.72 -
NW_025965140.1_RagTag:813619-812738   -            294 31261at314147        -            289   7.1e-08   28.7  17.3   1   1   7.6e-09   9.9e-08   28.2  17.3    15   278    29   293    15   294 0.75 -
NW_025965305.1_RagTag:1593388-1609213 -            255 31261at314147        -            289     1e-07   28.2   2.2   1   2   7.8e-09     1e-07   28.2   2.2    45   139    27   117     1   133 0.67 -
NW_025965305.1_RagTag:1593388-1609213 -            255 31261at314147        -            289     1e-07   28.2   2.2   2   2      0.88        11    1.7   1.2   216   280   178   250   137   255 0.54 -
NW_025965319.1_RagTag:179652-180722   -            357 31261at314147        -            289   1.8e-07   27.3  14.8   1   1   2.2e-08   2.8e-07   26.7  14.8    14   285    36   318    28   321 0.69 -
NW_025965008.1_RagTag:207523-173283   -            295 31261at314147        -            289     2e-07   27.2  19.1   1   1   1.7e-07   2.3e-06   23.8  19.1    16   282    18   287     4   293 0.73 -
NW_025965148.1_RagTag:223803-222829   -            325 31261at314147        -            289   2.7e-07   26.8   9.6   1   2   7.2e-07   9.4e-06   21.7   8.2     9   143    50   183    40   239 0.73 -
NW_025965148.1_RagTag:223803-222829   -            325 31261at314147        -            289   2.7e-07   26.8   9.6   2   2      0.14       1.8    4.4   0.0   209   233   301   325   282   325 0.84 -
NW_025965054.1_RagTag:12554-17488     -            271 31261at314147        -            289     3e-07   26.6   0.3   1   2   2.4e-05   0.00031   16.8   0.1    92   133    96   137    84   150 0.80 -
NW_025965054.1_RagTag:12554-17488     -            271 31261at314147        -            289     3e-07   26.6   0.3   2   2     0.013      0.17    7.8   0.0   258   281   241   264   185   269 0.82 -
contig_25261_pilon:2013-1030          -            328 31261at314147        -            289   3.7e-07   26.3  17.1   1   1   3.9e-08   5.1e-07   25.9  17.1     9   284    30   314    20   317 0.73 -
NW_025965151.1_RagTag:2310-2956       -            209 31261at314147        -            289     4e-07   26.2   7.1   1   1   2.5e-07   3.3e-06   23.2   7.1    94   282    26   207    14   209 0.68 -
NW_025965352.1_RagTag:3922-3104       -            273 31261at314147        -            289   4.4e-07   26.1  12.0   1   1     5e-08   6.5e-07   25.5  12.0    76   283    60   268    23   271 0.72 -
NW_025965080.1_RagTag:560460-561338   -            293 31261at314147        -            289   5.5e-07   25.8   9.7   1   2   9.7e-07   1.3e-05   21.3   8.2     8   152    20   161    15   183 0.78 -
NW_025965080.1_RagTag:560460-561338   -            293 31261at314147        -            289   5.5e-07   25.8   9.7   2   2      0.26       3.4    3.5   0.0   264   282   272   290   261   293 0.85 -
NW_025965230.1_RagTag:330445-329291   -            385 31261at314147        -            289   5.7e-07   25.7  10.2   1   1   6.7e-08   8.8e-07   25.1  10.2    21   284    56   327    40   332 0.80 -
contig_19055_pilon:1243-491           -            245 31261at314147        -            289   7.9e-07   25.3  12.4   1   1   1.7e-06   2.3e-05   20.5  12.4    77   282    40   241    13   244 0.66 -
NW_025965470.1_RagTag:908-166         -            206 31261at314147        -            289   8.7e-07   25.1   1.4   1   2     2e-06   2.6e-05   20.3   0.2    41   132     9    99     3   123 0.79 -
NW_025965470.1_RagTag:908-166         -            206 31261at314147        -            289   8.7e-07   25.1   1.4   2   2      0.16       2.1    4.1   0.1   239   280   163   204   138   206 0.74 -
NW_025965352.1_RagTag:10910-11527     -            206 31261at314147        -            289   1.1e-06   24.7   4.1   1   1   8.8e-08   1.1e-06   24.7   4.1    76   163    93   177    84   203 0.73 -
NW_025965223.1_RagTag:121394-120495   -            300 31261at314147        -            289   1.2e-06   24.7  22.4   1   1     5e-07   6.5e-06   22.3  22.4    10   282    22   293    13   298 0.68 -
NW_025965320.1_RagTag:846847-801819   -            267 31261at314147        -            289   1.3e-06   24.6  14.6   1   1   1.5e-07     2e-06   23.9  14.6    41   279    29   267     2   267 0.74 -
contig_44821_pilon:548-0              -            183 31261at314147        -            289   1.5e-06   24.4   8.4   1   1   1.4e-07   1.9e-06   24.0   8.4     9   130    27   147    21   166 0.77 -
NW_025965636.1_RagTag:13671-15687     -            305 31261at314147        -            289   1.6e-06   24.3  19.8   1   1   1.7e-07   2.2e-06   23.8  19.8    10   284    26   300    18   304 0.70 -
contig_56588_pilon:2289-1497          -            252 31261at314147        -            289   1.6e-06   24.3  17.2   1   2   7.9e-06    0.0001   18.3  15.8    42   192    22   177     4   201 0.79 -
contig_56588_pilon:2289-1497          -            252 31261at314147        -            289   1.6e-06   24.3  17.2   2   2     0.064      0.84    5.5   0.0   260   282   227   249   218   252 0.82 -
contig_45284_pilon:1146-1930          -            259 31261at314147        -            289   1.6e-06   24.2  19.7   1   1   1.5e-07     2e-06   23.9  19.7     7   183    25   198    20   252 0.81 -
NW_025965320.1_RagTag:799549-798621   -            308 31261at314147        -            289   2.1e-06   23.9  13.5   1   1   2.2e-07   2.9e-06   23.4  13.5    16   284    31   301    23   305 0.74 -
contig_75679_pilon:812-1679           -            286 31261at314147        -            289   2.3e-06   23.7  21.7   1   1   1.5e-06     2e-05   20.6  21.7    13   279    21   284    11   286 0.61 -
NW_025965054.1_RagTag:12799-13453     -            208 31261at314147        -            289     3e-06   23.4   0.6   1   2    0.0001    0.0014   14.6   0.1    94   132    27    65    11    77 0.78 -
NW_025965054.1_RagTag:12799-13453     -            208 31261at314147        -            289     3e-06   23.4   0.6   2   2     0.017      0.22    7.4   0.0   258   283   180   205   119   208 0.79 -
NW_025965101.1_RagTag:46542-45745     -            266 31261at314147        -            289     3e-06   23.3  15.1   1   1   4.1e-07   5.4e-06   22.5  15.1    16   179    31   200    17   228 0.66 -
contig_30302_pilon:1965-1053          -            290 31261at314147        -            289   3.7e-06   23.0  14.2   1   3   1.3e-06   1.8e-05   20.8  10.5    13   124    35   145    23   219 0.81 -
contig_30302_pilon:1965-1053          -            290 31261at314147        -            289   3.7e-06   23.0  14.2   2   3       6.7        87   -1.1   0.9    12    34   195   217   175   252 0.54 -
contig_30302_pilon:1965-1053          -            290 31261at314147        -            289   3.7e-06   23.0  14.2   3   3      0.45       5.9    2.7   0.1   264   281   268   285   231   290 0.88 -
NW_025965182.1_RagTag:1715520-1714610 -            302 31261at314147        -            289   3.8e-06   23.0  18.2   1   1   1.1e-06   1.5e-05   21.1  18.2     4   282    25   299    23   302 0.69 -
NW_025965305.1_RagTag:1568367-1569271 -            291 31261at314147        -            289   5.7e-06   22.4  16.3   1   1   5.8e-07   7.6e-06   22.0  15.3    46   282    55   288    23   291 0.78 -
NW_025965123.1_RagTag:1592694-1591777 -            306 31261at314147        -            289   6.8e-06   22.2  27.4   1   1   9.1e-07   1.2e-05   21.4  27.4    10   284    24   298    17   302 0.67 -
NW_025965320.1_RagTag:809547-808632   -            291 31261at314147        -            289   7.3e-06   22.1  12.3   1   2   1.6e-06   2.1e-05   20.6   9.6    15   157    23   173    15   219 0.74 -
NW_025965320.1_RagTag:809547-808632   -            291 31261at314147        -            289   7.3e-06   22.1  12.3   2   2      0.76        10    1.9   0.0   264   280   267   283   260   289 0.84 -
NW_025965352.1_RagTag:20838-20083     -            252 31261at314147        -            289   7.8e-06   22.0   9.4   1   1   1.6e-05   0.00021   17.3   9.4    47   285    12   251     5   252 0.58 -
contig_71775_pilon:1429-593           -            274 31261at314147        -            289   8.1e-06   21.9  15.6   1   1   9.7e-06   0.00013   18.0  15.6    13   278     5   262     1   270 0.61 -
NW_025965331.1_RagTag:86283-87002     -            240 31261at314147        -            289   8.6e-06   21.8   9.9   1   1   4.7e-05   0.00062   15.8   9.9    48   142     3    97     1   240 0.69 -
NW_025965146.1_RagTag:91849-90956     -            276 31261at314147        -            289   9.1e-06   21.8  12.0   1   2   3.2e-06   4.1e-05   19.6   9.6     9   122    25   139    18   219 0.76 -
NW_025965146.1_RagTag:91849-90956     -            276 31261at314147        -            289   9.1e-06   21.8  12.0   2   2       1.6        21    0.9   0.0   263   283   254   274   244   276 0.83 -
NW_025965123.1_RagTag:1692788-1693690 -            301 31261at314147        -            289   9.4e-06   21.7  18.6   1   1   8.6e-06   0.00011   18.2  18.6    16   284    28   296    17   299 0.62 -
NW_025965233.1_RagTag:189853-190770   -            306 31261at314147        -            289   1.2e-05   21.3  11.7   1   2   1.3e-05   0.00016   17.6  11.0    44   139    62   157    22   215 0.70 -
NW_025965233.1_RagTag:189853-190770   -            306 31261at314147        -            289   1.2e-05   21.3  11.7   2   2      0.96        13    1.6   0.0   260   280   278   298   270   304 0.81 -
NW_025965317.1_RagTag:2485493-2486315 -            269 31261at314147        -            289   1.2e-05   21.3  15.1   1   1   1.3e-06   1.6e-05   20.9  14.4     9   159    10   162     4   213 0.72 -
NW_025965138.1_RagTag:8461-7640       -            274 31261at314147        -            289   1.3e-05   21.2  17.3   1   1     5e-06   6.6e-05   19.0  17.3     9   282     3   271     1   274 0.66 -
contig_81842_pilon:1464-697           -            256 31261at314147        -            289   1.4e-05   21.2   8.3   1   2   9.6e-06   0.00013   18.0   6.2    43   153    14   122     9   173 0.76 -
contig_81842_pilon:1464-697           -            256 31261at314147        -            289   1.4e-05   21.2   8.3   2   2      0.27       3.6    3.4   0.0   264   283   235   254   223   256 0.85 -
contig_70120_pilon:645-1523           -            293 31261at314147        -            289   2.5e-05   20.3  17.4   1   1   4.2e-06   5.5e-05   19.2  17.4     5   283    15   291    11   293 0.71 -
contig_67131_pilon:894-1              -            298 31261at314147        -            289   2.6e-05   20.3  19.1   1   1   5.1e-06   6.6e-05   18.9  19.1     5   207    23   234    19   297 0.76 -
NW_025965581.1_RagTag:2490-3395       -            302 31261at314147        -            289   2.8e-05   20.1  11.0   1   1   8.3e-05    0.0011   15.0  11.0    91   281   103   295    18   300 0.59 -
contig_23379_pilon:2033-1140          -            298 31261at314147        -            289     3e-05   20.1  21.1   1   1   8.3e-06   0.00011   18.2  21.1     6   209    23   235    19   297 0.75 -
contig_26960_pilon:456-1361           -            302 31261at314147        -            289   3.2e-05   20.0  12.5   1   1   8.6e-06   0.00011   18.2  12.5     9   282    27   298    20   301 0.68 -
NW_025965008.1_RagTag:160158-159256   -            301 31261at314147        -            289   3.3e-05   19.9  22.0   1   1   7.8e-06    0.0001   18.3  22.0     9   280    25   298    19   301 0.68 -
NW_025965182.1_RagTag:1702579-1701860 -            240 31261at314147        -            289   7.4e-05   18.8   8.4   1   1   2.6e-05   0.00035   16.6   8.4    83   281    39   236     1   240 0.58 -
NW_025965250.1_RagTag:29037-28351     -            229 31261at314147        -            289   7.5e-05   18.8  17.1   1   1   8.7e-06   0.00011   18.2  17.0     8   171    40   203    34   220 0.67 -
contig_17327_pilon:1262-525           -            246 31261at314147        -            289   7.6e-05   18.7  11.2   1   1   4.2e-05   0.00055   15.9  11.2    84   283    43   239    12   244 0.63 -
contig_57973_pilon:1251-358           -            298 31261at314147        -            289   9.3e-05   18.5   9.5   1   2     1e-05   0.00013   17.9   6.8    22   134    34   147    17   197 0.65 -
contig_57973_pilon:1251-358           -            298 31261at314147        -            289   9.3e-05   18.5   9.5   2   2       3.2        41   -0.1   0.0   260   282   271   293   261   297 0.80 -
NW_025965320.1_RagTag:825316-811740   -            300 31261at314147        -            289   9.9e-05   18.4  20.3   1   1   8.3e-05    0.0011   15.0  20.3    14   236    34   262    28   299 0.66 -
NW_025965320.1_RagTag:792323-791874   -            150 31261at314147        -            289   0.00011   18.2   2.0   1   1   9.6e-06   0.00013   18.0   2.0    11   123    26   138    19   150 0.74 -
contig_36220_pilon:1243-2185          -            312 31261at314147        -            289   0.00012   18.1  19.6   1   1     2e-05   0.00026   17.0  19.6     7   284    28   301    24   306 0.63 -
NW_025965161.1_RagTag:647884-648477   -            198 31261at314147        -            289   0.00012   18.1   6.6   1   3   0.00059    0.0077   12.2   0.3    94   128     6    40     2    59 0.80 -
NW_025965161.1_RagTag:647884-648477   -            198 31261at314147        -            289   0.00012   18.1   6.6   2   3       7.2        95   -1.3   0.2     7    41    97   129    93   169 0.50 -
NW_025965161.1_RagTag:647884-648477   -            198 31261at314147        -            289   0.00012   18.1   6.6   3   3    0.0089      0.12    8.3   0.0   260   282   172   194   159   197 0.80 -
contig_27735_pilon:510-1              -            170 31261at314147        -            289   0.00013   18.0   5.5   1   1   1.3e-05   0.00017   17.6   5.5    40   135    68   163    33   169 0.69 -
NW_025965123.1_RagTag:1790961-1790050 -            304 31261at314147        -            289   0.00016   17.7  12.7   1   1   0.00011    0.0014   14.6  12.7    78   285    93   299    18   302 0.59 -
NW_025965008.1_RagTag:184192-173292   -            306 31261at314147        -            289   0.00016   17.7  20.9   1   1   0.00017    0.0023   13.9  20.9    16   282    34   301    24   304 0.72 -
NW_025965123.1_RagTag:1655672-1602571 -            294 31261at314147        -            289   0.00019   17.4  15.6   1   1   2.6e-05   0.00034   16.6  14.5    73   280    82   286    61   291 0.69 -
contig_11065_pilon:1203-445           -            242 31261at314147        -            289    0.0002   17.4   6.1   1   1   2.6e-05   0.00034   16.6   6.1     7   156    28   173    24   186 0.72 -
NW_025965331.1_RagTag:84058-84891     -            278 31261at314147        -            289   0.00021   17.3   9.4   1   1   2.4e-05   0.00031   16.7   9.4    16   177    41   207    30   267 0.66 -
NW_025965182.1_RagTag:1728940-1729338 -            133 31261at314147        -            289   0.00022   17.2   4.7   1   1   2.1e-05   0.00027   16.9   4.7     7   117    25   133    21   133 0.81 -
NW_025965146.1_RagTag:97684-98594     -            291 31261at314147        -            289   0.00024   17.1   8.2   1   1   0.00036    0.0047   12.9   8.2    93   170   100   178    22   289 0.75 -
NW_025965274.1_RagTag:25462-24893     -            160 31261at314147        -            289   0.00031   16.7   1.9   1   2       6.1        79   -1.0   0.2   127   138    31    42    12    96 0.57 -
NW_025965274.1_RagTag:25462-24893     -            160 31261at314147        -            289   0.00031   16.7   1.9   2   2   2.4e-05   0.00031   16.7   1.9    97   136   100   139    71   159 0.84 -
NW_025965324.1_RagTag:3751936-3751007 -            279 31261at314147        -            289   0.00034   16.6  22.9   1   2   7.4e-05   0.00097   15.1  19.9    14   186    29   197    21   227 0.76 -
NW_025965324.1_RagTag:3751936-3751007 -            279 31261at314147        -            289   0.00034   16.6  22.9   2   2      0.55       7.1    2.4   0.0   259   282   248   271   232   276 0.84 -
NW_025965431.1_RagTag:35565-34649     -            304 31261at314147        -            289   0.00036   16.5  21.0   1   1   0.00024    0.0031   13.5  21.0    47   282    66   299    23   303 0.67 -
NW_025965331.1_RagTag:82371-81553     -            273 31261at314147        -            289   0.00037   16.5   7.0   1   1   0.00085     0.011   11.6   7.0    76   282    61   267     8   271 0.56 -
NW_025965161.1_RagTag:650005-650751   -            249 31261at314147        -            289   0.00039   16.4   5.1   1   2   0.00013    0.0017   14.4   1.3    77   136    39    98     3   132 0.70 -
NW_025965161.1_RagTag:650005-650751   -            249 31261at314147        -            289   0.00039   16.4   5.1   2   2      0.33       4.3    3.1   0.0   260   282   222   244   189   248 0.83 -
contig_57885_pilon:1608-2156          -            183 31261at314147        -            289   0.00046   16.2   7.8   1   1   4.6e-05   0.00059   15.8   7.8     9   140    38   166    25   175 0.79 -
NW_025965307.1_RagTag:96079-95414     -            222 31261at314147        -            289   0.00047   16.1   2.1   1   1   0.00014    0.0018   14.2   2.1    96   132    23    59     5   215 0.86 -
NW_025965235.1_RagTag:58504-57605     -            300 31261at314147        -            289   0.00054   16.0  11.9   1   1   0.00016    0.0022   14.0  11.9    17   278    33   292    14   299 0.56 -
NW_025965008.1_RagTag:175654-175094   -            187 31261at314147        -            289   0.00058   15.9  12.3   1   1   7.2e-05   0.00094   15.2  12.3    99   283     1   185     1   187 0.75 -
NW_025965426.1_RagTag:114661-41296    -            224 31261at314147        -            289   0.00072   15.5  13.7   1   1   0.00034    0.0045   12.9  13.7    78   285     7   216     3   219 0.64 -
contig_59306_pilon:950-1787           -            276 31261at314147        -            289   0.00073   15.5   3.4   1   2   5.6e-05   0.00073   15.5   3.4    67   132    88   153    28   167 0.79 -
contig_59306_pilon:950-1787           -            276 31261at314147        -            289   0.00073   15.5   3.4   2   2       3.2        42   -0.1   1.3    10   135   205   250   196   267 0.45 -
NW_025965313.1_RagTag:1578926-1577992 -            301 31261at314147        -            289   0.00073   15.5  18.4   1   1   0.00012    0.0016   14.4  18.4    74   283    96   297    31   300 0.73 -
NW_025965418.1_RagTag:2394-2962       -            181 31261at314147        -            289   0.00085   15.3   3.4   1   2     0.003     0.039    9.9   0.1    98   121     4    27     1    49 0.81 -
NW_025965418.1_RagTag:2394-2962       -            181 31261at314147        -            289   0.00085   15.3   3.4   2   2     0.078         1    5.2   0.0   265   282   162   179   152   181 0.88 -
NW_025965305.1_RagTag:1566199-1565318 -            294 31261at314147        -            289    0.0009   15.2  12.2   1   1   0.00047    0.0061   12.5  10.2    84   139   103   158    65   294 0.75 -
contig_67641_pilon:735-19             -            239 31261at314147        -            289    0.0012   14.8  13.7   1   1   0.00038    0.0049   12.8  13.7     9   238     5   237     1   239 0.71 -
contig_31446_pilon:625-37             -            190 31261at314147        -            289    0.0015   14.5  10.1   1   1   0.00014    0.0019   14.2  10.1     9   147    23   159    13   189 0.63 -
NW_025965054.1_RagTag:7836-7369       -            156 31261at314147        -            289    0.0016   14.4   1.5   1   1   0.00012    0.0016   14.4   1.5    78   167    62   153    17   156 0.80 -
NW_025965295.1_RagTag:908868-907624   -            415 31261at314147        -            289    0.0019   14.1  26.1   1   1   0.00021    0.0028   13.6  26.1    15   284   100   374    91   377 0.70 -
NW_025965315.1_RagTag:2428899-2429805 -            300 31261at314147        -            289    0.0021   14.0  17.1   1   1   0.00049    0.0065   12.4  14.6    96   280   111   294    80   299 0.59 -
NW_025965235.1_RagTag:60087-59185     -            301 31261at314147        -            289    0.0022   13.9  12.3   1   1   0.00048    0.0063   12.5  12.3     8   278    22   295    17   300 0.66 -
NW_025965313.1_RagTag:3-710           -            236 31261at314147        -            289    0.0025   13.7  14.2   1   1   0.00034    0.0045   12.9  14.2    78   279    29   230    11   235 0.69 -
NW_025965008.1_RagTag:210473-211126   -            218 31261at314147        -            289    0.0028   13.6  11.9   1   1   0.00023     0.003   13.5  11.9    23   172    11   161     1   209 0.64 -
NW_025965247.1_RagTag:66521-66763     -             81 31261at314147        -            289    0.0037   13.2   0.2   1   1   0.00031    0.0041   13.1   0.2   215   274    17    79     7    81 0.81 -
NW_025965407.1_RagTag:7923-7021       -            301 31261at314147        -            289    0.0038   13.2  14.4   1   2    0.0018     0.024   10.5  11.6    47   159    62   182    15   229 0.59 -
NW_025965407.1_RagTag:7923-7021       -            301 31261at314147        -            289    0.0038   13.2  14.4   2   2      0.48       6.3    2.6   0.0   265   283   280   298   271   301 0.84 -
NW_025965426.1_RagTag:64293-65108     -            272 31261at314147        -            289    0.0039   13.1  16.1   1   1   0.00036    0.0047   12.9  16.1    42   280    31   270     4   272 0.77 -
NW_025965023.1_RagTag:838527-839265   -            220 31261at314147        -            289    0.0048   12.8   7.2   1   1    0.0033     0.043    9.7   7.2    82   148    38   100    31   220 0.67 -
NW_025965426.1_RagTag:29173-28250     -            308 31261at314147        -            289    0.0063   12.4  17.3   1   1   0.00081     0.011   11.7  17.3    14   158    32   183    20   308 0.58 -
contig_72985_pilon:1531-2240          -            234 31261at314147        -            289    0.0069   12.3  13.9   1   1   0.00064    0.0084   12.0  13.9    57   181    72   199    28   220 0.75 -
NW_025965251.1_RagTag:376661-375814   -            272 31261at314147        -            289     0.009   11.9  16.7   1   1     0.015      0.19    7.6  16.7     9   158    12   156     5   272 0.64 -
NW_025965313.1_RagTag:1618159-1619045 -            294 31261at314147        -            289    0.0095   11.9  19.9   1   1    0.0042     0.055    9.4  19.9    10   283    17   289    10   292 0.71 -
contig_30879_pilon:3182-2259          -            308 31261at314147        -            289     0.011   11.7  14.0   1   1    0.0015      0.02   10.8  14.0    24   186    47   212    29   308 0.64 -
NW_025965008.1_RagTag:147463-148386   -            308 31261at314147        -            289     0.016   11.1  18.8   1   1    0.0075     0.098    8.5  18.8    46   281    65   300    25   305 0.74 -
NW_025965426.1_RagTag:17883-70266     -            253 31261at314147        -            289     0.025   10.5  13.1   1   1    0.0036     0.047    9.6  12.9    86   283    48   247    30   252 0.69 -
NW_025965274.1_RagTag:775-1698        -            308 31261at314147        -            289     0.028   10.3  21.0   1   1    0.0052     0.068    9.1  21.0     4   285    28   307    25   308 0.70 -
NW_025965426.1_RagTag:17750-65099     -            286 31261at314147        -            289     0.028   10.3  18.3   1   1    0.0027     0.035   10.0  18.3    41   279    47   286    10   286 0.73 -
NW_025965313.1_RagTag:8909-65962      -            278 31261at314147        -            289     0.028   10.3  16.3   1   2     0.019      0.24    7.2  14.4    16   179    36   205    27   224 0.63 -
NW_025965313.1_RagTag:8909-65962      -            278 31261at314147        -            289     0.028   10.3  16.3   2   2      0.37       4.8    3.0   0.0   264   282   257   275   249   278 0.84 -
#
# Program:         hmmsearch
# Version:         3.1b2 (February 2015)
# Pipeline mode:   SEARCH
# Query file:      /home/bgerda/guppy_SUP/busco_downloads/lineages/glires_odb10/hmms/31261at314147.hmm
# Target file:     /home/bgerda/guppy_SUP/busco_results_racon/run_glires_odb10/metaeuk_output/initial_results/ragtag.scaffold.fasta.modified.fas
# Option settings: hmmsearch --domtblout /home/bgerda/guppy_SUP/busco_results_racon/run_glires_odb10/hmmer_output/initial_run_results/31261at314147.out --cpu 1 /home/bgerda/guppy_SUP/busco_downloads/lineages/glires_odb10/hmms/31261at314147.hmm /home/bgerda/guppy_SUP/busco_results_racon/run_glires_odb10/metaeuk_output/initial_results/ragtag.scaffold.fasta.modified.fas 
# Current dir:     /home/bgerda/guppy_SUP
# Date:            Sun May 21 17:05:49 2023
# [ok]
