#                                                                                             --- full sequence --- -------------- this domain -------------   hmm coord   ali coord   env coord
# target name                         accession   tlen query name           accession   qlen   E-value  score  bias   #  of  c-Evalue  i-Evalue  score  bias  from    to  from    to  from    to  acc description of target
#                 ------------------- ---------- ----- -------------------- ---------- ----- --------- ------ ----- --- --- --------- --------- ------ ----- ----- ----- ----- ----- ----- ----- ---- ---------------------
NW_025965440.1_RagTag:12616-13782     -            389 32905at314147        -            238     3e-87  288.5  75.8   1   8   2.9e-22   5.6e-21   71.6   7.3    95   169     2    76     1    77 0.98 -
NW_025965440.1_RagTag:12616-13782     -            389 32905at314147        -            238     3e-87  288.5  75.8   2   8   1.3e-09   2.6e-08   30.1   1.7   137   169    72   104    72   107 0.93 -
NW_025965440.1_RagTag:12616-13782     -            389 32905at314147        -            238     3e-87  288.5  75.8   3   8     3e-12   5.8e-11   38.8   5.2   117   173   108   163   106   169 0.87 -
NW_025965440.1_RagTag:12616-13782     -            389 32905at314147        -            238     3e-87  288.5  75.8   4   8   6.8e-11   1.3e-09   34.4   1.4   127   168   146   187   146   189 0.97 -
NW_025965440.1_RagTag:12616-13782     -            389 32905at314147        -            238     3e-87  288.5  75.8   5   8   1.8e-16   3.5e-15   52.6   6.0   109   169   156   216   156   217 0.97 -
NW_025965440.1_RagTag:12616-13782     -            389 32905at314147        -            238     3e-87  288.5  75.8   6   8   4.9e-08   9.5e-07   25.0   0.9   140   170   215   245   214   249 0.92 -
NW_025965440.1_RagTag:12616-13782     -            389 32905at314147        -            238     3e-87  288.5  75.8   7   8   5.4e-19   1.1e-17   60.9  11.4    96   173   255   331   255   338 0.94 -
NW_025965440.1_RagTag:12616-13782     -            389 32905at314147        -            238     3e-87  288.5  75.8   8   8   6.7e-12   1.3e-10   37.7   3.8   117   170   332   385   330   389 0.90 -
NW_025965271.1_RagTag:496368-615075   -            290 32905at314147        -            238     9e-60  198.6  88.3   1   8   4.2e-14   8.2e-13   44.9   3.9    95   168     2    75     1    76 0.97 -
NW_025965271.1_RagTag:496368-615075   -            290 32905at314147        -            238     9e-60  198.6  88.3   2   8     2e-10   3.9e-09   32.9   1.8   127   168    62   103    61   105 0.95 -
NW_025965271.1_RagTag:496368-615075   -            290 32905at314147        -            238     9e-60  198.6  88.3   3   8     1e-10     2e-09   33.8   7.9   112   171   103   162   103   167 0.91 -
NW_025965271.1_RagTag:496368-615075   -            290 32905at314147        -            238     9e-60  198.6  88.3   4   8   1.5e-08   2.9e-07   26.7   2.5   127   168   146   187   146   188 0.95 -
NW_025965271.1_RagTag:496368-615075   -            290 32905at314147        -            238     9e-60  198.6  88.3   5   8   9.9e-12   1.9e-10   37.1   4.7   112   168   159   215   159   217 0.94 -
NW_025965271.1_RagTag:496368-615075   -            290 32905at314147        -            238     9e-60  198.6  88.3   6   8   5.3e-16     1e-14   51.1   7.6    96   168   171   243   171   245 0.98 -
NW_025965271.1_RagTag:496368-615075   -            290 32905at314147        -            238     9e-60  198.6  88.3   7   8     2e-10   3.9e-09   32.9   2.4   124   168   227   271   227   272 0.96 -
NW_025965271.1_RagTag:496368-615075   -            290 32905at314147        -            238     9e-60  198.6  88.3   8   8   6.9e-10   1.4e-08   31.1   3.0   112   159   243   290   242   290 0.95 -
NW_025965182.1_RagTag:1639771-1640832 -            354 32905at314147        -            238   7.4e-54  179.2  46.6   1   6     5e-10   9.9e-09   31.5   0.6    99   159     1    61     1    71 0.90 -
NW_025965182.1_RagTag:1639771-1640832 -            354 32905at314147        -            238   7.4e-54  179.2  46.6   2   6   2.8e-12   5.5e-11   38.9   4.3   100   168    58   126    54   130 0.93 -
NW_025965182.1_RagTag:1639771-1640832 -            354 32905at314147        -            238   7.4e-54  179.2  46.6   3   6     5e-15   9.9e-14   47.9   6.5    94   168   136   210   128   210 0.92 -
NW_025965182.1_RagTag:1639771-1640832 -            354 32905at314147        -            238   7.4e-54  179.2  46.6   4   6   8.4e-11   1.7e-09   34.1   5.0   110   168   180   238   179   239 0.94 -
NW_025965182.1_RagTag:1639771-1640832 -            354 32905at314147        -            238   7.4e-54  179.2  46.6   5   6   4.3e-14   8.4e-13   44.8   6.7    96   171   194   269   193   275 0.96 -
NW_025965182.1_RagTag:1639771-1640832 -            354 32905at314147        -            238   7.4e-54  179.2  46.6   6   6   2.6e-14   5.1e-13   45.6   6.3    95   168   277   350   270   354 0.94 -
NW_025965250.1_RagTag:230438-229587   -            284 32905at314147        -            238   7.1e-48  159.6  59.1   1   7   2.1e-10     4e-09   32.8   3.9   120   170     6    56     3    56 0.96 -
NW_025965250.1_RagTag:230438-229587   -            284 32905at314147        -            238   7.1e-48  159.6  59.1   2   7     4e-15   7.8e-14   48.2   8.6    96   166    38   108    38   110 0.95 -
NW_025965250.1_RagTag:230438-229587   -            284 32905at314147        -            238   7.1e-48  159.6  59.1   3   7   5.4e-07   1.1e-05   21.6   2.4   137   168   107   138   104   139 0.89 -
NW_025965250.1_RagTag:230438-229587   -            284 32905at314147        -            238   7.1e-48  159.6  59.1   4   7   1.7e-06   3.4e-05   19.9   2.0   137   168   135   166   132   166 0.91 -
NW_025965250.1_RagTag:230438-229587   -            284 32905at314147        -            238   7.1e-48  159.6  59.1   5   7     5e-09   9.8e-08   28.3   1.0   136   168   162   194   158   195 0.93 -
NW_025965250.1_RagTag:230438-229587   -            284 32905at314147        -            238   7.1e-48  159.6  59.1   6   7   2.8e-06   5.5e-05   19.3   2.3   136   168   190   222   186   226 0.89 -
NW_025965250.1_RagTag:230438-229587   -            284 32905at314147        -            238   7.1e-48  159.6  59.1   7   7   5.5e-13   1.1e-11   41.2   9.8    99   171   209   281   209   284 0.97 -
contig_64050_pilon:924-1673           -            250 32905at314147        -            238   2.2e-47  158.1  59.3   1   5   1.2e-16   2.4e-15   53.2   6.4    96   162     2    68     1    72 0.94 -
contig_64050_pilon:924-1673           -            250 32905at314147        -            238   2.2e-47  158.1  59.3   2   5   1.1e-16   2.2e-15   53.3  10.3    96   174    58   135    58   140 0.94 -
contig_64050_pilon:924-1673           -            250 32905at314147        -            238   2.2e-47  158.1  59.3   3   5   6.1e-10   1.2e-08   31.3   2.9   124   174   114   163   114   168 0.89 -
contig_64050_pilon:924-1673           -            250 32905at314147        -            238   2.2e-47  158.1  59.3   4   5   1.1e-16   2.1e-15   53.4   7.2    95   168   141   214   140   214 0.97 -
contig_64050_pilon:924-1673           -            250 32905at314147        -            238   2.2e-47  158.1  59.3   5   5     5e-06   9.7e-05   18.5   1.4   137   170   211   244   208   250 0.88 -
NW_025965022.1_RagTag:243183-242221   -            321 32905at314147        -            238   1.1e-46  155.8  42.5   1   7   1.6e-06   3.1e-05   20.1   0.2   131   168     1    38     1    39 0.92 -
NW_025965022.1_RagTag:243183-242221   -            321 32905at314147        -            238   1.1e-46  155.8  42.5   2   7   1.4e-08   2.7e-07   26.8   0.7   127   166    25    64    25    66 0.89 -
NW_025965022.1_RagTag:243183-242221   -            321 32905at314147        -            238   1.1e-46  155.8  42.5   3   7   1.5e-08     3e-07   26.7   1.9   127   173    53    98    52   114 0.83 -
NW_025965022.1_RagTag:243183-242221   -            321 32905at314147        -            238   1.1e-46  155.8  42.5   4   7     3e-07   5.8e-06   22.5   1.0   116   161   125   170   107   173 0.89 -
NW_025965022.1_RagTag:243183-242221   -            321 32905at314147        -            238   1.1e-46  155.8  42.5   5   7   6.3e-18   1.2e-16   57.4   4.1    95   177   132   213   126   215 0.93 -
NW_025965022.1_RagTag:243183-242221   -            321 32905at314147        -            238   1.1e-46  155.8  42.5   6   7   1.7e-15   3.3e-14   49.5   3.0   109   175   202   267   199   272 0.92 -
NW_025965022.1_RagTag:243183-242221   -            321 32905at314147        -            238   1.1e-46  155.8  42.5   7   7   3.2e-06   6.3e-05   19.1   2.7    96   144   273   321   268   321 0.90 -
NW_025965432.1_RagTag:502378-503097   -            240 32905at314147        -            238   5.9e-46  153.4  61.7   1   6   1.4e-08   2.7e-07   26.8   1.7   138   174     6    41     3    47 0.85 -
NW_025965432.1_RagTag:502378-503097   -            240 32905at314147        -            238   5.9e-46  153.4  61.7   2   6   1.3e-05   0.00025   17.1   0.2   139   161    35    57    33    61 0.87 -
NW_025965432.1_RagTag:502378-503097   -            240 32905at314147        -            238   5.9e-46  153.4  61.7   3   6   8.8e-18   1.7e-16   56.9   7.7    95   170    47   122    41   128 0.94 -
NW_025965432.1_RagTag:502378-503097   -            240 32905at314147        -            238   5.9e-46  153.4  61.7   4   6   3.5e-12   6.8e-11   38.6   5.1   111   168   119   176   117   178 0.94 -
NW_025965432.1_RagTag:502378-503097   -            240 32905at314147        -            238   5.9e-46  153.4  61.7   5   6   8.4e-16   1.6e-14   50.4  12.2    95   168   131   204   130   204 0.97 -
NW_025965432.1_RagTag:502378-503097   -            240 32905at314147        -            238   5.9e-46  153.4  61.7   6   6   1.8e-07   3.6e-06   23.1   0.5   138   173   202   236   200   240 0.85 -
contig_52188_pilon:954-280            -            225 32905at314147        -            238   6.4e-46  153.3  34.2   1   6   2.1e-11   4.1e-10   36.0   0.8   122   165     6    49     1    50 0.93 -
contig_52188_pilon:954-280            -            225 32905at314147        -            238   6.4e-46  153.3  34.2   2   6   3.1e-14   6.2e-13   45.3   4.7   109   169    49   109    48   110 0.97 -
contig_52188_pilon:954-280            -            225 32905at314147        -            238   6.4e-46  153.3  34.2   3   6   4.4e-10   8.6e-09   31.7   2.8   124   168    92   136    92   137 0.96 -
contig_52188_pilon:954-280            -            225 32905at314147        -            238   6.4e-46  153.3  34.2   4   6   3.1e-11     6e-10   35.5   2.9   116   168   112   164   111   166 0.91 -
contig_52188_pilon:954-280            -            225 32905at314147        -            238   6.4e-46  153.3  34.2   5   6   1.2e-08   2.4e-07   27.0   0.3   137   168   161   192   159   193 0.94 -
contig_52188_pilon:954-280            -            225 32905at314147        -            238   6.4e-46  153.3  34.2   6   6   2.7e-09   5.3e-08   29.1   0.6   137   170   189   222   188   225 0.91 -
NW_025965235.1_RagTag:117217-116603   -            205 32905at314147        -            238   2.7e-45  151.2  52.1   1   4   1.4e-14   2.7e-13   46.4   2.1   112   178     1    66     1    68 0.92 -
NW_025965235.1_RagTag:117217-116603   -            205 32905at314147        -            238   2.7e-45  151.2  52.1   2   4   8.6e-13   1.7e-11   40.6   4.3   116   175    61   119    59   124 0.87 -
NW_025965235.1_RagTag:117217-116603   -            205 32905at314147        -            238   2.7e-45  151.2  52.1   3   4   1.6e-16   3.1e-15   52.8   9.5    95   168    96   169    92   170 0.97 -
NW_025965235.1_RagTag:117217-116603   -            205 32905at314147        -            238   2.7e-45  151.2  52.1   4   4   1.7e-15   3.4e-14   49.4  12.6    95   171   124   200   118   205 0.93 -
contig_36320_pilon:719-1438           -            240 32905at314147        -            238   4.2e-44  147.3  82.4   1   7   6.7e-16   1.3e-14   50.8   9.9    95   168     7    80     2    81 0.97 -
contig_36320_pilon:719-1438           -            240 32905at314147        -            238   4.2e-44  147.3  82.4   2   7   7.1e-08   1.4e-06   24.5   1.0   137   168    77   108    75   109 0.95 -
contig_36320_pilon:719-1438           -            240 32905at314147        -            238   4.2e-44  147.3  82.4   3   7   1.1e-09   2.2e-08   30.4   4.4   124   168    92   136    92   137 0.97 -
contig_36320_pilon:719-1438           -            240 32905at314147        -            238   4.2e-44  147.3  82.4   4   7   1.8e-09   3.6e-08   29.7   5.1   124   168   120   164   120   165 0.97 -
contig_36320_pilon:719-1438           -            240 32905at314147        -            238   4.2e-44  147.3  82.4   5   7   1.1e-10   2.1e-09   33.7   7.1   116   170   140   194   139   198 0.91 -
contig_36320_pilon:719-1438           -            240 32905at314147        -            238   4.2e-44  147.3  82.4   6   7   7.6e-09   1.5e-07   27.7   4.8   124   168   176   220   176   220 0.95 -
contig_36320_pilon:719-1438           -            240 32905at314147        -            238   4.2e-44  147.3  82.4   7   7     8e-09   1.6e-07   27.6   3.4   116   159   196   239   194   240 0.92 -
NW_025965279.1_RagTag:138661-99482    -            245 32905at314147        -            238   6.7e-43  143.4  46.8   1   5   2.8e-14   5.5e-13   45.5   4.4   112   170     1    59     1    59 0.94 -
NW_025965279.1_RagTag:138661-99482    -            245 32905at314147        -            238   6.7e-43  143.4  46.8   2   5   1.4e-07   2.8e-06   23.5   0.5   136   165    53    82    51    83 0.90 -
NW_025965279.1_RagTag:138661-99482    -            245 32905at314147        -            238   6.7e-43  143.4  46.8   3   5   3.6e-11   7.1e-10   35.3   3.0   127   171    72   116    72   123 0.94 -
NW_025965279.1_RagTag:138661-99482    -            245 32905at314147        -            238   6.7e-43  143.4  46.8   4   5   3.7e-11   7.3e-10   35.2  12.5    93   169   122   198   117   200 0.94 -
NW_025965279.1_RagTag:138661-99482    -            245 32905at314147        -            238   6.7e-43  143.4  46.8   5   5   7.8e-10   1.5e-08   30.9   3.0   109   159   194   244   193   245 0.94 -
NW_025965375.1_RagTag:139175-138555   -            207 32905at314147        -            238   9.3e-43  142.9  38.4   1   5   2.3e-13   4.5e-12   42.5   1.1   112   169     3    60     2    62 0.94 -
NW_025965375.1_RagTag:139175-138555   -            207 32905at314147        -            238   9.3e-43  142.9  38.4   2   5   3.3e-13   6.6e-12   41.9   0.8   116   168    35    87    33    88 0.93 -
NW_025965375.1_RagTag:139175-138555   -            207 32905at314147        -            238   9.3e-43  142.9  38.4   3   5     8e-13   1.6e-11   40.7   1.6   120   170    67   117    63   121 0.91 -
NW_025965375.1_RagTag:139175-138555   -            207 32905at314147        -            238   9.3e-43  142.9  38.4   4   5   9.1e-11   1.8e-09   34.0   2.0   112   168   115   171   115   172 0.94 -
NW_025965375.1_RagTag:139175-138555   -            207 32905at314147        -            238   9.3e-43  142.9  38.4   5   5   3.6e-10   7.1e-09   32.0   4.3   120   173   151   203   147   207 0.89 -
contig_28105_pilon:1415-840           -            192 32905at314147        -            238     1e-42  142.8  29.1   1   5   1.9e-17   3.7e-16   55.8   2.0    95   169     6    80     1    80 0.97 -
contig_28105_pilon:1415-840           -            192 32905at314147        -            238     1e-42  142.8  29.1   2   5   6.5e-09   1.3e-07   27.9   0.1   129   168    68   107    68   108 0.93 -
contig_28105_pilon:1415-840           -            192 32905at314147        -            238     1e-42  142.8  29.1   3   5   4.7e-11   9.2e-10   34.9   1.4   124   170    91   137    91   137 0.97 -
contig_28105_pilon:1415-840           -            192 32905at314147        -            238     1e-42  142.8  29.1   4   5   2.6e-13   5.2e-12   42.3   2.8   111   170   106   165   104   166 0.95 -
contig_28105_pilon:1415-840           -            192 32905at314147        -            238     1e-42  142.8  29.1   5   5   1.4e-07   2.7e-06   23.5   0.1   138   168   161   191   159   192 0.93 -
NW_025965341.1_RagTag:8946-9722       -            259 32905at314147        -            238   8.8e-42  139.7  54.0   1   5   0.00089     0.017   11.1   1.5   129   168    20    59     9    65 0.93 -
NW_025965341.1_RagTag:8946-9722       -            259 32905at314147        -            238   8.8e-42  139.7  54.0   2   5   7.2e-13   1.4e-11   40.8  11.0    94   180    69   154    62   155 0.92 -
NW_025965341.1_RagTag:8946-9722       -            259 32905at314147        -            238   8.8e-42  139.7  54.0   3   5   3.1e-16     6e-15   51.9   8.6    96   175   127   205   126   210 0.93 -
NW_025965341.1_RagTag:8946-9722       -            259 32905at314147        -            238   8.8e-42  139.7  54.0   4   5   2.7e-13   5.3e-12   42.2   5.6    96   166   155   225   153   227 0.95 -
NW_025965341.1_RagTag:8946-9722       -            259 32905at314147        -            238   8.8e-42  139.7  54.0   5   5   6.9e-14   1.3e-12   44.2   4.8    99   168   186   255   184   259 0.95 -
contig_52188_pilon:1642-1031          -            204 32905at314147        -            238     4e-41  137.6  32.8   1   5   3.6e-08     7e-07   25.5   0.7   140   173     1    33     1    39 0.86 -
contig_52188_pilon:1642-1031          -            204 32905at314147        -            238     4e-41  137.6  32.8   2   5   2.7e-16   5.4e-15   52.0   8.2    95   168    40   113    38   114 0.97 -
contig_52188_pilon:1642-1031          -            204 32905at314147        -            238     4e-41  137.6  32.8   3   5   4.5e-11   8.8e-10   35.0   1.0   127   168   100   141   100   142 0.98 -
contig_52188_pilon:1642-1031          -            204 32905at314147        -            238     4e-41  137.6  32.8   4   5   5.8e-09   1.1e-07   28.0   0.3   137   169   138   170   136   171 0.94 -
contig_52188_pilon:1642-1031          -            204 32905at314147        -            238     4e-41  137.6  32.8   5   5   2.2e-09   4.4e-08   29.4   0.9   137   170   166   199   165   203 0.90 -
NW_025965341.1_RagTag:44730-43969     -            254 32905at314147        -            238   7.7e-41  136.6  54.4   1   5   2.3e-06   4.5e-05   19.6   0.2   128   163    43    78    30    80 0.88 -
NW_025965341.1_RagTag:44730-43969     -            254 32905at314147        -            238   7.7e-41  136.6  54.4   2   5   6.7e-15   1.3e-13   47.5   7.9    96   163    67   134    66   141 0.96 -
NW_025965341.1_RagTag:44730-43969     -            254 32905at314147        -            238   7.7e-41  136.6  54.4   3   5   1.3e-10   2.5e-09   33.5   3.5   100   165   127   192   127   195 0.93 -
NW_025965341.1_RagTag:44730-43969     -            254 32905at314147        -            238   7.7e-41  136.6  54.4   4   5     9e-15   1.8e-13   47.1   9.0    96   168   151   223   142   225 0.95 -
NW_025965341.1_RagTag:44730-43969     -            254 32905at314147        -            238   7.7e-41  136.6  54.4   5   5   4.6e-12   9.1e-11   38.2   5.3    99   169   182   252   182   254 0.96 -
NW_025965341.1_RagTag:72137-72748     -            204 32905at314147        -            238   2.3e-40  135.1  51.7   1   5   5.6e-05    0.0011   15.0   1.1   140   175     1    35     1    39 0.87 -
NW_025965341.1_RagTag:72137-72748     -            204 32905at314147        -            238   2.3e-40  135.1  51.7   2   5     7e-13   1.4e-11   40.9   7.3    96   168    13    85    13    85 0.97 -
NW_025965341.1_RagTag:72137-72748     -            204 32905at314147        -            238   2.3e-40  135.1  51.7   3   5   5.4e-14   1.1e-12   44.5   6.0    96   159    41   104    40   106 0.97 -
NW_025965341.1_RagTag:72137-72748     -            204 32905at314147        -            238   2.3e-40  135.1  51.7   4   5   1.1e-14   2.2e-13   46.7   5.9    96   160    97   161    96   162 0.97 -
NW_025965341.1_RagTag:72137-72748     -            204 32905at314147        -            238   2.3e-40  135.1  51.7   5   5   7.9e-12   1.5e-10   37.4   1.2   124   168   153   197   152   202 0.94 -
contig_33351_pilon:5-592              -            196 32905at314147        -            238     4e-38  127.7  28.2   1   5   5.7e-11   1.1e-09   34.6   1.6   123   168     4    49     1    50 0.93 -
contig_33351_pilon:5-592              -            196 32905at314147        -            238     4e-38  127.7  28.2   2   5   9.5e-08   1.9e-06   24.1   0.1   136   165    45    74    42    75 0.92 -
contig_33351_pilon:5-592              -            196 32905at314147        -            238     4e-38  127.7  28.2   3   5   4.6e-11   8.9e-10   34.9   2.1   127   169    64   106    64   109 0.95 -
contig_33351_pilon:5-592              -            196 32905at314147        -            238     4e-38  127.7  28.2   4   5   3.9e-13   7.6e-12   41.7   3.6   112   168   105   161   104   163 0.95 -
contig_33351_pilon:5-592              -            196 32905at314147        -            238     4e-38  127.7  28.2   5   5   4.3e-07   8.4e-06   21.9   0.6   137   173   158   194   158   196 0.91 -
NW_025965250.1_RagTag:140650-46794    -            212 32905at314147        -            238   5.5e-38  127.3  26.2   1   4     1e-11     2e-10   37.0   1.1   120   170    16    66    12    67 0.93 -
NW_025965250.1_RagTag:140650-46794    -            212 32905at314147        -            238   5.5e-38  127.3  26.2   2   4   3.1e-18   6.1e-17   58.4   3.7    99   173    51   124    51   128 0.95 -
NW_025965250.1_RagTag:140650-46794    -            212 32905at314147        -            238   5.5e-38  127.3  26.2   3   4   1.3e-10   2.5e-09   33.5   3.5   109   160   117   168   114   173 0.94 -
NW_025965250.1_RagTag:140650-46794    -            212 32905at314147        -            238   5.5e-38  127.3  26.2   4   4   8.4e-10   1.7e-08   30.8   2.9    96   146   160   210   159   212 0.76 -
NW_025965341.1_RagTag:124400-123816   -            195 32905at314147        -            238   1.4e-37  126.0  40.2   1   4     2e-20   3.9e-19   65.6   5.8    94   172    11    89     3    93 0.94 -
NW_025965341.1_RagTag:124400-123816   -            195 32905at314147        -            238   1.4e-37  126.0  40.2   2   4   1.3e-12   2.5e-11   40.0   5.2   109   175    82   147    80   151 0.90 -
NW_025965341.1_RagTag:124400-123816   -            195 32905at314147        -            238   1.4e-37  126.0  40.2   3   4   1.6e-09   3.2e-08   29.9   2.8   124   168   125   169   125   171 0.95 -
NW_025965341.1_RagTag:124400-123816   -            195 32905at314147        -            238   1.4e-37  126.0  40.2   4   4   4.8e-09   9.3e-08   28.3   3.0   124   165   153   194   152   195 0.97 -
NW_025965190.1_RagTag:118118-118627   -            170 32905at314147        -            238   5.5e-37  124.0  30.4   1   4   9.7e-10   1.9e-08   30.6   0.6   133   169     3    39     1    42 0.90 -
NW_025965190.1_RagTag:118118-118627   -            170 32905at314147        -            238   5.5e-37  124.0  30.4   2   4   2.9e-13   5.6e-12   42.1   0.7   109   163    35    89    34    94 0.92 -
NW_025965190.1_RagTag:118118-118627   -            170 32905at314147        -            238   5.5e-37  124.0  30.4   3   4     1e-10     2e-09   33.8   3.5   124   175    78   128    78   132 0.90 -
NW_025965190.1_RagTag:118118-118627   -            170 32905at314147        -            238   5.5e-37  124.0  30.4   4   4   2.6e-16   5.1e-15   52.1   4.7    96   159   106   169   105   170 0.98 -
NW_025965358.1_RagTag:7183-6533       -            217 32905at314147        -            238   7.1e-37  123.6  33.3   1   4   6.6e-12   1.3e-10   37.7   2.0   122   175     6    58     2    62 0.84 -
NW_025965358.1_RagTag:7183-6533       -            217 32905at314147        -            238   7.1e-37  123.6  33.3   2   4   3.1e-15   6.1e-14   48.6   5.3    99   174    39   113    39   118 0.93 -
NW_025965358.1_RagTag:7183-6533       -            217 32905at314147        -            238   7.1e-37  123.6  33.3   3   4   4.9e-11   9.7e-10   34.8   8.2   109   172   105   167   102   169 0.93 -
NW_025965358.1_RagTag:7183-6533       -            217 32905at314147        -            238   7.1e-37  123.6  33.3   4   4   1.6e-12   3.1e-11   39.7   3.9    99   162   151   214   149   217 0.96 -
contig_10836_pilon:82-696             -            205 32905at314147        -            238   1.3e-36  122.8  54.4   1   5     7e-08   1.4e-06   24.5   1.3   140   180     1    40     1    43 0.85 -
contig_10836_pilon:82-696             -            205 32905at314147        -            238   1.3e-36  122.8  54.4   2   5   7.7e-11   1.5e-09   34.2   7.9   112   177    29    93    27    96 0.92 -
contig_10836_pilon:82-696             -            205 32905at314147        -            238   1.3e-36  122.8  54.4   3   5   5.9e-14   1.2e-12   44.4   7.9    96   168    69   141    69   143 0.98 -
contig_10836_pilon:82-696             -            205 32905at314147        -            238   1.3e-36  122.8  54.4   4   5   1.9e-10   3.7e-09   32.9   1.0   127   168   128   169   128   170 0.98 -
contig_10836_pilon:82-696             -            205 32905at314147        -            238   1.3e-36  122.8  54.4   5   5   1.7e-11   3.4e-10   36.3   6.1   124   173   153   201   153   205 0.93 -
contig_18339_pilon:2-553              -            184 32905at314147        -            238   4.3e-36  121.1  33.9   1   3   1.2e-15   2.3e-14   50.0  11.6    95   170     5    80     4    84 0.96 -
contig_18339_pilon:2-553              -            184 32905at314147        -            238   4.3e-36  121.1  33.9   2   3   5.4e-12   1.1e-10   38.0   6.5   116   170    82   136    80   140 0.92 -
contig_18339_pilon:2-553              -            184 32905at314147        -            238   4.3e-36  121.1  33.9   3   3   1.1e-11   2.2e-10   36.9   2.9   116   161   138   183   135   184 0.93 -
NW_025965250.1_RagTag:8860-9492       -            211 32905at314147        -            238   8.2e-36  120.2  31.2   1   4   2.6e-13     5e-12   42.3   4.8   109   168     5    64     3    66 0.95 -
NW_025965250.1_RagTag:8860-9492       -            211 32905at314147        -            238   8.2e-36  120.2  31.2   2   4   7.6e-06   0.00015   17.9   0.9   137   160    61    84    59    87 0.90 -
NW_025965250.1_RagTag:8860-9492       -            211 32905at314147        -            238   8.2e-36  120.2  31.2   3   4   4.3e-12   8.5e-11   38.3   3.1   124   182    76   133    76   134 0.94 -
NW_025965250.1_RagTag:8860-9492       -            211 32905at314147        -            238   8.2e-36  120.2  31.2   4   4   5.6e-15   1.1e-13   47.7   7.1    95   173   131   208   127   211 0.92 -
contig_59446_pilon:259-795            -            179 32905at314147        -            238   1.5e-35  119.3  31.3   1   4   2.8e-12   5.6e-11   38.9   6.7   111   168     2    59     1    60 0.96 -
contig_59446_pilon:259-795            -            179 32905at314147        -            238   1.5e-35  119.3  31.3   2   4   6.4e-12   1.3e-10   37.7   6.0   127   170    46    89    46    93 0.94 -
contig_59446_pilon:259-795            -            179 32905at314147        -            238   1.5e-35  119.3  31.3   3   4   4.9e-14   9.6e-13   44.7   4.7   116   169    91   144    89   146 0.93 -
contig_59446_pilon:259-795            -            179 32905at314147        -            238   1.5e-35  119.3  31.3   4   4   5.8e-07   1.1e-05   21.5   0.2   137   173   140   175   140   179 0.87 -
NW_025965341.1_RagTag:9727-10227      -            167 32905at314147        -            238   6.7e-35  117.2  22.2   1   3   1.5e-10     3e-09   33.2   1.0   122   168     5    51     2    51 0.92 -
NW_025965341.1_RagTag:9727-10227      -            167 32905at314147        -            238   6.7e-35  117.2  22.2   2   3   1.5e-17   2.9e-16   56.2   2.1    96   170    35   109    35   113 0.97 -
NW_025965341.1_RagTag:9727-10227      -            167 32905at314147        -            238   6.7e-35  117.2  22.2   3   3   4.2e-16   8.2e-15   51.4   4.6    96   169    91   164    91   167 0.96 -
NW_025965341.1_RagTag:36059-35526     -            178 32905at314147        -            238   4.1e-34  114.6  25.5   1   3   1.3e-12   2.6e-11   39.9   2.1   109   168     3    62     1    63 0.95 -
NW_025965341.1_RagTag:36059-35526     -            178 32905at314147        -            238   4.1e-34  114.6  25.5   2   3   6.3e-17   1.2e-15   54.1   2.9    96   168    46   118    46   119 0.96 -
NW_025965341.1_RagTag:36059-35526     -            178 32905at314147        -            238   4.1e-34  114.6  25.5   3   3   3.4e-14   6.7e-13   45.2   5.1    99   170   105   176   105   178 0.95 -
NW_025965317.1_RagTag:1373618-1373070 -            183 32905at314147        -            238   5.3e-34  114.3  28.0   1   3     4e-11   7.9e-10   35.1   4.8   124   179     7    61     3    64 0.79 -
NW_025965317.1_RagTag:1373618-1373070 -            183 32905at314147        -            238   5.3e-34  114.3  28.0   2   3   1.9e-13   3.8e-12   42.7   6.3    95   161    62   128    57   132 0.94 -
NW_025965317.1_RagTag:1373618-1373070 -            183 32905at314147        -            238   5.3e-34  114.3  28.0   3   3   6.4e-15   1.3e-13   47.6   3.0   109   160   132   183   127   183 0.97 -
NW_025965301.1_RagTag:101661-100954   -            236 32905at314147        -            238   6.2e-34  114.0  23.2   1   4   1.9e-13   3.8e-12   42.7   3.4    89   168    13    93     3   100 0.87 -
NW_025965301.1_RagTag:101661-100954   -            236 32905at314147        -            238   6.2e-34  114.0  23.2   2   4   4.7e-12   9.3e-11   38.2   0.8   103   168    84   149    82   151 0.90 -
NW_025965301.1_RagTag:101661-100954   -            236 32905at314147        -            238   6.2e-34  114.0  23.2   3   4   3.8e-13   7.4e-12   41.8   4.7    96   160   133   197   133   203 0.96 -
NW_025965301.1_RagTag:101661-100954   -            236 32905at314147        -            238   6.2e-34  114.0  23.2   4   4   5.3e-05     0.001   15.1   0.1   139   168   203   232   200   236 0.91 -
NW_025965436.1_RagTag:1558-722        -            279 32905at314147        -            238   1.1e-33  113.2  66.3   1   6   3.2e-08   6.2e-07   25.6  13.4    95   160     2    67     1    73 0.95 -
NW_025965436.1_RagTag:1558-722        -            279 32905at314147        -            238   1.1e-33  113.2  66.3   2   6   7.7e-08   1.5e-06   24.4   1.2   137   168    72   103    67   112 0.89 -
NW_025965436.1_RagTag:1558-722        -            279 32905at314147        -            238   1.1e-33  113.2  66.3   3   6   7.3e-11   1.4e-09   34.3  14.6    91   168   110   187   102   187 0.92 -
NW_025965436.1_RagTag:1558-722        -            279 32905at314147        -            238   1.1e-33  113.2  66.3   4   6     2e-05   0.00039   16.5   1.2   136   160   183   207   178   214 0.88 -
NW_025965436.1_RagTag:1558-722        -            279 32905at314147        -            238   1.1e-33  113.2  66.3   5   6   1.5e-07     3e-06   23.4   1.5   138   168   213   243   209   244 0.90 -
NW_025965436.1_RagTag:1558-722        -            279 32905at314147        -            238   1.1e-33  113.2  66.3   6   6     1e-05    0.0002   17.4   4.1   136   173   239   275   237   279 0.87 -
contig_78026_pilon:1103-2245          -            381 32905at314147        -            238   6.3e-32  107.5  34.0   1   5   2.9e-07   5.7e-06   22.5   3.7    96   173     1    82     1    83 0.90 -
contig_78026_pilon:1103-2245          -            381 32905at314147        -            238   6.3e-32  107.5  34.0   2   5   4.9e-09   9.7e-08   28.3   2.7    92   173    28   113    18   118 0.86 -
contig_78026_pilon:1103-2245          -            381 32905at314147        -            238   6.3e-32  107.5  34.0   3   5   6.4e-14   1.3e-12   44.3   3.5    90   173   146   228   139   238 0.92 -
contig_78026_pilon:1103-2245          -            381 32905at314147        -            238   6.3e-32  107.5  34.0   4   5   7.9e-14   1.5e-12   44.0   6.0    95   169   274   348   263   352 0.93 -
contig_78026_pilon:1103-2245          -            381 32905at314147        -            238   6.3e-32  107.5  34.0   5   5   0.00014    0.0028   13.7   0.9   127   173   334   379   334   381 0.89 -
NW_025965127.1_RagTag:114163-113654   -            170 32905at314147        -            238   2.7e-31  105.4  19.3   1   3   2.4e-11   4.8e-10   35.8   1.3   116   164     2    50     1    51 0.92 -
NW_025965127.1_RagTag:114163-113654   -            170 32905at314147        -            238   2.7e-31  105.4  19.3   2   3   2.1e-14   4.2e-13   45.8   4.8    96   160    38   102    37   105 0.97 -
NW_025965127.1_RagTag:114163-113654   -            170 32905at314147        -            238   2.7e-31  105.4  19.3   3   3   5.6e-15   1.1e-13   47.7   3.5    99   169    97   167    97   170 0.95 -
contig_81532_pilon:2097-1657          -            147 32905at314147        -            238   8.7e-31  103.7  45.9   1   3   8.2e-12   1.6e-10   37.4  11.3    94   168     8    84     1    85 0.88 -
contig_81532_pilon:2097-1657          -            147 32905at314147        -            238   8.7e-31  103.7  45.9   2   3   4.5e-14   8.8e-13   44.8   8.0    94   162    37   106    34   109 0.92 -
contig_81532_pilon:2097-1657          -            147 32905at314147        -            238   8.7e-31  103.7  45.9   3   3   1.6e-14   3.1e-13   46.3  10.5    96   170    68   142    67   146 0.95 -
NW_025965215.1_RagTag:22972-21674     -            433 32905at314147        -            238   8.9e-31  103.7  27.4   1   4   3.3e-12   6.5e-11   38.7   3.8   120   179   242   300   232   303 0.86 -
NW_025965215.1_RagTag:22972-21674     -            433 32905at314147        -            238   8.9e-31  103.7  27.4   2   4   9.2e-10   1.8e-08   30.7   2.8    99   169   277   346   277   347 0.93 -
NW_025965215.1_RagTag:22972-21674     -            433 32905at314147        -            238   8.9e-31  103.7  27.4   3   4   8.9e-14   1.7e-12   43.8   4.1    99   173   304   377   301   384 0.93 -
NW_025965215.1_RagTag:22972-21674     -            433 32905at314147        -            238   8.9e-31  103.7  27.4   4   4   2.5e-09   4.9e-08   29.3   6.1   116   169   377   430   374   433 0.91 -
NW_025965374.1_RagTag:79809-77578     -            744 32905at314147        -            238   6.6e-30  100.8  60.2   1   6   1.8e-12   3.5e-11   39.5   6.1   120   214     2    98     1   105 0.88 -
NW_025965374.1_RagTag:79809-77578     -            744 32905at314147        -            238   6.6e-30  100.8  60.2   2   6    0.0035     0.068    9.1   2.5    96   168    75   155    75   157 0.79 -
NW_025965374.1_RagTag:79809-77578     -            744 32905at314147        -            238   6.6e-30  100.8  60.2   3   6   5.9e-07   1.2e-05   21.5   4.8    36   215   159   353   148   364 0.72 -
NW_025965374.1_RagTag:79809-77578     -            744 32905at314147        -            238   6.6e-30  100.8  60.2   4   6   1.2e-08   2.4e-07   27.0  10.4    96   214   474   585   470   587 0.89 -
NW_025965374.1_RagTag:79809-77578     -            744 32905at314147        -            238   6.6e-30  100.8  60.2   5   6   2.5e-10   4.9e-09   32.5  11.5    93   177   559   644   554   652 0.89 -
NW_025965374.1_RagTag:79809-77578     -            744 32905at314147        -            238   6.6e-30  100.8  60.2   6   6      0.29       5.7    2.8   0.0   150   173   696   719   687   728 0.64 -
NW_025965289.1_RagTag:78350-79000     -            217 32905at314147        -            238     1e-29  100.3  31.0   1   4   2.2e-13   4.3e-12   42.5   9.7    96   172    24   100    22   104 0.95 -
NW_025965289.1_RagTag:78350-79000     -            217 32905at314147        -            238     1e-29  100.3  31.0   2   4   9.8e-08   1.9e-06   24.0   1.6   127   178    83   133    83   135 0.75 -
NW_025965289.1_RagTag:78350-79000     -            217 32905at314147        -            238     1e-29  100.3  31.0   3   4     1e-12     2e-11   40.3   6.4    96   168   108   180   108   182 0.97 -
NW_025965289.1_RagTag:78350-79000     -            217 32905at314147        -            238     1e-29  100.3  31.0   4   4   1.5e-08   2.9e-07   26.7   4.5    96   149   164   217   164   217 0.89 -
contig_36320_pilon:1627-2073          -            149 32905at314147        -            238   1.7e-28   96.3  23.3   1   3   3.5e-13   6.9e-12   41.9   3.0   112   168     1    57     1    58 0.95 -
contig_36320_pilon:1627-2073          -            149 32905at314147        -            238   1.7e-28   96.3  23.3   2   3   2.4e-09   4.6e-08   29.3   0.6   137   176    54    92    54    96 0.86 -
contig_36320_pilon:1627-2073          -            149 32905at314147        -            238   1.7e-28   96.3  23.3   3   3   3.9e-12   7.6e-11   38.5   8.6   107   171    80   144    79   149 0.90 -
contig_63057_pilon:3037-2600          -            146 32905at314147        -            238   6.3e-28   94.4  23.9   1   4   1.3e-08   2.6e-07   26.9   0.8   137   168     1    32     1    33 0.95 -
contig_63057_pilon:3037-2600          -            146 32905at314147        -            238   6.3e-28   94.4  23.9   2   4   4.5e-12   8.8e-11   38.2   5.1   111   168    31    88    31    89 0.94 -
contig_63057_pilon:3037-2600          -            146 32905at314147        -            238   6.3e-28   94.4  23.9   3   4     2e-09   3.9e-08   29.6   1.4   127   168    75   116    75   117 0.97 -
contig_63057_pilon:3037-2600          -            146 32905at314147        -            238   6.3e-28   94.4  23.9   4   4   1.2e-10   2.3e-09   33.6   5.5   110   169    86   145    85   146 0.91 -
contig_53583_pilon:2068-1598          -            157 32905at314147        -            238   3.7e-27   91.9  23.1   1   4   1.3e-06   2.5e-05   20.4   0.6   137   170     5    38     2    46 0.73 -
contig_53583_pilon:2068-1598          -            157 32905at314147        -            238   3.7e-27   91.9  23.1   2   4   1.1e-10   2.1e-09   33.7   4.1   112   168    36    92    33    92 0.93 -
contig_53583_pilon:2068-1598          -            157 32905at314147        -            238   3.7e-27   91.9  23.1   3   4   6.2e-08   1.2e-06   24.7   0.9   136   168    88   120    86   120 0.90 -
contig_53583_pilon:2068-1598          -            157 32905at314147        -            238   3.7e-27   91.9  23.1   4   4     1e-09     2e-08   30.5   1.2   136   176   116   155   113   157 0.90 -
NW_025965230.1_RagTag:860644-860186   -            153 32905at314147        -            238   7.1e-27   90.9  17.9   1   3   2.6e-12   5.2e-11   39.0   2.9   101   168     4    71     2    73 0.91 -
NW_025965230.1_RagTag:860644-860186   -            153 32905at314147        -            238   7.1e-27   90.9  17.9   2   3   5.1e-07     1e-05   21.7   0.9   137   168    68    99    67   102 0.91 -
NW_025965230.1_RagTag:860644-860186   -            153 32905at314147        -            238   7.1e-27   90.9  17.9   3   3   2.8e-14   5.5e-13   45.5   4.7    99   164    86   151    86   153 0.97 -
contig_10031_pilon:1322-846           -            159 32905at314147        -            238   1.4e-25   86.7  29.5   1   3   1.1e-08   2.2e-07   27.1   6.3    97   160    14    77     2    81 0.92 -
contig_10031_pilon:1322-846           -            159 32905at314147        -            238   1.4e-25   86.7  29.5   2   3   1.4e-09   2.7e-08   30.1   2.3   135   170    79   114    77   115 0.95 -
contig_10031_pilon:1322-846           -            159 32905at314147        -            238   1.4e-25   86.7  29.5   3   3   6.8e-17   1.3e-15   54.0   5.3    96   159    96   159    95   159 0.99 -
NW_025965039.1_RagTag:251791-251321   -            157 32905at314147        -            238   2.2e-25   86.0  17.6   1   3   2.1e-10     4e-09   32.8   0.5   127   174     2    48     1    53 0.90 -
NW_025965039.1_RagTag:251791-251321   -            157 32905at314147        -            238   2.2e-25   86.0  17.6   2   3   6.5e-15   1.3e-13   47.5   4.1    94   170    53   129    49   129 0.95 -
NW_025965039.1_RagTag:251791-251321   -            157 32905at314147        -            238   2.2e-25   86.0  17.6   3   3   4.3e-08   8.4e-07   25.2   1.9    99   140   114   155   114   157 0.81 -
contig_43334_pilon:1147-1967          -            144 32905at314147        -            238     9e-25   84.0  21.9   1   3     8e-09   1.6e-07   27.6   0.3   134   169     6    41     1    45 0.90 -
contig_43334_pilon:1147-1967          -            144 32905at314147        -            238     9e-25   84.0  21.9   2   3   2.5e-08   4.8e-07   26.0   4.3   116   161    44    89    42    94 0.91 -
contig_43334_pilon:1147-1967          -            144 32905at314147        -            238     9e-25   84.0  21.9   3   3   2.1e-11   4.2e-10   36.0   6.6   114   168    88   142    87   144 0.94 -
contig_18339_pilon:483-968            -            162 32905at314147        -            238   4.6e-24   81.7  25.3   1   3   3.8e-08   7.4e-07   25.4   1.8   135   174    25    63    16    68 0.84 -
contig_18339_pilon:483-968            -            162 32905at314147        -            238   4.6e-24   81.7  25.3   2   3     7e-15   1.4e-13   47.4  13.5    96   179    42   124    42   128 0.94 -
contig_18339_pilon:483-968            -            162 32905at314147        -            238   4.6e-24   81.7  25.3   3   3   2.2e-10   4.4e-09   32.7   3.2   110   159   112   161   111   162 0.95 -
contig_83186_pilon:2808-2119          -            230 32905at314147        -            238   3.5e-23   78.8  22.6   1   4   1.2e-07   2.3e-06   23.8   1.8   129   170    11    48     6    54 0.83 -
contig_83186_pilon:2808-2119          -            230 32905at314147        -            238   3.5e-23   78.8  22.6   2   4   7.7e-07   1.5e-05   21.1   0.5   136   168   130   162   122   162 0.88 -
contig_83186_pilon:2808-2119          -            230 32905at314147        -            238   3.5e-23   78.8  22.6   3   4   4.3e-11   8.4e-10   35.0   1.4   127   168   149   190   149   192 0.98 -
contig_83186_pilon:2808-2119          -            230 32905at314147        -            238   3.5e-23   78.8  22.6   4   4     2e-07     4e-06   23.0   2.8   137   176   187   225   185   230 0.84 -
NW_025965039.1_RagTag:250966-250448   -            173 32905at314147        -            238   4.9e-23   78.3  16.2   1   2   1.1e-17   2.1e-16   56.7   4.4    91   162    56   127    42   134 0.91 -
NW_025965039.1_RagTag:250966-250448   -            173 32905at314147        -            238   4.9e-23   78.3  16.2   2   2   8.2e-11   1.6e-09   34.1   4.0    96   152   117   173   116   173 0.98 -
contig_70752_pilon:1105-1494          -            130 32905at314147        -            238   6.2e-23   78.0  15.9   1   3     1e-13     2e-12   43.6   4.9   107   168     5    66     1    67 0.94 -
contig_70752_pilon:1105-1494          -            130 32905at314147        -            238   6.2e-23   78.0  15.9   2   3   1.3e-07   2.5e-06   23.7   0.5   137   164    63    91    61    94 0.86 -
contig_70752_pilon:1105-1494          -            130 32905at314147        -            238   6.2e-23   78.0  15.9   3   3   2.8e-08   5.5e-07   25.8   1.2   127   162    81   116    81   128 0.89 -
NW_025965071.1_RagTag:3724-4116       -            131 32905at314147        -            238   8.5e-23   77.6  26.9   1   4   1.4e-05   0.00028   17.0   0.4   142   168     2    28     1    32 0.89 -
NW_025965071.1_RagTag:3724-4116       -            131 32905at314147        -            238   8.5e-23   77.6  26.9   2   4   3.9e-07   7.7e-06   22.1   0.7   127   168    15    56    15    61 0.90 -
NW_025965071.1_RagTag:3724-4116       -            131 32905at314147        -            238   8.5e-23   77.6  26.9   3   4   1.1e-15   2.1e-14   50.1   6.7    89   168    33   112    27   114 0.92 -
NW_025965071.1_RagTag:3724-4116       -            131 32905at314147        -            238   8.5e-23   77.6  26.9   4   4   1.9e-06   3.8e-05   19.8   0.5   127   159    99   131    99   131 0.98 -
NW_025965279.1_RagTag:100214-99645    -            190 32905at314147        -            238   2.5e-22   76.0  20.2   1   4      0.47       9.2    2.2   0.1   139   164     1    25     1    50 0.78 -
NW_025965279.1_RagTag:100214-99645    -            190 32905at314147        -            238   2.5e-22   76.0  20.2   2   4   2.5e-12   4.9e-11   39.1   5.6   120   168    65   113    56   113 0.93 -
NW_025965279.1_RagTag:100214-99645    -            190 32905at314147        -            238   2.5e-22   76.0  20.2   3   4   3.1e-05   0.00062   15.8   0.7   136   159   109   132   107   156 0.87 -
NW_025965279.1_RagTag:100214-99645    -            190 32905at314147        -            238   2.5e-22   76.0  20.2   4   4   1.1e-09   2.1e-08   30.4   0.2   135   160   163   188   157   190 0.93 -
NW_025965071.1_RagTag:26238-26928     -            176 32905at314147        -            238   1.4e-21   73.6  20.8   1   4   0.00055     0.011   11.8   0.2   140   159    10    29     1    33 0.84 -
NW_025965071.1_RagTag:26238-26928     -            176 32905at314147        -            238   1.4e-21   73.6  20.8   2   4   2.3e-05   0.00046   16.2   0.7   139   165    36    62    30    72 0.85 -
NW_025965071.1_RagTag:26238-26928     -            176 32905at314147        -            238   1.4e-21   73.6  20.8   3   4   3.6e-12   7.1e-11   38.5   3.8   105   168    86   149    76   151 0.92 -
NW_025965071.1_RagTag:26238-26928     -            176 32905at314147        -            238   1.4e-21   73.6  20.8   4   4   3.2e-07   6.3e-06   22.3   0.6   137   165   146   174   144   176 0.92 -
NW_025965442.1_RagTag:49839-49393     -            149 32905at314147        -            238   2.5e-21   72.7  26.0   1   3   2.5e-05   0.00049   16.1   2.1   128   173     1    45     1    48 0.89 -
NW_025965442.1_RagTag:49839-49393     -            149 32905at314147        -            238   2.5e-21   72.7  26.0   2   3   1.3e-09   2.6e-08   30.1   5.7   109   165    38    94    36    97 0.91 -
NW_025965442.1_RagTag:49839-49393     -            149 32905at314147        -            238   2.5e-21   72.7  26.0   3   3   1.8e-14   3.6e-13   46.1   8.2    96   162    81   147    81   149 0.97 -
NW_025965341.1_RagTag:106501-107016   -            172 32905at314147        -            238   3.2e-21   72.4  26.3   1   2   6.9e-10   1.4e-08   31.1  11.8    95   178    10    92     3    96 0.91 -
NW_025965341.1_RagTag:106501-107016   -            172 32905at314147        -            238   3.2e-21   72.4  26.3   2   2     9e-14   1.8e-12   43.8  11.4    91   171    90   170    82   172 0.95 -
NW_025965215.1_RagTag:381710-337497   -            257 32905at314147        -            238   3.9e-21   72.1  31.5   1   5    0.0073      0.14    8.1   4.7    98   166    41   109    24   123 0.72 -
NW_025965215.1_RagTag:381710-337497   -            257 32905at314147        -            238   3.9e-21   72.1  31.5   2   5     6e-06   0.00012   18.2   0.6   129   162   128   161   109   165 0.83 -
NW_025965215.1_RagTag:381710-337497   -            257 32905at314147        -            238   3.9e-21   72.1  31.5   3   5   1.5e-11   2.9e-10   36.5   3.3   110   168   137   195   135   196 0.95 -
NW_025965215.1_RagTag:381710-337497   -            257 32905at314147        -            238   3.9e-21   72.1  31.5   4   5   2.1e-08   4.1e-07   26.2   0.9   137   168   192   223   188   224 0.93 -
NW_025965215.1_RagTag:381710-337497   -            257 32905at314147        -            238   3.9e-21   72.1  31.5   5   5   3.5e-06   6.9e-05   18.9   2.3   137   169   220   251   218   256 0.90 -
contig_31119_pilon:1872-1279          -            198 32905at314147        -            238   6.6e-21   71.4  19.0   1   4    0.0039     0.077    9.0   0.2   124   169     6    51     2    51 0.94 -
contig_31119_pilon:1872-1279          -            198 32905at314147        -            238   6.6e-21   71.4  19.0   2   4   2.5e-11   4.8e-10   35.8   2.5    95   168    33   107    27   108 0.93 -
contig_31119_pilon:1872-1279          -            198 32905at314147        -            238   6.6e-21   71.4  19.0   3   4   2.3e-13   4.5e-12   42.5   1.6    96   165    91   160    90   163 0.95 -
contig_31119_pilon:1872-1279          -            198 32905at314147        -            238   6.6e-21   71.4  19.0   4   4   0.00013    0.0025   13.8   2.1   137   173   160   195   157   198 0.84 -
NW_025965233.1_RagTag:185066-188790   -            387 32905at314147        -            238   3.7e-20   68.9  21.5   1   3   9.9e-11   1.9e-09   33.8   2.1   117   169   208   260   200   261 0.92 -
NW_025965233.1_RagTag:185066-188790   -            387 32905at314147        -            238   3.7e-20   68.9  21.5   2   3     1e-05    0.0002   17.4   5.3    99   152   246   299   245   305 0.96 -
NW_025965233.1_RagTag:185066-188790   -            387 32905at314147        -            238   3.7e-20   68.9  21.5   3   3   9.5e-11   1.9e-09   33.9   3.1   120   171   319   370   311   380 0.92 -
NW_025965375.1_RagTag:139930-139190   -            247 32905at314147        -            238   4.2e-19   65.5  28.9   1   3   3.2e-07   6.3e-06   22.3  15.2    94   192    70   166     5   171 0.86 -
NW_025965375.1_RagTag:139930-139190   -            247 32905at314147        -            238   4.2e-19   65.5  28.9   2   3   4.8e-11   9.4e-10   34.9   3.6   113   168   172   227   166   228 0.93 -
NW_025965375.1_RagTag:139930-139190   -            247 32905at314147        -            238   4.2e-19   65.5  28.9   3   3   4.1e-06     8e-05   18.7   0.1   136   159   223   246   221   247 0.94 -
NW_025965028.1_RagTag:335459-336641   -            329 32905at314147        -            238   2.6e-18   62.9   2.7   1   1   2.1e-19   4.2e-18   62.2   2.1    48   157   219   328   206   329 0.95 -
NW_025965318.1_RagTag:51761-52207     -            149 32905at314147        -            238   1.9e-16   56.8   9.5   1   2   4.1e-09     8e-08   28.6   1.9   124   169    40    85    35    92 0.91 -
NW_025965318.1_RagTag:51761-52207     -            149 32905at314147        -            238   1.9e-16   56.8   9.5   2   2   2.1e-10   4.1e-09   32.8   1.4    93   147    93   147    85   149 0.94 -
NW_025965341.1_RagTag:36862-36050     -            271 32905at314147        -            238   8.3e-14   48.1   5.2   1   2       2.9        57   -0.4   0.1   117   137    58    78    10   121 0.70 -
NW_025965341.1_RagTag:36862-36050     -            271 32905at314147        -            238   8.3e-14   48.1   5.2   2   2   4.2e-15   8.3e-14   48.1   5.2    90   163   196   269   153   271 0.83 -
contig_37853_pilon:1171-1692          -            174 32905at314147        -            238   6.1e-13   45.3  20.6   1   2   7.1e-05    0.0014   14.7   8.7    94   189     3    97     1   104 0.85 -
contig_37853_pilon:1171-1692          -            174 32905at314147        -            238   6.1e-13   45.3  20.6   2   2   4.3e-10   8.4e-09   31.8   3.8    96   152   118   174   118   174 0.96 -
NW_025965281.1_RagTag:499506-497614   -            631 32905at314147        -            238   9.9e-13   44.6  11.1   1   2   3.6e-05   0.00071   15.6   0.9    93   141   341   390   333   399 0.88 -
NW_025965281.1_RagTag:499506-497614   -            631 32905at314147        -            238   9.9e-13   44.6  11.1   2   2   2.1e-11   4.2e-10   36.0   0.2    51   180   418   546   403   553 0.80 -
NW_025965300.1_RagTag:165512-166000   -            163 32905at314147        -            238   5.3e-12   42.2   4.1   1   1   3.4e-13   6.6e-12   41.9   4.1   119   168   113   162   104   163 0.90 -
NW_025965468.1_RagTag:9322-9071       -             84 32905at314147        -            238   2.4e-11   40.1   6.5   1   1   1.3e-12   2.6e-11   40.0   6.5    99   182     1    82     1    84 0.89 -
NW_025965200.1_RagTag:16831-17695     -            219 32905at314147        -            238   3.2e-10   36.4   9.6   1   2   4.2e-06   8.2e-05   18.7   1.5    98   141   111   153    87   161 0.84 -
NW_025965200.1_RagTag:16831-17695     -            219 32905at314147        -            238   3.2e-10   36.4   9.6   2   2   4.1e-07     8e-06   22.0   1.4    99   145   167   215   160   218 0.89 -
NW_025965324.1_RagTag:640103-637710   -            506 32905at314147        -            238   3.1e-09   33.2   4.4   1   2   2.9e-10   5.7e-09   32.3   2.4   124   170     1    47     1    60 0.92 -
NW_025965324.1_RagTag:640103-637710   -            506 32905at314147        -            238   3.1e-09   33.2   4.4   2   2       2.4        48   -0.2   0.0   140   168   288   316   276   327 0.74 -
NW_025965297.1_RagTag:247529-248653   -            301 32905at314147        -            238   4.1e-09   32.8   4.6   1   2   2.1e-10   4.1e-09   32.8   4.6    89   174    67   152    60   156 0.86 -
NW_025965297.1_RagTag:247529-248653   -            301 32905at314147        -            238   4.1e-09   32.8   4.6   2   2       2.9        56   -0.4   0.3    94   116   273   295   262   298 0.84 -
NW_025965054.1_RagTag:36381-34963     -            327 32905at314147        -            238   5.7e-08   29.0  26.9   1   3     3e-09   5.9e-08   29.0   9.6    85   178    43   137     4   165 0.72 -
NW_025965054.1_RagTag:36381-34963     -            327 32905at314147        -            238   5.7e-08   29.0  26.9   2   3     0.037      0.73    5.8   8.6    68   169   177   275   153   282 0.86 -
NW_025965054.1_RagTag:36381-34963     -            327 32905at314147        -            238   5.7e-08   29.0  26.9   3   3      0.18       3.5    3.5   0.9    90   151   252   317   245   323 0.71 -
NW_025965344.1_RagTag:898-710         -             63 32905at314147        -            238     2e-07   27.3   0.4   1   1   1.1e-08   2.1e-07   27.2   0.4   129   177    14    62     7    63 0.84 -
NW_025965432.1_RagTag:501802-502290   -            163 32905at314147        -            238     6e-07   25.7  16.1   1   3      0.31       6.1    2.8   0.0   149   169    16    36     8    46 0.86 -
NW_025965432.1_RagTag:501802-502290   -            163 32905at314147        -            238     6e-07   25.7  16.1   2   3   1.1e-06   2.2e-05   20.6   6.5    95   168    74   144    46   146 0.83 -
NW_025965432.1_RagTag:501802-502290   -            163 32905at314147        -            238     6e-07   25.7  16.1   3   3   5.4e-05    0.0011   15.1   5.1   127   159   131   163   131   163 0.62 -
NW_025965317.1_RagTag:1374090-1373608 -            161 32905at314147        -            238   0.00042   16.4  10.1   1   2     0.046       0.9    5.5   2.1   116   168     7    62     3    75 0.72 -
NW_025965317.1_RagTag:1374090-1373608 -            161 32905at314147        -            238   0.00042   16.4  10.1   2   2    0.0001     0.002   14.1   3.0    73   149    84   161    61   161 0.75 -
NW_025965259.1_RagTag:155329-153884   -            482 32905at314147        -            238    0.0054   12.7  13.1   1   2      0.41         8    2.4   0.5   175   209     8    40     4    49 0.75 -
NW_025965259.1_RagTag:155329-153884   -            482 32905at314147        -            238    0.0054   12.7  13.1   2   2   0.00012    0.0023   13.9   6.5    95   159   415   479   408   482 0.88 -
#
# Program:         hmmsearch
# Version:         3.1b2 (February 2015)
# Pipeline mode:   SEARCH
# Query file:      /home/bgerda/guppy_SUP/busco_downloads/lineages/glires_odb10/hmms/32905at314147.hmm
# Target file:     /home/bgerda/guppy_SUP/busco_results_racon/run_glires_odb10/metaeuk_output/initial_results/ragtag.scaffold.fasta.modified.fas
# Option settings: hmmsearch --domtblout /home/bgerda/guppy_SUP/busco_results_racon/run_glires_odb10/hmmer_output/initial_run_results/32905at314147.out --cpu 1 /home/bgerda/guppy_SUP/busco_downloads/lineages/glires_odb10/hmms/32905at314147.hmm /home/bgerda/guppy_SUP/busco_results_racon/run_glires_odb10/metaeuk_output/initial_results/ragtag.scaffold.fasta.modified.fas 
# Current dir:     /home/bgerda/guppy_SUP
# Date:            Sun May 21 17:05:48 2023
# [ok]
