#                                                                                             --- full sequence --- -------------- this domain -------------   hmm coord   ali coord   env coord
# target name                         accession   tlen query name           accession   qlen   E-value  score  bias   #  of  c-Evalue  i-Evalue  score  bias  from    to  from    to  from    to  acc description of target
#                 ------------------- ---------- ----- -------------------- ---------- ----- --------- ------ ----- --- --- --------- --------- ------ ----- ----- ----- ----- ----- ----- ----- ---- ---------------------
NW_025965324.1_RagTag:640103-637710   -            506 3315at314147         -           1130         0 1115.5  15.9   1   1         0         0 1115.3  15.9   226   714     1   505     1   506 0.98 -
NW_025965440.1_RagTag:12616-13782     -            389 3315at314147         -           1130   1.2e-76  254.6  97.0   1   6   2.2e-18   4.3e-17   57.3  10.9   917   990     2    75     1    75 0.96 -
NW_025965440.1_RagTag:12616-13782     -            389 3315at314147         -           1130   1.2e-76  254.6  97.0   2   6   2.1e-14   4.1e-13   44.2   9.2   925   983    66   124    65   126 0.95 -
NW_025965440.1_RagTag:12616-13782     -            389 3315at314147         -           1130   1.2e-76  254.6  97.0   3   6   4.8e-19   9.3e-18   59.6  14.9   901   986   126   211   123   213 0.95 -
NW_025965440.1_RagTag:12616-13782     -            389 3315at314147         -           1130   1.2e-76  254.6  97.0   4   6   3.2e-15   6.2e-14   46.9  13.1   923   987   204   268   204   271 0.94 -
NW_025965440.1_RagTag:12616-13782     -            389 3315at314147         -           1130   1.2e-76  254.6  97.0   5   6   7.1e-13   1.4e-11   39.1  12.9   929   990   266   327   265   328 0.93 -
NW_025965440.1_RagTag:12616-13782     -            389 3315at314147         -           1130   1.2e-76  254.6  97.0   6   6   5.6e-14   1.1e-12   42.8   9.9   923   991   316   384   316   388 0.95 -
NW_025965271.1_RagTag:496368-615075   -            290 3315at314147         -           1130   1.5e-71  237.7 103.4   1   6     1e-17     2e-16   55.2   7.2   917   986     2    71     1    75 0.95 -
NW_025965271.1_RagTag:496368-615075   -            290 3315at314147         -           1130   1.5e-71  237.7 103.4   2   6   7.6e-16   1.5e-14   49.0   9.9   921   983    34    96    34   102 0.95 -
NW_025965271.1_RagTag:496368-615075   -            290 3315at314147         -           1130   1.5e-71  237.7 103.4   3   6   8.1e-18   1.6e-16   55.5  15.6   913   984    82   153    76   156 0.90 -
NW_025965271.1_RagTag:496368-615075   -            290 3315at314147         -           1130   1.5e-71  237.7 103.4   4   6   2.8e-16   5.3e-15   50.4  10.5   923   985   148   210   148   216 0.93 -
NW_025965271.1_RagTag:496368-615075   -            290 3315at314147         -           1130   1.5e-71  237.7 103.4   5   6   3.7e-13   7.2e-12   40.1   8.4   929   984   182   237   180   239 0.93 -
NW_025965271.1_RagTag:496368-615075   -            290 3315at314147         -           1130   1.5e-71  237.7 103.4   6   6   2.1e-17     4e-16   54.2  11.9   913   981   222   290   216   290 0.93 -
contig_64050_pilon:924-1673           -            250 3315at314147         -           1130   8.2e-59  195.5  90.5   1   6   7.3e-10   1.4e-08   29.2   2.8   226   263     2    39     1    43 0.86 -
contig_64050_pilon:924-1673           -            250 3315at314147         -           1130   8.2e-59  195.5  90.5   2   6   1.1e-15   2.2e-14   48.4   7.9   931   985    43    97    40   100 0.95 -
contig_64050_pilon:924-1673           -            250 3315at314147         -           1130   8.2e-59  195.5  90.5   3   6   5.3e-15     1e-13   46.2  11.4   923   983    63   123    63   128 0.93 -
contig_64050_pilon:924-1673           -            250 3315at314147         -           1130   8.2e-59  195.5  90.5   4   6   2.1e-15     4e-14   47.5   8.8   929   986    97   153    96   157 0.93 -
contig_64050_pilon:924-1673           -            250 3315at314147         -           1130   8.2e-59  195.5  90.5   5   6   2.1e-14   4.1e-13   44.2   9.7   923   983   119   179   119   182 0.95 -
contig_64050_pilon:924-1673           -            250 3315at314147         -           1130   8.2e-59  195.5  90.5   6   6   9.1e-15   1.8e-13   45.4  10.2   923   985   175   237   175   248 0.90 -
contig_52188_pilon:954-280            -            225 3315at314147         -           1130   3.7e-57  190.0  83.7   1   5   5.9e-18   1.1e-16   56.0   9.4   916   985     6    75     1    77 0.94 -
contig_52188_pilon:954-280            -            225 3315at314147         -           1130   3.7e-57  190.0  83.7   2   5   6.5e-16   1.3e-14   49.2  10.1   923   983    69   129    69   135 0.93 -
contig_52188_pilon:954-280            -            225 3315at314147         -           1130   3.7e-57  190.0  83.7   3   5   2.7e-14   5.2e-13   43.8  10.3   923   983    97   157    97   160 0.96 -
contig_52188_pilon:954-280            -            225 3315at314147         -           1130   3.7e-57  190.0  83.7   4   5   2.5e-16   4.9e-15   50.6  11.9   918   988   120   190   120   192 0.95 -
contig_52188_pilon:954-280            -            225 3315at314147         -           1130   3.7e-57  190.0  83.7   5   5   7.7e-14   1.5e-12   42.3  10.0   929   990   159   220   157   225 0.86 -
NW_025965250.1_RagTag:230438-229587   -            284 3315at314147         -           1130   4.1e-56  186.6  92.6   1   6   5.9e-10   1.1e-08   29.5   5.0   940   979     4    43     2    43 0.62 -
NW_025965250.1_RagTag:230438-229587   -            284 3315at314147         -           1130   4.1e-56  186.6  92.6   2   6     3e-12   5.9e-11   37.0   3.6   226   270    38    82    37    88 0.91 -
NW_025965250.1_RagTag:230438-229587   -            284 3315at314147         -           1130   4.1e-56  186.6  92.6   3   6   7.4e-14   1.4e-12   42.4  10.4   918   981    66   129    66   130 0.98 -
NW_025965250.1_RagTag:230438-229587   -            284 3315at314147         -           1130   4.1e-56  186.6  92.6   4   6   1.9e-14   3.6e-13   44.4  14.7   914   981    90   157    83   157 0.94 -
NW_025965250.1_RagTag:230438-229587   -            284 3315at314147         -           1130   4.1e-56  186.6  92.6   5   6   3.9e-16   7.5e-15   49.9   8.5   918   982   150   214   150   217 0.97 -
NW_025965250.1_RagTag:230438-229587   -            284 3315at314147         -           1130   4.1e-56  186.6  92.6   6   6   4.7e-16     9e-15   49.7  10.5   917   992   205   280   205   283 0.95 -
NW_025965432.1_RagTag:502378-503097   -            240 3315at314147         -           1130   2.3e-50  167.6  76.4   1   5   4.6e-14   8.9e-13   43.1   8.1   929   990     3    64     1    66 0.94 -
NW_025965432.1_RagTag:502378-503097   -            240 3315at314147         -           1130   2.3e-50  167.6  76.4   2   5   2.7e-16   5.2e-15   50.4   8.3   923   990    53   120    53   122 0.97 -
NW_025965432.1_RagTag:502378-503097   -            240 3315at314147         -           1130   2.3e-50  167.6  76.4   3   5   1.3e-15   2.5e-14   48.2   9.4   921   991   107   177   107   180 0.97 -
NW_025965432.1_RagTag:502378-503097   -            240 3315at314147         -           1130   2.3e-50  167.6  76.4   4   5   6.9e-13   1.3e-11   39.2  11.2   931   990   145   204   143   206 0.94 -
NW_025965432.1_RagTag:502378-503097   -            240 3315at314147         -           1130   2.3e-50  167.6  76.4   5   5   8.5e-13   1.6e-11   38.9   7.4   914   970   184   240   177   240 0.89 -
NW_025965182.1_RagTag:1639771-1640832 -            354 3315at314147         -           1130   4.1e-49  163.4  54.9   1   5   1.6e-08     3e-07   24.7   0.2   921   992     1    72     1    76 0.86 -
NW_025965182.1_RagTag:1639771-1640832 -            354 3315at314147         -           1130   4.1e-49  163.4  54.9   2   5     2e-13   3.9e-12   41.0   8.9   901   990    65   154    61   155 0.92 -
NW_025965182.1_RagTag:1639771-1640832 -            354 3315at314147         -           1130   4.1e-49  163.4  54.9   3   5   8.1e-12   1.6e-10   35.6   6.8   933   990   153   210   149   214 0.87 -
NW_025965182.1_RagTag:1639771-1640832 -            354 3315at314147         -           1130   4.1e-49  163.4  54.9   4   5   1.3e-14   2.5e-13   44.9   9.5   907   984   211   288   206   290 0.92 -
NW_025965182.1_RagTag:1639771-1640832 -            354 3315at314147         -           1130   4.1e-49  163.4  54.9   5   5   4.5e-15   8.8e-14   46.4   8.6   917   990   277   350   276   353 0.94 -
NW_025965341.1_RagTag:9727-10227      -            167 3315at314147         -           1130   7.1e-49  162.6  37.9   1   3   6.3e-22   1.2e-20   69.1   6.4   912   990     1    79     1    79 0.98 -
NW_025965341.1_RagTag:9727-10227      -            167 3315at314147         -           1130   7.1e-49  162.6  37.9   2   3   4.9e-21   9.5e-20   66.2   8.3   921   991    38   108    38   111 0.97 -
NW_025965341.1_RagTag:9727-10227      -            167 3315at314147         -           1130   7.1e-49  162.6  37.9   3   3     7e-17   1.3e-15   52.4   7.3   923   990    96   163    96   167 0.95 -
NW_025965301.1_RagTag:101661-100954   -            236 3315at314147         -           1130   2.3e-48  160.9  32.2   1   4   9.1e-17   1.8e-15   52.0   4.8   907   976     9    78     3    81 0.91 -
NW_025965301.1_RagTag:101661-100954   -            236 3315at314147         -           1130   2.3e-48  160.9  32.2   2   4   1.5e-20   2.9e-19   64.5   1.3   921   988    80   147    78   149 0.95 -
NW_025965301.1_RagTag:101661-100954   -            236 3315at314147         -           1130   2.3e-48  160.9  32.2   3   4   1.8e-07   3.4e-06   21.3   0.4   952   982   139   169   139   172 0.91 -
NW_025965301.1_RagTag:101661-100954   -            236 3315at314147         -           1130   2.3e-48  160.9  32.2   4   4   6.7e-17   1.3e-15   52.5  10.9   911   990   152   232   150   236 0.88 -
contig_36320_pilon:719-1438           -            240 3315at314147         -           1130   5.6e-48  159.6  61.4   1   5   4.6e-17     9e-16   53.0  12.4   916   982     6    72     1    75 0.95 -
contig_36320_pilon:719-1438           -            240 3315at314147         -           1130   5.6e-48  159.6  61.4   2   5   5.5e-15   1.1e-13   46.1  12.4   923   982    69   128    69   132 0.94 -
contig_36320_pilon:719-1438           -            240 3315at314147         -           1130   5.6e-48  159.6  61.4   3   5   3.8e-09   7.3e-08   26.8   3.3   229   263   123   157   123   160 0.71 -
contig_36320_pilon:719-1438           -            240 3315at314147         -           1130   5.6e-48  159.6  61.4   4   5   3.6e-16   6.9e-15   50.1  11.7   921   983   151   213   151   217 0.95 -
contig_36320_pilon:719-1438           -            240 3315at314147         -           1130   5.6e-48  159.6  61.4   5   5   7.2e-07   1.4e-05   19.2   1.0   234   261   212   239   210   240 0.52 -
NW_025965022.1_RagTag:243183-242221   -            321 3315at314147         -           1130   2.2e-47  157.7  52.7   1   5   3.1e-17     6e-16   53.6  12.0   915   990    19    94    13   100 0.94 -
NW_025965022.1_RagTag:243183-242221   -            321 3315at314147         -           1130   2.2e-47  157.7  52.7   2   5   4.5e-11   8.7e-10   33.2   6.5   218   270   125   177    98   179 0.81 -
NW_025965022.1_RagTag:243183-242221   -            321 3315at314147         -           1130   2.2e-47  157.7  52.7   3   5   1.2e-14   2.2e-13   45.1   7.4   918   983   161   226   161   233 0.94 -
NW_025965022.1_RagTag:243183-242221   -            321 3315at314147         -           1130   2.2e-47  157.7  52.7   4   5   2.1e-15   4.1e-14   47.5   8.6   921   991   220   290   220   295 0.94 -
NW_025965022.1_RagTag:243183-242221   -            321 3315at314147         -           1130   2.2e-47  157.7  52.7   5   5    0.0031     0.059    7.2   0.2   961   991   288   318   284   321 0.68 -
NW_025965341.1_RagTag:124400-123816   -            195 3315at314147         -           1130   1.7e-46  154.7  37.3   1   4   3.4e-15   6.5e-14   46.8   3.7   219   270     6    57     1    59 0.92 -
NW_025965341.1_RagTag:124400-123816   -            195 3315at314147         -           1130   1.7e-46  154.7  37.3   2   4   1.7e-18   3.3e-17   57.7   7.0   921   983    44   106    43   108 0.97 -
NW_025965341.1_RagTag:124400-123816   -            195 3315at314147         -           1130   1.7e-46  154.7  37.3   3   4   6.8e-11   1.3e-09   32.6   1.4   951   991   102   142   102   144 0.96 -
NW_025965341.1_RagTag:124400-123816   -            195 3315at314147         -           1130   1.7e-46  154.7  37.3   4   4   1.2e-16   2.3e-15   51.6   8.6   927   986   134   193   132   195 0.94 -
contig_28105_pilon:1415-840           -            192 3315at314147         -           1130   9.1e-46  152.3  44.3   1   4   2.2e-12   4.2e-11   37.5   3.0   940   992     1    53     1    56 0.90 -
contig_28105_pilon:1415-840           -            192 3315at314147         -           1130   9.1e-46  152.3  44.3   2   4   1.3e-14   2.5e-13   44.9   2.4   929   992    46   109    44   115 0.92 -
contig_28105_pilon:1415-840           -            192 3315at314147         -           1130   9.1e-46  152.3  44.3   3   4     2e-17     4e-16   54.2   6.0   917   991    62   136    59   137 0.96 -
contig_28105_pilon:1415-840           -            192 3315at314147         -           1130   9.1e-46  152.3  44.3   4   4   3.4e-17   6.5e-16   53.4   9.4   915   990   116   191   110   192 0.95 -
NW_025965317.1_RagTag:1373618-1373070 -            183 3315at314147         -           1130   2.6e-44  147.5  54.7   1   4   6.2e-16   1.2e-14   49.3   9.5   915   982     4    71     1    73 0.96 -
NW_025965317.1_RagTag:1373618-1373070 -            183 3315at314147         -           1130   2.6e-44  147.5  54.7   2   4   1.3e-15   2.5e-14   48.2   6.2   923   983    40   100    40   107 0.95 -
NW_025965317.1_RagTag:1373618-1373070 -            183 3315at314147         -           1130   2.6e-44  147.5  54.7   3   4   1.1e-13   2.1e-12   41.8   6.1   921   982    66   127    66   130 0.96 -
NW_025965317.1_RagTag:1373618-1373070 -            183 3315at314147         -           1130   2.6e-44  147.5  54.7   4   4   5.3e-15     1e-13   46.2   8.9   916   981   117   182   117   183 0.98 -
contig_78026_pilon:1103-2245          -            381 3315at314147         -           1130   5.8e-42  139.7  38.6   1   5   2.4e-06   4.6e-05   17.5   0.8   219   271    25    78     1    83 0.80 -
contig_78026_pilon:1103-2245          -            381 3315at314147         -           1130   5.8e-42  139.7  38.6   2   5    0.0042     0.081    6.8   0.0   221   250    88   117    84   124 0.80 -
contig_78026_pilon:1103-2245          -            381 3315at314147         -           1130   5.8e-42  139.7  38.6   3   5   1.4e-17   2.6e-16   54.8  11.3   916   991   150   225   146   239 0.90 -
contig_78026_pilon:1103-2245          -            381 3315at314147         -           1130   5.8e-42  139.7  38.6   4   5   5.2e-18     1e-16   56.1   6.9   915   990   272   347   265   351 0.92 -
contig_78026_pilon:1103-2245          -            381 3315at314147         -           1130   5.8e-42  139.7  38.6   5   5   2.7e-06   5.1e-05   17.4   0.6   929   968   342   381   340   381 0.88 -
NW_025965375.1_RagTag:139175-138555   -            207 3315at314147         -           1130   7.1e-42  139.4  40.3   1   4   2.2e-13   4.2e-12   40.8   5.2   933   986     2    55     1    59 0.90 -
NW_025965375.1_RagTag:139175-138555   -            207 3315at314147         -           1130   7.1e-42  139.4  40.3   2   4   3.7e-16   7.2e-15   50.0   4.3   923   983    48   108    48   112 0.95 -
NW_025965375.1_RagTag:139175-138555   -            207 3315at314147         -           1130   7.1e-42  139.4  40.3   3   4   6.9e-15   1.3e-13   45.8   6.2   923   983   104   164   104   166 0.96 -
NW_025965375.1_RagTag:139175-138555   -            207 3315at314147         -           1130   7.1e-42  139.4  40.3   4   4   7.8e-11   1.5e-09   32.4   5.8   921   970   158   207   158   207 0.93 -
NW_025965341.1_RagTag:72137-72748     -            204 3315at314147         -           1130   1.4e-41  138.4  31.5   1   3   6.3e-11   1.2e-09   32.7   3.8   934   983     1    50     1    53 0.94 -
NW_025965341.1_RagTag:72137-72748     -            204 3315at314147         -           1130   1.4e-41  138.4  31.5   2   3   6.9e-18   1.3e-16   55.7   9.7   916   990    39   113    39   117 0.96 -
NW_025965341.1_RagTag:72137-72748     -            204 3315at314147         -           1130   1.4e-41  138.4  31.5   3   3   6.3e-22   1.2e-20   69.1   8.1   910   990   117   197   110   202 0.93 -
contig_33351_pilon:5-592              -            196 3315at314147         -           1130     7e-41  136.1  39.7   1   3   4.2e-19   8.2e-18   59.7   7.4   916   985     3    72     1    74 0.96 -
contig_33351_pilon:5-592              -            196 3315at314147         -           1130     7e-41  136.1  39.7   2   3     5e-15   9.7e-14   46.3   6.2   928   985    71   128    68   131 0.93 -
contig_33351_pilon:5-592              -            196 3315at314147         -           1130     7e-41  136.1  39.7   3   3   7.4e-18   1.4e-16   55.6  10.1   918   990   117   189   117   194 0.94 -
NW_025965341.1_RagTag:8946-9722       -            259 3315at314147         -           1130   1.1e-40  135.5  49.5   1   4   3.8e-08   7.4e-07   23.5  13.6   922   993    19    90     8    91 0.91 -
NW_025965341.1_RagTag:8946-9722       -            259 3315at314147         -           1130   1.1e-40  135.5  49.5   2   4   6.7e-14   1.3e-12   42.5  10.3   923   990    76   143    76   147 0.92 -
NW_025965341.1_RagTag:8946-9722       -            259 3315at314147         -           1130   1.1e-40  135.5  49.5   3   4   2.6e-19   5.1e-18   60.4   9.0   902   982   139   219   137   221 0.91 -
NW_025965341.1_RagTag:8946-9722       -            259 3315at314147         -           1130   1.1e-40  135.5  49.5   4   4   7.6e-10   1.5e-08   29.1   2.9   921   966   214   259   213   259 0.98 -
contig_10836_pilon:82-696             -            205 3315at314147         -           1130   1.6e-40  134.9  46.9   1   4   5.5e-13   1.1e-11   39.5   8.1   934   989     1    56     1    58 0.72 -
contig_10836_pilon:82-696             -            205 3315at314147         -           1130   1.6e-40  134.9  46.9   2   4   9.3e-14   1.8e-12   42.1   8.9   923   986    46   109    46   110 0.97 -
contig_10836_pilon:82-696             -            205 3315at314147         -           1130   1.6e-40  134.9  46.9   3   4   2.5e-18   4.8e-17   57.2  10.2   921   985   100   164   100   169 0.94 -
contig_10836_pilon:82-696             -            205 3315at314147         -           1130   1.6e-40  134.9  46.9   4   4     4e-10   7.7e-09   30.0   7.1   921   964   156   199   156   205 0.41 -
NW_025965250.1_RagTag:140650-46794    -            212 3315at314147         -           1130   3.2e-40  134.0  28.2   1   4     2e-10   3.9e-09   31.0   1.8   222   261    16    55    12    55 0.93 -
NW_025965250.1_RagTag:140650-46794    -            212 3315at314147         -           1130   3.2e-40  134.0  28.2   2   4   7.5e-16   1.5e-14   49.0   1.8   220   274    42    96    41    99 0.93 -
NW_025965250.1_RagTag:140650-46794    -            212 3315at314147         -           1130   3.2e-40  134.0  28.2   3   4   2.2e-12   4.3e-11   37.5   2.2   938   982    96   140    95   143 0.57 -
NW_025965250.1_RagTag:140650-46794    -            212 3315at314147         -           1130   3.2e-40  134.0  28.2   4   4   8.8e-17   1.7e-15   52.1   7.7   918   992   132   206   132   210 0.97 -
NW_025965289.1_RagTag:78350-79000     -            217 3315at314147         -           1130   7.5e-40  132.7  28.6   1   4   8.9e-10   1.7e-08   28.9   1.3   941   984    19    62    16    64 0.93 -
NW_025965289.1_RagTag:78350-79000     -            217 3315at314147         -           1130   7.5e-40  132.7  28.6   2   4   1.3e-17   2.5e-16   54.9   5.7   925   991    59   125    59   127 0.96 -
NW_025965289.1_RagTag:78350-79000     -            217 3315at314147         -           1130   7.5e-40  132.7  28.6   3   4   4.4e-06   8.5e-05   16.6   0.1   241   263   123   145   122   147 0.87 -
NW_025965289.1_RagTag:78350-79000     -            217 3315at314147         -           1130   7.5e-40  132.7  28.6   4   4   5.3e-17     1e-15   52.8   3.7   900   971   146   217   143   217 0.96 -
NW_025965341.1_RagTag:36059-35526     -            178 3315at314147         -           1130   1.7e-39  131.5  32.5   1   3   1.7e-16   3.3e-15   51.1   4.4   930   990     2    62     1    64 0.97 -
NW_025965341.1_RagTag:36059-35526     -            178 3315at314147         -           1130   1.7e-39  131.5  32.5   2   3     3e-17   5.9e-16   53.6   5.7   924   990    52   118    51   120 0.96 -
NW_025965341.1_RagTag:36059-35526     -            178 3315at314147         -           1130   1.7e-39  131.5  32.5   3   3   9.4e-17   1.8e-15   52.0   6.5   923   991   107   175   107   178 0.95 -
NW_025965279.1_RagTag:138661-99482    -            245 3315at314147         -           1130   2.9e-39  130.8  70.9   1   4   7.8e-12   1.5e-10   35.7   2.6   934   982     1    49     1    51 0.93 -
NW_025965279.1_RagTag:138661-99482    -            245 3315at314147         -           1130   2.9e-39  130.8  70.9   2   4   1.3e-18   2.5e-17   58.1  16.1   902   992    25   115    24   117 0.93 -
NW_025965279.1_RagTag:138661-99482    -            245 3315at314147         -           1130   2.9e-39  130.8  70.9   3   4   5.9e-11   1.1e-09   32.8  13.7   916   988    95   167    95   174 0.93 -
NW_025965279.1_RagTag:138661-99482    -            245 3315at314147         -           1130   2.9e-39  130.8  70.9   4   4   4.3e-14   8.3e-13   43.2  14.9   906   981   170   244   162   245 0.89 -
NW_025965235.1_RagTag:117217-116603   -            205 3315at314147         -           1130   4.5e-39  130.1  38.8   1   3     2e-17   3.8e-16   54.2   6.3   913   986     8    81     2    83 0.93 -
NW_025965235.1_RagTag:117217-116603   -            205 3315at314147         -           1130   4.5e-39  130.1  38.8   2   3   6.1e-15   1.2e-13   46.0   8.3   923   983    74   134    74   139 0.95 -
NW_025965235.1_RagTag:117217-116603   -            205 3315at314147         -           1130   4.5e-39  130.1  38.8   3   3   2.2e-14   4.2e-13   44.1  12.2   929   991   136   198   133   203 0.92 -
contig_52188_pilon:1642-1031          -            204 3315at314147         -           1130   5.6e-39  129.8  45.1   1   3   2.9e-13   5.6e-12   40.4   6.1   934   983     1    50     1    53 0.94 -
contig_52188_pilon:1642-1031          -            204 3315at314147         -           1130   5.6e-39  129.8  45.1   2   3   3.9e-15   7.5e-14   46.6   7.8   923   983    46   106    46   110 0.95 -
contig_52188_pilon:1642-1031          -            204 3315at314147         -           1130   5.6e-39  129.8  45.1   3   3   2.5e-17   4.8e-16   53.9  16.3   911   991   118   198   113   204 0.91 -
contig_18339_pilon:2-553              -            184 3315at314147         -           1130   1.5e-38  128.4  43.6   1   3   3.8e-18   7.4e-17   56.6  14.1   916   988     4    76     2    78 0.94 -
contig_18339_pilon:2-553              -            184 3315at314147         -           1130   1.5e-38  128.4  43.6   2   3   7.6e-15   1.5e-13   45.7  11.1   923   983    67   127    67   132 0.94 -
contig_18339_pilon:2-553              -            184 3315at314147         -           1130   1.5e-38  128.4  43.6   3   3   6.8e-14   1.3e-12   42.5   8.5   923   984   123   184   123   184 0.97 -
NW_025965215.1_RagTag:22972-21674     -            433 3315at314147         -           1130     2e-38  128.0  37.6   1   3   7.3e-13   1.4e-11   39.1   4.1   219   270   239   290   230   298 0.85 -
NW_025965215.1_RagTag:22972-21674     -            433 3315at314147         -           1130     2e-38  128.0  37.6   2   3   2.5e-20   4.8e-19   63.8   7.5   917   990   301   373   296   376 0.93 -
NW_025965215.1_RagTag:22972-21674     -            433 3315at314147         -           1130     2e-38  128.0  37.6   3   3   1.1e-12   2.1e-11   38.5  10.9   931   991   370   430   368   433 0.93 -
NW_025965436.1_RagTag:1558-722        -            279 3315at314147         -           1130     3e-38  127.4 123.8   1   6   7.2e-09   1.4e-07   25.9  18.9   916   990     1    75     1    79 0.94 -
NW_025965436.1_RagTag:1558-722        -            279 3315at314147         -           1130     3e-38  127.4 123.8   2   6   8.6e-10   1.7e-08   28.9   7.5   219   266    52    99    50   103 0.91 -
NW_025965436.1_RagTag:1558-722        -            279 3315at314147         -           1130     3e-38  127.4 123.8   3   6   4.5e-11   8.7e-10   33.2  15.1   914   987    83   156    78   163 0.92 -
NW_025965436.1_RagTag:1558-722        -            279 3315at314147         -           1130     3e-38  127.4 123.8   4   6   4.5e-11   8.6e-10   33.2  15.4   902   985    99   182    97   189 0.91 -
NW_025965436.1_RagTag:1558-722        -            279 3315at314147         -           1130     3e-38  127.4 123.8   5   6   1.4e-13   2.8e-12   41.4  15.7   915   990   168   243   162   244 0.95 -
NW_025965436.1_RagTag:1558-722        -            279 3315at314147         -           1130     3e-38  127.4 123.8   6   6   1.8e-10   3.5e-09   31.2  11.2   916   970   225   279   225   279 0.98 -
NW_025965341.1_RagTag:44730-43969     -            254 3315at314147         -           1130   1.1e-37  125.6  36.1   1   4   6.2e-10   1.2e-08   29.4   0.2   940   982    33    75    20    79 0.87 -
NW_025965341.1_RagTag:44730-43969     -            254 3315at314147         -           1130   1.1e-37  125.6  36.1   2   4   4.8e-11   9.3e-10   33.1   6.7   923   985    72   134    72   143 0.91 -
NW_025965341.1_RagTag:44730-43969     -            254 3315at314147         -           1130   1.1e-37  125.6  36.1   3   4   4.4e-12   8.5e-11   36.5   6.4   936   990   141   195   132   196 0.92 -
NW_025965341.1_RagTag:44730-43969     -            254 3315at314147         -           1130   1.1e-37  125.6  36.1   4   4   3.4e-16   6.5e-15   50.1   9.2   921   990   182   251   182   253 0.96 -
NW_025965190.1_RagTag:118118-118627   -            170 3315at314147         -           1130     2e-37  124.7  25.5   1   3     2e-15   3.8e-14   47.6   3.8   925   985     1    61     1    64 0.96 -
NW_025965190.1_RagTag:118118-118627   -            170 3315at314147         -           1130     2e-37  124.7  25.5   2   3   7.2e-17   1.4e-15   52.4   4.3   923   986    55   117    55   121 0.93 -
NW_025965190.1_RagTag:118118-118627   -            170 3315at314147         -           1130     2e-37  124.7  25.5   3   3   4.8e-14   9.3e-13   43.0   3.2   925   982   113   170   113   170 0.96 -
contig_59446_pilon:259-795            -            179 3315at314147         -           1130   1.7e-36  121.6  41.9   1   3   3.4e-13   6.5e-12   40.2   9.9   934   986     3    55     1    56 0.92 -
contig_59446_pilon:259-795            -            179 3315at314147         -           1130   1.7e-36  121.6  41.9   2   3     3e-15   5.8e-14   47.0  10.5   923   986    48   111    48   113 0.95 -
contig_59446_pilon:259-795            -            179 3315at314147         -           1130   1.7e-36  121.6  41.9   3   3   1.9e-17   3.7e-16   54.2   8.3   923   990   104   171   104   176 0.92 -
NW_025965250.1_RagTag:8860-9492       -            211 3315at314147         -           1130   7.6e-35  116.2  34.4   1   3   7.6e-11   1.5e-09   32.4   3.6   929   984     3    58     1    61 0.74 -
NW_025965250.1_RagTag:8860-9492       -            211 3315at314147         -           1130   7.6e-35  116.2  34.4   2   3   3.2e-20   6.1e-19   63.5  13.8   916   992    46   122    46   128 0.94 -
NW_025965250.1_RagTag:8860-9492       -            211 3315at314147         -           1130   7.6e-35  116.2  34.4   3   3     7e-13   1.4e-11   39.1  10.8   914   991   128   205   119   210 0.91 -
NW_025965358.1_RagTag:7183-6533       -            217 3315at314147         -           1130   4.3e-34  113.7  43.8   1   4   1.1e-11   2.2e-10   35.2   2.5   220   261     2    43     1    44 0.95 -
NW_025965358.1_RagTag:7183-6533       -            217 3315at314147         -           1130   4.3e-34  113.7  43.8   2   4   3.4e-12   6.6e-11   36.9   3.1   224   270    34    80    34    83 0.93 -
NW_025965358.1_RagTag:7183-6533       -            217 3315at314147         -           1130   4.3e-34  113.7  43.8   3   4   3.9e-14   7.6e-13   43.3  14.1   916   983    90   157    90   160 0.97 -
NW_025965358.1_RagTag:7183-6533       -            217 3315at314147         -           1130   4.3e-34  113.7  43.8   4   4   8.5e-08   1.7e-06   22.3   3.3   923   982   153   212   153   216 0.89 -
NW_025965127.1_RagTag:114163-113654   -            170 3315at314147         -           1130   2.1e-33  111.4  30.4   1   3   9.7e-12   1.9e-10   35.4   1.5   938   982     2    46     1    49 0.96 -
NW_025965127.1_RagTag:114163-113654   -            170 3315at314147         -           1130   2.1e-33  111.4  30.4   2   3   5.5e-14   1.1e-12   42.8   7.6   916   982    36   102    36   105 0.97 -
NW_025965127.1_RagTag:114163-113654   -            170 3315at314147         -           1130   2.1e-33  111.4  30.4   3   3   1.8e-18   3.4e-17   57.7   6.0   916   990    92   166    92   170 0.93 -
NW_025965215.1_RagTag:381710-337497   -            257 3315at314147         -           1130   2.8e-33  111.0  65.6   1   5   8.9e-05    0.0017   12.3   0.2   227   259    40    72    24    81 0.86 -
NW_025965215.1_RagTag:381710-337497   -            257 3315at314147         -           1130   2.8e-33  111.0  65.6   2   5     3e-08   5.8e-07   23.8   6.7   915   984    92   161    77   165 0.79 -
NW_025965215.1_RagTag:381710-337497   -            257 3315at314147         -           1130   2.8e-33  111.0  65.6   3   5   1.3e-11   2.6e-10   34.9   5.4   218   263   143   188   135   192 0.61 -
NW_025965215.1_RagTag:381710-337497   -            257 3315at314147         -           1130   2.8e-33  111.0  65.6   4   5   1.7e-14   3.4e-13   44.5   8.2   923   986   156   219   156   221 0.97 -
NW_025965215.1_RagTag:381710-337497   -            257 3315at314147         -           1130   2.8e-33  111.0  65.6   5   5   1.1e-14   2.1e-13   45.1  16.0   915   988   176   248   170   257 0.89 -
contig_18339_pilon:483-968            -            162 3315at314147         -           1130   2.3e-31  104.6  47.5   1   3   4.7e-15   9.2e-14   46.3  12.0   925   983    21    79    11    80 0.93 -
contig_18339_pilon:483-968            -            162 3315at314147         -           1130   2.3e-31  104.6  47.5   2   3   2.6e-14   5.1e-13   43.9  10.8   934   983    58   108    58   113 0.91 -
contig_18339_pilon:483-968            -            162 3315at314147         -           1130   2.3e-31  104.6  47.5   3   3   5.9e-13   1.1e-11   39.4   8.8   925   981   105   161   104   162 0.94 -
contig_53583_pilon:2068-1598          -            157 3315at314147         -           1130   1.8e-30  101.6  28.3   1   2   2.3e-15   4.4e-14   47.4   8.6   929   991     3    65     1    70 0.92 -
contig_53583_pilon:2068-1598          -            157 3315at314147         -           1130   1.8e-30  101.6  28.3   2   2     4e-19   7.7e-18   59.8  13.7   906   991    64   149    59   155 0.90 -
NW_025965039.1_RagTag:251791-251321   -            157 3315at314147         -           1130   3.2e-30  100.8  20.0   1   2   3.7e-18   7.2e-17   56.6   4.0   921   992     2    73     1    76 0.96 -
NW_025965039.1_RagTag:251791-251321   -            157 3315at314147         -           1130   3.2e-30  100.8  20.0   2   2   4.2e-16   8.1e-15   49.8   9.7   904   990    69   155    66   157 0.92 -
contig_63057_pilon:3037-2600          -            146 3315at314147         -           1130   3.3e-30  100.8  33.1   1   3   6.5e-14   1.3e-12   42.6   7.8   932   983     2    53     1    56 0.93 -
contig_63057_pilon:3037-2600          -            146 3315at314147         -           1130   3.3e-30  100.8  33.1   2   3   1.3e-16   2.5e-15   51.5   7.9   923   986    49   112    49   114 0.95 -
contig_63057_pilon:3037-2600          -            146 3315at314147         -           1130   3.3e-30  100.8  33.1   3   3   2.1e-10     4e-09   31.0   1.8   226   264   100   138    99   145 0.90 -
contig_36320_pilon:1627-2073          -            149 3315at314147         -           1130   9.1e-30   99.3  33.3   1   3   1.4e-12   2.6e-11   38.2   5.8   934   984     1    51     1    53 0.93 -
contig_36320_pilon:1627-2073          -            149 3315at314147         -           1130   9.1e-30   99.3  33.3   2   3   4.5e-17   8.8e-16   53.0  11.3   923   990    46   113    46   114 0.95 -
contig_36320_pilon:1627-2073          -            149 3315at314147         -           1130   9.1e-30   99.3  33.3   3   3   8.2e-09   1.6e-07   25.7   6.4   923   970   102   149   102   149 0.96 -
NW_025965230.1_RagTag:860644-860186   -            153 3315at314147         -           1130   2.1e-29   98.1  27.2   1   3   1.4e-15   2.6e-14   48.1   6.2   923   985     4    66     2    71 0.94 -
NW_025965230.1_RagTag:860644-860186   -            153 3315at314147         -           1130   2.1e-29   98.1  27.2   2   3   6.1e-07   1.2e-05   19.5   1.8   955   987    64    96    62    99 0.76 -
NW_025965230.1_RagTag:860644-860186   -            153 3315at314147         -           1130   2.1e-29   98.1  27.2   3   3   1.4e-16   2.7e-15   51.4  12.3   916   985    81   150    81   153 0.97 -
contig_31119_pilon:1872-1279          -            198 3315at314147         -           1130   3.2e-27   90.9  26.5   1   4   1.2e-08   2.3e-07   25.1   2.5   917   990     5    79     2    85 0.81 -
contig_31119_pilon:1872-1279          -            198 3315at314147         -           1130   3.2e-27   90.9  26.5   2   4   7.5e-10   1.4e-08   29.1   1.6   921   982    66   127    66   131 0.94 -
contig_31119_pilon:1872-1279          -            198 3315at314147         -           1130   3.2e-27   90.9  26.5   3   4   6.9e-18   1.3e-16   55.7   2.8   925   981   126   182   124   184 0.96 -
contig_31119_pilon:1872-1279          -            198 3315at314147         -           1130   3.2e-27   90.9  26.5   4   4    0.0012     0.023    8.6   2.2   229   249   178   198   178   198 0.50 -
NW_025965071.1_RagTag:3724-4116       -            131 3315at314147         -           1130   7.3e-27   89.7  25.0   1   2   3.2e-17   6.1e-16   53.5  12.7   914   990     8    84     2    86 0.93 -
NW_025965071.1_RagTag:3724-4116       -            131 3315at314147         -           1130   7.3e-27   89.7  25.0   2   2   9.2e-14   1.8e-12   42.1   9.1   921   981    71   131    71   131 0.98 -
contig_10031_pilon:1322-846           -            159 3315at314147         -           1130     1e-26   89.2  37.5   1   3   2.5e-10   4.8e-09   30.7   8.7   916   982    11    77     2    81 0.91 -
contig_10031_pilon:1322-846           -            159 3315at314147         -           1130     1e-26   89.2  37.5   2   3   8.9e-14   1.7e-12   42.1   7.0   932   983    82   133    75   135 0.93 -
contig_10031_pilon:1322-846           -            159 3315at314147         -           1130     1e-26   89.2  37.5   3   3   1.5e-13     3e-12   41.3   5.9   930   981   108   159   106   159 0.96 -
contig_43334_pilon:1147-1967          -            144 3315at314147         -           1130   2.5e-26   88.0  39.6   1   3   1.3e-14   2.5e-13   44.9   5.4   931   982     9    60     1    63 0.91 -
contig_43334_pilon:1147-1967          -            144 3315at314147         -           1130   2.5e-26   88.0  39.6   2   3   4.4e-11   8.6e-10   33.2   8.4   929   982    35    88    33    91 0.93 -
contig_43334_pilon:1147-1967          -            144 3315at314147         -           1130   2.5e-26   88.0  39.6   3   3   1.7e-11   3.3e-10   34.5   9.8   937   984    89   137    88   144 0.83 -
NW_025965341.1_RagTag:106501-107016   -            172 3315at314147         -           1130   4.5e-26   87.1  26.6   1   2   3.5e-15   6.7e-14   46.8   5.3   938   991     3    56     1    65 0.94 -
NW_025965341.1_RagTag:106501-107016   -            172 3315at314147         -           1130   4.5e-26   87.1  26.6   2   2   2.1e-12   4.1e-11   37.6   9.0   917   983    66   132    60   135 0.95 -
NW_025965071.1_RagTag:26238-26928     -            176 3315at314147         -           1130   1.3e-24   82.2  31.7   1   2   5.7e-10   1.1e-08   29.5   7.2   937   984    13    59     1    72 0.89 -
NW_025965071.1_RagTag:26238-26928     -            176 3315at314147         -           1130   1.3e-24   82.2  31.7   2   2   3.8e-18   7.4e-17   56.6  16.6   892   988    79   175    69   176 0.93 -
contig_70752_pilon:1105-1494          -            130 3315at314147         -           1130   3.2e-24   81.0  22.2   1   2   1.2e-14   2.3e-13   45.0   8.0   931   983     7    59     1    62 0.91 -
contig_70752_pilon:1105-1494          -            130 3315at314147         -           1130   3.2e-24   81.0  22.2   2   2   5.4e-15   1.1e-13   46.1   7.4   923   983    55   115    54   127 0.94 -
NW_025965375.1_RagTag:139930-139190   -            247 3315at314147         -           1130   4.2e-23   77.3  50.6   1   3   3.4e-08   6.6e-07   23.6  14.6   913   990    67   144    43   150 0.90 -
NW_025965375.1_RagTag:139930-139190   -            247 3315at314147         -           1130   4.2e-23   77.3  50.6   2   3   3.2e-09   6.1e-08   27.0   7.6   906   987   116   195   113   198 0.89 -
NW_025965375.1_RagTag:139930-139190   -            247 3315at314147         -           1130   4.2e-23   77.3  50.6   3   3   5.4e-17     1e-15   52.8  12.5   901   981   164   246   156   247 0.89 -
contig_83186_pilon:2808-2119          -            230 3315at314147         -           1130   1.3e-22   75.7  31.2   1   3   4.8e-09   9.3e-08   26.4   1.7   949   983     9    43     1    65 0.75 -
contig_83186_pilon:2808-2119          -            230 3315at314147         -           1130   1.3e-22   75.7  31.2   2   3   1.8e-07   3.4e-06   21.3   0.9   952   982   124   154   111   158 0.76 -
contig_83186_pilon:2808-2119          -            230 3315at314147         -           1130   1.3e-22   75.7  31.2   3   3   1.9e-13   3.7e-12   41.0  12.6   923   990   151   218   151   225 0.90 -
NW_025965442.1_RagTag:49839-49393     -            149 3315at314147         -           1130   1.3e-21   72.4  23.3   1   2   6.1e-14   1.2e-12   42.7  12.0   906   983    11    90     6   103 0.89 -
NW_025965442.1_RagTag:49839-49393     -            149 3315at314147         -           1130   1.3e-21   72.4  23.3   2   2   1.5e-11   2.9e-10   34.8   4.9   221   262   104   145    92   149 0.90 -
NW_025965039.1_RagTag:250966-250448   -            173 3315at314147         -           1130   4.6e-21   70.5  16.4   1   3   3.7e-10   7.2e-09   30.1   2.9   932   983    47    98    35   107 0.75 -
NW_025965039.1_RagTag:250966-250448   -            173 3315at314147         -           1130   4.6e-21   70.5  16.4   2   3     1e-13   1.9e-12   41.9   4.1   925   987    96   158    94   161 0.82 -
NW_025965039.1_RagTag:250966-250448   -            173 3315at314147         -           1130   4.6e-21   70.5  16.4   3   3   2.7e-07   5.2e-06   20.7   0.5   226   254   145   173   144   173 0.98 -
NW_025965279.1_RagTag:100214-99645    -            190 3315at314147         -           1130   2.1e-20   68.3  22.7   1   3   3.5e-06   6.7e-05   17.0   4.8   920   990    16    85     6    86 0.91 -
NW_025965279.1_RagTag:100214-99645    -            190 3315at314147         -           1130   2.1e-20   68.3  22.7   2   3   3.9e-16   7.6e-15   49.9  12.1   917   984    68   135    67   144 0.93 -
NW_025965279.1_RagTag:100214-99645    -            190 3315at314147         -           1130   2.1e-20   68.3  22.7   3   3   1.6e-06   3.1e-05   18.1   0.1   238   262   164   188   153   190 0.83 -
NW_025965233.1_RagTag:185066-188790   -            387 3315at314147         -           1130   2.3e-20   68.2  27.0   1   2   5.6e-14   1.1e-12   42.8  13.2   916  1004   213   304   195   315 0.84 -
NW_025965233.1_RagTag:185066-188790   -            387 3315at314147         -           1130   2.3e-20   68.2  27.0   2   2   1.7e-10   3.4e-09   31.2   6.0   224   270   321   367   305   373 0.86 -
NW_025965318.1_RagTag:51761-52207     -            149 3315at314147         -           1130   2.8e-20   67.9   8.0   1   2   4.5e-17   8.7e-16   53.0   5.1   916   991    38   113    34   117 0.95 -
NW_025965318.1_RagTag:51761-52207     -            149 3315at314147         -           1130   2.8e-20   67.9   8.0   2   2   3.8e-06   7.3e-05   16.9   0.2   218   251   116   149   109   149 0.86 -
contig_81532_pilon:2097-1657          -            147 3315at314147         -           1130   1.3e-19   65.7  31.8   1   2   6.7e-10   1.3e-08   29.3  11.4   914   982     6    76     2    81 0.89 -
contig_81532_pilon:2097-1657          -            147 3315at314147         -           1130   1.3e-19   65.7  31.8   2   2   8.9e-16   1.7e-14   48.7  12.4   915   990    65   140    63   145 0.94 -
NW_025965374.1_RagTag:79809-77578     -            744 3315at314147         -           1130     1e-18   62.8  75.7   1   8   9.1e-10   1.8e-08   28.8  10.0   222   275     2    55     1    59 0.95 -
NW_025965374.1_RagTag:79809-77578     -            744 3315at314147         -           1130     1e-18   62.8  75.7   2   8   9.6e-06   0.00019   15.5   5.9   169   275    58   156    52   190 0.82 -
NW_025965374.1_RagTag:79809-77578     -            744 3315at314147         -           1130     1e-18   62.8  75.7   3   8   6.6e-06   0.00013   16.0   6.2   152   276   218   351   162   362 0.82 -
NW_025965374.1_RagTag:79809-77578     -            744 3315at314147         -           1130     1e-18   62.8  75.7   4   8    0.0015     0.028    8.3   2.4   147   272   367   492   354   496 0.76 -
NW_025965374.1_RagTag:79809-77578     -            744 3315at314147         -           1130     1e-18   62.8  75.7   5   8   1.1e-05   0.00021   15.3   4.0   912   992   438   522   418   528 0.86 -
NW_025965374.1_RagTag:79809-77578     -            744 3315at314147         -           1130     1e-18   62.8  75.7   6   8   1.3e-05   0.00025   15.1   8.2   911   994   497   582   485   584 0.88 -
NW_025965374.1_RagTag:79809-77578     -            744 3315at314147         -           1130     1e-18   62.8  75.7   7   8   8.2e-05    0.0016   12.4  14.5   152   278   529   643   527   662 0.81 -
NW_025965374.1_RagTag:79809-77578     -            744 3315at314147         -           1130     1e-18   62.8  75.7   8   8       3.1        60   -2.7   0.0   914   943   694   723   688   735 0.75 -
NW_025965297.1_RagTag:247529-248653   -            301 3315at314147         -           1130     2e-16   55.2   0.9   1   1   1.4e-17   2.6e-16   54.7   0.9   870   995    21   151    12   157 0.86 -
NW_025965341.1_RagTag:36862-36050     -            271 3315at314147         -           1130   4.1e-16   54.1   8.3   1   2       4.6        88   -3.3   1.0   939   985    58   105    12   121 0.61 -
NW_025965341.1_RagTag:36862-36050     -            271 3315at314147         -           1130   4.1e-16   54.1   8.3   2   2   2.1e-17   4.1e-16   54.1   8.3   914   983   198   267   167   270 0.93 -
NW_025965432.1_RagTag:501802-502290   -            163 3315at314147         -           1130     5e-14   47.2  25.4   1   3    0.0025     0.049    7.5   0.1   224   264    17    57    10    70 0.61 -
NW_025965432.1_RagTag:501802-502290   -            163 3315at314147         -           1130     5e-14   47.2  25.4   2   3   7.3e-11   1.4e-09   32.5   8.9   915   990    72   144    67   145 0.95 -
NW_025965432.1_RagTag:501802-502290   -            163 3315at314147         -           1130     5e-14   47.2  25.4   3   3   2.8e-09   5.4e-08   27.2   8.5   219   261   121   163   119   163 0.84 -
NW_025965028.1_RagTag:335459-336641   -            329 3315at314147         -           1130   1.1e-13   46.0   6.9   1   1   8.3e-15   1.6e-13   45.5   6.9   916   979   265   328   259   329 0.97 -
contig_37853_pilon:1171-1692          -            174 3315at314147         -           1130   1.2e-13   46.0  27.0   1   3    0.0012     0.023    8.6   6.3   917   984     4    72     1    78 0.85 -
contig_37853_pilon:1171-1692          -            174 3315at314147         -           1130   1.2e-13   46.0  27.0   2   3   2.6e-09     5e-08   27.3   6.0   935   991    79   135    71   140 0.90 -
contig_37853_pilon:1171-1692          -            174 3315at314147         -           1130   1.2e-13   46.0  27.0   3   3   2.6e-07   4.9e-06   20.7   1.2   221   254   141   174   135   174 0.92 -
NW_025965054.1_RagTag:36381-34963     -            327 3315at314147         -           1130   1.2e-12   42.7  20.7   1   4   1.2e-08   2.3e-07   25.1   8.8   913   972    79   138    14   145 0.86 -
NW_025965054.1_RagTag:36381-34963     -            327 3315at314147         -           1130   1.2e-12   42.7  20.7   2   4   2.1e-10   4.1e-09   30.9   4.0   914   976    80   142    64   182 0.81 -
NW_025965054.1_RagTag:36381-34963     -            327 3315at314147         -           1130   1.2e-12   42.7  20.7   3   4     0.046      0.88    3.3   2.6   940   984   196   239   180   247 0.76 -
NW_025965054.1_RagTag:36381-34963     -            327 3315at314147         -           1130   1.2e-12   42.7  20.7   4   4     0.024      0.46    4.3   2.2   912   946   252   286   238   296 0.86 -
NW_025965300.1_RagTag:165512-166000   -            163 3315at314147         -           1130   1.4e-11   39.1   0.1   1   1   7.3e-13   1.4e-11   39.1   0.1   889   962    90   162    20   163 0.88 -
NW_025965281.1_RagTag:499506-497614   -            631 3315at314147         -           1130   9.2e-11   36.4   9.4   1   2    0.0009     0.017    9.0   0.5   224   263   342   382   334   397 0.77 -
NW_025965281.1_RagTag:499506-497614   -            631 3315at314147         -           1130   9.2e-11   36.4   9.4   2   2   2.1e-10   4.1e-09   30.9   2.9   914  1001   458   551   438   559 0.80 -
NW_025965468.1_RagTag:9322-9071       -             84 3315at314147         -           1130   2.3e-10   35.1  10.9   1   2   2.9e-08   5.7e-07   23.8   1.8   229   262     1    34     1    38 0.92 -
NW_025965468.1_RagTag:9322-9071       -             84 3315at314147         -           1130   2.3e-10   35.1  10.9   2   2   2.5e-07   4.9e-06   20.7   4.0   921   974    29    81    28    84 0.66 -
NW_025965344.1_RagTag:898-710         -             63 3315at314147         -           1130   8.4e-10   33.2   0.6   1   1   4.4e-11   8.6e-10   33.2   0.6   919   971    10    62     2    63 0.82 -
NW_025965200.1_RagTag:16831-17695     -            219 3315at314147         -           1130   2.6e-07   25.0   4.8   1   1   4.1e-06   7.9e-05   16.7   3.8   228   271   166   211   117   218 0.51 -
NW_025965317.1_RagTag:1374090-1373608 -            161 3315at314147         -           1130   0.00016   15.7   0.7   1   3      0.29       5.5    0.7   8.5   937   990     6    62     1    81 0.53 -
NW_025965317.1_RagTag:1374090-1373608 -            161 3315at314147         -           1130   0.00016   15.7   0.7   2   3     0.036       0.7    3.7   4.4   943  1000    63   119    60   129 0.82 -
NW_025965317.1_RagTag:1374090-1373608 -            161 3315at314147         -           1130   0.00016   15.7   0.7   3   3   8.2e-06   0.00016   15.7   0.7   222   251   132   161   125   161 0.94 -
NW_025965341.1_RagTag:99789-100445    -            219 3315at314147         -           1130   0.00016   15.7  24.6   1   3   1.1e-05    0.0002   15.4   0.8   217   256    19    58     9    72 0.85 -
NW_025965341.1_RagTag:99789-100445    -            219 3315at314147         -           1130   0.00016   15.7  24.6   2   3      0.24       4.6    1.0   8.9   942   967    82   107    68   147 0.73 -
NW_025965341.1_RagTag:99789-100445    -            219 3315at314147         -           1130   0.00016   15.7  24.6   3   3    0.0007     0.014    9.3   1.1   222   267   165   212   154   217 0.70 -
NW_025965259.1_RagTag:155329-153884   -            482 3315at314147         -           1130     0.048    7.5  16.3   1   3      0.33       6.4    0.5   0.2   910   941    14    45     5    53 0.82 -
NW_025965259.1_RagTag:155329-153884   -            482 3315at314147         -           1130     0.048    7.5  16.3   2   3   8.4e-05    0.0016   12.4   5.6   221   272   411   462   404   470 0.74 -
NW_025965259.1_RagTag:155329-153884   -            482 3315at314147         -           1130     0.048    7.5  16.3   3   3     0.053         1    3.1   3.8   920   956   446   482   446   482 0.93 -
#
# Program:         hmmsearch
# Version:         3.1b2 (February 2015)
# Pipeline mode:   SEARCH
# Query file:      /home/bgerda/guppy_SUP/busco_downloads/lineages/glires_odb10/hmms/3315at314147.hmm
# Target file:     /home/bgerda/guppy_SUP/busco_results_racon/run_glires_odb10/metaeuk_output/initial_results/ragtag.scaffold.fasta.modified.fas
# Option settings: hmmsearch --domtblout /home/bgerda/guppy_SUP/busco_results_racon/run_glires_odb10/hmmer_output/initial_run_results/3315at314147.out --cpu 1 /home/bgerda/guppy_SUP/busco_downloads/lineages/glires_odb10/hmms/3315at314147.hmm /home/bgerda/guppy_SUP/busco_results_racon/run_glires_odb10/metaeuk_output/initial_results/ragtag.scaffold.fasta.modified.fas 
# Current dir:     /home/bgerda/guppy_SUP
# Date:            Sun May 21 17:05:48 2023
# [ok]
