#                                                                                             --- full sequence --- -------------- this domain -------------   hmm coord   ali coord   env coord
# target name                         accession   tlen query name           accession   qlen   E-value  score  bias   #  of  c-Evalue  i-Evalue  score  bias  from    to  from    to  from    to  acc description of target
#                 ------------------- ---------- ----- -------------------- ---------- ----- --------- ------ ----- --- --- --------- --------- ------ ----- ----- ----- ----- ----- ----- ----- ---- ---------------------
NW_025965177.1_RagTag:229533-229225   -            103 34099at314147        -            226   4.2e-18   62.0   1.2   1   1   2.7e-20   5.4e-18   61.7   1.2    95   154    47   103    32   103 0.89 -
NW_025965284.1_RagTag:343396-345492   -            220 34099at314147        -            226   1.2e-16   57.3   4.2   1   1   8.4e-19   1.7e-16   56.7   4.2    81   157   126   202   105   208 0.81 -
NW_025965324.1_RagTag:2914727-2915469 -            122 34099at314147        -            226   1.8e-16   56.7   0.4   1   1   9.7e-19     2e-16   56.6   0.4   100   177    33   112    23   122 0.84 -
NW_025965275.1_RagTag:420401-420210   -             64 34099at314147        -            226   2.4e-16   56.2   2.7   1   1   1.4e-18   2.9e-16   56.0   2.7   101   157     5    61     2    63 0.96 -
NW_025965324.1_RagTag:2927304-2928146 -            184 34099at314147        -            226   3.1e-14   49.3   0.2   1   1     2e-16   4.1e-14   49.0   0.2   103   158    88   143    64   157 0.91 -
NW_025965309.1_RagTag:3204112-3203780 -            111 34099at314147        -            226   8.2e-06   21.8   0.0   1   1   5.1e-08     1e-05   21.5   0.0   134   159     7    32     2    53 0.85 -
NW_025965266.1_RagTag:206462-207725   -            136 34099at314147        -            226   0.00028   16.8   0.0   1   1   1.4e-06   0.00028   16.8   0.0    97   140    92   135     4   136 0.77 -
#
# Program:         hmmsearch
# Version:         3.1b2 (February 2015)
# Pipeline mode:   SEARCH
# Query file:      /home/bgerda/guppy_SUP/busco_downloads/lineages/glires_odb10/hmms/34099at314147.hmm
# Target file:     /home/bgerda/guppy_SUP/busco_results_racon/run_glires_odb10/metaeuk_output/initial_results/ragtag.scaffold.fasta.modified.fas
# Option settings: hmmsearch --domtblout /home/bgerda/guppy_SUP/busco_results_racon/run_glires_odb10/hmmer_output/initial_run_results/34099at314147.out --cpu 1 /home/bgerda/guppy_SUP/busco_downloads/lineages/glires_odb10/hmms/34099at314147.hmm /home/bgerda/guppy_SUP/busco_results_racon/run_glires_odb10/metaeuk_output/initial_results/ragtag.scaffold.fasta.modified.fas 
# Current dir:     /home/bgerda/guppy_SUP
# Date:            Sun May 21 17:05:49 2023
# [ok]
