#                                                                                             --- full sequence --- -------------- this domain -------------   hmm coord   ali coord   env coord
# target name                         accession   tlen query name           accession   qlen   E-value  score  bias   #  of  c-Evalue  i-Evalue  score  bias  from    to  from    to  from    to  acc description of target
#                 ------------------- ---------- ----- -------------------- ---------- ----- --------- ------ ----- --- --- --------- --------- ------ ----- ----- ----- ----- ----- ----- ----- ---- ---------------------
NW_025965352.1_RagTag:3922-3104       -            273 34572at314147        -            277  2.9e-140  462.7  24.0   1   1  3.4e-141  3.3e-140  462.5  24.0    30   276     1   272     1   273 0.95 -
NW_025965352.1_RagTag:34299-33355     -            315 34572at314147        -            277   1.8e-90  299.4  22.1   1   1   2.3e-91   2.3e-90  299.1  22.1     8   276    22   312    19   313 0.93 -
NW_025965426.1_RagTag:85794-84919     -            288 34572at314147        -            277   2.8e-79  262.7  27.5   1   1   3.4e-80   3.4e-79  262.4  27.5     8   273     3   286     1   288 0.93 -
NW_025965426.1_RagTag:29173-28250     -            308 34572at314147        -            277   5.8e-74  245.2  23.5   1   1   7.8e-75   7.6e-74  244.9  23.5     8   274    12   300     8   303 0.95 -
NW_025965426.1_RagTag:118577-76677    -            296 34572at314147        -            277   1.1e-66  221.3  23.7   1   1   1.5e-67   1.5e-66  221.0  23.7     8   275    12   291     8   293 0.86 -
NW_025965426.1_RagTag:106641-105805   -            279 34572at314147        -            277   4.2e-64  212.9  23.7   1   1   5.2e-65   5.1e-64  212.6  23.7    24   275     1   274     1   276 0.94 -
NW_025965426.1_RagTag:17750-65099     -            286 34572at314147        -            277   4.8e-60  199.6  24.8   1   1   5.6e-61   5.5e-60  199.4  24.8     8   272     1   286     1   286 0.92 -
NW_025965426.1_RagTag:17883-70266     -            253 34572at314147        -            277     1e-57  192.0  19.9   1   1   1.2e-58   1.2e-57  191.7  19.9    51   276     1   247     1   248 0.94 -
NW_025965426.1_RagTag:64293-65108     -            272 34572at314147        -            277   3.8e-51  170.4  24.5   1   1   4.5e-52   4.4e-51  170.2  24.5    25   273     1   270     1   272 0.91 -
NW_025965426.1_RagTag:114661-41296    -            224 34572at314147        -            277   9.5e-51  169.1  17.1   1   1   1.2e-51   1.1e-50  168.9  17.1    75   276     4   214     2   215 0.93 -
NW_025965352.1_RagTag:10910-11527     -            206 34572at314147        -            277   3.9e-49  163.8  13.6   1   1   5.7e-50   5.6e-49  163.3  13.6     8   184    12   205     6   206 0.94 -
NW_025965352.1_RagTag:20838-20083     -            252 34572at314147        -            277   2.4e-44  148.1  15.8   1   1   2.9e-45   2.8e-44  147.9  15.8    48   275     1   248     1   250 0.94 -
contig_26960_pilon:456-1361           -            302 34572at314147        -            277   2.2e-39  131.9  15.2   1   1   2.9e-40   2.8e-39  131.5  15.2    26   276    29   299    17   300 0.87 -
NW_025965182.1_RagTag:1715520-1714610 -            302 34572at314147        -            277   2.5e-36  121.8  21.1   1   1   3.2e-37   3.1e-36  121.5  21.1    25   277    31   301    11   301 0.86 -
NW_025965320.1_RagTag:846847-801819   -            267 34572at314147        -            277     1e-34  116.5  19.3   1   1   1.2e-35   1.2e-34  116.3  19.3    27   271     2   266     1   267 0.84 -
NW_025965140.1_RagTag:813619-812738   -            294 34572at314147        -            277   1.2e-34  116.3  21.8   1   1   1.5e-35   1.5e-34  116.0  21.8    18   272    20   294     4   294 0.81 -
NW_025965581.1_RagTag:2490-3395       -            302 34572at314147        -            277   1.3e-34  116.2  16.6   1   1   1.8e-35   1.8e-34  115.7  16.6    20   275    19   296     5   298 0.78 -
NW_025965426.1_RagTag:61120-61686     -            189 34572at314147        -            277   4.6e-34  114.4  12.2   1   1   5.2e-35   5.1e-34  114.2  12.2    99   276     1   187     1   188 0.93 -
NW_025965235.1_RagTag:60087-59185     -            301 34572at314147        -            277     6e-34  114.0  17.2   1   1   7.9e-35   7.8e-34  113.6  17.2    10   276    14   300     8   301 0.85 -
NW_025965101.1_RagTag:55949-75138     -            300 34572at314147        -            277   1.6e-33  112.6  16.8   1   1   2.1e-34     2e-33  112.2  16.8     8   276    11   294     5   295 0.88 -
NW_025965331.1_RagTag:82371-81553     -            273 34572at314147        -            277   1.1e-32  109.9  12.4   1   1   1.4e-33   1.3e-32  109.6  12.4    30   277     2   269     1   269 0.85 -
NW_025965305.1_RagTag:1568367-1569271 -            291 34572at314147        -            277   7.1e-32  107.2  21.3   1   1   9.3e-33   9.1e-32  106.8  21.3    21   276    17   289     5   290 0.83 -
NW_025965230.1_RagTag:981313-980414   -            300 34572at314147        -            277   1.9e-31  105.8  18.6   1   1   2.3e-32   2.3e-31  105.5  18.6    15   275    17   297     3   299 0.83 -
NW_025965274.1_RagTag:18043-18971     -            307 34572at314147        -            277   1.9e-31  105.8  22.4   1   1   2.4e-32   2.4e-31  105.5  22.4     9   275    18   301    11   303 0.84 -
NW_025965123.1_RagTag:1802252-1682359 -            266 34572at314147        -            277   3.2e-31  105.1  21.7   1   1   3.8e-32   3.8e-31  104.8  21.7    21   275     7   263     2   265 0.89 -
NW_025965274.1_RagTag:775-1698        -            308 34572at314147        -            277   3.3e-31  105.0  23.4   1   1   4.3e-32   4.3e-31  104.6  23.4    18   275    27   304    12   306 0.84 -
contig_36220_pilon:1243-2185          -            312 34572at314147        -            277   3.8e-31  104.8  23.2   1   1   4.9e-32   4.8e-31  104.5  23.2    24   275    30   299     9   301 0.78 -
NW_025965320.1_RagTag:846850-846021   -            271 34572at314147        -            277   4.5e-31  104.6  17.4   1   1   5.6e-32   5.5e-31  104.3  17.4    25   274     1   265     1   268 0.83 -
NW_025965313.1_RagTag:1618159-1619045 -            294 34572at314147        -            277   4.6e-31  104.5  23.3   1   1     6e-32   5.9e-31  104.2  23.3    19   275    14   288     2   290 0.81 -
contig_45575_pilon:1119-2019          -            296 34572at314147        -            277     6e-31  104.2  12.4   1   1   7.6e-32   7.4e-31  103.8  12.4    35   275    37   293     9   295 0.81 -
NW_025965008.1_RagTag:147463-148386   -            308 34572at314147        -            277   8.6e-31  103.6  24.9   1   1   1.1e-31   1.1e-30  103.3  24.9     9   275    15   301     9   303 0.83 -
NW_025965008.1_RagTag:184192-173292   -            306 34572at314147        -            277   1.9e-30  102.5  24.4   1   1   2.4e-31   2.3e-30  102.2  24.4     7   275    13   301     7   303 0.82 -
contig_57973_pilon:1251-358           -            298 34572at314147        -            277     2e-30  102.4  13.1   1   1   2.5e-31   2.4e-30  102.2  13.1    10   274     8   292     1   295 0.83 -
contig_45643_pilon:1939-1040          -            300 34572at314147        -            277   2.4e-30  102.2  21.8   1   1   2.9e-31   2.8e-30  101.9  21.8     7   273     9   295     3   299 0.82 -
NW_025965008.1_RagTag:207523-173283   -            295 34572at314147        -            277   4.5e-30  101.3  24.6   1   1   5.5e-31   5.4e-30  101.0  24.6    17   275    10   287     1   289 0.81 -
NW_025965317.1_RagTag:2485493-2486315 -            269 34572at314147        -            277   1.4e-29   99.6  21.2   1   1   2.1e-30     2e-29   99.1  21.2    26   232    13   233     2   237 0.83 -
contig_45284_pilon:1146-1930          -            259 34572at314147        -            277   1.8e-29   99.3  25.1   1   1   2.3e-30   2.3e-29   99.0  25.1     9   227    12   246     7   253 0.82 -
NW_025965138.1_RagTag:8461-7640       -            274 34572at314147        -            277   1.8e-29   99.3  21.2   1   1   2.2e-30   2.2e-29   99.1  21.2    24   275     3   271     1   273 0.83 -
contig_67131_pilon:894-1              -            298 34572at314147        -            277   3.7e-29   98.3  20.7   1   1   4.5e-30   4.5e-29   98.0  20.7     9   274    12   296     5   298 0.83 -
NW_025965123.1_RagTag:1655672-1602571 -            294 34572at314147        -            277     5e-29   97.9  22.7   1   1   6.7e-30   6.6e-29   97.5  22.7     8   275    14   288    10   293 0.85 -
NW_025965008.1_RagTag:160158-159256   -            301 34572at314147        -            277   6.3e-29   97.5  20.9   1   1   7.8e-30   7.7e-29   97.2  20.9    11   273    17   298     1   301 0.84 -
contig_48637_pilon:1311-406           -            302 34572at314147        -            277   6.6e-29   97.5  19.8   1   1   8.6e-30   8.5e-29   97.1  19.8     6   272     8   294     3   299 0.83 -
contig_22903_pilon:621-1529           -            303 34572at314147        -            277   1.2e-28   96.6  19.8   1   1   1.5e-29   1.4e-28   96.3  19.8     9   275    12   298     5   300 0.83 -
NW_025965151.1_RagTag:9152-8292       -            287 34572at314147        -            277   1.3e-28   96.5  24.8   1   1   1.6e-29   1.5e-28   96.2  24.8    29   276    10   276     1   277 0.78 -
contig_78135_pilon:1442-669           -            251 34572at314147        -            277   1.4e-28   96.4  16.3   1   1   1.8e-29   1.7e-28   96.1  16.3    46   275     5   245     1   247 0.86 -
NW_025965123.1_RagTag:1592694-1591777 -            306 34572at314147        -            277   7.7e-28   94.0  24.4   1   1     1e-28     1e-27   93.5  24.4    20   277    22   298     7   298 0.81 -
contig_19055_pilon:1243-491           -            245 34572at314147        -            277   8.3e-28   93.9  18.2   1   1     1e-28     1e-27   93.6  18.2    48   276     1   242     1   243 0.80 -
NW_025965140.1_RagTag:1002759-1001962 -            240 34572at314147        -            277     9e-28   93.7  16.6   1   1   5.8e-26   5.7e-25   84.5  16.6    35   275     1   236     1   238 0.86 -
contig_11065_pilon:1203-445           -            242 34572at314147        -            277     1e-27   93.6  14.9   1   1   1.5e-28   1.5e-27   93.0  14.9    18   228    20   241    12   242 0.80 -
contig_23379_pilon:2033-1140          -            298 34572at314147        -            277     1e-27   93.5  23.9   1   1   1.2e-28   1.2e-27   93.3  23.9     3   276     5   297     3   298 0.83 -
contig_75679_pilon:812-1679           -            286 34572at314147        -            277   1.2e-27   93.3  22.6   1   1   1.6e-28   1.6e-27   92.9  22.6    19   273    14   285     2   286 0.82 -
NW_025965315.1_RagTag:2428899-2429805 -            300 34572at314147        -            277   1.2e-27   93.3  24.4   1   1   1.5e-28   1.5e-27   93.0  24.4    25   274    30   295     9   298 0.75 -
NW_025965315.1_RagTag:2412143-2413039 -            299 34572at314147        -            277   1.8e-27   92.7  23.9   1   1   2.3e-28   2.3e-27   92.4  23.9    22   272    23   296     5   299 0.81 -
NW_025965233.1_RagTag:189853-190770   -            306 34572at314147        -            277   2.3e-27   92.4  16.9   1   1   2.9e-28   2.8e-27   92.1  16.9    14   275    19   300     7   302 0.83 -
NW_025965123.1_RagTag:1599996-1599049 -            316 34572at314147        -            277   2.3e-27   92.4  25.5   1   1   2.9e-28   2.8e-27   92.1  25.5     4   276    21   313    18   314 0.87 -
contig_70120_pilon:645-1523           -            293 34572at314147        -            277   2.3e-27   92.4  15.9   1   1   2.9e-28   2.9e-27   92.1  15.9    12   277     8   292     1   292 0.82 -
NW_025965307.1_RagTag:96079-95414     -            222 34572at314147        -            277     3e-27   92.0   6.6   1   1   3.7e-28   3.6e-27   91.7   6.6    77   273     4   207     1   211 0.85 -
NW_025965223.1_RagTag:121394-120495   -            300 34572at314147        -            277   3.8e-27   91.7  26.0   1   1   4.9e-28   4.8e-27   91.3  26.0    10   275     8   293     1   297 0.81 -
NW_025965258.1_RagTag:3651-4571       -            307 34572at314147        -            277   4.8e-27   91.3  18.2   1   1     7e-28   6.9e-27   90.8  18.2    21   274    27   300     9   303 0.77 -
contig_77425_pilon:139-1061           -            303 34572at314147        -            277   5.6e-27   91.1  22.8   1   1   7.6e-28   7.5e-27   90.7  22.8    17   275    23   295     9   298 0.80 -
NW_025965331.1_RagTag:86283-87002     -            240 34572at314147        -            277   8.9e-27   90.5  12.6   1   1   1.1e-27   1.1e-26   90.2  12.6    73   275    28   237     7   239 0.79 -
contig_72712_pilon:528-1298           -            257 34572at314147        -            277   1.1e-26   90.2  23.7   1   1   1.4e-27   1.4e-26   89.9  23.7    18   229    27   257    12   257 0.84 -
NW_025965235.1_RagTag:58504-57605     -            300 34572at314147        -            277   1.1e-26   90.1  17.1   1   1   1.6e-27   1.5e-26   89.7  17.1    18   272    21   293     6   298 0.74 -
NW_025965123.1_RagTag:1692788-1693690 -            301 34572at314147        -            277   1.3e-26   90.0  22.8   1   1   1.6e-27   1.6e-26   89.6  22.8     7   275     9   294     4   296 0.80 -
NW_025965305.1_RagTag:1593388-1609213 -            255 34572at314147        -            277   1.8e-26   89.4  20.2   1   1   2.4e-27   2.3e-26   89.1  20.2    33   276     2   253     1   254 0.82 -
NW_025965123.1_RagTag:1790961-1790050 -            304 34572at314147        -            277   1.9e-26   89.4  22.9   1   1   2.4e-27   2.4e-26   89.1  22.9     6   275     8   296     3   298 0.76 -
contig_71775_pilon:1429-593           -            274 34572at314147        -            277   2.3e-26   89.1  24.9   1   1     3e-27   2.9e-26   88.8  24.9    27   275     6   266     1   268 0.78 -
NW_025965146.1_RagTag:97684-98594     -            291 34572at314147        -            277   2.4e-26   89.0  17.9   1   1   3.2e-27   3.1e-26   88.7  17.9    25   275    27   285    18   287 0.81 -
NW_025965320.1_RagTag:809547-808632   -            291 34572at314147        -            277   2.9e-26   88.8  18.3   1   1   3.9e-27   3.8e-26   88.4  18.3    18   276    22   286     6   287 0.82 -
NW_025965161.1_RagTag:647884-648477   -            198 34572at314147        -            277   3.8e-26   88.4   4.9   1   1   4.9e-27   4.8e-26   88.1   4.9    92   276     4   195     2   196 0.81 -
NW_025965320.1_RagTag:799549-798621   -            308 34572at314147        -            277   5.3e-26   87.9  21.0   1   1   6.7e-27   6.6e-26   87.6  21.0     6   276    12   300     7   301 0.80 -
contig_59306_pilon:950-1787           -            276 34572at314147        -            277   6.5e-26   87.6  14.8   1   1   8.9e-27   8.7e-26   87.2  14.8    24   232    31   256    20   269 0.83 -
NW_025965431.1_RagTag:13941-14826     -            284 34572at314147        -            277   7.3e-26   87.5  23.4   1   1   8.6e-27   8.4e-26   87.3  23.4     8   275     4   280     1   282 0.78 -
NW_025965407.1_RagTag:7923-7021       -            301 34572at314147        -            277   9.1e-26   87.1  20.4   1   1   1.2e-26   1.2e-25   86.8  20.4    16   276    18   298     5   299 0.81 -
NW_025965320.1_RagTag:825316-811740   -            300 34572at314147        -            277     1e-25   87.0  30.5   1   1     2e-26     2e-25   86.0  30.5     5   274    16   295    12   298 0.82 -
NW_025965151.1_RagTag:2310-2956       -            209 34572at314147        -            277   1.1e-25   86.9   9.6   1   1   1.3e-26   1.3e-25   86.7   9.6    74   277     6   209     4   209 0.87 -
NW_025965101.1_RagTag:56170-56871     -            234 34572at314147        -            277   1.1e-25   86.8   9.8   1   1   1.4e-26   1.4e-25   86.6   9.8    74   276    16   225     4   226 0.85 -
NW_025965080.1_RagTag:560460-561338   -            293 34572at314147        -            277   3.1e-25   85.4  24.3   1   1   6.1e-26   5.9e-25   84.5  24.3    20   276    19   291     3   292 0.75 -
NW_025965008.1_RagTag:201239-228537   -            293 34572at314147        -            277   4.4e-25   84.9  19.4   1   1   6.4e-26   6.2e-25   84.4  19.4    23   274    19   292     3   293 0.77 -
NW_025965274.1_RagTag:6065-6799       -            245 34572at314147        -            277   5.8e-25   84.5  20.1   1   1   7.3e-26   7.1e-25   84.2  20.1    19   219    26   245    10   245 0.84 -
NW_025965182.1_RagTag:1702579-1701860 -            240 34572at314147        -            277   6.5e-25   84.3  10.1   1   1   7.9e-26   7.8e-25   84.1  10.1    75   275    30   237     3   239 0.83 -
NW_025965305.1_RagTag:1566199-1565318 -            294 34572at314147        -            277   8.2e-25   84.0  22.9   1   1     1e-25     1e-24   83.7  22.9    17   271    23   294     8   294 0.78 -
NW_025965331.1_RagTag:84058-84891     -            278 34572at314147        -            277   8.8e-25   83.9  18.5   1   1   2.2e-25   2.2e-24   82.6  18.5    24   232    33   266    14   276 0.79 -
NW_025965313.1_RagTag:1578926-1577992 -            301 34572at314147        -            277     1e-24   83.7  21.9   1   1   1.4e-25   1.4e-24   83.3  21.9    20   275    31   296    15   298 0.82 -
contig_30302_pilon:1965-1053          -            290 34572at314147        -            277   1.8e-24   82.9  23.6   1   1   1.5e-24   1.5e-23   79.9  23.6     8   275    14   286     1   288 0.75 -
contig_30879_pilon:3182-2259          -            308 34572at314147        -            277   3.6e-24   81.9  17.3   1   1   4.6e-25   4.5e-24   81.6  17.3    21   275    30   305    13   307 0.83 -
NW_025965313.1_RagTag:3-710           -            236 34572at314147        -            277   4.2e-24   81.7  13.4   1   1   5.1e-25     5e-24   81.5  13.4    74   274    25   232    10   235 0.80 -
NW_025965405.1_RagTag:29174-29767     -            198 34572at314147        -            277   4.4e-24   81.6  15.6   1   1   5.3e-25   5.2e-24   81.4  15.6    77   260     7   197     2   198 0.85 -
contig_19626_pilon:706-1617           -            304 34572at314147        -            277   4.6e-24   81.6  24.3   1   1   6.5e-25   6.4e-24   81.1  24.3     7   274    15   302     9   304 0.78 -
NW_025965341.1_RagTag:115963-115071   -            292 34572at314147        -            277     1e-23   80.4  26.4   1   1   1.3e-24   1.2e-23   80.2  26.4    21   275    21   290     5   292 0.84 -
contig_17327_pilon:1262-525           -            246 34572at314147        -            277   2.5e-23   79.2  14.8   1   1     3e-24     3e-23   78.9  14.8    75   276    34   239    12   240 0.85 -
NW_025965431.1_RagTag:35565-34649     -            304 34572at314147        -            277   4.4e-23   78.3  17.0   1   1   5.9e-24   5.8e-23   78.0  17.0    21   275    27   299    18   301 0.84 -
NW_025965251.1_RagTag:376661-375814   -            272 34572at314147        -            277   8.2e-23   77.5  23.4   1   1   1.1e-23     1e-22   77.1  23.4    19   276     7   270     2   271 0.81 -
NW_025965331.1_RagTag:86119-102345    -            282 34572at314147        -            277   1.1e-22   77.0  21.0   1   1   2.3e-23   2.2e-22   76.0  21.0     8   272     5   273     2   278 0.81 -
NW_025965203.1_RagTag:450455-451276   -            274 34572at314147        -            277   1.6e-22   76.5  16.1   1   1   1.8e-23   1.8e-22   76.4  16.1     9   230     4   242     1   274 0.80 -
NW_025965054.1_RagTag:12799-13453     -            208 34572at314147        -            277   2.2e-22   76.0   2.4   1   1   2.8e-23   2.7e-22   75.7   2.4    85   275    18   204    11   206 0.80 -
NW_025965161.1_RagTag:650005-650751   -            249 34572at314147        -            277   2.4e-22   75.9  12.3   1   1     3e-23   2.9e-22   75.7  12.3    51   275     1   244     1   246 0.85 -
NW_025965636.1_RagTag:13671-15687     -            305 34572at314147        -            277   4.4e-22   75.1  25.8   1   1   6.3e-23   6.2e-22   74.6  25.8     8   276    10   299     4   300 0.75 -
NW_025965008.1_RagTag:175654-175094   -            187 34572at314147        -            277   6.1e-22   74.6  15.1   1   1     7e-23   6.8e-22   74.4  15.1    99   276     1   185     1   186 0.84 -
NW_025965146.1_RagTag:91849-90956     -            276 34572at314147        -            277   7.5e-22   74.3  24.5   1   2   3.1e-14   3.1e-13   46.1  12.8    21   118    25   135     6   144 0.78 -
NW_025965146.1_RagTag:91849-90956     -            276 34572at314147        -            277   7.5e-22   74.3  24.5   2   2   1.7e-10   1.7e-09   33.8   5.8   140   276   134   274   133   275 0.80 -
contig_14807_pilon:1398-489           -            298 34572at314147        -            277   9.6e-22   74.0  16.3   1   1   1.2e-22   1.2e-21   73.6  16.3    22   273    24   296     7   298 0.84 -
contig_68255_pilon:858-0              -            263 34572at314147        -            277   2.3e-21   72.7  19.1   1   1   6.8e-22   6.7e-21   71.2  19.1     8   228    14   231     8   245 0.77 -
NW_025965256.1_RagTag:9881-8692       -            297 34572at314147        -            277   2.5e-21   72.6  22.0   1   1   3.8e-22   3.7e-21   72.0  22.0     6   277     8   293     4   293 0.79 -
NW_025965250.1_RagTag:29037-28351     -            229 34572at314147        -            277   3.6e-21   72.1  21.2   1   1   4.6e-22   4.5e-21   71.8  21.2    21   186    38   219    18   229 0.80 -
NW_025965054.1_RagTag:12554-17488     -            271 34572at314147        -            277     4e-21   71.9  15.0   1   2   8.1e-18   7.9e-17   57.8  13.2    23   177    25   185     9   196 0.76 -
NW_025965054.1_RagTag:12554-17488     -            271 34572at314147        -            277     4e-21   71.9  15.0   2   2   0.00016    0.0016   14.2   0.1   209   275   198   265   189   267 0.73 -
contig_32555_pilon:1949-1238          -            233 34572at314147        -            277   5.6e-21   71.4  11.7   1   2   1.2e-06   1.2e-05   21.2   0.8     8    71    12    79     5    85 0.73 -
contig_32555_pilon:1949-1238          -            233 34572at314147        -            277   5.6e-21   71.4  11.7   2   2   9.4e-17   9.2e-16   54.3   5.6   142   275    84   222    78   224 0.82 -
NW_025965151.1_RagTag:2047-2980       -            272 34572at314147        -            277   7.7e-21   71.0  23.3   1   2   9.4e-07   9.2e-06   21.5   8.8     6    87    12   106     8   119 0.77 -
NW_025965151.1_RagTag:2047-2980       -            272 34572at314147        -            277   7.7e-21   71.0  23.3   2   2   5.5e-17   5.4e-16   55.1   7.1   143   277   123   264   109   264 0.88 -
contig_56588_pilon:2289-1497          -            252 34572at314147        -            277   7.5e-20   67.8  22.5   1   1   3.6e-20   3.5e-19   65.6  22.5    35   275     2   249     1   251 0.77 -
NW_025965101.1_RagTag:46542-45745     -            266 34572at314147        -            277   8.7e-20   67.5  20.4   1   1   1.2e-20   1.2e-19   67.1  20.4    19   200    25   223    10   259 0.79 -
contig_72985_pilon:1531-2240          -            234 34572at314147        -            277   2.7e-19   65.9  17.4   1   1   3.7e-20   3.6e-19   65.5  17.4    20   206    26   226     9   232 0.82 -
NW_025965123.1_RagTag:1630917-1738918 -            282 34572at314147        -            277     3e-19   65.8  32.8   1   1   8.3e-20   8.1e-19   64.4  32.8    19   274    24   280     8   282 0.74 -
NW_025965008.1_RagTag:183830-183273   -            186 34572at314147        -            277   3.6e-19   65.5  15.0   1   1   4.1e-20   4.1e-19   65.3  15.0   102   277     1   183     1   183 0.87 -
NW_025965313.1_RagTag:8909-65962      -            278 34572at314147        -            277   1.6e-18   63.4  27.4   1   2   3.7e-16   3.6e-15   52.4  22.8    19   179    29   205    13   208 0.79 -
NW_025965313.1_RagTag:8909-65962      -            278 34572at314147        -            277   1.6e-18   63.4  27.4   2   2   0.00023    0.0023   13.7   0.1   210   275   209   275   206   277 0.85 -
NW_025965313.1_RagTag:20789-21538     -            242 34572at314147        -            277   2.4e-18   62.8  15.6   1   1   3.1e-19   3.1e-18   62.5  15.6    48   274     1   238     1   241 0.79 -
NW_025965023.1_RagTag:838527-839265   -            220 34572at314147        -            277   9.3e-18   60.9  11.7   1   1   1.6e-17   1.6e-16   56.9  11.7    48   274     1   219     1   220 0.79 -
contig_27735_pilon:510-1              -            170 34572at314147        -            277   9.4e-18   60.9  10.6   1   1   1.2e-18   1.2e-17   60.5  10.6     8   122    23   150    18   168 0.82 -
contig_17158_pilon:2124-1588          -            179 34572at314147        -            277   2.9e-17   59.3   7.8   1   1   3.4e-18   3.3e-17   59.1   7.8   110   277     1   176     1   176 0.83 -
contig_81842_pilon:1464-697           -            256 34572at314147        -            277   4.1e-17   58.8  17.7   1   1   2.5e-17   2.4e-16   56.2  17.7    46   276     5   254     3   255 0.78 -
NW_025965324.1_RagTag:3751936-3751007 -            279 34572at314147        -            277   5.2e-17   58.4  24.5   1   2   2.9e-14   2.9e-13   46.2  13.1     7   129    13   145     8   161 0.78 -
NW_025965324.1_RagTag:3751936-3751007 -            279 34572at314147        -            277   5.2e-17   58.4  24.5   2   2   1.2e-05   0.00011   18.0   3.5   179   275   173   271   161   273 0.73 -
contig_44821_pilon:548-0              -            183 34572at314147        -            277   5.8e-17   58.3  12.1   1   1     8e-18   7.9e-17   57.8  12.1    19   158    23   174     7   181 0.81 -
contig_16391_pilon:1811-892           -            276 34572at314147        -            277   1.7e-16   56.7  21.6   1   2   9.4e-10   9.2e-09   31.4  12.1     8   122    14   141     8   158 0.70 -
contig_16391_pilon:1811-892           -            276 34572at314147        -            277   1.7e-16   56.7  21.6   2   2   1.6e-09   1.6e-08   30.6   1.9   188   275   181   271   162   273 0.82 -
NW_025965008.1_RagTag:210473-211126   -            218 34572at314147        -            277   2.1e-16   56.5  17.7   1   1   2.5e-17   2.5e-16   56.2  17.7    28   224     4   217     1   218 0.69 -
NW_025965574.1_RagTag:1105-352        -            246 34572at314147        -            277   6.2e-16   54.9  21.5   1   1   8.2e-17   8.1e-16   54.5  21.5    20   224    22   239     5   244 0.83 -
NW_025965418.1_RagTag:2394-2962       -            181 34572at314147        -            277   9.5e-16   54.3   2.7   1   1   1.5e-16   1.5e-15   53.7   2.7    95   277     1   181     1   181 0.81 -
NW_025965313.1_RagTag:1581324-1580538 -            260 34572at314147        -            277     1e-15   54.2  30.7   1   1   1.7e-16   1.6e-15   53.5  30.7    21   206    10   210     5   253 0.82 -
contig_9927_pilon:1158-472            -            183 34572at314147        -            277   1.1e-15   54.1   7.9   1   2   1.5e-10   1.5e-09   34.0   2.6    61   169     3   108     1   111 0.86 -
contig_9927_pilon:1158-472            -            183 34572at314147        -            277   1.1e-15   54.1   7.9   2   2     2e-08   1.9e-07   27.0   0.9   196   276    98   177    78   178 0.82 -
NW_025965149.1_RagTag:1591037-1591573 -            179 34572at314147        -            277   1.7e-15   53.5   5.7   1   1     2e-16   1.9e-15   53.3   5.7   110   275     1   173     1   175 0.83 -
NW_025965182.1_RagTag:1728940-1729338 -            133 34572at314147        -            277   1.9e-15   53.3   8.6   1   1   2.6e-16   2.6e-15   52.9   8.6    24   117    27   133     6   133 0.80 -
NW_025965054.1_RagTag:7836-7369       -            156 34572at314147        -            277   5.7e-15   51.8   5.3   1   1   6.6e-16   6.4e-15   51.6   5.3    39   168    11   156     1   156 0.84 -
NW_025965306.1_RagTag:22694-23270     -            157 34572at314147        -            277   1.6e-14   50.2   7.6   1   2   1.3e-08   1.3e-07   27.6   0.5    94   157     4    71     1    72 0.86 -
NW_025965306.1_RagTag:22694-23270     -            157 34572at314147        -            277   1.6e-14   50.2   7.6   2   2   2.1e-08     2e-07   27.0   1.9   192   273    71   155    67   157 0.83 -
NW_025965307.1_RagTag:57189-57698     -            170 34572at314147        -            277   2.6e-14   49.6   8.2   1   1   3.3e-15   3.2e-14   49.3   8.2    16   121    18   140     1   158 0.74 -
contig_31446_pilon:625-37             -            190 34572at314147        -            277     3e-14   49.4  13.2   1   1   4.4e-15   4.3e-14   48.8  13.2    15   169    13   179     4   188 0.82 -
contig_62518_pilon:1550-1137          -            138 34572at314147        -            277   5.2e-14   48.6   4.1   1   1   5.9e-15   5.8e-14   48.4   4.1   151   275    12   136     2   138 0.79 -
NW_025965008.1_RagTag:167884-163548   -            147 34572at314147        -            277   6.3e-14   48.3   8.4   1   1   7.4e-15   7.2e-14   48.1   8.4    24   122    22   126     3   144 0.77 -
NW_025965313.1_RagTag:59105-59614     -            170 34572at314147        -            277   1.1e-13   47.5  17.7   1   1   1.4e-14   1.3e-13   47.3  17.7     7   154     9   169     3   170 0.76 -
NW_025965317.1_RagTag:2485893-2486315 -            141 34572at314147        -            277   1.8e-13   46.8   3.9   1   1   2.3e-14   2.3e-13   46.5   3.9   145   232    12   105     6   110 0.88 -
NW_025965313.1_RagTag:1633880-1633377 -            168 34572at314147        -            277   4.2e-13   45.6   4.6   1   1   4.7e-14   4.6e-13   45.5   4.6   149   276    37   167     5   168 0.87 -
NW_025965320.1_RagTag:792323-791874   -            150 34572at314147        -            277   1.6e-10   37.2  10.8   1   1   3.8e-11   3.7e-10   35.9  10.8    17   128    15   143     4   150 0.67 -
NW_025965215.1_RagTag:332936-333253   -            106 34572at314147        -            277   1.8e-10   37.0   1.2   1   1     2e-11     2e-10   36.8   1.2   188   276    16   105     5   106 0.89 -
NW_025965274.1_RagTag:25462-24893     -            160 34572at314147        -            277   6.3e-09   31.9   6.9   1   1   7.2e-10   7.1e-09   31.8   6.9    28   130    25   133    11   160 0.72 -
NW_025965123.1_RagTag:1583045-1583462 -            132 34572at314147        -            277   9.1e-09   31.4   4.4   1   1   1.1e-09   1.1e-08   31.1   4.4   150   273    11   129     4   132 0.75 -
NW_025965470.1_RagTag:908-166         -            206 34572at314147        -            277   1.3e-08   30.8   4.4   1   2   2.1e-09   2.1e-08   30.2   3.2    78   215    46   182     8   186 0.68 -
NW_025965470.1_RagTag:908-166         -            206 34572at314147        -            277   1.3e-08   30.8   4.4   2   2       3.3        33    0.0   0.0   252   273   183   204   179   206 0.81 -
NW_025965161.1_RagTag:639126-639794   -            223 34572at314147        -            277   2.2e-07   26.9  21.2   1   1   3.7e-08   3.7e-07   26.1  21.2    24   156    25   170    14   222 0.77 -
NW_025965273.1_RagTag:377227-377896   -            191 34572at314147        -            277   4.6e-06   22.5   7.5   1   1   6.7e-07   6.6e-06   22.0   7.5    35   168    21   163     2   173 0.55 -
#
# Program:         hmmsearch
# Version:         3.1b2 (February 2015)
# Pipeline mode:   SEARCH
# Query file:      /home/bgerda/guppy_SUP/busco_downloads/lineages/glires_odb10/hmms/34572at314147.hmm
# Target file:     /home/bgerda/guppy_SUP/busco_results_racon/run_glires_odb10/metaeuk_output/initial_results/ragtag.scaffold.fasta.modified.fas
# Option settings: hmmsearch --domtblout /home/bgerda/guppy_SUP/busco_results_racon/run_glires_odb10/hmmer_output/initial_run_results/34572at314147.out --cpu 1 /home/bgerda/guppy_SUP/busco_downloads/lineages/glires_odb10/hmms/34572at314147.hmm /home/bgerda/guppy_SUP/busco_results_racon/run_glires_odb10/metaeuk_output/initial_results/ragtag.scaffold.fasta.modified.fas 
# Current dir:     /home/bgerda/guppy_SUP
# Date:            Sun May 21 17:05:49 2023
# [ok]
