#                                                                                             --- full sequence --- -------------- this domain -------------   hmm coord   ali coord   env coord
# target name                         accession   tlen query name           accession   qlen   E-value  score  bias   #  of  c-Evalue  i-Evalue  score  bias  from    to  from    to  from    to  acc description of target
#                 ------------------- ---------- ----- -------------------- ---------- ----- --------- ------ ----- --- --- --------- --------- ------ ----- ----- ----- ----- ----- ----- ----- ---- ---------------------
NW_025965284.1_RagTag:343396-345492   -            220 34631at314147        -            283  2.9e-132  436.7   8.5   1   1  1.9e-134  3.4e-132  436.5   8.5     1   209     1   217     1   220 0.97 -
NW_025965177.1_RagTag:229533-229225   -            103 34631at314147        -            283   7.6e-18   61.3   2.4   1   2       1.1     2e+02   -2.5   0.0     4    15    23    34    21    44 0.81 -
NW_025965177.1_RagTag:229533-229225   -            103 34631at314147        -            283   7.6e-18   61.3   2.4   2   2   4.3e-20   7.6e-18   61.3   2.4   133   191    45   103    36   103 0.93 -
NW_025965309.1_RagTag:3204112-3203780 -            111 34631at314147        -            283   1.2e-17   60.7   0.7   1   1   7.6e-20   1.3e-17   60.5   0.7   168   232     4    67     1   104 0.77 -
NW_025965324.1_RagTag:2927304-2928146 -            184 34631at314147        -            283   9.2e-15   51.2   1.0   1   1   6.6e-17   1.2e-14   50.8   1.0   122   204    72   152    63   179 0.81 -
NW_025965324.1_RagTag:2914727-2915469 -            122 34631at314147        -            283   3.4e-13   46.0   2.1   1   1   2.3e-15   4.1e-13   45.8   2.1   136   197    32    93    26   111 0.91 -
NW_025965275.1_RagTag:420401-420210   -             64 34631at314147        -            283   6.9e-13   45.0   3.6   1   1     4e-15   7.1e-13   45.0   3.6   136   195     3    62     1    64 0.95 -
NW_025965266.1_RagTag:206462-207725   -            136 34631at314147        -            283   0.00078   15.3   0.1   1   2         1   1.8e+02   -2.3   0.1   251   261    32    42    10    69 0.55 -
NW_025965266.1_RagTag:206462-207725   -            136 34631at314147        -            283   0.00078   15.3   0.1   2   2   4.4e-06   0.00078   15.3   0.1   135   177    92   135    73   136 0.88 -
NW_025965300.1_RagTag:1697828-1700011 -            728 34631at314147        -            283    0.0049   12.7   8.0   1   4       1.2     2e+02   -2.5   0.0   161   191   174   204   166   206 0.79 -
NW_025965300.1_RagTag:1697828-1700011 -            728 34631at314147        -            283    0.0049   12.7   8.0   2   4   0.00096      0.17    7.6   0.0   146   194   339   387   326   398 0.89 -
NW_025965300.1_RagTag:1697828-1700011 -            728 34631at314147        -            283    0.0049   12.7   8.0   3   4    0.0086       1.5    4.5   0.2   145   190   428   473   423   494 0.90 -
NW_025965300.1_RagTag:1697828-1700011 -            728 34631at314147        -            283    0.0049   12.7   8.0   4   4     0.036       6.3    2.5   0.1   143   190   525   572   515   578 0.89 -
#
# Program:         hmmsearch
# Version:         3.1b2 (February 2015)
# Pipeline mode:   SEARCH
# Query file:      /home/bgerda/guppy_SUP/busco_downloads/lineages/glires_odb10/hmms/34631at314147.hmm
# Target file:     /home/bgerda/guppy_SUP/busco_results_racon/run_glires_odb10/metaeuk_output/initial_results/ragtag.scaffold.fasta.modified.fas
# Option settings: hmmsearch --domtblout /home/bgerda/guppy_SUP/busco_results_racon/run_glires_odb10/hmmer_output/initial_run_results/34631at314147.out --cpu 1 /home/bgerda/guppy_SUP/busco_downloads/lineages/glires_odb10/hmms/34631at314147.hmm /home/bgerda/guppy_SUP/busco_results_racon/run_glires_odb10/metaeuk_output/initial_results/ragtag.scaffold.fasta.modified.fas 
# Current dir:     /home/bgerda/guppy_SUP
# Date:            Sun May 21 17:05:47 2023
# [ok]
