#                                                                                             --- full sequence --- -------------- this domain -------------   hmm coord   ali coord   env coord
# target name                         accession   tlen query name           accession   qlen   E-value  score  bias   #  of  c-Evalue  i-Evalue  score  bias  from    to  from    to  from    to  acc description of target
#                 ------------------- ---------- ----- -------------------- ---------- ----- --------- ------ ----- --- --- --------- --------- ------ ----- ----- ----- ----- ----- ----- ----- ---- ---------------------
NW_025965218.1_RagTag:845634-833156   -            159 35823at314147        -            169   2.2e-33  112.0   0.4   1   1   3.1e-35   2.9e-33  111.6   0.4     1   102    57   158    57   159 0.98 -
NW_025965066.1_RagTag:284525-286349   -            149 35823at314147        -            169   2.8e-23   79.1   0.4   1   1   1.5e-23   1.5e-21   73.5   0.4    19   132    15   119    11   128 0.81 -
NW_025965315.1_RagTag:3323724-3324697 -            104 35823at314147        -            169   1.6e-17   60.4   0.1   1   1   1.9e-19   1.8e-17   60.2   0.1    27   122     1    97     1   103 0.92 -
NW_025965152.1_RagTag:100761-100627   -             45 35823at314147        -            169   4.1e-16   55.8   0.1   1   1   4.7e-18   4.4e-16   55.7   0.1    22    66     1    45     1    45 0.98 -
contig_28026_pilon:1632-1748          -             39 35823at314147        -            169   3.7e-14   49.4   0.2   1   1   4.1e-16   3.9e-14   49.4   0.2    18    55     2    39     1    39 0.97 -
NW_025965045.1_RagTag:4303-3944       -            120 35823at314147        -            169   5.6e-13   45.6   0.1   1   1   6.7e-15   6.3e-13   45.4   0.1    22   130     1   105     1   115 0.87 -
NW_025965233.1_RagTag:130280-131913   -            168 35823at314147        -            169   5.1e-12   42.5   0.0   1   1   6.8e-14   6.4e-12   42.1   0.0     7   115     3   111     1   116 0.92 -
NW_025965215.1_RagTag:394055-393448   -             62 35823at314147        -            169     8e-11   38.6   0.1   1   1   8.7e-13   8.2e-11   38.5   0.1    68   128     2    61     1    62 0.92 -
NW_025965318.1_RagTag:2186669-2187754 -            155 35823at314147        -            169   2.9e-10   36.8   0.1   1   1   3.6e-12   3.4e-10   36.5   0.1     8   101    15   110     9   138 0.85 -
NW_025965256.1_RagTag:953578-953943   -            122 35823at314147        -            169   3.3e-10   36.6   0.0   1   1     4e-12   3.8e-10   36.4   0.0    42   127     4    90     1   111 0.85 -
NW_025965016.1_RagTag:301813-302070   -             86 35823at314147        -            169   8.4e-09   32.0   0.0   1   1     1e-10   9.8e-09   31.8   0.0    52   122    17    86    11    86 0.95 -
NW_025965319.1_RagTag:347398-347027   -            124 35823at314147        -            169     3e-08   30.2   0.0   1   1     4e-10   3.7e-08   29.9   0.0     3    59    57   113    55   122 0.92 -
NW_025965350.1_RagTag:40927-41280     -            118 35823at314147        -            169   4.6e-08   29.6   0.0   1   1     7e-10   6.6e-08   29.1   0.0     1    34    69   103    69   111 0.87 -
NW_025965240.1_RagTag:123498-122129   -            157 35823at314147        -            169   2.3e-07   27.3   0.0   1   1   3.4e-09   3.2e-07   26.9   0.0    41   129    14   102     5   120 0.84 -
NW_025965250.1_RagTag:63137-62556     -            194 35823at314147        -            169   7.8e-07   25.6   0.0   1   1   1.3e-08   1.3e-06   24.9   0.0     5    84    60   140    56   147 0.88 -
#
# Program:         hmmsearch
# Version:         3.1b2 (February 2015)
# Pipeline mode:   SEARCH
# Query file:      /home/bgerda/guppy_SUP/busco_downloads/lineages/glires_odb10/hmms/35823at314147.hmm
# Target file:     /home/bgerda/guppy_SUP/busco_results_racon/run_glires_odb10/metaeuk_output/initial_results/ragtag.scaffold.fasta.modified.fas
# Option settings: hmmsearch --domtblout /home/bgerda/guppy_SUP/busco_results_racon/run_glires_odb10/hmmer_output/initial_run_results/35823at314147.out --cpu 1 /home/bgerda/guppy_SUP/busco_downloads/lineages/glires_odb10/hmms/35823at314147.hmm /home/bgerda/guppy_SUP/busco_results_racon/run_glires_odb10/metaeuk_output/initial_results/ragtag.scaffold.fasta.modified.fas 
# Current dir:     /home/bgerda/guppy_SUP
# Date:            Sun May 21 17:05:47 2023
# [ok]
