#                                                                                             --- full sequence --- -------------- this domain -------------   hmm coord   ali coord   env coord
# target name                         accession   tlen query name           accession   qlen   E-value  score  bias   #  of  c-Evalue  i-Evalue  score  bias  from    to  from    to  from    to  acc description of target
#                 ------------------- ---------- ----- -------------------- ---------- ----- --------- ------ ----- --- --- --------- --------- ------ ----- ----- ----- ----- ----- ----- ----- ---- ---------------------
NW_025965270.1_RagTag:198927-198358   -            190 36458at314147        -            170   2.3e-66  219.5   1.3   1   1   1.1e-68   2.6e-66  219.3   1.3     1   158    32   189    32   190 0.96 -
NW_025965320.1_RagTag:2556540-2557046 -            169 36458at314147        -            170   1.8e-65  216.6   1.2   1   1   8.6e-68     2e-65  216.5   1.2     1   158    11   168    11   169 0.96 -
contig_24440_pilon:528-1028           -            167 36458at314147        -            170   5.7e-65  215.0   1.3   1   1   2.7e-67   6.3e-65  214.9   1.3     1   158     9   166     9   167 0.96 -
NW_025965135.1_RagTag:1113117-1116455 -            136 36458at314147        -            170   4.6e-24   81.9   0.3   1   2   5.7e-11   1.4e-08   31.5   0.1     1    51    13    62    13    64 0.93 -
NW_025965135.1_RagTag:1113117-1116455 -            136 36458at314147        -            170   4.6e-24   81.9   0.3   2   2   1.2e-16   2.8e-14   50.0   0.0    96   137    62   103    61   115 0.93 -
NW_025965322.1_RagTag:1077271-1076876 -            130 36458at314147        -            170   1.7e-22   76.8   0.5   1   1   8.2e-25   1.9e-22   76.6   0.5    31   158     6   129     1   130 0.88 -
NW_025965280.1_RagTag:169116-174670   -            291 36458at314147        -            170   1.3e-07   28.3   0.1   1   2   0.00022     0.052   10.1   0.0    13    59   105   148    99   153 0.83 -
NW_025965280.1_RagTag:169116-174670   -            291 36458at314147        -            170   1.3e-07   28.3   0.1   2   2   1.8e-06   0.00043   16.9   0.0   108   148   149   190   147   201 0.85 -
#
# Program:         hmmsearch
# Version:         3.1b2 (February 2015)
# Pipeline mode:   SEARCH
# Query file:      /home/bgerda/guppy_SUP/busco_downloads/lineages/glires_odb10/hmms/36458at314147.hmm
# Target file:     /home/bgerda/guppy_SUP/busco_results_racon/run_glires_odb10/metaeuk_output/initial_results/ragtag.scaffold.fasta.modified.fas
# Option settings: hmmsearch --domtblout /home/bgerda/guppy_SUP/busco_results_racon/run_glires_odb10/hmmer_output/initial_run_results/36458at314147.out --cpu 1 /home/bgerda/guppy_SUP/busco_downloads/lineages/glires_odb10/hmms/36458at314147.hmm /home/bgerda/guppy_SUP/busco_results_racon/run_glires_odb10/metaeuk_output/initial_results/ragtag.scaffold.fasta.modified.fas 
# Current dir:     /home/bgerda/guppy_SUP
# Date:            Sun May 21 17:05:47 2023
# [ok]
