#                                                                                             --- full sequence --- -------------- this domain -------------   hmm coord   ali coord   env coord
# target name                         accession   tlen query name           accession   qlen   E-value  score  bias   #  of  c-Evalue  i-Evalue  score  bias  from    to  from    to  from    to  acc description of target
#                 ------------------- ---------- ----- -------------------- ---------- ----- --------- ------ ----- --- --- --------- --------- ------ ----- ----- ----- ----- ----- ----- ----- ---- ---------------------
NW_025965155.1_RagTag:175000-176333   -            117 37066at314147        -            191   1.5e-30  103.0   0.0   1   1   1.9e-32   1.7e-30  102.8   0.0    78   189     1   115     1   117 0.87 -
NW_025965311.1_RagTag:928489-927910   -            102 37066at314147        -            191     4e-25   85.3   0.0   1   1   4.6e-27     4e-25   85.3   0.0    64   150     1    89     1   102 0.86 -
NW_025965233.1_RagTag:149862-153124   -            174 37066at314147        -            191   3.4e-24   82.3   0.3   1   2   2.4e-24   2.1e-22   76.4   0.1     3    74    11    82    10    90 0.92 -
NW_025965233.1_RagTag:149862-153124   -            174 37066at314147        -            191   3.4e-24   82.3   0.3   2   2     0.036       3.1    4.1   0.0   145   177    97   130    90   134 0.83 -
NW_025965218.1_RagTag:845634-833156   -            159 37066at314147        -            191     4e-17   59.2   0.0   1   1   5.7e-19     5e-17   58.9   0.0     7   124    25   143    21   151 0.90 -
NW_025965319.1_RagTag:347398-347027   -            124 37066at314147        -            191   3.3e-12   43.2   0.0   1   1   4.8e-14   4.2e-12   42.8   0.0     6    95    23   112    18   121 0.94 -
NW_025965350.1_RagTag:40927-41280     -            118 37066at314147        -            191   1.1e-10   38.2   0.0   1   1   1.5e-12   1.4e-10   37.9   0.0     7    66    37    98    30   104 0.88 -
NW_025965045.1_RagTag:4303-3944       -            120 37066at314147        -            191   7.5e-10   35.5   0.1   1   1   9.8e-12   8.7e-10   35.2   0.1    59   127     1    68     1    96 0.92 -
NW_025965250.1_RagTag:63137-62556     -            194 37066at314147        -            191   6.4e-08   29.2   0.3   1   2   1.4e-09   1.2e-07   28.2   0.0     8   124    25   143    21   152 0.72 -
NW_025965250.1_RagTag:63137-62556     -            194 37066at314147        -            191   6.4e-08   29.2   0.3   2   2         3   2.6e+02   -2.2   0.1   162   186   170   194   161   194 0.72 -
NW_025965318.1_RagTag:2186669-2187754 -            155 37066at314147        -            191   5.2e-06   22.9   0.1   1   1   7.1e-08   6.3e-06   22.7   0.1    37   140     7   115     4   135 0.77 -
NW_025965256.1_RagTag:953578-953943   -            122 37066at314147        -            191   6.6e-06   22.6   0.3   1   1   5.3e-07   4.7e-05   19.8   0.3    80   170     5    86     2   114 0.79 -
NW_025965240.1_RagTag:123498-122129   -            157 37066at314147        -            191   7.2e-06   22.5   0.0   1   1   3.7e-07   3.3e-05   20.3   0.0    81   178    17   103     9   115 0.82 -
NW_025965233.1_RagTag:130280-131913   -            168 37066at314147        -            191   5.1e-05   19.7   0.0   1   1   6.9e-07   6.1e-05   19.4   0.0    52   127    11    87     1   106 0.81 -
NW_025965315.1_RagTag:3323724-3324697 -            104 37066at314147        -            191   0.00018   17.9   0.1   1   1   1.1e-05   0.00094   15.6   0.1    67   169     4    97     1   103 0.66 -
NW_025965066.1_RagTag:284525-286349   -            149 37066at314147        -            191   0.00026   17.4   0.0   1   2   8.1e-06   0.00071   16.0   0.0    54   106    13    67     9   107 0.84 -
NW_025965066.1_RagTag:284525-286349   -            149 37066at314147        -            191   0.00026   17.4   0.0   2   2      0.84        74   -0.4   0.0   151   172    91   112    73   126 0.78 -
NW_025965152.1_RagTag:100761-100627   -             45 37066at314147        -            191    0.0028   14.0   0.0   1   1   3.2e-05    0.0028   14.0   0.0    59   100     1    41     1    45 0.92 -
NW_025965016.1_RagTag:301813-302070   -             86 37066at314147        -            191    0.0083   12.5   0.0   1   1   0.00052     0.046   10.0   0.0    97   125    24    53    15    86 0.67 -
#
# Program:         hmmsearch
# Version:         3.1b2 (February 2015)
# Pipeline mode:   SEARCH
# Query file:      /home/bgerda/guppy_SUP/busco_downloads/lineages/glires_odb10/hmms/37066at314147.hmm
# Target file:     /home/bgerda/guppy_SUP/busco_results_racon/run_glires_odb10/metaeuk_output/initial_results/ragtag.scaffold.fasta.modified.fas
# Option settings: hmmsearch --domtblout /home/bgerda/guppy_SUP/busco_results_racon/run_glires_odb10/hmmer_output/initial_run_results/37066at314147.out --cpu 1 /home/bgerda/guppy_SUP/busco_downloads/lineages/glires_odb10/hmms/37066at314147.hmm /home/bgerda/guppy_SUP/busco_results_racon/run_glires_odb10/metaeuk_output/initial_results/ragtag.scaffold.fasta.modified.fas 
# Current dir:     /home/bgerda/guppy_SUP
# Date:            Sun May 21 17:05:48 2023
# [ok]
