#                                                                                             --- full sequence --- -------------- this domain -------------   hmm coord   ali coord   env coord
# target name                         accession   tlen query name           accession   qlen   E-value  score  bias   #  of  c-Evalue  i-Evalue  score  bias  from    to  from    to  from    to  acc description of target
#                 ------------------- ---------- ----- -------------------- ---------- ----- --------- ------ ----- --- --- --------- --------- ------ ----- ----- ----- ----- ----- ----- ----- ---- ---------------------
contig_66008_pilon:1779-2636          -            286 5312at314147         -            817   1.5e-26   89.1   0.0   1   1   2.3e-28   1.8e-26   88.8   0.0    43   263    19   236     5   243 0.88 -
NW_025965233.1_RagTag:114859-113462   -            466 5312at314147         -            817   9.4e-23   76.5   0.0   1   1   1.6e-24   1.3e-22   76.0   0.0    41   264    40   259    31   264 0.86 -
contig_34309_pilon:592-2              -            197 5312at314147         -            817   3.6e-21   71.3   0.1   1   1     5e-23   3.9e-21   71.1   0.1    41   196    40   196     9   197 0.85 -
contig_37224_pilon:1693-2424          -            244 5312at314147         -            817   6.3e-20   67.1   0.1   1   1   9.8e-22   7.7e-20   66.8   0.1    41   207    31   198    10   209 0.83 -
NW_025965499.1_RagTag:3791-2706       -            362 5312at314147         -            817     2e-19   65.5   0.1   1   1   2.9e-21   2.3e-19   65.3   0.1    50   201    61   210    41   269 0.84 -
NW_025965099.1_RagTag:14363-15274     -            304 5312at314147         -            817   4.2e-19   64.4   0.2   1   1   6.2e-21   4.9e-19   64.2   0.2    39   203    60   222    50   283 0.81 -
contig_34501_pilon:2271-1564          -            236 5312at314147         -            817   3.8e-17   57.9   0.0   1   1   5.7e-19   4.5e-17   57.7   0.0    81   210     4   131     1   142 0.87 -
contig_31429_pilon:462-998            -            179 5312at314147         -            817   1.7e-15   52.5   0.1   1   1   2.4e-17   1.9e-15   52.3   0.1    81   254     2   172     1   178 0.85 -
NW_025965279.1_RagTag:78582-79082     -            167 5312at314147         -            817     2e-14   48.9   0.0   1   1   2.5e-16     2e-14   48.9   0.0   110   207    10   106     3   165 0.85 -
NW_025965548.1_RagTag:8433-1774       -            515 5312at314147         -            817   3.2e-14   48.3   0.0   1   1   6.3e-16   4.9e-14   47.6   0.0    60   257   291   505   269   512 0.73 -
NW_025965309.1_RagTag:3330510-3327790 -            323 5312at314147         -            817   2.7e-08   28.6   0.0   1   1   4.9e-10   3.8e-08   28.2   0.0    42   200   140   314   117   317 0.75 -
NW_025965313.1_RagTag:82152-83454     -            215 5312at314147         -            817   2.1e-07   25.7   0.0   1   1   3.3e-09   2.6e-07   25.4   0.0    48   157    79   189    59   199 0.90 -
NW_025965401.1_RagTag:63455-65494     -            216 5312at314147         -            817   1.4e-06   22.9   0.0   1   2   1.1e-07   8.4e-06   20.4   0.0   103   204    17   127     9   142 0.73 -
NW_025965401.1_RagTag:63455-65494     -            216 5312at314147         -            817   1.4e-06   22.9   0.0   2   2      0.13       9.9    0.3   0.0   229   249   196   216   181   216 0.84 -
contig_18707_pilon:1317-1844          -            176 5312at314147         -            817   1.2e-05   19.9   0.0   1   1   1.9e-07   1.5e-05   19.6   0.0   112   204    12   104     3   121 0.85 -
NW_025965240.1_RagTag:95899-92013     -            305 5312at314147         -            817   5.7e-05   17.6   0.2   1   1   8.8e-07   6.9e-05   17.4   0.2    48   131   224   305   192   305 0.82 -
NW_025965218.1_RagTag:1578470-1576498 -            278 5312at314147         -            817   9.3e-05   16.9   0.0   1   1   1.7e-06   0.00013   16.5   0.0   142   228    87   175    61   193 0.85 -
NW_025965222.1_RagTag:185086-183102   -            116 5312at314147         -            817    0.0013   13.1   0.0   1   1     2e-05    0.0016   12.9   0.0   171   256     4    88     2   102 0.79 -
NW_025965066.1_RagTag:85339-85662     -             64 5312at314147         -            817    0.0088   10.4   0.0   1   1   0.00011    0.0088   10.4   0.0   170   201     5    36     2    56 0.88 -
#
# Program:         hmmsearch
# Version:         3.1b2 (February 2015)
# Pipeline mode:   SEARCH
# Query file:      /home/bgerda/guppy_SUP/busco_downloads/lineages/glires_odb10/hmms/5312at314147.hmm
# Target file:     /home/bgerda/guppy_SUP/busco_results_racon/run_glires_odb10/metaeuk_output/initial_results/ragtag.scaffold.fasta.modified.fas
# Option settings: hmmsearch --domtblout /home/bgerda/guppy_SUP/busco_results_racon/run_glires_odb10/hmmer_output/initial_run_results/5312at314147.out --cpu 1 /home/bgerda/guppy_SUP/busco_downloads/lineages/glires_odb10/hmms/5312at314147.hmm /home/bgerda/guppy_SUP/busco_results_racon/run_glires_odb10/metaeuk_output/initial_results/ragtag.scaffold.fasta.modified.fas 
# Current dir:     /home/bgerda/guppy_SUP
# Date:            Sun May 21 17:05:51 2023
# [ok]
