#                                                                                             --- full sequence --- -------------- this domain -------------   hmm coord   ali coord   env coord
# target name                         accession   tlen query name           accession   qlen   E-value  score  bias   #  of  c-Evalue  i-Evalue  score  bias  from    to  from    to  from    to  acc description of target
#                 ------------------- ---------- ----- -------------------- ---------- ----- --------- ------ ----- --- --- --------- --------- ------ ----- ----- ----- ----- ----- ----- ----- ---- ---------------------
NW_025965304.1_RagTag:236053-233843   -            737 6643at314147         -            832   4.2e-27   90.9  48.4   1   2   1.6e-14     2e-12   42.3  30.4    76   490     4   435     2   438 0.76 -
NW_025965304.1_RagTag:236053-233843   -            737 6643at314147         -            832   4.2e-27   90.9  48.4   2   2   4.8e-18   6.2e-16   53.9  10.6   547   824   442   713   435   720 0.74 -
NW_025965287.1_RagTag:800819-799737   -            361 6643at314147         -            832     5e-21   70.8  18.5   1   3     0.032       4.2    1.6   0.0    15    80    35   100    31   108 0.83 -
NW_025965287.1_RagTag:800819-799737   -            361 6643at314147         -            832     5e-21   70.8  18.5   2   3   9.7e-14   1.2e-11   39.7   7.0    29   198    73   240    61   245 0.94 -
NW_025965287.1_RagTag:800819-799737   -            361 6643at314147         -            832     5e-21   70.8  18.5   3   3   5.9e-13   7.5e-11   37.1   3.9    77   196   241   358   237   361 0.68 -
NW_025965324.1_RagTag:3746853-3746134 -            240 6643at314147         -            832   1.3e-19   66.1   0.0   1   1   1.3e-21   1.6e-19   65.8   0.0     7   145    57   196    52   219 0.91 -
NW_025965287.1_RagTag:802961-802386   -            192 6643at314147         -            832   7.5e-14   47.1   0.5   1   1   7.2e-16   9.3e-14   46.8   0.5     9   162    35   188    27   191 0.95 -
NW_025965319.1_RagTag:936680-934538   -            651 6643at314147         -            832   2.6e-13   45.3   1.8   1   2     5e-10   6.4e-08   27.4   0.4   104   212   135   242   110   245 0.83 -
NW_025965319.1_RagTag:936680-934538   -            651 6643at314147         -            832   2.6e-13   45.3   1.8   2   2   7.8e-07    0.0001   16.9   0.0   552   625   252   323   245   335 0.84 -
NW_025965230.1_RagTag:694060-694533   -            158 6643at314147         -            832   3.2e-12   41.7   4.2   1   2   3.9e-07     5e-05   17.9   0.4    10    60    16    66     7    69 0.89 -
NW_025965230.1_RagTag:694060-694533   -            158 6643at314147         -            832   3.2e-12   41.7   4.2   2   2   1.3e-10   1.7e-08   29.4   1.4    29   121    59   151    56   156 0.65 -
NW_025965140.1_RagTag:194226-195287   -            354 6643at314147         -            832   7.2e-12   40.5   0.0   1   2   6.5e-11   8.4e-09   30.4   0.1    13   138    43   171    37   205 0.79 -
NW_025965140.1_RagTag:194226-195287   -            354 6643at314147         -            832   7.2e-12   40.5   0.0   2   2   0.00029     0.038    8.4   0.0   262   325   208   268   180   301 0.67 -
NW_025965301.1_RagTag:529721-528217   -            499 6643at314147         -            832   9.8e-11   36.7   6.1   1   2   5.5e-10     7e-08   27.3   2.6     6   139     7   142     2   149 0.77 -
NW_025965301.1_RagTag:529721-528217   -            499 6643at314147         -            832   9.8e-11   36.7   6.1   2   2   4.2e-08   5.4e-06   21.1   1.6   505   611   100   209    98   228 0.77 -
NW_025965028.1_RagTag:53297-54208     -            304 6643at314147         -            832   5.9e-10   34.2  11.9   1   1   1.2e-11   1.5e-09   32.8  12.0    20   215    63   254    58   261 0.82 -
NW_025965322.1_RagTag:1889052-1889456 -            135 6643at314147         -            832   6.2e-10   34.1   1.6   1   2   3.2e-06   0.00041   14.8   0.2    35    99     2    66     1    74 0.66 -
NW_025965322.1_RagTag:1889052-1889456 -            135 6643at314147         -            832   6.2e-10   34.1   1.6   2   2   1.9e-07   2.5e-05   18.9   0.1   551   602    76   126    66   132 0.91 -
NW_025965233.1_RagTag:1527483-1527755 -             91 6643at314147         -            832   4.4e-08   28.0   0.0   1   1   3.7e-10   4.7e-08   27.9   0.0   106   195     3    90     1    91 0.97 -
#
# Program:         hmmsearch
# Version:         3.1b2 (February 2015)
# Pipeline mode:   SEARCH
# Query file:      /home/bgerda/guppy_SUP/busco_downloads/lineages/glires_odb10/hmms/6643at314147.hmm
# Target file:     /home/bgerda/guppy_SUP/busco_results_racon/run_glires_odb10/metaeuk_output/initial_results/ragtag.scaffold.fasta.modified.fas
# Option settings: hmmsearch --domtblout /home/bgerda/guppy_SUP/busco_results_racon/run_glires_odb10/hmmer_output/initial_run_results/6643at314147.out --cpu 1 /home/bgerda/guppy_SUP/busco_downloads/lineages/glires_odb10/hmms/6643at314147.hmm /home/bgerda/guppy_SUP/busco_results_racon/run_glires_odb10/metaeuk_output/initial_results/ragtag.scaffold.fasta.modified.fas 
# Current dir:     /home/bgerda/guppy_SUP
# Date:            Sun May 21 17:05:53 2023
# [ok]
