#                                                                                             --- full sequence --- -------------- this domain -------------   hmm coord   ali coord   env coord
# target name                         accession   tlen query name           accession   qlen   E-value  score  bias   #  of  c-Evalue  i-Evalue  score  bias  from    to  from    to  from    to  acc description of target
#                 ------------------- ---------- ----- -------------------- ---------- ----- --------- ------ ----- --- --- --------- --------- ------ ----- ----- ----- ----- ----- ----- ----- ---- ---------------------
NW_025965250.1_RagTag:140650-46794    -            212 8236at314147         -            973   1.9e-05   19.1  24.9   1   4   0.00045     0.029    8.6   0.5   420   447    18    45     3    51 0.75 -
NW_025965250.1_RagTag:140650-46794    -            212 8236at314147         -            973   1.9e-05   19.1  24.9   2   4    0.0016       0.1    6.7   3.8   796   886    20    96    18   101 0.55 -
NW_025965250.1_RagTag:140650-46794    -            212 8236at314147         -            973   1.9e-05   19.1  24.9   3   4    0.0045      0.29    5.3   0.3   864   887   130   153   127   157 0.91 -
NW_025965250.1_RagTag:140650-46794    -            212 8236at314147         -            973   1.9e-05   19.1  24.9   4   4   0.00066     0.042    8.0   0.1   864   887   186   209   182   212 0.75 -
NW_025965250.1_RagTag:8860-9492       -            211 8236at314147         -            973   0.00046   14.5  17.2   1   5   0.00024     0.015    9.5   0.2   420   447    18    45     9    60 0.85 -
NW_025965250.1_RagTag:8860-9492       -            211 8236at314147         -            973   0.00046   14.5  17.2   2   5     0.056       3.6    1.6   3.0   425   447    23    45    22   128 0.65 -
NW_025965250.1_RagTag:8860-9492       -            211 8236at314147         -            973   0.00046   14.5  17.2   3   5   0.00011     0.007   10.6   0.2   864   887   130   153   123   159 0.90 -
NW_025965250.1_RagTag:8860-9492       -            211 8236at314147         -            973   0.00046   14.5  17.2   4   5      0.01      0.64    4.1   0.4   417   445   155   183   153   188 0.88 -
NW_025965250.1_RagTag:8860-9492       -            211 8236at314147         -            973   0.00046   14.5  17.2   5   5      0.23        15   -0.4   0.0   865   888   187   210   183   211 0.69 -
NW_025965301.1_RagTag:101661-100954   -            236 8236at314147         -            973    0.0014   12.9   7.3   1   3     0.028       1.8    2.6   0.0   796   822    46    72    35    89 0.79 -
NW_025965301.1_RagTag:101661-100954   -            236 8236at314147         -            973    0.0014   12.9   7.3   2   3   0.00072     0.046    7.9   4.5   789   891    98   186    87   197 0.68 -
NW_025965301.1_RagTag:101661-100954   -            236 8236at314147         -            973    0.0014   12.9   7.3   3   3      0.01      0.65    4.1   0.9   420   446   159   185   149   216 0.74 -
NW_025965341.1_RagTag:99789-100445    -            219 8236at314147         -            973     0.029    8.5   6.5   1   3     0.012      0.75    3.9   0.2   862   890    24    48     3    65 0.63 -
NW_025965341.1_RagTag:99789-100445    -            219 8236at314147         -            973     0.029    8.5   6.5   2   3      0.03       1.9    2.5   0.1   416   460    79   123    57   149 0.69 -
NW_025965341.1_RagTag:99789-100445    -            219 8236at314147         -            973     0.029    8.5   6.5   3   3     0.006      0.38    4.8   0.1   862   888   165   191   148   206 0.86 -
NW_025965341.1_RagTag:36059-35526     -            178 8236at314147         -            973     0.044    8.0  12.4   1   3     0.014      0.91    3.6   0.1   796   821    16    41     6    46 0.81 -
NW_025965341.1_RagTag:36059-35526     -            178 8236at314147         -            973     0.044    8.0  12.4   2   3    0.0042      0.27    5.4   0.2   799   821    47    69    43    72 0.90 -
NW_025965341.1_RagTag:36059-35526     -            178 8236at314147         -            973     0.044    8.0  12.4   3   3     0.065       4.1    1.4   3.8   799   821   103   125    71   178 0.55 -
NW_025965341.1_RagTag:106501-107016   -            172 8236at314147         -            973      0.05    7.8   6.8   1   2    0.0051      0.33    5.1   1.0   372   444    42   117    29   120 0.73 -
NW_025965341.1_RagTag:106501-107016   -            172 8236at314147         -            973      0.05    7.8   6.8   2   2    0.0024      0.15    6.2   0.1   420   451   121   152   111   164 0.81 -
NW_025965317.1_RagTag:1373618-1373070 -            183 8236at314147         -            973     0.056    7.6  14.8   1   2     0.035       2.3    2.3   1.6   864   889    33    58    14    71 0.74 -
NW_025965317.1_RagTag:1373618-1373070 -            183 8236at314147         -            973     0.056    7.6  14.8   2   2   0.00059     0.038    8.2   7.1   800   888    65   169    61   182 0.68 -
NW_025965358.1_RagTag:7183-6533       -            217 8236at314147         -            973     0.065    7.4  18.4   1   3     0.016         1    3.4   0.2   863   887     5    29     2    45 0.79 -
NW_025965358.1_RagTag:7183-6533       -            217 8236at314147         -            973     0.065    7.4  18.4   2   3     0.011      0.68    4.0  11.9   797   888    63   170    39   182 0.63 -
NW_025965358.1_RagTag:7183-6533       -            217 8236at314147         -            973     0.065    7.4  18.4   3   3     0.082       5.3    1.1   0.1   865   888   175   198   172   208 0.52 -
contig_28105_pilon:1415-840           -            192 8236at314147         -            973     0.077    7.2  10.8   1   3     0.024       1.5    2.9   0.2   421   446    34    59    24    62 0.83 -
contig_28105_pilon:1415-840           -            192 8236at314147         -            973     0.077    7.2  10.8   2   3     0.003      0.19    5.9   0.2   421   450    62    91    59   104 0.90 -
contig_28105_pilon:1415-840           -            192 8236at314147         -            973     0.077    7.2  10.8   3   3     0.035       2.3    2.3   1.6   422   821   119   142   100   182 0.70 -
NW_025965127.1_RagTag:114163-113654   -            170 8236at314147         -            973     0.099    6.8   8.4   1   2     0.048       3.1    1.9   4.6   796   823    10    35     3   118 0.69 -
NW_025965127.1_RagTag:114163-113654   -            170 8236at314147         -            973     0.099    6.8   8.4   2   2    0.0061      0.39    4.8   0.1   420   445   120   145   109   153 0.74 -
NW_025965022.1_RagTag:243183-242221   -            321 8236at314147         -            973      0.26    5.4  18.4   1   5     0.029       1.8    2.6   0.6   864   891    20    47    12    68 0.73 -
NW_025965022.1_RagTag:243183-242221   -            321 8236at314147         -            973      0.26    5.4  18.4   2   5     0.012       0.8    3.8   0.5   794   819    76    99    44   130 0.62 -
NW_025965022.1_RagTag:243183-242221   -            321 8236at314147         -            973      0.26    5.4  18.4   3   5    0.0033      0.21    5.7   0.4   792   822   155   185   131   195 0.82 -
NW_025965022.1_RagTag:243183-242221   -            321 8236at314147         -            973      0.26    5.4  18.4   4   5     0.093         6    0.9   0.1   421   442   188   209   184   214 0.88 -
NW_025965022.1_RagTag:243183-242221   -            321 8236at314147         -            973      0.26    5.4  18.4   5   5      0.29        18   -0.7   0.1   421   446   244   269   236   279 0.81 -
NW_025965318.1_RagTag:51761-52207     -            149 8236at314147         -            973      0.31    5.2   5.4   1   3    0.0067      0.43    4.7   0.5   856   889    30    63    19    79 0.78 -
NW_025965318.1_RagTag:51761-52207     -            149 8236at314147         -            973      0.31    5.2   5.4   2   3      0.13       8.3    0.4   0.1   799   820    97   118    86   123 0.64 -
NW_025965318.1_RagTag:51761-52207     -            149 8236at314147         -            973      0.31    5.2   5.4   3   3     0.064       4.1    1.4   0.1   419   444   121   146   114   148 0.82 -
NW_025965039.1_RagTag:250966-250448   -            173 8236at314147         -            973      0.31    5.2   6.4   1   4     0.054       3.5    1.7   0.1   790   819    55    82    34    86 0.82 -
NW_025965039.1_RagTag:250966-250448   -            173 8236at314147         -            973      0.31    5.2   6.4   2   4     0.038       2.5    2.2   2.4   863   886    86   109    49   118 0.63 -
NW_025965039.1_RagTag:250966-250448   -            173 8236at314147         -            973      0.31    5.2   6.4   3   4     0.034       2.2    2.4   0.2   799   822   118   141   108   159 0.80 -
NW_025965039.1_RagTag:250966-250448   -            173 8236at314147         -            973      0.31    5.2   6.4   4   4      0.16        10    0.1   0.1   797   820   144   167   126   170 0.74 -
NW_025965190.1_RagTag:118118-118627   -            170 8236at314147         -            973      0.35    5.0  10.4   1   4     0.017       1.1    3.4   1.0   864   891    20    47     3    55 0.83 -
NW_025965190.1_RagTag:118118-118627   -            170 8236at314147         -            973      0.35    5.0  10.4   2   4       0.3        19   -0.8   0.1   864   887    76    99    71   105 0.83 -
NW_025965190.1_RagTag:118118-118627   -            170 8236at314147         -            973      0.35    5.0  10.4   3   4     0.028       1.8    2.6   0.1   422   821   106   129    95   139 0.68 -
NW_025965190.1_RagTag:118118-118627   -            170 8236at314147         -            973      0.35    5.0  10.4   4   4      0.14       8.9    0.3   0.0   422   821   134   157   129   167 0.64 -
contig_81532_pilon:2097-1657          -            147 8236at314147         -            973      0.62    4.2  20.1   1   4     0.082       5.3    1.1   0.7   863   886     7    31     3    36 0.66 -
contig_81532_pilon:2097-1657          -            147 8236at314147         -            973      0.62    4.2  20.1   2   4     0.032       2.1    2.4   0.2   864   890    37    63    31    67 0.84 -
contig_81532_pilon:2097-1657          -            147 8236at314147         -            973      0.62    4.2  20.1   3   4   6.4e-05    0.0041   11.4   2.1   863   889    65    91    50   105 0.80 -
contig_81532_pilon:2097-1657          -            147 8236at314147         -            973      0.62    4.2  20.1   4   4     0.098       6.3    0.8   1.2   864   886   122   144   110   147 0.80 -
NW_025965230.1_RagTag:860644-860186   -            153 8236at314147         -            973      0.95    3.5   9.4   1   2       0.4        25   -1.2   0.0   799   820    28    49    20    53 0.77 -
NW_025965230.1_RagTag:860644-860186   -            153 8236at314147         -            973      0.95    3.5   9.4   2   2     0.014      0.92    3.6   7.7   797   888    54   133    43   147 0.70 -
NW_025965341.1_RagTag:72137-72748     -            204 8236at314147         -            973       1.6    2.8  14.8   1   3     0.026       1.7    2.7   1.1   864   902    11    54     4    65 0.71 -
NW_025965341.1_RagTag:72137-72748     -            204 8236at314147         -            973       1.6    2.8  14.8   2   3     0.052       3.3    1.7   0.3   864   888    67    91    62   103 0.72 -
NW_025965341.1_RagTag:72137-72748     -            204 8236at314147         -            973       1.6    2.8  14.8   3   3     0.012      0.78    3.8   1.4   800   822   127   149   107   203 0.68 -
NW_025965289.1_RagTag:78350-79000     -            217 8236at314147         -            973       1.7    2.7  17.3   1   4     0.018       1.2    3.3   4.9   799   825    25    51    15   129 0.70 -
NW_025965289.1_RagTag:78350-79000     -            217 8236at314147         -            973       1.7    2.7  17.3   2   4      0.21        13   -0.3   0.3   797   821   135   159   108   165 0.72 -
NW_025965289.1_RagTag:78350-79000     -            217 8236at314147         -            973       1.7    2.7  17.3   3   4     0.068       4.4    1.4   0.6   799   823   165   189   161   203 0.84 -
NW_025965289.1_RagTag:78350-79000     -            217 8236at314147         -            973       1.7    2.7  17.3   4   4      0.17        11    0.1   0.2   800   820   194   214   190   216 0.71 -
NW_025965039.1_RagTag:251791-251321   -            157 8236at314147         -            973       3.3    1.8  11.4   1   2     0.024       1.5    2.9   2.5   864   899    25    60    19    64 0.72 -
NW_025965039.1_RagTag:251791-251321   -            157 8236at314147         -            973       3.3    1.8  11.4   2   2     0.014      0.88    3.7   1.3   864   896    53    85    48    98 0.76 -
contig_78026_pilon:1103-2245          -            381 8236at314147         -            973       6.8    0.7  20.9   1   6      0.14       9.2    0.3   0.1   420   446    30    56    26    90 0.83 -
contig_78026_pilon:1103-2245          -            381 8236at314147         -            973       6.8    0.7  20.9   2   6      0.19        12   -0.1   0.1   793   828    90   123    75   140 0.76 -
contig_78026_pilon:1103-2245          -            381 8236at314147         -            973       6.8    0.7  20.9   3   6     0.022       1.4    3.0   0.2   420   446   150   176   142   180 0.88 -
contig_78026_pilon:1103-2245          -            381 8236at314147         -            973       6.8    0.7  20.9   4   6     0.089       5.7    1.0   0.0   798   820   180   202   178   205 0.76 -
contig_78026_pilon:1103-2245          -            381 8236at314147         -            973       6.8    0.7  20.9   5   6      0.14         9    0.3   0.2   864   890   206   232   200   239 0.85 -
contig_78026_pilon:1103-2245          -            381 8236at314147         -            973       6.8    0.7  20.9   6   6      0.05       3.2    1.8   0.1   791   820   354   381   341   381 0.77 -
NW_025965235.1_RagTag:117217-116603   -            205 8236at314147         -            973       8.7    0.4  20.4   1   3     0.023       1.5    2.9   8.3   799   904    14   106    10   115 0.72 -
NW_025965235.1_RagTag:117217-116603   -            205 8236at314147         -            973       8.7    0.4  20.4   2   3     0.058       3.7    1.6   0.1   414   445   116   148   106   152 0.81 -
NW_025965235.1_RagTag:117217-116603   -            205 8236at314147         -            973       8.7    0.4  20.4   3   3     0.034       2.2    2.3   0.6   421   445   152   176   148   186 0.81 -
NW_025965279.1_RagTag:138661-99482    -            245 8236at314147         -            973       9.7    0.2  28.2   1   3     0.059       3.8    1.6   0.1   421   444    12    35     3    39 0.78 -
NW_025965279.1_RagTag:138661-99482    -            245 8236at314147         -            973       9.7    0.2  28.2   2   3      0.27        17   -0.6  11.9   800   902    15   132    11   146 0.58 -
NW_025965279.1_RagTag:138661-99482    -            245 8236at314147         -            973       9.7    0.2  28.2   3   3      0.15       9.8    0.2   8.1   800   890   155   233   150   245 0.60 -
#
# Program:         hmmsearch
# Version:         3.1b2 (February 2015)
# Pipeline mode:   SEARCH
# Query file:      /home/bgerda/guppy_SUP/busco_downloads/lineages/glires_odb10/hmms/8236at314147.hmm
# Target file:     /home/bgerda/guppy_SUP/busco_results_racon/run_glires_odb10/metaeuk_output/initial_results/ragtag.scaffold.fasta.modified.fas
# Option settings: hmmsearch --domtblout /home/bgerda/guppy_SUP/busco_results_racon/run_glires_odb10/hmmer_output/initial_run_results/8236at314147.out --cpu 1 /home/bgerda/guppy_SUP/busco_downloads/lineages/glires_odb10/hmms/8236at314147.hmm /home/bgerda/guppy_SUP/busco_results_racon/run_glires_odb10/metaeuk_output/initial_results/ragtag.scaffold.fasta.modified.fas 
# Current dir:     /home/bgerda/guppy_SUP
# Date:            Sun May 21 17:05:53 2023
# [ok]
