#                                                                                             --- full sequence --- -------------- this domain -------------   hmm coord   ali coord   env coord
# target name                         accession   tlen query name           accession   qlen   E-value  score  bias   #  of  c-Evalue  i-Evalue  score  bias  from    to  from    to  from    to  acc description of target
#                 ------------------- ---------- ----- -------------------- ---------- ----- --------- ------ ----- --- --- --------- --------- ------ ----- ----- ----- ----- ----- ----- ----- ---- ---------------------
NW_025965075.1_RagTag:65339-58346     -            349 9840at314147         -            549  1.9e-168  557.5  18.7   1   3  1.1e-102  1.2e-100  333.6   9.9     1   152     1   156     1   171 0.96 -
NW_025965075.1_RagTag:65339-58346     -            349 9840at314147         -            549  1.9e-168  557.5  18.7   2   3     0.014       1.7    3.2   0.0   150   162   202   214   196   217 0.88 -
NW_025965075.1_RagTag:65339-58346     -            349 9840at314147         -            549  1.9e-168  557.5  18.7   3   3   3.6e-70   4.2e-68  226.3   0.5   221   342   215   346   212   349 0.93 -
NW_025965309.1_RagTag:3290555-3290193 -            121 9840at314147         -            549   9.1e-07   23.8   0.8   1   1   9.8e-09   1.2e-06   23.5   0.8    57    91    80   114    59   119 0.82 -
NW_025965322.1_RagTag:1227246-1228454 -            403 9840at314147         -            549   1.1e-06   23.6   0.8   1   1   1.3e-08   1.6e-06   23.0   0.8    40    78     3    41     1    67 0.84 -
contig_4568_pilon:1301-1600           -            100 9840at314147         -            549   1.4e-05   19.9   2.1   1   1   1.2e-07   1.4e-05   19.9   2.1    45    91     2    51     1    87 0.75 -
NW_025965319.1_RagTag:4123940-4123488 -            151 9840at314147         -            549   4.6e-05   18.2   0.9   1   1   4.7e-07   5.5e-05   18.0   0.9    42    87    40    87    36   107 0.86 -
NW_025965225.1_RagTag:584155-583874   -             94 9840at314147         -            549   0.00042   15.0   8.1   1   1   3.8e-06   0.00045   14.9   8.1    45   118     3    77     1    91 0.76 -
contig_83093_pilon:417-680            -             88 9840at314147         -            549   0.00069   14.3   0.6   1   1   6.3e-06   0.00074   14.2   0.6    36    87    29    82     7    85 0.79 -
NW_025965314.1_RagTag:614962-614699   -             88 9840at314147         -            549    0.0042   11.7   0.4   1   1     4e-05    0.0047   11.6   0.4    39    87    31    82    15    85 0.79 -
contig_5411_pilon:437-201             -             79 9840at314147         -            549    0.0045   11.6   0.3   1   1   4.1e-05    0.0049   11.5   0.3    40    87    23    73     8    76 0.78 -
NW_025965245.1_RagTag:400173-400936   -            124 9840at314147         -            549    0.0056   11.3   7.9   1   2   7.4e-06   0.00087   14.0   4.4    41    76     4    39     1    81 0.85 -
NW_025965245.1_RagTag:400173-400936   -            124 9840at314147         -            549    0.0056   11.3   7.9   2   2      0.42        49   -1.7   0.2    30    50    82   102    56   105 0.71 -
NW_025965162.1_RagTag:26339-28571     -            358 9840at314147         -            549     0.014   10.0   0.4   1   1   0.00017      0.02    9.5   0.4    46    83   302   340   289   350 0.85 -
NW_025965317.1_RagTag:2732946-2735087 -            714 9840at314147         -            549     0.081    7.5   4.3   1   1    0.0012      0.14    6.7   4.3    46    86     3    44     1    52 0.81 -
#
# Program:         hmmsearch
# Version:         3.1b2 (February 2015)
# Pipeline mode:   SEARCH
# Query file:      /home/bgerda/guppy_SUP/busco_downloads/lineages/glires_odb10/hmms/9840at314147.hmm
# Target file:     /home/bgerda/guppy_SUP/busco_results_racon/run_glires_odb10/metaeuk_output/initial_results/ragtag.scaffold.fasta.modified.fas
# Option settings: hmmsearch --domtblout /home/bgerda/guppy_SUP/busco_results_racon/run_glires_odb10/hmmer_output/initial_run_results/9840at314147.out --cpu 1 /home/bgerda/guppy_SUP/busco_downloads/lineages/glires_odb10/hmms/9840at314147.hmm /home/bgerda/guppy_SUP/busco_results_racon/run_glires_odb10/metaeuk_output/initial_results/ragtag.scaffold.fasta.modified.fas 
# Current dir:     /home/bgerda/guppy_SUP
# Date:            Sun May 21 17:05:50 2023
# [ok]
