#                                                                                             --- full sequence --- -------------- this domain -------------   hmm coord   ali coord   env coord
# target name                         accession   tlen query name           accession   qlen   E-value  score  bias   #  of  c-Evalue  i-Evalue  score  bias  from    to  from    to  from    to  acc description of target
#                 ------------------- ---------- ----- -------------------- ---------- ----- --------- ------ ----- --- --- --------- --------- ------ ----- ----- ----- ----- ----- ----- ----- ---- ---------------------
NW_025965324.1_RagTag:3129261-3128131 -            377 9at314147            -           6637   1.2e-28   93.6   0.1   1   3   1.5e-11   8.7e-10   31.0   0.0  4192  4286     7   100     1   115 0.81 -
NW_025965324.1_RagTag:3129261-3128131 -            377 9at314147            -           6637   1.2e-28   93.6   0.1   2   3   9.7e-14   5.5e-12   38.3   0.1  6137  6229   142   233   129   248 0.90 -
NW_025965324.1_RagTag:3129261-3128131 -            377 9at314147            -           6637   1.2e-28   93.6   0.1   3   3   1.7e-08   9.7e-07   20.9   0.0   947  4516   301   363   265   377 0.46 -
contig_37224_pilon:1693-2424          -            244 9at314147            -           6637   3.8e-27   88.7   0.0   1   1   7.1e-29     4e-27   88.6   0.0  5432  5630     1   198     1   239 0.89 -
NW_025965233.1_RagTag:114859-113462   -            466 9at314147            -           6637   4.9e-27   88.3   0.0   1   1   1.1e-28   6.5e-27   87.9   0.0  5433  5689    10   261     3   265 0.90 -
contig_66008_pilon:1779-2636          -            286 9at314147            -           6637   3.4e-25   82.2   0.0   1   1   6.7e-27   3.8e-25   82.0   0.0  5460  5686    15   236     1   248 0.88 -
NW_025965324.1_RagTag:3111621-3104557 -            264 9at314147            -           6637   3.3e-22   72.2   0.3   1   3   1.1e-11   5.9e-10   31.6   0.0  3680  3759     6    85     1    93 0.94 -
NW_025965324.1_RagTag:3111621-3104557 -            264 9at314147            -           6637   3.3e-22   72.2   0.3   2   3   6.4e-06   0.00036   12.3   0.0  5180  5249   104   169    92   182 0.78 -
NW_025965324.1_RagTag:3111621-3104557 -            264 9at314147            -           6637   3.3e-22   72.2   0.3   3   3   5.3e-10     3e-08   25.9   0.0  3660  3743   174   258   169   263 0.90 -
NW_025965499.1_RagTag:3791-2706       -            362 9at314147            -           6637   3.7e-22   72.1   0.1   1   1   7.5e-24   4.2e-22   71.9   0.1  5437  5629    24   215    13   268 0.90 -
NW_025965099.1_RagTag:14363-15274     -            304 9at314147            -           6637   6.2e-22   71.3   0.1   1   1   1.3e-23   7.6e-22   71.0   0.1  5439  5684    36   277    24   286 0.87 -
contig_34309_pilon:592-2              -            197 9at314147            -           6637   8.3e-22   70.9   0.1   1   1   1.7e-23   9.6e-22   70.7   0.1  5428  5619     6   196     2   197 0.95 -
NW_025965548.1_RagTag:8433-1774       -            515 9at314147            -           6637   5.9e-19   61.5   0.0   1   3   3.6e-09     2e-07   23.2   0.0  4210  4276    21    89    10   102 0.82 -
NW_025965548.1_RagTag:8433-1774       -            515 9at314147            -           6637   5.9e-19   61.5   0.0   2   3   8.9e-05     0.005    8.6   0.0  4448  4530   120   208   106   217 0.72 -
NW_025965548.1_RagTag:8433-1774       -            515 9at314147            -           6637   5.9e-19   61.5   0.0   3   3   4.8e-10   2.7e-08   26.0   0.0  6451  6536   354   441   334   471 0.74 -
contig_34501_pilon:2271-1564          -            236 9at314147            -           6637   6.5e-16   51.4   0.0   1   1   1.3e-17   7.2e-16   51.2   0.0  5503  5634     2   132     1   156 0.89 -
contig_31429_pilon:462-998            -            179 9at314147            -           6637     8e-16   51.0   0.0   1   1   1.5e-17   8.6e-16   50.9   0.0  5510  5629     7   125     1   140 0.84 -
NW_025965072.1_RagTag:97023-94742     -            255 9at314147            -           6637   6.6e-15   48.0   0.0   1   1   1.5e-16   8.4e-15   47.7   0.0  5469  5685     7   240     4   246 0.77 -
NW_025965324.1_RagTag:3107487-3106888 -            200 9at314147            -           6637   2.7e-13   42.6   0.2   1   2   6.9e-08   3.9e-06   18.9   0.1  4346  4417    10    81     3    89 0.85 -
NW_025965324.1_RagTag:3107487-3106888 -            200 9at314147            -           6637   2.7e-13   42.6   0.2   2   2   5.9e-09   3.3e-07   22.4   0.0  3679  3753    98   172    76   190 0.89 -
NW_025965324.1_RagTag:3135656-3134700 -            319 9at314147            -           6637   1.6e-11   36.7   0.0   1   2     3e-07   1.7e-05   16.7   0.0  4344  4404     8    67     1    87 0.55 -
NW_025965324.1_RagTag:3135656-3134700 -            319 9at314147            -           6637   1.6e-11   36.7   0.0   2   2   1.1e-07   6.3e-06   18.2   0.0  5067  5161   224   318   217   319 0.86 -
NW_025965279.1_RagTag:78582-79082     -            167 9at314147            -           6637   1.8e-10   33.3   0.0   1   1   3.2e-12   1.8e-10   33.3   0.0  5528  5637     6   113     3   164 0.75 -
NW_025965039.1_RagTag:226766-224869   -            386 9at314147            -           6637   1.4e-07   23.6   0.3   1   1   3.1e-09   1.7e-07   23.4   0.3  5494  5578     6    93     1    99 0.80 -
NW_025965218.1_RagTag:1578470-1576498 -            278 9at314147            -           6637   3.8e-07   22.2   0.0   1   1   1.1e-08   6.3e-07   21.5   0.0  5588  5684   111   205   103   218 0.87 -
NW_025965309.1_RagTag:3330510-3327790 -            323 9at314147            -           6637   8.3e-07   21.1   0.0   1   2   0.00021     0.012    7.3   0.0  4378  4418     6    46     3    63 0.84 -
NW_025965309.1_RagTag:3330510-3327790 -            323 9at314147            -           6637   8.3e-07   21.1   0.0   2   2   9.4e-06   0.00053   11.8   0.0  6451  6535   223   308   210   320 0.82 -
NW_025965240.1_RagTag:95899-92013     -            305 9at314147            -           6637     1e-06   20.8   1.9   1   1   2.2e-08   1.3e-06   20.5   1.9  5476  5553   228   305   222   305 0.91 -
NW_025965166.1_RagTag:64504-66200     -            195 9at314147            -           6637   1.6e-06   20.1   0.0   1   1   1.9e-05    0.0011   10.8   0.0  3656  3742    87   171    79   181 0.88 -
contig_18707_pilon:1317-1844          -            176 9at314147            -           6637   5.2e-06   18.5   0.0   1   1     1e-07   5.9e-06   18.3   0.0  5534  5627    12   104     3   129 0.83 -
NW_025965313.1_RagTag:82152-83454     -            215 9at314147            -           6637   3.3e-05   15.8   0.0   1   1   6.5e-07   3.7e-05   15.7   0.0  5454  6493    64   184    29   210 0.58 -
NW_025965256.1_RagTag:1023158-1028185 -            482 9at314147            -           6637     0.004    8.9   0.0   1   1   9.1e-05    0.0051    8.5   0.0  2231  2295   260   323   253   346 0.76 -
NW_025965401.1_RagTag:63455-65494     -            216 9at314147            -           6637    0.0066    8.2   0.0   1   1   0.00013    0.0073    8.0   0.0  5512  5627     5   127     1   143 0.65 -
NW_025965207.1_RagTag:131712-135390   -            174 9at314147            -           6637     0.012    7.3   0.0   1   1   0.00024     0.014    7.1   0.0  1552  1592    15    58     2    79 0.78 -
#
# Program:         hmmsearch
# Version:         3.1b2 (February 2015)
# Pipeline mode:   SEARCH
# Query file:      /home/bgerda/guppy_SUP/busco_downloads/lineages/glires_odb10/hmms/9at314147.hmm
# Target file:     /home/bgerda/guppy_SUP/busco_results_racon/run_glires_odb10/metaeuk_output/initial_results/ragtag.scaffold.fasta.modified.fas
# Option settings: hmmsearch --domtblout /home/bgerda/guppy_SUP/busco_results_racon/run_glires_odb10/hmmer_output/initial_run_results/9at314147.out --cpu 1 /home/bgerda/guppy_SUP/busco_downloads/lineages/glires_odb10/hmms/9at314147.hmm /home/bgerda/guppy_SUP/busco_results_racon/run_glires_odb10/metaeuk_output/initial_results/ragtag.scaffold.fasta.modified.fas 
# Current dir:     /home/bgerda/guppy_SUP
# Date:            Sun May 21 17:05:55 2023
# [ok]
